<?xml version="1.0" encoding="UTF-8"?>
<testsuite name="net.prescent.service.SellerServiceTest" tests="6" skipped="0" failures="0" errors="0" timestamp="2023-11-28T09:29:13" hostname="DESKTOP-KHMF9AU" time="3.183">
  <properties/>
  <testcase name="판매자 회원가입 테스트" classname="net.prescent.service.SellerServiceTest" time="0.547"/>
  <testcase name="중복 사업자번호 가입 테스트" classname="net.prescent.service.SellerServiceTest" time="0.408"/>
  <testcase name="판매자 로그아웃 테스트" classname="net.prescent.service.SellerServiceTest" time="0.692"/>
  <testcase name="판매자 로그인 실패 - 잘못된 비밀번호 테스트" classname="net.prescent.service.SellerServiceTest" time="0.507"/>
  <testcase name="판매자 로그인 성공 테스트" classname="net.prescent.service.SellerServiceTest" time="0.649"/>
  <testcase name="판매자 로그인 실패 - 잘못된 Email 테스트" classname="net.prescent.service.SellerServiceTest" time="0.355"/>
  <system-out><![CDATA[2023-11-28 18:29:13.519  INFO 17124 --- [    Test worker] .b.t.c.SpringBootTestContextBootstrapper : Neither @ContextConfiguration nor @ContextHierarchy found for test class [net.prescent.service.SellerServiceTest], using SpringBootContextLoader
2023-11-28 18:29:13.521  INFO 17124 --- [    Test worker] o.s.t.c.support.AbstractContextLoader    : Could not detect default resource locations for test class [net.prescent.service.SellerServiceTest]: no resource found for suffixes {-context.xml, Context.groovy}.
2023-11-28 18:29:13.522  INFO 17124 --- [    Test worker] t.c.s.AnnotationConfigContextLoaderUtils : Could not detect default configuration classes for test class [net.prescent.service.SellerServiceTest]: SellerServiceTest does not declare any static, non-private, non-final, nested classes annotated with @Configuration.
2023-11-28 18:29:13.525  INFO 17124 --- [    Test worker] .b.t.c.SpringBootTestContextBootstrapper : Found @SpringBootConfiguration net.prescent.PreScentApplication for test class net.prescent.service.SellerServiceTest
2023-11-28 18:29:13.527  INFO 17124 --- [    Test worker] .b.t.c.SpringBootTestContextBootstrapper : Loaded default TestExecutionListener class names from location [META-INF/spring.factories]: [org.springframework.security.test.context.support.WithSecurityContextTestExecutionListener, org.springframework.security.test.context.support.ReactorContextTestExecutionListener, org.springframework.boot.test.autoconfigure.restdocs.RestDocsTestExecutionListener, org.springframework.boot.test.autoconfigure.web.client.MockRestServiceServerResetTestExecutionListener, org.springframework.boot.test.autoconfigure.web.servlet.MockMvcPrintOnlyOnFailureTestExecutionListener, org.springframework.boot.test.autoconfigure.web.servlet.WebDriverTestExecutionListener, org.springframework.boot.test.autoconfigure.webservices.client.MockWebServiceServerTestExecutionListener, org.springframework.boot.test.mock.mockito.MockitoTestExecutionListener, org.springframework.boot.test.mock.mockito.ResetMocksTestExecutionListener, org.springframework.test.context.web.ServletTestExecutionListener, org.springframework.test.context.support.DirtiesContextBeforeModesTestExecutionListener, org.springframework.test.context.event.ApplicationEventsTestExecutionListener, org.springframework.test.context.support.DependencyInjectionTestExecutionListener, org.springframework.test.context.support.DirtiesContextTestExecutionListener, org.springframework.test.context.transaction.TransactionalTestExecutionListener, org.springframework.test.context.jdbc.SqlScriptsTestExecutionListener, org.springframework.test.context.event.EventPublishingTestExecutionListener]
2023-11-28 18:29:13.527  INFO 17124 --- [    Test worker] .b.t.c.SpringBootTestContextBootstrapper : Using TestExecutionListeners: [org.springframework.test.context.web.ServletTestExecutionListener@1eb4dae, org.springframework.test.context.support.DirtiesContextBeforeModesTestExecutionListener@1df16cf, org.springframework.test.context.event.ApplicationEventsTestExecutionListener@1980928, org.springframework.boot.test.mock.mockito.MockitoTestExecutionListener@8e111d, org.springframework.boot.test.autoconfigure.SpringBootDependencyInjectionTestExecutionListener@181b55f, org.springframework.test.context.support.DirtiesContextTestExecutionListener@b3bc0e, org.springframework.test.context.transaction.TransactionalTestExecutionListener@11f21f9, org.springframework.test.context.jdbc.SqlScriptsTestExecutionListener@197d43e, org.springframework.security.test.context.support.WithSecurityContextTestExecutionListener@1c6a9de, org.springframework.test.context.event.EventPublishingTestExecutionListener@2422a4, org.springframework.security.test.context.support.ReactorContextTestExecutionListener@9cd930, org.springframework.boot.test.autoconfigure.restdocs.RestDocsTestExecutionListener@1cbdcb9, org.springframework.boot.test.autoconfigure.web.client.MockRestServiceServerResetTestExecutionListener@1d31687, org.springframework.boot.test.autoconfigure.web.servlet.MockMvcPrintOnlyOnFailureTestExecutionListener@d72c9b, org.springframework.boot.test.autoconfigure.web.servlet.WebDriverTestExecutionListener@d82fe8, org.springframework.boot.test.autoconfigure.webservices.client.MockWebServiceServerTestExecutionListener@175111e, org.springframework.boot.test.mock.mockito.ResetMocksTestExecutionListener@c74c99]
2023-11-28 18:29:13.557  INFO 17124 --- [    Test worker] o.s.t.c.transaction.TransactionContext   : Began transaction (1) for test context [DefaultTestContext@6b08a5 testClass = SellerServiceTest, testInstance = net.prescent.service.SellerServiceTest@980154, testMethod = signupSellerTest@SellerServiceTest, testException = [null], mergedContextConfiguration = [WebMergedContextConfiguration@1874884 testClass = SellerServiceTest, locations = '{}', classes = '{class net.prescent.PreScentApplication}', contextInitializerClasses = '[]', activeProfiles = '{}', propertySourceLocations = '{}', propertySourceProperties = '{org.springframework.boot.test.context.SpringBootTestContextBootstrapper=true}', contextCustomizers = set[org.springframework.boot.test.autoconfigure.actuate.metrics.MetricsExportContextCustomizerFactory$DisableMetricExportContextCustomizer@54db99, org.springframework.boot.test.autoconfigure.properties.PropertyMappingContextCustomizer@0, org.springframework.boot.test.autoconfigure.web.servlet.WebDriverContextCustomizerFactory$Customizer@1e5f0ef, org.springframework.boot.test.context.filter.ExcludeFilterContextCustomizer@f57b3d, org.springframework.boot.test.json.DuplicateJsonObjectContextCustomizerFactory$DuplicateJsonObjectContextCustomizer@260766, org.springframework.boot.test.mock.mockito.MockitoContextCustomizer@0, org.springframework.boot.test.web.client.TestRestTemplateContextCustomizer@625ccd, org.springframework.boot.test.web.reactive.server.WebTestClientContextCustomizer@fde30a, org.springframework.boot.test.context.SpringBootTestArgs@1, org.springframework.boot.test.context.SpringBootTestWebEnvironment@dec700], resourceBasePath = 'src/main/webapp', contextLoader = 'org.springframework.boot.test.context.SpringBootContextLoader', parent = [null]], attributes = map['org.springframework.test.context.web.ServletTestExecutionListener.activateListener' -> true, 'org.springframework.test.context.web.ServletTestExecutionListener.populatedRequestContextHolder' -> true, 'org.springframework.test.context.web.ServletTestExecutionListener.resetRequestContextHolder' -> true, 'org.springframework.test.context.event.ApplicationEventsTestExecutionListener.recordApplicationEvents' -> false]]; transaction manager [org.springframework.orm.jpa.JpaTransactionManager@19b37b5]; rollback [true]
2023-11-28 18:29:13.563 DEBUG 17124 --- [    Test worker] org.hibernate.SQL                        : 
    delete 
    from
        seller
Hibernate: 
    delete 
    from
        seller
2023-11-28 18:29:13.588 DEBUG 17124 --- [    Test worker] org.hibernate.SQL                        : 
    select
        sellerenti0_.seller_key as seller_k1_5_,
        sellerenti0_.shop_key as shop_key7_5_,
        sellerenti0_.isgrant as isgrant2_5_,
        sellerenti0_.seller_id_email as seller_i3_5_,
        sellerenti0_.seller_name as seller_n4_5_,
        sellerenti0_.seller_password as seller_p5_5_,
        sellerenti0_.seller_phonenum as seller_p6_5_ 
    from
        seller sellerenti0_ 
    where
        sellerenti0_.seller_key=?
Hibernate: 
    select
        sellerenti0_.seller_key as seller_k1_5_,
        sellerenti0_.shop_key as shop_key7_5_,
        sellerenti0_.isgrant as isgrant2_5_,
        sellerenti0_.seller_id_email as seller_i3_5_,
        sellerenti0_.seller_name as seller_n4_5_,
        sellerenti0_.seller_password as seller_p5_5_,
        sellerenti0_.seller_phonenum as seller_p6_5_ 
    from
        seller sellerenti0_ 
    where
        sellerenti0_.seller_key=?
2023-11-28 18:29:13.589 TRACE 17124 --- [    Test worker] o.h.type.descriptor.sql.BasicBinder      : binding parameter [1] as [INTEGER] - [123456789]
2023-11-28 18:29:13.747 DEBUG 17124 --- [    Test worker] org.hibernate.SQL                        : 
    select
        sellerenti0_.seller_key as seller_k1_5_0_,
        sellerenti0_.shop_key as shop_key7_5_0_,
        sellerenti0_.isgrant as isgrant2_5_0_,
        sellerenti0_.seller_id_email as seller_i3_5_0_,
        sellerenti0_.seller_name as seller_n4_5_0_,
        sellerenti0_.seller_password as seller_p5_5_0_,
        sellerenti0_.seller_phonenum as seller_p6_5_0_ 
    from
        seller sellerenti0_ 
    where
        sellerenti0_.seller_key=?
Hibernate: 
    select
        sellerenti0_.seller_key as seller_k1_5_0_,
        sellerenti0_.shop_key as shop_key7_5_0_,
        sellerenti0_.isgrant as isgrant2_5_0_,
        sellerenti0_.seller_id_email as seller_i3_5_0_,
        sellerenti0_.seller_name as seller_n4_5_0_,
        sellerenti0_.seller_password as seller_p5_5_0_,
        sellerenti0_.seller_phonenum as seller_p6_5_0_ 
    from
        seller sellerenti0_ 
    where
        sellerenti0_.seller_key=?
2023-11-28 18:29:13.748 TRACE 17124 --- [    Test worker] o.h.type.descriptor.sql.BasicBinder      : binding parameter [1] as [INTEGER] - [123456789]
2023-11-28 18:29:13.799 DEBUG 17124 --- [    Test worker] org.hibernate.SQL                        : 
    insert 
    into
        seller
        (shop_key, isgrant, seller_id_email, seller_name, seller_password, seller_phonenum, seller_key) 
    values
        (?, ?, ?, ?, ?, ?, ?)
Hibernate: 
    insert 
    into
        seller
        (shop_key, isgrant, seller_id_email, seller_name, seller_password, seller_phonenum, seller_key) 
    values
        (?, ?, ?, ?, ?, ?, ?)
2023-11-28 18:29:13.800 TRACE 17124 --- [    Test worker] o.h.type.descriptor.sql.BasicBinder      : binding parameter [1] as [INTEGER] - [null]
2023-11-28 18:29:13.800 TRACE 17124 --- [    Test worker] o.h.type.descriptor.sql.BasicBinder      : binding parameter [2] as [INTEGER] - [null]
2023-11-28 18:29:13.800 TRACE 17124 --- [    Test worker] o.h.type.descriptor.sql.BasicBinder      : binding parameter [3] as [VARCHAR] - [ajou@gmail.com]
2023-11-28 18:29:13.801 TRACE 17124 --- [    Test worker] o.h.type.descriptor.sql.BasicBinder      : binding parameter [4] as [VARCHAR] - [suhyeon]
2023-11-28 18:29:13.801 TRACE 17124 --- [    Test worker] o.h.type.descriptor.sql.BasicBinder      : binding parameter [5] as [VARCHAR] - [$2a$10$GmHvDWDPi/iRHlzqDU5.EeZ6JyWiYiPn8nAe5VCIE4c8JWFkGFqhq]
2023-11-28 18:29:13.801 TRACE 17124 --- [    Test worker] o.h.type.descriptor.sql.BasicBinder      : binding parameter [6] as [VARCHAR] - [010-1111-2222]
2023-11-28 18:29:13.801 TRACE 17124 --- [    Test worker] o.h.type.descriptor.sql.BasicBinder      : binding parameter [7] as [INTEGER] - [123456789]
2023-11-28 18:29:13.832 DEBUG 17124 --- [    Test worker] org.hibernate.SQL                        : 
    select
        sellerenti0_.seller_key as seller_k1_5_,
        sellerenti0_.shop_key as shop_key7_5_,
        sellerenti0_.isgrant as isgrant2_5_,
        sellerenti0_.seller_id_email as seller_i3_5_,
        sellerenti0_.seller_name as seller_n4_5_,
        sellerenti0_.seller_password as seller_p5_5_,
        sellerenti0_.seller_phonenum as seller_p6_5_ 
    from
        seller sellerenti0_ 
    where
        sellerenti0_.seller_id_email=?
Hibernate: 
    select
        sellerenti0_.seller_key as seller_k1_5_,
        sellerenti0_.shop_key as shop_key7_5_,
        sellerenti0_.isgrant as isgrant2_5_,
        sellerenti0_.seller_id_email as seller_i3_5_,
        sellerenti0_.seller_name as seller_n4_5_,
        sellerenti0_.seller_password as seller_p5_5_,
        sellerenti0_.seller_phonenum as seller_p6_5_ 
    from
        seller sellerenti0_ 
    where
        sellerenti0_.seller_id_email=?
2023-11-28 18:29:13.833 TRACE 17124 --- [    Test worker] o.h.type.descriptor.sql.BasicBinder      : binding parameter [1] as [VARCHAR] - [ajou@gmail.com]
2023-11-28 18:29:14.079  INFO 17124 --- [    Test worker] o.s.t.c.transaction.TransactionContext   : Rolled back transaction for test: [DefaultTestContext@6b08a5 testClass = SellerServiceTest, testInstance = net.prescent.service.SellerServiceTest@980154, testMethod = signupSellerTest@SellerServiceTest, testException = [null], mergedContextConfiguration = [WebMergedContextConfiguration@1874884 testClass = SellerServiceTest, locations = '{}', classes = '{class net.prescent.PreScentApplication}', contextInitializerClasses = '[]', activeProfiles = '{}', propertySourceLocations = '{}', propertySourceProperties = '{org.springframework.boot.test.context.SpringBootTestContextBootstrapper=true}', contextCustomizers = set[org.springframework.boot.test.autoconfigure.actuate.metrics.MetricsExportContextCustomizerFactory$DisableMetricExportContextCustomizer@54db99, org.springframework.boot.test.autoconfigure.properties.PropertyMappingContextCustomizer@0, org.springframework.boot.test.autoconfigure.web.servlet.WebDriverContextCustomizerFactory$Customizer@1e5f0ef, org.springframework.boot.test.context.filter.ExcludeFilterContextCustomizer@f57b3d, org.springframework.boot.test.json.DuplicateJsonObjectContextCustomizerFactory$DuplicateJsonObjectContextCustomizer@260766, org.springframework.boot.test.mock.mockito.MockitoContextCustomizer@0, org.springframework.boot.test.web.client.TestRestTemplateContextCustomizer@625ccd, org.springframework.boot.test.web.reactive.server.WebTestClientContextCustomizer@fde30a, org.springframework.boot.test.context.SpringBootTestArgs@1, org.springframework.boot.test.context.SpringBootTestWebEnvironment@dec700], resourceBasePath = 'src/main/webapp', contextLoader = 'org.springframework.boot.test.context.SpringBootContextLoader', parent = [null]], attributes = map['org.springframework.test.context.web.ServletTestExecutionListener.activateListener' -> true, 'org.springframework.test.context.web.ServletTestExecutionListener.populatedRequestContextHolder' -> true, 'org.springframework.test.context.web.ServletTestExecutionListener.resetRequestContextHolder' -> true, 'org.springframework.test.context.event.ApplicationEventsTestExecutionListener.recordApplicationEvents' -> false]]
2023-11-28 18:29:14.107  INFO 17124 --- [    Test worker] o.s.t.c.transaction.TransactionContext   : Began transaction (1) for test context [DefaultTestContext@6b08a5 testClass = SellerServiceTest, testInstance = net.prescent.service.SellerServiceTest@15b3ec7, testMethod = signupDuplicateSellerKeyTest@SellerServiceTest, testException = [null], mergedContextConfiguration = [WebMergedContextConfiguration@1874884 testClass = SellerServiceTest, locations = '{}', classes = '{class net.prescent.PreScentApplication}', contextInitializerClasses = '[]', activeProfiles = '{}', propertySourceLocations = '{}', propertySourceProperties = '{org.springframework.boot.test.context.SpringBootTestContextBootstrapper=true}', contextCustomizers = set[org.springframework.boot.test.autoconfigure.actuate.metrics.MetricsExportContextCustomizerFactory$DisableMetricExportContextCustomizer@54db99, org.springframework.boot.test.autoconfigure.properties.PropertyMappingContextCustomizer@0, org.springframework.boot.test.autoconfigure.web.servlet.WebDriverContextCustomizerFactory$Customizer@1e5f0ef, org.springframework.boot.test.context.filter.ExcludeFilterContextCustomizer@f57b3d, org.springframework.boot.test.json.DuplicateJsonObjectContextCustomizerFactory$DuplicateJsonObjectContextCustomizer@260766, org.springframework.boot.test.mock.mockito.MockitoContextCustomizer@0, org.springframework.boot.test.web.client.TestRestTemplateContextCustomizer@625ccd, org.springframework.boot.test.web.reactive.server.WebTestClientContextCustomizer@fde30a, org.springframework.boot.test.context.SpringBootTestArgs@1, org.springframework.boot.test.context.SpringBootTestWebEnvironment@dec700], resourceBasePath = 'src/main/webapp', contextLoader = 'org.springframework.boot.test.context.SpringBootContextLoader', parent = [null]], attributes = map['org.springframework.test.context.web.ServletTestExecutionListener.activateListener' -> true, 'org.springframework.test.context.web.ServletTestExecutionListener.populatedRequestContextHolder' -> true, 'org.springframework.test.context.web.ServletTestExecutionListener.resetRequestContextHolder' -> true, 'org.springframework.test.context.event.ApplicationEventsTestExecutionListener.recordApplicationEvents' -> false]]; transaction manager [org.springframework.orm.jpa.JpaTransactionManager@19b37b5]; rollback [true]
2023-11-28 18:29:14.111 DEBUG 17124 --- [    Test worker] org.hibernate.SQL                        : 
    delete 
    from
        seller
Hibernate: 
    delete 
    from
        seller
2023-11-28 18:29:14.144 DEBUG 17124 --- [    Test worker] org.hibernate.SQL                        : 
    select
        sellerenti0_.seller_key as seller_k1_5_,
        sellerenti0_.shop_key as shop_key7_5_,
        sellerenti0_.isgrant as isgrant2_5_,
        sellerenti0_.seller_id_email as seller_i3_5_,
        sellerenti0_.seller_name as seller_n4_5_,
        sellerenti0_.seller_password as seller_p5_5_,
        sellerenti0_.seller_phonenum as seller_p6_5_ 
    from
        seller sellerenti0_ 
    where
        sellerenti0_.seller_key=?
Hibernate: 
    select
        sellerenti0_.seller_key as seller_k1_5_,
        sellerenti0_.shop_key as shop_key7_5_,
        sellerenti0_.isgrant as isgrant2_5_,
        sellerenti0_.seller_id_email as seller_i3_5_,
        sellerenti0_.seller_name as seller_n4_5_,
        sellerenti0_.seller_password as seller_p5_5_,
        sellerenti0_.seller_phonenum as seller_p6_5_ 
    from
        seller sellerenti0_ 
    where
        sellerenti0_.seller_key=?
2023-11-28 18:29:14.145 TRACE 17124 --- [    Test worker] o.h.type.descriptor.sql.BasicBinder      : binding parameter [1] as [INTEGER] - [123456789]
2023-11-28 18:29:14.326 DEBUG 17124 --- [    Test worker] org.hibernate.SQL                        : 
    select
        sellerenti0_.seller_key as seller_k1_5_0_,
        sellerenti0_.shop_key as shop_key7_5_0_,
        sellerenti0_.isgrant as isgrant2_5_0_,
        sellerenti0_.seller_id_email as seller_i3_5_0_,
        sellerenti0_.seller_name as seller_n4_5_0_,
        sellerenti0_.seller_password as seller_p5_5_0_,
        sellerenti0_.seller_phonenum as seller_p6_5_0_ 
    from
        seller sellerenti0_ 
    where
        sellerenti0_.seller_key=?
Hibernate: 
    select
        sellerenti0_.seller_key as seller_k1_5_0_,
        sellerenti0_.shop_key as shop_key7_5_0_,
        sellerenti0_.isgrant as isgrant2_5_0_,
        sellerenti0_.seller_id_email as seller_i3_5_0_,
        sellerenti0_.seller_name as seller_n4_5_0_,
        sellerenti0_.seller_password as seller_p5_5_0_,
        sellerenti0_.seller_phonenum as seller_p6_5_0_ 
    from
        seller sellerenti0_ 
    where
        sellerenti0_.seller_key=?
2023-11-28 18:29:14.327 TRACE 17124 --- [    Test worker] o.h.type.descriptor.sql.BasicBinder      : binding parameter [1] as [INTEGER] - [123456789]
2023-11-28 18:29:14.360 DEBUG 17124 --- [    Test worker] org.hibernate.SQL                        : 
    insert 
    into
        seller
        (shop_key, isgrant, seller_id_email, seller_name, seller_password, seller_phonenum, seller_key) 
    values
        (?, ?, ?, ?, ?, ?, ?)
Hibernate: 
    insert 
    into
        seller
        (shop_key, isgrant, seller_id_email, seller_name, seller_password, seller_phonenum, seller_key) 
    values
        (?, ?, ?, ?, ?, ?, ?)
2023-11-28 18:29:14.361 TRACE 17124 --- [    Test worker] o.h.type.descriptor.sql.BasicBinder      : binding parameter [1] as [INTEGER] - [null]
2023-11-28 18:29:14.361 TRACE 17124 --- [    Test worker] o.h.type.descriptor.sql.BasicBinder      : binding parameter [2] as [INTEGER] - [null]
2023-11-28 18:29:14.361 TRACE 17124 --- [    Test worker] o.h.type.descriptor.sql.BasicBinder      : binding parameter [3] as [VARCHAR] - [ajou@gmail.com]
2023-11-28 18:29:14.361 TRACE 17124 --- [    Test worker] o.h.type.descriptor.sql.BasicBinder      : binding parameter [4] as [VARCHAR] - [suhyeon]
2023-11-28 18:29:14.362 TRACE 17124 --- [    Test worker] o.h.type.descriptor.sql.BasicBinder      : binding parameter [5] as [VARCHAR] - [$2a$10$X8Z9IE/XmBcarQzRfnk/T.K0N8OCpu6dbnVtAxSMjKAI9uW.SPVoe]
2023-11-28 18:29:14.362 TRACE 17124 --- [    Test worker] o.h.type.descriptor.sql.BasicBinder      : binding parameter [6] as [VARCHAR] - [010-1111-2222]
2023-11-28 18:29:14.362 TRACE 17124 --- [    Test worker] o.h.type.descriptor.sql.BasicBinder      : binding parameter [7] as [INTEGER] - [123456789]
2023-11-28 18:29:14.393 DEBUG 17124 --- [    Test worker] org.hibernate.SQL                        : 
    select
        sellerenti0_.seller_key as seller_k1_5_,
        sellerenti0_.shop_key as shop_key7_5_,
        sellerenti0_.isgrant as isgrant2_5_,
        sellerenti0_.seller_id_email as seller_i3_5_,
        sellerenti0_.seller_name as seller_n4_5_,
        sellerenti0_.seller_password as seller_p5_5_,
        sellerenti0_.seller_phonenum as seller_p6_5_ 
    from
        seller sellerenti0_ 
    where
        sellerenti0_.seller_key=?
Hibernate: 
    select
        sellerenti0_.seller_key as seller_k1_5_,
        sellerenti0_.shop_key as shop_key7_5_,
        sellerenti0_.isgrant as isgrant2_5_,
        sellerenti0_.seller_id_email as seller_i3_5_,
        sellerenti0_.seller_name as seller_n4_5_,
        sellerenti0_.seller_password as seller_p5_5_,
        sellerenti0_.seller_phonenum as seller_p6_5_ 
    from
        seller sellerenti0_ 
    where
        sellerenti0_.seller_key=?
2023-11-28 18:29:14.394 TRACE 17124 --- [    Test worker] o.h.type.descriptor.sql.BasicBinder      : binding parameter [1] as [INTEGER] - [123456789]
2023-11-28 18:29:14.488  INFO 17124 --- [    Test worker] o.s.t.c.transaction.TransactionContext   : Rolled back transaction for test: [DefaultTestContext@6b08a5 testClass = SellerServiceTest, testInstance = net.prescent.service.SellerServiceTest@15b3ec7, testMethod = signupDuplicateSellerKeyTest@SellerServiceTest, testException = [null], mergedContextConfiguration = [WebMergedContextConfiguration@1874884 testClass = SellerServiceTest, locations = '{}', classes = '{class net.prescent.PreScentApplication}', contextInitializerClasses = '[]', activeProfiles = '{}', propertySourceLocations = '{}', propertySourceProperties = '{org.springframework.boot.test.context.SpringBootTestContextBootstrapper=true}', contextCustomizers = set[org.springframework.boot.test.autoconfigure.actuate.metrics.MetricsExportContextCustomizerFactory$DisableMetricExportContextCustomizer@54db99, org.springframework.boot.test.autoconfigure.properties.PropertyMappingContextCustomizer@0, org.springframework.boot.test.autoconfigure.web.servlet.WebDriverContextCustomizerFactory$Customizer@1e5f0ef, org.springframework.boot.test.context.filter.ExcludeFilterContextCustomizer@f57b3d, org.springframework.boot.test.json.DuplicateJsonObjectContextCustomizerFactory$DuplicateJsonObjectContextCustomizer@260766, org.springframework.boot.test.mock.mockito.MockitoContextCustomizer@0, org.springframework.boot.test.web.client.TestRestTemplateContextCustomizer@625ccd, org.springframework.boot.test.web.reactive.server.WebTestClientContextCustomizer@fde30a, org.springframework.boot.test.context.SpringBootTestArgs@1, org.springframework.boot.test.context.SpringBootTestWebEnvironment@dec700], resourceBasePath = 'src/main/webapp', contextLoader = 'org.springframework.boot.test.context.SpringBootContextLoader', parent = [null]], attributes = map['org.springframework.test.context.web.ServletTestExecutionListener.activateListener' -> true, 'org.springframework.test.context.web.ServletTestExecutionListener.populatedRequestContextHolder' -> true, 'org.springframework.test.context.web.ServletTestExecutionListener.resetRequestContextHolder' -> true, 'org.springframework.test.context.event.ApplicationEventsTestExecutionListener.recordApplicationEvents' -> false]]
2023-11-28 18:29:14.513  INFO 17124 --- [    Test worker] o.s.t.c.transaction.TransactionContext   : Began transaction (1) for test context [DefaultTestContext@6b08a5 testClass = SellerServiceTest, testInstance = net.prescent.service.SellerServiceTest@10796d4, testMethod = logoutTest@SellerServiceTest, testException = [null], mergedContextConfiguration = [WebMergedContextConfiguration@1874884 testClass = SellerServiceTest, locations = '{}', classes = '{class net.prescent.PreScentApplication}', contextInitializerClasses = '[]', activeProfiles = '{}', propertySourceLocations = '{}', propertySourceProperties = '{org.springframework.boot.test.context.SpringBootTestContextBootstrapper=true}', contextCustomizers = set[org.springframework.boot.test.autoconfigure.actuate.metrics.MetricsExportContextCustomizerFactory$DisableMetricExportContextCustomizer@54db99, org.springframework.boot.test.autoconfigure.properties.PropertyMappingContextCustomizer@0, org.springframework.boot.test.autoconfigure.web.servlet.WebDriverContextCustomizerFactory$Customizer@1e5f0ef, org.springframework.boot.test.context.filter.ExcludeFilterContextCustomizer@f57b3d, org.springframework.boot.test.json.DuplicateJsonObjectContextCustomizerFactory$DuplicateJsonObjectContextCustomizer@260766, org.springframework.boot.test.mock.mockito.MockitoContextCustomizer@0, org.springframework.boot.test.web.client.TestRestTemplateContextCustomizer@625ccd, org.springframework.boot.test.web.reactive.server.WebTestClientContextCustomizer@fde30a, org.springframework.boot.test.context.SpringBootTestArgs@1, org.springframework.boot.test.context.SpringBootTestWebEnvironment@dec700], resourceBasePath = 'src/main/webapp', contextLoader = 'org.springframework.boot.test.context.SpringBootContextLoader', parent = [null]], attributes = map['org.springframework.test.context.web.ServletTestExecutionListener.activateListener' -> true, 'org.springframework.test.context.web.ServletTestExecutionListener.populatedRequestContextHolder' -> true, 'org.springframework.test.context.web.ServletTestExecutionListener.resetRequestContextHolder' -> true, 'org.springframework.test.context.event.ApplicationEventsTestExecutionListener.recordApplicationEvents' -> false]]; transaction manager [org.springframework.orm.jpa.JpaTransactionManager@19b37b5]; rollback [true]
2023-11-28 18:29:14.516 DEBUG 17124 --- [    Test worker] org.hibernate.SQL                        : 
    delete 
    from
        seller
Hibernate: 
    delete 
    from
        seller
2023-11-28 18:29:14.539 DEBUG 17124 --- [    Test worker] org.hibernate.SQL                        : 
    select
        sellerenti0_.seller_key as seller_k1_5_,
        sellerenti0_.shop_key as shop_key7_5_,
        sellerenti0_.isgrant as isgrant2_5_,
        sellerenti0_.seller_id_email as seller_i3_5_,
        sellerenti0_.seller_name as seller_n4_5_,
        sellerenti0_.seller_password as seller_p5_5_,
        sellerenti0_.seller_phonenum as seller_p6_5_ 
    from
        seller sellerenti0_ 
    where
        sellerenti0_.seller_key=?
Hibernate: 
    select
        sellerenti0_.seller_key as seller_k1_5_,
        sellerenti0_.shop_key as shop_key7_5_,
        sellerenti0_.isgrant as isgrant2_5_,
        sellerenti0_.seller_id_email as seller_i3_5_,
        sellerenti0_.seller_name as seller_n4_5_,
        sellerenti0_.seller_password as seller_p5_5_,
        sellerenti0_.seller_phonenum as seller_p6_5_ 
    from
        seller sellerenti0_ 
    where
        sellerenti0_.seller_key=?
2023-11-28 18:29:14.540 TRACE 17124 --- [    Test worker] o.h.type.descriptor.sql.BasicBinder      : binding parameter [1] as [INTEGER] - [123456789]
2023-11-28 18:29:14.692 DEBUG 17124 --- [    Test worker] org.hibernate.SQL                        : 
    select
        sellerenti0_.seller_key as seller_k1_5_0_,
        sellerenti0_.shop_key as shop_key7_5_0_,
        sellerenti0_.isgrant as isgrant2_5_0_,
        sellerenti0_.seller_id_email as seller_i3_5_0_,
        sellerenti0_.seller_name as seller_n4_5_0_,
        sellerenti0_.seller_password as seller_p5_5_0_,
        sellerenti0_.seller_phonenum as seller_p6_5_0_ 
    from
        seller sellerenti0_ 
    where
        sellerenti0_.seller_key=?
Hibernate: 
    select
        sellerenti0_.seller_key as seller_k1_5_0_,
        sellerenti0_.shop_key as shop_key7_5_0_,
        sellerenti0_.isgrant as isgrant2_5_0_,
        sellerenti0_.seller_id_email as seller_i3_5_0_,
        sellerenti0_.seller_name as seller_n4_5_0_,
        sellerenti0_.seller_password as seller_p5_5_0_,
        sellerenti0_.seller_phonenum as seller_p6_5_0_ 
    from
        seller sellerenti0_ 
    where
        sellerenti0_.seller_key=?
2023-11-28 18:29:14.692 TRACE 17124 --- [    Test worker] o.h.type.descriptor.sql.BasicBinder      : binding parameter [1] as [INTEGER] - [123456789]
2023-11-28 18:29:14.731 DEBUG 17124 --- [    Test worker] org.hibernate.SQL                        : 
    insert 
    into
        seller
        (shop_key, isgrant, seller_id_email, seller_name, seller_password, seller_phonenum, seller_key) 
    values
        (?, ?, ?, ?, ?, ?, ?)
Hibernate: 
    insert 
    into
        seller
        (shop_key, isgrant, seller_id_email, seller_name, seller_password, seller_phonenum, seller_key) 
    values
        (?, ?, ?, ?, ?, ?, ?)
2023-11-28 18:29:14.732 TRACE 17124 --- [    Test worker] o.h.type.descriptor.sql.BasicBinder      : binding parameter [1] as [INTEGER] - [null]
2023-11-28 18:29:14.732 TRACE 17124 --- [    Test worker] o.h.type.descriptor.sql.BasicBinder      : binding parameter [2] as [INTEGER] - [null]
2023-11-28 18:29:14.732 TRACE 17124 --- [    Test worker] o.h.type.descriptor.sql.BasicBinder      : binding parameter [3] as [VARCHAR] - [ajou@gmail.com]
2023-11-28 18:29:14.732 TRACE 17124 --- [    Test worker] o.h.type.descriptor.sql.BasicBinder      : binding parameter [4] as [VARCHAR] - [suhyeon]
2023-11-28 18:29:14.732 TRACE 17124 --- [    Test worker] o.h.type.descriptor.sql.BasicBinder      : binding parameter [5] as [VARCHAR] - [$2a$10$LM6C9OCR.jU37slaEv3NoeSAWIgb4wJaO7XP32P6fVw2e6ZQ8KchG]
2023-11-28 18:29:14.733 TRACE 17124 --- [    Test worker] o.h.type.descriptor.sql.BasicBinder      : binding parameter [6] as [VARCHAR] - [010-1111-2222]
2023-11-28 18:29:14.733 TRACE 17124 --- [    Test worker] o.h.type.descriptor.sql.BasicBinder      : binding parameter [7] as [INTEGER] - [123456789]
2023-11-28 18:29:14.763 DEBUG 17124 --- [    Test worker] org.hibernate.SQL                        : 
    select
        sellerenti0_.seller_key as seller_k1_5_,
        sellerenti0_.shop_key as shop_key7_5_,
        sellerenti0_.isgrant as isgrant2_5_,
        sellerenti0_.seller_id_email as seller_i3_5_,
        sellerenti0_.seller_name as seller_n4_5_,
        sellerenti0_.seller_password as seller_p5_5_,
        sellerenti0_.seller_phonenum as seller_p6_5_ 
    from
        seller sellerenti0_ 
    where
        sellerenti0_.seller_id_email=?
Hibernate: 
    select
        sellerenti0_.seller_key as seller_k1_5_,
        sellerenti0_.shop_key as shop_key7_5_,
        sellerenti0_.isgrant as isgrant2_5_,
        sellerenti0_.seller_id_email as seller_i3_5_,
        sellerenti0_.seller_name as seller_n4_5_,
        sellerenti0_.seller_password as seller_p5_5_,
        sellerenti0_.seller_phonenum as seller_p6_5_ 
    from
        seller sellerenti0_ 
    where
        sellerenti0_.seller_id_email=?
2023-11-28 18:29:14.764 TRACE 17124 --- [    Test worker] o.h.type.descriptor.sql.BasicBinder      : binding parameter [1] as [VARCHAR] - [ajou@gmail.com]
2023-11-28 18:29:14.896 DEBUG 17124 --- [    Test worker] org.hibernate.SQL                        : 
    select
        accesstoke0_.token as token1_0_0_,
        accesstoke0_.seller_key as seller_k2_0_0_ 
    from
        access_token accesstoke0_ 
    where
        accesstoke0_.token=?
Hibernate: 
    select
        accesstoke0_.token as token1_0_0_,
        accesstoke0_.seller_key as seller_k2_0_0_ 
    from
        access_token accesstoke0_ 
    where
        accesstoke0_.token=?
2023-11-28 18:29:14.898 TRACE 17124 --- [    Test worker] o.h.type.descriptor.sql.BasicBinder      : binding parameter [1] as [VARCHAR] - [e8c68ae0-fe7d-4bee-918e-8bca4271ff9c]
2023-11-28 18:29:14.934 DEBUG 17124 --- [    Test worker] org.hibernate.SQL                        : 
    insert 
    into
        access_token
        (seller_key, token) 
    values
        (?, ?)
Hibernate: 
    insert 
    into
        access_token
        (seller_key, token) 
    values
        (?, ?)
2023-11-28 18:29:14.934 TRACE 17124 --- [    Test worker] o.h.type.descriptor.sql.BasicBinder      : binding parameter [1] as [INTEGER] - [123456789]
2023-11-28 18:29:14.935 TRACE 17124 --- [    Test worker] o.h.type.descriptor.sql.BasicBinder      : binding parameter [2] as [VARCHAR] - [e8c68ae0-fe7d-4bee-918e-8bca4271ff9c]
2023-11-28 18:29:14.964 DEBUG 17124 --- [    Test worker] org.hibernate.SQL                        : 
    select
        accesstoke0_.token as token1_0_,
        accesstoke0_.seller_key as seller_k2_0_ 
    from
        access_token accesstoke0_ 
    where
        accesstoke0_.token=?
Hibernate: 
    select
        accesstoke0_.token as token1_0_,
        accesstoke0_.seller_key as seller_k2_0_ 
    from
        access_token accesstoke0_ 
    where
        accesstoke0_.token=?
2023-11-28 18:29:14.964 TRACE 17124 --- [    Test worker] o.h.type.descriptor.sql.BasicBinder      : binding parameter [1] as [VARCHAR] - [e8c68ae0-fe7d-4bee-918e-8bca4271ff9c]
2023-11-28 18:29:15.010 DEBUG 17124 --- [    Test worker] org.hibernate.SQL                        : 
    select
        accesstoke0_.token as token1_0_,
        accesstoke0_.seller_key as seller_k2_0_ 
    from
        access_token accesstoke0_ 
    where
        accesstoke0_.token=?
Hibernate: 
    select
        accesstoke0_.token as token1_0_,
        accesstoke0_.seller_key as seller_k2_0_ 
    from
        access_token accesstoke0_ 
    where
        accesstoke0_.token=?
2023-11-28 18:29:15.011 TRACE 17124 --- [    Test worker] o.h.type.descriptor.sql.BasicBinder      : binding parameter [1] as [VARCHAR] - [e8c68ae0-fe7d-4bee-918e-8bca4271ff9c]
2023-11-28 18:29:15.050 DEBUG 17124 --- [    Test worker] org.hibernate.SQL                        : 
    delete 
    from
        access_token 
    where
        token=?
Hibernate: 
    delete 
    from
        access_token 
    where
        token=?
2023-11-28 18:29:15.051 TRACE 17124 --- [    Test worker] o.h.type.descriptor.sql.BasicBinder      : binding parameter [1] as [VARCHAR] - [e8c68ae0-fe7d-4bee-918e-8bca4271ff9c]
2023-11-28 18:29:15.100 DEBUG 17124 --- [    Test worker] org.hibernate.SQL                        : 
    select
        accesstoke0_.token as token1_0_,
        accesstoke0_.seller_key as seller_k2_0_ 
    from
        access_token accesstoke0_ 
    where
        accesstoke0_.token=?
Hibernate: 
    select
        accesstoke0_.token as token1_0_,
        accesstoke0_.seller_key as seller_k2_0_ 
    from
        access_token accesstoke0_ 
    where
        accesstoke0_.token=?
2023-11-28 18:29:15.100 TRACE 17124 --- [    Test worker] o.h.type.descriptor.sql.BasicBinder      : binding parameter [1] as [VARCHAR] - [e8c68ae0-fe7d-4bee-918e-8bca4271ff9c]
2023-11-28 18:29:15.182  INFO 17124 --- [    Test worker] o.s.t.c.transaction.TransactionContext   : Rolled back transaction for test: [DefaultTestContext@6b08a5 testClass = SellerServiceTest, testInstance = net.prescent.service.SellerServiceTest@10796d4, testMethod = logoutTest@SellerServiceTest, testException = [null], mergedContextConfiguration = [WebMergedContextConfiguration@1874884 testClass = SellerServiceTest, locations = '{}', classes = '{class net.prescent.PreScentApplication}', contextInitializerClasses = '[]', activeProfiles = '{}', propertySourceLocations = '{}', propertySourceProperties = '{org.springframework.boot.test.context.SpringBootTestContextBootstrapper=true}', contextCustomizers = set[org.springframework.boot.test.autoconfigure.actuate.metrics.MetricsExportContextCustomizerFactory$DisableMetricExportContextCustomizer@54db99, org.springframework.boot.test.autoconfigure.properties.PropertyMappingContextCustomizer@0, org.springframework.boot.test.autoconfigure.web.servlet.WebDriverContextCustomizerFactory$Customizer@1e5f0ef, org.springframework.boot.test.context.filter.ExcludeFilterContextCustomizer@f57b3d, org.springframework.boot.test.json.DuplicateJsonObjectContextCustomizerFactory$DuplicateJsonObjectContextCustomizer@260766, org.springframework.boot.test.mock.mockito.MockitoContextCustomizer@0, org.springframework.boot.test.web.client.TestRestTemplateContextCustomizer@625ccd, org.springframework.boot.test.web.reactive.server.WebTestClientContextCustomizer@fde30a, org.springframework.boot.test.context.SpringBootTestArgs@1, org.springframework.boot.test.context.SpringBootTestWebEnvironment@dec700], resourceBasePath = 'src/main/webapp', contextLoader = 'org.springframework.boot.test.context.SpringBootContextLoader', parent = [null]], attributes = map['org.springframework.test.context.web.ServletTestExecutionListener.activateListener' -> true, 'org.springframework.test.context.web.ServletTestExecutionListener.populatedRequestContextHolder' -> true, 'org.springframework.test.context.web.ServletTestExecutionListener.resetRequestContextHolder' -> true, 'org.springframework.test.context.event.ApplicationEventsTestExecutionListener.recordApplicationEvents' -> false]]
2023-11-28 18:29:15.207  INFO 17124 --- [    Test worker] o.s.t.c.transaction.TransactionContext   : Began transaction (1) for test context [DefaultTestContext@6b08a5 testClass = SellerServiceTest, testInstance = net.prescent.service.SellerServiceTest@9b8f2, testMethod = loginFailureWrongPasswordTest@SellerServiceTest, testException = [null], mergedContextConfiguration = [WebMergedContextConfiguration@1874884 testClass = SellerServiceTest, locations = '{}', classes = '{class net.prescent.PreScentApplication}', contextInitializerClasses = '[]', activeProfiles = '{}', propertySourceLocations = '{}', propertySourceProperties = '{org.springframework.boot.test.context.SpringBootTestContextBootstrapper=true}', contextCustomizers = set[org.springframework.boot.test.autoconfigure.actuate.metrics.MetricsExportContextCustomizerFactory$DisableMetricExportContextCustomizer@54db99, org.springframework.boot.test.autoconfigure.properties.PropertyMappingContextCustomizer@0, org.springframework.boot.test.autoconfigure.web.servlet.WebDriverContextCustomizerFactory$Customizer@1e5f0ef, org.springframework.boot.test.context.filter.ExcludeFilterContextCustomizer@f57b3d, org.springframework.boot.test.json.DuplicateJsonObjectContextCustomizerFactory$DuplicateJsonObjectContextCustomizer@260766, org.springframework.boot.test.mock.mockito.MockitoContextCustomizer@0, org.springframework.boot.test.web.client.TestRestTemplateContextCustomizer@625ccd, org.springframework.boot.test.web.reactive.server.WebTestClientContextCustomizer@fde30a, org.springframework.boot.test.context.SpringBootTestArgs@1, org.springframework.boot.test.context.SpringBootTestWebEnvironment@dec700], resourceBasePath = 'src/main/webapp', contextLoader = 'org.springframework.boot.test.context.SpringBootContextLoader', parent = [null]], attributes = map['org.springframework.test.context.web.ServletTestExecutionListener.activateListener' -> true, 'org.springframework.test.context.web.ServletTestExecutionListener.populatedRequestContextHolder' -> true, 'org.springframework.test.context.web.ServletTestExecutionListener.resetRequestContextHolder' -> true, 'org.springframework.test.context.event.ApplicationEventsTestExecutionListener.recordApplicationEvents' -> false]]; transaction manager [org.springframework.orm.jpa.JpaTransactionManager@19b37b5]; rollback [true]
2023-11-28 18:29:15.210 DEBUG 17124 --- [    Test worker] org.hibernate.SQL                        : 
    delete 
    from
        seller
Hibernate: 
    delete 
    from
        seller
2023-11-28 18:29:15.235 DEBUG 17124 --- [    Test worker] org.hibernate.SQL                        : 
    select
        sellerenti0_.seller_key as seller_k1_5_,
        sellerenti0_.shop_key as shop_key7_5_,
        sellerenti0_.isgrant as isgrant2_5_,
        sellerenti0_.seller_id_email as seller_i3_5_,
        sellerenti0_.seller_name as seller_n4_5_,
        sellerenti0_.seller_password as seller_p5_5_,
        sellerenti0_.seller_phonenum as seller_p6_5_ 
    from
        seller sellerenti0_ 
    where
        sellerenti0_.seller_key=?
Hibernate: 
    select
        sellerenti0_.seller_key as seller_k1_5_,
        sellerenti0_.shop_key as shop_key7_5_,
        sellerenti0_.isgrant as isgrant2_5_,
        sellerenti0_.seller_id_email as seller_i3_5_,
        sellerenti0_.seller_name as seller_n4_5_,
        sellerenti0_.seller_password as seller_p5_5_,
        sellerenti0_.seller_phonenum as seller_p6_5_ 
    from
        seller sellerenti0_ 
    where
        sellerenti0_.seller_key=?
2023-11-28 18:29:15.236 TRACE 17124 --- [    Test worker] o.h.type.descriptor.sql.BasicBinder      : binding parameter [1] as [INTEGER] - [123456789]
2023-11-28 18:29:15.409 DEBUG 17124 --- [    Test worker] org.hibernate.SQL                        : 
    select
        sellerenti0_.seller_key as seller_k1_5_0_,
        sellerenti0_.shop_key as shop_key7_5_0_,
        sellerenti0_.isgrant as isgrant2_5_0_,
        sellerenti0_.seller_id_email as seller_i3_5_0_,
        sellerenti0_.seller_name as seller_n4_5_0_,
        sellerenti0_.seller_password as seller_p5_5_0_,
        sellerenti0_.seller_phonenum as seller_p6_5_0_ 
    from
        seller sellerenti0_ 
    where
        sellerenti0_.seller_key=?
Hibernate: 
    select
        sellerenti0_.seller_key as seller_k1_5_0_,
        sellerenti0_.shop_key as shop_key7_5_0_,
        sellerenti0_.isgrant as isgrant2_5_0_,
        sellerenti0_.seller_id_email as seller_i3_5_0_,
        sellerenti0_.seller_name as seller_n4_5_0_,
        sellerenti0_.seller_password as seller_p5_5_0_,
        sellerenti0_.seller_phonenum as seller_p6_5_0_ 
    from
        seller sellerenti0_ 
    where
        sellerenti0_.seller_key=?
2023-11-28 18:29:15.410 TRACE 17124 --- [    Test worker] o.h.type.descriptor.sql.BasicBinder      : binding parameter [1] as [INTEGER] - [123456789]
2023-11-28 18:29:15.439 DEBUG 17124 --- [    Test worker] org.hibernate.SQL                        : 
    insert 
    into
        seller
        (shop_key, isgrant, seller_id_email, seller_name, seller_password, seller_phonenum, seller_key) 
    values
        (?, ?, ?, ?, ?, ?, ?)
Hibernate: 
    insert 
    into
        seller
        (shop_key, isgrant, seller_id_email, seller_name, seller_password, seller_phonenum, seller_key) 
    values
        (?, ?, ?, ?, ?, ?, ?)
2023-11-28 18:29:15.440 TRACE 17124 --- [    Test worker] o.h.type.descriptor.sql.BasicBinder      : binding parameter [1] as [INTEGER] - [null]
2023-11-28 18:29:15.441 TRACE 17124 --- [    Test worker] o.h.type.descriptor.sql.BasicBinder      : binding parameter [2] as [INTEGER] - [null]
2023-11-28 18:29:15.441 TRACE 17124 --- [    Test worker] o.h.type.descriptor.sql.BasicBinder      : binding parameter [3] as [VARCHAR] - [ajou@gmail.com]
2023-11-28 18:29:15.441 TRACE 17124 --- [    Test worker] o.h.type.descriptor.sql.BasicBinder      : binding parameter [4] as [VARCHAR] - [suhyeon]
2023-11-28 18:29:15.441 TRACE 17124 --- [    Test worker] o.h.type.descriptor.sql.BasicBinder      : binding parameter [5] as [VARCHAR] - [$2a$10$SAfU0wu4hZxQP5fAEO4FLugUPSv/W3dXN/mZebCt.EkGItqKe2EYi]
2023-11-28 18:29:15.441 TRACE 17124 --- [    Test worker] o.h.type.descriptor.sql.BasicBinder      : binding parameter [6] as [VARCHAR] - [010-1111-2222]
2023-11-28 18:29:15.442 TRACE 17124 --- [    Test worker] o.h.type.descriptor.sql.BasicBinder      : binding parameter [7] as [INTEGER] - [123456789]
2023-11-28 18:29:15.469 DEBUG 17124 --- [    Test worker] org.hibernate.SQL                        : 
    select
        sellerenti0_.seller_key as seller_k1_5_,
        sellerenti0_.shop_key as shop_key7_5_,
        sellerenti0_.isgrant as isgrant2_5_,
        sellerenti0_.seller_id_email as seller_i3_5_,
        sellerenti0_.seller_name as seller_n4_5_,
        sellerenti0_.seller_password as seller_p5_5_,
        sellerenti0_.seller_phonenum as seller_p6_5_ 
    from
        seller sellerenti0_ 
    where
        sellerenti0_.seller_id_email=?
Hibernate: 
    select
        sellerenti0_.seller_key as seller_k1_5_,
        sellerenti0_.shop_key as shop_key7_5_,
        sellerenti0_.isgrant as isgrant2_5_,
        sellerenti0_.seller_id_email as seller_i3_5_,
        sellerenti0_.seller_name as seller_n4_5_,
        sellerenti0_.seller_password as seller_p5_5_,
        sellerenti0_.seller_phonenum as seller_p6_5_ 
    from
        seller sellerenti0_ 
    where
        sellerenti0_.seller_id_email=?
2023-11-28 18:29:15.469 TRACE 17124 --- [    Test worker] o.h.type.descriptor.sql.BasicBinder      : binding parameter [1] as [VARCHAR] - [ajou@gmail.com]
2023-11-28 18:29:15.691  INFO 17124 --- [    Test worker] o.s.t.c.transaction.TransactionContext   : Rolled back transaction for test: [DefaultTestContext@6b08a5 testClass = SellerServiceTest, testInstance = net.prescent.service.SellerServiceTest@9b8f2, testMethod = loginFailureWrongPasswordTest@SellerServiceTest, testException = [null], mergedContextConfiguration = [WebMergedContextConfiguration@1874884 testClass = SellerServiceTest, locations = '{}', classes = '{class net.prescent.PreScentApplication}', contextInitializerClasses = '[]', activeProfiles = '{}', propertySourceLocations = '{}', propertySourceProperties = '{org.springframework.boot.test.context.SpringBootTestContextBootstrapper=true}', contextCustomizers = set[org.springframework.boot.test.autoconfigure.actuate.metrics.MetricsExportContextCustomizerFactory$DisableMetricExportContextCustomizer@54db99, org.springframework.boot.test.autoconfigure.properties.PropertyMappingContextCustomizer@0, org.springframework.boot.test.autoconfigure.web.servlet.WebDriverContextCustomizerFactory$Customizer@1e5f0ef, org.springframework.boot.test.context.filter.ExcludeFilterContextCustomizer@f57b3d, org.springframework.boot.test.json.DuplicateJsonObjectContextCustomizerFactory$DuplicateJsonObjectContextCustomizer@260766, org.springframework.boot.test.mock.mockito.MockitoContextCustomizer@0, org.springframework.boot.test.web.client.TestRestTemplateContextCustomizer@625ccd, org.springframework.boot.test.web.reactive.server.WebTestClientContextCustomizer@fde30a, org.springframework.boot.test.context.SpringBootTestArgs@1, org.springframework.boot.test.context.SpringBootTestWebEnvironment@dec700], resourceBasePath = 'src/main/webapp', contextLoader = 'org.springframework.boot.test.context.SpringBootContextLoader', parent = [null]], attributes = map['org.springframework.test.context.web.ServletTestExecutionListener.activateListener' -> true, 'org.springframework.test.context.web.ServletTestExecutionListener.populatedRequestContextHolder' -> true, 'org.springframework.test.context.web.ServletTestExecutionListener.resetRequestContextHolder' -> true, 'org.springframework.test.context.event.ApplicationEventsTestExecutionListener.recordApplicationEvents' -> false]]
2023-11-28 18:29:15.743  INFO 17124 --- [    Test worker] o.s.t.c.transaction.TransactionContext   : Began transaction (1) for test context [DefaultTestContext@6b08a5 testClass = SellerServiceTest, testInstance = net.prescent.service.SellerServiceTest@f12596, testMethod = loginSuccessTest@SellerServiceTest, testException = [null], mergedContextConfiguration = [WebMergedContextConfiguration@1874884 testClass = SellerServiceTest, locations = '{}', classes = '{class net.prescent.PreScentApplication}', contextInitializerClasses = '[]', activeProfiles = '{}', propertySourceLocations = '{}', propertySourceProperties = '{org.springframework.boot.test.context.SpringBootTestContextBootstrapper=true}', contextCustomizers = set[org.springframework.boot.test.autoconfigure.actuate.metrics.MetricsExportContextCustomizerFactory$DisableMetricExportContextCustomizer@54db99, org.springframework.boot.test.autoconfigure.properties.PropertyMappingContextCustomizer@0, org.springframework.boot.test.autoconfigure.web.servlet.WebDriverContextCustomizerFactory$Customizer@1e5f0ef, org.springframework.boot.test.context.filter.ExcludeFilterContextCustomizer@f57b3d, org.springframework.boot.test.json.DuplicateJsonObjectContextCustomizerFactory$DuplicateJsonObjectContextCustomizer@260766, org.springframework.boot.test.mock.mockito.MockitoContextCustomizer@0, org.springframework.boot.test.web.client.TestRestTemplateContextCustomizer@625ccd, org.springframework.boot.test.web.reactive.server.WebTestClientContextCustomizer@fde30a, org.springframework.boot.test.context.SpringBootTestArgs@1, org.springframework.boot.test.context.SpringBootTestWebEnvironment@dec700], resourceBasePath = 'src/main/webapp', contextLoader = 'org.springframework.boot.test.context.SpringBootContextLoader', parent = [null]], attributes = map['org.springframework.test.context.web.ServletTestExecutionListener.activateListener' -> true, 'org.springframework.test.context.web.ServletTestExecutionListener.populatedRequestContextHolder' -> true, 'org.springframework.test.context.web.ServletTestExecutionListener.resetRequestContextHolder' -> true, 'org.springframework.test.context.event.ApplicationEventsTestExecutionListener.recordApplicationEvents' -> false]]; transaction manager [org.springframework.orm.jpa.JpaTransactionManager@19b37b5]; rollback [true]
2023-11-28 18:29:15.746 DEBUG 17124 --- [    Test worker] org.hibernate.SQL                        : 
    delete 
    from
        seller
Hibernate: 
    delete 
    from
        seller
2023-11-28 18:29:15.774 DEBUG 17124 --- [    Test worker] org.hibernate.SQL                        : 
    select
        sellerenti0_.seller_key as seller_k1_5_,
        sellerenti0_.shop_key as shop_key7_5_,
        sellerenti0_.isgrant as isgrant2_5_,
        sellerenti0_.seller_id_email as seller_i3_5_,
        sellerenti0_.seller_name as seller_n4_5_,
        sellerenti0_.seller_password as seller_p5_5_,
        sellerenti0_.seller_phonenum as seller_p6_5_ 
    from
        seller sellerenti0_ 
    where
        sellerenti0_.seller_key=?
Hibernate: 
    select
        sellerenti0_.seller_key as seller_k1_5_,
        sellerenti0_.shop_key as shop_key7_5_,
        sellerenti0_.isgrant as isgrant2_5_,
        sellerenti0_.seller_id_email as seller_i3_5_,
        sellerenti0_.seller_name as seller_n4_5_,
        sellerenti0_.seller_password as seller_p5_5_,
        sellerenti0_.seller_phonenum as seller_p6_5_ 
    from
        seller sellerenti0_ 
    where
        sellerenti0_.seller_key=?
2023-11-28 18:29:15.774 TRACE 17124 --- [    Test worker] o.h.type.descriptor.sql.BasicBinder      : binding parameter [1] as [INTEGER] - [123456789]
2023-11-28 18:29:15.944 DEBUG 17124 --- [    Test worker] org.hibernate.SQL                        : 
    select
        sellerenti0_.seller_key as seller_k1_5_0_,
        sellerenti0_.shop_key as shop_key7_5_0_,
        sellerenti0_.isgrant as isgrant2_5_0_,
        sellerenti0_.seller_id_email as seller_i3_5_0_,
        sellerenti0_.seller_name as seller_n4_5_0_,
        sellerenti0_.seller_password as seller_p5_5_0_,
        sellerenti0_.seller_phonenum as seller_p6_5_0_ 
    from
        seller sellerenti0_ 
    where
        sellerenti0_.seller_key=?
Hibernate: 
    select
        sellerenti0_.seller_key as seller_k1_5_0_,
        sellerenti0_.shop_key as shop_key7_5_0_,
        sellerenti0_.isgrant as isgrant2_5_0_,
        sellerenti0_.seller_id_email as seller_i3_5_0_,
        sellerenti0_.seller_name as seller_n4_5_0_,
        sellerenti0_.seller_password as seller_p5_5_0_,
        sellerenti0_.seller_phonenum as seller_p6_5_0_ 
    from
        seller sellerenti0_ 
    where
        sellerenti0_.seller_key=?
2023-11-28 18:29:15.945 TRACE 17124 --- [    Test worker] o.h.type.descriptor.sql.BasicBinder      : binding parameter [1] as [INTEGER] - [123456789]
2023-11-28 18:29:15.995 DEBUG 17124 --- [    Test worker] org.hibernate.SQL                        : 
    insert 
    into
        seller
        (shop_key, isgrant, seller_id_email, seller_name, seller_password, seller_phonenum, seller_key) 
    values
        (?, ?, ?, ?, ?, ?, ?)
Hibernate: 
    insert 
    into
        seller
        (shop_key, isgrant, seller_id_email, seller_name, seller_password, seller_phonenum, seller_key) 
    values
        (?, ?, ?, ?, ?, ?, ?)
2023-11-28 18:29:15.996 TRACE 17124 --- [    Test worker] o.h.type.descriptor.sql.BasicBinder      : binding parameter [1] as [INTEGER] - [null]
2023-11-28 18:29:15.996 TRACE 17124 --- [    Test worker] o.h.type.descriptor.sql.BasicBinder      : binding parameter [2] as [INTEGER] - [null]
2023-11-28 18:29:15.996 TRACE 17124 --- [    Test worker] o.h.type.descriptor.sql.BasicBinder      : binding parameter [3] as [VARCHAR] - [ajou@gmail.com]
2023-11-28 18:29:15.996 TRACE 17124 --- [    Test worker] o.h.type.descriptor.sql.BasicBinder      : binding parameter [4] as [VARCHAR] - [suhyeon]
2023-11-28 18:29:15.996 TRACE 17124 --- [    Test worker] o.h.type.descriptor.sql.BasicBinder      : binding parameter [5] as [VARCHAR] - [$2a$10$ANHsb0loxzMhBwZ.c93ofu24UI1a1LDJFOjn87V1PuItO0QLIVhPi]
2023-11-28 18:29:15.997 TRACE 17124 --- [    Test worker] o.h.type.descriptor.sql.BasicBinder      : binding parameter [6] as [VARCHAR] - [010-1111-2222]
2023-11-28 18:29:15.997 TRACE 17124 --- [    Test worker] o.h.type.descriptor.sql.BasicBinder      : binding parameter [7] as [INTEGER] - [123456789]
2023-11-28 18:29:16.034 DEBUG 17124 --- [    Test worker] org.hibernate.SQL                        : 
    select
        sellerenti0_.seller_key as seller_k1_5_,
        sellerenti0_.shop_key as shop_key7_5_,
        sellerenti0_.isgrant as isgrant2_5_,
        sellerenti0_.seller_id_email as seller_i3_5_,
        sellerenti0_.seller_name as seller_n4_5_,
        sellerenti0_.seller_password as seller_p5_5_,
        sellerenti0_.seller_phonenum as seller_p6_5_ 
    from
        seller sellerenti0_ 
    where
        sellerenti0_.seller_id_email=?
Hibernate: 
    select
        sellerenti0_.seller_key as seller_k1_5_,
        sellerenti0_.shop_key as shop_key7_5_,
        sellerenti0_.isgrant as isgrant2_5_,
        sellerenti0_.seller_id_email as seller_i3_5_,
        sellerenti0_.seller_name as seller_n4_5_,
        sellerenti0_.seller_password as seller_p5_5_,
        sellerenti0_.seller_phonenum as seller_p6_5_ 
    from
        seller sellerenti0_ 
    where
        sellerenti0_.seller_id_email=?
2023-11-28 18:29:16.035 TRACE 17124 --- [    Test worker] o.h.type.descriptor.sql.BasicBinder      : binding parameter [1] as [VARCHAR] - [ajou@gmail.com]
2023-11-28 18:29:16.197 DEBUG 17124 --- [    Test worker] org.hibernate.SQL                        : 
    select
        accesstoke0_.token as token1_0_0_,
        accesstoke0_.seller_key as seller_k2_0_0_ 
    from
        access_token accesstoke0_ 
    where
        accesstoke0_.token=?
Hibernate: 
    select
        accesstoke0_.token as token1_0_0_,
        accesstoke0_.seller_key as seller_k2_0_0_ 
    from
        access_token accesstoke0_ 
    where
        accesstoke0_.token=?
2023-11-28 18:29:16.198 TRACE 17124 --- [    Test worker] o.h.type.descriptor.sql.BasicBinder      : binding parameter [1] as [VARCHAR] - [44ce8e4c-ccc5-4b8a-bd5f-3f284b10f402]
2023-11-28 18:29:16.250 DEBUG 17124 --- [    Test worker] org.hibernate.SQL                        : 
    insert 
    into
        access_token
        (seller_key, token) 
    values
        (?, ?)
Hibernate: 
    insert 
    into
        access_token
        (seller_key, token) 
    values
        (?, ?)
2023-11-28 18:29:16.251 TRACE 17124 --- [    Test worker] o.h.type.descriptor.sql.BasicBinder      : binding parameter [1] as [INTEGER] - [123456789]
2023-11-28 18:29:16.251 TRACE 17124 --- [    Test worker] o.h.type.descriptor.sql.BasicBinder      : binding parameter [2] as [VARCHAR] - [44ce8e4c-ccc5-4b8a-bd5f-3f284b10f402]
2023-11-28 18:29:16.277 DEBUG 17124 --- [    Test worker] org.hibernate.SQL                        : 
    select
        accesstoke0_.token as token1_0_,
        accesstoke0_.seller_key as seller_k2_0_ 
    from
        access_token accesstoke0_ 
    where
        accesstoke0_.token=?
Hibernate: 
    select
        accesstoke0_.token as token1_0_,
        accesstoke0_.seller_key as seller_k2_0_ 
    from
        access_token accesstoke0_ 
    where
        accesstoke0_.token=?
2023-11-28 18:29:16.278 TRACE 17124 --- [    Test worker] o.h.type.descriptor.sql.BasicBinder      : binding parameter [1] as [VARCHAR] - [44ce8e4c-ccc5-4b8a-bd5f-3f284b10f402]
2023-11-28 18:29:16.358  INFO 17124 --- [    Test worker] o.s.t.c.transaction.TransactionContext   : Rolled back transaction for test: [DefaultTestContext@6b08a5 testClass = SellerServiceTest, testInstance = net.prescent.service.SellerServiceTest@f12596, testMethod = loginSuccessTest@SellerServiceTest, testException = [null], mergedContextConfiguration = [WebMergedContextConfiguration@1874884 testClass = SellerServiceTest, locations = '{}', classes = '{class net.prescent.PreScentApplication}', contextInitializerClasses = '[]', activeProfiles = '{}', propertySourceLocations = '{}', propertySourceProperties = '{org.springframework.boot.test.context.SpringBootTestContextBootstrapper=true}', contextCustomizers = set[org.springframework.boot.test.autoconfigure.actuate.metrics.MetricsExportContextCustomizerFactory$DisableMetricExportContextCustomizer@54db99, org.springframework.boot.test.autoconfigure.properties.PropertyMappingContextCustomizer@0, org.springframework.boot.test.autoconfigure.web.servlet.WebDriverContextCustomizerFactory$Customizer@1e5f0ef, org.springframework.boot.test.context.filter.ExcludeFilterContextCustomizer@f57b3d, org.springframework.boot.test.json.DuplicateJsonObjectContextCustomizerFactory$DuplicateJsonObjectContextCustomizer@260766, org.springframework.boot.test.mock.mockito.MockitoContextCustomizer@0, org.springframework.boot.test.web.client.TestRestTemplateContextCustomizer@625ccd, org.springframework.boot.test.web.reactive.server.WebTestClientContextCustomizer@fde30a, org.springframework.boot.test.context.SpringBootTestArgs@1, org.springframework.boot.test.context.SpringBootTestWebEnvironment@dec700], resourceBasePath = 'src/main/webapp', contextLoader = 'org.springframework.boot.test.context.SpringBootContextLoader', parent = [null]], attributes = map['org.springframework.test.context.web.ServletTestExecutionListener.activateListener' -> true, 'org.springframework.test.context.web.ServletTestExecutionListener.populatedRequestContextHolder' -> true, 'org.springframework.test.context.web.ServletTestExecutionListener.resetRequestContextHolder' -> true, 'org.springframework.test.context.event.ApplicationEventsTestExecutionListener.recordApplicationEvents' -> false]]
2023-11-28 18:29:16.382  INFO 17124 --- [    Test worker] o.s.t.c.transaction.TransactionContext   : Began transaction (1) for test context [DefaultTestContext@6b08a5 testClass = SellerServiceTest, testInstance = net.prescent.service.SellerServiceTest@153a656, testMethod = loginFailureWrongIdTest@SellerServiceTest, testException = [null], mergedContextConfiguration = [WebMergedContextConfiguration@1874884 testClass = SellerServiceTest, locations = '{}', classes = '{class net.prescent.PreScentApplication}', contextInitializerClasses = '[]', activeProfiles = '{}', propertySourceLocations = '{}', propertySourceProperties = '{org.springframework.boot.test.context.SpringBootTestContextBootstrapper=true}', contextCustomizers = set[org.springframework.boot.test.autoconfigure.actuate.metrics.MetricsExportContextCustomizerFactory$DisableMetricExportContextCustomizer@54db99, org.springframework.boot.test.autoconfigure.properties.PropertyMappingContextCustomizer@0, org.springframework.boot.test.autoconfigure.web.servlet.WebDriverContextCustomizerFactory$Customizer@1e5f0ef, org.springframework.boot.test.context.filter.ExcludeFilterContextCustomizer@f57b3d, org.springframework.boot.test.json.DuplicateJsonObjectContextCustomizerFactory$DuplicateJsonObjectContextCustomizer@260766, org.springframework.boot.test.mock.mockito.MockitoContextCustomizer@0, org.springframework.boot.test.web.client.TestRestTemplateContextCustomizer@625ccd, org.springframework.boot.test.web.reactive.server.WebTestClientContextCustomizer@fde30a, org.springframework.boot.test.context.SpringBootTestArgs@1, org.springframework.boot.test.context.SpringBootTestWebEnvironment@dec700], resourceBasePath = 'src/main/webapp', contextLoader = 'org.springframework.boot.test.context.SpringBootContextLoader', parent = [null]], attributes = map['org.springframework.test.context.web.ServletTestExecutionListener.activateListener' -> true, 'org.springframework.test.context.web.ServletTestExecutionListener.populatedRequestContextHolder' -> true, 'org.springframework.test.context.web.ServletTestExecutionListener.resetRequestContextHolder' -> true, 'org.springframework.test.context.event.ApplicationEventsTestExecutionListener.recordApplicationEvents' -> false]]; transaction manager [org.springframework.orm.jpa.JpaTransactionManager@19b37b5]; rollback [true]
2023-11-28 18:29:16.385 DEBUG 17124 --- [    Test worker] org.hibernate.SQL                        : 
    delete 
    from
        seller
Hibernate: 
    delete 
    from
        seller
2023-11-28 18:29:16.408 DEBUG 17124 --- [    Test worker] org.hibernate.SQL                        : 
    select
        sellerenti0_.seller_key as seller_k1_5_,
        sellerenti0_.shop_key as shop_key7_5_,
        sellerenti0_.isgrant as isgrant2_5_,
        sellerenti0_.seller_id_email as seller_i3_5_,
        sellerenti0_.seller_name as seller_n4_5_,
        sellerenti0_.seller_password as seller_p5_5_,
        sellerenti0_.seller_phonenum as seller_p6_5_ 
    from
        seller sellerenti0_ 
    where
        sellerenti0_.seller_key=?
Hibernate: 
    select
        sellerenti0_.seller_key as seller_k1_5_,
        sellerenti0_.shop_key as shop_key7_5_,
        sellerenti0_.isgrant as isgrant2_5_,
        sellerenti0_.seller_id_email as seller_i3_5_,
        sellerenti0_.seller_name as seller_n4_5_,
        sellerenti0_.seller_password as seller_p5_5_,
        sellerenti0_.seller_phonenum as seller_p6_5_ 
    from
        seller sellerenti0_ 
    where
        sellerenti0_.seller_key=?
2023-11-28 18:29:16.409 TRACE 17124 --- [    Test worker] o.h.type.descriptor.sql.BasicBinder      : binding parameter [1] as [INTEGER] - [123456789]
2023-11-28 18:29:16.564 DEBUG 17124 --- [    Test worker] org.hibernate.SQL                        : 
    select
        sellerenti0_.seller_key as seller_k1_5_0_,
        sellerenti0_.shop_key as shop_key7_5_0_,
        sellerenti0_.isgrant as isgrant2_5_0_,
        sellerenti0_.seller_id_email as seller_i3_5_0_,
        sellerenti0_.seller_name as seller_n4_5_0_,
        sellerenti0_.seller_password as seller_p5_5_0_,
        sellerenti0_.seller_phonenum as seller_p6_5_0_ 
    from
        seller sellerenti0_ 
    where
        sellerenti0_.seller_key=?
Hibernate: 
    select
        sellerenti0_.seller_key as seller_k1_5_0_,
        sellerenti0_.shop_key as shop_key7_5_0_,
        sellerenti0_.isgrant as isgrant2_5_0_,
        sellerenti0_.seller_id_email as seller_i3_5_0_,
        sellerenti0_.seller_name as seller_n4_5_0_,
        sellerenti0_.seller_password as seller_p5_5_0_,
        sellerenti0_.seller_phonenum as seller_p6_5_0_ 
    from
        seller sellerenti0_ 
    where
        sellerenti0_.seller_key=?
2023-11-28 18:29:16.565 TRACE 17124 --- [    Test worker] o.h.type.descriptor.sql.BasicBinder      : binding parameter [1] as [INTEGER] - [123456789]
2023-11-28 18:29:16.589 DEBUG 17124 --- [    Test worker] org.hibernate.SQL                        : 
    insert 
    into
        seller
        (shop_key, isgrant, seller_id_email, seller_name, seller_password, seller_phonenum, seller_key) 
    values
        (?, ?, ?, ?, ?, ?, ?)
Hibernate: 
    insert 
    into
        seller
        (shop_key, isgrant, seller_id_email, seller_name, seller_password, seller_phonenum, seller_key) 
    values
        (?, ?, ?, ?, ?, ?, ?)
2023-11-28 18:29:16.590 TRACE 17124 --- [    Test worker] o.h.type.descriptor.sql.BasicBinder      : binding parameter [1] as [INTEGER] - [null]
2023-11-28 18:29:16.590 TRACE 17124 --- [    Test worker] o.h.type.descriptor.sql.BasicBinder      : binding parameter [2] as [INTEGER] - [null]
2023-11-28 18:29:16.590 TRACE 17124 --- [    Test worker] o.h.type.descriptor.sql.BasicBinder      : binding parameter [3] as [VARCHAR] - [ajou@gmail.com]
2023-11-28 18:29:16.590 TRACE 17124 --- [    Test worker] o.h.type.descriptor.sql.BasicBinder      : binding parameter [4] as [VARCHAR] - [suhyeon]
2023-11-28 18:29:16.590 TRACE 17124 --- [    Test worker] o.h.type.descriptor.sql.BasicBinder      : binding parameter [5] as [VARCHAR] - [$2a$10$I/nyb5r7ZY3zbBT1f/aIS.8Z2qV4w38Bt7soCUgE8tkaTnQRIOD3S]
2023-11-28 18:29:16.590 TRACE 17124 --- [    Test worker] o.h.type.descriptor.sql.BasicBinder      : binding parameter [6] as [VARCHAR] - [010-1111-2222]
2023-11-28 18:29:16.590 TRACE 17124 --- [    Test worker] o.h.type.descriptor.sql.BasicBinder      : binding parameter [7] as [INTEGER] - [123456789]
2023-11-28 18:29:16.612 DEBUG 17124 --- [    Test worker] org.hibernate.SQL                        : 
    select
        sellerenti0_.seller_key as seller_k1_5_,
        sellerenti0_.shop_key as shop_key7_5_,
        sellerenti0_.isgrant as isgrant2_5_,
        sellerenti0_.seller_id_email as seller_i3_5_,
        sellerenti0_.seller_name as seller_n4_5_,
        sellerenti0_.seller_password as seller_p5_5_,
        sellerenti0_.seller_phonenum as seller_p6_5_ 
    from
        seller sellerenti0_ 
    where
        sellerenti0_.seller_id_email=?
Hibernate: 
    select
        sellerenti0_.seller_key as seller_k1_5_,
        sellerenti0_.shop_key as shop_key7_5_,
        sellerenti0_.isgrant as isgrant2_5_,
        sellerenti0_.seller_id_email as seller_i3_5_,
        sellerenti0_.seller_name as seller_n4_5_,
        sellerenti0_.seller_password as seller_p5_5_,
        sellerenti0_.seller_phonenum as seller_p6_5_ 
    from
        seller sellerenti0_ 
    where
        sellerenti0_.seller_id_email=?
2023-11-28 18:29:16.613 TRACE 17124 --- [    Test worker] o.h.type.descriptor.sql.BasicBinder      : binding parameter [1] as [VARCHAR] - [wrongemail@gmail.com]
2023-11-28 18:29:16.715  INFO 17124 --- [    Test worker] o.s.t.c.transaction.TransactionContext   : Rolled back transaction for test: [DefaultTestContext@6b08a5 testClass = SellerServiceTest, testInstance = net.prescent.service.SellerServiceTest@153a656, testMethod = loginFailureWrongIdTest@SellerServiceTest, testException = [null], mergedContextConfiguration = [WebMergedContextConfiguration@1874884 testClass = SellerServiceTest, locations = '{}', classes = '{class net.prescent.PreScentApplication}', contextInitializerClasses = '[]', activeProfiles = '{}', propertySourceLocations = '{}', propertySourceProperties = '{org.springframework.boot.test.context.SpringBootTestContextBootstrapper=true}', contextCustomizers = set[org.springframework.boot.test.autoconfigure.actuate.metrics.MetricsExportContextCustomizerFactory$DisableMetricExportContextCustomizer@54db99, org.springframework.boot.test.autoconfigure.properties.PropertyMappingContextCustomizer@0, org.springframework.boot.test.autoconfigure.web.servlet.WebDriverContextCustomizerFactory$Customizer@1e5f0ef, org.springframework.boot.test.context.filter.ExcludeFilterContextCustomizer@f57b3d, org.springframework.boot.test.json.DuplicateJsonObjectContextCustomizerFactory$DuplicateJsonObjectContextCustomizer@260766, org.springframework.boot.test.mock.mockito.MockitoContextCustomizer@0, org.springframework.boot.test.web.client.TestRestTemplateContextCustomizer@625ccd, org.springframework.boot.test.web.reactive.server.WebTestClientContextCustomizer@fde30a, org.springframework.boot.test.context.SpringBootTestArgs@1, org.springframework.boot.test.context.SpringBootTestWebEnvironment@dec700], resourceBasePath = 'src/main/webapp', contextLoader = 'org.springframework.boot.test.context.SpringBootContextLoader', parent = [null]], attributes = map['org.springframework.test.context.web.ServletTestExecutionListener.activateListener' -> true, 'org.springframework.test.context.web.ServletTestExecutionListener.populatedRequestContextHolder' -> true, 'org.springframework.test.context.web.ServletTestExecutionListener.resetRequestContextHolder' -> true, 'org.springframework.test.context.event.ApplicationEventsTestExecutionListener.recordApplicationEvents' -> false]]
]]></system-out>
  <system-err><![CDATA[]]></system-err>
</testsuite>
