<?xml version="1.0" encoding="UTF-8"?>
<testsuite name="net.prescent.service.SellerServiceTest" tests="6" skipped="0" failures="0" errors="0" timestamp="2023-12-05T20:04:03" hostname="LAPTOP-Q5F6TAOM" time="1.161">
  <properties/>
  <testcase name="판매자 회원가입 테스트" classname="net.prescent.service.SellerServiceTest" time="0.204"/>
  <testcase name="중복 사업자번호 가입 테스트" classname="net.prescent.service.SellerServiceTest" time="0.14"/>
  <testcase name="판매자 로그아웃 테스트" classname="net.prescent.service.SellerServiceTest" time="0.263"/>
  <testcase name="판매자 로그인 실패 - 잘못된 비밀번호 테스트" classname="net.prescent.service.SellerServiceTest" time="0.194"/>
  <testcase name="판매자 로그인 성공 테스트" classname="net.prescent.service.SellerServiceTest" time="0.225"/>
  <testcase name="판매자 로그인 실패 - 잘못된 Email 테스트" classname="net.prescent.service.SellerServiceTest" time="0.13"/>
  <system-out><![CDATA[2023-12-06 05:04:03.733  INFO 20048 --- [    Test worker] .b.t.c.SpringBootTestContextBootstrapper : Neither @ContextConfiguration nor @ContextHierarchy found for test class [net.prescent.service.SellerServiceTest], using SpringBootContextLoader
2023-12-06 05:04:03.734  INFO 20048 --- [    Test worker] o.s.t.c.support.AbstractContextLoader    : Could not detect default resource locations for test class [net.prescent.service.SellerServiceTest]: no resource found for suffixes {-context.xml, Context.groovy}.
2023-12-06 05:04:03.734  INFO 20048 --- [    Test worker] t.c.s.AnnotationConfigContextLoaderUtils : Could not detect default configuration classes for test class [net.prescent.service.SellerServiceTest]: SellerServiceTest does not declare any static, non-private, non-final, nested classes annotated with @Configuration.
2023-12-06 05:04:03.736  INFO 20048 --- [    Test worker] .b.t.c.SpringBootTestContextBootstrapper : Found @SpringBootConfiguration net.prescent.PreScentApplication for test class net.prescent.service.SellerServiceTest
2023-12-06 05:04:03.737  INFO 20048 --- [    Test worker] .b.t.c.SpringBootTestContextBootstrapper : Loaded default TestExecutionListener class names from location [META-INF/spring.factories]: [org.springframework.security.test.context.support.WithSecurityContextTestExecutionListener, org.springframework.security.test.context.support.ReactorContextTestExecutionListener, org.springframework.boot.test.autoconfigure.restdocs.RestDocsTestExecutionListener, org.springframework.boot.test.autoconfigure.web.client.MockRestServiceServerResetTestExecutionListener, org.springframework.boot.test.autoconfigure.web.servlet.MockMvcPrintOnlyOnFailureTestExecutionListener, org.springframework.boot.test.autoconfigure.web.servlet.WebDriverTestExecutionListener, org.springframework.boot.test.autoconfigure.webservices.client.MockWebServiceServerTestExecutionListener, org.springframework.boot.test.mock.mockito.MockitoTestExecutionListener, org.springframework.boot.test.mock.mockito.ResetMocksTestExecutionListener, org.springframework.test.context.web.ServletTestExecutionListener, org.springframework.test.context.support.DirtiesContextBeforeModesTestExecutionListener, org.springframework.test.context.event.ApplicationEventsTestExecutionListener, org.springframework.test.context.support.DependencyInjectionTestExecutionListener, org.springframework.test.context.support.DirtiesContextTestExecutionListener, org.springframework.test.context.transaction.TransactionalTestExecutionListener, org.springframework.test.context.jdbc.SqlScriptsTestExecutionListener, org.springframework.test.context.event.EventPublishingTestExecutionListener]
2023-12-06 05:04:03.737  INFO 20048 --- [    Test worker] .b.t.c.SpringBootTestContextBootstrapper : Using TestExecutionListeners: [org.springframework.test.context.web.ServletTestExecutionListener@3579682, org.springframework.test.context.support.DirtiesContextBeforeModesTestExecutionListener@297840d7, org.springframework.test.context.event.ApplicationEventsTestExecutionListener@6f64c40c, org.springframework.boot.test.mock.mockito.MockitoTestExecutionListener@6d8dc329, org.springframework.boot.test.autoconfigure.SpringBootDependencyInjectionTestExecutionListener@52d1bb9c, org.springframework.test.context.support.DirtiesContextTestExecutionListener@39c437e9, org.springframework.test.context.transaction.TransactionalTestExecutionListener@7049d079, org.springframework.test.context.jdbc.SqlScriptsTestExecutionListener@735ed1d2, org.springframework.security.test.context.support.WithSecurityContextTestExecutionListener@2c8c897e, org.springframework.test.context.event.EventPublishingTestExecutionListener@34ef9879, org.springframework.security.test.context.support.ReactorContextTestExecutionListener@a9b5c85, org.springframework.boot.test.autoconfigure.restdocs.RestDocsTestExecutionListener@fcecc45, org.springframework.boot.test.autoconfigure.web.client.MockRestServiceServerResetTestExecutionListener@47c163bb, org.springframework.boot.test.autoconfigure.web.servlet.MockMvcPrintOnlyOnFailureTestExecutionListener@f25176a, org.springframework.boot.test.autoconfigure.web.servlet.WebDriverTestExecutionListener@5f8a0d7f, org.springframework.boot.test.autoconfigure.webservices.client.MockWebServiceServerTestExecutionListener@26df4e2f, org.springframework.boot.test.mock.mockito.ResetMocksTestExecutionListener@6a4f3df4]
2023-12-06 05:04:03.750  INFO 20048 --- [    Test worker] o.s.t.c.transaction.TransactionContext   : Began transaction (1) for test context [DefaultTestContext@77199818 testClass = SellerServiceTest, testInstance = net.prescent.service.SellerServiceTest@72216f0b, testMethod = signupSellerTest@SellerServiceTest, testException = [null], mergedContextConfiguration = [WebMergedContextConfiguration@3fa13835 testClass = SellerServiceTest, locations = '{}', classes = '{class net.prescent.PreScentApplication}', contextInitializerClasses = '[]', activeProfiles = '{}', propertySourceLocations = '{}', propertySourceProperties = '{org.springframework.boot.test.context.SpringBootTestContextBootstrapper=true}', contextCustomizers = set[org.springframework.boot.test.autoconfigure.actuate.metrics.MetricsExportContextCustomizerFactory$DisableMetricExportContextCustomizer@3f1c5af9, org.springframework.boot.test.autoconfigure.properties.PropertyMappingContextCustomizer@0, org.springframework.boot.test.autoconfigure.web.servlet.WebDriverContextCustomizerFactory$Customizer@44e3760b, org.springframework.boot.test.context.filter.ExcludeFilterContextCustomizer@1ddae9b5, org.springframework.boot.test.json.DuplicateJsonObjectContextCustomizerFactory$DuplicateJsonObjectContextCustomizer@2c7d121c, org.springframework.boot.test.mock.mockito.MockitoContextCustomizer@0, org.springframework.boot.test.web.client.TestRestTemplateContextCustomizer@1cd201a8, org.springframework.boot.test.web.reactive.server.WebTestClientContextCustomizer@19fe4644, org.springframework.boot.test.context.SpringBootTestArgs@1, org.springframework.boot.test.context.SpringBootTestWebEnvironment@490caf5f], resourceBasePath = 'src/main/webapp', contextLoader = 'org.springframework.boot.test.context.SpringBootContextLoader', parent = [null]], attributes = map['org.springframework.test.context.web.ServletTestExecutionListener.activateListener' -> true, 'org.springframework.test.context.web.ServletTestExecutionListener.populatedRequestContextHolder' -> true, 'org.springframework.test.context.web.ServletTestExecutionListener.resetRequestContextHolder' -> true, 'org.springframework.test.context.event.ApplicationEventsTestExecutionListener.recordApplicationEvents' -> false]]; transaction manager [org.springframework.orm.jpa.JpaTransactionManager@3c2956a6]; rollback [true]
2023-12-06 05:04:03.752 DEBUG 20048 --- [    Test worker] org.hibernate.SQL                        : 
    delete 
    from
        seller
Hibernate: 
    delete 
    from
        seller
2023-12-06 05:04:03.761 DEBUG 20048 --- [    Test worker] org.hibernate.SQL                        : 
    select
        sellerenti0_.seller_key as seller_k1_7_,
        sellerenti0_.shop_key as shop_key7_7_,
        sellerenti0_.isgrant as isgrant2_7_,
        sellerenti0_.seller_id_email as seller_i3_7_,
        sellerenti0_.seller_name as seller_n4_7_,
        sellerenti0_.seller_password as seller_p5_7_,
        sellerenti0_.seller_phonenum as seller_p6_7_ 
    from
        seller sellerenti0_ 
    where
        sellerenti0_.seller_key=?
Hibernate: 
    select
        sellerenti0_.seller_key as seller_k1_7_,
        sellerenti0_.shop_key as shop_key7_7_,
        sellerenti0_.isgrant as isgrant2_7_,
        sellerenti0_.seller_id_email as seller_i3_7_,
        sellerenti0_.seller_name as seller_n4_7_,
        sellerenti0_.seller_password as seller_p5_7_,
        sellerenti0_.seller_phonenum as seller_p6_7_ 
    from
        seller sellerenti0_ 
    where
        sellerenti0_.seller_key=?
2023-12-06 05:04:03.762 TRACE 20048 --- [    Test worker] o.h.type.descriptor.sql.BasicBinder      : binding parameter [1] as [INTEGER] - [123456789]
2023-12-06 05:04:03.840 DEBUG 20048 --- [    Test worker] org.hibernate.SQL                        : 
    select
        sellerenti0_.seller_key as seller_k1_7_0_,
        sellerenti0_.shop_key as shop_key7_7_0_,
        sellerenti0_.isgrant as isgrant2_7_0_,
        sellerenti0_.seller_id_email as seller_i3_7_0_,
        sellerenti0_.seller_name as seller_n4_7_0_,
        sellerenti0_.seller_password as seller_p5_7_0_,
        sellerenti0_.seller_phonenum as seller_p6_7_0_ 
    from
        seller sellerenti0_ 
    where
        sellerenti0_.seller_key=?
Hibernate: 
    select
        sellerenti0_.seller_key as seller_k1_7_0_,
        sellerenti0_.shop_key as shop_key7_7_0_,
        sellerenti0_.isgrant as isgrant2_7_0_,
        sellerenti0_.seller_id_email as seller_i3_7_0_,
        sellerenti0_.seller_name as seller_n4_7_0_,
        sellerenti0_.seller_password as seller_p5_7_0_,
        sellerenti0_.seller_phonenum as seller_p6_7_0_ 
    from
        seller sellerenti0_ 
    where
        sellerenti0_.seller_key=?
2023-12-06 05:04:03.841 TRACE 20048 --- [    Test worker] o.h.type.descriptor.sql.BasicBinder      : binding parameter [1] as [INTEGER] - [123456789]
2023-12-06 05:04:03.852 DEBUG 20048 --- [    Test worker] org.hibernate.SQL                        : 
    insert 
    into
        seller
        (shop_key, isgrant, seller_id_email, seller_name, seller_password, seller_phonenum, seller_key) 
    values
        (?, ?, ?, ?, ?, ?, ?)
Hibernate: 
    insert 
    into
        seller
        (shop_key, isgrant, seller_id_email, seller_name, seller_password, seller_phonenum, seller_key) 
    values
        (?, ?, ?, ?, ?, ?, ?)
2023-12-06 05:04:03.852 TRACE 20048 --- [    Test worker] o.h.type.descriptor.sql.BasicBinder      : binding parameter [1] as [INTEGER] - [null]
2023-12-06 05:04:03.852 TRACE 20048 --- [    Test worker] o.h.type.descriptor.sql.BasicBinder      : binding parameter [2] as [INTEGER] - [null]
2023-12-06 05:04:03.852 TRACE 20048 --- [    Test worker] o.h.type.descriptor.sql.BasicBinder      : binding parameter [3] as [VARCHAR] - [ajou@gmail.com]
2023-12-06 05:04:03.852 TRACE 20048 --- [    Test worker] o.h.type.descriptor.sql.BasicBinder      : binding parameter [4] as [VARCHAR] - [suhyeon]
2023-12-06 05:04:03.852 TRACE 20048 --- [    Test worker] o.h.type.descriptor.sql.BasicBinder      : binding parameter [5] as [VARCHAR] - [$2a$10$3VjooCWuGbQkqhwb0NC0.Oy3XU535dqcImRWfz5WoEIfZdLs1L27e]
2023-12-06 05:04:03.852 TRACE 20048 --- [    Test worker] o.h.type.descriptor.sql.BasicBinder      : binding parameter [6] as [VARCHAR] - [010-1111-2222]
2023-12-06 05:04:03.852 TRACE 20048 --- [    Test worker] o.h.type.descriptor.sql.BasicBinder      : binding parameter [7] as [INTEGER] - [123456789]
2023-12-06 05:04:03.860 DEBUG 20048 --- [    Test worker] org.hibernate.SQL                        : 
    select
        sellerenti0_.seller_key as seller_k1_7_,
        sellerenti0_.shop_key as shop_key7_7_,
        sellerenti0_.isgrant as isgrant2_7_,
        sellerenti0_.seller_id_email as seller_i3_7_,
        sellerenti0_.seller_name as seller_n4_7_,
        sellerenti0_.seller_password as seller_p5_7_,
        sellerenti0_.seller_phonenum as seller_p6_7_ 
    from
        seller sellerenti0_ 
    where
        sellerenti0_.seller_id_email=?
Hibernate: 
    select
        sellerenti0_.seller_key as seller_k1_7_,
        sellerenti0_.shop_key as shop_key7_7_,
        sellerenti0_.isgrant as isgrant2_7_,
        sellerenti0_.seller_id_email as seller_i3_7_,
        sellerenti0_.seller_name as seller_n4_7_,
        sellerenti0_.seller_password as seller_p5_7_,
        sellerenti0_.seller_phonenum as seller_p6_7_ 
    from
        seller sellerenti0_ 
    where
        sellerenti0_.seller_id_email=?
2023-12-06 05:04:03.861 TRACE 20048 --- [    Test worker] o.h.type.descriptor.sql.BasicBinder      : binding parameter [1] as [VARCHAR] - [ajou@gmail.com]
2023-12-06 05:04:03.945  INFO 20048 --- [    Test worker] o.s.t.c.transaction.TransactionContext   : Rolled back transaction for test: [DefaultTestContext@77199818 testClass = SellerServiceTest, testInstance = net.prescent.service.SellerServiceTest@72216f0b, testMethod = signupSellerTest@SellerServiceTest, testException = [null], mergedContextConfiguration = [WebMergedContextConfiguration@3fa13835 testClass = SellerServiceTest, locations = '{}', classes = '{class net.prescent.PreScentApplication}', contextInitializerClasses = '[]', activeProfiles = '{}', propertySourceLocations = '{}', propertySourceProperties = '{org.springframework.boot.test.context.SpringBootTestContextBootstrapper=true}', contextCustomizers = set[org.springframework.boot.test.autoconfigure.actuate.metrics.MetricsExportContextCustomizerFactory$DisableMetricExportContextCustomizer@3f1c5af9, org.springframework.boot.test.autoconfigure.properties.PropertyMappingContextCustomizer@0, org.springframework.boot.test.autoconfigure.web.servlet.WebDriverContextCustomizerFactory$Customizer@44e3760b, org.springframework.boot.test.context.filter.ExcludeFilterContextCustomizer@1ddae9b5, org.springframework.boot.test.json.DuplicateJsonObjectContextCustomizerFactory$DuplicateJsonObjectContextCustomizer@2c7d121c, org.springframework.boot.test.mock.mockito.MockitoContextCustomizer@0, org.springframework.boot.test.web.client.TestRestTemplateContextCustomizer@1cd201a8, org.springframework.boot.test.web.reactive.server.WebTestClientContextCustomizer@19fe4644, org.springframework.boot.test.context.SpringBootTestArgs@1, org.springframework.boot.test.context.SpringBootTestWebEnvironment@490caf5f], resourceBasePath = 'src/main/webapp', contextLoader = 'org.springframework.boot.test.context.SpringBootContextLoader', parent = [null]], attributes = map['org.springframework.test.context.web.ServletTestExecutionListener.activateListener' -> true, 'org.springframework.test.context.web.ServletTestExecutionListener.populatedRequestContextHolder' -> true, 'org.springframework.test.context.web.ServletTestExecutionListener.resetRequestContextHolder' -> true, 'org.springframework.test.context.event.ApplicationEventsTestExecutionListener.recordApplicationEvents' -> false]]
2023-12-06 05:04:03.955  INFO 20048 --- [    Test worker] o.s.t.c.transaction.TransactionContext   : Began transaction (1) for test context [DefaultTestContext@77199818 testClass = SellerServiceTest, testInstance = net.prescent.service.SellerServiceTest@308bd473, testMethod = signupDuplicateSellerKeyTest@SellerServiceTest, testException = [null], mergedContextConfiguration = [WebMergedContextConfiguration@3fa13835 testClass = SellerServiceTest, locations = '{}', classes = '{class net.prescent.PreScentApplication}', contextInitializerClasses = '[]', activeProfiles = '{}', propertySourceLocations = '{}', propertySourceProperties = '{org.springframework.boot.test.context.SpringBootTestContextBootstrapper=true}', contextCustomizers = set[org.springframework.boot.test.autoconfigure.actuate.metrics.MetricsExportContextCustomizerFactory$DisableMetricExportContextCustomizer@3f1c5af9, org.springframework.boot.test.autoconfigure.properties.PropertyMappingContextCustomizer@0, org.springframework.boot.test.autoconfigure.web.servlet.WebDriverContextCustomizerFactory$Customizer@44e3760b, org.springframework.boot.test.context.filter.ExcludeFilterContextCustomizer@1ddae9b5, org.springframework.boot.test.json.DuplicateJsonObjectContextCustomizerFactory$DuplicateJsonObjectContextCustomizer@2c7d121c, org.springframework.boot.test.mock.mockito.MockitoContextCustomizer@0, org.springframework.boot.test.web.client.TestRestTemplateContextCustomizer@1cd201a8, org.springframework.boot.test.web.reactive.server.WebTestClientContextCustomizer@19fe4644, org.springframework.boot.test.context.SpringBootTestArgs@1, org.springframework.boot.test.context.SpringBootTestWebEnvironment@490caf5f], resourceBasePath = 'src/main/webapp', contextLoader = 'org.springframework.boot.test.context.SpringBootContextLoader', parent = [null]], attributes = map['org.springframework.test.context.web.ServletTestExecutionListener.activateListener' -> true, 'org.springframework.test.context.web.ServletTestExecutionListener.populatedRequestContextHolder' -> true, 'org.springframework.test.context.web.ServletTestExecutionListener.resetRequestContextHolder' -> true, 'org.springframework.test.context.event.ApplicationEventsTestExecutionListener.recordApplicationEvents' -> false]]; transaction manager [org.springframework.orm.jpa.JpaTransactionManager@3c2956a6]; rollback [true]
2023-12-06 05:04:03.957 DEBUG 20048 --- [    Test worker] org.hibernate.SQL                        : 
    delete 
    from
        seller
Hibernate: 
    delete 
    from
        seller
2023-12-06 05:04:03.965 DEBUG 20048 --- [    Test worker] org.hibernate.SQL                        : 
    select
        sellerenti0_.seller_key as seller_k1_7_,
        sellerenti0_.shop_key as shop_key7_7_,
        sellerenti0_.isgrant as isgrant2_7_,
        sellerenti0_.seller_id_email as seller_i3_7_,
        sellerenti0_.seller_name as seller_n4_7_,
        sellerenti0_.seller_password as seller_p5_7_,
        sellerenti0_.seller_phonenum as seller_p6_7_ 
    from
        seller sellerenti0_ 
    where
        sellerenti0_.seller_key=?
Hibernate: 
    select
        sellerenti0_.seller_key as seller_k1_7_,
        sellerenti0_.shop_key as shop_key7_7_,
        sellerenti0_.isgrant as isgrant2_7_,
        sellerenti0_.seller_id_email as seller_i3_7_,
        sellerenti0_.seller_name as seller_n4_7_,
        sellerenti0_.seller_password as seller_p5_7_,
        sellerenti0_.seller_phonenum as seller_p6_7_ 
    from
        seller sellerenti0_ 
    where
        sellerenti0_.seller_key=?
2023-12-06 05:04:03.966 TRACE 20048 --- [    Test worker] o.h.type.descriptor.sql.BasicBinder      : binding parameter [1] as [INTEGER] - [123456789]
2023-12-06 05:04:04.044 DEBUG 20048 --- [    Test worker] org.hibernate.SQL                        : 
    select
        sellerenti0_.seller_key as seller_k1_7_0_,
        sellerenti0_.shop_key as shop_key7_7_0_,
        sellerenti0_.isgrant as isgrant2_7_0_,
        sellerenti0_.seller_id_email as seller_i3_7_0_,
        sellerenti0_.seller_name as seller_n4_7_0_,
        sellerenti0_.seller_password as seller_p5_7_0_,
        sellerenti0_.seller_phonenum as seller_p6_7_0_ 
    from
        seller sellerenti0_ 
    where
        sellerenti0_.seller_key=?
Hibernate: 
    select
        sellerenti0_.seller_key as seller_k1_7_0_,
        sellerenti0_.shop_key as shop_key7_7_0_,
        sellerenti0_.isgrant as isgrant2_7_0_,
        sellerenti0_.seller_id_email as seller_i3_7_0_,
        sellerenti0_.seller_name as seller_n4_7_0_,
        sellerenti0_.seller_password as seller_p5_7_0_,
        sellerenti0_.seller_phonenum as seller_p6_7_0_ 
    from
        seller sellerenti0_ 
    where
        sellerenti0_.seller_key=?
2023-12-06 05:04:04.044 TRACE 20048 --- [    Test worker] o.h.type.descriptor.sql.BasicBinder      : binding parameter [1] as [INTEGER] - [123456789]
2023-12-06 05:04:04.052 DEBUG 20048 --- [    Test worker] org.hibernate.SQL                        : 
    insert 
    into
        seller
        (shop_key, isgrant, seller_id_email, seller_name, seller_password, seller_phonenum, seller_key) 
    values
        (?, ?, ?, ?, ?, ?, ?)
Hibernate: 
    insert 
    into
        seller
        (shop_key, isgrant, seller_id_email, seller_name, seller_password, seller_phonenum, seller_key) 
    values
        (?, ?, ?, ?, ?, ?, ?)
2023-12-06 05:04:04.053 TRACE 20048 --- [    Test worker] o.h.type.descriptor.sql.BasicBinder      : binding parameter [1] as [INTEGER] - [null]
2023-12-06 05:04:04.053 TRACE 20048 --- [    Test worker] o.h.type.descriptor.sql.BasicBinder      : binding parameter [2] as [INTEGER] - [null]
2023-12-06 05:04:04.053 TRACE 20048 --- [    Test worker] o.h.type.descriptor.sql.BasicBinder      : binding parameter [3] as [VARCHAR] - [ajou@gmail.com]
2023-12-06 05:04:04.053 TRACE 20048 --- [    Test worker] o.h.type.descriptor.sql.BasicBinder      : binding parameter [4] as [VARCHAR] - [suhyeon]
2023-12-06 05:04:04.053 TRACE 20048 --- [    Test worker] o.h.type.descriptor.sql.BasicBinder      : binding parameter [5] as [VARCHAR] - [$2a$10$19cl5VVtN6OZuE2C5no71.5aWSYUD58C5ahZSMB7bvRhdAr/p1lCW]
2023-12-06 05:04:04.053 TRACE 20048 --- [    Test worker] o.h.type.descriptor.sql.BasicBinder      : binding parameter [6] as [VARCHAR] - [010-1111-2222]
2023-12-06 05:04:04.053 TRACE 20048 --- [    Test worker] o.h.type.descriptor.sql.BasicBinder      : binding parameter [7] as [INTEGER] - [123456789]
2023-12-06 05:04:04.062 DEBUG 20048 --- [    Test worker] org.hibernate.SQL                        : 
    select
        sellerenti0_.seller_key as seller_k1_7_,
        sellerenti0_.shop_key as shop_key7_7_,
        sellerenti0_.isgrant as isgrant2_7_,
        sellerenti0_.seller_id_email as seller_i3_7_,
        sellerenti0_.seller_name as seller_n4_7_,
        sellerenti0_.seller_password as seller_p5_7_,
        sellerenti0_.seller_phonenum as seller_p6_7_ 
    from
        seller sellerenti0_ 
    where
        sellerenti0_.seller_key=?
Hibernate: 
    select
        sellerenti0_.seller_key as seller_k1_7_,
        sellerenti0_.shop_key as shop_key7_7_,
        sellerenti0_.isgrant as isgrant2_7_,
        sellerenti0_.seller_id_email as seller_i3_7_,
        sellerenti0_.seller_name as seller_n4_7_,
        sellerenti0_.seller_password as seller_p5_7_,
        sellerenti0_.seller_phonenum as seller_p6_7_ 
    from
        seller sellerenti0_ 
    where
        sellerenti0_.seller_key=?
2023-12-06 05:04:04.063 TRACE 20048 --- [    Test worker] o.h.type.descriptor.sql.BasicBinder      : binding parameter [1] as [INTEGER] - [123456789]
2023-12-06 05:04:04.086  INFO 20048 --- [    Test worker] o.s.t.c.transaction.TransactionContext   : Rolled back transaction for test: [DefaultTestContext@77199818 testClass = SellerServiceTest, testInstance = net.prescent.service.SellerServiceTest@308bd473, testMethod = signupDuplicateSellerKeyTest@SellerServiceTest, testException = [null], mergedContextConfiguration = [WebMergedContextConfiguration@3fa13835 testClass = SellerServiceTest, locations = '{}', classes = '{class net.prescent.PreScentApplication}', contextInitializerClasses = '[]', activeProfiles = '{}', propertySourceLocations = '{}', propertySourceProperties = '{org.springframework.boot.test.context.SpringBootTestContextBootstrapper=true}', contextCustomizers = set[org.springframework.boot.test.autoconfigure.actuate.metrics.MetricsExportContextCustomizerFactory$DisableMetricExportContextCustomizer@3f1c5af9, org.springframework.boot.test.autoconfigure.properties.PropertyMappingContextCustomizer@0, org.springframework.boot.test.autoconfigure.web.servlet.WebDriverContextCustomizerFactory$Customizer@44e3760b, org.springframework.boot.test.context.filter.ExcludeFilterContextCustomizer@1ddae9b5, org.springframework.boot.test.json.DuplicateJsonObjectContextCustomizerFactory$DuplicateJsonObjectContextCustomizer@2c7d121c, org.springframework.boot.test.mock.mockito.MockitoContextCustomizer@0, org.springframework.boot.test.web.client.TestRestTemplateContextCustomizer@1cd201a8, org.springframework.boot.test.web.reactive.server.WebTestClientContextCustomizer@19fe4644, org.springframework.boot.test.context.SpringBootTestArgs@1, org.springframework.boot.test.context.SpringBootTestWebEnvironment@490caf5f], resourceBasePath = 'src/main/webapp', contextLoader = 'org.springframework.boot.test.context.SpringBootContextLoader', parent = [null]], attributes = map['org.springframework.test.context.web.ServletTestExecutionListener.activateListener' -> true, 'org.springframework.test.context.web.ServletTestExecutionListener.populatedRequestContextHolder' -> true, 'org.springframework.test.context.web.ServletTestExecutionListener.resetRequestContextHolder' -> true, 'org.springframework.test.context.event.ApplicationEventsTestExecutionListener.recordApplicationEvents' -> false]]
2023-12-06 05:04:04.095  INFO 20048 --- [    Test worker] o.s.t.c.transaction.TransactionContext   : Began transaction (1) for test context [DefaultTestContext@77199818 testClass = SellerServiceTest, testInstance = net.prescent.service.SellerServiceTest@19f3c1f7, testMethod = logoutTest@SellerServiceTest, testException = [null], mergedContextConfiguration = [WebMergedContextConfiguration@3fa13835 testClass = SellerServiceTest, locations = '{}', classes = '{class net.prescent.PreScentApplication}', contextInitializerClasses = '[]', activeProfiles = '{}', propertySourceLocations = '{}', propertySourceProperties = '{org.springframework.boot.test.context.SpringBootTestContextBootstrapper=true}', contextCustomizers = set[org.springframework.boot.test.autoconfigure.actuate.metrics.MetricsExportContextCustomizerFactory$DisableMetricExportContextCustomizer@3f1c5af9, org.springframework.boot.test.autoconfigure.properties.PropertyMappingContextCustomizer@0, org.springframework.boot.test.autoconfigure.web.servlet.WebDriverContextCustomizerFactory$Customizer@44e3760b, org.springframework.boot.test.context.filter.ExcludeFilterContextCustomizer@1ddae9b5, org.springframework.boot.test.json.DuplicateJsonObjectContextCustomizerFactory$DuplicateJsonObjectContextCustomizer@2c7d121c, org.springframework.boot.test.mock.mockito.MockitoContextCustomizer@0, org.springframework.boot.test.web.client.TestRestTemplateContextCustomizer@1cd201a8, org.springframework.boot.test.web.reactive.server.WebTestClientContextCustomizer@19fe4644, org.springframework.boot.test.context.SpringBootTestArgs@1, org.springframework.boot.test.context.SpringBootTestWebEnvironment@490caf5f], resourceBasePath = 'src/main/webapp', contextLoader = 'org.springframework.boot.test.context.SpringBootContextLoader', parent = [null]], attributes = map['org.springframework.test.context.web.ServletTestExecutionListener.activateListener' -> true, 'org.springframework.test.context.web.ServletTestExecutionListener.populatedRequestContextHolder' -> true, 'org.springframework.test.context.web.ServletTestExecutionListener.resetRequestContextHolder' -> true, 'org.springframework.test.context.event.ApplicationEventsTestExecutionListener.recordApplicationEvents' -> false]]; transaction manager [org.springframework.orm.jpa.JpaTransactionManager@3c2956a6]; rollback [true]
2023-12-06 05:04:04.096 DEBUG 20048 --- [    Test worker] org.hibernate.SQL                        : 
    delete 
    from
        seller
Hibernate: 
    delete 
    from
        seller
2023-12-06 05:04:04.104 DEBUG 20048 --- [    Test worker] org.hibernate.SQL                        : 
    select
        sellerenti0_.seller_key as seller_k1_7_,
        sellerenti0_.shop_key as shop_key7_7_,
        sellerenti0_.isgrant as isgrant2_7_,
        sellerenti0_.seller_id_email as seller_i3_7_,
        sellerenti0_.seller_name as seller_n4_7_,
        sellerenti0_.seller_password as seller_p5_7_,
        sellerenti0_.seller_phonenum as seller_p6_7_ 
    from
        seller sellerenti0_ 
    where
        sellerenti0_.seller_key=?
Hibernate: 
    select
        sellerenti0_.seller_key as seller_k1_7_,
        sellerenti0_.shop_key as shop_key7_7_,
        sellerenti0_.isgrant as isgrant2_7_,
        sellerenti0_.seller_id_email as seller_i3_7_,
        sellerenti0_.seller_name as seller_n4_7_,
        sellerenti0_.seller_password as seller_p5_7_,
        sellerenti0_.seller_phonenum as seller_p6_7_ 
    from
        seller sellerenti0_ 
    where
        sellerenti0_.seller_key=?
2023-12-06 05:04:04.105 TRACE 20048 --- [    Test worker] o.h.type.descriptor.sql.BasicBinder      : binding parameter [1] as [INTEGER] - [123456789]
2023-12-06 05:04:04.179 DEBUG 20048 --- [    Test worker] org.hibernate.SQL                        : 
    select
        sellerenti0_.seller_key as seller_k1_7_0_,
        sellerenti0_.shop_key as shop_key7_7_0_,
        sellerenti0_.isgrant as isgrant2_7_0_,
        sellerenti0_.seller_id_email as seller_i3_7_0_,
        sellerenti0_.seller_name as seller_n4_7_0_,
        sellerenti0_.seller_password as seller_p5_7_0_,
        sellerenti0_.seller_phonenum as seller_p6_7_0_ 
    from
        seller sellerenti0_ 
    where
        sellerenti0_.seller_key=?
Hibernate: 
    select
        sellerenti0_.seller_key as seller_k1_7_0_,
        sellerenti0_.shop_key as shop_key7_7_0_,
        sellerenti0_.isgrant as isgrant2_7_0_,
        sellerenti0_.seller_id_email as seller_i3_7_0_,
        sellerenti0_.seller_name as seller_n4_7_0_,
        sellerenti0_.seller_password as seller_p5_7_0_,
        sellerenti0_.seller_phonenum as seller_p6_7_0_ 
    from
        seller sellerenti0_ 
    where
        sellerenti0_.seller_key=?
2023-12-06 05:04:04.179 TRACE 20048 --- [    Test worker] o.h.type.descriptor.sql.BasicBinder      : binding parameter [1] as [INTEGER] - [123456789]
2023-12-06 05:04:04.189 DEBUG 20048 --- [    Test worker] org.hibernate.SQL                        : 
    insert 
    into
        seller
        (shop_key, isgrant, seller_id_email, seller_name, seller_password, seller_phonenum, seller_key) 
    values
        (?, ?, ?, ?, ?, ?, ?)
Hibernate: 
    insert 
    into
        seller
        (shop_key, isgrant, seller_id_email, seller_name, seller_password, seller_phonenum, seller_key) 
    values
        (?, ?, ?, ?, ?, ?, ?)
2023-12-06 05:04:04.189 TRACE 20048 --- [    Test worker] o.h.type.descriptor.sql.BasicBinder      : binding parameter [1] as [INTEGER] - [null]
2023-12-06 05:04:04.189 TRACE 20048 --- [    Test worker] o.h.type.descriptor.sql.BasicBinder      : binding parameter [2] as [INTEGER] - [null]
2023-12-06 05:04:04.189 TRACE 20048 --- [    Test worker] o.h.type.descriptor.sql.BasicBinder      : binding parameter [3] as [VARCHAR] - [ajou@gmail.com]
2023-12-06 05:04:04.189 TRACE 20048 --- [    Test worker] o.h.type.descriptor.sql.BasicBinder      : binding parameter [4] as [VARCHAR] - [suhyeon]
2023-12-06 05:04:04.189 TRACE 20048 --- [    Test worker] o.h.type.descriptor.sql.BasicBinder      : binding parameter [5] as [VARCHAR] - [$2a$10$0HHL89Rzmcc7jL48mzMg.uR5pa6qVt09gdudVVONPvE9zPezSLNXe]
2023-12-06 05:04:04.189 TRACE 20048 --- [    Test worker] o.h.type.descriptor.sql.BasicBinder      : binding parameter [6] as [VARCHAR] - [010-1111-2222]
2023-12-06 05:04:04.189 TRACE 20048 --- [    Test worker] o.h.type.descriptor.sql.BasicBinder      : binding parameter [7] as [INTEGER] - [123456789]
2023-12-06 05:04:04.197 DEBUG 20048 --- [    Test worker] org.hibernate.SQL                        : 
    select
        sellerenti0_.seller_key as seller_k1_7_,
        sellerenti0_.shop_key as shop_key7_7_,
        sellerenti0_.isgrant as isgrant2_7_,
        sellerenti0_.seller_id_email as seller_i3_7_,
        sellerenti0_.seller_name as seller_n4_7_,
        sellerenti0_.seller_password as seller_p5_7_,
        sellerenti0_.seller_phonenum as seller_p6_7_ 
    from
        seller sellerenti0_ 
    where
        sellerenti0_.seller_id_email=?
Hibernate: 
    select
        sellerenti0_.seller_key as seller_k1_7_,
        sellerenti0_.shop_key as shop_key7_7_,
        sellerenti0_.isgrant as isgrant2_7_,
        sellerenti0_.seller_id_email as seller_i3_7_,
        sellerenti0_.seller_name as seller_n4_7_,
        sellerenti0_.seller_password as seller_p5_7_,
        sellerenti0_.seller_phonenum as seller_p6_7_ 
    from
        seller sellerenti0_ 
    where
        sellerenti0_.seller_id_email=?
2023-12-06 05:04:04.198 TRACE 20048 --- [    Test worker] o.h.type.descriptor.sql.BasicBinder      : binding parameter [1] as [VARCHAR] - [ajou@gmail.com]
2023-12-06 05:04:04.273 DEBUG 20048 --- [    Test worker] org.hibernate.SQL                        : 
    select
        accesstoke0_.token as token1_0_0_,
        accesstoke0_.seller_key as seller_k2_0_0_ 
    from
        access_token accesstoke0_ 
    where
        accesstoke0_.token=?
Hibernate: 
    select
        accesstoke0_.token as token1_0_0_,
        accesstoke0_.seller_key as seller_k2_0_0_ 
    from
        access_token accesstoke0_ 
    where
        accesstoke0_.token=?
2023-12-06 05:04:04.273 TRACE 20048 --- [    Test worker] o.h.type.descriptor.sql.BasicBinder      : binding parameter [1] as [VARCHAR] - [91c60788-a941-4a7f-a5e8-18f58472de3f]
2023-12-06 05:04:04.286 DEBUG 20048 --- [    Test worker] org.hibernate.SQL                        : 
    insert 
    into
        access_token
        (seller_key, token) 
    values
        (?, ?)
Hibernate: 
    insert 
    into
        access_token
        (seller_key, token) 
    values
        (?, ?)
2023-12-06 05:04:04.286 TRACE 20048 --- [    Test worker] o.h.type.descriptor.sql.BasicBinder      : binding parameter [1] as [INTEGER] - [123456789]
2023-12-06 05:04:04.286 TRACE 20048 --- [    Test worker] o.h.type.descriptor.sql.BasicBinder      : binding parameter [2] as [VARCHAR] - [91c60788-a941-4a7f-a5e8-18f58472de3f]
2023-12-06 05:04:04.292 DEBUG 20048 --- [    Test worker] org.hibernate.SQL                        : 
    select
        accesstoke0_.token as token1_0_,
        accesstoke0_.seller_key as seller_k2_0_ 
    from
        access_token accesstoke0_ 
    where
        accesstoke0_.token=?
Hibernate: 
    select
        accesstoke0_.token as token1_0_,
        accesstoke0_.seller_key as seller_k2_0_ 
    from
        access_token accesstoke0_ 
    where
        accesstoke0_.token=?
2023-12-06 05:04:04.293 TRACE 20048 --- [    Test worker] o.h.type.descriptor.sql.BasicBinder      : binding parameter [1] as [VARCHAR] - [91c60788-a941-4a7f-a5e8-18f58472de3f]
2023-12-06 05:04:04.302 DEBUG 20048 --- [    Test worker] org.hibernate.SQL                        : 
    select
        accesstoke0_.token as token1_0_,
        accesstoke0_.seller_key as seller_k2_0_ 
    from
        access_token accesstoke0_ 
    where
        accesstoke0_.token=?
Hibernate: 
    select
        accesstoke0_.token as token1_0_,
        accesstoke0_.seller_key as seller_k2_0_ 
    from
        access_token accesstoke0_ 
    where
        accesstoke0_.token=?
2023-12-06 05:04:04.302 TRACE 20048 --- [    Test worker] o.h.type.descriptor.sql.BasicBinder      : binding parameter [1] as [VARCHAR] - [91c60788-a941-4a7f-a5e8-18f58472de3f]
2023-12-06 05:04:04.314 DEBUG 20048 --- [    Test worker] org.hibernate.SQL                        : 
    delete 
    from
        access_token 
    where
        token=?
Hibernate: 
    delete 
    from
        access_token 
    where
        token=?
2023-12-06 05:04:04.314 TRACE 20048 --- [    Test worker] o.h.type.descriptor.sql.BasicBinder      : binding parameter [1] as [VARCHAR] - [91c60788-a941-4a7f-a5e8-18f58472de3f]
2023-12-06 05:04:04.324 DEBUG 20048 --- [    Test worker] org.hibernate.SQL                        : 
    select
        accesstoke0_.token as token1_0_,
        accesstoke0_.seller_key as seller_k2_0_ 
    from
        access_token accesstoke0_ 
    where
        accesstoke0_.token=?
Hibernate: 
    select
        accesstoke0_.token as token1_0_,
        accesstoke0_.seller_key as seller_k2_0_ 
    from
        access_token accesstoke0_ 
    where
        accesstoke0_.token=?
2023-12-06 05:04:04.325 TRACE 20048 --- [    Test worker] o.h.type.descriptor.sql.BasicBinder      : binding parameter [1] as [VARCHAR] - [91c60788-a941-4a7f-a5e8-18f58472de3f]
2023-12-06 05:04:04.350  INFO 20048 --- [    Test worker] o.s.t.c.transaction.TransactionContext   : Rolled back transaction for test: [DefaultTestContext@77199818 testClass = SellerServiceTest, testInstance = net.prescent.service.SellerServiceTest@19f3c1f7, testMethod = logoutTest@SellerServiceTest, testException = [null], mergedContextConfiguration = [WebMergedContextConfiguration@3fa13835 testClass = SellerServiceTest, locations = '{}', classes = '{class net.prescent.PreScentApplication}', contextInitializerClasses = '[]', activeProfiles = '{}', propertySourceLocations = '{}', propertySourceProperties = '{org.springframework.boot.test.context.SpringBootTestContextBootstrapper=true}', contextCustomizers = set[org.springframework.boot.test.autoconfigure.actuate.metrics.MetricsExportContextCustomizerFactory$DisableMetricExportContextCustomizer@3f1c5af9, org.springframework.boot.test.autoconfigure.properties.PropertyMappingContextCustomizer@0, org.springframework.boot.test.autoconfigure.web.servlet.WebDriverContextCustomizerFactory$Customizer@44e3760b, org.springframework.boot.test.context.filter.ExcludeFilterContextCustomizer@1ddae9b5, org.springframework.boot.test.json.DuplicateJsonObjectContextCustomizerFactory$DuplicateJsonObjectContextCustomizer@2c7d121c, org.springframework.boot.test.mock.mockito.MockitoContextCustomizer@0, org.springframework.boot.test.web.client.TestRestTemplateContextCustomizer@1cd201a8, org.springframework.boot.test.web.reactive.server.WebTestClientContextCustomizer@19fe4644, org.springframework.boot.test.context.SpringBootTestArgs@1, org.springframework.boot.test.context.SpringBootTestWebEnvironment@490caf5f], resourceBasePath = 'src/main/webapp', contextLoader = 'org.springframework.boot.test.context.SpringBootContextLoader', parent = [null]], attributes = map['org.springframework.test.context.web.ServletTestExecutionListener.activateListener' -> true, 'org.springframework.test.context.web.ServletTestExecutionListener.populatedRequestContextHolder' -> true, 'org.springframework.test.context.web.ServletTestExecutionListener.resetRequestContextHolder' -> true, 'org.springframework.test.context.event.ApplicationEventsTestExecutionListener.recordApplicationEvents' -> false]]
2023-12-06 05:04:04.360  INFO 20048 --- [    Test worker] o.s.t.c.transaction.TransactionContext   : Began transaction (1) for test context [DefaultTestContext@77199818 testClass = SellerServiceTest, testInstance = net.prescent.service.SellerServiceTest@33681da, testMethod = loginFailureWrongPasswordTest@SellerServiceTest, testException = [null], mergedContextConfiguration = [WebMergedContextConfiguration@3fa13835 testClass = SellerServiceTest, locations = '{}', classes = '{class net.prescent.PreScentApplication}', contextInitializerClasses = '[]', activeProfiles = '{}', propertySourceLocations = '{}', propertySourceProperties = '{org.springframework.boot.test.context.SpringBootTestContextBootstrapper=true}', contextCustomizers = set[org.springframework.boot.test.autoconfigure.actuate.metrics.MetricsExportContextCustomizerFactory$DisableMetricExportContextCustomizer@3f1c5af9, org.springframework.boot.test.autoconfigure.properties.PropertyMappingContextCustomizer@0, org.springframework.boot.test.autoconfigure.web.servlet.WebDriverContextCustomizerFactory$Customizer@44e3760b, org.springframework.boot.test.context.filter.ExcludeFilterContextCustomizer@1ddae9b5, org.springframework.boot.test.json.DuplicateJsonObjectContextCustomizerFactory$DuplicateJsonObjectContextCustomizer@2c7d121c, org.springframework.boot.test.mock.mockito.MockitoContextCustomizer@0, org.springframework.boot.test.web.client.TestRestTemplateContextCustomizer@1cd201a8, org.springframework.boot.test.web.reactive.server.WebTestClientContextCustomizer@19fe4644, org.springframework.boot.test.context.SpringBootTestArgs@1, org.springframework.boot.test.context.SpringBootTestWebEnvironment@490caf5f], resourceBasePath = 'src/main/webapp', contextLoader = 'org.springframework.boot.test.context.SpringBootContextLoader', parent = [null]], attributes = map['org.springframework.test.context.web.ServletTestExecutionListener.activateListener' -> true, 'org.springframework.test.context.web.ServletTestExecutionListener.populatedRequestContextHolder' -> true, 'org.springframework.test.context.web.ServletTestExecutionListener.resetRequestContextHolder' -> true, 'org.springframework.test.context.event.ApplicationEventsTestExecutionListener.recordApplicationEvents' -> false]]; transaction manager [org.springframework.orm.jpa.JpaTransactionManager@3c2956a6]; rollback [true]
2023-12-06 05:04:04.361 DEBUG 20048 --- [    Test worker] org.hibernate.SQL                        : 
    delete 
    from
        seller
Hibernate: 
    delete 
    from
        seller
2023-12-06 05:04:04.368 DEBUG 20048 --- [    Test worker] org.hibernate.SQL                        : 
    select
        sellerenti0_.seller_key as seller_k1_7_,
        sellerenti0_.shop_key as shop_key7_7_,
        sellerenti0_.isgrant as isgrant2_7_,
        sellerenti0_.seller_id_email as seller_i3_7_,
        sellerenti0_.seller_name as seller_n4_7_,
        sellerenti0_.seller_password as seller_p5_7_,
        sellerenti0_.seller_phonenum as seller_p6_7_ 
    from
        seller sellerenti0_ 
    where
        sellerenti0_.seller_key=?
Hibernate: 
    select
        sellerenti0_.seller_key as seller_k1_7_,
        sellerenti0_.shop_key as shop_key7_7_,
        sellerenti0_.isgrant as isgrant2_7_,
        sellerenti0_.seller_id_email as seller_i3_7_,
        sellerenti0_.seller_name as seller_n4_7_,
        sellerenti0_.seller_password as seller_p5_7_,
        sellerenti0_.seller_phonenum as seller_p6_7_ 
    from
        seller sellerenti0_ 
    where
        sellerenti0_.seller_key=?
2023-12-06 05:04:04.368 TRACE 20048 --- [    Test worker] o.h.type.descriptor.sql.BasicBinder      : binding parameter [1] as [INTEGER] - [123456789]
2023-12-06 05:04:04.441 DEBUG 20048 --- [    Test worker] org.hibernate.SQL                        : 
    select
        sellerenti0_.seller_key as seller_k1_7_0_,
        sellerenti0_.shop_key as shop_key7_7_0_,
        sellerenti0_.isgrant as isgrant2_7_0_,
        sellerenti0_.seller_id_email as seller_i3_7_0_,
        sellerenti0_.seller_name as seller_n4_7_0_,
        sellerenti0_.seller_password as seller_p5_7_0_,
        sellerenti0_.seller_phonenum as seller_p6_7_0_ 
    from
        seller sellerenti0_ 
    where
        sellerenti0_.seller_key=?
Hibernate: 
    select
        sellerenti0_.seller_key as seller_k1_7_0_,
        sellerenti0_.shop_key as shop_key7_7_0_,
        sellerenti0_.isgrant as isgrant2_7_0_,
        sellerenti0_.seller_id_email as seller_i3_7_0_,
        sellerenti0_.seller_name as seller_n4_7_0_,
        sellerenti0_.seller_password as seller_p5_7_0_,
        sellerenti0_.seller_phonenum as seller_p6_7_0_ 
    from
        seller sellerenti0_ 
    where
        sellerenti0_.seller_key=?
2023-12-06 05:04:04.441 TRACE 20048 --- [    Test worker] o.h.type.descriptor.sql.BasicBinder      : binding parameter [1] as [INTEGER] - [123456789]
2023-12-06 05:04:04.451 DEBUG 20048 --- [    Test worker] org.hibernate.SQL                        : 
    insert 
    into
        seller
        (shop_key, isgrant, seller_id_email, seller_name, seller_password, seller_phonenum, seller_key) 
    values
        (?, ?, ?, ?, ?, ?, ?)
Hibernate: 
    insert 
    into
        seller
        (shop_key, isgrant, seller_id_email, seller_name, seller_password, seller_phonenum, seller_key) 
    values
        (?, ?, ?, ?, ?, ?, ?)
2023-12-06 05:04:04.451 TRACE 20048 --- [    Test worker] o.h.type.descriptor.sql.BasicBinder      : binding parameter [1] as [INTEGER] - [null]
2023-12-06 05:04:04.451 TRACE 20048 --- [    Test worker] o.h.type.descriptor.sql.BasicBinder      : binding parameter [2] as [INTEGER] - [null]
2023-12-06 05:04:04.452 TRACE 20048 --- [    Test worker] o.h.type.descriptor.sql.BasicBinder      : binding parameter [3] as [VARCHAR] - [ajou@gmail.com]
2023-12-06 05:04:04.452 TRACE 20048 --- [    Test worker] o.h.type.descriptor.sql.BasicBinder      : binding parameter [4] as [VARCHAR] - [suhyeon]
2023-12-06 05:04:04.452 TRACE 20048 --- [    Test worker] o.h.type.descriptor.sql.BasicBinder      : binding parameter [5] as [VARCHAR] - [$2a$10$myzimcKaTzgBHg6uTf.eJOSKzyNARaF1G2PHTfu2xtkOxddia3V2W]
2023-12-06 05:04:04.452 TRACE 20048 --- [    Test worker] o.h.type.descriptor.sql.BasicBinder      : binding parameter [6] as [VARCHAR] - [010-1111-2222]
2023-12-06 05:04:04.452 TRACE 20048 --- [    Test worker] o.h.type.descriptor.sql.BasicBinder      : binding parameter [7] as [INTEGER] - [123456789]
2023-12-06 05:04:04.459 DEBUG 20048 --- [    Test worker] org.hibernate.SQL                        : 
    select
        sellerenti0_.seller_key as seller_k1_7_,
        sellerenti0_.shop_key as shop_key7_7_,
        sellerenti0_.isgrant as isgrant2_7_,
        sellerenti0_.seller_id_email as seller_i3_7_,
        sellerenti0_.seller_name as seller_n4_7_,
        sellerenti0_.seller_password as seller_p5_7_,
        sellerenti0_.seller_phonenum as seller_p6_7_ 
    from
        seller sellerenti0_ 
    where
        sellerenti0_.seller_id_email=?
Hibernate: 
    select
        sellerenti0_.seller_key as seller_k1_7_,
        sellerenti0_.shop_key as shop_key7_7_,
        sellerenti0_.isgrant as isgrant2_7_,
        sellerenti0_.seller_id_email as seller_i3_7_,
        sellerenti0_.seller_name as seller_n4_7_,
        sellerenti0_.seller_password as seller_p5_7_,
        sellerenti0_.seller_phonenum as seller_p6_7_ 
    from
        seller sellerenti0_ 
    where
        sellerenti0_.seller_id_email=?
2023-12-06 05:04:04.459 TRACE 20048 --- [    Test worker] o.h.type.descriptor.sql.BasicBinder      : binding parameter [1] as [VARCHAR] - [ajou@gmail.com]
2023-12-06 05:04:04.545  INFO 20048 --- [    Test worker] o.s.t.c.transaction.TransactionContext   : Rolled back transaction for test: [DefaultTestContext@77199818 testClass = SellerServiceTest, testInstance = net.prescent.service.SellerServiceTest@33681da, testMethod = loginFailureWrongPasswordTest@SellerServiceTest, testException = [null], mergedContextConfiguration = [WebMergedContextConfiguration@3fa13835 testClass = SellerServiceTest, locations = '{}', classes = '{class net.prescent.PreScentApplication}', contextInitializerClasses = '[]', activeProfiles = '{}', propertySourceLocations = '{}', propertySourceProperties = '{org.springframework.boot.test.context.SpringBootTestContextBootstrapper=true}', contextCustomizers = set[org.springframework.boot.test.autoconfigure.actuate.metrics.MetricsExportContextCustomizerFactory$DisableMetricExportContextCustomizer@3f1c5af9, org.springframework.boot.test.autoconfigure.properties.PropertyMappingContextCustomizer@0, org.springframework.boot.test.autoconfigure.web.servlet.WebDriverContextCustomizerFactory$Customizer@44e3760b, org.springframework.boot.test.context.filter.ExcludeFilterContextCustomizer@1ddae9b5, org.springframework.boot.test.json.DuplicateJsonObjectContextCustomizerFactory$DuplicateJsonObjectContextCustomizer@2c7d121c, org.springframework.boot.test.mock.mockito.MockitoContextCustomizer@0, org.springframework.boot.test.web.client.TestRestTemplateContextCustomizer@1cd201a8, org.springframework.boot.test.web.reactive.server.WebTestClientContextCustomizer@19fe4644, org.springframework.boot.test.context.SpringBootTestArgs@1, org.springframework.boot.test.context.SpringBootTestWebEnvironment@490caf5f], resourceBasePath = 'src/main/webapp', contextLoader = 'org.springframework.boot.test.context.SpringBootContextLoader', parent = [null]], attributes = map['org.springframework.test.context.web.ServletTestExecutionListener.activateListener' -> true, 'org.springframework.test.context.web.ServletTestExecutionListener.populatedRequestContextHolder' -> true, 'org.springframework.test.context.web.ServletTestExecutionListener.resetRequestContextHolder' -> true, 'org.springframework.test.context.event.ApplicationEventsTestExecutionListener.recordApplicationEvents' -> false]]
2023-12-06 05:04:04.555  INFO 20048 --- [    Test worker] o.s.t.c.transaction.TransactionContext   : Began transaction (1) for test context [DefaultTestContext@77199818 testClass = SellerServiceTest, testInstance = net.prescent.service.SellerServiceTest@252bc7ec, testMethod = loginSuccessTest@SellerServiceTest, testException = [null], mergedContextConfiguration = [WebMergedContextConfiguration@3fa13835 testClass = SellerServiceTest, locations = '{}', classes = '{class net.prescent.PreScentApplication}', contextInitializerClasses = '[]', activeProfiles = '{}', propertySourceLocations = '{}', propertySourceProperties = '{org.springframework.boot.test.context.SpringBootTestContextBootstrapper=true}', contextCustomizers = set[org.springframework.boot.test.autoconfigure.actuate.metrics.MetricsExportContextCustomizerFactory$DisableMetricExportContextCustomizer@3f1c5af9, org.springframework.boot.test.autoconfigure.properties.PropertyMappingContextCustomizer@0, org.springframework.boot.test.autoconfigure.web.servlet.WebDriverContextCustomizerFactory$Customizer@44e3760b, org.springframework.boot.test.context.filter.ExcludeFilterContextCustomizer@1ddae9b5, org.springframework.boot.test.json.DuplicateJsonObjectContextCustomizerFactory$DuplicateJsonObjectContextCustomizer@2c7d121c, org.springframework.boot.test.mock.mockito.MockitoContextCustomizer@0, org.springframework.boot.test.web.client.TestRestTemplateContextCustomizer@1cd201a8, org.springframework.boot.test.web.reactive.server.WebTestClientContextCustomizer@19fe4644, org.springframework.boot.test.context.SpringBootTestArgs@1, org.springframework.boot.test.context.SpringBootTestWebEnvironment@490caf5f], resourceBasePath = 'src/main/webapp', contextLoader = 'org.springframework.boot.test.context.SpringBootContextLoader', parent = [null]], attributes = map['org.springframework.test.context.web.ServletTestExecutionListener.activateListener' -> true, 'org.springframework.test.context.web.ServletTestExecutionListener.populatedRequestContextHolder' -> true, 'org.springframework.test.context.web.ServletTestExecutionListener.resetRequestContextHolder' -> true, 'org.springframework.test.context.event.ApplicationEventsTestExecutionListener.recordApplicationEvents' -> false]]; transaction manager [org.springframework.orm.jpa.JpaTransactionManager@3c2956a6]; rollback [true]
2023-12-06 05:04:04.556 DEBUG 20048 --- [    Test worker] org.hibernate.SQL                        : 
    delete 
    from
        seller
Hibernate: 
    delete 
    from
        seller
2023-12-06 05:04:04.563 DEBUG 20048 --- [    Test worker] org.hibernate.SQL                        : 
    select
        sellerenti0_.seller_key as seller_k1_7_,
        sellerenti0_.shop_key as shop_key7_7_,
        sellerenti0_.isgrant as isgrant2_7_,
        sellerenti0_.seller_id_email as seller_i3_7_,
        sellerenti0_.seller_name as seller_n4_7_,
        sellerenti0_.seller_password as seller_p5_7_,
        sellerenti0_.seller_phonenum as seller_p6_7_ 
    from
        seller sellerenti0_ 
    where
        sellerenti0_.seller_key=?
Hibernate: 
    select
        sellerenti0_.seller_key as seller_k1_7_,
        sellerenti0_.shop_key as shop_key7_7_,
        sellerenti0_.isgrant as isgrant2_7_,
        sellerenti0_.seller_id_email as seller_i3_7_,
        sellerenti0_.seller_name as seller_n4_7_,
        sellerenti0_.seller_password as seller_p5_7_,
        sellerenti0_.seller_phonenum as seller_p6_7_ 
    from
        seller sellerenti0_ 
    where
        sellerenti0_.seller_key=?
2023-12-06 05:04:04.563 TRACE 20048 --- [    Test worker] o.h.type.descriptor.sql.BasicBinder      : binding parameter [1] as [INTEGER] - [123456789]
2023-12-06 05:04:04.633 DEBUG 20048 --- [    Test worker] org.hibernate.SQL                        : 
    select
        sellerenti0_.seller_key as seller_k1_7_0_,
        sellerenti0_.shop_key as shop_key7_7_0_,
        sellerenti0_.isgrant as isgrant2_7_0_,
        sellerenti0_.seller_id_email as seller_i3_7_0_,
        sellerenti0_.seller_name as seller_n4_7_0_,
        sellerenti0_.seller_password as seller_p5_7_0_,
        sellerenti0_.seller_phonenum as seller_p6_7_0_ 
    from
        seller sellerenti0_ 
    where
        sellerenti0_.seller_key=?
Hibernate: 
    select
        sellerenti0_.seller_key as seller_k1_7_0_,
        sellerenti0_.shop_key as shop_key7_7_0_,
        sellerenti0_.isgrant as isgrant2_7_0_,
        sellerenti0_.seller_id_email as seller_i3_7_0_,
        sellerenti0_.seller_name as seller_n4_7_0_,
        sellerenti0_.seller_password as seller_p5_7_0_,
        sellerenti0_.seller_phonenum as seller_p6_7_0_ 
    from
        seller sellerenti0_ 
    where
        sellerenti0_.seller_key=?
2023-12-06 05:04:04.633 TRACE 20048 --- [    Test worker] o.h.type.descriptor.sql.BasicBinder      : binding parameter [1] as [INTEGER] - [123456789]
2023-12-06 05:04:04.642 DEBUG 20048 --- [    Test worker] org.hibernate.SQL                        : 
    insert 
    into
        seller
        (shop_key, isgrant, seller_id_email, seller_name, seller_password, seller_phonenum, seller_key) 
    values
        (?, ?, ?, ?, ?, ?, ?)
Hibernate: 
    insert 
    into
        seller
        (shop_key, isgrant, seller_id_email, seller_name, seller_password, seller_phonenum, seller_key) 
    values
        (?, ?, ?, ?, ?, ?, ?)
2023-12-06 05:04:04.643 TRACE 20048 --- [    Test worker] o.h.type.descriptor.sql.BasicBinder      : binding parameter [1] as [INTEGER] - [null]
2023-12-06 05:04:04.643 TRACE 20048 --- [    Test worker] o.h.type.descriptor.sql.BasicBinder      : binding parameter [2] as [INTEGER] - [null]
2023-12-06 05:04:04.643 TRACE 20048 --- [    Test worker] o.h.type.descriptor.sql.BasicBinder      : binding parameter [3] as [VARCHAR] - [ajou@gmail.com]
2023-12-06 05:04:04.643 TRACE 20048 --- [    Test worker] o.h.type.descriptor.sql.BasicBinder      : binding parameter [4] as [VARCHAR] - [suhyeon]
2023-12-06 05:04:04.643 TRACE 20048 --- [    Test worker] o.h.type.descriptor.sql.BasicBinder      : binding parameter [5] as [VARCHAR] - [$2a$10$qzw52MiClAHRpJX5451JUeA4WGHhzoBDU.3KAd25SmvxAEm.FDFEm]
2023-12-06 05:04:04.643 TRACE 20048 --- [    Test worker] o.h.type.descriptor.sql.BasicBinder      : binding parameter [6] as [VARCHAR] - [010-1111-2222]
2023-12-06 05:04:04.643 TRACE 20048 --- [    Test worker] o.h.type.descriptor.sql.BasicBinder      : binding parameter [7] as [INTEGER] - [123456789]
2023-12-06 05:04:04.650 DEBUG 20048 --- [    Test worker] org.hibernate.SQL                        : 
    select
        sellerenti0_.seller_key as seller_k1_7_,
        sellerenti0_.shop_key as shop_key7_7_,
        sellerenti0_.isgrant as isgrant2_7_,
        sellerenti0_.seller_id_email as seller_i3_7_,
        sellerenti0_.seller_name as seller_n4_7_,
        sellerenti0_.seller_password as seller_p5_7_,
        sellerenti0_.seller_phonenum as seller_p6_7_ 
    from
        seller sellerenti0_ 
    where
        sellerenti0_.seller_id_email=?
Hibernate: 
    select
        sellerenti0_.seller_key as seller_k1_7_,
        sellerenti0_.shop_key as shop_key7_7_,
        sellerenti0_.isgrant as isgrant2_7_,
        sellerenti0_.seller_id_email as seller_i3_7_,
        sellerenti0_.seller_name as seller_n4_7_,
        sellerenti0_.seller_password as seller_p5_7_,
        sellerenti0_.seller_phonenum as seller_p6_7_ 
    from
        seller sellerenti0_ 
    where
        sellerenti0_.seller_id_email=?
2023-12-06 05:04:04.651 TRACE 20048 --- [    Test worker] o.h.type.descriptor.sql.BasicBinder      : binding parameter [1] as [VARCHAR] - [ajou@gmail.com]
2023-12-06 05:04:04.729 DEBUG 20048 --- [    Test worker] org.hibernate.SQL                        : 
    select
        accesstoke0_.token as token1_0_0_,
        accesstoke0_.seller_key as seller_k2_0_0_ 
    from
        access_token accesstoke0_ 
    where
        accesstoke0_.token=?
Hibernate: 
    select
        accesstoke0_.token as token1_0_0_,
        accesstoke0_.seller_key as seller_k2_0_0_ 
    from
        access_token accesstoke0_ 
    where
        accesstoke0_.token=?
2023-12-06 05:04:04.729 TRACE 20048 --- [    Test worker] o.h.type.descriptor.sql.BasicBinder      : binding parameter [1] as [VARCHAR] - [a699efd1-15e2-4a23-ab7a-b7c3fe255f77]
2023-12-06 05:04:04.739 DEBUG 20048 --- [    Test worker] org.hibernate.SQL                        : 
    insert 
    into
        access_token
        (seller_key, token) 
    values
        (?, ?)
Hibernate: 
    insert 
    into
        access_token
        (seller_key, token) 
    values
        (?, ?)
2023-12-06 05:04:04.739 TRACE 20048 --- [    Test worker] o.h.type.descriptor.sql.BasicBinder      : binding parameter [1] as [INTEGER] - [123456789]
2023-12-06 05:04:04.739 TRACE 20048 --- [    Test worker] o.h.type.descriptor.sql.BasicBinder      : binding parameter [2] as [VARCHAR] - [a699efd1-15e2-4a23-ab7a-b7c3fe255f77]
2023-12-06 05:04:04.748 DEBUG 20048 --- [    Test worker] org.hibernate.SQL                        : 
    select
        accesstoke0_.token as token1_0_,
        accesstoke0_.seller_key as seller_k2_0_ 
    from
        access_token accesstoke0_ 
    where
        accesstoke0_.token=?
Hibernate: 
    select
        accesstoke0_.token as token1_0_,
        accesstoke0_.seller_key as seller_k2_0_ 
    from
        access_token accesstoke0_ 
    where
        accesstoke0_.token=?
2023-12-06 05:04:04.749 TRACE 20048 --- [    Test worker] o.h.type.descriptor.sql.BasicBinder      : binding parameter [1] as [VARCHAR] - [a699efd1-15e2-4a23-ab7a-b7c3fe255f77]
2023-12-06 05:04:04.771  INFO 20048 --- [    Test worker] o.s.t.c.transaction.TransactionContext   : Rolled back transaction for test: [DefaultTestContext@77199818 testClass = SellerServiceTest, testInstance = net.prescent.service.SellerServiceTest@252bc7ec, testMethod = loginSuccessTest@SellerServiceTest, testException = [null], mergedContextConfiguration = [WebMergedContextConfiguration@3fa13835 testClass = SellerServiceTest, locations = '{}', classes = '{class net.prescent.PreScentApplication}', contextInitializerClasses = '[]', activeProfiles = '{}', propertySourceLocations = '{}', propertySourceProperties = '{org.springframework.boot.test.context.SpringBootTestContextBootstrapper=true}', contextCustomizers = set[org.springframework.boot.test.autoconfigure.actuate.metrics.MetricsExportContextCustomizerFactory$DisableMetricExportContextCustomizer@3f1c5af9, org.springframework.boot.test.autoconfigure.properties.PropertyMappingContextCustomizer@0, org.springframework.boot.test.autoconfigure.web.servlet.WebDriverContextCustomizerFactory$Customizer@44e3760b, org.springframework.boot.test.context.filter.ExcludeFilterContextCustomizer@1ddae9b5, org.springframework.boot.test.json.DuplicateJsonObjectContextCustomizerFactory$DuplicateJsonObjectContextCustomizer@2c7d121c, org.springframework.boot.test.mock.mockito.MockitoContextCustomizer@0, org.springframework.boot.test.web.client.TestRestTemplateContextCustomizer@1cd201a8, org.springframework.boot.test.web.reactive.server.WebTestClientContextCustomizer@19fe4644, org.springframework.boot.test.context.SpringBootTestArgs@1, org.springframework.boot.test.context.SpringBootTestWebEnvironment@490caf5f], resourceBasePath = 'src/main/webapp', contextLoader = 'org.springframework.boot.test.context.SpringBootContextLoader', parent = [null]], attributes = map['org.springframework.test.context.web.ServletTestExecutionListener.activateListener' -> true, 'org.springframework.test.context.web.ServletTestExecutionListener.populatedRequestContextHolder' -> true, 'org.springframework.test.context.web.ServletTestExecutionListener.resetRequestContextHolder' -> true, 'org.springframework.test.context.event.ApplicationEventsTestExecutionListener.recordApplicationEvents' -> false]]
2023-12-06 05:04:04.779  INFO 20048 --- [    Test worker] o.s.t.c.transaction.TransactionContext   : Began transaction (1) for test context [DefaultTestContext@77199818 testClass = SellerServiceTest, testInstance = net.prescent.service.SellerServiceTest@8941d98, testMethod = loginFailureWrongIdTest@SellerServiceTest, testException = [null], mergedContextConfiguration = [WebMergedContextConfiguration@3fa13835 testClass = SellerServiceTest, locations = '{}', classes = '{class net.prescent.PreScentApplication}', contextInitializerClasses = '[]', activeProfiles = '{}', propertySourceLocations = '{}', propertySourceProperties = '{org.springframework.boot.test.context.SpringBootTestContextBootstrapper=true}', contextCustomizers = set[org.springframework.boot.test.autoconfigure.actuate.metrics.MetricsExportContextCustomizerFactory$DisableMetricExportContextCustomizer@3f1c5af9, org.springframework.boot.test.autoconfigure.properties.PropertyMappingContextCustomizer@0, org.springframework.boot.test.autoconfigure.web.servlet.WebDriverContextCustomizerFactory$Customizer@44e3760b, org.springframework.boot.test.context.filter.ExcludeFilterContextCustomizer@1ddae9b5, org.springframework.boot.test.json.DuplicateJsonObjectContextCustomizerFactory$DuplicateJsonObjectContextCustomizer@2c7d121c, org.springframework.boot.test.mock.mockito.MockitoContextCustomizer@0, org.springframework.boot.test.web.client.TestRestTemplateContextCustomizer@1cd201a8, org.springframework.boot.test.web.reactive.server.WebTestClientContextCustomizer@19fe4644, org.springframework.boot.test.context.SpringBootTestArgs@1, org.springframework.boot.test.context.SpringBootTestWebEnvironment@490caf5f], resourceBasePath = 'src/main/webapp', contextLoader = 'org.springframework.boot.test.context.SpringBootContextLoader', parent = [null]], attributes = map['org.springframework.test.context.web.ServletTestExecutionListener.activateListener' -> true, 'org.springframework.test.context.web.ServletTestExecutionListener.populatedRequestContextHolder' -> true, 'org.springframework.test.context.web.ServletTestExecutionListener.resetRequestContextHolder' -> true, 'org.springframework.test.context.event.ApplicationEventsTestExecutionListener.recordApplicationEvents' -> false]]; transaction manager [org.springframework.orm.jpa.JpaTransactionManager@3c2956a6]; rollback [true]
2023-12-06 05:04:04.780 DEBUG 20048 --- [    Test worker] org.hibernate.SQL                        : 
    delete 
    from
        seller
Hibernate: 
    delete 
    from
        seller
2023-12-06 05:04:04.787 DEBUG 20048 --- [    Test worker] org.hibernate.SQL                        : 
    select
        sellerenti0_.seller_key as seller_k1_7_,
        sellerenti0_.shop_key as shop_key7_7_,
        sellerenti0_.isgrant as isgrant2_7_,
        sellerenti0_.seller_id_email as seller_i3_7_,
        sellerenti0_.seller_name as seller_n4_7_,
        sellerenti0_.seller_password as seller_p5_7_,
        sellerenti0_.seller_phonenum as seller_p6_7_ 
    from
        seller sellerenti0_ 
    where
        sellerenti0_.seller_key=?
Hibernate: 
    select
        sellerenti0_.seller_key as seller_k1_7_,
        sellerenti0_.shop_key as shop_key7_7_,
        sellerenti0_.isgrant as isgrant2_7_,
        sellerenti0_.seller_id_email as seller_i3_7_,
        sellerenti0_.seller_name as seller_n4_7_,
        sellerenti0_.seller_password as seller_p5_7_,
        sellerenti0_.seller_phonenum as seller_p6_7_ 
    from
        seller sellerenti0_ 
    where
        sellerenti0_.seller_key=?
2023-12-06 05:04:04.787 TRACE 20048 --- [    Test worker] o.h.type.descriptor.sql.BasicBinder      : binding parameter [1] as [INTEGER] - [123456789]
2023-12-06 05:04:04.862 DEBUG 20048 --- [    Test worker] org.hibernate.SQL                        : 
    select
        sellerenti0_.seller_key as seller_k1_7_0_,
        sellerenti0_.shop_key as shop_key7_7_0_,
        sellerenti0_.isgrant as isgrant2_7_0_,
        sellerenti0_.seller_id_email as seller_i3_7_0_,
        sellerenti0_.seller_name as seller_n4_7_0_,
        sellerenti0_.seller_password as seller_p5_7_0_,
        sellerenti0_.seller_phonenum as seller_p6_7_0_ 
    from
        seller sellerenti0_ 
    where
        sellerenti0_.seller_key=?
Hibernate: 
    select
        sellerenti0_.seller_key as seller_k1_7_0_,
        sellerenti0_.shop_key as shop_key7_7_0_,
        sellerenti0_.isgrant as isgrant2_7_0_,
        sellerenti0_.seller_id_email as seller_i3_7_0_,
        sellerenti0_.seller_name as seller_n4_7_0_,
        sellerenti0_.seller_password as seller_p5_7_0_,
        sellerenti0_.seller_phonenum as seller_p6_7_0_ 
    from
        seller sellerenti0_ 
    where
        sellerenti0_.seller_key=?
2023-12-06 05:04:04.862 TRACE 20048 --- [    Test worker] o.h.type.descriptor.sql.BasicBinder      : binding parameter [1] as [INTEGER] - [123456789]
2023-12-06 05:04:04.870 DEBUG 20048 --- [    Test worker] org.hibernate.SQL                        : 
    insert 
    into
        seller
        (shop_key, isgrant, seller_id_email, seller_name, seller_password, seller_phonenum, seller_key) 
    values
        (?, ?, ?, ?, ?, ?, ?)
Hibernate: 
    insert 
    into
        seller
        (shop_key, isgrant, seller_id_email, seller_name, seller_password, seller_phonenum, seller_key) 
    values
        (?, ?, ?, ?, ?, ?, ?)
2023-12-06 05:04:04.871 TRACE 20048 --- [    Test worker] o.h.type.descriptor.sql.BasicBinder      : binding parameter [1] as [INTEGER] - [null]
2023-12-06 05:04:04.871 TRACE 20048 --- [    Test worker] o.h.type.descriptor.sql.BasicBinder      : binding parameter [2] as [INTEGER] - [null]
2023-12-06 05:04:04.871 TRACE 20048 --- [    Test worker] o.h.type.descriptor.sql.BasicBinder      : binding parameter [3] as [VARCHAR] - [ajou@gmail.com]
2023-12-06 05:04:04.871 TRACE 20048 --- [    Test worker] o.h.type.descriptor.sql.BasicBinder      : binding parameter [4] as [VARCHAR] - [suhyeon]
2023-12-06 05:04:04.871 TRACE 20048 --- [    Test worker] o.h.type.descriptor.sql.BasicBinder      : binding parameter [5] as [VARCHAR] - [$2a$10$Wh9U2doCV2dv67gfl0XvxOYLGmAXDbKYVfWkOQdaBMNWLbYQvIpKy]
2023-12-06 05:04:04.871 TRACE 20048 --- [    Test worker] o.h.type.descriptor.sql.BasicBinder      : binding parameter [6] as [VARCHAR] - [010-1111-2222]
2023-12-06 05:04:04.871 TRACE 20048 --- [    Test worker] o.h.type.descriptor.sql.BasicBinder      : binding parameter [7] as [INTEGER] - [123456789]
2023-12-06 05:04:04.879 DEBUG 20048 --- [    Test worker] org.hibernate.SQL                        : 
    select
        sellerenti0_.seller_key as seller_k1_7_,
        sellerenti0_.shop_key as shop_key7_7_,
        sellerenti0_.isgrant as isgrant2_7_,
        sellerenti0_.seller_id_email as seller_i3_7_,
        sellerenti0_.seller_name as seller_n4_7_,
        sellerenti0_.seller_password as seller_p5_7_,
        sellerenti0_.seller_phonenum as seller_p6_7_ 
    from
        seller sellerenti0_ 
    where
        sellerenti0_.seller_id_email=?
Hibernate: 
    select
        sellerenti0_.seller_key as seller_k1_7_,
        sellerenti0_.shop_key as shop_key7_7_,
        sellerenti0_.isgrant as isgrant2_7_,
        sellerenti0_.seller_id_email as seller_i3_7_,
        sellerenti0_.seller_name as seller_n4_7_,
        sellerenti0_.seller_password as seller_p5_7_,
        sellerenti0_.seller_phonenum as seller_p6_7_ 
    from
        seller sellerenti0_ 
    where
        sellerenti0_.seller_id_email=?
2023-12-06 05:04:04.879 TRACE 20048 --- [    Test worker] o.h.type.descriptor.sql.BasicBinder      : binding parameter [1] as [VARCHAR] - [wrongemail@gmail.com]
2023-12-06 05:04:04.902  INFO 20048 --- [    Test worker] o.s.t.c.transaction.TransactionContext   : Rolled back transaction for test: [DefaultTestContext@77199818 testClass = SellerServiceTest, testInstance = net.prescent.service.SellerServiceTest@8941d98, testMethod = loginFailureWrongIdTest@SellerServiceTest, testException = [null], mergedContextConfiguration = [WebMergedContextConfiguration@3fa13835 testClass = SellerServiceTest, locations = '{}', classes = '{class net.prescent.PreScentApplication}', contextInitializerClasses = '[]', activeProfiles = '{}', propertySourceLocations = '{}', propertySourceProperties = '{org.springframework.boot.test.context.SpringBootTestContextBootstrapper=true}', contextCustomizers = set[org.springframework.boot.test.autoconfigure.actuate.metrics.MetricsExportContextCustomizerFactory$DisableMetricExportContextCustomizer@3f1c5af9, org.springframework.boot.test.autoconfigure.properties.PropertyMappingContextCustomizer@0, org.springframework.boot.test.autoconfigure.web.servlet.WebDriverContextCustomizerFactory$Customizer@44e3760b, org.springframework.boot.test.context.filter.ExcludeFilterContextCustomizer@1ddae9b5, org.springframework.boot.test.json.DuplicateJsonObjectContextCustomizerFactory$DuplicateJsonObjectContextCustomizer@2c7d121c, org.springframework.boot.test.mock.mockito.MockitoContextCustomizer@0, org.springframework.boot.test.web.client.TestRestTemplateContextCustomizer@1cd201a8, org.springframework.boot.test.web.reactive.server.WebTestClientContextCustomizer@19fe4644, org.springframework.boot.test.context.SpringBootTestArgs@1, org.springframework.boot.test.context.SpringBootTestWebEnvironment@490caf5f], resourceBasePath = 'src/main/webapp', contextLoader = 'org.springframework.boot.test.context.SpringBootContextLoader', parent = [null]], attributes = map['org.springframework.test.context.web.ServletTestExecutionListener.activateListener' -> true, 'org.springframework.test.context.web.ServletTestExecutionListener.populatedRequestContextHolder' -> true, 'org.springframework.test.context.web.ServletTestExecutionListener.resetRequestContextHolder' -> true, 'org.springframework.test.context.event.ApplicationEventsTestExecutionListener.recordApplicationEvents' -> false]]
]]></system-out>
  <system-err><![CDATA[]]></system-err>
</testsuite>
