<?xml version="1.0" encoding="UTF-8"?>
<testsuite name="Unknown.PreScent.service.SellerServiceTest" tests="2" skipped="0" failures="0" errors="0" timestamp="2023-11-18T11:01:27" hostname="SWSEO_LT" time="0.757">
  <properties/>
  <testcase name="판매자 회원가입 테스트" classname="Unknown.PreScent.service.SellerServiceTest" time="0.525"/>
  <testcase name="중복 사업자번호 가입 테스트" classname="Unknown.PreScent.service.SellerServiceTest" time="0.229"/>
  <system-out><![CDATA[2023-11-18 20:01:27.930  INFO 19828 --- [    Test worker] .b.t.c.SpringBootTestContextBootstrapper : Neither @ContextConfiguration nor @ContextHierarchy found for test class [Unknown.PreScent.service.SellerServiceTest], using SpringBootContextLoader
2023-11-18 20:01:27.933  INFO 19828 --- [    Test worker] o.s.t.c.support.AbstractContextLoader    : Could not detect default resource locations for test class [Unknown.PreScent.service.SellerServiceTest]: no resource found for suffixes {-context.xml, Context.groovy}.
2023-11-18 20:01:27.934  INFO 19828 --- [    Test worker] t.c.s.AnnotationConfigContextLoaderUtils : Could not detect default configuration classes for test class [Unknown.PreScent.service.SellerServiceTest]: SellerServiceTest does not declare any static, non-private, non-final, nested classes annotated with @Configuration.
2023-11-18 20:01:27.940  INFO 19828 --- [    Test worker] .b.t.c.SpringBootTestContextBootstrapper : Found @SpringBootConfiguration Unknown.PreScent.PreScentApplication for test class Unknown.PreScent.service.SellerServiceTest
2023-11-18 20:01:27.947  INFO 19828 --- [    Test worker] .b.t.c.SpringBootTestContextBootstrapper : Loaded default TestExecutionListener class names from location [META-INF/spring.factories]: [org.springframework.security.test.context.support.WithSecurityContextTestExecutionListener, org.springframework.security.test.context.support.ReactorContextTestExecutionListener, org.springframework.boot.test.autoconfigure.restdocs.RestDocsTestExecutionListener, org.springframework.boot.test.autoconfigure.web.client.MockRestServiceServerResetTestExecutionListener, org.springframework.boot.test.autoconfigure.web.servlet.MockMvcPrintOnlyOnFailureTestExecutionListener, org.springframework.boot.test.autoconfigure.web.servlet.WebDriverTestExecutionListener, org.springframework.boot.test.autoconfigure.webservices.client.MockWebServiceServerTestExecutionListener, org.springframework.boot.test.mock.mockito.MockitoTestExecutionListener, org.springframework.boot.test.mock.mockito.ResetMocksTestExecutionListener, org.springframework.test.context.web.ServletTestExecutionListener, org.springframework.test.context.support.DirtiesContextBeforeModesTestExecutionListener, org.springframework.test.context.event.ApplicationEventsTestExecutionListener, org.springframework.test.context.support.DependencyInjectionTestExecutionListener, org.springframework.test.context.support.DirtiesContextTestExecutionListener, org.springframework.test.context.transaction.TransactionalTestExecutionListener, org.springframework.test.context.jdbc.SqlScriptsTestExecutionListener, org.springframework.test.context.event.EventPublishingTestExecutionListener]
2023-11-18 20:01:27.951  INFO 19828 --- [    Test worker] .b.t.c.SpringBootTestContextBootstrapper : Using TestExecutionListeners: [org.springframework.test.context.web.ServletTestExecutionListener@1e8c741c, org.springframework.test.context.support.DirtiesContextBeforeModesTestExecutionListener@60f70c9e, org.springframework.test.context.event.ApplicationEventsTestExecutionListener@6db64abf, org.springframework.boot.test.mock.mockito.MockitoTestExecutionListener@34714012, org.springframework.boot.test.autoconfigure.SpringBootDependencyInjectionTestExecutionListener@49a0fe14, org.springframework.test.context.support.DirtiesContextTestExecutionListener@11eb8842, org.springframework.test.context.transaction.TransactionalTestExecutionListener@4ed7db72, org.springframework.test.context.jdbc.SqlScriptsTestExecutionListener@7018636a, org.springframework.security.test.context.support.WithSecurityContextTestExecutionListener@3e866323, org.springframework.test.context.event.EventPublishingTestExecutionListener@73624529, org.springframework.security.test.context.support.ReactorContextTestExecutionListener@31e1c7c, org.springframework.boot.test.autoconfigure.restdocs.RestDocsTestExecutionListener@30ae3c46, org.springframework.boot.test.autoconfigure.web.client.MockRestServiceServerResetTestExecutionListener@3dbcde0b, org.springframework.boot.test.autoconfigure.web.servlet.MockMvcPrintOnlyOnFailureTestExecutionListener@5c168f98, org.springframework.boot.test.autoconfigure.web.servlet.WebDriverTestExecutionListener@2f98859a, org.springframework.boot.test.autoconfigure.webservices.client.MockWebServiceServerTestExecutionListener@6e95c023, org.springframework.boot.test.mock.mockito.ResetMocksTestExecutionListener@3582077c]
2023-11-18 20:01:27.978 DEBUG 19828 --- [    Test worker] org.hibernate.SQL                        : 
    delete 
    from
        seller
Hibernate: 
    delete 
    from
        seller
2023-11-18 20:01:28.014 DEBUG 19828 --- [    Test worker] org.hibernate.SQL                        : 
    select
        sellerenti0_.seller_key as seller_k1_3_,
        sellerenti0_.shop_key as shop_key7_3_,
        sellerenti0_.isgrant as isgrant2_3_,
        sellerenti0_.seller_id_email as seller_i3_3_,
        sellerenti0_.seller_name as seller_n4_3_,
        sellerenti0_.seller_password as seller_p5_3_,
        sellerenti0_.seller_phonenum as seller_p6_3_ 
    from
        seller sellerenti0_ 
    where
        sellerenti0_.seller_key=?
Hibernate: 
    select
        sellerenti0_.seller_key as seller_k1_3_,
        sellerenti0_.shop_key as shop_key7_3_,
        sellerenti0_.isgrant as isgrant2_3_,
        sellerenti0_.seller_id_email as seller_i3_3_,
        sellerenti0_.seller_name as seller_n4_3_,
        sellerenti0_.seller_password as seller_p5_3_,
        sellerenti0_.seller_phonenum as seller_p6_3_ 
    from
        seller sellerenti0_ 
    where
        sellerenti0_.seller_key=?
2023-11-18 20:01:28.016 TRACE 19828 --- [    Test worker] o.h.type.descriptor.sql.BasicBinder      : binding parameter [1] as [INTEGER] - [123456789]
2023-11-18 20:01:28.243 DEBUG 19828 --- [    Test worker] org.hibernate.SQL                        : 
    select
        sellerenti0_.seller_key as seller_k1_3_0_,
        sellerenti0_.shop_key as shop_key7_3_0_,
        sellerenti0_.isgrant as isgrant2_3_0_,
        sellerenti0_.seller_id_email as seller_i3_3_0_,
        sellerenti0_.seller_name as seller_n4_3_0_,
        sellerenti0_.seller_password as seller_p5_3_0_,
        sellerenti0_.seller_phonenum as seller_p6_3_0_ 
    from
        seller sellerenti0_ 
    where
        sellerenti0_.seller_key=?
Hibernate: 
    select
        sellerenti0_.seller_key as seller_k1_3_0_,
        sellerenti0_.shop_key as shop_key7_3_0_,
        sellerenti0_.isgrant as isgrant2_3_0_,
        sellerenti0_.seller_id_email as seller_i3_3_0_,
        sellerenti0_.seller_name as seller_n4_3_0_,
        sellerenti0_.seller_password as seller_p5_3_0_,
        sellerenti0_.seller_phonenum as seller_p6_3_0_ 
    from
        seller sellerenti0_ 
    where
        sellerenti0_.seller_key=?
2023-11-18 20:01:28.243 TRACE 19828 --- [    Test worker] o.h.type.descriptor.sql.BasicBinder      : binding parameter [1] as [INTEGER] - [123456789]
2023-11-18 20:01:28.257 DEBUG 19828 --- [    Test worker] org.hibernate.SQL                        : 
    insert 
    into
        seller
        (shop_key, isgrant, seller_id_email, seller_name, seller_password, seller_phonenum, seller_key) 
    values
        (?, ?, ?, ?, ?, ?, ?)
Hibernate: 
    insert 
    into
        seller
        (shop_key, isgrant, seller_id_email, seller_name, seller_password, seller_phonenum, seller_key) 
    values
        (?, ?, ?, ?, ?, ?, ?)
2023-11-18 20:01:28.257 TRACE 19828 --- [    Test worker] o.h.type.descriptor.sql.BasicBinder      : binding parameter [1] as [INTEGER] - [null]
2023-11-18 20:01:28.259 TRACE 19828 --- [    Test worker] o.h.type.descriptor.sql.BasicBinder      : binding parameter [2] as [INTEGER] - [null]
2023-11-18 20:01:28.259 TRACE 19828 --- [    Test worker] o.h.type.descriptor.sql.BasicBinder      : binding parameter [3] as [VARCHAR] - [ajou@gmail.com]
2023-11-18 20:01:28.259 TRACE 19828 --- [    Test worker] o.h.type.descriptor.sql.BasicBinder      : binding parameter [4] as [VARCHAR] - [suhyeon]
2023-11-18 20:01:28.259 TRACE 19828 --- [    Test worker] o.h.type.descriptor.sql.BasicBinder      : binding parameter [5] as [VARCHAR] - [$2a$10$mBAuj7xdJwdItEFEXG24rO.v3FHLFY7trrwdg1A/T/j69AopR50Ea]
2023-11-18 20:01:28.260 TRACE 19828 --- [    Test worker] o.h.type.descriptor.sql.BasicBinder      : binding parameter [6] as [VARCHAR] - [010-1111-2222]
2023-11-18 20:01:28.260 TRACE 19828 --- [    Test worker] o.h.type.descriptor.sql.BasicBinder      : binding parameter [7] as [INTEGER] - [123456789]
2023-11-18 20:01:28.285 DEBUG 19828 --- [    Test worker] org.hibernate.SQL                        : 
    select
        sellerenti0_.seller_key as seller_k1_3_,
        sellerenti0_.shop_key as shop_key7_3_,
        sellerenti0_.isgrant as isgrant2_3_,
        sellerenti0_.seller_id_email as seller_i3_3_,
        sellerenti0_.seller_name as seller_n4_3_,
        sellerenti0_.seller_password as seller_p5_3_,
        sellerenti0_.seller_phonenum as seller_p6_3_ 
    from
        seller sellerenti0_ 
    where
        sellerenti0_.seller_key=?
Hibernate: 
    select
        sellerenti0_.seller_key as seller_k1_3_,
        sellerenti0_.shop_key as shop_key7_3_,
        sellerenti0_.isgrant as isgrant2_3_,
        sellerenti0_.seller_id_email as seller_i3_3_,
        sellerenti0_.seller_name as seller_n4_3_,
        sellerenti0_.seller_password as seller_p5_3_,
        sellerenti0_.seller_phonenum as seller_p6_3_ 
    from
        seller sellerenti0_ 
    where
        sellerenti0_.seller_key=?
2023-11-18 20:01:28.287 TRACE 19828 --- [    Test worker] o.h.type.descriptor.sql.BasicBinder      : binding parameter [1] as [INTEGER] - [123456789]
2023-11-18 20:01:28.505 DEBUG 19828 --- [    Test worker] org.hibernate.SQL                        : 
    delete 
    from
        seller
Hibernate: 
    delete 
    from
        seller
2023-11-18 20:01:28.534 DEBUG 19828 --- [    Test worker] org.hibernate.SQL                        : 
    select
        sellerenti0_.seller_key as seller_k1_3_,
        sellerenti0_.shop_key as shop_key7_3_,
        sellerenti0_.isgrant as isgrant2_3_,
        sellerenti0_.seller_id_email as seller_i3_3_,
        sellerenti0_.seller_name as seller_n4_3_,
        sellerenti0_.seller_password as seller_p5_3_,
        sellerenti0_.seller_phonenum as seller_p6_3_ 
    from
        seller sellerenti0_ 
    where
        sellerenti0_.seller_key=?
Hibernate: 
    select
        sellerenti0_.seller_key as seller_k1_3_,
        sellerenti0_.shop_key as shop_key7_3_,
        sellerenti0_.isgrant as isgrant2_3_,
        sellerenti0_.seller_id_email as seller_i3_3_,
        sellerenti0_.seller_name as seller_n4_3_,
        sellerenti0_.seller_password as seller_p5_3_,
        sellerenti0_.seller_phonenum as seller_p6_3_ 
    from
        seller sellerenti0_ 
    where
        sellerenti0_.seller_key=?
2023-11-18 20:01:28.535 TRACE 19828 --- [    Test worker] o.h.type.descriptor.sql.BasicBinder      : binding parameter [1] as [INTEGER] - [123456789]
2023-11-18 20:01:28.650 DEBUG 19828 --- [    Test worker] org.hibernate.SQL                        : 
    select
        sellerenti0_.seller_key as seller_k1_3_0_,
        sellerenti0_.shop_key as shop_key7_3_0_,
        sellerenti0_.isgrant as isgrant2_3_0_,
        sellerenti0_.seller_id_email as seller_i3_3_0_,
        sellerenti0_.seller_name as seller_n4_3_0_,
        sellerenti0_.seller_password as seller_p5_3_0_,
        sellerenti0_.seller_phonenum as seller_p6_3_0_ 
    from
        seller sellerenti0_ 
    where
        sellerenti0_.seller_key=?
Hibernate: 
    select
        sellerenti0_.seller_key as seller_k1_3_0_,
        sellerenti0_.shop_key as shop_key7_3_0_,
        sellerenti0_.isgrant as isgrant2_3_0_,
        sellerenti0_.seller_id_email as seller_i3_3_0_,
        sellerenti0_.seller_name as seller_n4_3_0_,
        sellerenti0_.seller_password as seller_p5_3_0_,
        sellerenti0_.seller_phonenum as seller_p6_3_0_ 
    from
        seller sellerenti0_ 
    where
        sellerenti0_.seller_key=?
2023-11-18 20:01:28.651 TRACE 19828 --- [    Test worker] o.h.type.descriptor.sql.BasicBinder      : binding parameter [1] as [INTEGER] - [123456789]
2023-11-18 20:01:28.658 DEBUG 19828 --- [    Test worker] org.hibernate.SQL                        : 
    insert 
    into
        seller
        (shop_key, isgrant, seller_id_email, seller_name, seller_password, seller_phonenum, seller_key) 
    values
        (?, ?, ?, ?, ?, ?, ?)
Hibernate: 
    insert 
    into
        seller
        (shop_key, isgrant, seller_id_email, seller_name, seller_password, seller_phonenum, seller_key) 
    values
        (?, ?, ?, ?, ?, ?, ?)
2023-11-18 20:01:28.659 TRACE 19828 --- [    Test worker] o.h.type.descriptor.sql.BasicBinder      : binding parameter [1] as [INTEGER] - [null]
2023-11-18 20:01:28.660 TRACE 19828 --- [    Test worker] o.h.type.descriptor.sql.BasicBinder      : binding parameter [2] as [INTEGER] - [null]
2023-11-18 20:01:28.660 TRACE 19828 --- [    Test worker] o.h.type.descriptor.sql.BasicBinder      : binding parameter [3] as [VARCHAR] - [ajou@gmail.com]
2023-11-18 20:01:28.661 TRACE 19828 --- [    Test worker] o.h.type.descriptor.sql.BasicBinder      : binding parameter [4] as [VARCHAR] - [suhyeon]
2023-11-18 20:01:28.661 TRACE 19828 --- [    Test worker] o.h.type.descriptor.sql.BasicBinder      : binding parameter [5] as [VARCHAR] - [$2a$10$PdBL8IWef6DSa/cnRNjOHedxePQ5pToTJYdHrSTziEUPbnrIz6cUW]
2023-11-18 20:01:28.662 TRACE 19828 --- [    Test worker] o.h.type.descriptor.sql.BasicBinder      : binding parameter [6] as [VARCHAR] - [010-1111-2222]
2023-11-18 20:01:28.662 TRACE 19828 --- [    Test worker] o.h.type.descriptor.sql.BasicBinder      : binding parameter [7] as [INTEGER] - [123456789]
2023-11-18 20:01:28.693 DEBUG 19828 --- [    Test worker] org.hibernate.SQL                        : 
    select
        sellerenti0_.seller_key as seller_k1_3_,
        sellerenti0_.shop_key as shop_key7_3_,
        sellerenti0_.isgrant as isgrant2_3_,
        sellerenti0_.seller_id_email as seller_i3_3_,
        sellerenti0_.seller_name as seller_n4_3_,
        sellerenti0_.seller_password as seller_p5_3_,
        sellerenti0_.seller_phonenum as seller_p6_3_ 
    from
        seller sellerenti0_ 
    where
        sellerenti0_.seller_key=?
Hibernate: 
    select
        sellerenti0_.seller_key as seller_k1_3_,
        sellerenti0_.shop_key as shop_key7_3_,
        sellerenti0_.isgrant as isgrant2_3_,
        sellerenti0_.seller_id_email as seller_i3_3_,
        sellerenti0_.seller_name as seller_n4_3_,
        sellerenti0_.seller_password as seller_p5_3_,
        sellerenti0_.seller_phonenum as seller_p6_3_ 
    from
        seller sellerenti0_ 
    where
        sellerenti0_.seller_key=?
2023-11-18 20:01:28.694 TRACE 19828 --- [    Test worker] o.h.type.descriptor.sql.BasicBinder      : binding parameter [1] as [INTEGER] - [123456789]
]]></system-out>
  <system-err><![CDATA[]]></system-err>
</testsuite>
