<?xml version="1.0" encoding="UTF-8"?>
<testsuite name="net.prescent.service.SellerServiceTest" tests="6" skipped="0" failures="0" errors="0" timestamp="2023-11-28T10:46:04" hostname="DESKTOP-KHMF9AU" time="3.443">
  <properties/>
  <testcase name="판매자 회원가입 테스트" classname="net.prescent.service.SellerServiceTest" time="0.558"/>
  <testcase name="중복 사업자번호 가입 테스트" classname="net.prescent.service.SellerServiceTest" time="0.383"/>
  <testcase name="판매자 로그아웃 테스트" classname="net.prescent.service.SellerServiceTest" time="0.828"/>
  <testcase name="판매자 로그인 실패 - 잘못된 비밀번호 테스트" classname="net.prescent.service.SellerServiceTest" time="0.598"/>
  <testcase name="판매자 로그인 성공 테스트" classname="net.prescent.service.SellerServiceTest" time="0.686"/>
  <testcase name="판매자 로그인 실패 - 잘못된 Email 테스트" classname="net.prescent.service.SellerServiceTest" time="0.379"/>
  <system-out><![CDATA[2023-11-28 19:46:04.487  INFO 26036 --- [    Test worker] .b.t.c.SpringBootTestContextBootstrapper : Neither @ContextConfiguration nor @ContextHierarchy found for test class [net.prescent.service.SellerServiceTest], using SpringBootContextLoader
2023-11-28 19:46:04.488  INFO 26036 --- [    Test worker] o.s.t.c.support.AbstractContextLoader    : Could not detect default resource locations for test class [net.prescent.service.SellerServiceTest]: no resource found for suffixes {-context.xml, Context.groovy}.
2023-11-28 19:46:04.489  INFO 26036 --- [    Test worker] t.c.s.AnnotationConfigContextLoaderUtils : Could not detect default configuration classes for test class [net.prescent.service.SellerServiceTest]: SellerServiceTest does not declare any static, non-private, non-final, nested classes annotated with @Configuration.
2023-11-28 19:46:04.492  INFO 26036 --- [    Test worker] .b.t.c.SpringBootTestContextBootstrapper : Found @SpringBootConfiguration net.prescent.PreScentApplication for test class net.prescent.service.SellerServiceTest
2023-11-28 19:46:04.493  INFO 26036 --- [    Test worker] .b.t.c.SpringBootTestContextBootstrapper : Loaded default TestExecutionListener class names from location [META-INF/spring.factories]: [org.springframework.security.test.context.support.WithSecurityContextTestExecutionListener, org.springframework.security.test.context.support.ReactorContextTestExecutionListener, org.springframework.boot.test.autoconfigure.restdocs.RestDocsTestExecutionListener, org.springframework.boot.test.autoconfigure.web.client.MockRestServiceServerResetTestExecutionListener, org.springframework.boot.test.autoconfigure.web.servlet.MockMvcPrintOnlyOnFailureTestExecutionListener, org.springframework.boot.test.autoconfigure.web.servlet.WebDriverTestExecutionListener, org.springframework.boot.test.autoconfigure.webservices.client.MockWebServiceServerTestExecutionListener, org.springframework.boot.test.mock.mockito.MockitoTestExecutionListener, org.springframework.boot.test.mock.mockito.ResetMocksTestExecutionListener, org.springframework.test.context.web.ServletTestExecutionListener, org.springframework.test.context.support.DirtiesContextBeforeModesTestExecutionListener, org.springframework.test.context.event.ApplicationEventsTestExecutionListener, org.springframework.test.context.support.DependencyInjectionTestExecutionListener, org.springframework.test.context.support.DirtiesContextTestExecutionListener, org.springframework.test.context.transaction.TransactionalTestExecutionListener, org.springframework.test.context.jdbc.SqlScriptsTestExecutionListener, org.springframework.test.context.event.EventPublishingTestExecutionListener]
2023-11-28 19:46:04.494  INFO 26036 --- [    Test worker] .b.t.c.SpringBootTestContextBootstrapper : Using TestExecutionListeners: [org.springframework.test.context.web.ServletTestExecutionListener@175111e, org.springframework.test.context.support.DirtiesContextBeforeModesTestExecutionListener@c74c99, org.springframework.test.context.event.ApplicationEventsTestExecutionListener@1b5056e, org.springframework.boot.test.mock.mockito.MockitoTestExecutionListener@f1db5f, org.springframework.boot.test.autoconfigure.SpringBootDependencyInjectionTestExecutionListener@105cd7e, org.springframework.test.context.support.DirtiesContextTestExecutionListener@1e8e183, org.springframework.test.context.transaction.TransactionalTestExecutionListener@6b08a5, org.springframework.test.context.jdbc.SqlScriptsTestExecutionListener@980154, org.springframework.security.test.context.support.WithSecurityContextTestExecutionListener@1874884, org.springframework.test.context.event.EventPublishingTestExecutionListener@135414e, org.springframework.security.test.context.support.ReactorContextTestExecutionListener@14f51ad, org.springframework.boot.test.autoconfigure.restdocs.RestDocsTestExecutionListener@1c976b1, org.springframework.boot.test.autoconfigure.web.client.MockRestServiceServerResetTestExecutionListener@95cb24, org.springframework.boot.test.autoconfigure.web.servlet.MockMvcPrintOnlyOnFailureTestExecutionListener@1f3c0c9, org.springframework.boot.test.autoconfigure.web.servlet.WebDriverTestExecutionListener@ec35e3, org.springframework.boot.test.autoconfigure.webservices.client.MockWebServiceServerTestExecutionListener@68a2b1, org.springframework.boot.test.mock.mockito.ResetMocksTestExecutionListener@268f73]
2023-11-28 19:46:04.527  INFO 26036 --- [    Test worker] o.s.t.c.transaction.TransactionContext   : Began transaction (1) for test context [DefaultTestContext@1e4bd8f testClass = SellerServiceTest, testInstance = net.prescent.service.SellerServiceTest@13e65d5, testMethod = signupSellerTest@SellerServiceTest, testException = [null], mergedContextConfiguration = [WebMergedContextConfiguration@97b4b8 testClass = SellerServiceTest, locations = '{}', classes = '{class net.prescent.PreScentApplication}', contextInitializerClasses = '[]', activeProfiles = '{}', propertySourceLocations = '{}', propertySourceProperties = '{org.springframework.boot.test.context.SpringBootTestContextBootstrapper=true}', contextCustomizers = set[org.springframework.boot.test.autoconfigure.actuate.metrics.MetricsExportContextCustomizerFactory$DisableMetricExportContextCustomizer@54db99, org.springframework.boot.test.autoconfigure.properties.PropertyMappingContextCustomizer@0, org.springframework.boot.test.autoconfigure.web.servlet.WebDriverContextCustomizerFactory$Customizer@1e5f0ef, org.springframework.boot.test.context.filter.ExcludeFilterContextCustomizer@f57b3d, org.springframework.boot.test.json.DuplicateJsonObjectContextCustomizerFactory$DuplicateJsonObjectContextCustomizer@260766, org.springframework.boot.test.mock.mockito.MockitoContextCustomizer@0, org.springframework.boot.test.web.client.TestRestTemplateContextCustomizer@625ccd, org.springframework.boot.test.web.reactive.server.WebTestClientContextCustomizer@fde30a, org.springframework.boot.test.context.SpringBootTestArgs@1, org.springframework.boot.test.context.SpringBootTestWebEnvironment@dec700], resourceBasePath = 'src/main/webapp', contextLoader = 'org.springframework.boot.test.context.SpringBootContextLoader', parent = [null]], attributes = map['org.springframework.test.context.web.ServletTestExecutionListener.activateListener' -> true, 'org.springframework.test.context.web.ServletTestExecutionListener.populatedRequestContextHolder' -> true, 'org.springframework.test.context.web.ServletTestExecutionListener.resetRequestContextHolder' -> true, 'org.springframework.test.context.event.ApplicationEventsTestExecutionListener.recordApplicationEvents' -> false]]; transaction manager [org.springframework.orm.jpa.JpaTransactionManager@9cfd5f]; rollback [true]
2023-11-28 19:46:04.533 DEBUG 26036 --- [    Test worker] org.hibernate.SQL                        : 
    delete 
    from
        seller
Hibernate: 
    delete 
    from
        seller
2023-11-28 19:46:04.558 DEBUG 26036 --- [    Test worker] org.hibernate.SQL                        : 
    select
        sellerenti0_.seller_key as seller_k1_5_,
        sellerenti0_.shop_key as shop_key7_5_,
        sellerenti0_.isgrant as isgrant2_5_,
        sellerenti0_.seller_id_email as seller_i3_5_,
        sellerenti0_.seller_name as seller_n4_5_,
        sellerenti0_.seller_password as seller_p5_5_,
        sellerenti0_.seller_phonenum as seller_p6_5_ 
    from
        seller sellerenti0_ 
    where
        sellerenti0_.seller_key=?
Hibernate: 
    select
        sellerenti0_.seller_key as seller_k1_5_,
        sellerenti0_.shop_key as shop_key7_5_,
        sellerenti0_.isgrant as isgrant2_5_,
        sellerenti0_.seller_id_email as seller_i3_5_,
        sellerenti0_.seller_name as seller_n4_5_,
        sellerenti0_.seller_password as seller_p5_5_,
        sellerenti0_.seller_phonenum as seller_p6_5_ 
    from
        seller sellerenti0_ 
    where
        sellerenti0_.seller_key=?
2023-11-28 19:46:04.559 TRACE 26036 --- [    Test worker] o.h.type.descriptor.sql.BasicBinder      : binding parameter [1] as [INTEGER] - [123456789]
2023-11-28 19:46:04.768 DEBUG 26036 --- [    Test worker] org.hibernate.SQL                        : 
    select
        sellerenti0_.seller_key as seller_k1_5_0_,
        sellerenti0_.shop_key as shop_key7_5_0_,
        sellerenti0_.isgrant as isgrant2_5_0_,
        sellerenti0_.seller_id_email as seller_i3_5_0_,
        sellerenti0_.seller_name as seller_n4_5_0_,
        sellerenti0_.seller_password as seller_p5_5_0_,
        sellerenti0_.seller_phonenum as seller_p6_5_0_ 
    from
        seller sellerenti0_ 
    where
        sellerenti0_.seller_key=?
Hibernate: 
    select
        sellerenti0_.seller_key as seller_k1_5_0_,
        sellerenti0_.shop_key as shop_key7_5_0_,
        sellerenti0_.isgrant as isgrant2_5_0_,
        sellerenti0_.seller_id_email as seller_i3_5_0_,
        sellerenti0_.seller_name as seller_n4_5_0_,
        sellerenti0_.seller_password as seller_p5_5_0_,
        sellerenti0_.seller_phonenum as seller_p6_5_0_ 
    from
        seller sellerenti0_ 
    where
        sellerenti0_.seller_key=?
2023-11-28 19:46:04.769 TRACE 26036 --- [    Test worker] o.h.type.descriptor.sql.BasicBinder      : binding parameter [1] as [INTEGER] - [123456789]
2023-11-28 19:46:04.808 DEBUG 26036 --- [    Test worker] org.hibernate.SQL                        : 
    insert 
    into
        seller
        (shop_key, isgrant, seller_id_email, seller_name, seller_password, seller_phonenum, seller_key) 
    values
        (?, ?, ?, ?, ?, ?, ?)
Hibernate: 
    insert 
    into
        seller
        (shop_key, isgrant, seller_id_email, seller_name, seller_password, seller_phonenum, seller_key) 
    values
        (?, ?, ?, ?, ?, ?, ?)
2023-11-28 19:46:04.809 TRACE 26036 --- [    Test worker] o.h.type.descriptor.sql.BasicBinder      : binding parameter [1] as [INTEGER] - [null]
2023-11-28 19:46:04.809 TRACE 26036 --- [    Test worker] o.h.type.descriptor.sql.BasicBinder      : binding parameter [2] as [INTEGER] - [null]
2023-11-28 19:46:04.809 TRACE 26036 --- [    Test worker] o.h.type.descriptor.sql.BasicBinder      : binding parameter [3] as [VARCHAR] - [ajou@gmail.com]
2023-11-28 19:46:04.810 TRACE 26036 --- [    Test worker] o.h.type.descriptor.sql.BasicBinder      : binding parameter [4] as [VARCHAR] - [suhyeon]
2023-11-28 19:46:04.810 TRACE 26036 --- [    Test worker] o.h.type.descriptor.sql.BasicBinder      : binding parameter [5] as [VARCHAR] - [$2a$10$fIGw1PV6EP7opGW1PiDOOOUYUFgzFQ.6JU.qxIP5DEJE/CDW.nZ4G]
2023-11-28 19:46:04.810 TRACE 26036 --- [    Test worker] o.h.type.descriptor.sql.BasicBinder      : binding parameter [6] as [VARCHAR] - [010-1111-2222]
2023-11-28 19:46:04.810 TRACE 26036 --- [    Test worker] o.h.type.descriptor.sql.BasicBinder      : binding parameter [7] as [INTEGER] - [123456789]
2023-11-28 19:46:04.841 DEBUG 26036 --- [    Test worker] org.hibernate.SQL                        : 
    select
        sellerenti0_.seller_key as seller_k1_5_,
        sellerenti0_.shop_key as shop_key7_5_,
        sellerenti0_.isgrant as isgrant2_5_,
        sellerenti0_.seller_id_email as seller_i3_5_,
        sellerenti0_.seller_name as seller_n4_5_,
        sellerenti0_.seller_password as seller_p5_5_,
        sellerenti0_.seller_phonenum as seller_p6_5_ 
    from
        seller sellerenti0_ 
    where
        sellerenti0_.seller_id_email=?
Hibernate: 
    select
        sellerenti0_.seller_key as seller_k1_5_,
        sellerenti0_.shop_key as shop_key7_5_,
        sellerenti0_.isgrant as isgrant2_5_,
        sellerenti0_.seller_id_email as seller_i3_5_,
        sellerenti0_.seller_name as seller_n4_5_,
        sellerenti0_.seller_password as seller_p5_5_,
        sellerenti0_.seller_phonenum as seller_p6_5_ 
    from
        seller sellerenti0_ 
    where
        sellerenti0_.seller_id_email=?
2023-11-28 19:46:04.842 TRACE 26036 --- [    Test worker] o.h.type.descriptor.sql.BasicBinder      : binding parameter [1] as [VARCHAR] - [ajou@gmail.com]
2023-11-28 19:46:05.057  INFO 26036 --- [    Test worker] o.s.t.c.transaction.TransactionContext   : Rolled back transaction for test: [DefaultTestContext@1e4bd8f testClass = SellerServiceTest, testInstance = net.prescent.service.SellerServiceTest@13e65d5, testMethod = signupSellerTest@SellerServiceTest, testException = [null], mergedContextConfiguration = [WebMergedContextConfiguration@97b4b8 testClass = SellerServiceTest, locations = '{}', classes = '{class net.prescent.PreScentApplication}', contextInitializerClasses = '[]', activeProfiles = '{}', propertySourceLocations = '{}', propertySourceProperties = '{org.springframework.boot.test.context.SpringBootTestContextBootstrapper=true}', contextCustomizers = set[org.springframework.boot.test.autoconfigure.actuate.metrics.MetricsExportContextCustomizerFactory$DisableMetricExportContextCustomizer@54db99, org.springframework.boot.test.autoconfigure.properties.PropertyMappingContextCustomizer@0, org.springframework.boot.test.autoconfigure.web.servlet.WebDriverContextCustomizerFactory$Customizer@1e5f0ef, org.springframework.boot.test.context.filter.ExcludeFilterContextCustomizer@f57b3d, org.springframework.boot.test.json.DuplicateJsonObjectContextCustomizerFactory$DuplicateJsonObjectContextCustomizer@260766, org.springframework.boot.test.mock.mockito.MockitoContextCustomizer@0, org.springframework.boot.test.web.client.TestRestTemplateContextCustomizer@625ccd, org.springframework.boot.test.web.reactive.server.WebTestClientContextCustomizer@fde30a, org.springframework.boot.test.context.SpringBootTestArgs@1, org.springframework.boot.test.context.SpringBootTestWebEnvironment@dec700], resourceBasePath = 'src/main/webapp', contextLoader = 'org.springframework.boot.test.context.SpringBootContextLoader', parent = [null]], attributes = map['org.springframework.test.context.web.ServletTestExecutionListener.activateListener' -> true, 'org.springframework.test.context.web.ServletTestExecutionListener.populatedRequestContextHolder' -> true, 'org.springframework.test.context.web.ServletTestExecutionListener.resetRequestContextHolder' -> true, 'org.springframework.test.context.event.ApplicationEventsTestExecutionListener.recordApplicationEvents' -> false]]
2023-11-28 19:46:05.086  INFO 26036 --- [    Test worker] o.s.t.c.transaction.TransactionContext   : Began transaction (1) for test context [DefaultTestContext@1e4bd8f testClass = SellerServiceTest, testInstance = net.prescent.service.SellerServiceTest@f9a4f4, testMethod = signupDuplicateSellerKeyTest@SellerServiceTest, testException = [null], mergedContextConfiguration = [WebMergedContextConfiguration@97b4b8 testClass = SellerServiceTest, locations = '{}', classes = '{class net.prescent.PreScentApplication}', contextInitializerClasses = '[]', activeProfiles = '{}', propertySourceLocations = '{}', propertySourceProperties = '{org.springframework.boot.test.context.SpringBootTestContextBootstrapper=true}', contextCustomizers = set[org.springframework.boot.test.autoconfigure.actuate.metrics.MetricsExportContextCustomizerFactory$DisableMetricExportContextCustomizer@54db99, org.springframework.boot.test.autoconfigure.properties.PropertyMappingContextCustomizer@0, org.springframework.boot.test.autoconfigure.web.servlet.WebDriverContextCustomizerFactory$Customizer@1e5f0ef, org.springframework.boot.test.context.filter.ExcludeFilterContextCustomizer@f57b3d, org.springframework.boot.test.json.DuplicateJsonObjectContextCustomizerFactory$DuplicateJsonObjectContextCustomizer@260766, org.springframework.boot.test.mock.mockito.MockitoContextCustomizer@0, org.springframework.boot.test.web.client.TestRestTemplateContextCustomizer@625ccd, org.springframework.boot.test.web.reactive.server.WebTestClientContextCustomizer@fde30a, org.springframework.boot.test.context.SpringBootTestArgs@1, org.springframework.boot.test.context.SpringBootTestWebEnvironment@dec700], resourceBasePath = 'src/main/webapp', contextLoader = 'org.springframework.boot.test.context.SpringBootContextLoader', parent = [null]], attributes = map['org.springframework.test.context.web.ServletTestExecutionListener.activateListener' -> true, 'org.springframework.test.context.web.ServletTestExecutionListener.populatedRequestContextHolder' -> true, 'org.springframework.test.context.web.ServletTestExecutionListener.resetRequestContextHolder' -> true, 'org.springframework.test.context.event.ApplicationEventsTestExecutionListener.recordApplicationEvents' -> false]]; transaction manager [org.springframework.orm.jpa.JpaTransactionManager@9cfd5f]; rollback [true]
2023-11-28 19:46:05.089 DEBUG 26036 --- [    Test worker] org.hibernate.SQL                        : 
    delete 
    from
        seller
Hibernate: 
    delete 
    from
        seller
2023-11-28 19:46:05.117 DEBUG 26036 --- [    Test worker] org.hibernate.SQL                        : 
    select
        sellerenti0_.seller_key as seller_k1_5_,
        sellerenti0_.shop_key as shop_key7_5_,
        sellerenti0_.isgrant as isgrant2_5_,
        sellerenti0_.seller_id_email as seller_i3_5_,
        sellerenti0_.seller_name as seller_n4_5_,
        sellerenti0_.seller_password as seller_p5_5_,
        sellerenti0_.seller_phonenum as seller_p6_5_ 
    from
        seller sellerenti0_ 
    where
        sellerenti0_.seller_key=?
Hibernate: 
    select
        sellerenti0_.seller_key as seller_k1_5_,
        sellerenti0_.shop_key as shop_key7_5_,
        sellerenti0_.isgrant as isgrant2_5_,
        sellerenti0_.seller_id_email as seller_i3_5_,
        sellerenti0_.seller_name as seller_n4_5_,
        sellerenti0_.seller_password as seller_p5_5_,
        sellerenti0_.seller_phonenum as seller_p6_5_ 
    from
        seller sellerenti0_ 
    where
        sellerenti0_.seller_key=?
2023-11-28 19:46:05.118 TRACE 26036 --- [    Test worker] o.h.type.descriptor.sql.BasicBinder      : binding parameter [1] as [INTEGER] - [123456789]
2023-11-28 19:46:05.278 DEBUG 26036 --- [    Test worker] org.hibernate.SQL                        : 
    select
        sellerenti0_.seller_key as seller_k1_5_0_,
        sellerenti0_.shop_key as shop_key7_5_0_,
        sellerenti0_.isgrant as isgrant2_5_0_,
        sellerenti0_.seller_id_email as seller_i3_5_0_,
        sellerenti0_.seller_name as seller_n4_5_0_,
        sellerenti0_.seller_password as seller_p5_5_0_,
        sellerenti0_.seller_phonenum as seller_p6_5_0_ 
    from
        seller sellerenti0_ 
    where
        sellerenti0_.seller_key=?
Hibernate: 
    select
        sellerenti0_.seller_key as seller_k1_5_0_,
        sellerenti0_.shop_key as shop_key7_5_0_,
        sellerenti0_.isgrant as isgrant2_5_0_,
        sellerenti0_.seller_id_email as seller_i3_5_0_,
        sellerenti0_.seller_name as seller_n4_5_0_,
        sellerenti0_.seller_password as seller_p5_5_0_,
        sellerenti0_.seller_phonenum as seller_p6_5_0_ 
    from
        seller sellerenti0_ 
    where
        sellerenti0_.seller_key=?
2023-11-28 19:46:05.278 TRACE 26036 --- [    Test worker] o.h.type.descriptor.sql.BasicBinder      : binding parameter [1] as [INTEGER] - [123456789]
2023-11-28 19:46:05.328 DEBUG 26036 --- [    Test worker] org.hibernate.SQL                        : 
    insert 
    into
        seller
        (shop_key, isgrant, seller_id_email, seller_name, seller_password, seller_phonenum, seller_key) 
    values
        (?, ?, ?, ?, ?, ?, ?)
Hibernate: 
    insert 
    into
        seller
        (shop_key, isgrant, seller_id_email, seller_name, seller_password, seller_phonenum, seller_key) 
    values
        (?, ?, ?, ?, ?, ?, ?)
2023-11-28 19:46:05.329 TRACE 26036 --- [    Test worker] o.h.type.descriptor.sql.BasicBinder      : binding parameter [1] as [INTEGER] - [null]
2023-11-28 19:46:05.329 TRACE 26036 --- [    Test worker] o.h.type.descriptor.sql.BasicBinder      : binding parameter [2] as [INTEGER] - [null]
2023-11-28 19:46:05.329 TRACE 26036 --- [    Test worker] o.h.type.descriptor.sql.BasicBinder      : binding parameter [3] as [VARCHAR] - [ajou@gmail.com]
2023-11-28 19:46:05.329 TRACE 26036 --- [    Test worker] o.h.type.descriptor.sql.BasicBinder      : binding parameter [4] as [VARCHAR] - [suhyeon]
2023-11-28 19:46:05.329 TRACE 26036 --- [    Test worker] o.h.type.descriptor.sql.BasicBinder      : binding parameter [5] as [VARCHAR] - [$2a$10$3IO8n5kqV8ltT1N8sN53XOmXDZOdx9B2RRLz50hlTWOYxkj2rwWf6]
2023-11-28 19:46:05.329 TRACE 26036 --- [    Test worker] o.h.type.descriptor.sql.BasicBinder      : binding parameter [6] as [VARCHAR] - [010-1111-2222]
2023-11-28 19:46:05.329 TRACE 26036 --- [    Test worker] o.h.type.descriptor.sql.BasicBinder      : binding parameter [7] as [INTEGER] - [123456789]
2023-11-28 19:46:05.361 DEBUG 26036 --- [    Test worker] org.hibernate.SQL                        : 
    select
        sellerenti0_.seller_key as seller_k1_5_,
        sellerenti0_.shop_key as shop_key7_5_,
        sellerenti0_.isgrant as isgrant2_5_,
        sellerenti0_.seller_id_email as seller_i3_5_,
        sellerenti0_.seller_name as seller_n4_5_,
        sellerenti0_.seller_password as seller_p5_5_,
        sellerenti0_.seller_phonenum as seller_p6_5_ 
    from
        seller sellerenti0_ 
    where
        sellerenti0_.seller_key=?
Hibernate: 
    select
        sellerenti0_.seller_key as seller_k1_5_,
        sellerenti0_.shop_key as shop_key7_5_,
        sellerenti0_.isgrant as isgrant2_5_,
        sellerenti0_.seller_id_email as seller_i3_5_,
        sellerenti0_.seller_name as seller_n4_5_,
        sellerenti0_.seller_password as seller_p5_5_,
        sellerenti0_.seller_phonenum as seller_p6_5_ 
    from
        seller sellerenti0_ 
    where
        sellerenti0_.seller_key=?
2023-11-28 19:46:05.362 TRACE 26036 --- [    Test worker] o.h.type.descriptor.sql.BasicBinder      : binding parameter [1] as [INTEGER] - [123456789]
2023-11-28 19:46:05.442  INFO 26036 --- [    Test worker] o.s.t.c.transaction.TransactionContext   : Rolled back transaction for test: [DefaultTestContext@1e4bd8f testClass = SellerServiceTest, testInstance = net.prescent.service.SellerServiceTest@f9a4f4, testMethod = signupDuplicateSellerKeyTest@SellerServiceTest, testException = [null], mergedContextConfiguration = [WebMergedContextConfiguration@97b4b8 testClass = SellerServiceTest, locations = '{}', classes = '{class net.prescent.PreScentApplication}', contextInitializerClasses = '[]', activeProfiles = '{}', propertySourceLocations = '{}', propertySourceProperties = '{org.springframework.boot.test.context.SpringBootTestContextBootstrapper=true}', contextCustomizers = set[org.springframework.boot.test.autoconfigure.actuate.metrics.MetricsExportContextCustomizerFactory$DisableMetricExportContextCustomizer@54db99, org.springframework.boot.test.autoconfigure.properties.PropertyMappingContextCustomizer@0, org.springframework.boot.test.autoconfigure.web.servlet.WebDriverContextCustomizerFactory$Customizer@1e5f0ef, org.springframework.boot.test.context.filter.ExcludeFilterContextCustomizer@f57b3d, org.springframework.boot.test.json.DuplicateJsonObjectContextCustomizerFactory$DuplicateJsonObjectContextCustomizer@260766, org.springframework.boot.test.mock.mockito.MockitoContextCustomizer@0, org.springframework.boot.test.web.client.TestRestTemplateContextCustomizer@625ccd, org.springframework.boot.test.web.reactive.server.WebTestClientContextCustomizer@fde30a, org.springframework.boot.test.context.SpringBootTestArgs@1, org.springframework.boot.test.context.SpringBootTestWebEnvironment@dec700], resourceBasePath = 'src/main/webapp', contextLoader = 'org.springframework.boot.test.context.SpringBootContextLoader', parent = [null]], attributes = map['org.springframework.test.context.web.ServletTestExecutionListener.activateListener' -> true, 'org.springframework.test.context.web.ServletTestExecutionListener.populatedRequestContextHolder' -> true, 'org.springframework.test.context.web.ServletTestExecutionListener.resetRequestContextHolder' -> true, 'org.springframework.test.context.event.ApplicationEventsTestExecutionListener.recordApplicationEvents' -> false]]
2023-11-28 19:46:05.466  INFO 26036 --- [    Test worker] o.s.t.c.transaction.TransactionContext   : Began transaction (1) for test context [DefaultTestContext@1e4bd8f testClass = SellerServiceTest, testInstance = net.prescent.service.SellerServiceTest@568b11, testMethod = logoutTest@SellerServiceTest, testException = [null], mergedContextConfiguration = [WebMergedContextConfiguration@97b4b8 testClass = SellerServiceTest, locations = '{}', classes = '{class net.prescent.PreScentApplication}', contextInitializerClasses = '[]', activeProfiles = '{}', propertySourceLocations = '{}', propertySourceProperties = '{org.springframework.boot.test.context.SpringBootTestContextBootstrapper=true}', contextCustomizers = set[org.springframework.boot.test.autoconfigure.actuate.metrics.MetricsExportContextCustomizerFactory$DisableMetricExportContextCustomizer@54db99, org.springframework.boot.test.autoconfigure.properties.PropertyMappingContextCustomizer@0, org.springframework.boot.test.autoconfigure.web.servlet.WebDriverContextCustomizerFactory$Customizer@1e5f0ef, org.springframework.boot.test.context.filter.ExcludeFilterContextCustomizer@f57b3d, org.springframework.boot.test.json.DuplicateJsonObjectContextCustomizerFactory$DuplicateJsonObjectContextCustomizer@260766, org.springframework.boot.test.mock.mockito.MockitoContextCustomizer@0, org.springframework.boot.test.web.client.TestRestTemplateContextCustomizer@625ccd, org.springframework.boot.test.web.reactive.server.WebTestClientContextCustomizer@fde30a, org.springframework.boot.test.context.SpringBootTestArgs@1, org.springframework.boot.test.context.SpringBootTestWebEnvironment@dec700], resourceBasePath = 'src/main/webapp', contextLoader = 'org.springframework.boot.test.context.SpringBootContextLoader', parent = [null]], attributes = map['org.springframework.test.context.web.ServletTestExecutionListener.activateListener' -> true, 'org.springframework.test.context.web.ServletTestExecutionListener.populatedRequestContextHolder' -> true, 'org.springframework.test.context.web.ServletTestExecutionListener.resetRequestContextHolder' -> true, 'org.springframework.test.context.event.ApplicationEventsTestExecutionListener.recordApplicationEvents' -> false]]; transaction manager [org.springframework.orm.jpa.JpaTransactionManager@9cfd5f]; rollback [true]
2023-11-28 19:46:05.469 DEBUG 26036 --- [    Test worker] org.hibernate.SQL                        : 
    delete 
    from
        seller
Hibernate: 
    delete 
    from
        seller
2023-11-28 19:46:05.497 DEBUG 26036 --- [    Test worker] org.hibernate.SQL                        : 
    select
        sellerenti0_.seller_key as seller_k1_5_,
        sellerenti0_.shop_key as shop_key7_5_,
        sellerenti0_.isgrant as isgrant2_5_,
        sellerenti0_.seller_id_email as seller_i3_5_,
        sellerenti0_.seller_name as seller_n4_5_,
        sellerenti0_.seller_password as seller_p5_5_,
        sellerenti0_.seller_phonenum as seller_p6_5_ 
    from
        seller sellerenti0_ 
    where
        sellerenti0_.seller_key=?
Hibernate: 
    select
        sellerenti0_.seller_key as seller_k1_5_,
        sellerenti0_.shop_key as shop_key7_5_,
        sellerenti0_.isgrant as isgrant2_5_,
        sellerenti0_.seller_id_email as seller_i3_5_,
        sellerenti0_.seller_name as seller_n4_5_,
        sellerenti0_.seller_password as seller_p5_5_,
        sellerenti0_.seller_phonenum as seller_p6_5_ 
    from
        seller sellerenti0_ 
    where
        sellerenti0_.seller_key=?
2023-11-28 19:46:05.498 TRACE 26036 --- [    Test worker] o.h.type.descriptor.sql.BasicBinder      : binding parameter [1] as [INTEGER] - [123456789]
2023-11-28 19:46:05.705 DEBUG 26036 --- [    Test worker] org.hibernate.SQL                        : 
    select
        sellerenti0_.seller_key as seller_k1_5_0_,
        sellerenti0_.shop_key as shop_key7_5_0_,
        sellerenti0_.isgrant as isgrant2_5_0_,
        sellerenti0_.seller_id_email as seller_i3_5_0_,
        sellerenti0_.seller_name as seller_n4_5_0_,
        sellerenti0_.seller_password as seller_p5_5_0_,
        sellerenti0_.seller_phonenum as seller_p6_5_0_ 
    from
        seller sellerenti0_ 
    where
        sellerenti0_.seller_key=?
Hibernate: 
    select
        sellerenti0_.seller_key as seller_k1_5_0_,
        sellerenti0_.shop_key as shop_key7_5_0_,
        sellerenti0_.isgrant as isgrant2_5_0_,
        sellerenti0_.seller_id_email as seller_i3_5_0_,
        sellerenti0_.seller_name as seller_n4_5_0_,
        sellerenti0_.seller_password as seller_p5_5_0_,
        sellerenti0_.seller_phonenum as seller_p6_5_0_ 
    from
        seller sellerenti0_ 
    where
        sellerenti0_.seller_key=?
2023-11-28 19:46:05.706 TRACE 26036 --- [    Test worker] o.h.type.descriptor.sql.BasicBinder      : binding parameter [1] as [INTEGER] - [123456789]
2023-11-28 19:46:05.773 DEBUG 26036 --- [    Test worker] org.hibernate.SQL                        : 
    insert 
    into
        seller
        (shop_key, isgrant, seller_id_email, seller_name, seller_password, seller_phonenum, seller_key) 
    values
        (?, ?, ?, ?, ?, ?, ?)
Hibernate: 
    insert 
    into
        seller
        (shop_key, isgrant, seller_id_email, seller_name, seller_password, seller_phonenum, seller_key) 
    values
        (?, ?, ?, ?, ?, ?, ?)
2023-11-28 19:46:05.774 TRACE 26036 --- [    Test worker] o.h.type.descriptor.sql.BasicBinder      : binding parameter [1] as [INTEGER] - [null]
2023-11-28 19:46:05.774 TRACE 26036 --- [    Test worker] o.h.type.descriptor.sql.BasicBinder      : binding parameter [2] as [INTEGER] - [null]
2023-11-28 19:46:05.774 TRACE 26036 --- [    Test worker] o.h.type.descriptor.sql.BasicBinder      : binding parameter [3] as [VARCHAR] - [ajou@gmail.com]
2023-11-28 19:46:05.774 TRACE 26036 --- [    Test worker] o.h.type.descriptor.sql.BasicBinder      : binding parameter [4] as [VARCHAR] - [suhyeon]
2023-11-28 19:46:05.775 TRACE 26036 --- [    Test worker] o.h.type.descriptor.sql.BasicBinder      : binding parameter [5] as [VARCHAR] - [$2a$10$cAGF5JDhrV3NHzSasLICNO.ZShFUcgXxBiXJvkhp3HI/4VbxO3M1S]
2023-11-28 19:46:05.775 TRACE 26036 --- [    Test worker] o.h.type.descriptor.sql.BasicBinder      : binding parameter [6] as [VARCHAR] - [010-1111-2222]
2023-11-28 19:46:05.775 TRACE 26036 --- [    Test worker] o.h.type.descriptor.sql.BasicBinder      : binding parameter [7] as [INTEGER] - [123456789]
2023-11-28 19:46:05.806 DEBUG 26036 --- [    Test worker] org.hibernate.SQL                        : 
    select
        sellerenti0_.seller_key as seller_k1_5_,
        sellerenti0_.shop_key as shop_key7_5_,
        sellerenti0_.isgrant as isgrant2_5_,
        sellerenti0_.seller_id_email as seller_i3_5_,
        sellerenti0_.seller_name as seller_n4_5_,
        sellerenti0_.seller_password as seller_p5_5_,
        sellerenti0_.seller_phonenum as seller_p6_5_ 
    from
        seller sellerenti0_ 
    where
        sellerenti0_.seller_id_email=?
Hibernate: 
    select
        sellerenti0_.seller_key as seller_k1_5_,
        sellerenti0_.shop_key as shop_key7_5_,
        sellerenti0_.isgrant as isgrant2_5_,
        sellerenti0_.seller_id_email as seller_i3_5_,
        sellerenti0_.seller_name as seller_n4_5_,
        sellerenti0_.seller_password as seller_p5_5_,
        sellerenti0_.seller_phonenum as seller_p6_5_ 
    from
        seller sellerenti0_ 
    where
        sellerenti0_.seller_id_email=?
2023-11-28 19:46:05.807 TRACE 26036 --- [    Test worker] o.h.type.descriptor.sql.BasicBinder      : binding parameter [1] as [VARCHAR] - [ajou@gmail.com]
2023-11-28 19:46:05.998 DEBUG 26036 --- [    Test worker] org.hibernate.SQL                        : 
    select
        accesstoke0_.token as token1_0_0_,
        accesstoke0_.seller_key as seller_k2_0_0_ 
    from
        access_token accesstoke0_ 
    where
        accesstoke0_.token=?
Hibernate: 
    select
        accesstoke0_.token as token1_0_0_,
        accesstoke0_.seller_key as seller_k2_0_0_ 
    from
        access_token accesstoke0_ 
    where
        accesstoke0_.token=?
2023-11-28 19:46:05.998 TRACE 26036 --- [    Test worker] o.h.type.descriptor.sql.BasicBinder      : binding parameter [1] as [VARCHAR] - [c22aa108-82fc-428c-a018-33f49c4f4429]
2023-11-28 19:46:06.046 DEBUG 26036 --- [    Test worker] org.hibernate.SQL                        : 
    insert 
    into
        access_token
        (seller_key, token) 
    values
        (?, ?)
Hibernate: 
    insert 
    into
        access_token
        (seller_key, token) 
    values
        (?, ?)
2023-11-28 19:46:06.046 TRACE 26036 --- [    Test worker] o.h.type.descriptor.sql.BasicBinder      : binding parameter [1] as [INTEGER] - [123456789]
2023-11-28 19:46:06.046 TRACE 26036 --- [    Test worker] o.h.type.descriptor.sql.BasicBinder      : binding parameter [2] as [VARCHAR] - [c22aa108-82fc-428c-a018-33f49c4f4429]
2023-11-28 19:46:06.077 DEBUG 26036 --- [    Test worker] org.hibernate.SQL                        : 
    select
        accesstoke0_.token as token1_0_,
        accesstoke0_.seller_key as seller_k2_0_ 
    from
        access_token accesstoke0_ 
    where
        accesstoke0_.token=?
Hibernate: 
    select
        accesstoke0_.token as token1_0_,
        accesstoke0_.seller_key as seller_k2_0_ 
    from
        access_token accesstoke0_ 
    where
        accesstoke0_.token=?
2023-11-28 19:46:06.078 TRACE 26036 --- [    Test worker] o.h.type.descriptor.sql.BasicBinder      : binding parameter [1] as [VARCHAR] - [c22aa108-82fc-428c-a018-33f49c4f4429]
2023-11-28 19:46:06.104 DEBUG 26036 --- [    Test worker] org.hibernate.SQL                        : 
    select
        accesstoke0_.token as token1_0_,
        accesstoke0_.seller_key as seller_k2_0_ 
    from
        access_token accesstoke0_ 
    where
        accesstoke0_.token=?
Hibernate: 
    select
        accesstoke0_.token as token1_0_,
        accesstoke0_.seller_key as seller_k2_0_ 
    from
        access_token accesstoke0_ 
    where
        accesstoke0_.token=?
2023-11-28 19:46:06.105 TRACE 26036 --- [    Test worker] o.h.type.descriptor.sql.BasicBinder      : binding parameter [1] as [VARCHAR] - [c22aa108-82fc-428c-a018-33f49c4f4429]
2023-11-28 19:46:06.145 DEBUG 26036 --- [    Test worker] org.hibernate.SQL                        : 
    delete 
    from
        access_token 
    where
        token=?
Hibernate: 
    delete 
    from
        access_token 
    where
        token=?
2023-11-28 19:46:06.146 TRACE 26036 --- [    Test worker] o.h.type.descriptor.sql.BasicBinder      : binding parameter [1] as [VARCHAR] - [c22aa108-82fc-428c-a018-33f49c4f4429]
2023-11-28 19:46:06.180 DEBUG 26036 --- [    Test worker] org.hibernate.SQL                        : 
    select
        accesstoke0_.token as token1_0_,
        accesstoke0_.seller_key as seller_k2_0_ 
    from
        access_token accesstoke0_ 
    where
        accesstoke0_.token=?
Hibernate: 
    select
        accesstoke0_.token as token1_0_,
        accesstoke0_.seller_key as seller_k2_0_ 
    from
        access_token accesstoke0_ 
    where
        accesstoke0_.token=?
2023-11-28 19:46:06.181 TRACE 26036 --- [    Test worker] o.h.type.descriptor.sql.BasicBinder      : binding parameter [1] as [VARCHAR] - [c22aa108-82fc-428c-a018-33f49c4f4429]
2023-11-28 19:46:06.271  INFO 26036 --- [    Test worker] o.s.t.c.transaction.TransactionContext   : Rolled back transaction for test: [DefaultTestContext@1e4bd8f testClass = SellerServiceTest, testInstance = net.prescent.service.SellerServiceTest@568b11, testMethod = logoutTest@SellerServiceTest, testException = [null], mergedContextConfiguration = [WebMergedContextConfiguration@97b4b8 testClass = SellerServiceTest, locations = '{}', classes = '{class net.prescent.PreScentApplication}', contextInitializerClasses = '[]', activeProfiles = '{}', propertySourceLocations = '{}', propertySourceProperties = '{org.springframework.boot.test.context.SpringBootTestContextBootstrapper=true}', contextCustomizers = set[org.springframework.boot.test.autoconfigure.actuate.metrics.MetricsExportContextCustomizerFactory$DisableMetricExportContextCustomizer@54db99, org.springframework.boot.test.autoconfigure.properties.PropertyMappingContextCustomizer@0, org.springframework.boot.test.autoconfigure.web.servlet.WebDriverContextCustomizerFactory$Customizer@1e5f0ef, org.springframework.boot.test.context.filter.ExcludeFilterContextCustomizer@f57b3d, org.springframework.boot.test.json.DuplicateJsonObjectContextCustomizerFactory$DuplicateJsonObjectContextCustomizer@260766, org.springframework.boot.test.mock.mockito.MockitoContextCustomizer@0, org.springframework.boot.test.web.client.TestRestTemplateContextCustomizer@625ccd, org.springframework.boot.test.web.reactive.server.WebTestClientContextCustomizer@fde30a, org.springframework.boot.test.context.SpringBootTestArgs@1, org.springframework.boot.test.context.SpringBootTestWebEnvironment@dec700], resourceBasePath = 'src/main/webapp', contextLoader = 'org.springframework.boot.test.context.SpringBootContextLoader', parent = [null]], attributes = map['org.springframework.test.context.web.ServletTestExecutionListener.activateListener' -> true, 'org.springframework.test.context.web.ServletTestExecutionListener.populatedRequestContextHolder' -> true, 'org.springframework.test.context.web.ServletTestExecutionListener.resetRequestContextHolder' -> true, 'org.springframework.test.context.event.ApplicationEventsTestExecutionListener.recordApplicationEvents' -> false]]
2023-11-28 19:46:06.302  INFO 26036 --- [    Test worker] o.s.t.c.transaction.TransactionContext   : Began transaction (1) for test context [DefaultTestContext@1e4bd8f testClass = SellerServiceTest, testInstance = net.prescent.service.SellerServiceTest@1cc148d, testMethod = loginFailureWrongPasswordTest@SellerServiceTest, testException = [null], mergedContextConfiguration = [WebMergedContextConfiguration@97b4b8 testClass = SellerServiceTest, locations = '{}', classes = '{class net.prescent.PreScentApplication}', contextInitializerClasses = '[]', activeProfiles = '{}', propertySourceLocations = '{}', propertySourceProperties = '{org.springframework.boot.test.context.SpringBootTestContextBootstrapper=true}', contextCustomizers = set[org.springframework.boot.test.autoconfigure.actuate.metrics.MetricsExportContextCustomizerFactory$DisableMetricExportContextCustomizer@54db99, org.springframework.boot.test.autoconfigure.properties.PropertyMappingContextCustomizer@0, org.springframework.boot.test.autoconfigure.web.servlet.WebDriverContextCustomizerFactory$Customizer@1e5f0ef, org.springframework.boot.test.context.filter.ExcludeFilterContextCustomizer@f57b3d, org.springframework.boot.test.json.DuplicateJsonObjectContextCustomizerFactory$DuplicateJsonObjectContextCustomizer@260766, org.springframework.boot.test.mock.mockito.MockitoContextCustomizer@0, org.springframework.boot.test.web.client.TestRestTemplateContextCustomizer@625ccd, org.springframework.boot.test.web.reactive.server.WebTestClientContextCustomizer@fde30a, org.springframework.boot.test.context.SpringBootTestArgs@1, org.springframework.boot.test.context.SpringBootTestWebEnvironment@dec700], resourceBasePath = 'src/main/webapp', contextLoader = 'org.springframework.boot.test.context.SpringBootContextLoader', parent = [null]], attributes = map['org.springframework.test.context.web.ServletTestExecutionListener.activateListener' -> true, 'org.springframework.test.context.web.ServletTestExecutionListener.populatedRequestContextHolder' -> true, 'org.springframework.test.context.web.ServletTestExecutionListener.resetRequestContextHolder' -> true, 'org.springframework.test.context.event.ApplicationEventsTestExecutionListener.recordApplicationEvents' -> false]]; transaction manager [org.springframework.orm.jpa.JpaTransactionManager@9cfd5f]; rollback [true]
2023-11-28 19:46:06.306 DEBUG 26036 --- [    Test worker] org.hibernate.SQL                        : 
    delete 
    from
        seller
Hibernate: 
    delete 
    from
        seller
2023-11-28 19:46:06.327 DEBUG 26036 --- [    Test worker] org.hibernate.SQL                        : 
    select
        sellerenti0_.seller_key as seller_k1_5_,
        sellerenti0_.shop_key as shop_key7_5_,
        sellerenti0_.isgrant as isgrant2_5_,
        sellerenti0_.seller_id_email as seller_i3_5_,
        sellerenti0_.seller_name as seller_n4_5_,
        sellerenti0_.seller_password as seller_p5_5_,
        sellerenti0_.seller_phonenum as seller_p6_5_ 
    from
        seller sellerenti0_ 
    where
        sellerenti0_.seller_key=?
Hibernate: 
    select
        sellerenti0_.seller_key as seller_k1_5_,
        sellerenti0_.shop_key as shop_key7_5_,
        sellerenti0_.isgrant as isgrant2_5_,
        sellerenti0_.seller_id_email as seller_i3_5_,
        sellerenti0_.seller_name as seller_n4_5_,
        sellerenti0_.seller_password as seller_p5_5_,
        sellerenti0_.seller_phonenum as seller_p6_5_ 
    from
        seller sellerenti0_ 
    where
        sellerenti0_.seller_key=?
2023-11-28 19:46:06.328 TRACE 26036 --- [    Test worker] o.h.type.descriptor.sql.BasicBinder      : binding parameter [1] as [INTEGER] - [123456789]
2023-11-28 19:46:06.550 DEBUG 26036 --- [    Test worker] org.hibernate.SQL                        : 
    select
        sellerenti0_.seller_key as seller_k1_5_0_,
        sellerenti0_.shop_key as shop_key7_5_0_,
        sellerenti0_.isgrant as isgrant2_5_0_,
        sellerenti0_.seller_id_email as seller_i3_5_0_,
        sellerenti0_.seller_name as seller_n4_5_0_,
        sellerenti0_.seller_password as seller_p5_5_0_,
        sellerenti0_.seller_phonenum as seller_p6_5_0_ 
    from
        seller sellerenti0_ 
    where
        sellerenti0_.seller_key=?
Hibernate: 
    select
        sellerenti0_.seller_key as seller_k1_5_0_,
        sellerenti0_.shop_key as shop_key7_5_0_,
        sellerenti0_.isgrant as isgrant2_5_0_,
        sellerenti0_.seller_id_email as seller_i3_5_0_,
        sellerenti0_.seller_name as seller_n4_5_0_,
        sellerenti0_.seller_password as seller_p5_5_0_,
        sellerenti0_.seller_phonenum as seller_p6_5_0_ 
    from
        seller sellerenti0_ 
    where
        sellerenti0_.seller_key=?
2023-11-28 19:46:06.551 TRACE 26036 --- [    Test worker] o.h.type.descriptor.sql.BasicBinder      : binding parameter [1] as [INTEGER] - [123456789]
2023-11-28 19:46:06.606 DEBUG 26036 --- [    Test worker] org.hibernate.SQL                        : 
    insert 
    into
        seller
        (shop_key, isgrant, seller_id_email, seller_name, seller_password, seller_phonenum, seller_key) 
    values
        (?, ?, ?, ?, ?, ?, ?)
Hibernate: 
    insert 
    into
        seller
        (shop_key, isgrant, seller_id_email, seller_name, seller_password, seller_phonenum, seller_key) 
    values
        (?, ?, ?, ?, ?, ?, ?)
2023-11-28 19:46:06.607 TRACE 26036 --- [    Test worker] o.h.type.descriptor.sql.BasicBinder      : binding parameter [1] as [INTEGER] - [null]
2023-11-28 19:46:06.608 TRACE 26036 --- [    Test worker] o.h.type.descriptor.sql.BasicBinder      : binding parameter [2] as [INTEGER] - [null]
2023-11-28 19:46:06.608 TRACE 26036 --- [    Test worker] o.h.type.descriptor.sql.BasicBinder      : binding parameter [3] as [VARCHAR] - [ajou@gmail.com]
2023-11-28 19:46:06.608 TRACE 26036 --- [    Test worker] o.h.type.descriptor.sql.BasicBinder      : binding parameter [4] as [VARCHAR] - [suhyeon]
2023-11-28 19:46:06.608 TRACE 26036 --- [    Test worker] o.h.type.descriptor.sql.BasicBinder      : binding parameter [5] as [VARCHAR] - [$2a$10$ZMYoA7wEJiLn5L8b/5LHW.LJhGNlRmjJ1vKjdRAGuwIWsB5yWSZwG]
2023-11-28 19:46:06.609 TRACE 26036 --- [    Test worker] o.h.type.descriptor.sql.BasicBinder      : binding parameter [6] as [VARCHAR] - [010-1111-2222]
2023-11-28 19:46:06.609 TRACE 26036 --- [    Test worker] o.h.type.descriptor.sql.BasicBinder      : binding parameter [7] as [INTEGER] - [123456789]
2023-11-28 19:46:06.642 DEBUG 26036 --- [    Test worker] org.hibernate.SQL                        : 
    select
        sellerenti0_.seller_key as seller_k1_5_,
        sellerenti0_.shop_key as shop_key7_5_,
        sellerenti0_.isgrant as isgrant2_5_,
        sellerenti0_.seller_id_email as seller_i3_5_,
        sellerenti0_.seller_name as seller_n4_5_,
        sellerenti0_.seller_password as seller_p5_5_,
        sellerenti0_.seller_phonenum as seller_p6_5_ 
    from
        seller sellerenti0_ 
    where
        sellerenti0_.seller_id_email=?
Hibernate: 
    select
        sellerenti0_.seller_key as seller_k1_5_,
        sellerenti0_.shop_key as shop_key7_5_,
        sellerenti0_.isgrant as isgrant2_5_,
        sellerenti0_.seller_id_email as seller_i3_5_,
        sellerenti0_.seller_name as seller_n4_5_,
        sellerenti0_.seller_password as seller_p5_5_,
        sellerenti0_.seller_phonenum as seller_p6_5_ 
    from
        seller sellerenti0_ 
    where
        sellerenti0_.seller_id_email=?
2023-11-28 19:46:06.642 TRACE 26036 --- [    Test worker] o.h.type.descriptor.sql.BasicBinder      : binding parameter [1] as [VARCHAR] - [ajou@gmail.com]
2023-11-28 19:46:06.872  INFO 26036 --- [    Test worker] o.s.t.c.transaction.TransactionContext   : Rolled back transaction for test: [DefaultTestContext@1e4bd8f testClass = SellerServiceTest, testInstance = net.prescent.service.SellerServiceTest@1cc148d, testMethod = loginFailureWrongPasswordTest@SellerServiceTest, testException = [null], mergedContextConfiguration = [WebMergedContextConfiguration@97b4b8 testClass = SellerServiceTest, locations = '{}', classes = '{class net.prescent.PreScentApplication}', contextInitializerClasses = '[]', activeProfiles = '{}', propertySourceLocations = '{}', propertySourceProperties = '{org.springframework.boot.test.context.SpringBootTestContextBootstrapper=true}', contextCustomizers = set[org.springframework.boot.test.autoconfigure.actuate.metrics.MetricsExportContextCustomizerFactory$DisableMetricExportContextCustomizer@54db99, org.springframework.boot.test.autoconfigure.properties.PropertyMappingContextCustomizer@0, org.springframework.boot.test.autoconfigure.web.servlet.WebDriverContextCustomizerFactory$Customizer@1e5f0ef, org.springframework.boot.test.context.filter.ExcludeFilterContextCustomizer@f57b3d, org.springframework.boot.test.json.DuplicateJsonObjectContextCustomizerFactory$DuplicateJsonObjectContextCustomizer@260766, org.springframework.boot.test.mock.mockito.MockitoContextCustomizer@0, org.springframework.boot.test.web.client.TestRestTemplateContextCustomizer@625ccd, org.springframework.boot.test.web.reactive.server.WebTestClientContextCustomizer@fde30a, org.springframework.boot.test.context.SpringBootTestArgs@1, org.springframework.boot.test.context.SpringBootTestWebEnvironment@dec700], resourceBasePath = 'src/main/webapp', contextLoader = 'org.springframework.boot.test.context.SpringBootContextLoader', parent = [null]], attributes = map['org.springframework.test.context.web.ServletTestExecutionListener.activateListener' -> true, 'org.springframework.test.context.web.ServletTestExecutionListener.populatedRequestContextHolder' -> true, 'org.springframework.test.context.web.ServletTestExecutionListener.resetRequestContextHolder' -> true, 'org.springframework.test.context.event.ApplicationEventsTestExecutionListener.recordApplicationEvents' -> false]]
2023-11-28 19:46:06.897  INFO 26036 --- [    Test worker] o.s.t.c.transaction.TransactionContext   : Began transaction (1) for test context [DefaultTestContext@1e4bd8f testClass = SellerServiceTest, testInstance = net.prescent.service.SellerServiceTest@fcb07b, testMethod = loginSuccessTest@SellerServiceTest, testException = [null], mergedContextConfiguration = [WebMergedContextConfiguration@97b4b8 testClass = SellerServiceTest, locations = '{}', classes = '{class net.prescent.PreScentApplication}', contextInitializerClasses = '[]', activeProfiles = '{}', propertySourceLocations = '{}', propertySourceProperties = '{org.springframework.boot.test.context.SpringBootTestContextBootstrapper=true}', contextCustomizers = set[org.springframework.boot.test.autoconfigure.actuate.metrics.MetricsExportContextCustomizerFactory$DisableMetricExportContextCustomizer@54db99, org.springframework.boot.test.autoconfigure.properties.PropertyMappingContextCustomizer@0, org.springframework.boot.test.autoconfigure.web.servlet.WebDriverContextCustomizerFactory$Customizer@1e5f0ef, org.springframework.boot.test.context.filter.ExcludeFilterContextCustomizer@f57b3d, org.springframework.boot.test.json.DuplicateJsonObjectContextCustomizerFactory$DuplicateJsonObjectContextCustomizer@260766, org.springframework.boot.test.mock.mockito.MockitoContextCustomizer@0, org.springframework.boot.test.web.client.TestRestTemplateContextCustomizer@625ccd, org.springframework.boot.test.web.reactive.server.WebTestClientContextCustomizer@fde30a, org.springframework.boot.test.context.SpringBootTestArgs@1, org.springframework.boot.test.context.SpringBootTestWebEnvironment@dec700], resourceBasePath = 'src/main/webapp', contextLoader = 'org.springframework.boot.test.context.SpringBootContextLoader', parent = [null]], attributes = map['org.springframework.test.context.web.ServletTestExecutionListener.activateListener' -> true, 'org.springframework.test.context.web.ServletTestExecutionListener.populatedRequestContextHolder' -> true, 'org.springframework.test.context.web.ServletTestExecutionListener.resetRequestContextHolder' -> true, 'org.springframework.test.context.event.ApplicationEventsTestExecutionListener.recordApplicationEvents' -> false]]; transaction manager [org.springframework.orm.jpa.JpaTransactionManager@9cfd5f]; rollback [true]
2023-11-28 19:46:06.900 DEBUG 26036 --- [    Test worker] org.hibernate.SQL                        : 
    delete 
    from
        seller
Hibernate: 
    delete 
    from
        seller
2023-11-28 19:46:06.928 DEBUG 26036 --- [    Test worker] org.hibernate.SQL                        : 
    select
        sellerenti0_.seller_key as seller_k1_5_,
        sellerenti0_.shop_key as shop_key7_5_,
        sellerenti0_.isgrant as isgrant2_5_,
        sellerenti0_.seller_id_email as seller_i3_5_,
        sellerenti0_.seller_name as seller_n4_5_,
        sellerenti0_.seller_password as seller_p5_5_,
        sellerenti0_.seller_phonenum as seller_p6_5_ 
    from
        seller sellerenti0_ 
    where
        sellerenti0_.seller_key=?
Hibernate: 
    select
        sellerenti0_.seller_key as seller_k1_5_,
        sellerenti0_.shop_key as shop_key7_5_,
        sellerenti0_.isgrant as isgrant2_5_,
        sellerenti0_.seller_id_email as seller_i3_5_,
        sellerenti0_.seller_name as seller_n4_5_,
        sellerenti0_.seller_password as seller_p5_5_,
        sellerenti0_.seller_phonenum as seller_p6_5_ 
    from
        seller sellerenti0_ 
    where
        sellerenti0_.seller_key=?
2023-11-28 19:46:06.929 TRACE 26036 --- [    Test worker] o.h.type.descriptor.sql.BasicBinder      : binding parameter [1] as [INTEGER] - [123456789]
2023-11-28 19:46:07.108 DEBUG 26036 --- [    Test worker] org.hibernate.SQL                        : 
    select
        sellerenti0_.seller_key as seller_k1_5_0_,
        sellerenti0_.shop_key as shop_key7_5_0_,
        sellerenti0_.isgrant as isgrant2_5_0_,
        sellerenti0_.seller_id_email as seller_i3_5_0_,
        sellerenti0_.seller_name as seller_n4_5_0_,
        sellerenti0_.seller_password as seller_p5_5_0_,
        sellerenti0_.seller_phonenum as seller_p6_5_0_ 
    from
        seller sellerenti0_ 
    where
        sellerenti0_.seller_key=?
Hibernate: 
    select
        sellerenti0_.seller_key as seller_k1_5_0_,
        sellerenti0_.shop_key as shop_key7_5_0_,
        sellerenti0_.isgrant as isgrant2_5_0_,
        sellerenti0_.seller_id_email as seller_i3_5_0_,
        sellerenti0_.seller_name as seller_n4_5_0_,
        sellerenti0_.seller_password as seller_p5_5_0_,
        sellerenti0_.seller_phonenum as seller_p6_5_0_ 
    from
        seller sellerenti0_ 
    where
        sellerenti0_.seller_key=?
2023-11-28 19:46:07.108 TRACE 26036 --- [    Test worker] o.h.type.descriptor.sql.BasicBinder      : binding parameter [1] as [INTEGER] - [123456789]
2023-11-28 19:46:07.147 DEBUG 26036 --- [    Test worker] org.hibernate.SQL                        : 
    insert 
    into
        seller
        (shop_key, isgrant, seller_id_email, seller_name, seller_password, seller_phonenum, seller_key) 
    values
        (?, ?, ?, ?, ?, ?, ?)
Hibernate: 
    insert 
    into
        seller
        (shop_key, isgrant, seller_id_email, seller_name, seller_password, seller_phonenum, seller_key) 
    values
        (?, ?, ?, ?, ?, ?, ?)
2023-11-28 19:46:07.148 TRACE 26036 --- [    Test worker] o.h.type.descriptor.sql.BasicBinder      : binding parameter [1] as [INTEGER] - [null]
2023-11-28 19:46:07.148 TRACE 26036 --- [    Test worker] o.h.type.descriptor.sql.BasicBinder      : binding parameter [2] as [INTEGER] - [null]
2023-11-28 19:46:07.149 TRACE 26036 --- [    Test worker] o.h.type.descriptor.sql.BasicBinder      : binding parameter [3] as [VARCHAR] - [ajou@gmail.com]
2023-11-28 19:46:07.149 TRACE 26036 --- [    Test worker] o.h.type.descriptor.sql.BasicBinder      : binding parameter [4] as [VARCHAR] - [suhyeon]
2023-11-28 19:46:07.149 TRACE 26036 --- [    Test worker] o.h.type.descriptor.sql.BasicBinder      : binding parameter [5] as [VARCHAR] - [$2a$10$2bFoJ4WPZZYly7rIUajkG.TDTirzcU0dTZRPSeBwY0kWeADcJUeFG]
2023-11-28 19:46:07.149 TRACE 26036 --- [    Test worker] o.h.type.descriptor.sql.BasicBinder      : binding parameter [6] as [VARCHAR] - [010-1111-2222]
2023-11-28 19:46:07.149 TRACE 26036 --- [    Test worker] o.h.type.descriptor.sql.BasicBinder      : binding parameter [7] as [INTEGER] - [123456789]
2023-11-28 19:46:07.182 DEBUG 26036 --- [    Test worker] org.hibernate.SQL                        : 
    select
        sellerenti0_.seller_key as seller_k1_5_,
        sellerenti0_.shop_key as shop_key7_5_,
        sellerenti0_.isgrant as isgrant2_5_,
        sellerenti0_.seller_id_email as seller_i3_5_,
        sellerenti0_.seller_name as seller_n4_5_,
        sellerenti0_.seller_password as seller_p5_5_,
        sellerenti0_.seller_phonenum as seller_p6_5_ 
    from
        seller sellerenti0_ 
    where
        sellerenti0_.seller_id_email=?
Hibernate: 
    select
        sellerenti0_.seller_key as seller_k1_5_,
        sellerenti0_.shop_key as shop_key7_5_,
        sellerenti0_.isgrant as isgrant2_5_,
        sellerenti0_.seller_id_email as seller_i3_5_,
        sellerenti0_.seller_name as seller_n4_5_,
        sellerenti0_.seller_password as seller_p5_5_,
        sellerenti0_.seller_phonenum as seller_p6_5_ 
    from
        seller sellerenti0_ 
    where
        sellerenti0_.seller_id_email=?
2023-11-28 19:46:07.182 TRACE 26036 --- [    Test worker] o.h.type.descriptor.sql.BasicBinder      : binding parameter [1] as [VARCHAR] - [ajou@gmail.com]
2023-11-28 19:46:07.362 DEBUG 26036 --- [    Test worker] org.hibernate.SQL                        : 
    select
        accesstoke0_.token as token1_0_0_,
        accesstoke0_.seller_key as seller_k2_0_0_ 
    from
        access_token accesstoke0_ 
    where
        accesstoke0_.token=?
Hibernate: 
    select
        accesstoke0_.token as token1_0_0_,
        accesstoke0_.seller_key as seller_k2_0_0_ 
    from
        access_token accesstoke0_ 
    where
        accesstoke0_.token=?
2023-11-28 19:46:07.362 TRACE 26036 --- [    Test worker] o.h.type.descriptor.sql.BasicBinder      : binding parameter [1] as [VARCHAR] - [5b696e76-17b0-452e-a60c-de81c829572f]
2023-11-28 19:46:07.433 DEBUG 26036 --- [    Test worker] org.hibernate.SQL                        : 
    insert 
    into
        access_token
        (seller_key, token) 
    values
        (?, ?)
Hibernate: 
    insert 
    into
        access_token
        (seller_key, token) 
    values
        (?, ?)
2023-11-28 19:46:07.433 TRACE 26036 --- [    Test worker] o.h.type.descriptor.sql.BasicBinder      : binding parameter [1] as [INTEGER] - [123456789]
2023-11-28 19:46:07.434 TRACE 26036 --- [    Test worker] o.h.type.descriptor.sql.BasicBinder      : binding parameter [2] as [VARCHAR] - [5b696e76-17b0-452e-a60c-de81c829572f]
2023-11-28 19:46:07.469 DEBUG 26036 --- [    Test worker] org.hibernate.SQL                        : 
    select
        accesstoke0_.token as token1_0_,
        accesstoke0_.seller_key as seller_k2_0_ 
    from
        access_token accesstoke0_ 
    where
        accesstoke0_.token=?
Hibernate: 
    select
        accesstoke0_.token as token1_0_,
        accesstoke0_.seller_key as seller_k2_0_ 
    from
        access_token accesstoke0_ 
    where
        accesstoke0_.token=?
2023-11-28 19:46:07.470 TRACE 26036 --- [    Test worker] o.h.type.descriptor.sql.BasicBinder      : binding parameter [1] as [VARCHAR] - [5b696e76-17b0-452e-a60c-de81c829572f]
2023-11-28 19:46:07.561  INFO 26036 --- [    Test worker] o.s.t.c.transaction.TransactionContext   : Rolled back transaction for test: [DefaultTestContext@1e4bd8f testClass = SellerServiceTest, testInstance = net.prescent.service.SellerServiceTest@fcb07b, testMethod = loginSuccessTest@SellerServiceTest, testException = [null], mergedContextConfiguration = [WebMergedContextConfiguration@97b4b8 testClass = SellerServiceTest, locations = '{}', classes = '{class net.prescent.PreScentApplication}', contextInitializerClasses = '[]', activeProfiles = '{}', propertySourceLocations = '{}', propertySourceProperties = '{org.springframework.boot.test.context.SpringBootTestContextBootstrapper=true}', contextCustomizers = set[org.springframework.boot.test.autoconfigure.actuate.metrics.MetricsExportContextCustomizerFactory$DisableMetricExportContextCustomizer@54db99, org.springframework.boot.test.autoconfigure.properties.PropertyMappingContextCustomizer@0, org.springframework.boot.test.autoconfigure.web.servlet.WebDriverContextCustomizerFactory$Customizer@1e5f0ef, org.springframework.boot.test.context.filter.ExcludeFilterContextCustomizer@f57b3d, org.springframework.boot.test.json.DuplicateJsonObjectContextCustomizerFactory$DuplicateJsonObjectContextCustomizer@260766, org.springframework.boot.test.mock.mockito.MockitoContextCustomizer@0, org.springframework.boot.test.web.client.TestRestTemplateContextCustomizer@625ccd, org.springframework.boot.test.web.reactive.server.WebTestClientContextCustomizer@fde30a, org.springframework.boot.test.context.SpringBootTestArgs@1, org.springframework.boot.test.context.SpringBootTestWebEnvironment@dec700], resourceBasePath = 'src/main/webapp', contextLoader = 'org.springframework.boot.test.context.SpringBootContextLoader', parent = [null]], attributes = map['org.springframework.test.context.web.ServletTestExecutionListener.activateListener' -> true, 'org.springframework.test.context.web.ServletTestExecutionListener.populatedRequestContextHolder' -> true, 'org.springframework.test.context.web.ServletTestExecutionListener.resetRequestContextHolder' -> true, 'org.springframework.test.context.event.ApplicationEventsTestExecutionListener.recordApplicationEvents' -> false]]
2023-11-28 19:46:07.586  INFO 26036 --- [    Test worker] o.s.t.c.transaction.TransactionContext   : Began transaction (1) for test context [DefaultTestContext@1e4bd8f testClass = SellerServiceTest, testInstance = net.prescent.service.SellerServiceTest@686da2, testMethod = loginFailureWrongIdTest@SellerServiceTest, testException = [null], mergedContextConfiguration = [WebMergedContextConfiguration@97b4b8 testClass = SellerServiceTest, locations = '{}', classes = '{class net.prescent.PreScentApplication}', contextInitializerClasses = '[]', activeProfiles = '{}', propertySourceLocations = '{}', propertySourceProperties = '{org.springframework.boot.test.context.SpringBootTestContextBootstrapper=true}', contextCustomizers = set[org.springframework.boot.test.autoconfigure.actuate.metrics.MetricsExportContextCustomizerFactory$DisableMetricExportContextCustomizer@54db99, org.springframework.boot.test.autoconfigure.properties.PropertyMappingContextCustomizer@0, org.springframework.boot.test.autoconfigure.web.servlet.WebDriverContextCustomizerFactory$Customizer@1e5f0ef, org.springframework.boot.test.context.filter.ExcludeFilterContextCustomizer@f57b3d, org.springframework.boot.test.json.DuplicateJsonObjectContextCustomizerFactory$DuplicateJsonObjectContextCustomizer@260766, org.springframework.boot.test.mock.mockito.MockitoContextCustomizer@0, org.springframework.boot.test.web.client.TestRestTemplateContextCustomizer@625ccd, org.springframework.boot.test.web.reactive.server.WebTestClientContextCustomizer@fde30a, org.springframework.boot.test.context.SpringBootTestArgs@1, org.springframework.boot.test.context.SpringBootTestWebEnvironment@dec700], resourceBasePath = 'src/main/webapp', contextLoader = 'org.springframework.boot.test.context.SpringBootContextLoader', parent = [null]], attributes = map['org.springframework.test.context.web.ServletTestExecutionListener.activateListener' -> true, 'org.springframework.test.context.web.ServletTestExecutionListener.populatedRequestContextHolder' -> true, 'org.springframework.test.context.web.ServletTestExecutionListener.resetRequestContextHolder' -> true, 'org.springframework.test.context.event.ApplicationEventsTestExecutionListener.recordApplicationEvents' -> false]]; transaction manager [org.springframework.orm.jpa.JpaTransactionManager@9cfd5f]; rollback [true]
2023-11-28 19:46:07.588 DEBUG 26036 --- [    Test worker] org.hibernate.SQL                        : 
    delete 
    from
        seller
Hibernate: 
    delete 
    from
        seller
2023-11-28 19:46:07.617 DEBUG 26036 --- [    Test worker] org.hibernate.SQL                        : 
    select
        sellerenti0_.seller_key as seller_k1_5_,
        sellerenti0_.shop_key as shop_key7_5_,
        sellerenti0_.isgrant as isgrant2_5_,
        sellerenti0_.seller_id_email as seller_i3_5_,
        sellerenti0_.seller_name as seller_n4_5_,
        sellerenti0_.seller_password as seller_p5_5_,
        sellerenti0_.seller_phonenum as seller_p6_5_ 
    from
        seller sellerenti0_ 
    where
        sellerenti0_.seller_key=?
Hibernate: 
    select
        sellerenti0_.seller_key as seller_k1_5_,
        sellerenti0_.shop_key as shop_key7_5_,
        sellerenti0_.isgrant as isgrant2_5_,
        sellerenti0_.seller_id_email as seller_i3_5_,
        sellerenti0_.seller_name as seller_n4_5_,
        sellerenti0_.seller_password as seller_p5_5_,
        sellerenti0_.seller_phonenum as seller_p6_5_ 
    from
        seller sellerenti0_ 
    where
        sellerenti0_.seller_key=?
2023-11-28 19:46:07.618 TRACE 26036 --- [    Test worker] o.h.type.descriptor.sql.BasicBinder      : binding parameter [1] as [INTEGER] - [123456789]
2023-11-28 19:46:07.755 DEBUG 26036 --- [    Test worker] org.hibernate.SQL                        : 
    select
        sellerenti0_.seller_key as seller_k1_5_0_,
        sellerenti0_.shop_key as shop_key7_5_0_,
        sellerenti0_.isgrant as isgrant2_5_0_,
        sellerenti0_.seller_id_email as seller_i3_5_0_,
        sellerenti0_.seller_name as seller_n4_5_0_,
        sellerenti0_.seller_password as seller_p5_5_0_,
        sellerenti0_.seller_phonenum as seller_p6_5_0_ 
    from
        seller sellerenti0_ 
    where
        sellerenti0_.seller_key=?
Hibernate: 
    select
        sellerenti0_.seller_key as seller_k1_5_0_,
        sellerenti0_.shop_key as shop_key7_5_0_,
        sellerenti0_.isgrant as isgrant2_5_0_,
        sellerenti0_.seller_id_email as seller_i3_5_0_,
        sellerenti0_.seller_name as seller_n4_5_0_,
        sellerenti0_.seller_password as seller_p5_5_0_,
        sellerenti0_.seller_phonenum as seller_p6_5_0_ 
    from
        seller sellerenti0_ 
    where
        sellerenti0_.seller_key=?
2023-11-28 19:46:07.756 TRACE 26036 --- [    Test worker] o.h.type.descriptor.sql.BasicBinder      : binding parameter [1] as [INTEGER] - [123456789]
2023-11-28 19:46:07.813 DEBUG 26036 --- [    Test worker] org.hibernate.SQL                        : 
    insert 
    into
        seller
        (shop_key, isgrant, seller_id_email, seller_name, seller_password, seller_phonenum, seller_key) 
    values
        (?, ?, ?, ?, ?, ?, ?)
Hibernate: 
    insert 
    into
        seller
        (shop_key, isgrant, seller_id_email, seller_name, seller_password, seller_phonenum, seller_key) 
    values
        (?, ?, ?, ?, ?, ?, ?)
2023-11-28 19:46:07.814 TRACE 26036 --- [    Test worker] o.h.type.descriptor.sql.BasicBinder      : binding parameter [1] as [INTEGER] - [null]
2023-11-28 19:46:07.814 TRACE 26036 --- [    Test worker] o.h.type.descriptor.sql.BasicBinder      : binding parameter [2] as [INTEGER] - [null]
2023-11-28 19:46:07.814 TRACE 26036 --- [    Test worker] o.h.type.descriptor.sql.BasicBinder      : binding parameter [3] as [VARCHAR] - [ajou@gmail.com]
2023-11-28 19:46:07.814 TRACE 26036 --- [    Test worker] o.h.type.descriptor.sql.BasicBinder      : binding parameter [4] as [VARCHAR] - [suhyeon]
2023-11-28 19:46:07.814 TRACE 26036 --- [    Test worker] o.h.type.descriptor.sql.BasicBinder      : binding parameter [5] as [VARCHAR] - [$2a$10$mWbidBHE155N6IgH5JMZyeOV2DnE4X7HTGrOG1skybE/wtWK1aQrK]
2023-11-28 19:46:07.814 TRACE 26036 --- [    Test worker] o.h.type.descriptor.sql.BasicBinder      : binding parameter [6] as [VARCHAR] - [010-1111-2222]
2023-11-28 19:46:07.815 TRACE 26036 --- [    Test worker] o.h.type.descriptor.sql.BasicBinder      : binding parameter [7] as [INTEGER] - [123456789]
2023-11-28 19:46:07.847 DEBUG 26036 --- [    Test worker] org.hibernate.SQL                        : 
    select
        sellerenti0_.seller_key as seller_k1_5_,
        sellerenti0_.shop_key as shop_key7_5_,
        sellerenti0_.isgrant as isgrant2_5_,
        sellerenti0_.seller_id_email as seller_i3_5_,
        sellerenti0_.seller_name as seller_n4_5_,
        sellerenti0_.seller_password as seller_p5_5_,
        sellerenti0_.seller_phonenum as seller_p6_5_ 
    from
        seller sellerenti0_ 
    where
        sellerenti0_.seller_id_email=?
Hibernate: 
    select
        sellerenti0_.seller_key as seller_k1_5_,
        sellerenti0_.shop_key as shop_key7_5_,
        sellerenti0_.isgrant as isgrant2_5_,
        sellerenti0_.seller_id_email as seller_i3_5_,
        sellerenti0_.seller_name as seller_n4_5_,
        sellerenti0_.seller_password as seller_p5_5_,
        sellerenti0_.seller_phonenum as seller_p6_5_ 
    from
        seller sellerenti0_ 
    where
        sellerenti0_.seller_id_email=?
2023-11-28 19:46:07.847 TRACE 26036 --- [    Test worker] o.h.type.descriptor.sql.BasicBinder      : binding parameter [1] as [VARCHAR] - [wrongemail@gmail.com]
2023-11-28 19:46:07.941  INFO 26036 --- [    Test worker] o.s.t.c.transaction.TransactionContext   : Rolled back transaction for test: [DefaultTestContext@1e4bd8f testClass = SellerServiceTest, testInstance = net.prescent.service.SellerServiceTest@686da2, testMethod = loginFailureWrongIdTest@SellerServiceTest, testException = [null], mergedContextConfiguration = [WebMergedContextConfiguration@97b4b8 testClass = SellerServiceTest, locations = '{}', classes = '{class net.prescent.PreScentApplication}', contextInitializerClasses = '[]', activeProfiles = '{}', propertySourceLocations = '{}', propertySourceProperties = '{org.springframework.boot.test.context.SpringBootTestContextBootstrapper=true}', contextCustomizers = set[org.springframework.boot.test.autoconfigure.actuate.metrics.MetricsExportContextCustomizerFactory$DisableMetricExportContextCustomizer@54db99, org.springframework.boot.test.autoconfigure.properties.PropertyMappingContextCustomizer@0, org.springframework.boot.test.autoconfigure.web.servlet.WebDriverContextCustomizerFactory$Customizer@1e5f0ef, org.springframework.boot.test.context.filter.ExcludeFilterContextCustomizer@f57b3d, org.springframework.boot.test.json.DuplicateJsonObjectContextCustomizerFactory$DuplicateJsonObjectContextCustomizer@260766, org.springframework.boot.test.mock.mockito.MockitoContextCustomizer@0, org.springframework.boot.test.web.client.TestRestTemplateContextCustomizer@625ccd, org.springframework.boot.test.web.reactive.server.WebTestClientContextCustomizer@fde30a, org.springframework.boot.test.context.SpringBootTestArgs@1, org.springframework.boot.test.context.SpringBootTestWebEnvironment@dec700], resourceBasePath = 'src/main/webapp', contextLoader = 'org.springframework.boot.test.context.SpringBootContextLoader', parent = [null]], attributes = map['org.springframework.test.context.web.ServletTestExecutionListener.activateListener' -> true, 'org.springframework.test.context.web.ServletTestExecutionListener.populatedRequestContextHolder' -> true, 'org.springframework.test.context.web.ServletTestExecutionListener.resetRequestContextHolder' -> true, 'org.springframework.test.context.event.ApplicationEventsTestExecutionListener.recordApplicationEvents' -> false]]
]]></system-out>
  <system-err><![CDATA[]]></system-err>
</testsuite>
