<?xml version="1.0" encoding="UTF-8"?>
<testsuite name="net.prescent.service.SellerServiceTest" tests="6" skipped="0" failures="0" errors="0" timestamp="2023-12-06T10:26:44" hostname="LAPTOP-Q5F6TAOM" time="1.173">
  <properties/>
  <testcase name="판매자 회원가입 테스트" classname="net.prescent.service.SellerServiceTest" time="0.219"/>
  <testcase name="중복 사업자번호 가입 테스트" classname="net.prescent.service.SellerServiceTest" time="0.14"/>
  <testcase name="판매자 로그아웃 테스트" classname="net.prescent.service.SellerServiceTest" time="0.265"/>
  <testcase name="판매자 로그인 실패 - 잘못된 비밀번호 테스트" classname="net.prescent.service.SellerServiceTest" time="0.187"/>
  <testcase name="판매자 로그인 성공 테스트" classname="net.prescent.service.SellerServiceTest" time="0.228"/>
  <testcase name="판매자 로그인 실패 - 잘못된 Email 테스트" classname="net.prescent.service.SellerServiceTest" time="0.127"/>
  <system-out><![CDATA[2023-12-06 19:26:44.827  INFO 23500 --- [    Test worker] .b.t.c.SpringBootTestContextBootstrapper : Neither @ContextConfiguration nor @ContextHierarchy found for test class [net.prescent.service.SellerServiceTest], using SpringBootContextLoader
2023-12-06 19:26:44.828  INFO 23500 --- [    Test worker] o.s.t.c.support.AbstractContextLoader    : Could not detect default resource locations for test class [net.prescent.service.SellerServiceTest]: no resource found for suffixes {-context.xml, Context.groovy}.
2023-12-06 19:26:44.829  INFO 23500 --- [    Test worker] t.c.s.AnnotationConfigContextLoaderUtils : Could not detect default configuration classes for test class [net.prescent.service.SellerServiceTest]: SellerServiceTest does not declare any static, non-private, non-final, nested classes annotated with @Configuration.
2023-12-06 19:26:44.830  INFO 23500 --- [    Test worker] .b.t.c.SpringBootTestContextBootstrapper : Found @SpringBootConfiguration net.prescent.PreScentApplication for test class net.prescent.service.SellerServiceTest
2023-12-06 19:26:44.830  INFO 23500 --- [    Test worker] .b.t.c.SpringBootTestContextBootstrapper : Loaded default TestExecutionListener class names from location [META-INF/spring.factories]: [org.springframework.security.test.context.support.WithSecurityContextTestExecutionListener, org.springframework.security.test.context.support.ReactorContextTestExecutionListener, org.springframework.boot.test.autoconfigure.restdocs.RestDocsTestExecutionListener, org.springframework.boot.test.autoconfigure.web.client.MockRestServiceServerResetTestExecutionListener, org.springframework.boot.test.autoconfigure.web.servlet.MockMvcPrintOnlyOnFailureTestExecutionListener, org.springframework.boot.test.autoconfigure.web.servlet.WebDriverTestExecutionListener, org.springframework.boot.test.autoconfigure.webservices.client.MockWebServiceServerTestExecutionListener, org.springframework.boot.test.mock.mockito.MockitoTestExecutionListener, org.springframework.boot.test.mock.mockito.ResetMocksTestExecutionListener, org.springframework.test.context.web.ServletTestExecutionListener, org.springframework.test.context.support.DirtiesContextBeforeModesTestExecutionListener, org.springframework.test.context.event.ApplicationEventsTestExecutionListener, org.springframework.test.context.support.DependencyInjectionTestExecutionListener, org.springframework.test.context.support.DirtiesContextTestExecutionListener, org.springframework.test.context.transaction.TransactionalTestExecutionListener, org.springframework.test.context.jdbc.SqlScriptsTestExecutionListener, org.springframework.test.context.event.EventPublishingTestExecutionListener]
2023-12-06 19:26:44.831  INFO 23500 --- [    Test worker] .b.t.c.SpringBootTestContextBootstrapper : Using TestExecutionListeners: [org.springframework.test.context.web.ServletTestExecutionListener@1cea4fdf, org.springframework.test.context.support.DirtiesContextBeforeModesTestExecutionListener@33b3e47, org.springframework.test.context.event.ApplicationEventsTestExecutionListener@47970962, org.springframework.boot.test.mock.mockito.MockitoTestExecutionListener@66b16770, org.springframework.boot.test.autoconfigure.SpringBootDependencyInjectionTestExecutionListener@286b48ce, org.springframework.test.context.support.DirtiesContextTestExecutionListener@72788282, org.springframework.test.context.transaction.TransactionalTestExecutionListener@ddb59b6, org.springframework.test.context.jdbc.SqlScriptsTestExecutionListener@60bc259a, org.springframework.security.test.context.support.WithSecurityContextTestExecutionListener@12e33c7b, org.springframework.test.context.event.EventPublishingTestExecutionListener@24b9c037, org.springframework.security.test.context.support.ReactorContextTestExecutionListener@73f83bff, org.springframework.boot.test.autoconfigure.restdocs.RestDocsTestExecutionListener@72e950ef, org.springframework.boot.test.autoconfigure.web.client.MockRestServiceServerResetTestExecutionListener@79e2aa2d, org.springframework.boot.test.autoconfigure.web.servlet.MockMvcPrintOnlyOnFailureTestExecutionListener@13b0755e, org.springframework.boot.test.autoconfigure.web.servlet.WebDriverTestExecutionListener@21259314, org.springframework.boot.test.autoconfigure.webservices.client.MockWebServiceServerTestExecutionListener@19f3c1f7, org.springframework.boot.test.mock.mockito.ResetMocksTestExecutionListener@75acb326]
2023-12-06 19:26:44.842  INFO 23500 --- [    Test worker] o.s.t.c.transaction.TransactionContext   : Began transaction (1) for test context [DefaultTestContext@2b284acc testClass = SellerServiceTest, testInstance = net.prescent.service.SellerServiceTest@76e5278a, testMethod = signupSellerTest@SellerServiceTest, testException = [null], mergedContextConfiguration = [WebMergedContextConfiguration@70cc0601 testClass = SellerServiceTest, locations = '{}', classes = '{class net.prescent.PreScentApplication}', contextInitializerClasses = '[]', activeProfiles = '{}', propertySourceLocations = '{}', propertySourceProperties = '{org.springframework.boot.test.context.SpringBootTestContextBootstrapper=true}', contextCustomizers = set[org.springframework.boot.test.autoconfigure.actuate.metrics.MetricsExportContextCustomizerFactory$DisableMetricExportContextCustomizer@3f1c5af9, org.springframework.boot.test.autoconfigure.properties.PropertyMappingContextCustomizer@0, org.springframework.boot.test.autoconfigure.web.servlet.WebDriverContextCustomizerFactory$Customizer@44e3760b, org.springframework.boot.test.context.filter.ExcludeFilterContextCustomizer@1ddae9b5, org.springframework.boot.test.json.DuplicateJsonObjectContextCustomizerFactory$DuplicateJsonObjectContextCustomizer@2c7d121c, org.springframework.boot.test.mock.mockito.MockitoContextCustomizer@0, org.springframework.boot.test.web.client.TestRestTemplateContextCustomizer@1cd201a8, org.springframework.boot.test.web.reactive.server.WebTestClientContextCustomizer@19fe4644, org.springframework.boot.test.context.SpringBootTestArgs@1, org.springframework.boot.test.context.SpringBootTestWebEnvironment@490caf5f], resourceBasePath = 'src/main/webapp', contextLoader = 'org.springframework.boot.test.context.SpringBootContextLoader', parent = [null]], attributes = map['org.springframework.test.context.web.ServletTestExecutionListener.activateListener' -> true, 'org.springframework.test.context.web.ServletTestExecutionListener.populatedRequestContextHolder' -> true, 'org.springframework.test.context.web.ServletTestExecutionListener.resetRequestContextHolder' -> true, 'org.springframework.test.context.event.ApplicationEventsTestExecutionListener.recordApplicationEvents' -> false]]; transaction manager [org.springframework.orm.jpa.JpaTransactionManager@4d484961]; rollback [true]
2023-12-06 19:26:44.844 DEBUG 23500 --- [    Test worker] org.hibernate.SQL                        : 
    delete 
    from
        seller
Hibernate: 
    delete 
    from
        seller
2023-12-06 19:26:44.852 DEBUG 23500 --- [    Test worker] org.hibernate.SQL                        : 
    select
        sellerenti0_.seller_key as seller_k1_7_,
        sellerenti0_.shop_key as shop_key7_7_,
        sellerenti0_.isgrant as isgrant2_7_,
        sellerenti0_.seller_id_email as seller_i3_7_,
        sellerenti0_.seller_name as seller_n4_7_,
        sellerenti0_.seller_password as seller_p5_7_,
        sellerenti0_.seller_phonenum as seller_p6_7_ 
    from
        seller sellerenti0_ 
    where
        sellerenti0_.seller_key=?
Hibernate: 
    select
        sellerenti0_.seller_key as seller_k1_7_,
        sellerenti0_.shop_key as shop_key7_7_,
        sellerenti0_.isgrant as isgrant2_7_,
        sellerenti0_.seller_id_email as seller_i3_7_,
        sellerenti0_.seller_name as seller_n4_7_,
        sellerenti0_.seller_password as seller_p5_7_,
        sellerenti0_.seller_phonenum as seller_p6_7_ 
    from
        seller sellerenti0_ 
    where
        sellerenti0_.seller_key=?
2023-12-06 19:26:44.852 TRACE 23500 --- [    Test worker] o.h.type.descriptor.sql.BasicBinder      : binding parameter [1] as [INTEGER] - [123456789]
2023-12-06 19:26:44.934 DEBUG 23500 --- [    Test worker] org.hibernate.SQL                        : 
    select
        sellerenti0_.seller_key as seller_k1_7_0_,
        sellerenti0_.shop_key as shop_key7_7_0_,
        sellerenti0_.isgrant as isgrant2_7_0_,
        sellerenti0_.seller_id_email as seller_i3_7_0_,
        sellerenti0_.seller_name as seller_n4_7_0_,
        sellerenti0_.seller_password as seller_p5_7_0_,
        sellerenti0_.seller_phonenum as seller_p6_7_0_ 
    from
        seller sellerenti0_ 
    where
        sellerenti0_.seller_key=?
Hibernate: 
    select
        sellerenti0_.seller_key as seller_k1_7_0_,
        sellerenti0_.shop_key as shop_key7_7_0_,
        sellerenti0_.isgrant as isgrant2_7_0_,
        sellerenti0_.seller_id_email as seller_i3_7_0_,
        sellerenti0_.seller_name as seller_n4_7_0_,
        sellerenti0_.seller_password as seller_p5_7_0_,
        sellerenti0_.seller_phonenum as seller_p6_7_0_ 
    from
        seller sellerenti0_ 
    where
        sellerenti0_.seller_key=?
2023-12-06 19:26:44.935 TRACE 23500 --- [    Test worker] o.h.type.descriptor.sql.BasicBinder      : binding parameter [1] as [INTEGER] - [123456789]
2023-12-06 19:26:44.945 DEBUG 23500 --- [    Test worker] org.hibernate.SQL                        : 
    insert 
    into
        seller
        (shop_key, isgrant, seller_id_email, seller_name, seller_password, seller_phonenum, seller_key) 
    values
        (?, ?, ?, ?, ?, ?, ?)
Hibernate: 
    insert 
    into
        seller
        (shop_key, isgrant, seller_id_email, seller_name, seller_password, seller_phonenum, seller_key) 
    values
        (?, ?, ?, ?, ?, ?, ?)
2023-12-06 19:26:44.946 TRACE 23500 --- [    Test worker] o.h.type.descriptor.sql.BasicBinder      : binding parameter [1] as [INTEGER] - [null]
2023-12-06 19:26:44.946 TRACE 23500 --- [    Test worker] o.h.type.descriptor.sql.BasicBinder      : binding parameter [2] as [INTEGER] - [null]
2023-12-06 19:26:44.946 TRACE 23500 --- [    Test worker] o.h.type.descriptor.sql.BasicBinder      : binding parameter [3] as [VARCHAR] - [ajou@gmail.com]
2023-12-06 19:26:44.946 TRACE 23500 --- [    Test worker] o.h.type.descriptor.sql.BasicBinder      : binding parameter [4] as [VARCHAR] - [suhyeon]
2023-12-06 19:26:44.946 TRACE 23500 --- [    Test worker] o.h.type.descriptor.sql.BasicBinder      : binding parameter [5] as [VARCHAR] - [$2a$10$LjCg9NB/TlgLE5M6PAPfYeaF4cJAWVniD48dyR881bgQWZP02Fl/O]
2023-12-06 19:26:44.947 TRACE 23500 --- [    Test worker] o.h.type.descriptor.sql.BasicBinder      : binding parameter [6] as [VARCHAR] - [010-1111-2222]
2023-12-06 19:26:44.947 TRACE 23500 --- [    Test worker] o.h.type.descriptor.sql.BasicBinder      : binding parameter [7] as [INTEGER] - [123456789]
2023-12-06 19:26:44.956 DEBUG 23500 --- [    Test worker] org.hibernate.SQL                        : 
    select
        sellerenti0_.seller_key as seller_k1_7_,
        sellerenti0_.shop_key as shop_key7_7_,
        sellerenti0_.isgrant as isgrant2_7_,
        sellerenti0_.seller_id_email as seller_i3_7_,
        sellerenti0_.seller_name as seller_n4_7_,
        sellerenti0_.seller_password as seller_p5_7_,
        sellerenti0_.seller_phonenum as seller_p6_7_ 
    from
        seller sellerenti0_ 
    where
        sellerenti0_.seller_id_email=?
Hibernate: 
    select
        sellerenti0_.seller_key as seller_k1_7_,
        sellerenti0_.shop_key as shop_key7_7_,
        sellerenti0_.isgrant as isgrant2_7_,
        sellerenti0_.seller_id_email as seller_i3_7_,
        sellerenti0_.seller_name as seller_n4_7_,
        sellerenti0_.seller_password as seller_p5_7_,
        sellerenti0_.seller_phonenum as seller_p6_7_ 
    from
        seller sellerenti0_ 
    where
        sellerenti0_.seller_id_email=?
2023-12-06 19:26:44.956 TRACE 23500 --- [    Test worker] o.h.type.descriptor.sql.BasicBinder      : binding parameter [1] as [VARCHAR] - [ajou@gmail.com]
2023-12-06 19:26:45.053  INFO 23500 --- [    Test worker] o.s.t.c.transaction.TransactionContext   : Rolled back transaction for test: [DefaultTestContext@2b284acc testClass = SellerServiceTest, testInstance = net.prescent.service.SellerServiceTest@76e5278a, testMethod = signupSellerTest@SellerServiceTest, testException = [null], mergedContextConfiguration = [WebMergedContextConfiguration@70cc0601 testClass = SellerServiceTest, locations = '{}', classes = '{class net.prescent.PreScentApplication}', contextInitializerClasses = '[]', activeProfiles = '{}', propertySourceLocations = '{}', propertySourceProperties = '{org.springframework.boot.test.context.SpringBootTestContextBootstrapper=true}', contextCustomizers = set[org.springframework.boot.test.autoconfigure.actuate.metrics.MetricsExportContextCustomizerFactory$DisableMetricExportContextCustomizer@3f1c5af9, org.springframework.boot.test.autoconfigure.properties.PropertyMappingContextCustomizer@0, org.springframework.boot.test.autoconfigure.web.servlet.WebDriverContextCustomizerFactory$Customizer@44e3760b, org.springframework.boot.test.context.filter.ExcludeFilterContextCustomizer@1ddae9b5, org.springframework.boot.test.json.DuplicateJsonObjectContextCustomizerFactory$DuplicateJsonObjectContextCustomizer@2c7d121c, org.springframework.boot.test.mock.mockito.MockitoContextCustomizer@0, org.springframework.boot.test.web.client.TestRestTemplateContextCustomizer@1cd201a8, org.springframework.boot.test.web.reactive.server.WebTestClientContextCustomizer@19fe4644, org.springframework.boot.test.context.SpringBootTestArgs@1, org.springframework.boot.test.context.SpringBootTestWebEnvironment@490caf5f], resourceBasePath = 'src/main/webapp', contextLoader = 'org.springframework.boot.test.context.SpringBootContextLoader', parent = [null]], attributes = map['org.springframework.test.context.web.ServletTestExecutionListener.activateListener' -> true, 'org.springframework.test.context.web.ServletTestExecutionListener.populatedRequestContextHolder' -> true, 'org.springframework.test.context.web.ServletTestExecutionListener.resetRequestContextHolder' -> true, 'org.springframework.test.context.event.ApplicationEventsTestExecutionListener.recordApplicationEvents' -> false]]
2023-12-06 19:26:45.061  INFO 23500 --- [    Test worker] o.s.t.c.transaction.TransactionContext   : Began transaction (1) for test context [DefaultTestContext@2b284acc testClass = SellerServiceTest, testInstance = net.prescent.service.SellerServiceTest@264e0b8e, testMethod = signupDuplicateSellerKeyTest@SellerServiceTest, testException = [null], mergedContextConfiguration = [WebMergedContextConfiguration@70cc0601 testClass = SellerServiceTest, locations = '{}', classes = '{class net.prescent.PreScentApplication}', contextInitializerClasses = '[]', activeProfiles = '{}', propertySourceLocations = '{}', propertySourceProperties = '{org.springframework.boot.test.context.SpringBootTestContextBootstrapper=true}', contextCustomizers = set[org.springframework.boot.test.autoconfigure.actuate.metrics.MetricsExportContextCustomizerFactory$DisableMetricExportContextCustomizer@3f1c5af9, org.springframework.boot.test.autoconfigure.properties.PropertyMappingContextCustomizer@0, org.springframework.boot.test.autoconfigure.web.servlet.WebDriverContextCustomizerFactory$Customizer@44e3760b, org.springframework.boot.test.context.filter.ExcludeFilterContextCustomizer@1ddae9b5, org.springframework.boot.test.json.DuplicateJsonObjectContextCustomizerFactory$DuplicateJsonObjectContextCustomizer@2c7d121c, org.springframework.boot.test.mock.mockito.MockitoContextCustomizer@0, org.springframework.boot.test.web.client.TestRestTemplateContextCustomizer@1cd201a8, org.springframework.boot.test.web.reactive.server.WebTestClientContextCustomizer@19fe4644, org.springframework.boot.test.context.SpringBootTestArgs@1, org.springframework.boot.test.context.SpringBootTestWebEnvironment@490caf5f], resourceBasePath = 'src/main/webapp', contextLoader = 'org.springframework.boot.test.context.SpringBootContextLoader', parent = [null]], attributes = map['org.springframework.test.context.web.ServletTestExecutionListener.activateListener' -> true, 'org.springframework.test.context.web.ServletTestExecutionListener.populatedRequestContextHolder' -> true, 'org.springframework.test.context.web.ServletTestExecutionListener.resetRequestContextHolder' -> true, 'org.springframework.test.context.event.ApplicationEventsTestExecutionListener.recordApplicationEvents' -> false]]; transaction manager [org.springframework.orm.jpa.JpaTransactionManager@4d484961]; rollback [true]
2023-12-06 19:26:45.062 DEBUG 23500 --- [    Test worker] org.hibernate.SQL                        : 
    delete 
    from
        seller
Hibernate: 
    delete 
    from
        seller
2023-12-06 19:26:45.069 DEBUG 23500 --- [    Test worker] org.hibernate.SQL                        : 
    select
        sellerenti0_.seller_key as seller_k1_7_,
        sellerenti0_.shop_key as shop_key7_7_,
        sellerenti0_.isgrant as isgrant2_7_,
        sellerenti0_.seller_id_email as seller_i3_7_,
        sellerenti0_.seller_name as seller_n4_7_,
        sellerenti0_.seller_password as seller_p5_7_,
        sellerenti0_.seller_phonenum as seller_p6_7_ 
    from
        seller sellerenti0_ 
    where
        sellerenti0_.seller_key=?
Hibernate: 
    select
        sellerenti0_.seller_key as seller_k1_7_,
        sellerenti0_.shop_key as shop_key7_7_,
        sellerenti0_.isgrant as isgrant2_7_,
        sellerenti0_.seller_id_email as seller_i3_7_,
        sellerenti0_.seller_name as seller_n4_7_,
        sellerenti0_.seller_password as seller_p5_7_,
        sellerenti0_.seller_phonenum as seller_p6_7_ 
    from
        seller sellerenti0_ 
    where
        sellerenti0_.seller_key=?
2023-12-06 19:26:45.070 TRACE 23500 --- [    Test worker] o.h.type.descriptor.sql.BasicBinder      : binding parameter [1] as [INTEGER] - [123456789]
2023-12-06 19:26:45.149 DEBUG 23500 --- [    Test worker] org.hibernate.SQL                        : 
    select
        sellerenti0_.seller_key as seller_k1_7_0_,
        sellerenti0_.shop_key as shop_key7_7_0_,
        sellerenti0_.isgrant as isgrant2_7_0_,
        sellerenti0_.seller_id_email as seller_i3_7_0_,
        sellerenti0_.seller_name as seller_n4_7_0_,
        sellerenti0_.seller_password as seller_p5_7_0_,
        sellerenti0_.seller_phonenum as seller_p6_7_0_ 
    from
        seller sellerenti0_ 
    where
        sellerenti0_.seller_key=?
Hibernate: 
    select
        sellerenti0_.seller_key as seller_k1_7_0_,
        sellerenti0_.shop_key as shop_key7_7_0_,
        sellerenti0_.isgrant as isgrant2_7_0_,
        sellerenti0_.seller_id_email as seller_i3_7_0_,
        sellerenti0_.seller_name as seller_n4_7_0_,
        sellerenti0_.seller_password as seller_p5_7_0_,
        sellerenti0_.seller_phonenum as seller_p6_7_0_ 
    from
        seller sellerenti0_ 
    where
        sellerenti0_.seller_key=?
2023-12-06 19:26:45.150 TRACE 23500 --- [    Test worker] o.h.type.descriptor.sql.BasicBinder      : binding parameter [1] as [INTEGER] - [123456789]
2023-12-06 19:26:45.160 DEBUG 23500 --- [    Test worker] org.hibernate.SQL                        : 
    insert 
    into
        seller
        (shop_key, isgrant, seller_id_email, seller_name, seller_password, seller_phonenum, seller_key) 
    values
        (?, ?, ?, ?, ?, ?, ?)
Hibernate: 
    insert 
    into
        seller
        (shop_key, isgrant, seller_id_email, seller_name, seller_password, seller_phonenum, seller_key) 
    values
        (?, ?, ?, ?, ?, ?, ?)
2023-12-06 19:26:45.160 TRACE 23500 --- [    Test worker] o.h.type.descriptor.sql.BasicBinder      : binding parameter [1] as [INTEGER] - [null]
2023-12-06 19:26:45.160 TRACE 23500 --- [    Test worker] o.h.type.descriptor.sql.BasicBinder      : binding parameter [2] as [INTEGER] - [null]
2023-12-06 19:26:45.160 TRACE 23500 --- [    Test worker] o.h.type.descriptor.sql.BasicBinder      : binding parameter [3] as [VARCHAR] - [ajou@gmail.com]
2023-12-06 19:26:45.160 TRACE 23500 --- [    Test worker] o.h.type.descriptor.sql.BasicBinder      : binding parameter [4] as [VARCHAR] - [suhyeon]
2023-12-06 19:26:45.160 TRACE 23500 --- [    Test worker] o.h.type.descriptor.sql.BasicBinder      : binding parameter [5] as [VARCHAR] - [$2a$10$E3zQQXa9.WlCIruT6DhN5.bIhlI75.ycCopR5R0v878TVizwmL3S2]
2023-12-06 19:26:45.160 TRACE 23500 --- [    Test worker] o.h.type.descriptor.sql.BasicBinder      : binding parameter [6] as [VARCHAR] - [010-1111-2222]
2023-12-06 19:26:45.160 TRACE 23500 --- [    Test worker] o.h.type.descriptor.sql.BasicBinder      : binding parameter [7] as [INTEGER] - [123456789]
2023-12-06 19:26:45.169 DEBUG 23500 --- [    Test worker] org.hibernate.SQL                        : 
    select
        sellerenti0_.seller_key as seller_k1_7_,
        sellerenti0_.shop_key as shop_key7_7_,
        sellerenti0_.isgrant as isgrant2_7_,
        sellerenti0_.seller_id_email as seller_i3_7_,
        sellerenti0_.seller_name as seller_n4_7_,
        sellerenti0_.seller_password as seller_p5_7_,
        sellerenti0_.seller_phonenum as seller_p6_7_ 
    from
        seller sellerenti0_ 
    where
        sellerenti0_.seller_key=?
Hibernate: 
    select
        sellerenti0_.seller_key as seller_k1_7_,
        sellerenti0_.shop_key as shop_key7_7_,
        sellerenti0_.isgrant as isgrant2_7_,
        sellerenti0_.seller_id_email as seller_i3_7_,
        sellerenti0_.seller_name as seller_n4_7_,
        sellerenti0_.seller_password as seller_p5_7_,
        sellerenti0_.seller_phonenum as seller_p6_7_ 
    from
        seller sellerenti0_ 
    where
        sellerenti0_.seller_key=?
2023-12-06 19:26:45.169 TRACE 23500 --- [    Test worker] o.h.type.descriptor.sql.BasicBinder      : binding parameter [1] as [INTEGER] - [123456789]
2023-12-06 19:26:45.194  INFO 23500 --- [    Test worker] o.s.t.c.transaction.TransactionContext   : Rolled back transaction for test: [DefaultTestContext@2b284acc testClass = SellerServiceTest, testInstance = net.prescent.service.SellerServiceTest@264e0b8e, testMethod = signupDuplicateSellerKeyTest@SellerServiceTest, testException = [null], mergedContextConfiguration = [WebMergedContextConfiguration@70cc0601 testClass = SellerServiceTest, locations = '{}', classes = '{class net.prescent.PreScentApplication}', contextInitializerClasses = '[]', activeProfiles = '{}', propertySourceLocations = '{}', propertySourceProperties = '{org.springframework.boot.test.context.SpringBootTestContextBootstrapper=true}', contextCustomizers = set[org.springframework.boot.test.autoconfigure.actuate.metrics.MetricsExportContextCustomizerFactory$DisableMetricExportContextCustomizer@3f1c5af9, org.springframework.boot.test.autoconfigure.properties.PropertyMappingContextCustomizer@0, org.springframework.boot.test.autoconfigure.web.servlet.WebDriverContextCustomizerFactory$Customizer@44e3760b, org.springframework.boot.test.context.filter.ExcludeFilterContextCustomizer@1ddae9b5, org.springframework.boot.test.json.DuplicateJsonObjectContextCustomizerFactory$DuplicateJsonObjectContextCustomizer@2c7d121c, org.springframework.boot.test.mock.mockito.MockitoContextCustomizer@0, org.springframework.boot.test.web.client.TestRestTemplateContextCustomizer@1cd201a8, org.springframework.boot.test.web.reactive.server.WebTestClientContextCustomizer@19fe4644, org.springframework.boot.test.context.SpringBootTestArgs@1, org.springframework.boot.test.context.SpringBootTestWebEnvironment@490caf5f], resourceBasePath = 'src/main/webapp', contextLoader = 'org.springframework.boot.test.context.SpringBootContextLoader', parent = [null]], attributes = map['org.springframework.test.context.web.ServletTestExecutionListener.activateListener' -> true, 'org.springframework.test.context.web.ServletTestExecutionListener.populatedRequestContextHolder' -> true, 'org.springframework.test.context.web.ServletTestExecutionListener.resetRequestContextHolder' -> true, 'org.springframework.test.context.event.ApplicationEventsTestExecutionListener.recordApplicationEvents' -> false]]
2023-12-06 19:26:45.204  INFO 23500 --- [    Test worker] o.s.t.c.transaction.TransactionContext   : Began transaction (1) for test context [DefaultTestContext@2b284acc testClass = SellerServiceTest, testInstance = net.prescent.service.SellerServiceTest@3778cd05, testMethod = logoutTest@SellerServiceTest, testException = [null], mergedContextConfiguration = [WebMergedContextConfiguration@70cc0601 testClass = SellerServiceTest, locations = '{}', classes = '{class net.prescent.PreScentApplication}', contextInitializerClasses = '[]', activeProfiles = '{}', propertySourceLocations = '{}', propertySourceProperties = '{org.springframework.boot.test.context.SpringBootTestContextBootstrapper=true}', contextCustomizers = set[org.springframework.boot.test.autoconfigure.actuate.metrics.MetricsExportContextCustomizerFactory$DisableMetricExportContextCustomizer@3f1c5af9, org.springframework.boot.test.autoconfigure.properties.PropertyMappingContextCustomizer@0, org.springframework.boot.test.autoconfigure.web.servlet.WebDriverContextCustomizerFactory$Customizer@44e3760b, org.springframework.boot.test.context.filter.ExcludeFilterContextCustomizer@1ddae9b5, org.springframework.boot.test.json.DuplicateJsonObjectContextCustomizerFactory$DuplicateJsonObjectContextCustomizer@2c7d121c, org.springframework.boot.test.mock.mockito.MockitoContextCustomizer@0, org.springframework.boot.test.web.client.TestRestTemplateContextCustomizer@1cd201a8, org.springframework.boot.test.web.reactive.server.WebTestClientContextCustomizer@19fe4644, org.springframework.boot.test.context.SpringBootTestArgs@1, org.springframework.boot.test.context.SpringBootTestWebEnvironment@490caf5f], resourceBasePath = 'src/main/webapp', contextLoader = 'org.springframework.boot.test.context.SpringBootContextLoader', parent = [null]], attributes = map['org.springframework.test.context.web.ServletTestExecutionListener.activateListener' -> true, 'org.springframework.test.context.web.ServletTestExecutionListener.populatedRequestContextHolder' -> true, 'org.springframework.test.context.web.ServletTestExecutionListener.resetRequestContextHolder' -> true, 'org.springframework.test.context.event.ApplicationEventsTestExecutionListener.recordApplicationEvents' -> false]]; transaction manager [org.springframework.orm.jpa.JpaTransactionManager@4d484961]; rollback [true]
2023-12-06 19:26:45.205 DEBUG 23500 --- [    Test worker] org.hibernate.SQL                        : 
    delete 
    from
        seller
Hibernate: 
    delete 
    from
        seller
2023-12-06 19:26:45.215 DEBUG 23500 --- [    Test worker] org.hibernate.SQL                        : 
    select
        sellerenti0_.seller_key as seller_k1_7_,
        sellerenti0_.shop_key as shop_key7_7_,
        sellerenti0_.isgrant as isgrant2_7_,
        sellerenti0_.seller_id_email as seller_i3_7_,
        sellerenti0_.seller_name as seller_n4_7_,
        sellerenti0_.seller_password as seller_p5_7_,
        sellerenti0_.seller_phonenum as seller_p6_7_ 
    from
        seller sellerenti0_ 
    where
        sellerenti0_.seller_key=?
Hibernate: 
    select
        sellerenti0_.seller_key as seller_k1_7_,
        sellerenti0_.shop_key as shop_key7_7_,
        sellerenti0_.isgrant as isgrant2_7_,
        sellerenti0_.seller_id_email as seller_i3_7_,
        sellerenti0_.seller_name as seller_n4_7_,
        sellerenti0_.seller_password as seller_p5_7_,
        sellerenti0_.seller_phonenum as seller_p6_7_ 
    from
        seller sellerenti0_ 
    where
        sellerenti0_.seller_key=?
2023-12-06 19:26:45.216 TRACE 23500 --- [    Test worker] o.h.type.descriptor.sql.BasicBinder      : binding parameter [1] as [INTEGER] - [123456789]
2023-12-06 19:26:45.290 DEBUG 23500 --- [    Test worker] org.hibernate.SQL                        : 
    select
        sellerenti0_.seller_key as seller_k1_7_0_,
        sellerenti0_.shop_key as shop_key7_7_0_,
        sellerenti0_.isgrant as isgrant2_7_0_,
        sellerenti0_.seller_id_email as seller_i3_7_0_,
        sellerenti0_.seller_name as seller_n4_7_0_,
        sellerenti0_.seller_password as seller_p5_7_0_,
        sellerenti0_.seller_phonenum as seller_p6_7_0_ 
    from
        seller sellerenti0_ 
    where
        sellerenti0_.seller_key=?
Hibernate: 
    select
        sellerenti0_.seller_key as seller_k1_7_0_,
        sellerenti0_.shop_key as shop_key7_7_0_,
        sellerenti0_.isgrant as isgrant2_7_0_,
        sellerenti0_.seller_id_email as seller_i3_7_0_,
        sellerenti0_.seller_name as seller_n4_7_0_,
        sellerenti0_.seller_password as seller_p5_7_0_,
        sellerenti0_.seller_phonenum as seller_p6_7_0_ 
    from
        seller sellerenti0_ 
    where
        sellerenti0_.seller_key=?
2023-12-06 19:26:45.291 TRACE 23500 --- [    Test worker] o.h.type.descriptor.sql.BasicBinder      : binding parameter [1] as [INTEGER] - [123456789]
2023-12-06 19:26:45.299 DEBUG 23500 --- [    Test worker] org.hibernate.SQL                        : 
    insert 
    into
        seller
        (shop_key, isgrant, seller_id_email, seller_name, seller_password, seller_phonenum, seller_key) 
    values
        (?, ?, ?, ?, ?, ?, ?)
Hibernate: 
    insert 
    into
        seller
        (shop_key, isgrant, seller_id_email, seller_name, seller_password, seller_phonenum, seller_key) 
    values
        (?, ?, ?, ?, ?, ?, ?)
2023-12-06 19:26:45.299 TRACE 23500 --- [    Test worker] o.h.type.descriptor.sql.BasicBinder      : binding parameter [1] as [INTEGER] - [null]
2023-12-06 19:26:45.299 TRACE 23500 --- [    Test worker] o.h.type.descriptor.sql.BasicBinder      : binding parameter [2] as [INTEGER] - [null]
2023-12-06 19:26:45.299 TRACE 23500 --- [    Test worker] o.h.type.descriptor.sql.BasicBinder      : binding parameter [3] as [VARCHAR] - [ajou@gmail.com]
2023-12-06 19:26:45.299 TRACE 23500 --- [    Test worker] o.h.type.descriptor.sql.BasicBinder      : binding parameter [4] as [VARCHAR] - [suhyeon]
2023-12-06 19:26:45.299 TRACE 23500 --- [    Test worker] o.h.type.descriptor.sql.BasicBinder      : binding parameter [5] as [VARCHAR] - [$2a$10$clQzxvrn/HhFbnzU90SuVeMAO13VH55rGJHw9rLaaDJNShlTNdD2S]
2023-12-06 19:26:45.299 TRACE 23500 --- [    Test worker] o.h.type.descriptor.sql.BasicBinder      : binding parameter [6] as [VARCHAR] - [010-1111-2222]
2023-12-06 19:26:45.299 TRACE 23500 --- [    Test worker] o.h.type.descriptor.sql.BasicBinder      : binding parameter [7] as [INTEGER] - [123456789]
2023-12-06 19:26:45.307 DEBUG 23500 --- [    Test worker] org.hibernate.SQL                        : 
    select
        sellerenti0_.seller_key as seller_k1_7_,
        sellerenti0_.shop_key as shop_key7_7_,
        sellerenti0_.isgrant as isgrant2_7_,
        sellerenti0_.seller_id_email as seller_i3_7_,
        sellerenti0_.seller_name as seller_n4_7_,
        sellerenti0_.seller_password as seller_p5_7_,
        sellerenti0_.seller_phonenum as seller_p6_7_ 
    from
        seller sellerenti0_ 
    where
        sellerenti0_.seller_id_email=?
Hibernate: 
    select
        sellerenti0_.seller_key as seller_k1_7_,
        sellerenti0_.shop_key as shop_key7_7_,
        sellerenti0_.isgrant as isgrant2_7_,
        sellerenti0_.seller_id_email as seller_i3_7_,
        sellerenti0_.seller_name as seller_n4_7_,
        sellerenti0_.seller_password as seller_p5_7_,
        sellerenti0_.seller_phonenum as seller_p6_7_ 
    from
        seller sellerenti0_ 
    where
        sellerenti0_.seller_id_email=?
2023-12-06 19:26:45.308 TRACE 23500 --- [    Test worker] o.h.type.descriptor.sql.BasicBinder      : binding parameter [1] as [VARCHAR] - [ajou@gmail.com]
2023-12-06 19:26:45.378 DEBUG 23500 --- [    Test worker] org.hibernate.SQL                        : 
    select
        accesstoke0_.token as token1_0_0_,
        accesstoke0_.seller_key as seller_k2_0_0_ 
    from
        access_token accesstoke0_ 
    where
        accesstoke0_.token=?
Hibernate: 
    select
        accesstoke0_.token as token1_0_0_,
        accesstoke0_.seller_key as seller_k2_0_0_ 
    from
        access_token accesstoke0_ 
    where
        accesstoke0_.token=?
2023-12-06 19:26:45.378 TRACE 23500 --- [    Test worker] o.h.type.descriptor.sql.BasicBinder      : binding parameter [1] as [VARCHAR] - [a69f80cf-5420-401b-aa47-d5c8438db901]
2023-12-06 19:26:45.389 DEBUG 23500 --- [    Test worker] org.hibernate.SQL                        : 
    insert 
    into
        access_token
        (seller_key, token) 
    values
        (?, ?)
Hibernate: 
    insert 
    into
        access_token
        (seller_key, token) 
    values
        (?, ?)
2023-12-06 19:26:45.389 TRACE 23500 --- [    Test worker] o.h.type.descriptor.sql.BasicBinder      : binding parameter [1] as [INTEGER] - [123456789]
2023-12-06 19:26:45.390 TRACE 23500 --- [    Test worker] o.h.type.descriptor.sql.BasicBinder      : binding parameter [2] as [VARCHAR] - [a69f80cf-5420-401b-aa47-d5c8438db901]
2023-12-06 19:26:45.397 DEBUG 23500 --- [    Test worker] org.hibernate.SQL                        : 
    select
        accesstoke0_.token as token1_0_,
        accesstoke0_.seller_key as seller_k2_0_ 
    from
        access_token accesstoke0_ 
    where
        accesstoke0_.token=?
Hibernate: 
    select
        accesstoke0_.token as token1_0_,
        accesstoke0_.seller_key as seller_k2_0_ 
    from
        access_token accesstoke0_ 
    where
        accesstoke0_.token=?
2023-12-06 19:26:45.398 TRACE 23500 --- [    Test worker] o.h.type.descriptor.sql.BasicBinder      : binding parameter [1] as [VARCHAR] - [a69f80cf-5420-401b-aa47-d5c8438db901]
2023-12-06 19:26:45.406 DEBUG 23500 --- [    Test worker] org.hibernate.SQL                        : 
    select
        accesstoke0_.token as token1_0_,
        accesstoke0_.seller_key as seller_k2_0_ 
    from
        access_token accesstoke0_ 
    where
        accesstoke0_.token=?
Hibernate: 
    select
        accesstoke0_.token as token1_0_,
        accesstoke0_.seller_key as seller_k2_0_ 
    from
        access_token accesstoke0_ 
    where
        accesstoke0_.token=?
2023-12-06 19:26:45.407 TRACE 23500 --- [    Test worker] o.h.type.descriptor.sql.BasicBinder      : binding parameter [1] as [VARCHAR] - [a69f80cf-5420-401b-aa47-d5c8438db901]
2023-12-06 19:26:45.416 DEBUG 23500 --- [    Test worker] org.hibernate.SQL                        : 
    delete 
    from
        access_token 
    where
        token=?
Hibernate: 
    delete 
    from
        access_token 
    where
        token=?
2023-12-06 19:26:45.417 TRACE 23500 --- [    Test worker] o.h.type.descriptor.sql.BasicBinder      : binding parameter [1] as [VARCHAR] - [a69f80cf-5420-401b-aa47-d5c8438db901]
2023-12-06 19:26:45.425 DEBUG 23500 --- [    Test worker] org.hibernate.SQL                        : 
    select
        accesstoke0_.token as token1_0_,
        accesstoke0_.seller_key as seller_k2_0_ 
    from
        access_token accesstoke0_ 
    where
        accesstoke0_.token=?
Hibernate: 
    select
        accesstoke0_.token as token1_0_,
        accesstoke0_.seller_key as seller_k2_0_ 
    from
        access_token accesstoke0_ 
    where
        accesstoke0_.token=?
2023-12-06 19:26:45.426 TRACE 23500 --- [    Test worker] o.h.type.descriptor.sql.BasicBinder      : binding parameter [1] as [VARCHAR] - [a69f80cf-5420-401b-aa47-d5c8438db901]
2023-12-06 19:26:45.462  INFO 23500 --- [    Test worker] o.s.t.c.transaction.TransactionContext   : Rolled back transaction for test: [DefaultTestContext@2b284acc testClass = SellerServiceTest, testInstance = net.prescent.service.SellerServiceTest@3778cd05, testMethod = logoutTest@SellerServiceTest, testException = [null], mergedContextConfiguration = [WebMergedContextConfiguration@70cc0601 testClass = SellerServiceTest, locations = '{}', classes = '{class net.prescent.PreScentApplication}', contextInitializerClasses = '[]', activeProfiles = '{}', propertySourceLocations = '{}', propertySourceProperties = '{org.springframework.boot.test.context.SpringBootTestContextBootstrapper=true}', contextCustomizers = set[org.springframework.boot.test.autoconfigure.actuate.metrics.MetricsExportContextCustomizerFactory$DisableMetricExportContextCustomizer@3f1c5af9, org.springframework.boot.test.autoconfigure.properties.PropertyMappingContextCustomizer@0, org.springframework.boot.test.autoconfigure.web.servlet.WebDriverContextCustomizerFactory$Customizer@44e3760b, org.springframework.boot.test.context.filter.ExcludeFilterContextCustomizer@1ddae9b5, org.springframework.boot.test.json.DuplicateJsonObjectContextCustomizerFactory$DuplicateJsonObjectContextCustomizer@2c7d121c, org.springframework.boot.test.mock.mockito.MockitoContextCustomizer@0, org.springframework.boot.test.web.client.TestRestTemplateContextCustomizer@1cd201a8, org.springframework.boot.test.web.reactive.server.WebTestClientContextCustomizer@19fe4644, org.springframework.boot.test.context.SpringBootTestArgs@1, org.springframework.boot.test.context.SpringBootTestWebEnvironment@490caf5f], resourceBasePath = 'src/main/webapp', contextLoader = 'org.springframework.boot.test.context.SpringBootContextLoader', parent = [null]], attributes = map['org.springframework.test.context.web.ServletTestExecutionListener.activateListener' -> true, 'org.springframework.test.context.web.ServletTestExecutionListener.populatedRequestContextHolder' -> true, 'org.springframework.test.context.web.ServletTestExecutionListener.resetRequestContextHolder' -> true, 'org.springframework.test.context.event.ApplicationEventsTestExecutionListener.recordApplicationEvents' -> false]]
2023-12-06 19:26:45.469  INFO 23500 --- [    Test worker] o.s.t.c.transaction.TransactionContext   : Began transaction (1) for test context [DefaultTestContext@2b284acc testClass = SellerServiceTest, testInstance = net.prescent.service.SellerServiceTest@6c3600b7, testMethod = loginFailureWrongPasswordTest@SellerServiceTest, testException = [null], mergedContextConfiguration = [WebMergedContextConfiguration@70cc0601 testClass = SellerServiceTest, locations = '{}', classes = '{class net.prescent.PreScentApplication}', contextInitializerClasses = '[]', activeProfiles = '{}', propertySourceLocations = '{}', propertySourceProperties = '{org.springframework.boot.test.context.SpringBootTestContextBootstrapper=true}', contextCustomizers = set[org.springframework.boot.test.autoconfigure.actuate.metrics.MetricsExportContextCustomizerFactory$DisableMetricExportContextCustomizer@3f1c5af9, org.springframework.boot.test.autoconfigure.properties.PropertyMappingContextCustomizer@0, org.springframework.boot.test.autoconfigure.web.servlet.WebDriverContextCustomizerFactory$Customizer@44e3760b, org.springframework.boot.test.context.filter.ExcludeFilterContextCustomizer@1ddae9b5, org.springframework.boot.test.json.DuplicateJsonObjectContextCustomizerFactory$DuplicateJsonObjectContextCustomizer@2c7d121c, org.springframework.boot.test.mock.mockito.MockitoContextCustomizer@0, org.springframework.boot.test.web.client.TestRestTemplateContextCustomizer@1cd201a8, org.springframework.boot.test.web.reactive.server.WebTestClientContextCustomizer@19fe4644, org.springframework.boot.test.context.SpringBootTestArgs@1, org.springframework.boot.test.context.SpringBootTestWebEnvironment@490caf5f], resourceBasePath = 'src/main/webapp', contextLoader = 'org.springframework.boot.test.context.SpringBootContextLoader', parent = [null]], attributes = map['org.springframework.test.context.web.ServletTestExecutionListener.activateListener' -> true, 'org.springframework.test.context.web.ServletTestExecutionListener.populatedRequestContextHolder' -> true, 'org.springframework.test.context.web.ServletTestExecutionListener.resetRequestContextHolder' -> true, 'org.springframework.test.context.event.ApplicationEventsTestExecutionListener.recordApplicationEvents' -> false]]; transaction manager [org.springframework.orm.jpa.JpaTransactionManager@4d484961]; rollback [true]
2023-12-06 19:26:45.471 DEBUG 23500 --- [    Test worker] org.hibernate.SQL                        : 
    delete 
    from
        seller
Hibernate: 
    delete 
    from
        seller
2023-12-06 19:26:45.478 DEBUG 23500 --- [    Test worker] org.hibernate.SQL                        : 
    select
        sellerenti0_.seller_key as seller_k1_7_,
        sellerenti0_.shop_key as shop_key7_7_,
        sellerenti0_.isgrant as isgrant2_7_,
        sellerenti0_.seller_id_email as seller_i3_7_,
        sellerenti0_.seller_name as seller_n4_7_,
        sellerenti0_.seller_password as seller_p5_7_,
        sellerenti0_.seller_phonenum as seller_p6_7_ 
    from
        seller sellerenti0_ 
    where
        sellerenti0_.seller_key=?
Hibernate: 
    select
        sellerenti0_.seller_key as seller_k1_7_,
        sellerenti0_.shop_key as shop_key7_7_,
        sellerenti0_.isgrant as isgrant2_7_,
        sellerenti0_.seller_id_email as seller_i3_7_,
        sellerenti0_.seller_name as seller_n4_7_,
        sellerenti0_.seller_password as seller_p5_7_,
        sellerenti0_.seller_phonenum as seller_p6_7_ 
    from
        seller sellerenti0_ 
    where
        sellerenti0_.seller_key=?
2023-12-06 19:26:45.478 TRACE 23500 --- [    Test worker] o.h.type.descriptor.sql.BasicBinder      : binding parameter [1] as [INTEGER] - [123456789]
2023-12-06 19:26:45.549 DEBUG 23500 --- [    Test worker] org.hibernate.SQL                        : 
    select
        sellerenti0_.seller_key as seller_k1_7_0_,
        sellerenti0_.shop_key as shop_key7_7_0_,
        sellerenti0_.isgrant as isgrant2_7_0_,
        sellerenti0_.seller_id_email as seller_i3_7_0_,
        sellerenti0_.seller_name as seller_n4_7_0_,
        sellerenti0_.seller_password as seller_p5_7_0_,
        sellerenti0_.seller_phonenum as seller_p6_7_0_ 
    from
        seller sellerenti0_ 
    where
        sellerenti0_.seller_key=?
Hibernate: 
    select
        sellerenti0_.seller_key as seller_k1_7_0_,
        sellerenti0_.shop_key as shop_key7_7_0_,
        sellerenti0_.isgrant as isgrant2_7_0_,
        sellerenti0_.seller_id_email as seller_i3_7_0_,
        sellerenti0_.seller_name as seller_n4_7_0_,
        sellerenti0_.seller_password as seller_p5_7_0_,
        sellerenti0_.seller_phonenum as seller_p6_7_0_ 
    from
        seller sellerenti0_ 
    where
        sellerenti0_.seller_key=?
2023-12-06 19:26:45.550 TRACE 23500 --- [    Test worker] o.h.type.descriptor.sql.BasicBinder      : binding parameter [1] as [INTEGER] - [123456789]
2023-12-06 19:26:45.559 DEBUG 23500 --- [    Test worker] org.hibernate.SQL                        : 
    insert 
    into
        seller
        (shop_key, isgrant, seller_id_email, seller_name, seller_password, seller_phonenum, seller_key) 
    values
        (?, ?, ?, ?, ?, ?, ?)
Hibernate: 
    insert 
    into
        seller
        (shop_key, isgrant, seller_id_email, seller_name, seller_password, seller_phonenum, seller_key) 
    values
        (?, ?, ?, ?, ?, ?, ?)
2023-12-06 19:26:45.559 TRACE 23500 --- [    Test worker] o.h.type.descriptor.sql.BasicBinder      : binding parameter [1] as [INTEGER] - [null]
2023-12-06 19:26:45.559 TRACE 23500 --- [    Test worker] o.h.type.descriptor.sql.BasicBinder      : binding parameter [2] as [INTEGER] - [null]
2023-12-06 19:26:45.559 TRACE 23500 --- [    Test worker] o.h.type.descriptor.sql.BasicBinder      : binding parameter [3] as [VARCHAR] - [ajou@gmail.com]
2023-12-06 19:26:45.559 TRACE 23500 --- [    Test worker] o.h.type.descriptor.sql.BasicBinder      : binding parameter [4] as [VARCHAR] - [suhyeon]
2023-12-06 19:26:45.559 TRACE 23500 --- [    Test worker] o.h.type.descriptor.sql.BasicBinder      : binding parameter [5] as [VARCHAR] - [$2a$10$lJWPhGBSn.oecpsLyd3jvuOPrpRRXTscCo1FCGqysooxpe/nb4AOG]
2023-12-06 19:26:45.559 TRACE 23500 --- [    Test worker] o.h.type.descriptor.sql.BasicBinder      : binding parameter [6] as [VARCHAR] - [010-1111-2222]
2023-12-06 19:26:45.559 TRACE 23500 --- [    Test worker] o.h.type.descriptor.sql.BasicBinder      : binding parameter [7] as [INTEGER] - [123456789]
2023-12-06 19:26:45.565 DEBUG 23500 --- [    Test worker] org.hibernate.SQL                        : 
    select
        sellerenti0_.seller_key as seller_k1_7_,
        sellerenti0_.shop_key as shop_key7_7_,
        sellerenti0_.isgrant as isgrant2_7_,
        sellerenti0_.seller_id_email as seller_i3_7_,
        sellerenti0_.seller_name as seller_n4_7_,
        sellerenti0_.seller_password as seller_p5_7_,
        sellerenti0_.seller_phonenum as seller_p6_7_ 
    from
        seller sellerenti0_ 
    where
        sellerenti0_.seller_id_email=?
Hibernate: 
    select
        sellerenti0_.seller_key as seller_k1_7_,
        sellerenti0_.shop_key as shop_key7_7_,
        sellerenti0_.isgrant as isgrant2_7_,
        sellerenti0_.seller_id_email as seller_i3_7_,
        sellerenti0_.seller_name as seller_n4_7_,
        sellerenti0_.seller_password as seller_p5_7_,
        sellerenti0_.seller_phonenum as seller_p6_7_ 
    from
        seller sellerenti0_ 
    where
        sellerenti0_.seller_id_email=?
2023-12-06 19:26:45.565 TRACE 23500 --- [    Test worker] o.h.type.descriptor.sql.BasicBinder      : binding parameter [1] as [VARCHAR] - [ajou@gmail.com]
2023-12-06 19:26:45.649  INFO 23500 --- [    Test worker] o.s.t.c.transaction.TransactionContext   : Rolled back transaction for test: [DefaultTestContext@2b284acc testClass = SellerServiceTest, testInstance = net.prescent.service.SellerServiceTest@6c3600b7, testMethod = loginFailureWrongPasswordTest@SellerServiceTest, testException = [null], mergedContextConfiguration = [WebMergedContextConfiguration@70cc0601 testClass = SellerServiceTest, locations = '{}', classes = '{class net.prescent.PreScentApplication}', contextInitializerClasses = '[]', activeProfiles = '{}', propertySourceLocations = '{}', propertySourceProperties = '{org.springframework.boot.test.context.SpringBootTestContextBootstrapper=true}', contextCustomizers = set[org.springframework.boot.test.autoconfigure.actuate.metrics.MetricsExportContextCustomizerFactory$DisableMetricExportContextCustomizer@3f1c5af9, org.springframework.boot.test.autoconfigure.properties.PropertyMappingContextCustomizer@0, org.springframework.boot.test.autoconfigure.web.servlet.WebDriverContextCustomizerFactory$Customizer@44e3760b, org.springframework.boot.test.context.filter.ExcludeFilterContextCustomizer@1ddae9b5, org.springframework.boot.test.json.DuplicateJsonObjectContextCustomizerFactory$DuplicateJsonObjectContextCustomizer@2c7d121c, org.springframework.boot.test.mock.mockito.MockitoContextCustomizer@0, org.springframework.boot.test.web.client.TestRestTemplateContextCustomizer@1cd201a8, org.springframework.boot.test.web.reactive.server.WebTestClientContextCustomizer@19fe4644, org.springframework.boot.test.context.SpringBootTestArgs@1, org.springframework.boot.test.context.SpringBootTestWebEnvironment@490caf5f], resourceBasePath = 'src/main/webapp', contextLoader = 'org.springframework.boot.test.context.SpringBootContextLoader', parent = [null]], attributes = map['org.springframework.test.context.web.ServletTestExecutionListener.activateListener' -> true, 'org.springframework.test.context.web.ServletTestExecutionListener.populatedRequestContextHolder' -> true, 'org.springframework.test.context.web.ServletTestExecutionListener.resetRequestContextHolder' -> true, 'org.springframework.test.context.event.ApplicationEventsTestExecutionListener.recordApplicationEvents' -> false]]
2023-12-06 19:26:45.658  INFO 23500 --- [    Test worker] o.s.t.c.transaction.TransactionContext   : Began transaction (1) for test context [DefaultTestContext@2b284acc testClass = SellerServiceTest, testInstance = net.prescent.service.SellerServiceTest@39da0d43, testMethod = loginSuccessTest@SellerServiceTest, testException = [null], mergedContextConfiguration = [WebMergedContextConfiguration@70cc0601 testClass = SellerServiceTest, locations = '{}', classes = '{class net.prescent.PreScentApplication}', contextInitializerClasses = '[]', activeProfiles = '{}', propertySourceLocations = '{}', propertySourceProperties = '{org.springframework.boot.test.context.SpringBootTestContextBootstrapper=true}', contextCustomizers = set[org.springframework.boot.test.autoconfigure.actuate.metrics.MetricsExportContextCustomizerFactory$DisableMetricExportContextCustomizer@3f1c5af9, org.springframework.boot.test.autoconfigure.properties.PropertyMappingContextCustomizer@0, org.springframework.boot.test.autoconfigure.web.servlet.WebDriverContextCustomizerFactory$Customizer@44e3760b, org.springframework.boot.test.context.filter.ExcludeFilterContextCustomizer@1ddae9b5, org.springframework.boot.test.json.DuplicateJsonObjectContextCustomizerFactory$DuplicateJsonObjectContextCustomizer@2c7d121c, org.springframework.boot.test.mock.mockito.MockitoContextCustomizer@0, org.springframework.boot.test.web.client.TestRestTemplateContextCustomizer@1cd201a8, org.springframework.boot.test.web.reactive.server.WebTestClientContextCustomizer@19fe4644, org.springframework.boot.test.context.SpringBootTestArgs@1, org.springframework.boot.test.context.SpringBootTestWebEnvironment@490caf5f], resourceBasePath = 'src/main/webapp', contextLoader = 'org.springframework.boot.test.context.SpringBootContextLoader', parent = [null]], attributes = map['org.springframework.test.context.web.ServletTestExecutionListener.activateListener' -> true, 'org.springframework.test.context.web.ServletTestExecutionListener.populatedRequestContextHolder' -> true, 'org.springframework.test.context.web.ServletTestExecutionListener.resetRequestContextHolder' -> true, 'org.springframework.test.context.event.ApplicationEventsTestExecutionListener.recordApplicationEvents' -> false]]; transaction manager [org.springframework.orm.jpa.JpaTransactionManager@4d484961]; rollback [true]
2023-12-06 19:26:45.659 DEBUG 23500 --- [    Test worker] org.hibernate.SQL                        : 
    delete 
    from
        seller
Hibernate: 
    delete 
    from
        seller
2023-12-06 19:26:45.667 DEBUG 23500 --- [    Test worker] org.hibernate.SQL                        : 
    select
        sellerenti0_.seller_key as seller_k1_7_,
        sellerenti0_.shop_key as shop_key7_7_,
        sellerenti0_.isgrant as isgrant2_7_,
        sellerenti0_.seller_id_email as seller_i3_7_,
        sellerenti0_.seller_name as seller_n4_7_,
        sellerenti0_.seller_password as seller_p5_7_,
        sellerenti0_.seller_phonenum as seller_p6_7_ 
    from
        seller sellerenti0_ 
    where
        sellerenti0_.seller_key=?
Hibernate: 
    select
        sellerenti0_.seller_key as seller_k1_7_,
        sellerenti0_.shop_key as shop_key7_7_,
        sellerenti0_.isgrant as isgrant2_7_,
        sellerenti0_.seller_id_email as seller_i3_7_,
        sellerenti0_.seller_name as seller_n4_7_,
        sellerenti0_.seller_password as seller_p5_7_,
        sellerenti0_.seller_phonenum as seller_p6_7_ 
    from
        seller sellerenti0_ 
    where
        sellerenti0_.seller_key=?
2023-12-06 19:26:45.668 TRACE 23500 --- [    Test worker] o.h.type.descriptor.sql.BasicBinder      : binding parameter [1] as [INTEGER] - [123456789]
2023-12-06 19:26:45.737 DEBUG 23500 --- [    Test worker] org.hibernate.SQL                        : 
    select
        sellerenti0_.seller_key as seller_k1_7_0_,
        sellerenti0_.shop_key as shop_key7_7_0_,
        sellerenti0_.isgrant as isgrant2_7_0_,
        sellerenti0_.seller_id_email as seller_i3_7_0_,
        sellerenti0_.seller_name as seller_n4_7_0_,
        sellerenti0_.seller_password as seller_p5_7_0_,
        sellerenti0_.seller_phonenum as seller_p6_7_0_ 
    from
        seller sellerenti0_ 
    where
        sellerenti0_.seller_key=?
Hibernate: 
    select
        sellerenti0_.seller_key as seller_k1_7_0_,
        sellerenti0_.shop_key as shop_key7_7_0_,
        sellerenti0_.isgrant as isgrant2_7_0_,
        sellerenti0_.seller_id_email as seller_i3_7_0_,
        sellerenti0_.seller_name as seller_n4_7_0_,
        sellerenti0_.seller_password as seller_p5_7_0_,
        sellerenti0_.seller_phonenum as seller_p6_7_0_ 
    from
        seller sellerenti0_ 
    where
        sellerenti0_.seller_key=?
2023-12-06 19:26:45.737 TRACE 23500 --- [    Test worker] o.h.type.descriptor.sql.BasicBinder      : binding parameter [1] as [INTEGER] - [123456789]
2023-12-06 19:26:45.746 DEBUG 23500 --- [    Test worker] org.hibernate.SQL                        : 
    insert 
    into
        seller
        (shop_key, isgrant, seller_id_email, seller_name, seller_password, seller_phonenum, seller_key) 
    values
        (?, ?, ?, ?, ?, ?, ?)
Hibernate: 
    insert 
    into
        seller
        (shop_key, isgrant, seller_id_email, seller_name, seller_password, seller_phonenum, seller_key) 
    values
        (?, ?, ?, ?, ?, ?, ?)
2023-12-06 19:26:45.746 TRACE 23500 --- [    Test worker] o.h.type.descriptor.sql.BasicBinder      : binding parameter [1] as [INTEGER] - [null]
2023-12-06 19:26:45.746 TRACE 23500 --- [    Test worker] o.h.type.descriptor.sql.BasicBinder      : binding parameter [2] as [INTEGER] - [null]
2023-12-06 19:26:45.746 TRACE 23500 --- [    Test worker] o.h.type.descriptor.sql.BasicBinder      : binding parameter [3] as [VARCHAR] - [ajou@gmail.com]
2023-12-06 19:26:45.746 TRACE 23500 --- [    Test worker] o.h.type.descriptor.sql.BasicBinder      : binding parameter [4] as [VARCHAR] - [suhyeon]
2023-12-06 19:26:45.746 TRACE 23500 --- [    Test worker] o.h.type.descriptor.sql.BasicBinder      : binding parameter [5] as [VARCHAR] - [$2a$10$TSYxLhCnd/dO5tIxuvazout.486BcGO31jVu0Mf7qdZb3Ff.iuLPW]
2023-12-06 19:26:45.746 TRACE 23500 --- [    Test worker] o.h.type.descriptor.sql.BasicBinder      : binding parameter [6] as [VARCHAR] - [010-1111-2222]
2023-12-06 19:26:45.746 TRACE 23500 --- [    Test worker] o.h.type.descriptor.sql.BasicBinder      : binding parameter [7] as [INTEGER] - [123456789]
2023-12-06 19:26:45.754 DEBUG 23500 --- [    Test worker] org.hibernate.SQL                        : 
    select
        sellerenti0_.seller_key as seller_k1_7_,
        sellerenti0_.shop_key as shop_key7_7_,
        sellerenti0_.isgrant as isgrant2_7_,
        sellerenti0_.seller_id_email as seller_i3_7_,
        sellerenti0_.seller_name as seller_n4_7_,
        sellerenti0_.seller_password as seller_p5_7_,
        sellerenti0_.seller_phonenum as seller_p6_7_ 
    from
        seller sellerenti0_ 
    where
        sellerenti0_.seller_id_email=?
Hibernate: 
    select
        sellerenti0_.seller_key as seller_k1_7_,
        sellerenti0_.shop_key as shop_key7_7_,
        sellerenti0_.isgrant as isgrant2_7_,
        sellerenti0_.seller_id_email as seller_i3_7_,
        sellerenti0_.seller_name as seller_n4_7_,
        sellerenti0_.seller_password as seller_p5_7_,
        sellerenti0_.seller_phonenum as seller_p6_7_ 
    from
        seller sellerenti0_ 
    where
        sellerenti0_.seller_id_email=?
2023-12-06 19:26:45.755 TRACE 23500 --- [    Test worker] o.h.type.descriptor.sql.BasicBinder      : binding parameter [1] as [VARCHAR] - [ajou@gmail.com]
2023-12-06 19:26:45.825 DEBUG 23500 --- [    Test worker] org.hibernate.SQL                        : 
    select
        accesstoke0_.token as token1_0_0_,
        accesstoke0_.seller_key as seller_k2_0_0_ 
    from
        access_token accesstoke0_ 
    where
        accesstoke0_.token=?
Hibernate: 
    select
        accesstoke0_.token as token1_0_0_,
        accesstoke0_.seller_key as seller_k2_0_0_ 
    from
        access_token accesstoke0_ 
    where
        accesstoke0_.token=?
2023-12-06 19:26:45.825 TRACE 23500 --- [    Test worker] o.h.type.descriptor.sql.BasicBinder      : binding parameter [1] as [VARCHAR] - [6050cc89-8932-4d56-b41f-5eca61d7c96d]
2023-12-06 19:26:45.833 DEBUG 23500 --- [    Test worker] org.hibernate.SQL                        : 
    insert 
    into
        access_token
        (seller_key, token) 
    values
        (?, ?)
Hibernate: 
    insert 
    into
        access_token
        (seller_key, token) 
    values
        (?, ?)
2023-12-06 19:26:45.833 TRACE 23500 --- [    Test worker] o.h.type.descriptor.sql.BasicBinder      : binding parameter [1] as [INTEGER] - [123456789]
2023-12-06 19:26:45.835 TRACE 23500 --- [    Test worker] o.h.type.descriptor.sql.BasicBinder      : binding parameter [2] as [VARCHAR] - [6050cc89-8932-4d56-b41f-5eca61d7c96d]
2023-12-06 19:26:45.840 DEBUG 23500 --- [    Test worker] org.hibernate.SQL                        : 
    select
        accesstoke0_.token as token1_0_,
        accesstoke0_.seller_key as seller_k2_0_ 
    from
        access_token accesstoke0_ 
    where
        accesstoke0_.token=?
Hibernate: 
    select
        accesstoke0_.token as token1_0_,
        accesstoke0_.seller_key as seller_k2_0_ 
    from
        access_token accesstoke0_ 
    where
        accesstoke0_.token=?
2023-12-06 19:26:45.840 TRACE 23500 --- [    Test worker] o.h.type.descriptor.sql.BasicBinder      : binding parameter [1] as [VARCHAR] - [6050cc89-8932-4d56-b41f-5eca61d7c96d]
2023-12-06 19:26:45.879  INFO 23500 --- [    Test worker] o.s.t.c.transaction.TransactionContext   : Rolled back transaction for test: [DefaultTestContext@2b284acc testClass = SellerServiceTest, testInstance = net.prescent.service.SellerServiceTest@39da0d43, testMethod = loginSuccessTest@SellerServiceTest, testException = [null], mergedContextConfiguration = [WebMergedContextConfiguration@70cc0601 testClass = SellerServiceTest, locations = '{}', classes = '{class net.prescent.PreScentApplication}', contextInitializerClasses = '[]', activeProfiles = '{}', propertySourceLocations = '{}', propertySourceProperties = '{org.springframework.boot.test.context.SpringBootTestContextBootstrapper=true}', contextCustomizers = set[org.springframework.boot.test.autoconfigure.actuate.metrics.MetricsExportContextCustomizerFactory$DisableMetricExportContextCustomizer@3f1c5af9, org.springframework.boot.test.autoconfigure.properties.PropertyMappingContextCustomizer@0, org.springframework.boot.test.autoconfigure.web.servlet.WebDriverContextCustomizerFactory$Customizer@44e3760b, org.springframework.boot.test.context.filter.ExcludeFilterContextCustomizer@1ddae9b5, org.springframework.boot.test.json.DuplicateJsonObjectContextCustomizerFactory$DuplicateJsonObjectContextCustomizer@2c7d121c, org.springframework.boot.test.mock.mockito.MockitoContextCustomizer@0, org.springframework.boot.test.web.client.TestRestTemplateContextCustomizer@1cd201a8, org.springframework.boot.test.web.reactive.server.WebTestClientContextCustomizer@19fe4644, org.springframework.boot.test.context.SpringBootTestArgs@1, org.springframework.boot.test.context.SpringBootTestWebEnvironment@490caf5f], resourceBasePath = 'src/main/webapp', contextLoader = 'org.springframework.boot.test.context.SpringBootContextLoader', parent = [null]], attributes = map['org.springframework.test.context.web.ServletTestExecutionListener.activateListener' -> true, 'org.springframework.test.context.web.ServletTestExecutionListener.populatedRequestContextHolder' -> true, 'org.springframework.test.context.web.ServletTestExecutionListener.resetRequestContextHolder' -> true, 'org.springframework.test.context.event.ApplicationEventsTestExecutionListener.recordApplicationEvents' -> false]]
2023-12-06 19:26:45.887  INFO 23500 --- [    Test worker] o.s.t.c.transaction.TransactionContext   : Began transaction (1) for test context [DefaultTestContext@2b284acc testClass = SellerServiceTest, testInstance = net.prescent.service.SellerServiceTest@2295535f, testMethod = loginFailureWrongIdTest@SellerServiceTest, testException = [null], mergedContextConfiguration = [WebMergedContextConfiguration@70cc0601 testClass = SellerServiceTest, locations = '{}', classes = '{class net.prescent.PreScentApplication}', contextInitializerClasses = '[]', activeProfiles = '{}', propertySourceLocations = '{}', propertySourceProperties = '{org.springframework.boot.test.context.SpringBootTestContextBootstrapper=true}', contextCustomizers = set[org.springframework.boot.test.autoconfigure.actuate.metrics.MetricsExportContextCustomizerFactory$DisableMetricExportContextCustomizer@3f1c5af9, org.springframework.boot.test.autoconfigure.properties.PropertyMappingContextCustomizer@0, org.springframework.boot.test.autoconfigure.web.servlet.WebDriverContextCustomizerFactory$Customizer@44e3760b, org.springframework.boot.test.context.filter.ExcludeFilterContextCustomizer@1ddae9b5, org.springframework.boot.test.json.DuplicateJsonObjectContextCustomizerFactory$DuplicateJsonObjectContextCustomizer@2c7d121c, org.springframework.boot.test.mock.mockito.MockitoContextCustomizer@0, org.springframework.boot.test.web.client.TestRestTemplateContextCustomizer@1cd201a8, org.springframework.boot.test.web.reactive.server.WebTestClientContextCustomizer@19fe4644, org.springframework.boot.test.context.SpringBootTestArgs@1, org.springframework.boot.test.context.SpringBootTestWebEnvironment@490caf5f], resourceBasePath = 'src/main/webapp', contextLoader = 'org.springframework.boot.test.context.SpringBootContextLoader', parent = [null]], attributes = map['org.springframework.test.context.web.ServletTestExecutionListener.activateListener' -> true, 'org.springframework.test.context.web.ServletTestExecutionListener.populatedRequestContextHolder' -> true, 'org.springframework.test.context.web.ServletTestExecutionListener.resetRequestContextHolder' -> true, 'org.springframework.test.context.event.ApplicationEventsTestExecutionListener.recordApplicationEvents' -> false]]; transaction manager [org.springframework.orm.jpa.JpaTransactionManager@4d484961]; rollback [true]
2023-12-06 19:26:45.888 DEBUG 23500 --- [    Test worker] org.hibernate.SQL                        : 
    delete 
    from
        seller
Hibernate: 
    delete 
    from
        seller
2023-12-06 19:26:45.895 DEBUG 23500 --- [    Test worker] org.hibernate.SQL                        : 
    select
        sellerenti0_.seller_key as seller_k1_7_,
        sellerenti0_.shop_key as shop_key7_7_,
        sellerenti0_.isgrant as isgrant2_7_,
        sellerenti0_.seller_id_email as seller_i3_7_,
        sellerenti0_.seller_name as seller_n4_7_,
        sellerenti0_.seller_password as seller_p5_7_,
        sellerenti0_.seller_phonenum as seller_p6_7_ 
    from
        seller sellerenti0_ 
    where
        sellerenti0_.seller_key=?
Hibernate: 
    select
        sellerenti0_.seller_key as seller_k1_7_,
        sellerenti0_.shop_key as shop_key7_7_,
        sellerenti0_.isgrant as isgrant2_7_,
        sellerenti0_.seller_id_email as seller_i3_7_,
        sellerenti0_.seller_name as seller_n4_7_,
        sellerenti0_.seller_password as seller_p5_7_,
        sellerenti0_.seller_phonenum as seller_p6_7_ 
    from
        seller sellerenti0_ 
    where
        sellerenti0_.seller_key=?
2023-12-06 19:26:45.896 TRACE 23500 --- [    Test worker] o.h.type.descriptor.sql.BasicBinder      : binding parameter [1] as [INTEGER] - [123456789]
2023-12-06 19:26:45.971 DEBUG 23500 --- [    Test worker] org.hibernate.SQL                        : 
    select
        sellerenti0_.seller_key as seller_k1_7_0_,
        sellerenti0_.shop_key as shop_key7_7_0_,
        sellerenti0_.isgrant as isgrant2_7_0_,
        sellerenti0_.seller_id_email as seller_i3_7_0_,
        sellerenti0_.seller_name as seller_n4_7_0_,
        sellerenti0_.seller_password as seller_p5_7_0_,
        sellerenti0_.seller_phonenum as seller_p6_7_0_ 
    from
        seller sellerenti0_ 
    where
        sellerenti0_.seller_key=?
Hibernate: 
    select
        sellerenti0_.seller_key as seller_k1_7_0_,
        sellerenti0_.shop_key as shop_key7_7_0_,
        sellerenti0_.isgrant as isgrant2_7_0_,
        sellerenti0_.seller_id_email as seller_i3_7_0_,
        sellerenti0_.seller_name as seller_n4_7_0_,
        sellerenti0_.seller_password as seller_p5_7_0_,
        sellerenti0_.seller_phonenum as seller_p6_7_0_ 
    from
        seller sellerenti0_ 
    where
        sellerenti0_.seller_key=?
2023-12-06 19:26:45.971 TRACE 23500 --- [    Test worker] o.h.type.descriptor.sql.BasicBinder      : binding parameter [1] as [INTEGER] - [123456789]
2023-12-06 19:26:45.977 DEBUG 23500 --- [    Test worker] org.hibernate.SQL                        : 
    insert 
    into
        seller
        (shop_key, isgrant, seller_id_email, seller_name, seller_password, seller_phonenum, seller_key) 
    values
        (?, ?, ?, ?, ?, ?, ?)
Hibernate: 
    insert 
    into
        seller
        (shop_key, isgrant, seller_id_email, seller_name, seller_password, seller_phonenum, seller_key) 
    values
        (?, ?, ?, ?, ?, ?, ?)
2023-12-06 19:26:45.978 TRACE 23500 --- [    Test worker] o.h.type.descriptor.sql.BasicBinder      : binding parameter [1] as [INTEGER] - [null]
2023-12-06 19:26:45.978 TRACE 23500 --- [    Test worker] o.h.type.descriptor.sql.BasicBinder      : binding parameter [2] as [INTEGER] - [null]
2023-12-06 19:26:45.978 TRACE 23500 --- [    Test worker] o.h.type.descriptor.sql.BasicBinder      : binding parameter [3] as [VARCHAR] - [ajou@gmail.com]
2023-12-06 19:26:45.978 TRACE 23500 --- [    Test worker] o.h.type.descriptor.sql.BasicBinder      : binding parameter [4] as [VARCHAR] - [suhyeon]
2023-12-06 19:26:45.978 TRACE 23500 --- [    Test worker] o.h.type.descriptor.sql.BasicBinder      : binding parameter [5] as [VARCHAR] - [$2a$10$16Ku3QpfL.i8QLvLb/Jjn.rGsCrZY4RYeotyCsjlAi5zwYyjCxY1i]
2023-12-06 19:26:45.978 TRACE 23500 --- [    Test worker] o.h.type.descriptor.sql.BasicBinder      : binding parameter [6] as [VARCHAR] - [010-1111-2222]
2023-12-06 19:26:45.978 TRACE 23500 --- [    Test worker] o.h.type.descriptor.sql.BasicBinder      : binding parameter [7] as [INTEGER] - [123456789]
2023-12-06 19:26:45.985 DEBUG 23500 --- [    Test worker] org.hibernate.SQL                        : 
    select
        sellerenti0_.seller_key as seller_k1_7_,
        sellerenti0_.shop_key as shop_key7_7_,
        sellerenti0_.isgrant as isgrant2_7_,
        sellerenti0_.seller_id_email as seller_i3_7_,
        sellerenti0_.seller_name as seller_n4_7_,
        sellerenti0_.seller_password as seller_p5_7_,
        sellerenti0_.seller_phonenum as seller_p6_7_ 
    from
        seller sellerenti0_ 
    where
        sellerenti0_.seller_id_email=?
Hibernate: 
    select
        sellerenti0_.seller_key as seller_k1_7_,
        sellerenti0_.shop_key as shop_key7_7_,
        sellerenti0_.isgrant as isgrant2_7_,
        sellerenti0_.seller_id_email as seller_i3_7_,
        sellerenti0_.seller_name as seller_n4_7_,
        sellerenti0_.seller_password as seller_p5_7_,
        sellerenti0_.seller_phonenum as seller_p6_7_ 
    from
        seller sellerenti0_ 
    where
        sellerenti0_.seller_id_email=?
2023-12-06 19:26:45.985 TRACE 23500 --- [    Test worker] o.h.type.descriptor.sql.BasicBinder      : binding parameter [1] as [VARCHAR] - [wrongemail@gmail.com]
2023-12-06 19:26:46.006  INFO 23500 --- [    Test worker] o.s.t.c.transaction.TransactionContext   : Rolled back transaction for test: [DefaultTestContext@2b284acc testClass = SellerServiceTest, testInstance = net.prescent.service.SellerServiceTest@2295535f, testMethod = loginFailureWrongIdTest@SellerServiceTest, testException = [null], mergedContextConfiguration = [WebMergedContextConfiguration@70cc0601 testClass = SellerServiceTest, locations = '{}', classes = '{class net.prescent.PreScentApplication}', contextInitializerClasses = '[]', activeProfiles = '{}', propertySourceLocations = '{}', propertySourceProperties = '{org.springframework.boot.test.context.SpringBootTestContextBootstrapper=true}', contextCustomizers = set[org.springframework.boot.test.autoconfigure.actuate.metrics.MetricsExportContextCustomizerFactory$DisableMetricExportContextCustomizer@3f1c5af9, org.springframework.boot.test.autoconfigure.properties.PropertyMappingContextCustomizer@0, org.springframework.boot.test.autoconfigure.web.servlet.WebDriverContextCustomizerFactory$Customizer@44e3760b, org.springframework.boot.test.context.filter.ExcludeFilterContextCustomizer@1ddae9b5, org.springframework.boot.test.json.DuplicateJsonObjectContextCustomizerFactory$DuplicateJsonObjectContextCustomizer@2c7d121c, org.springframework.boot.test.mock.mockito.MockitoContextCustomizer@0, org.springframework.boot.test.web.client.TestRestTemplateContextCustomizer@1cd201a8, org.springframework.boot.test.web.reactive.server.WebTestClientContextCustomizer@19fe4644, org.springframework.boot.test.context.SpringBootTestArgs@1, org.springframework.boot.test.context.SpringBootTestWebEnvironment@490caf5f], resourceBasePath = 'src/main/webapp', contextLoader = 'org.springframework.boot.test.context.SpringBootContextLoader', parent = [null]], attributes = map['org.springframework.test.context.web.ServletTestExecutionListener.activateListener' -> true, 'org.springframework.test.context.web.ServletTestExecutionListener.populatedRequestContextHolder' -> true, 'org.springframework.test.context.web.ServletTestExecutionListener.resetRequestContextHolder' -> true, 'org.springframework.test.context.event.ApplicationEventsTestExecutionListener.recordApplicationEvents' -> false]]
]]></system-out>
  <system-err><![CDATA[]]></system-err>
</testsuite>
