<?xml version="1.0" encoding="UTF-8"?>
<testsuite name="net.prescent.service.SellerServiceTest" tests="6" skipped="0" failures="0" errors="0" timestamp="2023-11-21T14:10:49" hostname="LAPTOP-Q5F6TAOM" time="1.217">
  <properties/>
  <testcase name="판매자 회원가입 테스트" classname="net.prescent.service.SellerServiceTest" time="0.209"/>
  <testcase name="중복 사업자번호 가입 테스트" classname="net.prescent.service.SellerServiceTest" time="0.145"/>
  <testcase name="판매자 로그아웃 테스트" classname="net.prescent.service.SellerServiceTest" time="0.255"/>
  <testcase name="판매자 로그인 실패 - 잘못된 비밀번호 테스트" classname="net.prescent.service.SellerServiceTest" time="0.225"/>
  <testcase name="판매자 로그인 성공 테스트" classname="net.prescent.service.SellerServiceTest" time="0.232"/>
  <testcase name="판매자 로그인 실패 - 잘못된 Email 테스트" classname="net.prescent.service.SellerServiceTest" time="0.145"/>
  <system-out><![CDATA[2023-11-21 23:10:49.691  INFO 5480 --- [    Test worker] .b.t.c.SpringBootTestContextBootstrapper : Neither @ContextConfiguration nor @ContextHierarchy found for test class [net.prescent.service.SellerServiceTest], using SpringBootContextLoader
2023-11-21 23:10:49.694  INFO 5480 --- [    Test worker] o.s.t.c.support.AbstractContextLoader    : Could not detect default resource locations for test class [net.prescent.service.SellerServiceTest]: no resource found for suffixes {-context.xml, Context.groovy}.
2023-11-21 23:10:49.694  INFO 5480 --- [    Test worker] t.c.s.AnnotationConfigContextLoaderUtils : Could not detect default configuration classes for test class [net.prescent.service.SellerServiceTest]: SellerServiceTest does not declare any static, non-private, non-final, nested classes annotated with @Configuration.
2023-11-21 23:10:49.699  INFO 5480 --- [    Test worker] .b.t.c.SpringBootTestContextBootstrapper : Found @SpringBootConfiguration net.prescent.PreScentApplication for test class net.prescent.service.SellerServiceTest
2023-11-21 23:10:49.706  INFO 5480 --- [    Test worker] .b.t.c.SpringBootTestContextBootstrapper : Loaded default TestExecutionListener class names from location [META-INF/spring.factories]: [org.springframework.security.test.context.support.WithSecurityContextTestExecutionListener, org.springframework.security.test.context.support.ReactorContextTestExecutionListener, org.springframework.boot.test.autoconfigure.restdocs.RestDocsTestExecutionListener, org.springframework.boot.test.autoconfigure.web.client.MockRestServiceServerResetTestExecutionListener, org.springframework.boot.test.autoconfigure.web.servlet.MockMvcPrintOnlyOnFailureTestExecutionListener, org.springframework.boot.test.autoconfigure.web.servlet.WebDriverTestExecutionListener, org.springframework.boot.test.autoconfigure.webservices.client.MockWebServiceServerTestExecutionListener, org.springframework.boot.test.mock.mockito.MockitoTestExecutionListener, org.springframework.boot.test.mock.mockito.ResetMocksTestExecutionListener, org.springframework.test.context.web.ServletTestExecutionListener, org.springframework.test.context.support.DirtiesContextBeforeModesTestExecutionListener, org.springframework.test.context.event.ApplicationEventsTestExecutionListener, org.springframework.test.context.support.DependencyInjectionTestExecutionListener, org.springframework.test.context.support.DirtiesContextTestExecutionListener, org.springframework.test.context.transaction.TransactionalTestExecutionListener, org.springframework.test.context.jdbc.SqlScriptsTestExecutionListener, org.springframework.test.context.event.EventPublishingTestExecutionListener]
2023-11-21 23:10:49.708  INFO 5480 --- [    Test worker] .b.t.c.SpringBootTestContextBootstrapper : Using TestExecutionListeners: [org.springframework.test.context.web.ServletTestExecutionListener@2700f556, org.springframework.test.context.support.DirtiesContextBeforeModesTestExecutionListener@6def1699, org.springframework.test.context.event.ApplicationEventsTestExecutionListener@64dbb343, org.springframework.boot.test.mock.mockito.MockitoTestExecutionListener@2b0483f2, org.springframework.boot.test.autoconfigure.SpringBootDependencyInjectionTestExecutionListener@b8e6981, org.springframework.test.context.support.DirtiesContextTestExecutionListener@1e40edb7, org.springframework.test.context.transaction.TransactionalTestExecutionListener@27381497, org.springframework.test.context.jdbc.SqlScriptsTestExecutionListener@282c0891, org.springframework.security.test.context.support.WithSecurityContextTestExecutionListener@5096be74, org.springframework.test.context.event.EventPublishingTestExecutionListener@4922dc84, org.springframework.security.test.context.support.ReactorContextTestExecutionListener@2ed9e59b, org.springframework.boot.test.autoconfigure.restdocs.RestDocsTestExecutionListener@66790851, org.springframework.boot.test.autoconfigure.web.client.MockRestServiceServerResetTestExecutionListener@3796ff4, org.springframework.boot.test.autoconfigure.web.servlet.MockMvcPrintOnlyOnFailureTestExecutionListener@5ce045e3, org.springframework.boot.test.autoconfigure.web.servlet.WebDriverTestExecutionListener@3df496d9, org.springframework.boot.test.autoconfigure.webservices.client.MockWebServiceServerTestExecutionListener@13e12ab6, org.springframework.boot.test.mock.mockito.ResetMocksTestExecutionListener@5bafe1f1]
2023-11-21 23:10:49.727  INFO 5480 --- [    Test worker] o.s.t.c.transaction.TransactionContext   : Began transaction (1) for test context [DefaultTestContext@54464330 testClass = SellerServiceTest, testInstance = net.prescent.service.SellerServiceTest@63b4a896, testMethod = signupSellerTest@SellerServiceTest, testException = [null], mergedContextConfiguration = [WebMergedContextConfiguration@3feeab43 testClass = SellerServiceTest, locations = '{}', classes = '{class net.prescent.PreScentApplication}', contextInitializerClasses = '[]', activeProfiles = '{}', propertySourceLocations = '{}', propertySourceProperties = '{org.springframework.boot.test.context.SpringBootTestContextBootstrapper=true}', contextCustomizers = set[org.springframework.boot.test.autoconfigure.actuate.metrics.MetricsExportContextCustomizerFactory$DisableMetricExportContextCustomizer@3f053c80, org.springframework.boot.test.autoconfigure.properties.PropertyMappingContextCustomizer@0, org.springframework.boot.test.autoconfigure.web.servlet.WebDriverContextCustomizerFactory$Customizer@636e8cc, org.springframework.boot.test.context.filter.ExcludeFilterContextCustomizer@619bfe29, org.springframework.boot.test.json.DuplicateJsonObjectContextCustomizerFactory$DuplicateJsonObjectContextCustomizer@2bef51f2, org.springframework.boot.test.mock.mockito.MockitoContextCustomizer@0, org.springframework.boot.test.web.client.TestRestTemplateContextCustomizer@5ad10c1a, org.springframework.boot.test.context.SpringBootTestArgs@1, org.springframework.boot.test.context.SpringBootTestWebEnvironment@20d7d6fb], resourceBasePath = 'src/main/webapp', contextLoader = 'org.springframework.boot.test.context.SpringBootContextLoader', parent = [null]], attributes = map['org.springframework.test.context.web.ServletTestExecutionListener.activateListener' -> true, 'org.springframework.test.context.web.ServletTestExecutionListener.populatedRequestContextHolder' -> true, 'org.springframework.test.context.web.ServletTestExecutionListener.resetRequestContextHolder' -> true, 'org.springframework.test.context.event.ApplicationEventsTestExecutionListener.recordApplicationEvents' -> false]]; transaction manager [org.springframework.orm.jpa.JpaTransactionManager@64b0ec4a]; rollback [true]
2023-11-21 23:10:49.732 DEBUG 5480 --- [    Test worker] org.hibernate.SQL                        : 
    delete 
    from
        seller
Hibernate: 
    delete 
    from
        seller
2023-11-21 23:10:49.745 DEBUG 5480 --- [    Test worker] org.hibernate.SQL                        : 
    select
        sellerenti0_.seller_key as seller_k1_6_,
        sellerenti0_.shop_key as shop_key7_6_,
        sellerenti0_.isgrant as isgrant2_6_,
        sellerenti0_.seller_id_email as seller_i3_6_,
        sellerenti0_.seller_name as seller_n4_6_,
        sellerenti0_.seller_password as seller_p5_6_,
        sellerenti0_.seller_phonenum as seller_p6_6_ 
    from
        seller sellerenti0_ 
    where
        sellerenti0_.seller_key=?
Hibernate: 
    select
        sellerenti0_.seller_key as seller_k1_6_,
        sellerenti0_.shop_key as shop_key7_6_,
        sellerenti0_.isgrant as isgrant2_6_,
        sellerenti0_.seller_id_email as seller_i3_6_,
        sellerenti0_.seller_name as seller_n4_6_,
        sellerenti0_.seller_password as seller_p5_6_,
        sellerenti0_.seller_phonenum as seller_p6_6_ 
    from
        seller sellerenti0_ 
    where
        sellerenti0_.seller_key=?
2023-11-21 23:10:49.746 TRACE 5480 --- [    Test worker] o.h.type.descriptor.sql.BasicBinder      : binding parameter [1] as [INTEGER] - [123456789]
2023-11-21 23:10:49.824 DEBUG 5480 --- [    Test worker] org.hibernate.SQL                        : 
    select
        sellerenti0_.seller_key as seller_k1_6_0_,
        sellerenti0_.shop_key as shop_key7_6_0_,
        sellerenti0_.isgrant as isgrant2_6_0_,
        sellerenti0_.seller_id_email as seller_i3_6_0_,
        sellerenti0_.seller_name as seller_n4_6_0_,
        sellerenti0_.seller_password as seller_p5_6_0_,
        sellerenti0_.seller_phonenum as seller_p6_6_0_ 
    from
        seller sellerenti0_ 
    where
        sellerenti0_.seller_key=?
Hibernate: 
    select
        sellerenti0_.seller_key as seller_k1_6_0_,
        sellerenti0_.shop_key as shop_key7_6_0_,
        sellerenti0_.isgrant as isgrant2_6_0_,
        sellerenti0_.seller_id_email as seller_i3_6_0_,
        sellerenti0_.seller_name as seller_n4_6_0_,
        sellerenti0_.seller_password as seller_p5_6_0_,
        sellerenti0_.seller_phonenum as seller_p6_6_0_ 
    from
        seller sellerenti0_ 
    where
        sellerenti0_.seller_key=?
2023-11-21 23:10:49.825 TRACE 5480 --- [    Test worker] o.h.type.descriptor.sql.BasicBinder      : binding parameter [1] as [INTEGER] - [123456789]
2023-11-21 23:10:49.836 DEBUG 5480 --- [    Test worker] org.hibernate.SQL                        : 
    insert 
    into
        seller
        (shop_key, isgrant, seller_id_email, seller_name, seller_password, seller_phonenum, seller_key) 
    values
        (?, ?, ?, ?, ?, ?, ?)
Hibernate: 
    insert 
    into
        seller
        (shop_key, isgrant, seller_id_email, seller_name, seller_password, seller_phonenum, seller_key) 
    values
        (?, ?, ?, ?, ?, ?, ?)
2023-11-21 23:10:49.836 TRACE 5480 --- [    Test worker] o.h.type.descriptor.sql.BasicBinder      : binding parameter [1] as [INTEGER] - [null]
2023-11-21 23:10:49.836 TRACE 5480 --- [    Test worker] o.h.type.descriptor.sql.BasicBinder      : binding parameter [2] as [INTEGER] - [null]
2023-11-21 23:10:49.836 TRACE 5480 --- [    Test worker] o.h.type.descriptor.sql.BasicBinder      : binding parameter [3] as [VARCHAR] - [ajou@gmail.com]
2023-11-21 23:10:49.836 TRACE 5480 --- [    Test worker] o.h.type.descriptor.sql.BasicBinder      : binding parameter [4] as [VARCHAR] - [suhyeon]
2023-11-21 23:10:49.836 TRACE 5480 --- [    Test worker] o.h.type.descriptor.sql.BasicBinder      : binding parameter [5] as [VARCHAR] - [$2a$10$AZ0tLiLXGNMmjQtfkVl8lO3QgEnSiSDrGbw7x8MNWioVrJT8BdudK]
2023-11-21 23:10:49.837 TRACE 5480 --- [    Test worker] o.h.type.descriptor.sql.BasicBinder      : binding parameter [6] as [VARCHAR] - [010-1111-2222]
2023-11-21 23:10:49.837 TRACE 5480 --- [    Test worker] o.h.type.descriptor.sql.BasicBinder      : binding parameter [7] as [INTEGER] - [123456789]
2023-11-21 23:10:49.843 DEBUG 5480 --- [    Test worker] org.hibernate.SQL                        : 
    select
        sellerenti0_.seller_key as seller_k1_6_,
        sellerenti0_.shop_key as shop_key7_6_,
        sellerenti0_.isgrant as isgrant2_6_,
        sellerenti0_.seller_id_email as seller_i3_6_,
        sellerenti0_.seller_name as seller_n4_6_,
        sellerenti0_.seller_password as seller_p5_6_,
        sellerenti0_.seller_phonenum as seller_p6_6_ 
    from
        seller sellerenti0_ 
    where
        sellerenti0_.seller_id_email=?
Hibernate: 
    select
        sellerenti0_.seller_key as seller_k1_6_,
        sellerenti0_.shop_key as shop_key7_6_,
        sellerenti0_.isgrant as isgrant2_6_,
        sellerenti0_.seller_id_email as seller_i3_6_,
        sellerenti0_.seller_name as seller_n4_6_,
        sellerenti0_.seller_password as seller_p5_6_,
        sellerenti0_.seller_phonenum as seller_p6_6_ 
    from
        seller sellerenti0_ 
    where
        sellerenti0_.seller_id_email=?
2023-11-21 23:10:49.844 TRACE 5480 --- [    Test worker] o.h.type.descriptor.sql.BasicBinder      : binding parameter [1] as [VARCHAR] - [ajou@gmail.com]
2023-11-21 23:10:49.928  INFO 5480 --- [    Test worker] o.s.t.c.transaction.TransactionContext   : Rolled back transaction for test: [DefaultTestContext@54464330 testClass = SellerServiceTest, testInstance = net.prescent.service.SellerServiceTest@63b4a896, testMethod = signupSellerTest@SellerServiceTest, testException = [null], mergedContextConfiguration = [WebMergedContextConfiguration@3feeab43 testClass = SellerServiceTest, locations = '{}', classes = '{class net.prescent.PreScentApplication}', contextInitializerClasses = '[]', activeProfiles = '{}', propertySourceLocations = '{}', propertySourceProperties = '{org.springframework.boot.test.context.SpringBootTestContextBootstrapper=true}', contextCustomizers = set[org.springframework.boot.test.autoconfigure.actuate.metrics.MetricsExportContextCustomizerFactory$DisableMetricExportContextCustomizer@3f053c80, org.springframework.boot.test.autoconfigure.properties.PropertyMappingContextCustomizer@0, org.springframework.boot.test.autoconfigure.web.servlet.WebDriverContextCustomizerFactory$Customizer@636e8cc, org.springframework.boot.test.context.filter.ExcludeFilterContextCustomizer@619bfe29, org.springframework.boot.test.json.DuplicateJsonObjectContextCustomizerFactory$DuplicateJsonObjectContextCustomizer@2bef51f2, org.springframework.boot.test.mock.mockito.MockitoContextCustomizer@0, org.springframework.boot.test.web.client.TestRestTemplateContextCustomizer@5ad10c1a, org.springframework.boot.test.context.SpringBootTestArgs@1, org.springframework.boot.test.context.SpringBootTestWebEnvironment@20d7d6fb], resourceBasePath = 'src/main/webapp', contextLoader = 'org.springframework.boot.test.context.SpringBootContextLoader', parent = [null]], attributes = map['org.springframework.test.context.web.ServletTestExecutionListener.activateListener' -> true, 'org.springframework.test.context.web.ServletTestExecutionListener.populatedRequestContextHolder' -> true, 'org.springframework.test.context.web.ServletTestExecutionListener.resetRequestContextHolder' -> true, 'org.springframework.test.context.event.ApplicationEventsTestExecutionListener.recordApplicationEvents' -> false]]
2023-11-21 23:10:49.936  INFO 5480 --- [    Test worker] o.s.t.c.transaction.TransactionContext   : Began transaction (1) for test context [DefaultTestContext@54464330 testClass = SellerServiceTest, testInstance = net.prescent.service.SellerServiceTest@3d5009c0, testMethod = signupDuplicateSellerKeyTest@SellerServiceTest, testException = [null], mergedContextConfiguration = [WebMergedContextConfiguration@3feeab43 testClass = SellerServiceTest, locations = '{}', classes = '{class net.prescent.PreScentApplication}', contextInitializerClasses = '[]', activeProfiles = '{}', propertySourceLocations = '{}', propertySourceProperties = '{org.springframework.boot.test.context.SpringBootTestContextBootstrapper=true}', contextCustomizers = set[org.springframework.boot.test.autoconfigure.actuate.metrics.MetricsExportContextCustomizerFactory$DisableMetricExportContextCustomizer@3f053c80, org.springframework.boot.test.autoconfigure.properties.PropertyMappingContextCustomizer@0, org.springframework.boot.test.autoconfigure.web.servlet.WebDriverContextCustomizerFactory$Customizer@636e8cc, org.springframework.boot.test.context.filter.ExcludeFilterContextCustomizer@619bfe29, org.springframework.boot.test.json.DuplicateJsonObjectContextCustomizerFactory$DuplicateJsonObjectContextCustomizer@2bef51f2, org.springframework.boot.test.mock.mockito.MockitoContextCustomizer@0, org.springframework.boot.test.web.client.TestRestTemplateContextCustomizer@5ad10c1a, org.springframework.boot.test.context.SpringBootTestArgs@1, org.springframework.boot.test.context.SpringBootTestWebEnvironment@20d7d6fb], resourceBasePath = 'src/main/webapp', contextLoader = 'org.springframework.boot.test.context.SpringBootContextLoader', parent = [null]], attributes = map['org.springframework.test.context.web.ServletTestExecutionListener.activateListener' -> true, 'org.springframework.test.context.web.ServletTestExecutionListener.populatedRequestContextHolder' -> true, 'org.springframework.test.context.web.ServletTestExecutionListener.resetRequestContextHolder' -> true, 'org.springframework.test.context.event.ApplicationEventsTestExecutionListener.recordApplicationEvents' -> false]]; transaction manager [org.springframework.orm.jpa.JpaTransactionManager@64b0ec4a]; rollback [true]
2023-11-21 23:10:49.938 DEBUG 5480 --- [    Test worker] org.hibernate.SQL                        : 
    delete 
    from
        seller
Hibernate: 
    delete 
    from
        seller
2023-11-21 23:10:49.944 DEBUG 5480 --- [    Test worker] org.hibernate.SQL                        : 
    select
        sellerenti0_.seller_key as seller_k1_6_,
        sellerenti0_.shop_key as shop_key7_6_,
        sellerenti0_.isgrant as isgrant2_6_,
        sellerenti0_.seller_id_email as seller_i3_6_,
        sellerenti0_.seller_name as seller_n4_6_,
        sellerenti0_.seller_password as seller_p5_6_,
        sellerenti0_.seller_phonenum as seller_p6_6_ 
    from
        seller sellerenti0_ 
    where
        sellerenti0_.seller_key=?
Hibernate: 
    select
        sellerenti0_.seller_key as seller_k1_6_,
        sellerenti0_.shop_key as shop_key7_6_,
        sellerenti0_.isgrant as isgrant2_6_,
        sellerenti0_.seller_id_email as seller_i3_6_,
        sellerenti0_.seller_name as seller_n4_6_,
        sellerenti0_.seller_password as seller_p5_6_,
        sellerenti0_.seller_phonenum as seller_p6_6_ 
    from
        seller sellerenti0_ 
    where
        sellerenti0_.seller_key=?
2023-11-21 23:10:49.945 TRACE 5480 --- [    Test worker] o.h.type.descriptor.sql.BasicBinder      : binding parameter [1] as [INTEGER] - [123456789]
2023-11-21 23:10:50.016 DEBUG 5480 --- [    Test worker] org.hibernate.SQL                        : 
    select
        sellerenti0_.seller_key as seller_k1_6_0_,
        sellerenti0_.shop_key as shop_key7_6_0_,
        sellerenti0_.isgrant as isgrant2_6_0_,
        sellerenti0_.seller_id_email as seller_i3_6_0_,
        sellerenti0_.seller_name as seller_n4_6_0_,
        sellerenti0_.seller_password as seller_p5_6_0_,
        sellerenti0_.seller_phonenum as seller_p6_6_0_ 
    from
        seller sellerenti0_ 
    where
        sellerenti0_.seller_key=?
Hibernate: 
    select
        sellerenti0_.seller_key as seller_k1_6_0_,
        sellerenti0_.shop_key as shop_key7_6_0_,
        sellerenti0_.isgrant as isgrant2_6_0_,
        sellerenti0_.seller_id_email as seller_i3_6_0_,
        sellerenti0_.seller_name as seller_n4_6_0_,
        sellerenti0_.seller_password as seller_p5_6_0_,
        sellerenti0_.seller_phonenum as seller_p6_6_0_ 
    from
        seller sellerenti0_ 
    where
        sellerenti0_.seller_key=?
2023-11-21 23:10:50.016 TRACE 5480 --- [    Test worker] o.h.type.descriptor.sql.BasicBinder      : binding parameter [1] as [INTEGER] - [123456789]
2023-11-21 23:10:50.029 DEBUG 5480 --- [    Test worker] org.hibernate.SQL                        : 
    insert 
    into
        seller
        (shop_key, isgrant, seller_id_email, seller_name, seller_password, seller_phonenum, seller_key) 
    values
        (?, ?, ?, ?, ?, ?, ?)
Hibernate: 
    insert 
    into
        seller
        (shop_key, isgrant, seller_id_email, seller_name, seller_password, seller_phonenum, seller_key) 
    values
        (?, ?, ?, ?, ?, ?, ?)
2023-11-21 23:10:50.029 TRACE 5480 --- [    Test worker] o.h.type.descriptor.sql.BasicBinder      : binding parameter [1] as [INTEGER] - [null]
2023-11-21 23:10:50.029 TRACE 5480 --- [    Test worker] o.h.type.descriptor.sql.BasicBinder      : binding parameter [2] as [INTEGER] - [null]
2023-11-21 23:10:50.029 TRACE 5480 --- [    Test worker] o.h.type.descriptor.sql.BasicBinder      : binding parameter [3] as [VARCHAR] - [ajou@gmail.com]
2023-11-21 23:10:50.029 TRACE 5480 --- [    Test worker] o.h.type.descriptor.sql.BasicBinder      : binding parameter [4] as [VARCHAR] - [suhyeon]
2023-11-21 23:10:50.029 TRACE 5480 --- [    Test worker] o.h.type.descriptor.sql.BasicBinder      : binding parameter [5] as [VARCHAR] - [$2a$10$IzHj/tvHAHTN5WzzE4GgSezDz.SOryFnwv0.Cuh0KKKAPeGTfNqqe]
2023-11-21 23:10:50.029 TRACE 5480 --- [    Test worker] o.h.type.descriptor.sql.BasicBinder      : binding parameter [6] as [VARCHAR] - [010-1111-2222]
2023-11-21 23:10:50.029 TRACE 5480 --- [    Test worker] o.h.type.descriptor.sql.BasicBinder      : binding parameter [7] as [INTEGER] - [123456789]
2023-11-21 23:10:50.045 DEBUG 5480 --- [    Test worker] org.hibernate.SQL                        : 
    select
        sellerenti0_.seller_key as seller_k1_6_,
        sellerenti0_.shop_key as shop_key7_6_,
        sellerenti0_.isgrant as isgrant2_6_,
        sellerenti0_.seller_id_email as seller_i3_6_,
        sellerenti0_.seller_name as seller_n4_6_,
        sellerenti0_.seller_password as seller_p5_6_,
        sellerenti0_.seller_phonenum as seller_p6_6_ 
    from
        seller sellerenti0_ 
    where
        sellerenti0_.seller_key=?
Hibernate: 
    select
        sellerenti0_.seller_key as seller_k1_6_,
        sellerenti0_.shop_key as shop_key7_6_,
        sellerenti0_.isgrant as isgrant2_6_,
        sellerenti0_.seller_id_email as seller_i3_6_,
        sellerenti0_.seller_name as seller_n4_6_,
        sellerenti0_.seller_password as seller_p5_6_,
        sellerenti0_.seller_phonenum as seller_p6_6_ 
    from
        seller sellerenti0_ 
    where
        sellerenti0_.seller_key=?
2023-11-21 23:10:50.045 TRACE 5480 --- [    Test worker] o.h.type.descriptor.sql.BasicBinder      : binding parameter [1] as [INTEGER] - [123456789]
2023-11-21 23:10:50.073  INFO 5480 --- [    Test worker] o.s.t.c.transaction.TransactionContext   : Rolled back transaction for test: [DefaultTestContext@54464330 testClass = SellerServiceTest, testInstance = net.prescent.service.SellerServiceTest@3d5009c0, testMethod = signupDuplicateSellerKeyTest@SellerServiceTest, testException = [null], mergedContextConfiguration = [WebMergedContextConfiguration@3feeab43 testClass = SellerServiceTest, locations = '{}', classes = '{class net.prescent.PreScentApplication}', contextInitializerClasses = '[]', activeProfiles = '{}', propertySourceLocations = '{}', propertySourceProperties = '{org.springframework.boot.test.context.SpringBootTestContextBootstrapper=true}', contextCustomizers = set[org.springframework.boot.test.autoconfigure.actuate.metrics.MetricsExportContextCustomizerFactory$DisableMetricExportContextCustomizer@3f053c80, org.springframework.boot.test.autoconfigure.properties.PropertyMappingContextCustomizer@0, org.springframework.boot.test.autoconfigure.web.servlet.WebDriverContextCustomizerFactory$Customizer@636e8cc, org.springframework.boot.test.context.filter.ExcludeFilterContextCustomizer@619bfe29, org.springframework.boot.test.json.DuplicateJsonObjectContextCustomizerFactory$DuplicateJsonObjectContextCustomizer@2bef51f2, org.springframework.boot.test.mock.mockito.MockitoContextCustomizer@0, org.springframework.boot.test.web.client.TestRestTemplateContextCustomizer@5ad10c1a, org.springframework.boot.test.context.SpringBootTestArgs@1, org.springframework.boot.test.context.SpringBootTestWebEnvironment@20d7d6fb], resourceBasePath = 'src/main/webapp', contextLoader = 'org.springframework.boot.test.context.SpringBootContextLoader', parent = [null]], attributes = map['org.springframework.test.context.web.ServletTestExecutionListener.activateListener' -> true, 'org.springframework.test.context.web.ServletTestExecutionListener.populatedRequestContextHolder' -> true, 'org.springframework.test.context.web.ServletTestExecutionListener.resetRequestContextHolder' -> true, 'org.springframework.test.context.event.ApplicationEventsTestExecutionListener.recordApplicationEvents' -> false]]
2023-11-21 23:10:50.083  INFO 5480 --- [    Test worker] o.s.t.c.transaction.TransactionContext   : Began transaction (1) for test context [DefaultTestContext@54464330 testClass = SellerServiceTest, testInstance = net.prescent.service.SellerServiceTest@4708acc6, testMethod = logoutTest@SellerServiceTest, testException = [null], mergedContextConfiguration = [WebMergedContextConfiguration@3feeab43 testClass = SellerServiceTest, locations = '{}', classes = '{class net.prescent.PreScentApplication}', contextInitializerClasses = '[]', activeProfiles = '{}', propertySourceLocations = '{}', propertySourceProperties = '{org.springframework.boot.test.context.SpringBootTestContextBootstrapper=true}', contextCustomizers = set[org.springframework.boot.test.autoconfigure.actuate.metrics.MetricsExportContextCustomizerFactory$DisableMetricExportContextCustomizer@3f053c80, org.springframework.boot.test.autoconfigure.properties.PropertyMappingContextCustomizer@0, org.springframework.boot.test.autoconfigure.web.servlet.WebDriverContextCustomizerFactory$Customizer@636e8cc, org.springframework.boot.test.context.filter.ExcludeFilterContextCustomizer@619bfe29, org.springframework.boot.test.json.DuplicateJsonObjectContextCustomizerFactory$DuplicateJsonObjectContextCustomizer@2bef51f2, org.springframework.boot.test.mock.mockito.MockitoContextCustomizer@0, org.springframework.boot.test.web.client.TestRestTemplateContextCustomizer@5ad10c1a, org.springframework.boot.test.context.SpringBootTestArgs@1, org.springframework.boot.test.context.SpringBootTestWebEnvironment@20d7d6fb], resourceBasePath = 'src/main/webapp', contextLoader = 'org.springframework.boot.test.context.SpringBootContextLoader', parent = [null]], attributes = map['org.springframework.test.context.web.ServletTestExecutionListener.activateListener' -> true, 'org.springframework.test.context.web.ServletTestExecutionListener.populatedRequestContextHolder' -> true, 'org.springframework.test.context.web.ServletTestExecutionListener.resetRequestContextHolder' -> true, 'org.springframework.test.context.event.ApplicationEventsTestExecutionListener.recordApplicationEvents' -> false]]; transaction manager [org.springframework.orm.jpa.JpaTransactionManager@64b0ec4a]; rollback [true]
2023-11-21 23:10:50.085 DEBUG 5480 --- [    Test worker] org.hibernate.SQL                        : 
    delete 
    from
        seller
Hibernate: 
    delete 
    from
        seller
2023-11-21 23:10:50.094 DEBUG 5480 --- [    Test worker] org.hibernate.SQL                        : 
    select
        sellerenti0_.seller_key as seller_k1_6_,
        sellerenti0_.shop_key as shop_key7_6_,
        sellerenti0_.isgrant as isgrant2_6_,
        sellerenti0_.seller_id_email as seller_i3_6_,
        sellerenti0_.seller_name as seller_n4_6_,
        sellerenti0_.seller_password as seller_p5_6_,
        sellerenti0_.seller_phonenum as seller_p6_6_ 
    from
        seller sellerenti0_ 
    where
        sellerenti0_.seller_key=?
Hibernate: 
    select
        sellerenti0_.seller_key as seller_k1_6_,
        sellerenti0_.shop_key as shop_key7_6_,
        sellerenti0_.isgrant as isgrant2_6_,
        sellerenti0_.seller_id_email as seller_i3_6_,
        sellerenti0_.seller_name as seller_n4_6_,
        sellerenti0_.seller_password as seller_p5_6_,
        sellerenti0_.seller_phonenum as seller_p6_6_ 
    from
        seller sellerenti0_ 
    where
        sellerenti0_.seller_key=?
2023-11-21 23:10:50.095 TRACE 5480 --- [    Test worker] o.h.type.descriptor.sql.BasicBinder      : binding parameter [1] as [INTEGER] - [123456789]
2023-11-21 23:10:50.168 DEBUG 5480 --- [    Test worker] org.hibernate.SQL                        : 
    select
        sellerenti0_.seller_key as seller_k1_6_0_,
        sellerenti0_.shop_key as shop_key7_6_0_,
        sellerenti0_.isgrant as isgrant2_6_0_,
        sellerenti0_.seller_id_email as seller_i3_6_0_,
        sellerenti0_.seller_name as seller_n4_6_0_,
        sellerenti0_.seller_password as seller_p5_6_0_,
        sellerenti0_.seller_phonenum as seller_p6_6_0_ 
    from
        seller sellerenti0_ 
    where
        sellerenti0_.seller_key=?
Hibernate: 
    select
        sellerenti0_.seller_key as seller_k1_6_0_,
        sellerenti0_.shop_key as shop_key7_6_0_,
        sellerenti0_.isgrant as isgrant2_6_0_,
        sellerenti0_.seller_id_email as seller_i3_6_0_,
        sellerenti0_.seller_name as seller_n4_6_0_,
        sellerenti0_.seller_password as seller_p5_6_0_,
        sellerenti0_.seller_phonenum as seller_p6_6_0_ 
    from
        seller sellerenti0_ 
    where
        sellerenti0_.seller_key=?
2023-11-21 23:10:50.169 TRACE 5480 --- [    Test worker] o.h.type.descriptor.sql.BasicBinder      : binding parameter [1] as [INTEGER] - [123456789]
2023-11-21 23:10:50.178 DEBUG 5480 --- [    Test worker] org.hibernate.SQL                        : 
    insert 
    into
        seller
        (shop_key, isgrant, seller_id_email, seller_name, seller_password, seller_phonenum, seller_key) 
    values
        (?, ?, ?, ?, ?, ?, ?)
Hibernate: 
    insert 
    into
        seller
        (shop_key, isgrant, seller_id_email, seller_name, seller_password, seller_phonenum, seller_key) 
    values
        (?, ?, ?, ?, ?, ?, ?)
2023-11-21 23:10:50.178 TRACE 5480 --- [    Test worker] o.h.type.descriptor.sql.BasicBinder      : binding parameter [1] as [INTEGER] - [null]
2023-11-21 23:10:50.178 TRACE 5480 --- [    Test worker] o.h.type.descriptor.sql.BasicBinder      : binding parameter [2] as [INTEGER] - [null]
2023-11-21 23:10:50.178 TRACE 5480 --- [    Test worker] o.h.type.descriptor.sql.BasicBinder      : binding parameter [3] as [VARCHAR] - [ajou@gmail.com]
2023-11-21 23:10:50.178 TRACE 5480 --- [    Test worker] o.h.type.descriptor.sql.BasicBinder      : binding parameter [4] as [VARCHAR] - [suhyeon]
2023-11-21 23:10:50.178 TRACE 5480 --- [    Test worker] o.h.type.descriptor.sql.BasicBinder      : binding parameter [5] as [VARCHAR] - [$2a$10$g7G2zkqV8JjA1FMXPLS3hO440Krn8Ij8GxI3O9zh8omu2G7g8SFwm]
2023-11-21 23:10:50.178 TRACE 5480 --- [    Test worker] o.h.type.descriptor.sql.BasicBinder      : binding parameter [6] as [VARCHAR] - [010-1111-2222]
2023-11-21 23:10:50.179 TRACE 5480 --- [    Test worker] o.h.type.descriptor.sql.BasicBinder      : binding parameter [7] as [INTEGER] - [123456789]
2023-11-21 23:10:50.185 DEBUG 5480 --- [    Test worker] org.hibernate.SQL                        : 
    select
        sellerenti0_.seller_key as seller_k1_6_,
        sellerenti0_.shop_key as shop_key7_6_,
        sellerenti0_.isgrant as isgrant2_6_,
        sellerenti0_.seller_id_email as seller_i3_6_,
        sellerenti0_.seller_name as seller_n4_6_,
        sellerenti0_.seller_password as seller_p5_6_,
        sellerenti0_.seller_phonenum as seller_p6_6_ 
    from
        seller sellerenti0_ 
    where
        sellerenti0_.seller_id_email=?
Hibernate: 
    select
        sellerenti0_.seller_key as seller_k1_6_,
        sellerenti0_.shop_key as shop_key7_6_,
        sellerenti0_.isgrant as isgrant2_6_,
        sellerenti0_.seller_id_email as seller_i3_6_,
        sellerenti0_.seller_name as seller_n4_6_,
        sellerenti0_.seller_password as seller_p5_6_,
        sellerenti0_.seller_phonenum as seller_p6_6_ 
    from
        seller sellerenti0_ 
    where
        sellerenti0_.seller_id_email=?
2023-11-21 23:10:50.185 TRACE 5480 --- [    Test worker] o.h.type.descriptor.sql.BasicBinder      : binding parameter [1] as [VARCHAR] - [ajou@gmail.com]
2023-11-21 23:10:50.258 DEBUG 5480 --- [    Test worker] org.hibernate.SQL                        : 
    select
        accesstoke0_.token as token1_0_0_,
        accesstoke0_.seller_key as seller_k2_0_0_ 
    from
        access_token accesstoke0_ 
    where
        accesstoke0_.token=?
Hibernate: 
    select
        accesstoke0_.token as token1_0_0_,
        accesstoke0_.seller_key as seller_k2_0_0_ 
    from
        access_token accesstoke0_ 
    where
        accesstoke0_.token=?
2023-11-21 23:10:50.259 TRACE 5480 --- [    Test worker] o.h.type.descriptor.sql.BasicBinder      : binding parameter [1] as [VARCHAR] - [fa6c6b3f-bf59-4bad-b6ae-ce7f6e75a99e]
2023-11-21 23:10:50.268 DEBUG 5480 --- [    Test worker] org.hibernate.SQL                        : 
    insert 
    into
        access_token
        (seller_key, token) 
    values
        (?, ?)
Hibernate: 
    insert 
    into
        access_token
        (seller_key, token) 
    values
        (?, ?)
2023-11-21 23:10:50.269 TRACE 5480 --- [    Test worker] o.h.type.descriptor.sql.BasicBinder      : binding parameter [1] as [INTEGER] - [123456789]
2023-11-21 23:10:50.269 TRACE 5480 --- [    Test worker] o.h.type.descriptor.sql.BasicBinder      : binding parameter [2] as [VARCHAR] - [fa6c6b3f-bf59-4bad-b6ae-ce7f6e75a99e]
2023-11-21 23:10:50.276 DEBUG 5480 --- [    Test worker] org.hibernate.SQL                        : 
    select
        accesstoke0_.token as token1_0_,
        accesstoke0_.seller_key as seller_k2_0_ 
    from
        access_token accesstoke0_ 
    where
        accesstoke0_.token=?
Hibernate: 
    select
        accesstoke0_.token as token1_0_,
        accesstoke0_.seller_key as seller_k2_0_ 
    from
        access_token accesstoke0_ 
    where
        accesstoke0_.token=?
2023-11-21 23:10:50.276 TRACE 5480 --- [    Test worker] o.h.type.descriptor.sql.BasicBinder      : binding parameter [1] as [VARCHAR] - [fa6c6b3f-bf59-4bad-b6ae-ce7f6e75a99e]
2023-11-21 23:10:50.285 DEBUG 5480 --- [    Test worker] org.hibernate.SQL                        : 
    select
        accesstoke0_.token as token1_0_,
        accesstoke0_.seller_key as seller_k2_0_ 
    from
        access_token accesstoke0_ 
    where
        accesstoke0_.token=?
Hibernate: 
    select
        accesstoke0_.token as token1_0_,
        accesstoke0_.seller_key as seller_k2_0_ 
    from
        access_token accesstoke0_ 
    where
        accesstoke0_.token=?
2023-11-21 23:10:50.285 TRACE 5480 --- [    Test worker] o.h.type.descriptor.sql.BasicBinder      : binding parameter [1] as [VARCHAR] - [fa6c6b3f-bf59-4bad-b6ae-ce7f6e75a99e]
2023-11-21 23:10:50.297 DEBUG 5480 --- [    Test worker] org.hibernate.SQL                        : 
    delete 
    from
        access_token 
    where
        token=?
Hibernate: 
    delete 
    from
        access_token 
    where
        token=?
2023-11-21 23:10:50.298 TRACE 5480 --- [    Test worker] o.h.type.descriptor.sql.BasicBinder      : binding parameter [1] as [VARCHAR] - [fa6c6b3f-bf59-4bad-b6ae-ce7f6e75a99e]
2023-11-21 23:10:50.306 DEBUG 5480 --- [    Test worker] org.hibernate.SQL                        : 
    select
        accesstoke0_.token as token1_0_,
        accesstoke0_.seller_key as seller_k2_0_ 
    from
        access_token accesstoke0_ 
    where
        accesstoke0_.token=?
Hibernate: 
    select
        accesstoke0_.token as token1_0_,
        accesstoke0_.seller_key as seller_k2_0_ 
    from
        access_token accesstoke0_ 
    where
        accesstoke0_.token=?
2023-11-21 23:10:50.307 TRACE 5480 --- [    Test worker] o.h.type.descriptor.sql.BasicBinder      : binding parameter [1] as [VARCHAR] - [fa6c6b3f-bf59-4bad-b6ae-ce7f6e75a99e]
2023-11-21 23:10:50.330  INFO 5480 --- [    Test worker] o.s.t.c.transaction.TransactionContext   : Rolled back transaction for test: [DefaultTestContext@54464330 testClass = SellerServiceTest, testInstance = net.prescent.service.SellerServiceTest@4708acc6, testMethod = logoutTest@SellerServiceTest, testException = [null], mergedContextConfiguration = [WebMergedContextConfiguration@3feeab43 testClass = SellerServiceTest, locations = '{}', classes = '{class net.prescent.PreScentApplication}', contextInitializerClasses = '[]', activeProfiles = '{}', propertySourceLocations = '{}', propertySourceProperties = '{org.springframework.boot.test.context.SpringBootTestContextBootstrapper=true}', contextCustomizers = set[org.springframework.boot.test.autoconfigure.actuate.metrics.MetricsExportContextCustomizerFactory$DisableMetricExportContextCustomizer@3f053c80, org.springframework.boot.test.autoconfigure.properties.PropertyMappingContextCustomizer@0, org.springframework.boot.test.autoconfigure.web.servlet.WebDriverContextCustomizerFactory$Customizer@636e8cc, org.springframework.boot.test.context.filter.ExcludeFilterContextCustomizer@619bfe29, org.springframework.boot.test.json.DuplicateJsonObjectContextCustomizerFactory$DuplicateJsonObjectContextCustomizer@2bef51f2, org.springframework.boot.test.mock.mockito.MockitoContextCustomizer@0, org.springframework.boot.test.web.client.TestRestTemplateContextCustomizer@5ad10c1a, org.springframework.boot.test.context.SpringBootTestArgs@1, org.springframework.boot.test.context.SpringBootTestWebEnvironment@20d7d6fb], resourceBasePath = 'src/main/webapp', contextLoader = 'org.springframework.boot.test.context.SpringBootContextLoader', parent = [null]], attributes = map['org.springframework.test.context.web.ServletTestExecutionListener.activateListener' -> true, 'org.springframework.test.context.web.ServletTestExecutionListener.populatedRequestContextHolder' -> true, 'org.springframework.test.context.web.ServletTestExecutionListener.resetRequestContextHolder' -> true, 'org.springframework.test.context.event.ApplicationEventsTestExecutionListener.recordApplicationEvents' -> false]]
2023-11-21 23:10:50.338  INFO 5480 --- [    Test worker] o.s.t.c.transaction.TransactionContext   : Began transaction (1) for test context [DefaultTestContext@54464330 testClass = SellerServiceTest, testInstance = net.prescent.service.SellerServiceTest@4c219c84, testMethod = loginFailureWrongPasswordTest@SellerServiceTest, testException = [null], mergedContextConfiguration = [WebMergedContextConfiguration@3feeab43 testClass = SellerServiceTest, locations = '{}', classes = '{class net.prescent.PreScentApplication}', contextInitializerClasses = '[]', activeProfiles = '{}', propertySourceLocations = '{}', propertySourceProperties = '{org.springframework.boot.test.context.SpringBootTestContextBootstrapper=true}', contextCustomizers = set[org.springframework.boot.test.autoconfigure.actuate.metrics.MetricsExportContextCustomizerFactory$DisableMetricExportContextCustomizer@3f053c80, org.springframework.boot.test.autoconfigure.properties.PropertyMappingContextCustomizer@0, org.springframework.boot.test.autoconfigure.web.servlet.WebDriverContextCustomizerFactory$Customizer@636e8cc, org.springframework.boot.test.context.filter.ExcludeFilterContextCustomizer@619bfe29, org.springframework.boot.test.json.DuplicateJsonObjectContextCustomizerFactory$DuplicateJsonObjectContextCustomizer@2bef51f2, org.springframework.boot.test.mock.mockito.MockitoContextCustomizer@0, org.springframework.boot.test.web.client.TestRestTemplateContextCustomizer@5ad10c1a, org.springframework.boot.test.context.SpringBootTestArgs@1, org.springframework.boot.test.context.SpringBootTestWebEnvironment@20d7d6fb], resourceBasePath = 'src/main/webapp', contextLoader = 'org.springframework.boot.test.context.SpringBootContextLoader', parent = [null]], attributes = map['org.springframework.test.context.web.ServletTestExecutionListener.activateListener' -> true, 'org.springframework.test.context.web.ServletTestExecutionListener.populatedRequestContextHolder' -> true, 'org.springframework.test.context.web.ServletTestExecutionListener.resetRequestContextHolder' -> true, 'org.springframework.test.context.event.ApplicationEventsTestExecutionListener.recordApplicationEvents' -> false]]; transaction manager [org.springframework.orm.jpa.JpaTransactionManager@64b0ec4a]; rollback [true]
2023-11-21 23:10:50.339 DEBUG 5480 --- [    Test worker] org.hibernate.SQL                        : 
    delete 
    from
        seller
Hibernate: 
    delete 
    from
        seller
2023-11-21 23:10:50.353 DEBUG 5480 --- [    Test worker] org.hibernate.SQL                        : 
    select
        sellerenti0_.seller_key as seller_k1_6_,
        sellerenti0_.shop_key as shop_key7_6_,
        sellerenti0_.isgrant as isgrant2_6_,
        sellerenti0_.seller_id_email as seller_i3_6_,
        sellerenti0_.seller_name as seller_n4_6_,
        sellerenti0_.seller_password as seller_p5_6_,
        sellerenti0_.seller_phonenum as seller_p6_6_ 
    from
        seller sellerenti0_ 
    where
        sellerenti0_.seller_key=?
Hibernate: 
    select
        sellerenti0_.seller_key as seller_k1_6_,
        sellerenti0_.shop_key as shop_key7_6_,
        sellerenti0_.isgrant as isgrant2_6_,
        sellerenti0_.seller_id_email as seller_i3_6_,
        sellerenti0_.seller_name as seller_n4_6_,
        sellerenti0_.seller_password as seller_p5_6_,
        sellerenti0_.seller_phonenum as seller_p6_6_ 
    from
        seller sellerenti0_ 
    where
        sellerenti0_.seller_key=?
2023-11-21 23:10:50.353 TRACE 5480 --- [    Test worker] o.h.type.descriptor.sql.BasicBinder      : binding parameter [1] as [INTEGER] - [123456789]
2023-11-21 23:10:50.432 DEBUG 5480 --- [    Test worker] org.hibernate.SQL                        : 
    select
        sellerenti0_.seller_key as seller_k1_6_0_,
        sellerenti0_.shop_key as shop_key7_6_0_,
        sellerenti0_.isgrant as isgrant2_6_0_,
        sellerenti0_.seller_id_email as seller_i3_6_0_,
        sellerenti0_.seller_name as seller_n4_6_0_,
        sellerenti0_.seller_password as seller_p5_6_0_,
        sellerenti0_.seller_phonenum as seller_p6_6_0_ 
    from
        seller sellerenti0_ 
    where
        sellerenti0_.seller_key=?
Hibernate: 
    select
        sellerenti0_.seller_key as seller_k1_6_0_,
        sellerenti0_.shop_key as shop_key7_6_0_,
        sellerenti0_.isgrant as isgrant2_6_0_,
        sellerenti0_.seller_id_email as seller_i3_6_0_,
        sellerenti0_.seller_name as seller_n4_6_0_,
        sellerenti0_.seller_password as seller_p5_6_0_,
        sellerenti0_.seller_phonenum as seller_p6_6_0_ 
    from
        seller sellerenti0_ 
    where
        sellerenti0_.seller_key=?
2023-11-21 23:10:50.433 TRACE 5480 --- [    Test worker] o.h.type.descriptor.sql.BasicBinder      : binding parameter [1] as [INTEGER] - [123456789]
2023-11-21 23:10:50.442 DEBUG 5480 --- [    Test worker] org.hibernate.SQL                        : 
    insert 
    into
        seller
        (shop_key, isgrant, seller_id_email, seller_name, seller_password, seller_phonenum, seller_key) 
    values
        (?, ?, ?, ?, ?, ?, ?)
Hibernate: 
    insert 
    into
        seller
        (shop_key, isgrant, seller_id_email, seller_name, seller_password, seller_phonenum, seller_key) 
    values
        (?, ?, ?, ?, ?, ?, ?)
2023-11-21 23:10:50.443 TRACE 5480 --- [    Test worker] o.h.type.descriptor.sql.BasicBinder      : binding parameter [1] as [INTEGER] - [null]
2023-11-21 23:10:50.443 TRACE 5480 --- [    Test worker] o.h.type.descriptor.sql.BasicBinder      : binding parameter [2] as [INTEGER] - [null]
2023-11-21 23:10:50.443 TRACE 5480 --- [    Test worker] o.h.type.descriptor.sql.BasicBinder      : binding parameter [3] as [VARCHAR] - [ajou@gmail.com]
2023-11-21 23:10:50.443 TRACE 5480 --- [    Test worker] o.h.type.descriptor.sql.BasicBinder      : binding parameter [4] as [VARCHAR] - [suhyeon]
2023-11-21 23:10:50.443 TRACE 5480 --- [    Test worker] o.h.type.descriptor.sql.BasicBinder      : binding parameter [5] as [VARCHAR] - [$2a$10$wjcTwM9Q3ujgjO4UJyLlS.IoLOBArKn7IQ0jiB/U/G5V3.NKXIo7y]
2023-11-21 23:10:50.443 TRACE 5480 --- [    Test worker] o.h.type.descriptor.sql.BasicBinder      : binding parameter [6] as [VARCHAR] - [010-1111-2222]
2023-11-21 23:10:50.443 TRACE 5480 --- [    Test worker] o.h.type.descriptor.sql.BasicBinder      : binding parameter [7] as [INTEGER] - [123456789]
2023-11-21 23:10:50.448 DEBUG 5480 --- [    Test worker] org.hibernate.SQL                        : 
    select
        sellerenti0_.seller_key as seller_k1_6_,
        sellerenti0_.shop_key as shop_key7_6_,
        sellerenti0_.isgrant as isgrant2_6_,
        sellerenti0_.seller_id_email as seller_i3_6_,
        sellerenti0_.seller_name as seller_n4_6_,
        sellerenti0_.seller_password as seller_p5_6_,
        sellerenti0_.seller_phonenum as seller_p6_6_ 
    from
        seller sellerenti0_ 
    where
        sellerenti0_.seller_id_email=?
Hibernate: 
    select
        sellerenti0_.seller_key as seller_k1_6_,
        sellerenti0_.shop_key as shop_key7_6_,
        sellerenti0_.isgrant as isgrant2_6_,
        sellerenti0_.seller_id_email as seller_i3_6_,
        sellerenti0_.seller_name as seller_n4_6_,
        sellerenti0_.seller_password as seller_p5_6_,
        sellerenti0_.seller_phonenum as seller_p6_6_ 
    from
        seller sellerenti0_ 
    where
        sellerenti0_.seller_id_email=?
2023-11-21 23:10:50.450 TRACE 5480 --- [    Test worker] o.h.type.descriptor.sql.BasicBinder      : binding parameter [1] as [VARCHAR] - [ajou@gmail.com]
2023-11-21 23:10:50.556  INFO 5480 --- [    Test worker] o.s.t.c.transaction.TransactionContext   : Rolled back transaction for test: [DefaultTestContext@54464330 testClass = SellerServiceTest, testInstance = net.prescent.service.SellerServiceTest@4c219c84, testMethod = loginFailureWrongPasswordTest@SellerServiceTest, testException = [null], mergedContextConfiguration = [WebMergedContextConfiguration@3feeab43 testClass = SellerServiceTest, locations = '{}', classes = '{class net.prescent.PreScentApplication}', contextInitializerClasses = '[]', activeProfiles = '{}', propertySourceLocations = '{}', propertySourceProperties = '{org.springframework.boot.test.context.SpringBootTestContextBootstrapper=true}', contextCustomizers = set[org.springframework.boot.test.autoconfigure.actuate.metrics.MetricsExportContextCustomizerFactory$DisableMetricExportContextCustomizer@3f053c80, org.springframework.boot.test.autoconfigure.properties.PropertyMappingContextCustomizer@0, org.springframework.boot.test.autoconfigure.web.servlet.WebDriverContextCustomizerFactory$Customizer@636e8cc, org.springframework.boot.test.context.filter.ExcludeFilterContextCustomizer@619bfe29, org.springframework.boot.test.json.DuplicateJsonObjectContextCustomizerFactory$DuplicateJsonObjectContextCustomizer@2bef51f2, org.springframework.boot.test.mock.mockito.MockitoContextCustomizer@0, org.springframework.boot.test.web.client.TestRestTemplateContextCustomizer@5ad10c1a, org.springframework.boot.test.context.SpringBootTestArgs@1, org.springframework.boot.test.context.SpringBootTestWebEnvironment@20d7d6fb], resourceBasePath = 'src/main/webapp', contextLoader = 'org.springframework.boot.test.context.SpringBootContextLoader', parent = [null]], attributes = map['org.springframework.test.context.web.ServletTestExecutionListener.activateListener' -> true, 'org.springframework.test.context.web.ServletTestExecutionListener.populatedRequestContextHolder' -> true, 'org.springframework.test.context.web.ServletTestExecutionListener.resetRequestContextHolder' -> true, 'org.springframework.test.context.event.ApplicationEventsTestExecutionListener.recordApplicationEvents' -> false]]
2023-11-21 23:10:50.566  INFO 5480 --- [    Test worker] o.s.t.c.transaction.TransactionContext   : Began transaction (1) for test context [DefaultTestContext@54464330 testClass = SellerServiceTest, testInstance = net.prescent.service.SellerServiceTest@dc6a186, testMethod = loginSuccessTest@SellerServiceTest, testException = [null], mergedContextConfiguration = [WebMergedContextConfiguration@3feeab43 testClass = SellerServiceTest, locations = '{}', classes = '{class net.prescent.PreScentApplication}', contextInitializerClasses = '[]', activeProfiles = '{}', propertySourceLocations = '{}', propertySourceProperties = '{org.springframework.boot.test.context.SpringBootTestContextBootstrapper=true}', contextCustomizers = set[org.springframework.boot.test.autoconfigure.actuate.metrics.MetricsExportContextCustomizerFactory$DisableMetricExportContextCustomizer@3f053c80, org.springframework.boot.test.autoconfigure.properties.PropertyMappingContextCustomizer@0, org.springframework.boot.test.autoconfigure.web.servlet.WebDriverContextCustomizerFactory$Customizer@636e8cc, org.springframework.boot.test.context.filter.ExcludeFilterContextCustomizer@619bfe29, org.springframework.boot.test.json.DuplicateJsonObjectContextCustomizerFactory$DuplicateJsonObjectContextCustomizer@2bef51f2, org.springframework.boot.test.mock.mockito.MockitoContextCustomizer@0, org.springframework.boot.test.web.client.TestRestTemplateContextCustomizer@5ad10c1a, org.springframework.boot.test.context.SpringBootTestArgs@1, org.springframework.boot.test.context.SpringBootTestWebEnvironment@20d7d6fb], resourceBasePath = 'src/main/webapp', contextLoader = 'org.springframework.boot.test.context.SpringBootContextLoader', parent = [null]], attributes = map['org.springframework.test.context.web.ServletTestExecutionListener.activateListener' -> true, 'org.springframework.test.context.web.ServletTestExecutionListener.populatedRequestContextHolder' -> true, 'org.springframework.test.context.web.ServletTestExecutionListener.resetRequestContextHolder' -> true, 'org.springframework.test.context.event.ApplicationEventsTestExecutionListener.recordApplicationEvents' -> false]]; transaction manager [org.springframework.orm.jpa.JpaTransactionManager@64b0ec4a]; rollback [true]
2023-11-21 23:10:50.568 DEBUG 5480 --- [    Test worker] org.hibernate.SQL                        : 
    delete 
    from
        seller
Hibernate: 
    delete 
    from
        seller
2023-11-21 23:10:50.578 DEBUG 5480 --- [    Test worker] org.hibernate.SQL                        : 
    select
        sellerenti0_.seller_key as seller_k1_6_,
        sellerenti0_.shop_key as shop_key7_6_,
        sellerenti0_.isgrant as isgrant2_6_,
        sellerenti0_.seller_id_email as seller_i3_6_,
        sellerenti0_.seller_name as seller_n4_6_,
        sellerenti0_.seller_password as seller_p5_6_,
        sellerenti0_.seller_phonenum as seller_p6_6_ 
    from
        seller sellerenti0_ 
    where
        sellerenti0_.seller_key=?
Hibernate: 
    select
        sellerenti0_.seller_key as seller_k1_6_,
        sellerenti0_.shop_key as shop_key7_6_,
        sellerenti0_.isgrant as isgrant2_6_,
        sellerenti0_.seller_id_email as seller_i3_6_,
        sellerenti0_.seller_name as seller_n4_6_,
        sellerenti0_.seller_password as seller_p5_6_,
        sellerenti0_.seller_phonenum as seller_p6_6_ 
    from
        seller sellerenti0_ 
    where
        sellerenti0_.seller_key=?
2023-11-21 23:10:50.579 TRACE 5480 --- [    Test worker] o.h.type.descriptor.sql.BasicBinder      : binding parameter [1] as [INTEGER] - [123456789]
2023-11-21 23:10:50.661 DEBUG 5480 --- [    Test worker] org.hibernate.SQL                        : 
    select
        sellerenti0_.seller_key as seller_k1_6_0_,
        sellerenti0_.shop_key as shop_key7_6_0_,
        sellerenti0_.isgrant as isgrant2_6_0_,
        sellerenti0_.seller_id_email as seller_i3_6_0_,
        sellerenti0_.seller_name as seller_n4_6_0_,
        sellerenti0_.seller_password as seller_p5_6_0_,
        sellerenti0_.seller_phonenum as seller_p6_6_0_ 
    from
        seller sellerenti0_ 
    where
        sellerenti0_.seller_key=?
Hibernate: 
    select
        sellerenti0_.seller_key as seller_k1_6_0_,
        sellerenti0_.shop_key as shop_key7_6_0_,
        sellerenti0_.isgrant as isgrant2_6_0_,
        sellerenti0_.seller_id_email as seller_i3_6_0_,
        sellerenti0_.seller_name as seller_n4_6_0_,
        sellerenti0_.seller_password as seller_p5_6_0_,
        sellerenti0_.seller_phonenum as seller_p6_6_0_ 
    from
        seller sellerenti0_ 
    where
        sellerenti0_.seller_key=?
2023-11-21 23:10:50.663 TRACE 5480 --- [    Test worker] o.h.type.descriptor.sql.BasicBinder      : binding parameter [1] as [INTEGER] - [123456789]
2023-11-21 23:10:50.669 DEBUG 5480 --- [    Test worker] org.hibernate.SQL                        : 
    insert 
    into
        seller
        (shop_key, isgrant, seller_id_email, seller_name, seller_password, seller_phonenum, seller_key) 
    values
        (?, ?, ?, ?, ?, ?, ?)
Hibernate: 
    insert 
    into
        seller
        (shop_key, isgrant, seller_id_email, seller_name, seller_password, seller_phonenum, seller_key) 
    values
        (?, ?, ?, ?, ?, ?, ?)
2023-11-21 23:10:50.669 TRACE 5480 --- [    Test worker] o.h.type.descriptor.sql.BasicBinder      : binding parameter [1] as [INTEGER] - [null]
2023-11-21 23:10:50.669 TRACE 5480 --- [    Test worker] o.h.type.descriptor.sql.BasicBinder      : binding parameter [2] as [INTEGER] - [null]
2023-11-21 23:10:50.669 TRACE 5480 --- [    Test worker] o.h.type.descriptor.sql.BasicBinder      : binding parameter [3] as [VARCHAR] - [ajou@gmail.com]
2023-11-21 23:10:50.669 TRACE 5480 --- [    Test worker] o.h.type.descriptor.sql.BasicBinder      : binding parameter [4] as [VARCHAR] - [suhyeon]
2023-11-21 23:10:50.669 TRACE 5480 --- [    Test worker] o.h.type.descriptor.sql.BasicBinder      : binding parameter [5] as [VARCHAR] - [$2a$10$DjyTzXz5Xsc8s3oYwnB3lOIKID/DK1fTrADYQSte1Ok1ltHnYQ0jy]
2023-11-21 23:10:50.669 TRACE 5480 --- [    Test worker] o.h.type.descriptor.sql.BasicBinder      : binding parameter [6] as [VARCHAR] - [010-1111-2222]
2023-11-21 23:10:50.669 TRACE 5480 --- [    Test worker] o.h.type.descriptor.sql.BasicBinder      : binding parameter [7] as [INTEGER] - [123456789]
2023-11-21 23:10:50.679 DEBUG 5480 --- [    Test worker] org.hibernate.SQL                        : 
    select
        sellerenti0_.seller_key as seller_k1_6_,
        sellerenti0_.shop_key as shop_key7_6_,
        sellerenti0_.isgrant as isgrant2_6_,
        sellerenti0_.seller_id_email as seller_i3_6_,
        sellerenti0_.seller_name as seller_n4_6_,
        sellerenti0_.seller_password as seller_p5_6_,
        sellerenti0_.seller_phonenum as seller_p6_6_ 
    from
        seller sellerenti0_ 
    where
        sellerenti0_.seller_id_email=?
Hibernate: 
    select
        sellerenti0_.seller_key as seller_k1_6_,
        sellerenti0_.shop_key as shop_key7_6_,
        sellerenti0_.isgrant as isgrant2_6_,
        sellerenti0_.seller_id_email as seller_i3_6_,
        sellerenti0_.seller_name as seller_n4_6_,
        sellerenti0_.seller_password as seller_p5_6_,
        sellerenti0_.seller_phonenum as seller_p6_6_ 
    from
        seller sellerenti0_ 
    where
        sellerenti0_.seller_id_email=?
2023-11-21 23:10:50.680 TRACE 5480 --- [    Test worker] o.h.type.descriptor.sql.BasicBinder      : binding parameter [1] as [VARCHAR] - [ajou@gmail.com]
2023-11-21 23:10:50.750 DEBUG 5480 --- [    Test worker] org.hibernate.SQL                        : 
    select
        accesstoke0_.token as token1_0_0_,
        accesstoke0_.seller_key as seller_k2_0_0_ 
    from
        access_token accesstoke0_ 
    where
        accesstoke0_.token=?
Hibernate: 
    select
        accesstoke0_.token as token1_0_0_,
        accesstoke0_.seller_key as seller_k2_0_0_ 
    from
        access_token accesstoke0_ 
    where
        accesstoke0_.token=?
2023-11-21 23:10:50.750 TRACE 5480 --- [    Test worker] o.h.type.descriptor.sql.BasicBinder      : binding parameter [1] as [VARCHAR] - [716108b5-ccc4-4eb6-a716-db8f74c648df]
2023-11-21 23:10:50.762 DEBUG 5480 --- [    Test worker] org.hibernate.SQL                        : 
    insert 
    into
        access_token
        (seller_key, token) 
    values
        (?, ?)
Hibernate: 
    insert 
    into
        access_token
        (seller_key, token) 
    values
        (?, ?)
2023-11-21 23:10:50.762 TRACE 5480 --- [    Test worker] o.h.type.descriptor.sql.BasicBinder      : binding parameter [1] as [INTEGER] - [123456789]
2023-11-21 23:10:50.762 TRACE 5480 --- [    Test worker] o.h.type.descriptor.sql.BasicBinder      : binding parameter [2] as [VARCHAR] - [716108b5-ccc4-4eb6-a716-db8f74c648df]
2023-11-21 23:10:50.768 DEBUG 5480 --- [    Test worker] org.hibernate.SQL                        : 
    select
        accesstoke0_.token as token1_0_,
        accesstoke0_.seller_key as seller_k2_0_ 
    from
        access_token accesstoke0_ 
    where
        accesstoke0_.token=?
Hibernate: 
    select
        accesstoke0_.token as token1_0_,
        accesstoke0_.seller_key as seller_k2_0_ 
    from
        access_token accesstoke0_ 
    where
        accesstoke0_.token=?
2023-11-21 23:10:50.768 TRACE 5480 --- [    Test worker] o.h.type.descriptor.sql.BasicBinder      : binding parameter [1] as [VARCHAR] - [716108b5-ccc4-4eb6-a716-db8f74c648df]
2023-11-21 23:10:50.789  INFO 5480 --- [    Test worker] o.s.t.c.transaction.TransactionContext   : Rolled back transaction for test: [DefaultTestContext@54464330 testClass = SellerServiceTest, testInstance = net.prescent.service.SellerServiceTest@dc6a186, testMethod = loginSuccessTest@SellerServiceTest, testException = [null], mergedContextConfiguration = [WebMergedContextConfiguration@3feeab43 testClass = SellerServiceTest, locations = '{}', classes = '{class net.prescent.PreScentApplication}', contextInitializerClasses = '[]', activeProfiles = '{}', propertySourceLocations = '{}', propertySourceProperties = '{org.springframework.boot.test.context.SpringBootTestContextBootstrapper=true}', contextCustomizers = set[org.springframework.boot.test.autoconfigure.actuate.metrics.MetricsExportContextCustomizerFactory$DisableMetricExportContextCustomizer@3f053c80, org.springframework.boot.test.autoconfigure.properties.PropertyMappingContextCustomizer@0, org.springframework.boot.test.autoconfigure.web.servlet.WebDriverContextCustomizerFactory$Customizer@636e8cc, org.springframework.boot.test.context.filter.ExcludeFilterContextCustomizer@619bfe29, org.springframework.boot.test.json.DuplicateJsonObjectContextCustomizerFactory$DuplicateJsonObjectContextCustomizer@2bef51f2, org.springframework.boot.test.mock.mockito.MockitoContextCustomizer@0, org.springframework.boot.test.web.client.TestRestTemplateContextCustomizer@5ad10c1a, org.springframework.boot.test.context.SpringBootTestArgs@1, org.springframework.boot.test.context.SpringBootTestWebEnvironment@20d7d6fb], resourceBasePath = 'src/main/webapp', contextLoader = 'org.springframework.boot.test.context.SpringBootContextLoader', parent = [null]], attributes = map['org.springframework.test.context.web.ServletTestExecutionListener.activateListener' -> true, 'org.springframework.test.context.web.ServletTestExecutionListener.populatedRequestContextHolder' -> true, 'org.springframework.test.context.web.ServletTestExecutionListener.resetRequestContextHolder' -> true, 'org.springframework.test.context.event.ApplicationEventsTestExecutionListener.recordApplicationEvents' -> false]]
2023-11-21 23:10:50.798  INFO 5480 --- [    Test worker] o.s.t.c.transaction.TransactionContext   : Began transaction (1) for test context [DefaultTestContext@54464330 testClass = SellerServiceTest, testInstance = net.prescent.service.SellerServiceTest@293988dc, testMethod = loginFailureWrongIdTest@SellerServiceTest, testException = [null], mergedContextConfiguration = [WebMergedContextConfiguration@3feeab43 testClass = SellerServiceTest, locations = '{}', classes = '{class net.prescent.PreScentApplication}', contextInitializerClasses = '[]', activeProfiles = '{}', propertySourceLocations = '{}', propertySourceProperties = '{org.springframework.boot.test.context.SpringBootTestContextBootstrapper=true}', contextCustomizers = set[org.springframework.boot.test.autoconfigure.actuate.metrics.MetricsExportContextCustomizerFactory$DisableMetricExportContextCustomizer@3f053c80, org.springframework.boot.test.autoconfigure.properties.PropertyMappingContextCustomizer@0, org.springframework.boot.test.autoconfigure.web.servlet.WebDriverContextCustomizerFactory$Customizer@636e8cc, org.springframework.boot.test.context.filter.ExcludeFilterContextCustomizer@619bfe29, org.springframework.boot.test.json.DuplicateJsonObjectContextCustomizerFactory$DuplicateJsonObjectContextCustomizer@2bef51f2, org.springframework.boot.test.mock.mockito.MockitoContextCustomizer@0, org.springframework.boot.test.web.client.TestRestTemplateContextCustomizer@5ad10c1a, org.springframework.boot.test.context.SpringBootTestArgs@1, org.springframework.boot.test.context.SpringBootTestWebEnvironment@20d7d6fb], resourceBasePath = 'src/main/webapp', contextLoader = 'org.springframework.boot.test.context.SpringBootContextLoader', parent = [null]], attributes = map['org.springframework.test.context.web.ServletTestExecutionListener.activateListener' -> true, 'org.springframework.test.context.web.ServletTestExecutionListener.populatedRequestContextHolder' -> true, 'org.springframework.test.context.web.ServletTestExecutionListener.resetRequestContextHolder' -> true, 'org.springframework.test.context.event.ApplicationEventsTestExecutionListener.recordApplicationEvents' -> false]]; transaction manager [org.springframework.orm.jpa.JpaTransactionManager@64b0ec4a]; rollback [true]
2023-11-21 23:10:50.799 DEBUG 5480 --- [    Test worker] org.hibernate.SQL                        : 
    delete 
    from
        seller
Hibernate: 
    delete 
    from
        seller
2023-11-21 23:10:50.806 DEBUG 5480 --- [    Test worker] org.hibernate.SQL                        : 
    select
        sellerenti0_.seller_key as seller_k1_6_,
        sellerenti0_.shop_key as shop_key7_6_,
        sellerenti0_.isgrant as isgrant2_6_,
        sellerenti0_.seller_id_email as seller_i3_6_,
        sellerenti0_.seller_name as seller_n4_6_,
        sellerenti0_.seller_password as seller_p5_6_,
        sellerenti0_.seller_phonenum as seller_p6_6_ 
    from
        seller sellerenti0_ 
    where
        sellerenti0_.seller_key=?
Hibernate: 
    select
        sellerenti0_.seller_key as seller_k1_6_,
        sellerenti0_.shop_key as shop_key7_6_,
        sellerenti0_.isgrant as isgrant2_6_,
        sellerenti0_.seller_id_email as seller_i3_6_,
        sellerenti0_.seller_name as seller_n4_6_,
        sellerenti0_.seller_password as seller_p5_6_,
        sellerenti0_.seller_phonenum as seller_p6_6_ 
    from
        seller sellerenti0_ 
    where
        sellerenti0_.seller_key=?
2023-11-21 23:10:50.806 TRACE 5480 --- [    Test worker] o.h.type.descriptor.sql.BasicBinder      : binding parameter [1] as [INTEGER] - [123456789]
2023-11-21 23:10:50.886 DEBUG 5480 --- [    Test worker] org.hibernate.SQL                        : 
    select
        sellerenti0_.seller_key as seller_k1_6_0_,
        sellerenti0_.shop_key as shop_key7_6_0_,
        sellerenti0_.isgrant as isgrant2_6_0_,
        sellerenti0_.seller_id_email as seller_i3_6_0_,
        sellerenti0_.seller_name as seller_n4_6_0_,
        sellerenti0_.seller_password as seller_p5_6_0_,
        sellerenti0_.seller_phonenum as seller_p6_6_0_ 
    from
        seller sellerenti0_ 
    where
        sellerenti0_.seller_key=?
Hibernate: 
    select
        sellerenti0_.seller_key as seller_k1_6_0_,
        sellerenti0_.shop_key as shop_key7_6_0_,
        sellerenti0_.isgrant as isgrant2_6_0_,
        sellerenti0_.seller_id_email as seller_i3_6_0_,
        sellerenti0_.seller_name as seller_n4_6_0_,
        sellerenti0_.seller_password as seller_p5_6_0_,
        sellerenti0_.seller_phonenum as seller_p6_6_0_ 
    from
        seller sellerenti0_ 
    where
        sellerenti0_.seller_key=?
2023-11-21 23:10:50.886 TRACE 5480 --- [    Test worker] o.h.type.descriptor.sql.BasicBinder      : binding parameter [1] as [INTEGER] - [123456789]
2023-11-21 23:10:50.896 DEBUG 5480 --- [    Test worker] org.hibernate.SQL                        : 
    insert 
    into
        seller
        (shop_key, isgrant, seller_id_email, seller_name, seller_password, seller_phonenum, seller_key) 
    values
        (?, ?, ?, ?, ?, ?, ?)
Hibernate: 
    insert 
    into
        seller
        (shop_key, isgrant, seller_id_email, seller_name, seller_password, seller_phonenum, seller_key) 
    values
        (?, ?, ?, ?, ?, ?, ?)
2023-11-21 23:10:50.896 TRACE 5480 --- [    Test worker] o.h.type.descriptor.sql.BasicBinder      : binding parameter [1] as [INTEGER] - [null]
2023-11-21 23:10:50.896 TRACE 5480 --- [    Test worker] o.h.type.descriptor.sql.BasicBinder      : binding parameter [2] as [INTEGER] - [null]
2023-11-21 23:10:50.896 TRACE 5480 --- [    Test worker] o.h.type.descriptor.sql.BasicBinder      : binding parameter [3] as [VARCHAR] - [ajou@gmail.com]
2023-11-21 23:10:50.897 TRACE 5480 --- [    Test worker] o.h.type.descriptor.sql.BasicBinder      : binding parameter [4] as [VARCHAR] - [suhyeon]
2023-11-21 23:10:50.897 TRACE 5480 --- [    Test worker] o.h.type.descriptor.sql.BasicBinder      : binding parameter [5] as [VARCHAR] - [$2a$10$0N6wta2B6L/MWkvm34S73uIFsZb4J/BhJAnyZpQ62BsZoeB7UAf/u]
2023-11-21 23:10:50.897 TRACE 5480 --- [    Test worker] o.h.type.descriptor.sql.BasicBinder      : binding parameter [6] as [VARCHAR] - [010-1111-2222]
2023-11-21 23:10:50.897 TRACE 5480 --- [    Test worker] o.h.type.descriptor.sql.BasicBinder      : binding parameter [7] as [INTEGER] - [123456789]
2023-11-21 23:10:50.906 DEBUG 5480 --- [    Test worker] org.hibernate.SQL                        : 
    select
        sellerenti0_.seller_key as seller_k1_6_,
        sellerenti0_.shop_key as shop_key7_6_,
        sellerenti0_.isgrant as isgrant2_6_,
        sellerenti0_.seller_id_email as seller_i3_6_,
        sellerenti0_.seller_name as seller_n4_6_,
        sellerenti0_.seller_password as seller_p5_6_,
        sellerenti0_.seller_phonenum as seller_p6_6_ 
    from
        seller sellerenti0_ 
    where
        sellerenti0_.seller_id_email=?
Hibernate: 
    select
        sellerenti0_.seller_key as seller_k1_6_,
        sellerenti0_.shop_key as shop_key7_6_,
        sellerenti0_.isgrant as isgrant2_6_,
        sellerenti0_.seller_id_email as seller_i3_6_,
        sellerenti0_.seller_name as seller_n4_6_,
        sellerenti0_.seller_password as seller_p5_6_,
        sellerenti0_.seller_phonenum as seller_p6_6_ 
    from
        seller sellerenti0_ 
    where
        sellerenti0_.seller_id_email=?
2023-11-21 23:10:50.906 TRACE 5480 --- [    Test worker] o.h.type.descriptor.sql.BasicBinder      : binding parameter [1] as [VARCHAR] - [wrongemail@gmail.com]
2023-11-21 23:10:50.936  INFO 5480 --- [    Test worker] o.s.t.c.transaction.TransactionContext   : Rolled back transaction for test: [DefaultTestContext@54464330 testClass = SellerServiceTest, testInstance = net.prescent.service.SellerServiceTest@293988dc, testMethod = loginFailureWrongIdTest@SellerServiceTest, testException = [null], mergedContextConfiguration = [WebMergedContextConfiguration@3feeab43 testClass = SellerServiceTest, locations = '{}', classes = '{class net.prescent.PreScentApplication}', contextInitializerClasses = '[]', activeProfiles = '{}', propertySourceLocations = '{}', propertySourceProperties = '{org.springframework.boot.test.context.SpringBootTestContextBootstrapper=true}', contextCustomizers = set[org.springframework.boot.test.autoconfigure.actuate.metrics.MetricsExportContextCustomizerFactory$DisableMetricExportContextCustomizer@3f053c80, org.springframework.boot.test.autoconfigure.properties.PropertyMappingContextCustomizer@0, org.springframework.boot.test.autoconfigure.web.servlet.WebDriverContextCustomizerFactory$Customizer@636e8cc, org.springframework.boot.test.context.filter.ExcludeFilterContextCustomizer@619bfe29, org.springframework.boot.test.json.DuplicateJsonObjectContextCustomizerFactory$DuplicateJsonObjectContextCustomizer@2bef51f2, org.springframework.boot.test.mock.mockito.MockitoContextCustomizer@0, org.springframework.boot.test.web.client.TestRestTemplateContextCustomizer@5ad10c1a, org.springframework.boot.test.context.SpringBootTestArgs@1, org.springframework.boot.test.context.SpringBootTestWebEnvironment@20d7d6fb], resourceBasePath = 'src/main/webapp', contextLoader = 'org.springframework.boot.test.context.SpringBootContextLoader', parent = [null]], attributes = map['org.springframework.test.context.web.ServletTestExecutionListener.activateListener' -> true, 'org.springframework.test.context.web.ServletTestExecutionListener.populatedRequestContextHolder' -> true, 'org.springframework.test.context.web.ServletTestExecutionListener.resetRequestContextHolder' -> true, 'org.springframework.test.context.event.ApplicationEventsTestExecutionListener.recordApplicationEvents' -> false]]
]]></system-out>
  <system-err><![CDATA[]]></system-err>
</testsuite>
