<?xml version="1.0" encoding="UTF-8"?>
<testsuite name="net.prescent.service.FPOrderServiceTest" tests="1" skipped="0" failures="0" errors="0" timestamp="2023-11-28T10:46:01" hostname="DESKTOP-KHMF9AU" time="0.956">
  <properties/>
  <testcase name="고객 완제품 주문 테스트" classname="net.prescent.service.FPOrderServiceTest" time="0.956"/>
  <system-out><![CDATA[2023-11-28 19:46:01.574  INFO 26036 --- [    Test worker] .b.t.c.SpringBootTestContextBootstrapper : Neither @ContextConfiguration nor @ContextHierarchy found for test class [net.prescent.service.FPOrderServiceTest], using SpringBootContextLoader
2023-11-28 19:46:01.576  INFO 26036 --- [    Test worker] o.s.t.c.support.AbstractContextLoader    : Could not detect default resource locations for test class [net.prescent.service.FPOrderServiceTest]: no resource found for suffixes {-context.xml, Context.groovy}.
2023-11-28 19:46:01.576  INFO 26036 --- [    Test worker] t.c.s.AnnotationConfigContextLoaderUtils : Could not detect default configuration classes for test class [net.prescent.service.FPOrderServiceTest]: FPOrderServiceTest does not declare any static, non-private, non-final, nested classes annotated with @Configuration.
2023-11-28 19:46:01.581  INFO 26036 --- [    Test worker] .b.t.c.SpringBootTestContextBootstrapper : Found @SpringBootConfiguration net.prescent.PreScentApplication for test class net.prescent.service.FPOrderServiceTest
2023-11-28 19:46:01.583  INFO 26036 --- [    Test worker] .b.t.c.SpringBootTestContextBootstrapper : Loaded default TestExecutionListener class names from location [META-INF/spring.factories]: [org.springframework.security.test.context.support.WithSecurityContextTestExecutionListener, org.springframework.security.test.context.support.ReactorContextTestExecutionListener, org.springframework.boot.test.autoconfigure.restdocs.RestDocsTestExecutionListener, org.springframework.boot.test.autoconfigure.web.client.MockRestServiceServerResetTestExecutionListener, org.springframework.boot.test.autoconfigure.web.servlet.MockMvcPrintOnlyOnFailureTestExecutionListener, org.springframework.boot.test.autoconfigure.web.servlet.WebDriverTestExecutionListener, org.springframework.boot.test.autoconfigure.webservices.client.MockWebServiceServerTestExecutionListener, org.springframework.boot.test.mock.mockito.MockitoTestExecutionListener, org.springframework.boot.test.mock.mockito.ResetMocksTestExecutionListener, org.springframework.test.context.web.ServletTestExecutionListener, org.springframework.test.context.support.DirtiesContextBeforeModesTestExecutionListener, org.springframework.test.context.event.ApplicationEventsTestExecutionListener, org.springframework.test.context.support.DependencyInjectionTestExecutionListener, org.springframework.test.context.support.DirtiesContextTestExecutionListener, org.springframework.test.context.transaction.TransactionalTestExecutionListener, org.springframework.test.context.jdbc.SqlScriptsTestExecutionListener, org.springframework.test.context.event.EventPublishingTestExecutionListener]
2023-11-28 19:46:01.583  INFO 26036 --- [    Test worker] .b.t.c.SpringBootTestContextBootstrapper : Using TestExecutionListeners: [org.springframework.test.context.web.ServletTestExecutionListener@7ccbf, org.springframework.test.context.support.DirtiesContextBeforeModesTestExecutionListener@b9a553, org.springframework.test.context.event.ApplicationEventsTestExecutionListener@fe7e22, org.springframework.boot.test.mock.mockito.MockitoTestExecutionListener@11dd039, org.springframework.boot.test.autoconfigure.SpringBootDependencyInjectionTestExecutionListener@17f9d91, org.springframework.test.context.support.DirtiesContextTestExecutionListener@d128d0, org.springframework.test.context.transaction.TransactionalTestExecutionListener@1755506, org.springframework.test.context.jdbc.SqlScriptsTestExecutionListener@ded8c9, org.springframework.security.test.context.support.WithSecurityContextTestExecutionListener@1685156, org.springframework.test.context.event.EventPublishingTestExecutionListener@926583, org.springframework.security.test.context.support.ReactorContextTestExecutionListener@1aadbf2, org.springframework.boot.test.autoconfigure.restdocs.RestDocsTestExecutionListener@13c491e, org.springframework.boot.test.autoconfigure.web.client.MockRestServiceServerResetTestExecutionListener@c141ce, org.springframework.boot.test.autoconfigure.web.servlet.MockMvcPrintOnlyOnFailureTestExecutionListener@1dc8aa8, org.springframework.boot.test.autoconfigure.web.servlet.WebDriverTestExecutionListener@2aa8ea, org.springframework.boot.test.autoconfigure.webservices.client.MockWebServiceServerTestExecutionListener@1e769c8, org.springframework.boot.test.mock.mockito.ResetMocksTestExecutionListener@1668c8b]
2023-11-28 19:46:01.617  INFO 26036 --- [    Test worker] o.s.t.c.transaction.TransactionContext   : Began transaction (1) for test context [DefaultTestContext@320c8b testClass = FPOrderServiceTest, testInstance = net.prescent.service.FPOrderServiceTest@123b242, testMethod = customerFPOrderTest@FPOrderServiceTest, testException = [null], mergedContextConfiguration = [WebMergedContextConfiguration@fe338 testClass = FPOrderServiceTest, locations = '{}', classes = '{class net.prescent.PreScentApplication}', contextInitializerClasses = '[]', activeProfiles = '{}', propertySourceLocations = '{}', propertySourceProperties = '{org.springframework.boot.test.context.SpringBootTestContextBootstrapper=true}', contextCustomizers = set[org.springframework.boot.test.autoconfigure.actuate.metrics.MetricsExportContextCustomizerFactory$DisableMetricExportContextCustomizer@54db99, org.springframework.boot.test.autoconfigure.properties.PropertyMappingContextCustomizer@0, org.springframework.boot.test.autoconfigure.web.servlet.WebDriverContextCustomizerFactory$Customizer@1e5f0ef, org.springframework.boot.test.context.filter.ExcludeFilterContextCustomizer@f57b3d, org.springframework.boot.test.json.DuplicateJsonObjectContextCustomizerFactory$DuplicateJsonObjectContextCustomizer@260766, org.springframework.boot.test.mock.mockito.MockitoContextCustomizer@0, org.springframework.boot.test.web.client.TestRestTemplateContextCustomizer@625ccd, org.springframework.boot.test.web.reactive.server.WebTestClientContextCustomizer@fde30a, org.springframework.boot.test.context.SpringBootTestArgs@1, org.springframework.boot.test.context.SpringBootTestWebEnvironment@dec700], resourceBasePath = 'src/main/webapp', contextLoader = 'org.springframework.boot.test.context.SpringBootContextLoader', parent = [null]], attributes = map['org.springframework.test.context.web.ServletTestExecutionListener.activateListener' -> true, 'org.springframework.test.context.web.ServletTestExecutionListener.populatedRequestContextHolder' -> true, 'org.springframework.test.context.web.ServletTestExecutionListener.resetRequestContextHolder' -> true, 'org.springframework.test.context.event.ApplicationEventsTestExecutionListener.recordApplicationEvents' -> false]]; transaction manager [org.springframework.orm.jpa.JpaTransactionManager@9cfd5f]; rollback [true]
2023-11-28 19:46:01.621 DEBUG 26036 --- [    Test worker] org.hibernate.SQL                        : 
    select
        customeren0_.customer_key as customer1_1_,
        customeren0_.customer_id_email as customer2_1_,
        customeren0_.customer_location as customer3_1_,
        customeren0_.customer_name as customer4_1_,
        customeren0_.customer_password as customer5_1_,
        customeren0_.customer_phonenum as customer6_1_ 
    from
        customer customeren0_ 
    where
        customeren0_.customer_id_email=?
Hibernate: 
    select
        customeren0_.customer_key as customer1_1_,
        customeren0_.customer_id_email as customer2_1_,
        customeren0_.customer_location as customer3_1_,
        customeren0_.customer_name as customer4_1_,
        customeren0_.customer_password as customer5_1_,
        customeren0_.customer_phonenum as customer6_1_ 
    from
        customer customeren0_ 
    where
        customeren0_.customer_id_email=?
2023-11-28 19:46:01.623 TRACE 26036 --- [    Test worker] o.h.type.descriptor.sql.BasicBinder      : binding parameter [1] as [VARCHAR] - [ajou.gmail.com]
2023-11-28 19:46:01.775 DEBUG 26036 --- [    Test worker] org.hibernate.SQL                        : 
    insert 
    into
        customer
        (customer_id_email, customer_location, customer_name, customer_password, customer_phonenum) 
    values
        (?, ?, ?, ?, ?)
Hibernate: 
    insert 
    into
        customer
        (customer_id_email, customer_location, customer_name, customer_password, customer_phonenum) 
    values
        (?, ?, ?, ?, ?)
2023-11-28 19:46:01.776 TRACE 26036 --- [    Test worker] o.h.type.descriptor.sql.BasicBinder      : binding parameter [1] as [VARCHAR] - [ajou.gmail.com]
2023-11-28 19:46:01.776 TRACE 26036 --- [    Test worker] o.h.type.descriptor.sql.BasicBinder      : binding parameter [2] as [VARCHAR] - [null]
2023-11-28 19:46:01.776 TRACE 26036 --- [    Test worker] o.h.type.descriptor.sql.BasicBinder      : binding parameter [3] as [VARCHAR] - [suhyeon]
2023-11-28 19:46:01.776 TRACE 26036 --- [    Test worker] o.h.type.descriptor.sql.BasicBinder      : binding parameter [4] as [VARCHAR] - [$2a$10$vdUOW0ITs9cqUTSIQnK2Juba2iyBdunSii6QaIr8rZt9YUBJlFcuq]
2023-11-28 19:46:01.776 TRACE 26036 --- [    Test worker] o.h.type.descriptor.sql.BasicBinder      : binding parameter [5] as [VARCHAR] - [010-1111-2222]
2023-11-28 19:46:01.821 DEBUG 26036 --- [    Test worker] org.hibernate.SQL                        : 
    select
        sellerenti0_.seller_key as seller_k1_5_,
        sellerenti0_.shop_key as shop_key7_5_,
        sellerenti0_.isgrant as isgrant2_5_,
        sellerenti0_.seller_id_email as seller_i3_5_,
        sellerenti0_.seller_name as seller_n4_5_,
        sellerenti0_.seller_password as seller_p5_5_,
        sellerenti0_.seller_phonenum as seller_p6_5_ 
    from
        seller sellerenti0_ 
    where
        sellerenti0_.seller_key=?
Hibernate: 
    select
        sellerenti0_.seller_key as seller_k1_5_,
        sellerenti0_.shop_key as shop_key7_5_,
        sellerenti0_.isgrant as isgrant2_5_,
        sellerenti0_.seller_id_email as seller_i3_5_,
        sellerenti0_.seller_name as seller_n4_5_,
        sellerenti0_.seller_password as seller_p5_5_,
        sellerenti0_.seller_phonenum as seller_p6_5_ 
    from
        seller sellerenti0_ 
    where
        sellerenti0_.seller_key=?
2023-11-28 19:46:01.823 TRACE 26036 --- [    Test worker] o.h.type.descriptor.sql.BasicBinder      : binding parameter [1] as [INTEGER] - [12345678]
2023-11-28 19:46:01.976 DEBUG 26036 --- [    Test worker] org.hibernate.SQL                        : 
    select
        sellerenti0_.seller_key as seller_k1_5_0_,
        sellerenti0_.shop_key as shop_key7_5_0_,
        sellerenti0_.isgrant as isgrant2_5_0_,
        sellerenti0_.seller_id_email as seller_i3_5_0_,
        sellerenti0_.seller_name as seller_n4_5_0_,
        sellerenti0_.seller_password as seller_p5_5_0_,
        sellerenti0_.seller_phonenum as seller_p6_5_0_ 
    from
        seller sellerenti0_ 
    where
        sellerenti0_.seller_key=?
Hibernate: 
    select
        sellerenti0_.seller_key as seller_k1_5_0_,
        sellerenti0_.shop_key as shop_key7_5_0_,
        sellerenti0_.isgrant as isgrant2_5_0_,
        sellerenti0_.seller_id_email as seller_i3_5_0_,
        sellerenti0_.seller_name as seller_n4_5_0_,
        sellerenti0_.seller_password as seller_p5_5_0_,
        sellerenti0_.seller_phonenum as seller_p6_5_0_ 
    from
        seller sellerenti0_ 
    where
        sellerenti0_.seller_key=?
2023-11-28 19:46:01.978 TRACE 26036 --- [    Test worker] o.h.type.descriptor.sql.BasicBinder      : binding parameter [1] as [INTEGER] - [12345678]
2023-11-28 19:46:02.036 DEBUG 26036 --- [    Test worker] org.hibernate.SQL                        : 
    insert 
    into
        seller
        (shop_key, isgrant, seller_id_email, seller_name, seller_password, seller_phonenum, seller_key) 
    values
        (?, ?, ?, ?, ?, ?, ?)
Hibernate: 
    insert 
    into
        seller
        (shop_key, isgrant, seller_id_email, seller_name, seller_password, seller_phonenum, seller_key) 
    values
        (?, ?, ?, ?, ?, ?, ?)
2023-11-28 19:46:02.037 TRACE 26036 --- [    Test worker] o.h.type.descriptor.sql.BasicBinder      : binding parameter [1] as [INTEGER] - [null]
2023-11-28 19:46:02.037 TRACE 26036 --- [    Test worker] o.h.type.descriptor.sql.BasicBinder      : binding parameter [2] as [INTEGER] - [null]
2023-11-28 19:46:02.038 TRACE 26036 --- [    Test worker] o.h.type.descriptor.sql.BasicBinder      : binding parameter [3] as [VARCHAR] - [ajou@gmail.com]
2023-11-28 19:46:02.038 TRACE 26036 --- [    Test worker] o.h.type.descriptor.sql.BasicBinder      : binding parameter [4] as [VARCHAR] - [suhyeon]
2023-11-28 19:46:02.038 TRACE 26036 --- [    Test worker] o.h.type.descriptor.sql.BasicBinder      : binding parameter [5] as [VARCHAR] - [$2a$10$4LS7a26uWNUBW4NNw2qLluHVlTciHO7G28DgvFK694Qiv.VMQbBS2]
2023-11-28 19:46:02.038 TRACE 26036 --- [    Test worker] o.h.type.descriptor.sql.BasicBinder      : binding parameter [6] as [VARCHAR] - [010-1111-2222]
2023-11-28 19:46:02.038 TRACE 26036 --- [    Test worker] o.h.type.descriptor.sql.BasicBinder      : binding parameter [7] as [INTEGER] - [12345678]
2023-11-28 19:46:02.080 DEBUG 26036 --- [    Test worker] org.hibernate.SQL                        : 
    select
        sellerenti0_.seller_key as seller_k1_5_,
        sellerenti0_.shop_key as shop_key7_5_,
        sellerenti0_.isgrant as isgrant2_5_,
        sellerenti0_.seller_id_email as seller_i3_5_,
        sellerenti0_.seller_name as seller_n4_5_,
        sellerenti0_.seller_password as seller_p5_5_,
        sellerenti0_.seller_phonenum as seller_p6_5_ 
    from
        seller sellerenti0_ 
    where
        sellerenti0_.seller_key=?
Hibernate: 
    select
        sellerenti0_.seller_key as seller_k1_5_,
        sellerenti0_.shop_key as shop_key7_5_,
        sellerenti0_.isgrant as isgrant2_5_,
        sellerenti0_.seller_id_email as seller_i3_5_,
        sellerenti0_.seller_name as seller_n4_5_,
        sellerenti0_.seller_password as seller_p5_5_,
        sellerenti0_.seller_phonenum as seller_p6_5_ 
    from
        seller sellerenti0_ 
    where
        sellerenti0_.seller_key=?
2023-11-28 19:46:02.082 TRACE 26036 --- [    Test worker] o.h.type.descriptor.sql.BasicBinder      : binding parameter [1] as [INTEGER] - [12345678]
ajou@gmail.comsuhyeon-----------------------------------


2023-11-28 19:46:02.135 DEBUG 26036 --- [    Test worker] org.hibernate.SQL                        : 
    insert 
    into
        flower_shop
        (close_hour, close_minute, description, is_opened, is_sub, open_hour, open_minute, shop_location, shop_name, shop_phone_num, workday) 
    values
        (?, ?, ?, ?, ?, ?, ?, ?, ?, ?, ?)
Hibernate: 
    insert 
    into
        flower_shop
        (close_hour, close_minute, description, is_opened, is_sub, open_hour, open_minute, shop_location, shop_name, shop_phone_num, workday) 
    values
        (?, ?, ?, ?, ?, ?, ?, ?, ?, ?, ?)
2023-11-28 19:46:02.136 TRACE 26036 --- [    Test worker] o.h.type.descriptor.sql.BasicBinder      : binding parameter [1] as [INTEGER] - [20]
2023-11-28 19:46:02.136 TRACE 26036 --- [    Test worker] o.h.type.descriptor.sql.BasicBinder      : binding parameter [2] as [INTEGER] - [0]
2023-11-28 19:46:02.136 TRACE 26036 --- [    Test worker] o.h.type.descriptor.sql.BasicBinder      : binding parameter [3] as [VARCHAR] - [안녕하세요 디스크립션 입니다.]
2023-11-28 19:46:02.137 TRACE 26036 --- [    Test worker] o.h.type.descriptor.sql.BasicBinder      : binding parameter [4] as [BOOLEAN] - [true]
2023-11-28 19:46:02.138 TRACE 26036 --- [    Test worker] o.h.type.descriptor.sql.BasicBinder      : binding parameter [5] as [BOOLEAN] - [false]
2023-11-28 19:46:02.138 TRACE 26036 --- [    Test worker] o.h.type.descriptor.sql.BasicBinder      : binding parameter [6] as [INTEGER] - [10]
2023-11-28 19:46:02.138 TRACE 26036 --- [    Test worker] o.h.type.descriptor.sql.BasicBinder      : binding parameter [7] as [INTEGER] - [0]
2023-11-28 19:46:02.139 TRACE 26036 --- [    Test worker] o.h.type.descriptor.sql.BasicBinder      : binding parameter [8] as [VARCHAR] - [suwon city]
2023-11-28 19:46:02.139 TRACE 26036 --- [    Test worker] o.h.type.descriptor.sql.BasicBinder      : binding parameter [9] as [VARCHAR] - [it's me]
2023-11-28 19:46:02.140 TRACE 26036 --- [    Test worker] o.h.type.descriptor.sql.BasicBinder      : binding parameter [10] as [VARCHAR] - [031-308-8223]
2023-11-28 19:46:02.141 TRACE 26036 --- [    Test worker] o.h.type.descriptor.sql.BasicBinder      : binding parameter [11] as [VARBINARY] - [[Ljava.lang.String;@129e67e]
ajou@gmail.comsuhyeonit's me-----------------------------------


2023-11-28 19:46:02.190 DEBUG 26036 --- [    Test worker] org.hibernate.SQL                        : 
    select
        flowershop0_.shop_key as shop_key1_3_,
        flowershop0_.close_hour as close_ho2_3_,
        flowershop0_.close_minute as close_mi3_3_,
        flowershop0_.description as descript4_3_,
        flowershop0_.is_opened as is_opene5_3_,
        flowershop0_.is_sub as is_sub6_3_,
        flowershop0_.open_hour as open_hou7_3_,
        flowershop0_.open_minute as open_min8_3_,
        flowershop0_.shop_location as shop_loc9_3_,
        flowershop0_.shop_name as shop_na10_3_,
        flowershop0_.shop_phone_num as shop_ph11_3_,
        flowershop0_.workday as workday12_3_ 
    from
        flower_shop flowershop0_ 
    where
        flowershop0_.shop_key=?
Hibernate: 
    select
        flowershop0_.shop_key as shop_key1_3_,
        flowershop0_.close_hour as close_ho2_3_,
        flowershop0_.close_minute as close_mi3_3_,
        flowershop0_.description as descript4_3_,
        flowershop0_.is_opened as is_opene5_3_,
        flowershop0_.is_sub as is_sub6_3_,
        flowershop0_.open_hour as open_hou7_3_,
        flowershop0_.open_minute as open_min8_3_,
        flowershop0_.shop_location as shop_loc9_3_,
        flowershop0_.shop_name as shop_na10_3_,
        flowershop0_.shop_phone_num as shop_ph11_3_,
        flowershop0_.workday as workday12_3_ 
    from
        flower_shop flowershop0_ 
    where
        flowershop0_.shop_key=?
2023-11-28 19:46:02.192 TRACE 26036 --- [    Test worker] o.h.type.descriptor.sql.BasicBinder      : binding parameter [1] as [INTEGER] - [13]
DtoToEntity내부 fpImage가 비어있습니다 ******************************
2023-11-28 19:46:02.226 DEBUG 26036 --- [    Test worker] org.hibernate.SQL                        : 
    select
        flowershop0_.shop_key as shop_key1_3_,
        flowershop0_.close_hour as close_ho2_3_,
        flowershop0_.close_minute as close_mi3_3_,
        flowershop0_.description as descript4_3_,
        flowershop0_.is_opened as is_opene5_3_,
        flowershop0_.is_sub as is_sub6_3_,
        flowershop0_.open_hour as open_hou7_3_,
        flowershop0_.open_minute as open_min8_3_,
        flowershop0_.shop_location as shop_loc9_3_,
        flowershop0_.shop_name as shop_na10_3_,
        flowershop0_.shop_phone_num as shop_ph11_3_,
        flowershop0_.workday as workday12_3_ 
    from
        flower_shop flowershop0_ 
    where
        flowershop0_.shop_key=?
Hibernate: 
    select
        flowershop0_.shop_key as shop_key1_3_,
        flowershop0_.close_hour as close_ho2_3_,
        flowershop0_.close_minute as close_mi3_3_,
        flowershop0_.description as descript4_3_,
        flowershop0_.is_opened as is_opene5_3_,
        flowershop0_.is_sub as is_sub6_3_,
        flowershop0_.open_hour as open_hou7_3_,
        flowershop0_.open_minute as open_min8_3_,
        flowershop0_.shop_location as shop_loc9_3_,
        flowershop0_.shop_name as shop_na10_3_,
        flowershop0_.shop_phone_num as shop_ph11_3_,
        flowershop0_.workday as workday12_3_ 
    from
        flower_shop flowershop0_ 
    where
        flowershop0_.shop_key=?
2023-11-28 19:46:02.227 TRACE 26036 --- [    Test worker] o.h.type.descriptor.sql.BasicBinder      : binding parameter [1] as [INTEGER] - [13]
---------------------------------in addFinishedProductToShop foundFlowerShopEntity.get()전
---------------------------------in addFinishedProductToShop foundFlowerShopEntity.get()후13
---------------------------------in addFinishedProductToShop setFlowershopEntity후net.prescent.entity.FinishedProductEntity@5ed5f9
shopKey 값 : 13--------------------------------------------
fpName 값 : 장미꽃다발--------------------------------------------
fpTag 값 : 연인--------------------------------------------
fpPrice 값 : 20000--------------------------------------------
fpDetail 값 : null--------------------------------------------
fpFlowerList 값 : [Ljava.lang.String;@18de9dc--------------------------------------------
2023-11-28 19:46:02.265 DEBUG 26036 --- [    Test worker] org.hibernate.SQL                        : 
    insert 
    into
        finished_product
        (shop_key, fp_detail, fp_flower_list, fp_image, fp_name, fp_price, fp_state, fp_tag) 
    values
        (?, ?, ?, ?, ?, ?, ?, ?)
Hibernate: 
    insert 
    into
        finished_product
        (shop_key, fp_detail, fp_flower_list, fp_image, fp_name, fp_price, fp_state, fp_tag) 
    values
        (?, ?, ?, ?, ?, ?, ?, ?)
2023-11-28 19:46:02.266 TRACE 26036 --- [    Test worker] o.h.type.descriptor.sql.BasicBinder      : binding parameter [1] as [INTEGER] - [13]
2023-11-28 19:46:02.266 TRACE 26036 --- [    Test worker] o.h.type.descriptor.sql.BasicBinder      : binding parameter [2] as [VARCHAR] - [null]
2023-11-28 19:46:02.267 TRACE 26036 --- [    Test worker] o.h.type.descriptor.sql.BasicBinder      : binding parameter [3] as [VARBINARY] - [[Ljava.lang.String;@6faa24]
2023-11-28 19:46:02.267 TRACE 26036 --- [    Test worker] o.h.type.descriptor.sql.BasicBinder      : binding parameter [4] as [BLOB] - [null]
2023-11-28 19:46:02.268 TRACE 26036 --- [    Test worker] o.h.type.descriptor.sql.BasicBinder      : binding parameter [5] as [VARCHAR] - [장미꽃다발]
2023-11-28 19:46:02.268 TRACE 26036 --- [    Test worker] o.h.type.descriptor.sql.BasicBinder      : binding parameter [6] as [INTEGER] - [20000]
2023-11-28 19:46:02.268 TRACE 26036 --- [    Test worker] o.h.type.descriptor.sql.BasicBinder      : binding parameter [7] as [BOOLEAN] - [true]
2023-11-28 19:46:02.269 TRACE 26036 --- [    Test worker] o.h.type.descriptor.sql.BasicBinder      : binding parameter [8] as [VARCHAR] - [연인]
---------------------------------in addFinishedProductToShop save끝
=----------------------------------------------------------------preFPOrderToEntity내부 체크 시작)7
2023-11-28 19:46:02.310 DEBUG 26036 --- [    Test worker] org.hibernate.SQL                        : 
    update
        seller 
    set
        shop_key=?,
        isgrant=?,
        seller_id_email=?,
        seller_name=?,
        seller_password=?,
        seller_phonenum=? 
    where
        seller_key=?
Hibernate: 
    update
        seller 
    set
        shop_key=?,
        isgrant=?,
        seller_id_email=?,
        seller_name=?,
        seller_password=?,
        seller_phonenum=? 
    where
        seller_key=?
2023-11-28 19:46:02.311 TRACE 26036 --- [    Test worker] o.h.type.descriptor.sql.BasicBinder      : binding parameter [1] as [INTEGER] - [13]
2023-11-28 19:46:02.312 TRACE 26036 --- [    Test worker] o.h.type.descriptor.sql.BasicBinder      : binding parameter [2] as [INTEGER] - [null]
2023-11-28 19:46:02.312 TRACE 26036 --- [    Test worker] o.h.type.descriptor.sql.BasicBinder      : binding parameter [3] as [VARCHAR] - [ajou@gmail.com]
2023-11-28 19:46:02.312 TRACE 26036 --- [    Test worker] o.h.type.descriptor.sql.BasicBinder      : binding parameter [4] as [VARCHAR] - [suhyeon]
2023-11-28 19:46:02.313 TRACE 26036 --- [    Test worker] o.h.type.descriptor.sql.BasicBinder      : binding parameter [5] as [VARCHAR] - [$2a$10$4LS7a26uWNUBW4NNw2qLluHVlTciHO7G28DgvFK694Qiv.VMQbBS2]
2023-11-28 19:46:02.313 TRACE 26036 --- [    Test worker] o.h.type.descriptor.sql.BasicBinder      : binding parameter [6] as [VARCHAR] - [010-1111-2222]
2023-11-28 19:46:02.313 TRACE 26036 --- [    Test worker] o.h.type.descriptor.sql.BasicBinder      : binding parameter [7] as [INTEGER] - [12345678]
2023-11-28 19:46:02.348 DEBUG 26036 --- [    Test worker] org.hibernate.SQL                        : 
    select
        finishedpr0_.fp_key as fp_key1_2_,
        finishedpr0_.shop_key as shop_key9_2_,
        finishedpr0_.fp_detail as fp_detai2_2_,
        finishedpr0_.fp_flower_list as fp_flowe3_2_,
        finishedpr0_.fp_image as fp_image4_2_,
        finishedpr0_.fp_name as fp_name5_2_,
        finishedpr0_.fp_price as fp_price6_2_,
        finishedpr0_.fp_state as fp_state7_2_,
        finishedpr0_.fp_tag as fp_tag8_2_ 
    from
        finished_product finishedpr0_ 
    where
        finishedpr0_.fp_key=?
Hibernate: 
    select
        finishedpr0_.fp_key as fp_key1_2_,
        finishedpr0_.shop_key as shop_key9_2_,
        finishedpr0_.fp_detail as fp_detai2_2_,
        finishedpr0_.fp_flower_list as fp_flowe3_2_,
        finishedpr0_.fp_image as fp_image4_2_,
        finishedpr0_.fp_name as fp_name5_2_,
        finishedpr0_.fp_price as fp_price6_2_,
        finishedpr0_.fp_state as fp_state7_2_,
        finishedpr0_.fp_tag as fp_tag8_2_ 
    from
        finished_product finishedpr0_ 
    where
        finishedpr0_.fp_key=?
2023-11-28 19:46:02.350 TRACE 26036 --- [    Test worker] o.h.type.descriptor.sql.BasicBinder      : binding parameter [1] as [INTEGER] - [7]
=----------------------------------------------------------------preFPOrderToEntity내부 findByKey실행완료)
2023-11-28 19:46:02.391 DEBUG 26036 --- [    Test worker] org.hibernate.SQL                        : 
    select
        customeren0_.customer_key as customer1_1_,
        customeren0_.customer_id_email as customer2_1_,
        customeren0_.customer_location as customer3_1_,
        customeren0_.customer_name as customer4_1_,
        customeren0_.customer_password as customer5_1_,
        customeren0_.customer_phonenum as customer6_1_ 
    from
        customer customeren0_ 
    where
        customeren0_.customer_key=?
Hibernate: 
    select
        customeren0_.customer_key as customer1_1_,
        customeren0_.customer_id_email as customer2_1_,
        customeren0_.customer_location as customer3_1_,
        customeren0_.customer_name as customer4_1_,
        customeren0_.customer_password as customer5_1_,
        customeren0_.customer_phonenum as customer6_1_ 
    from
        customer customeren0_ 
    where
        customeren0_.customer_key=?
2023-11-28 19:46:02.391 TRACE 26036 --- [    Test worker] o.h.type.descriptor.sql.BasicBinder      : binding parameter [1] as [INTEGER] - [12]
=----------------------------------------------------------------preFPOrderToEntity내부 findByCustomerKey실행완료)
=----------------------------------------------------------------preFPOrderToEntity내부 체크까진 끝)
=----------------------------------------------------------------FPOrderToEntity 내부 set까지 끝)
2023-11-28 19:46:02.430 DEBUG 26036 --- [    Test worker] org.hibernate.SQL                        : 
    insert 
    into
        fporder_entity
        (customer_key, fp_key, fp_order_state, pickup_date, purchase_info) 
    values
        (?, ?, ?, ?, ?)
Hibernate: 
    insert 
    into
        fporder_entity
        (customer_key, fp_key, fp_order_state, pickup_date, purchase_info) 
    values
        (?, ?, ?, ?, ?)
2023-11-28 19:46:02.432 TRACE 26036 --- [    Test worker] o.h.type.descriptor.sql.BasicBinder      : binding parameter [1] as [INTEGER] - [12]
2023-11-28 19:46:02.432 TRACE 26036 --- [    Test worker] o.h.type.descriptor.sql.BasicBinder      : binding parameter [2] as [INTEGER] - [7]
2023-11-28 19:46:02.433 TRACE 26036 --- [    Test worker] o.h.type.descriptor.sql.BasicBinder      : binding parameter [3] as [TINYINT] - [0]
2023-11-28 19:46:02.445 TRACE 26036 --- [    Test worker] o.h.type.descriptor.sql.BasicBinder      : binding parameter [4] as [TIMESTAMP] - [Tue Nov 28 19:46:02 KST 2023]
2023-11-28 19:46:02.446 TRACE 26036 --- [    Test worker] o.h.type.descriptor.sql.BasicBinder      : binding parameter [5] as [VARCHAR] - [국민카드 결제정보]
==================================== fporderEntity저장도 끝+++++++++net.prescent.entity.FPOrderEntity@2854ed
2023-11-28 19:46:02.547  INFO 26036 --- [    Test worker] o.s.t.c.transaction.TransactionContext   : Rolled back transaction for test: [DefaultTestContext@320c8b testClass = FPOrderServiceTest, testInstance = net.prescent.service.FPOrderServiceTest@123b242, testMethod = customerFPOrderTest@FPOrderServiceTest, testException = [null], mergedContextConfiguration = [WebMergedContextConfiguration@fe338 testClass = FPOrderServiceTest, locations = '{}', classes = '{class net.prescent.PreScentApplication}', contextInitializerClasses = '[]', activeProfiles = '{}', propertySourceLocations = '{}', propertySourceProperties = '{org.springframework.boot.test.context.SpringBootTestContextBootstrapper=true}', contextCustomizers = set[org.springframework.boot.test.autoconfigure.actuate.metrics.MetricsExportContextCustomizerFactory$DisableMetricExportContextCustomizer@54db99, org.springframework.boot.test.autoconfigure.properties.PropertyMappingContextCustomizer@0, org.springframework.boot.test.autoconfigure.web.servlet.WebDriverContextCustomizerFactory$Customizer@1e5f0ef, org.springframework.boot.test.context.filter.ExcludeFilterContextCustomizer@f57b3d, org.springframework.boot.test.json.DuplicateJsonObjectContextCustomizerFactory$DuplicateJsonObjectContextCustomizer@260766, org.springframework.boot.test.mock.mockito.MockitoContextCustomizer@0, org.springframework.boot.test.web.client.TestRestTemplateContextCustomizer@625ccd, org.springframework.boot.test.web.reactive.server.WebTestClientContextCustomizer@fde30a, org.springframework.boot.test.context.SpringBootTestArgs@1, org.springframework.boot.test.context.SpringBootTestWebEnvironment@dec700], resourceBasePath = 'src/main/webapp', contextLoader = 'org.springframework.boot.test.context.SpringBootContextLoader', parent = [null]], attributes = map['org.springframework.test.context.web.ServletTestExecutionListener.activateListener' -> true, 'org.springframework.test.context.web.ServletTestExecutionListener.populatedRequestContextHolder' -> true, 'org.springframework.test.context.web.ServletTestExecutionListener.resetRequestContextHolder' -> true, 'org.springframework.test.context.event.ApplicationEventsTestExecutionListener.recordApplicationEvents' -> false]]
]]></system-out>
  <system-err><![CDATA[]]></system-err>
</testsuite>
