<?xml version="1.0" encoding="UTF-8"?>
<testsuite name="net.prescent.service.SellerServiceTest" tests="6" skipped="0" failures="0" errors="0" timestamp="2023-11-21T17:24:11" hostname="LAPTOP-Q5F6TAOM" time="1.237">
  <properties/>
  <testcase name="판매자 회원가입 테스트" classname="net.prescent.service.SellerServiceTest" time="0.271"/>
  <testcase name="중복 사업자번호 가입 테스트" classname="net.prescent.service.SellerServiceTest" time="0.128"/>
  <testcase name="판매자 로그아웃 테스트" classname="net.prescent.service.SellerServiceTest" time="0.266"/>
  <testcase name="판매자 로그인 실패 - 잘못된 비밀번호 테스트" classname="net.prescent.service.SellerServiceTest" time="0.2"/>
  <testcase name="판매자 로그인 성공 테스트" classname="net.prescent.service.SellerServiceTest" time="0.233"/>
  <testcase name="판매자 로그인 실패 - 잘못된 Email 테스트" classname="net.prescent.service.SellerServiceTest" time="0.131"/>
  <system-out><![CDATA[2023-11-22 02:24:11.718  INFO 21144 --- [    Test worker] .b.t.c.SpringBootTestContextBootstrapper : Neither @ContextConfiguration nor @ContextHierarchy found for test class [net.prescent.service.SellerServiceTest], using SpringBootContextLoader
2023-11-22 02:24:11.720  INFO 21144 --- [    Test worker] o.s.t.c.support.AbstractContextLoader    : Could not detect default resource locations for test class [net.prescent.service.SellerServiceTest]: no resource found for suffixes {-context.xml, Context.groovy}.
2023-11-22 02:24:11.720  INFO 21144 --- [    Test worker] t.c.s.AnnotationConfigContextLoaderUtils : Could not detect default configuration classes for test class [net.prescent.service.SellerServiceTest]: SellerServiceTest does not declare any static, non-private, non-final, nested classes annotated with @Configuration.
2023-11-22 02:24:11.722  INFO 21144 --- [    Test worker] .b.t.c.SpringBootTestContextBootstrapper : Found @SpringBootConfiguration net.prescent.PreScentApplication for test class net.prescent.service.SellerServiceTest
2023-11-22 02:24:11.724  INFO 21144 --- [    Test worker] .b.t.c.SpringBootTestContextBootstrapper : Loaded default TestExecutionListener class names from location [META-INF/spring.factories]: [org.springframework.security.test.context.support.WithSecurityContextTestExecutionListener, org.springframework.security.test.context.support.ReactorContextTestExecutionListener, org.springframework.boot.test.autoconfigure.restdocs.RestDocsTestExecutionListener, org.springframework.boot.test.autoconfigure.web.client.MockRestServiceServerResetTestExecutionListener, org.springframework.boot.test.autoconfigure.web.servlet.MockMvcPrintOnlyOnFailureTestExecutionListener, org.springframework.boot.test.autoconfigure.web.servlet.WebDriverTestExecutionListener, org.springframework.boot.test.autoconfigure.webservices.client.MockWebServiceServerTestExecutionListener, org.springframework.boot.test.mock.mockito.MockitoTestExecutionListener, org.springframework.boot.test.mock.mockito.ResetMocksTestExecutionListener, org.springframework.test.context.web.ServletTestExecutionListener, org.springframework.test.context.support.DirtiesContextBeforeModesTestExecutionListener, org.springframework.test.context.event.ApplicationEventsTestExecutionListener, org.springframework.test.context.support.DependencyInjectionTestExecutionListener, org.springframework.test.context.support.DirtiesContextTestExecutionListener, org.springframework.test.context.transaction.TransactionalTestExecutionListener, org.springframework.test.context.jdbc.SqlScriptsTestExecutionListener, org.springframework.test.context.event.EventPublishingTestExecutionListener]
2023-11-22 02:24:11.725  INFO 21144 --- [    Test worker] .b.t.c.SpringBootTestContextBootstrapper : Using TestExecutionListeners: [org.springframework.test.context.web.ServletTestExecutionListener@322c70bc, org.springframework.test.context.support.DirtiesContextBeforeModesTestExecutionListener@3b24fb6f, org.springframework.test.context.event.ApplicationEventsTestExecutionListener@6ec9f664, org.springframework.boot.test.mock.mockito.MockitoTestExecutionListener@4a304820, org.springframework.boot.test.autoconfigure.SpringBootDependencyInjectionTestExecutionListener@1b48784a, org.springframework.test.context.support.DirtiesContextTestExecutionListener@7ab17cf, org.springframework.test.context.transaction.TransactionalTestExecutionListener@26f0ab88, org.springframework.test.context.jdbc.SqlScriptsTestExecutionListener@6e49863e, org.springframework.security.test.context.support.WithSecurityContextTestExecutionListener@361b2995, org.springframework.test.context.event.EventPublishingTestExecutionListener@69d145f6, org.springframework.security.test.context.support.ReactorContextTestExecutionListener@4a5e0faf, org.springframework.boot.test.autoconfigure.restdocs.RestDocsTestExecutionListener@680408ac, org.springframework.boot.test.autoconfigure.web.client.MockRestServiceServerResetTestExecutionListener@73cd3b8, org.springframework.boot.test.autoconfigure.web.servlet.MockMvcPrintOnlyOnFailureTestExecutionListener@6421d85c, org.springframework.boot.test.autoconfigure.web.servlet.WebDriverTestExecutionListener@5eb89000, org.springframework.boot.test.autoconfigure.webservices.client.MockWebServiceServerTestExecutionListener@16b1b213, org.springframework.boot.test.mock.mockito.ResetMocksTestExecutionListener@77f1026e]
2023-11-22 02:24:11.739  INFO 21144 --- [    Test worker] o.s.t.c.transaction.TransactionContext   : Began transaction (1) for test context [DefaultTestContext@38614875 testClass = SellerServiceTest, testInstance = net.prescent.service.SellerServiceTest@6c09d716, testMethod = signupSellerTest@SellerServiceTest, testException = [null], mergedContextConfiguration = [WebMergedContextConfiguration@734eada1 testClass = SellerServiceTest, locations = '{}', classes = '{class net.prescent.PreScentApplication}', contextInitializerClasses = '[]', activeProfiles = '{}', propertySourceLocations = '{}', propertySourceProperties = '{org.springframework.boot.test.context.SpringBootTestContextBootstrapper=true}', contextCustomizers = set[org.springframework.boot.test.autoconfigure.actuate.metrics.MetricsExportContextCustomizerFactory$DisableMetricExportContextCustomizer@160ac7fb, org.springframework.boot.test.autoconfigure.properties.PropertyMappingContextCustomizer@0, org.springframework.boot.test.autoconfigure.web.servlet.WebDriverContextCustomizerFactory$Customizer@62dae540, org.springframework.boot.test.context.filter.ExcludeFilterContextCustomizer@636e8cc, org.springframework.boot.test.json.DuplicateJsonObjectContextCustomizerFactory$DuplicateJsonObjectContextCustomizer@619bfe29, org.springframework.boot.test.mock.mockito.MockitoContextCustomizer@0, org.springframework.boot.test.web.client.TestRestTemplateContextCustomizer@485a3466, org.springframework.boot.test.context.SpringBootTestArgs@1, org.springframework.boot.test.context.SpringBootTestWebEnvironment@748741cb], resourceBasePath = 'src/main/webapp', contextLoader = 'org.springframework.boot.test.context.SpringBootContextLoader', parent = [null]], attributes = map['org.springframework.test.context.web.ServletTestExecutionListener.activateListener' -> true, 'org.springframework.test.context.web.ServletTestExecutionListener.populatedRequestContextHolder' -> true, 'org.springframework.test.context.web.ServletTestExecutionListener.resetRequestContextHolder' -> true, 'org.springframework.test.context.event.ApplicationEventsTestExecutionListener.recordApplicationEvents' -> false]]; transaction manager [org.springframework.orm.jpa.JpaTransactionManager@89dd102]; rollback [true]
2023-11-22 02:24:11.741 DEBUG 21144 --- [    Test worker] org.hibernate.SQL                        : 
    delete 
    from
        seller
Hibernate: 
    delete 
    from
        seller
2023-11-22 02:24:11.755 DEBUG 21144 --- [    Test worker] org.hibernate.SQL                        : 
    select
        sellerenti0_.seller_key as seller_k1_6_,
        sellerenti0_.shop_key as shop_key7_6_,
        sellerenti0_.isgrant as isgrant2_6_,
        sellerenti0_.seller_id_email as seller_i3_6_,
        sellerenti0_.seller_name as seller_n4_6_,
        sellerenti0_.seller_password as seller_p5_6_,
        sellerenti0_.seller_phonenum as seller_p6_6_ 
    from
        seller sellerenti0_ 
    where
        sellerenti0_.seller_key=?
Hibernate: 
    select
        sellerenti0_.seller_key as seller_k1_6_,
        sellerenti0_.shop_key as shop_key7_6_,
        sellerenti0_.isgrant as isgrant2_6_,
        sellerenti0_.seller_id_email as seller_i3_6_,
        sellerenti0_.seller_name as seller_n4_6_,
        sellerenti0_.seller_password as seller_p5_6_,
        sellerenti0_.seller_phonenum as seller_p6_6_ 
    from
        seller sellerenti0_ 
    where
        sellerenti0_.seller_key=?
2023-11-22 02:24:11.756 TRACE 21144 --- [    Test worker] o.h.type.descriptor.sql.BasicBinder      : binding parameter [1] as [INTEGER] - [123456789]
2023-11-22 02:24:11.849 DEBUG 21144 --- [    Test worker] org.hibernate.SQL                        : 
    select
        sellerenti0_.seller_key as seller_k1_6_0_,
        sellerenti0_.shop_key as shop_key7_6_0_,
        sellerenti0_.isgrant as isgrant2_6_0_,
        sellerenti0_.seller_id_email as seller_i3_6_0_,
        sellerenti0_.seller_name as seller_n4_6_0_,
        sellerenti0_.seller_password as seller_p5_6_0_,
        sellerenti0_.seller_phonenum as seller_p6_6_0_ 
    from
        seller sellerenti0_ 
    where
        sellerenti0_.seller_key=?
Hibernate: 
    select
        sellerenti0_.seller_key as seller_k1_6_0_,
        sellerenti0_.shop_key as shop_key7_6_0_,
        sellerenti0_.isgrant as isgrant2_6_0_,
        sellerenti0_.seller_id_email as seller_i3_6_0_,
        sellerenti0_.seller_name as seller_n4_6_0_,
        sellerenti0_.seller_password as seller_p5_6_0_,
        sellerenti0_.seller_phonenum as seller_p6_6_0_ 
    from
        seller sellerenti0_ 
    where
        sellerenti0_.seller_key=?
2023-11-22 02:24:11.850 TRACE 21144 --- [    Test worker] o.h.type.descriptor.sql.BasicBinder      : binding parameter [1] as [INTEGER] - [123456789]
2023-11-22 02:24:11.879 DEBUG 21144 --- [    Test worker] org.hibernate.SQL                        : 
    insert 
    into
        seller
        (shop_key, isgrant, seller_id_email, seller_name, seller_password, seller_phonenum, seller_key) 
    values
        (?, ?, ?, ?, ?, ?, ?)
Hibernate: 
    insert 
    into
        seller
        (shop_key, isgrant, seller_id_email, seller_name, seller_password, seller_phonenum, seller_key) 
    values
        (?, ?, ?, ?, ?, ?, ?)
2023-11-22 02:24:11.880 TRACE 21144 --- [    Test worker] o.h.type.descriptor.sql.BasicBinder      : binding parameter [1] as [INTEGER] - [null]
2023-11-22 02:24:11.880 TRACE 21144 --- [    Test worker] o.h.type.descriptor.sql.BasicBinder      : binding parameter [2] as [INTEGER] - [null]
2023-11-22 02:24:11.881 TRACE 21144 --- [    Test worker] o.h.type.descriptor.sql.BasicBinder      : binding parameter [3] as [VARCHAR] - [ajou@gmail.com]
2023-11-22 02:24:11.882 TRACE 21144 --- [    Test worker] o.h.type.descriptor.sql.BasicBinder      : binding parameter [4] as [VARCHAR] - [suhyeon]
2023-11-22 02:24:11.883 TRACE 21144 --- [    Test worker] o.h.type.descriptor.sql.BasicBinder      : binding parameter [5] as [VARCHAR] - [$2a$10$lCFVRjFnqmdXY0S4UK1rXOCPS1Gapnaaoq4d1CvviMg3cqHFN5zqa]
2023-11-22 02:24:11.883 TRACE 21144 --- [    Test worker] o.h.type.descriptor.sql.BasicBinder      : binding parameter [6] as [VARCHAR] - [010-1111-2222]
2023-11-22 02:24:11.883 TRACE 21144 --- [    Test worker] o.h.type.descriptor.sql.BasicBinder      : binding parameter [7] as [INTEGER] - [123456789]
2023-11-22 02:24:11.894 DEBUG 21144 --- [    Test worker] org.hibernate.SQL                        : 
    select
        sellerenti0_.seller_key as seller_k1_6_,
        sellerenti0_.shop_key as shop_key7_6_,
        sellerenti0_.isgrant as isgrant2_6_,
        sellerenti0_.seller_id_email as seller_i3_6_,
        sellerenti0_.seller_name as seller_n4_6_,
        sellerenti0_.seller_password as seller_p5_6_,
        sellerenti0_.seller_phonenum as seller_p6_6_ 
    from
        seller sellerenti0_ 
    where
        sellerenti0_.seller_id_email=?
Hibernate: 
    select
        sellerenti0_.seller_key as seller_k1_6_,
        sellerenti0_.shop_key as shop_key7_6_,
        sellerenti0_.isgrant as isgrant2_6_,
        sellerenti0_.seller_id_email as seller_i3_6_,
        sellerenti0_.seller_name as seller_n4_6_,
        sellerenti0_.seller_password as seller_p5_6_,
        sellerenti0_.seller_phonenum as seller_p6_6_ 
    from
        seller sellerenti0_ 
    where
        sellerenti0_.seller_id_email=?
2023-11-22 02:24:11.895 TRACE 21144 --- [    Test worker] o.h.type.descriptor.sql.BasicBinder      : binding parameter [1] as [VARCHAR] - [ajou@gmail.com]
2023-11-22 02:24:11.999  INFO 21144 --- [    Test worker] o.s.t.c.transaction.TransactionContext   : Rolled back transaction for test: [DefaultTestContext@38614875 testClass = SellerServiceTest, testInstance = net.prescent.service.SellerServiceTest@6c09d716, testMethod = signupSellerTest@SellerServiceTest, testException = [null], mergedContextConfiguration = [WebMergedContextConfiguration@734eada1 testClass = SellerServiceTest, locations = '{}', classes = '{class net.prescent.PreScentApplication}', contextInitializerClasses = '[]', activeProfiles = '{}', propertySourceLocations = '{}', propertySourceProperties = '{org.springframework.boot.test.context.SpringBootTestContextBootstrapper=true}', contextCustomizers = set[org.springframework.boot.test.autoconfigure.actuate.metrics.MetricsExportContextCustomizerFactory$DisableMetricExportContextCustomizer@160ac7fb, org.springframework.boot.test.autoconfigure.properties.PropertyMappingContextCustomizer@0, org.springframework.boot.test.autoconfigure.web.servlet.WebDriverContextCustomizerFactory$Customizer@62dae540, org.springframework.boot.test.context.filter.ExcludeFilterContextCustomizer@636e8cc, org.springframework.boot.test.json.DuplicateJsonObjectContextCustomizerFactory$DuplicateJsonObjectContextCustomizer@619bfe29, org.springframework.boot.test.mock.mockito.MockitoContextCustomizer@0, org.springframework.boot.test.web.client.TestRestTemplateContextCustomizer@485a3466, org.springframework.boot.test.context.SpringBootTestArgs@1, org.springframework.boot.test.context.SpringBootTestWebEnvironment@748741cb], resourceBasePath = 'src/main/webapp', contextLoader = 'org.springframework.boot.test.context.SpringBootContextLoader', parent = [null]], attributes = map['org.springframework.test.context.web.ServletTestExecutionListener.activateListener' -> true, 'org.springframework.test.context.web.ServletTestExecutionListener.populatedRequestContextHolder' -> true, 'org.springframework.test.context.web.ServletTestExecutionListener.resetRequestContextHolder' -> true, 'org.springframework.test.context.event.ApplicationEventsTestExecutionListener.recordApplicationEvents' -> false]]
2023-11-22 02:24:12.007  INFO 21144 --- [    Test worker] o.s.t.c.transaction.TransactionContext   : Began transaction (1) for test context [DefaultTestContext@38614875 testClass = SellerServiceTest, testInstance = net.prescent.service.SellerServiceTest@718b9d56, testMethod = signupDuplicateSellerKeyTest@SellerServiceTest, testException = [null], mergedContextConfiguration = [WebMergedContextConfiguration@734eada1 testClass = SellerServiceTest, locations = '{}', classes = '{class net.prescent.PreScentApplication}', contextInitializerClasses = '[]', activeProfiles = '{}', propertySourceLocations = '{}', propertySourceProperties = '{org.springframework.boot.test.context.SpringBootTestContextBootstrapper=true}', contextCustomizers = set[org.springframework.boot.test.autoconfigure.actuate.metrics.MetricsExportContextCustomizerFactory$DisableMetricExportContextCustomizer@160ac7fb, org.springframework.boot.test.autoconfigure.properties.PropertyMappingContextCustomizer@0, org.springframework.boot.test.autoconfigure.web.servlet.WebDriverContextCustomizerFactory$Customizer@62dae540, org.springframework.boot.test.context.filter.ExcludeFilterContextCustomizer@636e8cc, org.springframework.boot.test.json.DuplicateJsonObjectContextCustomizerFactory$DuplicateJsonObjectContextCustomizer@619bfe29, org.springframework.boot.test.mock.mockito.MockitoContextCustomizer@0, org.springframework.boot.test.web.client.TestRestTemplateContextCustomizer@485a3466, org.springframework.boot.test.context.SpringBootTestArgs@1, org.springframework.boot.test.context.SpringBootTestWebEnvironment@748741cb], resourceBasePath = 'src/main/webapp', contextLoader = 'org.springframework.boot.test.context.SpringBootContextLoader', parent = [null]], attributes = map['org.springframework.test.context.web.ServletTestExecutionListener.activateListener' -> true, 'org.springframework.test.context.web.ServletTestExecutionListener.populatedRequestContextHolder' -> true, 'org.springframework.test.context.web.ServletTestExecutionListener.resetRequestContextHolder' -> true, 'org.springframework.test.context.event.ApplicationEventsTestExecutionListener.recordApplicationEvents' -> false]]; transaction manager [org.springframework.orm.jpa.JpaTransactionManager@89dd102]; rollback [true]
2023-11-22 02:24:12.008 DEBUG 21144 --- [    Test worker] org.hibernate.SQL                        : 
    delete 
    from
        seller
Hibernate: 
    delete 
    from
        seller
2023-11-22 02:24:12.015 DEBUG 21144 --- [    Test worker] org.hibernate.SQL                        : 
    select
        sellerenti0_.seller_key as seller_k1_6_,
        sellerenti0_.shop_key as shop_key7_6_,
        sellerenti0_.isgrant as isgrant2_6_,
        sellerenti0_.seller_id_email as seller_i3_6_,
        sellerenti0_.seller_name as seller_n4_6_,
        sellerenti0_.seller_password as seller_p5_6_,
        sellerenti0_.seller_phonenum as seller_p6_6_ 
    from
        seller sellerenti0_ 
    where
        sellerenti0_.seller_key=?
Hibernate: 
    select
        sellerenti0_.seller_key as seller_k1_6_,
        sellerenti0_.shop_key as shop_key7_6_,
        sellerenti0_.isgrant as isgrant2_6_,
        sellerenti0_.seller_id_email as seller_i3_6_,
        sellerenti0_.seller_name as seller_n4_6_,
        sellerenti0_.seller_password as seller_p5_6_,
        sellerenti0_.seller_phonenum as seller_p6_6_ 
    from
        seller sellerenti0_ 
    where
        sellerenti0_.seller_key=?
2023-11-22 02:24:12.015 TRACE 21144 --- [    Test worker] o.h.type.descriptor.sql.BasicBinder      : binding parameter [1] as [INTEGER] - [123456789]
2023-11-22 02:24:12.085 DEBUG 21144 --- [    Test worker] org.hibernate.SQL                        : 
    select
        sellerenti0_.seller_key as seller_k1_6_0_,
        sellerenti0_.shop_key as shop_key7_6_0_,
        sellerenti0_.isgrant as isgrant2_6_0_,
        sellerenti0_.seller_id_email as seller_i3_6_0_,
        sellerenti0_.seller_name as seller_n4_6_0_,
        sellerenti0_.seller_password as seller_p5_6_0_,
        sellerenti0_.seller_phonenum as seller_p6_6_0_ 
    from
        seller sellerenti0_ 
    where
        sellerenti0_.seller_key=?
Hibernate: 
    select
        sellerenti0_.seller_key as seller_k1_6_0_,
        sellerenti0_.shop_key as shop_key7_6_0_,
        sellerenti0_.isgrant as isgrant2_6_0_,
        sellerenti0_.seller_id_email as seller_i3_6_0_,
        sellerenti0_.seller_name as seller_n4_6_0_,
        sellerenti0_.seller_password as seller_p5_6_0_,
        sellerenti0_.seller_phonenum as seller_p6_6_0_ 
    from
        seller sellerenti0_ 
    where
        sellerenti0_.seller_key=?
2023-11-22 02:24:12.085 TRACE 21144 --- [    Test worker] o.h.type.descriptor.sql.BasicBinder      : binding parameter [1] as [INTEGER] - [123456789]
2023-11-22 02:24:12.094 DEBUG 21144 --- [    Test worker] org.hibernate.SQL                        : 
    insert 
    into
        seller
        (shop_key, isgrant, seller_id_email, seller_name, seller_password, seller_phonenum, seller_key) 
    values
        (?, ?, ?, ?, ?, ?, ?)
Hibernate: 
    insert 
    into
        seller
        (shop_key, isgrant, seller_id_email, seller_name, seller_password, seller_phonenum, seller_key) 
    values
        (?, ?, ?, ?, ?, ?, ?)
2023-11-22 02:24:12.094 TRACE 21144 --- [    Test worker] o.h.type.descriptor.sql.BasicBinder      : binding parameter [1] as [INTEGER] - [null]
2023-11-22 02:24:12.095 TRACE 21144 --- [    Test worker] o.h.type.descriptor.sql.BasicBinder      : binding parameter [2] as [INTEGER] - [null]
2023-11-22 02:24:12.095 TRACE 21144 --- [    Test worker] o.h.type.descriptor.sql.BasicBinder      : binding parameter [3] as [VARCHAR] - [ajou@gmail.com]
2023-11-22 02:24:12.095 TRACE 21144 --- [    Test worker] o.h.type.descriptor.sql.BasicBinder      : binding parameter [4] as [VARCHAR] - [suhyeon]
2023-11-22 02:24:12.095 TRACE 21144 --- [    Test worker] o.h.type.descriptor.sql.BasicBinder      : binding parameter [5] as [VARCHAR] - [$2a$10$U/BWMPkfeFwEGBFDdmFfm.oyecikxvu/qtoWqsnqus8xgVbXE4drC]
2023-11-22 02:24:12.095 TRACE 21144 --- [    Test worker] o.h.type.descriptor.sql.BasicBinder      : binding parameter [6] as [VARCHAR] - [010-1111-2222]
2023-11-22 02:24:12.095 TRACE 21144 --- [    Test worker] o.h.type.descriptor.sql.BasicBinder      : binding parameter [7] as [INTEGER] - [123456789]
2023-11-22 02:24:12.104 DEBUG 21144 --- [    Test worker] org.hibernate.SQL                        : 
    select
        sellerenti0_.seller_key as seller_k1_6_,
        sellerenti0_.shop_key as shop_key7_6_,
        sellerenti0_.isgrant as isgrant2_6_,
        sellerenti0_.seller_id_email as seller_i3_6_,
        sellerenti0_.seller_name as seller_n4_6_,
        sellerenti0_.seller_password as seller_p5_6_,
        sellerenti0_.seller_phonenum as seller_p6_6_ 
    from
        seller sellerenti0_ 
    where
        sellerenti0_.seller_key=?
Hibernate: 
    select
        sellerenti0_.seller_key as seller_k1_6_,
        sellerenti0_.shop_key as shop_key7_6_,
        sellerenti0_.isgrant as isgrant2_6_,
        sellerenti0_.seller_id_email as seller_i3_6_,
        sellerenti0_.seller_name as seller_n4_6_,
        sellerenti0_.seller_password as seller_p5_6_,
        sellerenti0_.seller_phonenum as seller_p6_6_ 
    from
        seller sellerenti0_ 
    where
        sellerenti0_.seller_key=?
2023-11-22 02:24:12.105 TRACE 21144 --- [    Test worker] o.h.type.descriptor.sql.BasicBinder      : binding parameter [1] as [INTEGER] - [123456789]
2023-11-22 02:24:12.127  INFO 21144 --- [    Test worker] o.s.t.c.transaction.TransactionContext   : Rolled back transaction for test: [DefaultTestContext@38614875 testClass = SellerServiceTest, testInstance = net.prescent.service.SellerServiceTest@718b9d56, testMethod = signupDuplicateSellerKeyTest@SellerServiceTest, testException = [null], mergedContextConfiguration = [WebMergedContextConfiguration@734eada1 testClass = SellerServiceTest, locations = '{}', classes = '{class net.prescent.PreScentApplication}', contextInitializerClasses = '[]', activeProfiles = '{}', propertySourceLocations = '{}', propertySourceProperties = '{org.springframework.boot.test.context.SpringBootTestContextBootstrapper=true}', contextCustomizers = set[org.springframework.boot.test.autoconfigure.actuate.metrics.MetricsExportContextCustomizerFactory$DisableMetricExportContextCustomizer@160ac7fb, org.springframework.boot.test.autoconfigure.properties.PropertyMappingContextCustomizer@0, org.springframework.boot.test.autoconfigure.web.servlet.WebDriverContextCustomizerFactory$Customizer@62dae540, org.springframework.boot.test.context.filter.ExcludeFilterContextCustomizer@636e8cc, org.springframework.boot.test.json.DuplicateJsonObjectContextCustomizerFactory$DuplicateJsonObjectContextCustomizer@619bfe29, org.springframework.boot.test.mock.mockito.MockitoContextCustomizer@0, org.springframework.boot.test.web.client.TestRestTemplateContextCustomizer@485a3466, org.springframework.boot.test.context.SpringBootTestArgs@1, org.springframework.boot.test.context.SpringBootTestWebEnvironment@748741cb], resourceBasePath = 'src/main/webapp', contextLoader = 'org.springframework.boot.test.context.SpringBootContextLoader', parent = [null]], attributes = map['org.springframework.test.context.web.ServletTestExecutionListener.activateListener' -> true, 'org.springframework.test.context.web.ServletTestExecutionListener.populatedRequestContextHolder' -> true, 'org.springframework.test.context.web.ServletTestExecutionListener.resetRequestContextHolder' -> true, 'org.springframework.test.context.event.ApplicationEventsTestExecutionListener.recordApplicationEvents' -> false]]
2023-11-22 02:24:12.137  INFO 21144 --- [    Test worker] o.s.t.c.transaction.TransactionContext   : Began transaction (1) for test context [DefaultTestContext@38614875 testClass = SellerServiceTest, testInstance = net.prescent.service.SellerServiceTest@4c140b12, testMethod = logoutTest@SellerServiceTest, testException = [null], mergedContextConfiguration = [WebMergedContextConfiguration@734eada1 testClass = SellerServiceTest, locations = '{}', classes = '{class net.prescent.PreScentApplication}', contextInitializerClasses = '[]', activeProfiles = '{}', propertySourceLocations = '{}', propertySourceProperties = '{org.springframework.boot.test.context.SpringBootTestContextBootstrapper=true}', contextCustomizers = set[org.springframework.boot.test.autoconfigure.actuate.metrics.MetricsExportContextCustomizerFactory$DisableMetricExportContextCustomizer@160ac7fb, org.springframework.boot.test.autoconfigure.properties.PropertyMappingContextCustomizer@0, org.springframework.boot.test.autoconfigure.web.servlet.WebDriverContextCustomizerFactory$Customizer@62dae540, org.springframework.boot.test.context.filter.ExcludeFilterContextCustomizer@636e8cc, org.springframework.boot.test.json.DuplicateJsonObjectContextCustomizerFactory$DuplicateJsonObjectContextCustomizer@619bfe29, org.springframework.boot.test.mock.mockito.MockitoContextCustomizer@0, org.springframework.boot.test.web.client.TestRestTemplateContextCustomizer@485a3466, org.springframework.boot.test.context.SpringBootTestArgs@1, org.springframework.boot.test.context.SpringBootTestWebEnvironment@748741cb], resourceBasePath = 'src/main/webapp', contextLoader = 'org.springframework.boot.test.context.SpringBootContextLoader', parent = [null]], attributes = map['org.springframework.test.context.web.ServletTestExecutionListener.activateListener' -> true, 'org.springframework.test.context.web.ServletTestExecutionListener.populatedRequestContextHolder' -> true, 'org.springframework.test.context.web.ServletTestExecutionListener.resetRequestContextHolder' -> true, 'org.springframework.test.context.event.ApplicationEventsTestExecutionListener.recordApplicationEvents' -> false]]; transaction manager [org.springframework.orm.jpa.JpaTransactionManager@89dd102]; rollback [true]
2023-11-22 02:24:12.139 DEBUG 21144 --- [    Test worker] org.hibernate.SQL                        : 
    delete 
    from
        seller
Hibernate: 
    delete 
    from
        seller
2023-11-22 02:24:12.148 DEBUG 21144 --- [    Test worker] org.hibernate.SQL                        : 
    select
        sellerenti0_.seller_key as seller_k1_6_,
        sellerenti0_.shop_key as shop_key7_6_,
        sellerenti0_.isgrant as isgrant2_6_,
        sellerenti0_.seller_id_email as seller_i3_6_,
        sellerenti0_.seller_name as seller_n4_6_,
        sellerenti0_.seller_password as seller_p5_6_,
        sellerenti0_.seller_phonenum as seller_p6_6_ 
    from
        seller sellerenti0_ 
    where
        sellerenti0_.seller_key=?
Hibernate: 
    select
        sellerenti0_.seller_key as seller_k1_6_,
        sellerenti0_.shop_key as shop_key7_6_,
        sellerenti0_.isgrant as isgrant2_6_,
        sellerenti0_.seller_id_email as seller_i3_6_,
        sellerenti0_.seller_name as seller_n4_6_,
        sellerenti0_.seller_password as seller_p5_6_,
        sellerenti0_.seller_phonenum as seller_p6_6_ 
    from
        seller sellerenti0_ 
    where
        sellerenti0_.seller_key=?
2023-11-22 02:24:12.149 TRACE 21144 --- [    Test worker] o.h.type.descriptor.sql.BasicBinder      : binding parameter [1] as [INTEGER] - [123456789]
2023-11-22 02:24:12.222 DEBUG 21144 --- [    Test worker] org.hibernate.SQL                        : 
    select
        sellerenti0_.seller_key as seller_k1_6_0_,
        sellerenti0_.shop_key as shop_key7_6_0_,
        sellerenti0_.isgrant as isgrant2_6_0_,
        sellerenti0_.seller_id_email as seller_i3_6_0_,
        sellerenti0_.seller_name as seller_n4_6_0_,
        sellerenti0_.seller_password as seller_p5_6_0_,
        sellerenti0_.seller_phonenum as seller_p6_6_0_ 
    from
        seller sellerenti0_ 
    where
        sellerenti0_.seller_key=?
Hibernate: 
    select
        sellerenti0_.seller_key as seller_k1_6_0_,
        sellerenti0_.shop_key as shop_key7_6_0_,
        sellerenti0_.isgrant as isgrant2_6_0_,
        sellerenti0_.seller_id_email as seller_i3_6_0_,
        sellerenti0_.seller_name as seller_n4_6_0_,
        sellerenti0_.seller_password as seller_p5_6_0_,
        sellerenti0_.seller_phonenum as seller_p6_6_0_ 
    from
        seller sellerenti0_ 
    where
        sellerenti0_.seller_key=?
2023-11-22 02:24:12.223 TRACE 21144 --- [    Test worker] o.h.type.descriptor.sql.BasicBinder      : binding parameter [1] as [INTEGER] - [123456789]
2023-11-22 02:24:12.233 DEBUG 21144 --- [    Test worker] org.hibernate.SQL                        : 
    insert 
    into
        seller
        (shop_key, isgrant, seller_id_email, seller_name, seller_password, seller_phonenum, seller_key) 
    values
        (?, ?, ?, ?, ?, ?, ?)
Hibernate: 
    insert 
    into
        seller
        (shop_key, isgrant, seller_id_email, seller_name, seller_password, seller_phonenum, seller_key) 
    values
        (?, ?, ?, ?, ?, ?, ?)
2023-11-22 02:24:12.234 TRACE 21144 --- [    Test worker] o.h.type.descriptor.sql.BasicBinder      : binding parameter [1] as [INTEGER] - [null]
2023-11-22 02:24:12.234 TRACE 21144 --- [    Test worker] o.h.type.descriptor.sql.BasicBinder      : binding parameter [2] as [INTEGER] - [null]
2023-11-22 02:24:12.234 TRACE 21144 --- [    Test worker] o.h.type.descriptor.sql.BasicBinder      : binding parameter [3] as [VARCHAR] - [ajou@gmail.com]
2023-11-22 02:24:12.234 TRACE 21144 --- [    Test worker] o.h.type.descriptor.sql.BasicBinder      : binding parameter [4] as [VARCHAR] - [suhyeon]
2023-11-22 02:24:12.234 TRACE 21144 --- [    Test worker] o.h.type.descriptor.sql.BasicBinder      : binding parameter [5] as [VARCHAR] - [$2a$10$ObXD7laR4z2Xh55ZLH580uf4M3PO28H.d3Q0AJmikuWvLK9ppFZuS]
2023-11-22 02:24:12.234 TRACE 21144 --- [    Test worker] o.h.type.descriptor.sql.BasicBinder      : binding parameter [6] as [VARCHAR] - [010-1111-2222]
2023-11-22 02:24:12.234 TRACE 21144 --- [    Test worker] o.h.type.descriptor.sql.BasicBinder      : binding parameter [7] as [INTEGER] - [123456789]
2023-11-22 02:24:12.243 DEBUG 21144 --- [    Test worker] org.hibernate.SQL                        : 
    select
        sellerenti0_.seller_key as seller_k1_6_,
        sellerenti0_.shop_key as shop_key7_6_,
        sellerenti0_.isgrant as isgrant2_6_,
        sellerenti0_.seller_id_email as seller_i3_6_,
        sellerenti0_.seller_name as seller_n4_6_,
        sellerenti0_.seller_password as seller_p5_6_,
        sellerenti0_.seller_phonenum as seller_p6_6_ 
    from
        seller sellerenti0_ 
    where
        sellerenti0_.seller_id_email=?
Hibernate: 
    select
        sellerenti0_.seller_key as seller_k1_6_,
        sellerenti0_.shop_key as shop_key7_6_,
        sellerenti0_.isgrant as isgrant2_6_,
        sellerenti0_.seller_id_email as seller_i3_6_,
        sellerenti0_.seller_name as seller_n4_6_,
        sellerenti0_.seller_password as seller_p5_6_,
        sellerenti0_.seller_phonenum as seller_p6_6_ 
    from
        seller sellerenti0_ 
    where
        sellerenti0_.seller_id_email=?
2023-11-22 02:24:12.244 TRACE 21144 --- [    Test worker] o.h.type.descriptor.sql.BasicBinder      : binding parameter [1] as [VARCHAR] - [ajou@gmail.com]
2023-11-22 02:24:12.318 DEBUG 21144 --- [    Test worker] org.hibernate.SQL                        : 
    select
        accesstoke0_.token as token1_0_0_,
        accesstoke0_.seller_key as seller_k2_0_0_ 
    from
        access_token accesstoke0_ 
    where
        accesstoke0_.token=?
Hibernate: 
    select
        accesstoke0_.token as token1_0_0_,
        accesstoke0_.seller_key as seller_k2_0_0_ 
    from
        access_token accesstoke0_ 
    where
        accesstoke0_.token=?
2023-11-22 02:24:12.319 TRACE 21144 --- [    Test worker] o.h.type.descriptor.sql.BasicBinder      : binding parameter [1] as [VARCHAR] - [539c9e14-a23e-417c-ad49-4a393e566eee]
2023-11-22 02:24:12.331 DEBUG 21144 --- [    Test worker] org.hibernate.SQL                        : 
    insert 
    into
        access_token
        (seller_key, token) 
    values
        (?, ?)
Hibernate: 
    insert 
    into
        access_token
        (seller_key, token) 
    values
        (?, ?)
2023-11-22 02:24:12.331 TRACE 21144 --- [    Test worker] o.h.type.descriptor.sql.BasicBinder      : binding parameter [1] as [INTEGER] - [123456789]
2023-11-22 02:24:12.331 TRACE 21144 --- [    Test worker] o.h.type.descriptor.sql.BasicBinder      : binding parameter [2] as [VARCHAR] - [539c9e14-a23e-417c-ad49-4a393e566eee]
2023-11-22 02:24:12.338 DEBUG 21144 --- [    Test worker] org.hibernate.SQL                        : 
    select
        accesstoke0_.token as token1_0_,
        accesstoke0_.seller_key as seller_k2_0_ 
    from
        access_token accesstoke0_ 
    where
        accesstoke0_.token=?
Hibernate: 
    select
        accesstoke0_.token as token1_0_,
        accesstoke0_.seller_key as seller_k2_0_ 
    from
        access_token accesstoke0_ 
    where
        accesstoke0_.token=?
2023-11-22 02:24:12.339 TRACE 21144 --- [    Test worker] o.h.type.descriptor.sql.BasicBinder      : binding parameter [1] as [VARCHAR] - [539c9e14-a23e-417c-ad49-4a393e566eee]
2023-11-22 02:24:12.349 DEBUG 21144 --- [    Test worker] org.hibernate.SQL                        : 
    select
        accesstoke0_.token as token1_0_,
        accesstoke0_.seller_key as seller_k2_0_ 
    from
        access_token accesstoke0_ 
    where
        accesstoke0_.token=?
Hibernate: 
    select
        accesstoke0_.token as token1_0_,
        accesstoke0_.seller_key as seller_k2_0_ 
    from
        access_token accesstoke0_ 
    where
        accesstoke0_.token=?
2023-11-22 02:24:12.349 TRACE 21144 --- [    Test worker] o.h.type.descriptor.sql.BasicBinder      : binding parameter [1] as [VARCHAR] - [539c9e14-a23e-417c-ad49-4a393e566eee]
2023-11-22 02:24:12.360 DEBUG 21144 --- [    Test worker] org.hibernate.SQL                        : 
    delete 
    from
        access_token 
    where
        token=?
Hibernate: 
    delete 
    from
        access_token 
    where
        token=?
2023-11-22 02:24:12.360 TRACE 21144 --- [    Test worker] o.h.type.descriptor.sql.BasicBinder      : binding parameter [1] as [VARCHAR] - [539c9e14-a23e-417c-ad49-4a393e566eee]
2023-11-22 02:24:12.370 DEBUG 21144 --- [    Test worker] org.hibernate.SQL                        : 
    select
        accesstoke0_.token as token1_0_,
        accesstoke0_.seller_key as seller_k2_0_ 
    from
        access_token accesstoke0_ 
    where
        accesstoke0_.token=?
Hibernate: 
    select
        accesstoke0_.token as token1_0_,
        accesstoke0_.seller_key as seller_k2_0_ 
    from
        access_token accesstoke0_ 
    where
        accesstoke0_.token=?
2023-11-22 02:24:12.371 TRACE 21144 --- [    Test worker] o.h.type.descriptor.sql.BasicBinder      : binding parameter [1] as [VARCHAR] - [539c9e14-a23e-417c-ad49-4a393e566eee]
2023-11-22 02:24:12.395  INFO 21144 --- [    Test worker] o.s.t.c.transaction.TransactionContext   : Rolled back transaction for test: [DefaultTestContext@38614875 testClass = SellerServiceTest, testInstance = net.prescent.service.SellerServiceTest@4c140b12, testMethod = logoutTest@SellerServiceTest, testException = [null], mergedContextConfiguration = [WebMergedContextConfiguration@734eada1 testClass = SellerServiceTest, locations = '{}', classes = '{class net.prescent.PreScentApplication}', contextInitializerClasses = '[]', activeProfiles = '{}', propertySourceLocations = '{}', propertySourceProperties = '{org.springframework.boot.test.context.SpringBootTestContextBootstrapper=true}', contextCustomizers = set[org.springframework.boot.test.autoconfigure.actuate.metrics.MetricsExportContextCustomizerFactory$DisableMetricExportContextCustomizer@160ac7fb, org.springframework.boot.test.autoconfigure.properties.PropertyMappingContextCustomizer@0, org.springframework.boot.test.autoconfigure.web.servlet.WebDriverContextCustomizerFactory$Customizer@62dae540, org.springframework.boot.test.context.filter.ExcludeFilterContextCustomizer@636e8cc, org.springframework.boot.test.json.DuplicateJsonObjectContextCustomizerFactory$DuplicateJsonObjectContextCustomizer@619bfe29, org.springframework.boot.test.mock.mockito.MockitoContextCustomizer@0, org.springframework.boot.test.web.client.TestRestTemplateContextCustomizer@485a3466, org.springframework.boot.test.context.SpringBootTestArgs@1, org.springframework.boot.test.context.SpringBootTestWebEnvironment@748741cb], resourceBasePath = 'src/main/webapp', contextLoader = 'org.springframework.boot.test.context.SpringBootContextLoader', parent = [null]], attributes = map['org.springframework.test.context.web.ServletTestExecutionListener.activateListener' -> true, 'org.springframework.test.context.web.ServletTestExecutionListener.populatedRequestContextHolder' -> true, 'org.springframework.test.context.web.ServletTestExecutionListener.resetRequestContextHolder' -> true, 'org.springframework.test.context.event.ApplicationEventsTestExecutionListener.recordApplicationEvents' -> false]]
2023-11-22 02:24:12.407  INFO 21144 --- [    Test worker] o.s.t.c.transaction.TransactionContext   : Began transaction (1) for test context [DefaultTestContext@38614875 testClass = SellerServiceTest, testInstance = net.prescent.service.SellerServiceTest@27a8bfa1, testMethod = loginFailureWrongPasswordTest@SellerServiceTest, testException = [null], mergedContextConfiguration = [WebMergedContextConfiguration@734eada1 testClass = SellerServiceTest, locations = '{}', classes = '{class net.prescent.PreScentApplication}', contextInitializerClasses = '[]', activeProfiles = '{}', propertySourceLocations = '{}', propertySourceProperties = '{org.springframework.boot.test.context.SpringBootTestContextBootstrapper=true}', contextCustomizers = set[org.springframework.boot.test.autoconfigure.actuate.metrics.MetricsExportContextCustomizerFactory$DisableMetricExportContextCustomizer@160ac7fb, org.springframework.boot.test.autoconfigure.properties.PropertyMappingContextCustomizer@0, org.springframework.boot.test.autoconfigure.web.servlet.WebDriverContextCustomizerFactory$Customizer@62dae540, org.springframework.boot.test.context.filter.ExcludeFilterContextCustomizer@636e8cc, org.springframework.boot.test.json.DuplicateJsonObjectContextCustomizerFactory$DuplicateJsonObjectContextCustomizer@619bfe29, org.springframework.boot.test.mock.mockito.MockitoContextCustomizer@0, org.springframework.boot.test.web.client.TestRestTemplateContextCustomizer@485a3466, org.springframework.boot.test.context.SpringBootTestArgs@1, org.springframework.boot.test.context.SpringBootTestWebEnvironment@748741cb], resourceBasePath = 'src/main/webapp', contextLoader = 'org.springframework.boot.test.context.SpringBootContextLoader', parent = [null]], attributes = map['org.springframework.test.context.web.ServletTestExecutionListener.activateListener' -> true, 'org.springframework.test.context.web.ServletTestExecutionListener.populatedRequestContextHolder' -> true, 'org.springframework.test.context.web.ServletTestExecutionListener.resetRequestContextHolder' -> true, 'org.springframework.test.context.event.ApplicationEventsTestExecutionListener.recordApplicationEvents' -> false]]; transaction manager [org.springframework.orm.jpa.JpaTransactionManager@89dd102]; rollback [true]
2023-11-22 02:24:12.409 DEBUG 21144 --- [    Test worker] org.hibernate.SQL                        : 
    delete 
    from
        seller
Hibernate: 
    delete 
    from
        seller
2023-11-22 02:24:12.417 DEBUG 21144 --- [    Test worker] org.hibernate.SQL                        : 
    select
        sellerenti0_.seller_key as seller_k1_6_,
        sellerenti0_.shop_key as shop_key7_6_,
        sellerenti0_.isgrant as isgrant2_6_,
        sellerenti0_.seller_id_email as seller_i3_6_,
        sellerenti0_.seller_name as seller_n4_6_,
        sellerenti0_.seller_password as seller_p5_6_,
        sellerenti0_.seller_phonenum as seller_p6_6_ 
    from
        seller sellerenti0_ 
    where
        sellerenti0_.seller_key=?
Hibernate: 
    select
        sellerenti0_.seller_key as seller_k1_6_,
        sellerenti0_.shop_key as shop_key7_6_,
        sellerenti0_.isgrant as isgrant2_6_,
        sellerenti0_.seller_id_email as seller_i3_6_,
        sellerenti0_.seller_name as seller_n4_6_,
        sellerenti0_.seller_password as seller_p5_6_,
        sellerenti0_.seller_phonenum as seller_p6_6_ 
    from
        seller sellerenti0_ 
    where
        sellerenti0_.seller_key=?
2023-11-22 02:24:12.418 TRACE 21144 --- [    Test worker] o.h.type.descriptor.sql.BasicBinder      : binding parameter [1] as [INTEGER] - [123456789]
2023-11-22 02:24:12.491 DEBUG 21144 --- [    Test worker] org.hibernate.SQL                        : 
    select
        sellerenti0_.seller_key as seller_k1_6_0_,
        sellerenti0_.shop_key as shop_key7_6_0_,
        sellerenti0_.isgrant as isgrant2_6_0_,
        sellerenti0_.seller_id_email as seller_i3_6_0_,
        sellerenti0_.seller_name as seller_n4_6_0_,
        sellerenti0_.seller_password as seller_p5_6_0_,
        sellerenti0_.seller_phonenum as seller_p6_6_0_ 
    from
        seller sellerenti0_ 
    where
        sellerenti0_.seller_key=?
Hibernate: 
    select
        sellerenti0_.seller_key as seller_k1_6_0_,
        sellerenti0_.shop_key as shop_key7_6_0_,
        sellerenti0_.isgrant as isgrant2_6_0_,
        sellerenti0_.seller_id_email as seller_i3_6_0_,
        sellerenti0_.seller_name as seller_n4_6_0_,
        sellerenti0_.seller_password as seller_p5_6_0_,
        sellerenti0_.seller_phonenum as seller_p6_6_0_ 
    from
        seller sellerenti0_ 
    where
        sellerenti0_.seller_key=?
2023-11-22 02:24:12.491 TRACE 21144 --- [    Test worker] o.h.type.descriptor.sql.BasicBinder      : binding parameter [1] as [INTEGER] - [123456789]
2023-11-22 02:24:12.500 DEBUG 21144 --- [    Test worker] org.hibernate.SQL                        : 
    insert 
    into
        seller
        (shop_key, isgrant, seller_id_email, seller_name, seller_password, seller_phonenum, seller_key) 
    values
        (?, ?, ?, ?, ?, ?, ?)
Hibernate: 
    insert 
    into
        seller
        (shop_key, isgrant, seller_id_email, seller_name, seller_password, seller_phonenum, seller_key) 
    values
        (?, ?, ?, ?, ?, ?, ?)
2023-11-22 02:24:12.501 TRACE 21144 --- [    Test worker] o.h.type.descriptor.sql.BasicBinder      : binding parameter [1] as [INTEGER] - [null]
2023-11-22 02:24:12.502 TRACE 21144 --- [    Test worker] o.h.type.descriptor.sql.BasicBinder      : binding parameter [2] as [INTEGER] - [null]
2023-11-22 02:24:12.502 TRACE 21144 --- [    Test worker] o.h.type.descriptor.sql.BasicBinder      : binding parameter [3] as [VARCHAR] - [ajou@gmail.com]
2023-11-22 02:24:12.502 TRACE 21144 --- [    Test worker] o.h.type.descriptor.sql.BasicBinder      : binding parameter [4] as [VARCHAR] - [suhyeon]
2023-11-22 02:24:12.502 TRACE 21144 --- [    Test worker] o.h.type.descriptor.sql.BasicBinder      : binding parameter [5] as [VARCHAR] - [$2a$10$snpZzWcA8kxUtCal8P4bUuM2/URi5Uj52vE/Q2A5T0faqHYx66m42]
2023-11-22 02:24:12.502 TRACE 21144 --- [    Test worker] o.h.type.descriptor.sql.BasicBinder      : binding parameter [6] as [VARCHAR] - [010-1111-2222]
2023-11-22 02:24:12.502 TRACE 21144 --- [    Test worker] o.h.type.descriptor.sql.BasicBinder      : binding parameter [7] as [INTEGER] - [123456789]
2023-11-22 02:24:12.509 DEBUG 21144 --- [    Test worker] org.hibernate.SQL                        : 
    select
        sellerenti0_.seller_key as seller_k1_6_,
        sellerenti0_.shop_key as shop_key7_6_,
        sellerenti0_.isgrant as isgrant2_6_,
        sellerenti0_.seller_id_email as seller_i3_6_,
        sellerenti0_.seller_name as seller_n4_6_,
        sellerenti0_.seller_password as seller_p5_6_,
        sellerenti0_.seller_phonenum as seller_p6_6_ 
    from
        seller sellerenti0_ 
    where
        sellerenti0_.seller_id_email=?
Hibernate: 
    select
        sellerenti0_.seller_key as seller_k1_6_,
        sellerenti0_.shop_key as shop_key7_6_,
        sellerenti0_.isgrant as isgrant2_6_,
        sellerenti0_.seller_id_email as seller_i3_6_,
        sellerenti0_.seller_name as seller_n4_6_,
        sellerenti0_.seller_password as seller_p5_6_,
        sellerenti0_.seller_phonenum as seller_p6_6_ 
    from
        seller sellerenti0_ 
    where
        sellerenti0_.seller_id_email=?
2023-11-22 02:24:12.510 TRACE 21144 --- [    Test worker] o.h.type.descriptor.sql.BasicBinder      : binding parameter [1] as [VARCHAR] - [ajou@gmail.com]
2023-11-22 02:24:12.598  INFO 21144 --- [    Test worker] o.s.t.c.transaction.TransactionContext   : Rolled back transaction for test: [DefaultTestContext@38614875 testClass = SellerServiceTest, testInstance = net.prescent.service.SellerServiceTest@27a8bfa1, testMethod = loginFailureWrongPasswordTest@SellerServiceTest, testException = [null], mergedContextConfiguration = [WebMergedContextConfiguration@734eada1 testClass = SellerServiceTest, locations = '{}', classes = '{class net.prescent.PreScentApplication}', contextInitializerClasses = '[]', activeProfiles = '{}', propertySourceLocations = '{}', propertySourceProperties = '{org.springframework.boot.test.context.SpringBootTestContextBootstrapper=true}', contextCustomizers = set[org.springframework.boot.test.autoconfigure.actuate.metrics.MetricsExportContextCustomizerFactory$DisableMetricExportContextCustomizer@160ac7fb, org.springframework.boot.test.autoconfigure.properties.PropertyMappingContextCustomizer@0, org.springframework.boot.test.autoconfigure.web.servlet.WebDriverContextCustomizerFactory$Customizer@62dae540, org.springframework.boot.test.context.filter.ExcludeFilterContextCustomizer@636e8cc, org.springframework.boot.test.json.DuplicateJsonObjectContextCustomizerFactory$DuplicateJsonObjectContextCustomizer@619bfe29, org.springframework.boot.test.mock.mockito.MockitoContextCustomizer@0, org.springframework.boot.test.web.client.TestRestTemplateContextCustomizer@485a3466, org.springframework.boot.test.context.SpringBootTestArgs@1, org.springframework.boot.test.context.SpringBootTestWebEnvironment@748741cb], resourceBasePath = 'src/main/webapp', contextLoader = 'org.springframework.boot.test.context.SpringBootContextLoader', parent = [null]], attributes = map['org.springframework.test.context.web.ServletTestExecutionListener.activateListener' -> true, 'org.springframework.test.context.web.ServletTestExecutionListener.populatedRequestContextHolder' -> true, 'org.springframework.test.context.web.ServletTestExecutionListener.resetRequestContextHolder' -> true, 'org.springframework.test.context.event.ApplicationEventsTestExecutionListener.recordApplicationEvents' -> false]]
2023-11-22 02:24:12.609  INFO 21144 --- [    Test worker] o.s.t.c.transaction.TransactionContext   : Began transaction (1) for test context [DefaultTestContext@38614875 testClass = SellerServiceTest, testInstance = net.prescent.service.SellerServiceTest@37e0614e, testMethod = loginSuccessTest@SellerServiceTest, testException = [null], mergedContextConfiguration = [WebMergedContextConfiguration@734eada1 testClass = SellerServiceTest, locations = '{}', classes = '{class net.prescent.PreScentApplication}', contextInitializerClasses = '[]', activeProfiles = '{}', propertySourceLocations = '{}', propertySourceProperties = '{org.springframework.boot.test.context.SpringBootTestContextBootstrapper=true}', contextCustomizers = set[org.springframework.boot.test.autoconfigure.actuate.metrics.MetricsExportContextCustomizerFactory$DisableMetricExportContextCustomizer@160ac7fb, org.springframework.boot.test.autoconfigure.properties.PropertyMappingContextCustomizer@0, org.springframework.boot.test.autoconfigure.web.servlet.WebDriverContextCustomizerFactory$Customizer@62dae540, org.springframework.boot.test.context.filter.ExcludeFilterContextCustomizer@636e8cc, org.springframework.boot.test.json.DuplicateJsonObjectContextCustomizerFactory$DuplicateJsonObjectContextCustomizer@619bfe29, org.springframework.boot.test.mock.mockito.MockitoContextCustomizer@0, org.springframework.boot.test.web.client.TestRestTemplateContextCustomizer@485a3466, org.springframework.boot.test.context.SpringBootTestArgs@1, org.springframework.boot.test.context.SpringBootTestWebEnvironment@748741cb], resourceBasePath = 'src/main/webapp', contextLoader = 'org.springframework.boot.test.context.SpringBootContextLoader', parent = [null]], attributes = map['org.springframework.test.context.web.ServletTestExecutionListener.activateListener' -> true, 'org.springframework.test.context.web.ServletTestExecutionListener.populatedRequestContextHolder' -> true, 'org.springframework.test.context.web.ServletTestExecutionListener.resetRequestContextHolder' -> true, 'org.springframework.test.context.event.ApplicationEventsTestExecutionListener.recordApplicationEvents' -> false]]; transaction manager [org.springframework.orm.jpa.JpaTransactionManager@89dd102]; rollback [true]
2023-11-22 02:24:12.614 DEBUG 21144 --- [    Test worker] org.hibernate.SQL                        : 
    delete 
    from
        seller
Hibernate: 
    delete 
    from
        seller
2023-11-22 02:24:12.628 DEBUG 21144 --- [    Test worker] org.hibernate.SQL                        : 
    select
        sellerenti0_.seller_key as seller_k1_6_,
        sellerenti0_.shop_key as shop_key7_6_,
        sellerenti0_.isgrant as isgrant2_6_,
        sellerenti0_.seller_id_email as seller_i3_6_,
        sellerenti0_.seller_name as seller_n4_6_,
        sellerenti0_.seller_password as seller_p5_6_,
        sellerenti0_.seller_phonenum as seller_p6_6_ 
    from
        seller sellerenti0_ 
    where
        sellerenti0_.seller_key=?
Hibernate: 
    select
        sellerenti0_.seller_key as seller_k1_6_,
        sellerenti0_.shop_key as shop_key7_6_,
        sellerenti0_.isgrant as isgrant2_6_,
        sellerenti0_.seller_id_email as seller_i3_6_,
        sellerenti0_.seller_name as seller_n4_6_,
        sellerenti0_.seller_password as seller_p5_6_,
        sellerenti0_.seller_phonenum as seller_p6_6_ 
    from
        seller sellerenti0_ 
    where
        sellerenti0_.seller_key=?
2023-11-22 02:24:12.630 TRACE 21144 --- [    Test worker] o.h.type.descriptor.sql.BasicBinder      : binding parameter [1] as [INTEGER] - [123456789]
2023-11-22 02:24:12.704 DEBUG 21144 --- [    Test worker] org.hibernate.SQL                        : 
    select
        sellerenti0_.seller_key as seller_k1_6_0_,
        sellerenti0_.shop_key as shop_key7_6_0_,
        sellerenti0_.isgrant as isgrant2_6_0_,
        sellerenti0_.seller_id_email as seller_i3_6_0_,
        sellerenti0_.seller_name as seller_n4_6_0_,
        sellerenti0_.seller_password as seller_p5_6_0_,
        sellerenti0_.seller_phonenum as seller_p6_6_0_ 
    from
        seller sellerenti0_ 
    where
        sellerenti0_.seller_key=?
Hibernate: 
    select
        sellerenti0_.seller_key as seller_k1_6_0_,
        sellerenti0_.shop_key as shop_key7_6_0_,
        sellerenti0_.isgrant as isgrant2_6_0_,
        sellerenti0_.seller_id_email as seller_i3_6_0_,
        sellerenti0_.seller_name as seller_n4_6_0_,
        sellerenti0_.seller_password as seller_p5_6_0_,
        sellerenti0_.seller_phonenum as seller_p6_6_0_ 
    from
        seller sellerenti0_ 
    where
        sellerenti0_.seller_key=?
2023-11-22 02:24:12.705 TRACE 21144 --- [    Test worker] o.h.type.descriptor.sql.BasicBinder      : binding parameter [1] as [INTEGER] - [123456789]
2023-11-22 02:24:12.715 DEBUG 21144 --- [    Test worker] org.hibernate.SQL                        : 
    insert 
    into
        seller
        (shop_key, isgrant, seller_id_email, seller_name, seller_password, seller_phonenum, seller_key) 
    values
        (?, ?, ?, ?, ?, ?, ?)
Hibernate: 
    insert 
    into
        seller
        (shop_key, isgrant, seller_id_email, seller_name, seller_password, seller_phonenum, seller_key) 
    values
        (?, ?, ?, ?, ?, ?, ?)
2023-11-22 02:24:12.715 TRACE 21144 --- [    Test worker] o.h.type.descriptor.sql.BasicBinder      : binding parameter [1] as [INTEGER] - [null]
2023-11-22 02:24:12.715 TRACE 21144 --- [    Test worker] o.h.type.descriptor.sql.BasicBinder      : binding parameter [2] as [INTEGER] - [null]
2023-11-22 02:24:12.715 TRACE 21144 --- [    Test worker] o.h.type.descriptor.sql.BasicBinder      : binding parameter [3] as [VARCHAR] - [ajou@gmail.com]
2023-11-22 02:24:12.715 TRACE 21144 --- [    Test worker] o.h.type.descriptor.sql.BasicBinder      : binding parameter [4] as [VARCHAR] - [suhyeon]
2023-11-22 02:24:12.716 TRACE 21144 --- [    Test worker] o.h.type.descriptor.sql.BasicBinder      : binding parameter [5] as [VARCHAR] - [$2a$10$VquyeNigC7oTmeGW8F5thuw4EwAe1FkR7I4Lc71h8Pe2LWHqG4SP6]
2023-11-22 02:24:12.716 TRACE 21144 --- [    Test worker] o.h.type.descriptor.sql.BasicBinder      : binding parameter [6] as [VARCHAR] - [010-1111-2222]
2023-11-22 02:24:12.716 TRACE 21144 --- [    Test worker] o.h.type.descriptor.sql.BasicBinder      : binding parameter [7] as [INTEGER] - [123456789]
2023-11-22 02:24:12.723 DEBUG 21144 --- [    Test worker] org.hibernate.SQL                        : 
    select
        sellerenti0_.seller_key as seller_k1_6_,
        sellerenti0_.shop_key as shop_key7_6_,
        sellerenti0_.isgrant as isgrant2_6_,
        sellerenti0_.seller_id_email as seller_i3_6_,
        sellerenti0_.seller_name as seller_n4_6_,
        sellerenti0_.seller_password as seller_p5_6_,
        sellerenti0_.seller_phonenum as seller_p6_6_ 
    from
        seller sellerenti0_ 
    where
        sellerenti0_.seller_id_email=?
Hibernate: 
    select
        sellerenti0_.seller_key as seller_k1_6_,
        sellerenti0_.shop_key as shop_key7_6_,
        sellerenti0_.isgrant as isgrant2_6_,
        sellerenti0_.seller_id_email as seller_i3_6_,
        sellerenti0_.seller_name as seller_n4_6_,
        sellerenti0_.seller_password as seller_p5_6_,
        sellerenti0_.seller_phonenum as seller_p6_6_ 
    from
        seller sellerenti0_ 
    where
        sellerenti0_.seller_id_email=?
2023-11-22 02:24:12.723 TRACE 21144 --- [    Test worker] o.h.type.descriptor.sql.BasicBinder      : binding parameter [1] as [VARCHAR] - [ajou@gmail.com]
2023-11-22 02:24:12.794 DEBUG 21144 --- [    Test worker] org.hibernate.SQL                        : 
    select
        accesstoke0_.token as token1_0_0_,
        accesstoke0_.seller_key as seller_k2_0_0_ 
    from
        access_token accesstoke0_ 
    where
        accesstoke0_.token=?
Hibernate: 
    select
        accesstoke0_.token as token1_0_0_,
        accesstoke0_.seller_key as seller_k2_0_0_ 
    from
        access_token accesstoke0_ 
    where
        accesstoke0_.token=?
2023-11-22 02:24:12.794 TRACE 21144 --- [    Test worker] o.h.type.descriptor.sql.BasicBinder      : binding parameter [1] as [VARCHAR] - [baca5d18-f3c6-4aab-a536-22083dc0e9e6]
2023-11-22 02:24:12.802 DEBUG 21144 --- [    Test worker] org.hibernate.SQL                        : 
    insert 
    into
        access_token
        (seller_key, token) 
    values
        (?, ?)
Hibernate: 
    insert 
    into
        access_token
        (seller_key, token) 
    values
        (?, ?)
2023-11-22 02:24:12.803 TRACE 21144 --- [    Test worker] o.h.type.descriptor.sql.BasicBinder      : binding parameter [1] as [INTEGER] - [123456789]
2023-11-22 02:24:12.803 TRACE 21144 --- [    Test worker] o.h.type.descriptor.sql.BasicBinder      : binding parameter [2] as [VARCHAR] - [baca5d18-f3c6-4aab-a536-22083dc0e9e6]
2023-11-22 02:24:12.809 DEBUG 21144 --- [    Test worker] org.hibernate.SQL                        : 
    select
        accesstoke0_.token as token1_0_,
        accesstoke0_.seller_key as seller_k2_0_ 
    from
        access_token accesstoke0_ 
    where
        accesstoke0_.token=?
Hibernate: 
    select
        accesstoke0_.token as token1_0_,
        accesstoke0_.seller_key as seller_k2_0_ 
    from
        access_token accesstoke0_ 
    where
        accesstoke0_.token=?
2023-11-22 02:24:12.809 TRACE 21144 --- [    Test worker] o.h.type.descriptor.sql.BasicBinder      : binding parameter [1] as [VARCHAR] - [baca5d18-f3c6-4aab-a536-22083dc0e9e6]
2023-11-22 02:24:12.832  INFO 21144 --- [    Test worker] o.s.t.c.transaction.TransactionContext   : Rolled back transaction for test: [DefaultTestContext@38614875 testClass = SellerServiceTest, testInstance = net.prescent.service.SellerServiceTest@37e0614e, testMethod = loginSuccessTest@SellerServiceTest, testException = [null], mergedContextConfiguration = [WebMergedContextConfiguration@734eada1 testClass = SellerServiceTest, locations = '{}', classes = '{class net.prescent.PreScentApplication}', contextInitializerClasses = '[]', activeProfiles = '{}', propertySourceLocations = '{}', propertySourceProperties = '{org.springframework.boot.test.context.SpringBootTestContextBootstrapper=true}', contextCustomizers = set[org.springframework.boot.test.autoconfigure.actuate.metrics.MetricsExportContextCustomizerFactory$DisableMetricExportContextCustomizer@160ac7fb, org.springframework.boot.test.autoconfigure.properties.PropertyMappingContextCustomizer@0, org.springframework.boot.test.autoconfigure.web.servlet.WebDriverContextCustomizerFactory$Customizer@62dae540, org.springframework.boot.test.context.filter.ExcludeFilterContextCustomizer@636e8cc, org.springframework.boot.test.json.DuplicateJsonObjectContextCustomizerFactory$DuplicateJsonObjectContextCustomizer@619bfe29, org.springframework.boot.test.mock.mockito.MockitoContextCustomizer@0, org.springframework.boot.test.web.client.TestRestTemplateContextCustomizer@485a3466, org.springframework.boot.test.context.SpringBootTestArgs@1, org.springframework.boot.test.context.SpringBootTestWebEnvironment@748741cb], resourceBasePath = 'src/main/webapp', contextLoader = 'org.springframework.boot.test.context.SpringBootContextLoader', parent = [null]], attributes = map['org.springframework.test.context.web.ServletTestExecutionListener.activateListener' -> true, 'org.springframework.test.context.web.ServletTestExecutionListener.populatedRequestContextHolder' -> true, 'org.springframework.test.context.web.ServletTestExecutionListener.resetRequestContextHolder' -> true, 'org.springframework.test.context.event.ApplicationEventsTestExecutionListener.recordApplicationEvents' -> false]]
2023-11-22 02:24:12.842  INFO 21144 --- [    Test worker] o.s.t.c.transaction.TransactionContext   : Began transaction (1) for test context [DefaultTestContext@38614875 testClass = SellerServiceTest, testInstance = net.prescent.service.SellerServiceTest@303a484e, testMethod = loginFailureWrongIdTest@SellerServiceTest, testException = [null], mergedContextConfiguration = [WebMergedContextConfiguration@734eada1 testClass = SellerServiceTest, locations = '{}', classes = '{class net.prescent.PreScentApplication}', contextInitializerClasses = '[]', activeProfiles = '{}', propertySourceLocations = '{}', propertySourceProperties = '{org.springframework.boot.test.context.SpringBootTestContextBootstrapper=true}', contextCustomizers = set[org.springframework.boot.test.autoconfigure.actuate.metrics.MetricsExportContextCustomizerFactory$DisableMetricExportContextCustomizer@160ac7fb, org.springframework.boot.test.autoconfigure.properties.PropertyMappingContextCustomizer@0, org.springframework.boot.test.autoconfigure.web.servlet.WebDriverContextCustomizerFactory$Customizer@62dae540, org.springframework.boot.test.context.filter.ExcludeFilterContextCustomizer@636e8cc, org.springframework.boot.test.json.DuplicateJsonObjectContextCustomizerFactory$DuplicateJsonObjectContextCustomizer@619bfe29, org.springframework.boot.test.mock.mockito.MockitoContextCustomizer@0, org.springframework.boot.test.web.client.TestRestTemplateContextCustomizer@485a3466, org.springframework.boot.test.context.SpringBootTestArgs@1, org.springframework.boot.test.context.SpringBootTestWebEnvironment@748741cb], resourceBasePath = 'src/main/webapp', contextLoader = 'org.springframework.boot.test.context.SpringBootContextLoader', parent = [null]], attributes = map['org.springframework.test.context.web.ServletTestExecutionListener.activateListener' -> true, 'org.springframework.test.context.web.ServletTestExecutionListener.populatedRequestContextHolder' -> true, 'org.springframework.test.context.web.ServletTestExecutionListener.resetRequestContextHolder' -> true, 'org.springframework.test.context.event.ApplicationEventsTestExecutionListener.recordApplicationEvents' -> false]]; transaction manager [org.springframework.orm.jpa.JpaTransactionManager@89dd102]; rollback [true]
2023-11-22 02:24:12.844 DEBUG 21144 --- [    Test worker] org.hibernate.SQL                        : 
    delete 
    from
        seller
Hibernate: 
    delete 
    from
        seller
2023-11-22 02:24:12.852 DEBUG 21144 --- [    Test worker] org.hibernate.SQL                        : 
    select
        sellerenti0_.seller_key as seller_k1_6_,
        sellerenti0_.shop_key as shop_key7_6_,
        sellerenti0_.isgrant as isgrant2_6_,
        sellerenti0_.seller_id_email as seller_i3_6_,
        sellerenti0_.seller_name as seller_n4_6_,
        sellerenti0_.seller_password as seller_p5_6_,
        sellerenti0_.seller_phonenum as seller_p6_6_ 
    from
        seller sellerenti0_ 
    where
        sellerenti0_.seller_key=?
Hibernate: 
    select
        sellerenti0_.seller_key as seller_k1_6_,
        sellerenti0_.shop_key as shop_key7_6_,
        sellerenti0_.isgrant as isgrant2_6_,
        sellerenti0_.seller_id_email as seller_i3_6_,
        sellerenti0_.seller_name as seller_n4_6_,
        sellerenti0_.seller_password as seller_p5_6_,
        sellerenti0_.seller_phonenum as seller_p6_6_ 
    from
        seller sellerenti0_ 
    where
        sellerenti0_.seller_key=?
2023-11-22 02:24:12.854 TRACE 21144 --- [    Test worker] o.h.type.descriptor.sql.BasicBinder      : binding parameter [1] as [INTEGER] - [123456789]
2023-11-22 02:24:12.925 DEBUG 21144 --- [    Test worker] org.hibernate.SQL                        : 
    select
        sellerenti0_.seller_key as seller_k1_6_0_,
        sellerenti0_.shop_key as shop_key7_6_0_,
        sellerenti0_.isgrant as isgrant2_6_0_,
        sellerenti0_.seller_id_email as seller_i3_6_0_,
        sellerenti0_.seller_name as seller_n4_6_0_,
        sellerenti0_.seller_password as seller_p5_6_0_,
        sellerenti0_.seller_phonenum as seller_p6_6_0_ 
    from
        seller sellerenti0_ 
    where
        sellerenti0_.seller_key=?
Hibernate: 
    select
        sellerenti0_.seller_key as seller_k1_6_0_,
        sellerenti0_.shop_key as shop_key7_6_0_,
        sellerenti0_.isgrant as isgrant2_6_0_,
        sellerenti0_.seller_id_email as seller_i3_6_0_,
        sellerenti0_.seller_name as seller_n4_6_0_,
        sellerenti0_.seller_password as seller_p5_6_0_,
        sellerenti0_.seller_phonenum as seller_p6_6_0_ 
    from
        seller sellerenti0_ 
    where
        sellerenti0_.seller_key=?
2023-11-22 02:24:12.925 TRACE 21144 --- [    Test worker] o.h.type.descriptor.sql.BasicBinder      : binding parameter [1] as [INTEGER] - [123456789]
2023-11-22 02:24:12.933 DEBUG 21144 --- [    Test worker] org.hibernate.SQL                        : 
    insert 
    into
        seller
        (shop_key, isgrant, seller_id_email, seller_name, seller_password, seller_phonenum, seller_key) 
    values
        (?, ?, ?, ?, ?, ?, ?)
Hibernate: 
    insert 
    into
        seller
        (shop_key, isgrant, seller_id_email, seller_name, seller_password, seller_phonenum, seller_key) 
    values
        (?, ?, ?, ?, ?, ?, ?)
2023-11-22 02:24:12.934 TRACE 21144 --- [    Test worker] o.h.type.descriptor.sql.BasicBinder      : binding parameter [1] as [INTEGER] - [null]
2023-11-22 02:24:12.934 TRACE 21144 --- [    Test worker] o.h.type.descriptor.sql.BasicBinder      : binding parameter [2] as [INTEGER] - [null]
2023-11-22 02:24:12.934 TRACE 21144 --- [    Test worker] o.h.type.descriptor.sql.BasicBinder      : binding parameter [3] as [VARCHAR] - [ajou@gmail.com]
2023-11-22 02:24:12.934 TRACE 21144 --- [    Test worker] o.h.type.descriptor.sql.BasicBinder      : binding parameter [4] as [VARCHAR] - [suhyeon]
2023-11-22 02:24:12.934 TRACE 21144 --- [    Test worker] o.h.type.descriptor.sql.BasicBinder      : binding parameter [5] as [VARCHAR] - [$2a$10$1f3XBVxievtMop3YISwjKOPFP3ZrGtMNeAxMUaNgiDEo/aJy/vv/O]
2023-11-22 02:24:12.934 TRACE 21144 --- [    Test worker] o.h.type.descriptor.sql.BasicBinder      : binding parameter [6] as [VARCHAR] - [010-1111-2222]
2023-11-22 02:24:12.934 TRACE 21144 --- [    Test worker] o.h.type.descriptor.sql.BasicBinder      : binding parameter [7] as [INTEGER] - [123456789]
2023-11-22 02:24:12.941 DEBUG 21144 --- [    Test worker] org.hibernate.SQL                        : 
    select
        sellerenti0_.seller_key as seller_k1_6_,
        sellerenti0_.shop_key as shop_key7_6_,
        sellerenti0_.isgrant as isgrant2_6_,
        sellerenti0_.seller_id_email as seller_i3_6_,
        sellerenti0_.seller_name as seller_n4_6_,
        sellerenti0_.seller_password as seller_p5_6_,
        sellerenti0_.seller_phonenum as seller_p6_6_ 
    from
        seller sellerenti0_ 
    where
        sellerenti0_.seller_id_email=?
Hibernate: 
    select
        sellerenti0_.seller_key as seller_k1_6_,
        sellerenti0_.shop_key as shop_key7_6_,
        sellerenti0_.isgrant as isgrant2_6_,
        sellerenti0_.seller_id_email as seller_i3_6_,
        sellerenti0_.seller_name as seller_n4_6_,
        sellerenti0_.seller_password as seller_p5_6_,
        sellerenti0_.seller_phonenum as seller_p6_6_ 
    from
        seller sellerenti0_ 
    where
        sellerenti0_.seller_id_email=?
2023-11-22 02:24:12.942 TRACE 21144 --- [    Test worker] o.h.type.descriptor.sql.BasicBinder      : binding parameter [1] as [VARCHAR] - [wrongemail@gmail.com]
2023-11-22 02:24:12.965  INFO 21144 --- [    Test worker] o.s.t.c.transaction.TransactionContext   : Rolled back transaction for test: [DefaultTestContext@38614875 testClass = SellerServiceTest, testInstance = net.prescent.service.SellerServiceTest@303a484e, testMethod = loginFailureWrongIdTest@SellerServiceTest, testException = [null], mergedContextConfiguration = [WebMergedContextConfiguration@734eada1 testClass = SellerServiceTest, locations = '{}', classes = '{class net.prescent.PreScentApplication}', contextInitializerClasses = '[]', activeProfiles = '{}', propertySourceLocations = '{}', propertySourceProperties = '{org.springframework.boot.test.context.SpringBootTestContextBootstrapper=true}', contextCustomizers = set[org.springframework.boot.test.autoconfigure.actuate.metrics.MetricsExportContextCustomizerFactory$DisableMetricExportContextCustomizer@160ac7fb, org.springframework.boot.test.autoconfigure.properties.PropertyMappingContextCustomizer@0, org.springframework.boot.test.autoconfigure.web.servlet.WebDriverContextCustomizerFactory$Customizer@62dae540, org.springframework.boot.test.context.filter.ExcludeFilterContextCustomizer@636e8cc, org.springframework.boot.test.json.DuplicateJsonObjectContextCustomizerFactory$DuplicateJsonObjectContextCustomizer@619bfe29, org.springframework.boot.test.mock.mockito.MockitoContextCustomizer@0, org.springframework.boot.test.web.client.TestRestTemplateContextCustomizer@485a3466, org.springframework.boot.test.context.SpringBootTestArgs@1, org.springframework.boot.test.context.SpringBootTestWebEnvironment@748741cb], resourceBasePath = 'src/main/webapp', contextLoader = 'org.springframework.boot.test.context.SpringBootContextLoader', parent = [null]], attributes = map['org.springframework.test.context.web.ServletTestExecutionListener.activateListener' -> true, 'org.springframework.test.context.web.ServletTestExecutionListener.populatedRequestContextHolder' -> true, 'org.springframework.test.context.web.ServletTestExecutionListener.resetRequestContextHolder' -> true, 'org.springframework.test.context.event.ApplicationEventsTestExecutionListener.recordApplicationEvents' -> false]]
]]></system-out>
  <system-err><![CDATA[]]></system-err>
</testsuite>
