<?xml version="1.0" encoding="UTF-8"?>
<testsuite name="net.prescent.service.CustomerServiceTest" tests="2" skipped="0" failures="0" errors="0" timestamp="2023-11-30T06:59:16" hostname="LAPTOP-Q5F6TAOM" time="0.697">
  <properties/>
  <testcase name="고객/ 회원가입 테스트" classname="net.prescent.service.CustomerServiceTest" time="0.549"/>
  <testcase name="고객/ 중복 이메일 가입 테스트" classname="net.prescent.service.CustomerServiceTest" time="0.147"/>
  <system-out><![CDATA[2023-11-30 15:59:16.093  INFO 19208 --- [    Test worker] .b.t.c.SpringBootTestContextBootstrapper : Neither @ContextConfiguration nor @ContextHierarchy found for test class [net.prescent.service.CustomerServiceTest], using SpringBootContextLoader
2023-11-30 15:59:16.095  INFO 19208 --- [    Test worker] o.s.t.c.support.AbstractContextLoader    : Could not detect default resource locations for test class [net.prescent.service.CustomerServiceTest]: no resource found for suffixes {-context.xml, Context.groovy}.
2023-11-30 15:59:16.095  INFO 19208 --- [    Test worker] t.c.s.AnnotationConfigContextLoaderUtils : Could not detect default configuration classes for test class [net.prescent.service.CustomerServiceTest]: CustomerServiceTest does not declare any static, non-private, non-final, nested classes annotated with @Configuration.
2023-11-30 15:59:16.102  INFO 19208 --- [    Test worker] .b.t.c.SpringBootTestContextBootstrapper : Found @SpringBootConfiguration net.prescent.PreScentApplication for test class net.prescent.service.CustomerServiceTest
2023-11-30 15:59:16.104  INFO 19208 --- [    Test worker] .b.t.c.SpringBootTestContextBootstrapper : Loaded default TestExecutionListener class names from location [META-INF/spring.factories]: [org.springframework.security.test.context.support.WithSecurityContextTestExecutionListener, org.springframework.security.test.context.support.ReactorContextTestExecutionListener, org.springframework.boot.test.autoconfigure.restdocs.RestDocsTestExecutionListener, org.springframework.boot.test.autoconfigure.web.client.MockRestServiceServerResetTestExecutionListener, org.springframework.boot.test.autoconfigure.web.servlet.MockMvcPrintOnlyOnFailureTestExecutionListener, org.springframework.boot.test.autoconfigure.web.servlet.WebDriverTestExecutionListener, org.springframework.boot.test.autoconfigure.webservices.client.MockWebServiceServerTestExecutionListener, org.springframework.boot.test.mock.mockito.MockitoTestExecutionListener, org.springframework.boot.test.mock.mockito.ResetMocksTestExecutionListener, org.springframework.test.context.web.ServletTestExecutionListener, org.springframework.test.context.support.DirtiesContextBeforeModesTestExecutionListener, org.springframework.test.context.event.ApplicationEventsTestExecutionListener, org.springframework.test.context.support.DependencyInjectionTestExecutionListener, org.springframework.test.context.support.DirtiesContextTestExecutionListener, org.springframework.test.context.transaction.TransactionalTestExecutionListener, org.springframework.test.context.jdbc.SqlScriptsTestExecutionListener, org.springframework.test.context.event.EventPublishingTestExecutionListener]
2023-11-30 15:59:16.105  INFO 19208 --- [    Test worker] .b.t.c.SpringBootTestContextBootstrapper : Using TestExecutionListeners: [org.springframework.test.context.web.ServletTestExecutionListener@ece7204, org.springframework.test.context.support.DirtiesContextBeforeModesTestExecutionListener@22c4151b, org.springframework.test.context.event.ApplicationEventsTestExecutionListener@2c3df478, org.springframework.boot.test.mock.mockito.MockitoTestExecutionListener@3be88cbf, org.springframework.boot.test.autoconfigure.SpringBootDependencyInjectionTestExecutionListener@46cb9794, org.springframework.test.context.support.DirtiesContextTestExecutionListener@44252e9b, org.springframework.test.context.transaction.TransactionalTestExecutionListener@7f88c53, org.springframework.test.context.jdbc.SqlScriptsTestExecutionListener@788a7567, org.springframework.security.test.context.support.WithSecurityContextTestExecutionListener@62672ad5, org.springframework.test.context.event.EventPublishingTestExecutionListener@f5b81f4, org.springframework.security.test.context.support.ReactorContextTestExecutionListener@4c020e58, org.springframework.boot.test.autoconfigure.restdocs.RestDocsTestExecutionListener@67887bf2, org.springframework.boot.test.autoconfigure.web.client.MockRestServiceServerResetTestExecutionListener@3ce2c454, org.springframework.boot.test.autoconfigure.web.servlet.MockMvcPrintOnlyOnFailureTestExecutionListener@6f65b61d, org.springframework.boot.test.autoconfigure.web.servlet.WebDriverTestExecutionListener@33c91567, org.springframework.boot.test.autoconfigure.webservices.client.MockWebServiceServerTestExecutionListener@17baaf07, org.springframework.boot.test.mock.mockito.ResetMocksTestExecutionListener@3d5009c0]
2023-11-30 15:59:16.155  INFO 19208 --- [    Test worker] o.s.t.c.transaction.TransactionContext   : Began transaction (1) for test context [DefaultTestContext@89017e5 testClass = CustomerServiceTest, testInstance = net.prescent.service.CustomerServiceTest@6426ad0b, testMethod = signupCustomerTest@CustomerServiceTest, testException = [null], mergedContextConfiguration = [WebMergedContextConfiguration@a9f7cf8 testClass = CustomerServiceTest, locations = '{}', classes = '{class net.prescent.PreScentApplication}', contextInitializerClasses = '[]', activeProfiles = '{}', propertySourceLocations = '{}', propertySourceProperties = '{org.springframework.boot.test.context.SpringBootTestContextBootstrapper=true}', contextCustomizers = set[org.springframework.boot.test.autoconfigure.actuate.metrics.MetricsExportContextCustomizerFactory$DisableMetricExportContextCustomizer@5d018107, org.springframework.boot.test.autoconfigure.properties.PropertyMappingContextCustomizer@0, org.springframework.boot.test.autoconfigure.web.servlet.WebDriverContextCustomizerFactory$Customizer@458342d3, org.springframework.boot.test.context.filter.ExcludeFilterContextCustomizer@51e8e6e6, org.springframework.boot.test.json.DuplicateJsonObjectContextCustomizerFactory$DuplicateJsonObjectContextCustomizer@2dbf4cbd, org.springframework.boot.test.mock.mockito.MockitoContextCustomizer@0, org.springframework.boot.test.web.client.TestRestTemplateContextCustomizer@69637b10, org.springframework.boot.test.web.reactive.server.WebTestClientContextCustomizer@470a696f, org.springframework.boot.test.context.SpringBootTestArgs@1, org.springframework.boot.test.context.SpringBootTestWebEnvironment@68f1b17f], resourceBasePath = 'src/main/webapp', contextLoader = 'org.springframework.boot.test.context.SpringBootContextLoader', parent = [null]], attributes = map['org.springframework.test.context.web.ServletTestExecutionListener.activateListener' -> true, 'org.springframework.test.context.web.ServletTestExecutionListener.populatedRequestContextHolder' -> true, 'org.springframework.test.context.web.ServletTestExecutionListener.resetRequestContextHolder' -> true, 'org.springframework.test.context.event.ApplicationEventsTestExecutionListener.recordApplicationEvents' -> false]]; transaction manager [org.springframework.orm.jpa.JpaTransactionManager@58df431e]; rollback [true]
2023-11-30 15:59:16.318 DEBUG 19208 --- [    Test worker] org.hibernate.SQL                        : 
    delete 
    from
        customer
Hibernate: 
    delete 
    from
        customer
2023-11-30 15:59:16.387 DEBUG 19208 --- [    Test worker] org.hibernate.SQL                        : 
    select
        customeren0_.customer_key as customer1_3_,
        customeren0_.cart_id as cart_id7_3_,
        customeren0_.customer_id_email as customer2_3_,
        customeren0_.customer_location as customer3_3_,
        customeren0_.customer_name as customer4_3_,
        customeren0_.customer_password as customer5_3_,
        customeren0_.customer_phonenum as customer6_3_ 
    from
        customer customeren0_ 
    where
        customeren0_.customer_id_email=?
Hibernate: 
    select
        customeren0_.customer_key as customer1_3_,
        customeren0_.cart_id as cart_id7_3_,
        customeren0_.customer_id_email as customer2_3_,
        customeren0_.customer_location as customer3_3_,
        customeren0_.customer_name as customer4_3_,
        customeren0_.customer_password as customer5_3_,
        customeren0_.customer_phonenum as customer6_3_ 
    from
        customer customeren0_ 
    where
        customeren0_.customer_id_email=?
2023-11-30 15:59:16.392 TRACE 19208 --- [    Test worker] o.h.type.descriptor.sql.BasicBinder      : binding parameter [1] as [VARCHAR] - [ajou.gmail.com]
2023-11-30 15:59:16.522 DEBUG 19208 --- [    Test worker] org.hibernate.SQL                        : 
    insert 
    into
        customer
        (cart_id, customer_id_email, customer_location, customer_name, customer_password, customer_phonenum) 
    values
        (?, ?, ?, ?, ?, ?)
Hibernate: 
    insert 
    into
        customer
        (cart_id, customer_id_email, customer_location, customer_name, customer_password, customer_phonenum) 
    values
        (?, ?, ?, ?, ?, ?)
2023-11-30 15:59:16.524 TRACE 19208 --- [    Test worker] o.h.type.descriptor.sql.BasicBinder      : binding parameter [1] as [INTEGER] - [null]
2023-11-30 15:59:16.525 TRACE 19208 --- [    Test worker] o.h.type.descriptor.sql.BasicBinder      : binding parameter [2] as [VARCHAR] - [ajou.gmail.com]
2023-11-30 15:59:16.525 TRACE 19208 --- [    Test worker] o.h.type.descriptor.sql.BasicBinder      : binding parameter [3] as [VARCHAR] - [null]
2023-11-30 15:59:16.525 TRACE 19208 --- [    Test worker] o.h.type.descriptor.sql.BasicBinder      : binding parameter [4] as [VARCHAR] - [suhyeon]
2023-11-30 15:59:16.525 TRACE 19208 --- [    Test worker] o.h.type.descriptor.sql.BasicBinder      : binding parameter [5] as [VARCHAR] - [$2a$10$38lfMZFDaaaPb4Jj5aJkQu.Gpg7PR0UbUoceGTmGUgQreq6lr15Py]
2023-11-30 15:59:16.525 TRACE 19208 --- [    Test worker] o.h.type.descriptor.sql.BasicBinder      : binding parameter [6] as [VARCHAR] - [010-1111-2222]
2023-11-30 15:59:16.551 DEBUG 19208 --- [    Test worker] org.hibernate.SQL                        : 
    select
        customeren0_.customer_key as customer1_3_,
        customeren0_.cart_id as cart_id7_3_,
        customeren0_.customer_id_email as customer2_3_,
        customeren0_.customer_location as customer3_3_,
        customeren0_.customer_name as customer4_3_,
        customeren0_.customer_password as customer5_3_,
        customeren0_.customer_phonenum as customer6_3_ 
    from
        customer customeren0_ 
    where
        customeren0_.customer_id_email=?
Hibernate: 
    select
        customeren0_.customer_key as customer1_3_,
        customeren0_.cart_id as cart_id7_3_,
        customeren0_.customer_id_email as customer2_3_,
        customeren0_.customer_location as customer3_3_,
        customeren0_.customer_name as customer4_3_,
        customeren0_.customer_password as customer5_3_,
        customeren0_.customer_phonenum as customer6_3_ 
    from
        customer customeren0_ 
    where
        customeren0_.customer_id_email=?
2023-11-30 15:59:16.553 TRACE 19208 --- [    Test worker] o.h.type.descriptor.sql.BasicBinder      : binding parameter [1] as [VARCHAR] - [ajou.gmail.com]
2023-11-30 15:59:16.665  INFO 19208 --- [    Test worker] o.s.t.c.transaction.TransactionContext   : Rolled back transaction for test: [DefaultTestContext@89017e5 testClass = CustomerServiceTest, testInstance = net.prescent.service.CustomerServiceTest@6426ad0b, testMethod = signupCustomerTest@CustomerServiceTest, testException = [null], mergedContextConfiguration = [WebMergedContextConfiguration@a9f7cf8 testClass = CustomerServiceTest, locations = '{}', classes = '{class net.prescent.PreScentApplication}', contextInitializerClasses = '[]', activeProfiles = '{}', propertySourceLocations = '{}', propertySourceProperties = '{org.springframework.boot.test.context.SpringBootTestContextBootstrapper=true}', contextCustomizers = set[org.springframework.boot.test.autoconfigure.actuate.metrics.MetricsExportContextCustomizerFactory$DisableMetricExportContextCustomizer@5d018107, org.springframework.boot.test.autoconfigure.properties.PropertyMappingContextCustomizer@0, org.springframework.boot.test.autoconfigure.web.servlet.WebDriverContextCustomizerFactory$Customizer@458342d3, org.springframework.boot.test.context.filter.ExcludeFilterContextCustomizer@51e8e6e6, org.springframework.boot.test.json.DuplicateJsonObjectContextCustomizerFactory$DuplicateJsonObjectContextCustomizer@2dbf4cbd, org.springframework.boot.test.mock.mockito.MockitoContextCustomizer@0, org.springframework.boot.test.web.client.TestRestTemplateContextCustomizer@69637b10, org.springframework.boot.test.web.reactive.server.WebTestClientContextCustomizer@470a696f, org.springframework.boot.test.context.SpringBootTestArgs@1, org.springframework.boot.test.context.SpringBootTestWebEnvironment@68f1b17f], resourceBasePath = 'src/main/webapp', contextLoader = 'org.springframework.boot.test.context.SpringBootContextLoader', parent = [null]], attributes = map['org.springframework.test.context.web.ServletTestExecutionListener.activateListener' -> true, 'org.springframework.test.context.web.ServletTestExecutionListener.populatedRequestContextHolder' -> true, 'org.springframework.test.context.web.ServletTestExecutionListener.resetRequestContextHolder' -> true, 'org.springframework.test.context.event.ApplicationEventsTestExecutionListener.recordApplicationEvents' -> false]]
2023-11-30 15:59:16.677  INFO 19208 --- [    Test worker] o.s.t.c.transaction.TransactionContext   : Began transaction (1) for test context [DefaultTestContext@89017e5 testClass = CustomerServiceTest, testInstance = net.prescent.service.CustomerServiceTest@5b5f48d5, testMethod = saveDuplicateCustomerTest@CustomerServiceTest, testException = [null], mergedContextConfiguration = [WebMergedContextConfiguration@a9f7cf8 testClass = CustomerServiceTest, locations = '{}', classes = '{class net.prescent.PreScentApplication}', contextInitializerClasses = '[]', activeProfiles = '{}', propertySourceLocations = '{}', propertySourceProperties = '{org.springframework.boot.test.context.SpringBootTestContextBootstrapper=true}', contextCustomizers = set[org.springframework.boot.test.autoconfigure.actuate.metrics.MetricsExportContextCustomizerFactory$DisableMetricExportContextCustomizer@5d018107, org.springframework.boot.test.autoconfigure.properties.PropertyMappingContextCustomizer@0, org.springframework.boot.test.autoconfigure.web.servlet.WebDriverContextCustomizerFactory$Customizer@458342d3, org.springframework.boot.test.context.filter.ExcludeFilterContextCustomizer@51e8e6e6, org.springframework.boot.test.json.DuplicateJsonObjectContextCustomizerFactory$DuplicateJsonObjectContextCustomizer@2dbf4cbd, org.springframework.boot.test.mock.mockito.MockitoContextCustomizer@0, org.springframework.boot.test.web.client.TestRestTemplateContextCustomizer@69637b10, org.springframework.boot.test.web.reactive.server.WebTestClientContextCustomizer@470a696f, org.springframework.boot.test.context.SpringBootTestArgs@1, org.springframework.boot.test.context.SpringBootTestWebEnvironment@68f1b17f], resourceBasePath = 'src/main/webapp', contextLoader = 'org.springframework.boot.test.context.SpringBootContextLoader', parent = [null]], attributes = map['org.springframework.test.context.web.ServletTestExecutionListener.activateListener' -> true, 'org.springframework.test.context.web.ServletTestExecutionListener.populatedRequestContextHolder' -> true, 'org.springframework.test.context.web.ServletTestExecutionListener.resetRequestContextHolder' -> true, 'org.springframework.test.context.event.ApplicationEventsTestExecutionListener.recordApplicationEvents' -> false]]; transaction manager [org.springframework.orm.jpa.JpaTransactionManager@58df431e]; rollback [true]
2023-11-30 15:59:16.681 DEBUG 19208 --- [    Test worker] org.hibernate.SQL                        : 
    delete 
    from
        customer
Hibernate: 
    delete 
    from
        customer
2023-11-30 15:59:16.692 DEBUG 19208 --- [    Test worker] org.hibernate.SQL                        : 
    select
        customeren0_.customer_key as customer1_3_,
        customeren0_.cart_id as cart_id7_3_,
        customeren0_.customer_id_email as customer2_3_,
        customeren0_.customer_location as customer3_3_,
        customeren0_.customer_name as customer4_3_,
        customeren0_.customer_password as customer5_3_,
        customeren0_.customer_phonenum as customer6_3_ 
    from
        customer customeren0_ 
    where
        customeren0_.customer_id_email=?
Hibernate: 
    select
        customeren0_.customer_key as customer1_3_,
        customeren0_.cart_id as cart_id7_3_,
        customeren0_.customer_id_email as customer2_3_,
        customeren0_.customer_location as customer3_3_,
        customeren0_.customer_name as customer4_3_,
        customeren0_.customer_password as customer5_3_,
        customeren0_.customer_phonenum as customer6_3_ 
    from
        customer customeren0_ 
    where
        customeren0_.customer_id_email=?
2023-11-30 15:59:16.693 TRACE 19208 --- [    Test worker] o.h.type.descriptor.sql.BasicBinder      : binding parameter [1] as [VARCHAR] - [ajou.gmail.com]
2023-11-30 15:59:16.770 DEBUG 19208 --- [    Test worker] org.hibernate.SQL                        : 
    insert 
    into
        customer
        (cart_id, customer_id_email, customer_location, customer_name, customer_password, customer_phonenum) 
    values
        (?, ?, ?, ?, ?, ?)
Hibernate: 
    insert 
    into
        customer
        (cart_id, customer_id_email, customer_location, customer_name, customer_password, customer_phonenum) 
    values
        (?, ?, ?, ?, ?, ?)
2023-11-30 15:59:16.771 TRACE 19208 --- [    Test worker] o.h.type.descriptor.sql.BasicBinder      : binding parameter [1] as [INTEGER] - [null]
2023-11-30 15:59:16.772 TRACE 19208 --- [    Test worker] o.h.type.descriptor.sql.BasicBinder      : binding parameter [2] as [VARCHAR] - [ajou.gmail.com]
2023-11-30 15:59:16.772 TRACE 19208 --- [    Test worker] o.h.type.descriptor.sql.BasicBinder      : binding parameter [3] as [VARCHAR] - [null]
2023-11-30 15:59:16.772 TRACE 19208 --- [    Test worker] o.h.type.descriptor.sql.BasicBinder      : binding parameter [4] as [VARCHAR] - [suhyeon]
2023-11-30 15:59:16.772 TRACE 19208 --- [    Test worker] o.h.type.descriptor.sql.BasicBinder      : binding parameter [5] as [VARCHAR] - [$2a$10$uYJ9aay2gFc6ZX7eyY00eeIf5bKBuw2bJksLTPB1vuWepPkLErv1W]
2023-11-30 15:59:16.773 TRACE 19208 --- [    Test worker] o.h.type.descriptor.sql.BasicBinder      : binding parameter [6] as [VARCHAR] - [010-1111-2222]
2023-11-30 15:59:16.785 DEBUG 19208 --- [    Test worker] org.hibernate.SQL                        : 
    select
        customeren0_.customer_key as customer1_3_,
        customeren0_.cart_id as cart_id7_3_,
        customeren0_.customer_id_email as customer2_3_,
        customeren0_.customer_location as customer3_3_,
        customeren0_.customer_name as customer4_3_,
        customeren0_.customer_password as customer5_3_,
        customeren0_.customer_phonenum as customer6_3_ 
    from
        customer customeren0_ 
    where
        customeren0_.customer_id_email=?
Hibernate: 
    select
        customeren0_.customer_key as customer1_3_,
        customeren0_.cart_id as cart_id7_3_,
        customeren0_.customer_id_email as customer2_3_,
        customeren0_.customer_location as customer3_3_,
        customeren0_.customer_name as customer4_3_,
        customeren0_.customer_password as customer5_3_,
        customeren0_.customer_phonenum as customer6_3_ 
    from
        customer customeren0_ 
    where
        customeren0_.customer_id_email=?
2023-11-30 15:59:16.787 TRACE 19208 --- [    Test worker] o.h.type.descriptor.sql.BasicBinder      : binding parameter [1] as [VARCHAR] - [ajou.gmail.com]
2023-11-30 15:59:16.813  INFO 19208 --- [    Test worker] o.s.t.c.transaction.TransactionContext   : Rolled back transaction for test: [DefaultTestContext@89017e5 testClass = CustomerServiceTest, testInstance = net.prescent.service.CustomerServiceTest@5b5f48d5, testMethod = saveDuplicateCustomerTest@CustomerServiceTest, testException = [null], mergedContextConfiguration = [WebMergedContextConfiguration@a9f7cf8 testClass = CustomerServiceTest, locations = '{}', classes = '{class net.prescent.PreScentApplication}', contextInitializerClasses = '[]', activeProfiles = '{}', propertySourceLocations = '{}', propertySourceProperties = '{org.springframework.boot.test.context.SpringBootTestContextBootstrapper=true}', contextCustomizers = set[org.springframework.boot.test.autoconfigure.actuate.metrics.MetricsExportContextCustomizerFactory$DisableMetricExportContextCustomizer@5d018107, org.springframework.boot.test.autoconfigure.properties.PropertyMappingContextCustomizer@0, org.springframework.boot.test.autoconfigure.web.servlet.WebDriverContextCustomizerFactory$Customizer@458342d3, org.springframework.boot.test.context.filter.ExcludeFilterContextCustomizer@51e8e6e6, org.springframework.boot.test.json.DuplicateJsonObjectContextCustomizerFactory$DuplicateJsonObjectContextCustomizer@2dbf4cbd, org.springframework.boot.test.mock.mockito.MockitoContextCustomizer@0, org.springframework.boot.test.web.client.TestRestTemplateContextCustomizer@69637b10, org.springframework.boot.test.web.reactive.server.WebTestClientContextCustomizer@470a696f, org.springframework.boot.test.context.SpringBootTestArgs@1, org.springframework.boot.test.context.SpringBootTestWebEnvironment@68f1b17f], resourceBasePath = 'src/main/webapp', contextLoader = 'org.springframework.boot.test.context.SpringBootContextLoader', parent = [null]], attributes = map['org.springframework.test.context.web.ServletTestExecutionListener.activateListener' -> true, 'org.springframework.test.context.web.ServletTestExecutionListener.populatedRequestContextHolder' -> true, 'org.springframework.test.context.web.ServletTestExecutionListener.resetRequestContextHolder' -> true, 'org.springframework.test.context.event.ApplicationEventsTestExecutionListener.recordApplicationEvents' -> false]]
]]></system-out>
  <system-err><![CDATA[]]></system-err>
</testsuite>
