<?xml version="1.0" encoding="UTF-8"?>
<testsuite name="net.prescent.service.SellerServiceTest" tests="6" skipped="0" failures="0" errors="0" timestamp="2023-11-21T16:56:22" hostname="LAPTOP-Q5F6TAOM" time="1.187">
  <properties/>
  <testcase name="판매자 회원가입 테스트" classname="net.prescent.service.SellerServiceTest" time="0.207"/>
  <testcase name="중복 사업자번호 가입 테스트" classname="net.prescent.service.SellerServiceTest" time="0.135"/>
  <testcase name="판매자 로그아웃 테스트" classname="net.prescent.service.SellerServiceTest" time="0.261"/>
  <testcase name="판매자 로그인 실패 - 잘못된 비밀번호 테스트" classname="net.prescent.service.SellerServiceTest" time="0.2"/>
  <testcase name="판매자 로그인 성공 테스트" classname="net.prescent.service.SellerServiceTest" time="0.229"/>
  <testcase name="판매자 로그인 실패 - 잘못된 Email 테스트" classname="net.prescent.service.SellerServiceTest" time="0.148"/>
  <system-out><![CDATA[2023-11-22 01:56:22.626  INFO 26500 --- [    Test worker] .b.t.c.SpringBootTestContextBootstrapper : Neither @ContextConfiguration nor @ContextHierarchy found for test class [net.prescent.service.SellerServiceTest], using SpringBootContextLoader
2023-11-22 01:56:22.628  INFO 26500 --- [    Test worker] o.s.t.c.support.AbstractContextLoader    : Could not detect default resource locations for test class [net.prescent.service.SellerServiceTest]: no resource found for suffixes {-context.xml, Context.groovy}.
2023-11-22 01:56:22.628  INFO 26500 --- [    Test worker] t.c.s.AnnotationConfigContextLoaderUtils : Could not detect default configuration classes for test class [net.prescent.service.SellerServiceTest]: SellerServiceTest does not declare any static, non-private, non-final, nested classes annotated with @Configuration.
2023-11-22 01:56:22.630  INFO 26500 --- [    Test worker] .b.t.c.SpringBootTestContextBootstrapper : Found @SpringBootConfiguration net.prescent.PreScentApplication for test class net.prescent.service.SellerServiceTest
2023-11-22 01:56:22.632  INFO 26500 --- [    Test worker] .b.t.c.SpringBootTestContextBootstrapper : Loaded default TestExecutionListener class names from location [META-INF/spring.factories]: [org.springframework.security.test.context.support.WithSecurityContextTestExecutionListener, org.springframework.security.test.context.support.ReactorContextTestExecutionListener, org.springframework.boot.test.autoconfigure.restdocs.RestDocsTestExecutionListener, org.springframework.boot.test.autoconfigure.web.client.MockRestServiceServerResetTestExecutionListener, org.springframework.boot.test.autoconfigure.web.servlet.MockMvcPrintOnlyOnFailureTestExecutionListener, org.springframework.boot.test.autoconfigure.web.servlet.WebDriverTestExecutionListener, org.springframework.boot.test.autoconfigure.webservices.client.MockWebServiceServerTestExecutionListener, org.springframework.boot.test.mock.mockito.MockitoTestExecutionListener, org.springframework.boot.test.mock.mockito.ResetMocksTestExecutionListener, org.springframework.test.context.web.ServletTestExecutionListener, org.springframework.test.context.support.DirtiesContextBeforeModesTestExecutionListener, org.springframework.test.context.event.ApplicationEventsTestExecutionListener, org.springframework.test.context.support.DependencyInjectionTestExecutionListener, org.springframework.test.context.support.DirtiesContextTestExecutionListener, org.springframework.test.context.transaction.TransactionalTestExecutionListener, org.springframework.test.context.jdbc.SqlScriptsTestExecutionListener, org.springframework.test.context.event.EventPublishingTestExecutionListener]
2023-11-22 01:56:22.633  INFO 26500 --- [    Test worker] .b.t.c.SpringBootTestContextBootstrapper : Using TestExecutionListeners: [org.springframework.test.context.web.ServletTestExecutionListener@4922dc84, org.springframework.test.context.support.DirtiesContextBeforeModesTestExecutionListener@2ed9e59b, org.springframework.test.context.event.ApplicationEventsTestExecutionListener@66790851, org.springframework.boot.test.mock.mockito.MockitoTestExecutionListener@3796ff4, org.springframework.boot.test.autoconfigure.SpringBootDependencyInjectionTestExecutionListener@5ce045e3, org.springframework.test.context.support.DirtiesContextTestExecutionListener@3df496d9, org.springframework.test.context.transaction.TransactionalTestExecutionListener@13e12ab6, org.springframework.test.context.jdbc.SqlScriptsTestExecutionListener@5bafe1f1, org.springframework.security.test.context.support.WithSecurityContextTestExecutionListener@5be783a, org.springframework.test.context.event.EventPublishingTestExecutionListener@1c65740a, org.springframework.security.test.context.support.ReactorContextTestExecutionListener@6cb59aa, org.springframework.boot.test.autoconfigure.restdocs.RestDocsTestExecutionListener@224f90eb, org.springframework.boot.test.autoconfigure.web.client.MockRestServiceServerResetTestExecutionListener@54464330, org.springframework.boot.test.autoconfigure.web.servlet.MockMvcPrintOnlyOnFailureTestExecutionListener@63b4a896, org.springframework.boot.test.autoconfigure.web.servlet.WebDriverTestExecutionListener@3feeab43, org.springframework.boot.test.autoconfigure.webservices.client.MockWebServiceServerTestExecutionListener@6178ac9d, org.springframework.boot.test.mock.mockito.ResetMocksTestExecutionListener@7413c41]
2023-11-22 01:56:22.643  INFO 26500 --- [    Test worker] o.s.t.c.transaction.TransactionContext   : Began transaction (1) for test context [DefaultTestContext@5e352e3a testClass = SellerServiceTest, testInstance = net.prescent.service.SellerServiceTest@1b26f006, testMethod = signupSellerTest@SellerServiceTest, testException = [null], mergedContextConfiguration = [WebMergedContextConfiguration@38a6ca39 testClass = SellerServiceTest, locations = '{}', classes = '{class net.prescent.PreScentApplication}', contextInitializerClasses = '[]', activeProfiles = '{}', propertySourceLocations = '{}', propertySourceProperties = '{org.springframework.boot.test.context.SpringBootTestContextBootstrapper=true}', contextCustomizers = set[org.springframework.boot.test.autoconfigure.actuate.metrics.MetricsExportContextCustomizerFactory$DisableMetricExportContextCustomizer@3f053c80, org.springframework.boot.test.autoconfigure.properties.PropertyMappingContextCustomizer@0, org.springframework.boot.test.autoconfigure.web.servlet.WebDriverContextCustomizerFactory$Customizer@636e8cc, org.springframework.boot.test.context.filter.ExcludeFilterContextCustomizer@619bfe29, org.springframework.boot.test.json.DuplicateJsonObjectContextCustomizerFactory$DuplicateJsonObjectContextCustomizer@2bef51f2, org.springframework.boot.test.mock.mockito.MockitoContextCustomizer@0, org.springframework.boot.test.web.client.TestRestTemplateContextCustomizer@5ad10c1a, org.springframework.boot.test.context.SpringBootTestArgs@1, org.springframework.boot.test.context.SpringBootTestWebEnvironment@20d7d6fb], resourceBasePath = 'src/main/webapp', contextLoader = 'org.springframework.boot.test.context.SpringBootContextLoader', parent = [null]], attributes = map['org.springframework.test.context.web.ServletTestExecutionListener.activateListener' -> true, 'org.springframework.test.context.web.ServletTestExecutionListener.populatedRequestContextHolder' -> true, 'org.springframework.test.context.web.ServletTestExecutionListener.resetRequestContextHolder' -> true, 'org.springframework.test.context.event.ApplicationEventsTestExecutionListener.recordApplicationEvents' -> false]]; transaction manager [org.springframework.orm.jpa.JpaTransactionManager@321302bc]; rollback [true]
2023-11-22 01:56:22.644 DEBUG 26500 --- [    Test worker] org.hibernate.SQL                        : 
    delete 
    from
        seller
Hibernate: 
    delete 
    from
        seller
2023-11-22 01:56:22.655 DEBUG 26500 --- [    Test worker] org.hibernate.SQL                        : 
    select
        sellerenti0_.seller_key as seller_k1_6_,
        sellerenti0_.shop_key as shop_key7_6_,
        sellerenti0_.isgrant as isgrant2_6_,
        sellerenti0_.seller_id_email as seller_i3_6_,
        sellerenti0_.seller_name as seller_n4_6_,
        sellerenti0_.seller_password as seller_p5_6_,
        sellerenti0_.seller_phonenum as seller_p6_6_ 
    from
        seller sellerenti0_ 
    where
        sellerenti0_.seller_key=?
Hibernate: 
    select
        sellerenti0_.seller_key as seller_k1_6_,
        sellerenti0_.shop_key as shop_key7_6_,
        sellerenti0_.isgrant as isgrant2_6_,
        sellerenti0_.seller_id_email as seller_i3_6_,
        sellerenti0_.seller_name as seller_n4_6_,
        sellerenti0_.seller_password as seller_p5_6_,
        sellerenti0_.seller_phonenum as seller_p6_6_ 
    from
        seller sellerenti0_ 
    where
        sellerenti0_.seller_key=?
2023-11-22 01:56:22.655 TRACE 26500 --- [    Test worker] o.h.type.descriptor.sql.BasicBinder      : binding parameter [1] as [INTEGER] - [123456789]
2023-11-22 01:56:22.737 DEBUG 26500 --- [    Test worker] org.hibernate.SQL                        : 
    select
        sellerenti0_.seller_key as seller_k1_6_0_,
        sellerenti0_.shop_key as shop_key7_6_0_,
        sellerenti0_.isgrant as isgrant2_6_0_,
        sellerenti0_.seller_id_email as seller_i3_6_0_,
        sellerenti0_.seller_name as seller_n4_6_0_,
        sellerenti0_.seller_password as seller_p5_6_0_,
        sellerenti0_.seller_phonenum as seller_p6_6_0_ 
    from
        seller sellerenti0_ 
    where
        sellerenti0_.seller_key=?
Hibernate: 
    select
        sellerenti0_.seller_key as seller_k1_6_0_,
        sellerenti0_.shop_key as shop_key7_6_0_,
        sellerenti0_.isgrant as isgrant2_6_0_,
        sellerenti0_.seller_id_email as seller_i3_6_0_,
        sellerenti0_.seller_name as seller_n4_6_0_,
        sellerenti0_.seller_password as seller_p5_6_0_,
        sellerenti0_.seller_phonenum as seller_p6_6_0_ 
    from
        seller sellerenti0_ 
    where
        sellerenti0_.seller_key=?
2023-11-22 01:56:22.738 TRACE 26500 --- [    Test worker] o.h.type.descriptor.sql.BasicBinder      : binding parameter [1] as [INTEGER] - [123456789]
2023-11-22 01:56:22.746 DEBUG 26500 --- [    Test worker] org.hibernate.SQL                        : 
    insert 
    into
        seller
        (shop_key, isgrant, seller_id_email, seller_name, seller_password, seller_phonenum, seller_key) 
    values
        (?, ?, ?, ?, ?, ?, ?)
Hibernate: 
    insert 
    into
        seller
        (shop_key, isgrant, seller_id_email, seller_name, seller_password, seller_phonenum, seller_key) 
    values
        (?, ?, ?, ?, ?, ?, ?)
2023-11-22 01:56:22.747 TRACE 26500 --- [    Test worker] o.h.type.descriptor.sql.BasicBinder      : binding parameter [1] as [INTEGER] - [null]
2023-11-22 01:56:22.747 TRACE 26500 --- [    Test worker] o.h.type.descriptor.sql.BasicBinder      : binding parameter [2] as [INTEGER] - [null]
2023-11-22 01:56:22.747 TRACE 26500 --- [    Test worker] o.h.type.descriptor.sql.BasicBinder      : binding parameter [3] as [VARCHAR] - [ajou@gmail.com]
2023-11-22 01:56:22.747 TRACE 26500 --- [    Test worker] o.h.type.descriptor.sql.BasicBinder      : binding parameter [4] as [VARCHAR] - [suhyeon]
2023-11-22 01:56:22.747 TRACE 26500 --- [    Test worker] o.h.type.descriptor.sql.BasicBinder      : binding parameter [5] as [VARCHAR] - [$2a$10$zn87FySzmIR62GgAGelPm.vjyIXtZnp03k3MnGSdtZ1DASnhye2IW]
2023-11-22 01:56:22.747 TRACE 26500 --- [    Test worker] o.h.type.descriptor.sql.BasicBinder      : binding parameter [6] as [VARCHAR] - [010-1111-2222]
2023-11-22 01:56:22.747 TRACE 26500 --- [    Test worker] o.h.type.descriptor.sql.BasicBinder      : binding parameter [7] as [INTEGER] - [123456789]
2023-11-22 01:56:22.755 DEBUG 26500 --- [    Test worker] org.hibernate.SQL                        : 
    select
        sellerenti0_.seller_key as seller_k1_6_,
        sellerenti0_.shop_key as shop_key7_6_,
        sellerenti0_.isgrant as isgrant2_6_,
        sellerenti0_.seller_id_email as seller_i3_6_,
        sellerenti0_.seller_name as seller_n4_6_,
        sellerenti0_.seller_password as seller_p5_6_,
        sellerenti0_.seller_phonenum as seller_p6_6_ 
    from
        seller sellerenti0_ 
    where
        sellerenti0_.seller_id_email=?
Hibernate: 
    select
        sellerenti0_.seller_key as seller_k1_6_,
        sellerenti0_.shop_key as shop_key7_6_,
        sellerenti0_.isgrant as isgrant2_6_,
        sellerenti0_.seller_id_email as seller_i3_6_,
        sellerenti0_.seller_name as seller_n4_6_,
        sellerenti0_.seller_password as seller_p5_6_,
        sellerenti0_.seller_phonenum as seller_p6_6_ 
    from
        seller sellerenti0_ 
    where
        sellerenti0_.seller_id_email=?
2023-11-22 01:56:22.755 TRACE 26500 --- [    Test worker] o.h.type.descriptor.sql.BasicBinder      : binding parameter [1] as [VARCHAR] - [ajou@gmail.com]
2023-11-22 01:56:22.843  INFO 26500 --- [    Test worker] o.s.t.c.transaction.TransactionContext   : Rolled back transaction for test: [DefaultTestContext@5e352e3a testClass = SellerServiceTest, testInstance = net.prescent.service.SellerServiceTest@1b26f006, testMethod = signupSellerTest@SellerServiceTest, testException = [null], mergedContextConfiguration = [WebMergedContextConfiguration@38a6ca39 testClass = SellerServiceTest, locations = '{}', classes = '{class net.prescent.PreScentApplication}', contextInitializerClasses = '[]', activeProfiles = '{}', propertySourceLocations = '{}', propertySourceProperties = '{org.springframework.boot.test.context.SpringBootTestContextBootstrapper=true}', contextCustomizers = set[org.springframework.boot.test.autoconfigure.actuate.metrics.MetricsExportContextCustomizerFactory$DisableMetricExportContextCustomizer@3f053c80, org.springframework.boot.test.autoconfigure.properties.PropertyMappingContextCustomizer@0, org.springframework.boot.test.autoconfigure.web.servlet.WebDriverContextCustomizerFactory$Customizer@636e8cc, org.springframework.boot.test.context.filter.ExcludeFilterContextCustomizer@619bfe29, org.springframework.boot.test.json.DuplicateJsonObjectContextCustomizerFactory$DuplicateJsonObjectContextCustomizer@2bef51f2, org.springframework.boot.test.mock.mockito.MockitoContextCustomizer@0, org.springframework.boot.test.web.client.TestRestTemplateContextCustomizer@5ad10c1a, org.springframework.boot.test.context.SpringBootTestArgs@1, org.springframework.boot.test.context.SpringBootTestWebEnvironment@20d7d6fb], resourceBasePath = 'src/main/webapp', contextLoader = 'org.springframework.boot.test.context.SpringBootContextLoader', parent = [null]], attributes = map['org.springframework.test.context.web.ServletTestExecutionListener.activateListener' -> true, 'org.springframework.test.context.web.ServletTestExecutionListener.populatedRequestContextHolder' -> true, 'org.springframework.test.context.web.ServletTestExecutionListener.resetRequestContextHolder' -> true, 'org.springframework.test.context.event.ApplicationEventsTestExecutionListener.recordApplicationEvents' -> false]]
2023-11-22 01:56:22.852  INFO 26500 --- [    Test worker] o.s.t.c.transaction.TransactionContext   : Began transaction (1) for test context [DefaultTestContext@5e352e3a testClass = SellerServiceTest, testInstance = net.prescent.service.SellerServiceTest@565fa7d2, testMethod = signupDuplicateSellerKeyTest@SellerServiceTest, testException = [null], mergedContextConfiguration = [WebMergedContextConfiguration@38a6ca39 testClass = SellerServiceTest, locations = '{}', classes = '{class net.prescent.PreScentApplication}', contextInitializerClasses = '[]', activeProfiles = '{}', propertySourceLocations = '{}', propertySourceProperties = '{org.springframework.boot.test.context.SpringBootTestContextBootstrapper=true}', contextCustomizers = set[org.springframework.boot.test.autoconfigure.actuate.metrics.MetricsExportContextCustomizerFactory$DisableMetricExportContextCustomizer@3f053c80, org.springframework.boot.test.autoconfigure.properties.PropertyMappingContextCustomizer@0, org.springframework.boot.test.autoconfigure.web.servlet.WebDriverContextCustomizerFactory$Customizer@636e8cc, org.springframework.boot.test.context.filter.ExcludeFilterContextCustomizer@619bfe29, org.springframework.boot.test.json.DuplicateJsonObjectContextCustomizerFactory$DuplicateJsonObjectContextCustomizer@2bef51f2, org.springframework.boot.test.mock.mockito.MockitoContextCustomizer@0, org.springframework.boot.test.web.client.TestRestTemplateContextCustomizer@5ad10c1a, org.springframework.boot.test.context.SpringBootTestArgs@1, org.springframework.boot.test.context.SpringBootTestWebEnvironment@20d7d6fb], resourceBasePath = 'src/main/webapp', contextLoader = 'org.springframework.boot.test.context.SpringBootContextLoader', parent = [null]], attributes = map['org.springframework.test.context.web.ServletTestExecutionListener.activateListener' -> true, 'org.springframework.test.context.web.ServletTestExecutionListener.populatedRequestContextHolder' -> true, 'org.springframework.test.context.web.ServletTestExecutionListener.resetRequestContextHolder' -> true, 'org.springframework.test.context.event.ApplicationEventsTestExecutionListener.recordApplicationEvents' -> false]]; transaction manager [org.springframework.orm.jpa.JpaTransactionManager@321302bc]; rollback [true]
2023-11-22 01:56:22.855 DEBUG 26500 --- [    Test worker] org.hibernate.SQL                        : 
    delete 
    from
        seller
Hibernate: 
    delete 
    from
        seller
2023-11-22 01:56:22.863 DEBUG 26500 --- [    Test worker] org.hibernate.SQL                        : 
    select
        sellerenti0_.seller_key as seller_k1_6_,
        sellerenti0_.shop_key as shop_key7_6_,
        sellerenti0_.isgrant as isgrant2_6_,
        sellerenti0_.seller_id_email as seller_i3_6_,
        sellerenti0_.seller_name as seller_n4_6_,
        sellerenti0_.seller_password as seller_p5_6_,
        sellerenti0_.seller_phonenum as seller_p6_6_ 
    from
        seller sellerenti0_ 
    where
        sellerenti0_.seller_key=?
Hibernate: 
    select
        sellerenti0_.seller_key as seller_k1_6_,
        sellerenti0_.shop_key as shop_key7_6_,
        sellerenti0_.isgrant as isgrant2_6_,
        sellerenti0_.seller_id_email as seller_i3_6_,
        sellerenti0_.seller_name as seller_n4_6_,
        sellerenti0_.seller_password as seller_p5_6_,
        sellerenti0_.seller_phonenum as seller_p6_6_ 
    from
        seller sellerenti0_ 
    where
        sellerenti0_.seller_key=?
2023-11-22 01:56:22.864 TRACE 26500 --- [    Test worker] o.h.type.descriptor.sql.BasicBinder      : binding parameter [1] as [INTEGER] - [123456789]
2023-11-22 01:56:22.936 DEBUG 26500 --- [    Test worker] org.hibernate.SQL                        : 
    select
        sellerenti0_.seller_key as seller_k1_6_0_,
        sellerenti0_.shop_key as shop_key7_6_0_,
        sellerenti0_.isgrant as isgrant2_6_0_,
        sellerenti0_.seller_id_email as seller_i3_6_0_,
        sellerenti0_.seller_name as seller_n4_6_0_,
        sellerenti0_.seller_password as seller_p5_6_0_,
        sellerenti0_.seller_phonenum as seller_p6_6_0_ 
    from
        seller sellerenti0_ 
    where
        sellerenti0_.seller_key=?
Hibernate: 
    select
        sellerenti0_.seller_key as seller_k1_6_0_,
        sellerenti0_.shop_key as shop_key7_6_0_,
        sellerenti0_.isgrant as isgrant2_6_0_,
        sellerenti0_.seller_id_email as seller_i3_6_0_,
        sellerenti0_.seller_name as seller_n4_6_0_,
        sellerenti0_.seller_password as seller_p5_6_0_,
        sellerenti0_.seller_phonenum as seller_p6_6_0_ 
    from
        seller sellerenti0_ 
    where
        sellerenti0_.seller_key=?
2023-11-22 01:56:22.936 TRACE 26500 --- [    Test worker] o.h.type.descriptor.sql.BasicBinder      : binding parameter [1] as [INTEGER] - [123456789]
2023-11-22 01:56:22.947 DEBUG 26500 --- [    Test worker] org.hibernate.SQL                        : 
    insert 
    into
        seller
        (shop_key, isgrant, seller_id_email, seller_name, seller_password, seller_phonenum, seller_key) 
    values
        (?, ?, ?, ?, ?, ?, ?)
Hibernate: 
    insert 
    into
        seller
        (shop_key, isgrant, seller_id_email, seller_name, seller_password, seller_phonenum, seller_key) 
    values
        (?, ?, ?, ?, ?, ?, ?)
2023-11-22 01:56:22.947 TRACE 26500 --- [    Test worker] o.h.type.descriptor.sql.BasicBinder      : binding parameter [1] as [INTEGER] - [null]
2023-11-22 01:56:22.947 TRACE 26500 --- [    Test worker] o.h.type.descriptor.sql.BasicBinder      : binding parameter [2] as [INTEGER] - [null]
2023-11-22 01:56:22.949 TRACE 26500 --- [    Test worker] o.h.type.descriptor.sql.BasicBinder      : binding parameter [3] as [VARCHAR] - [ajou@gmail.com]
2023-11-22 01:56:22.949 TRACE 26500 --- [    Test worker] o.h.type.descriptor.sql.BasicBinder      : binding parameter [4] as [VARCHAR] - [suhyeon]
2023-11-22 01:56:22.949 TRACE 26500 --- [    Test worker] o.h.type.descriptor.sql.BasicBinder      : binding parameter [5] as [VARCHAR] - [$2a$10$VgdGVQjhUO/6Bs8WGYadHeCoWE78DY9oTygLRnfCSaI00hhhMlFsy]
2023-11-22 01:56:22.949 TRACE 26500 --- [    Test worker] o.h.type.descriptor.sql.BasicBinder      : binding parameter [6] as [VARCHAR] - [010-1111-2222]
2023-11-22 01:56:22.949 TRACE 26500 --- [    Test worker] o.h.type.descriptor.sql.BasicBinder      : binding parameter [7] as [INTEGER] - [123456789]
2023-11-22 01:56:22.956 DEBUG 26500 --- [    Test worker] org.hibernate.SQL                        : 
    select
        sellerenti0_.seller_key as seller_k1_6_,
        sellerenti0_.shop_key as shop_key7_6_,
        sellerenti0_.isgrant as isgrant2_6_,
        sellerenti0_.seller_id_email as seller_i3_6_,
        sellerenti0_.seller_name as seller_n4_6_,
        sellerenti0_.seller_password as seller_p5_6_,
        sellerenti0_.seller_phonenum as seller_p6_6_ 
    from
        seller sellerenti0_ 
    where
        sellerenti0_.seller_key=?
Hibernate: 
    select
        sellerenti0_.seller_key as seller_k1_6_,
        sellerenti0_.shop_key as shop_key7_6_,
        sellerenti0_.isgrant as isgrant2_6_,
        sellerenti0_.seller_id_email as seller_i3_6_,
        sellerenti0_.seller_name as seller_n4_6_,
        sellerenti0_.seller_password as seller_p5_6_,
        sellerenti0_.seller_phonenum as seller_p6_6_ 
    from
        seller sellerenti0_ 
    where
        sellerenti0_.seller_key=?
2023-11-22 01:56:22.956 TRACE 26500 --- [    Test worker] o.h.type.descriptor.sql.BasicBinder      : binding parameter [1] as [INTEGER] - [123456789]
2023-11-22 01:56:22.979  INFO 26500 --- [    Test worker] o.s.t.c.transaction.TransactionContext   : Rolled back transaction for test: [DefaultTestContext@5e352e3a testClass = SellerServiceTest, testInstance = net.prescent.service.SellerServiceTest@565fa7d2, testMethod = signupDuplicateSellerKeyTest@SellerServiceTest, testException = [null], mergedContextConfiguration = [WebMergedContextConfiguration@38a6ca39 testClass = SellerServiceTest, locations = '{}', classes = '{class net.prescent.PreScentApplication}', contextInitializerClasses = '[]', activeProfiles = '{}', propertySourceLocations = '{}', propertySourceProperties = '{org.springframework.boot.test.context.SpringBootTestContextBootstrapper=true}', contextCustomizers = set[org.springframework.boot.test.autoconfigure.actuate.metrics.MetricsExportContextCustomizerFactory$DisableMetricExportContextCustomizer@3f053c80, org.springframework.boot.test.autoconfigure.properties.PropertyMappingContextCustomizer@0, org.springframework.boot.test.autoconfigure.web.servlet.WebDriverContextCustomizerFactory$Customizer@636e8cc, org.springframework.boot.test.context.filter.ExcludeFilterContextCustomizer@619bfe29, org.springframework.boot.test.json.DuplicateJsonObjectContextCustomizerFactory$DuplicateJsonObjectContextCustomizer@2bef51f2, org.springframework.boot.test.mock.mockito.MockitoContextCustomizer@0, org.springframework.boot.test.web.client.TestRestTemplateContextCustomizer@5ad10c1a, org.springframework.boot.test.context.SpringBootTestArgs@1, org.springframework.boot.test.context.SpringBootTestWebEnvironment@20d7d6fb], resourceBasePath = 'src/main/webapp', contextLoader = 'org.springframework.boot.test.context.SpringBootContextLoader', parent = [null]], attributes = map['org.springframework.test.context.web.ServletTestExecutionListener.activateListener' -> true, 'org.springframework.test.context.web.ServletTestExecutionListener.populatedRequestContextHolder' -> true, 'org.springframework.test.context.web.ServletTestExecutionListener.resetRequestContextHolder' -> true, 'org.springframework.test.context.event.ApplicationEventsTestExecutionListener.recordApplicationEvents' -> false]]
2023-11-22 01:56:22.989  INFO 26500 --- [    Test worker] o.s.t.c.transaction.TransactionContext   : Began transaction (1) for test context [DefaultTestContext@5e352e3a testClass = SellerServiceTest, testInstance = net.prescent.service.SellerServiceTest@35c95587, testMethod = logoutTest@SellerServiceTest, testException = [null], mergedContextConfiguration = [WebMergedContextConfiguration@38a6ca39 testClass = SellerServiceTest, locations = '{}', classes = '{class net.prescent.PreScentApplication}', contextInitializerClasses = '[]', activeProfiles = '{}', propertySourceLocations = '{}', propertySourceProperties = '{org.springframework.boot.test.context.SpringBootTestContextBootstrapper=true}', contextCustomizers = set[org.springframework.boot.test.autoconfigure.actuate.metrics.MetricsExportContextCustomizerFactory$DisableMetricExportContextCustomizer@3f053c80, org.springframework.boot.test.autoconfigure.properties.PropertyMappingContextCustomizer@0, org.springframework.boot.test.autoconfigure.web.servlet.WebDriverContextCustomizerFactory$Customizer@636e8cc, org.springframework.boot.test.context.filter.ExcludeFilterContextCustomizer@619bfe29, org.springframework.boot.test.json.DuplicateJsonObjectContextCustomizerFactory$DuplicateJsonObjectContextCustomizer@2bef51f2, org.springframework.boot.test.mock.mockito.MockitoContextCustomizer@0, org.springframework.boot.test.web.client.TestRestTemplateContextCustomizer@5ad10c1a, org.springframework.boot.test.context.SpringBootTestArgs@1, org.springframework.boot.test.context.SpringBootTestWebEnvironment@20d7d6fb], resourceBasePath = 'src/main/webapp', contextLoader = 'org.springframework.boot.test.context.SpringBootContextLoader', parent = [null]], attributes = map['org.springframework.test.context.web.ServletTestExecutionListener.activateListener' -> true, 'org.springframework.test.context.web.ServletTestExecutionListener.populatedRequestContextHolder' -> true, 'org.springframework.test.context.web.ServletTestExecutionListener.resetRequestContextHolder' -> true, 'org.springframework.test.context.event.ApplicationEventsTestExecutionListener.recordApplicationEvents' -> false]]; transaction manager [org.springframework.orm.jpa.JpaTransactionManager@321302bc]; rollback [true]
2023-11-22 01:56:22.990 DEBUG 26500 --- [    Test worker] org.hibernate.SQL                        : 
    delete 
    from
        seller
Hibernate: 
    delete 
    from
        seller
2023-11-22 01:56:22.997 DEBUG 26500 --- [    Test worker] org.hibernate.SQL                        : 
    select
        sellerenti0_.seller_key as seller_k1_6_,
        sellerenti0_.shop_key as shop_key7_6_,
        sellerenti0_.isgrant as isgrant2_6_,
        sellerenti0_.seller_id_email as seller_i3_6_,
        sellerenti0_.seller_name as seller_n4_6_,
        sellerenti0_.seller_password as seller_p5_6_,
        sellerenti0_.seller_phonenum as seller_p6_6_ 
    from
        seller sellerenti0_ 
    where
        sellerenti0_.seller_key=?
Hibernate: 
    select
        sellerenti0_.seller_key as seller_k1_6_,
        sellerenti0_.shop_key as shop_key7_6_,
        sellerenti0_.isgrant as isgrant2_6_,
        sellerenti0_.seller_id_email as seller_i3_6_,
        sellerenti0_.seller_name as seller_n4_6_,
        sellerenti0_.seller_password as seller_p5_6_,
        sellerenti0_.seller_phonenum as seller_p6_6_ 
    from
        seller sellerenti0_ 
    where
        sellerenti0_.seller_key=?
2023-11-22 01:56:22.998 TRACE 26500 --- [    Test worker] o.h.type.descriptor.sql.BasicBinder      : binding parameter [1] as [INTEGER] - [123456789]
2023-11-22 01:56:23.066 DEBUG 26500 --- [    Test worker] org.hibernate.SQL                        : 
    select
        sellerenti0_.seller_key as seller_k1_6_0_,
        sellerenti0_.shop_key as shop_key7_6_0_,
        sellerenti0_.isgrant as isgrant2_6_0_,
        sellerenti0_.seller_id_email as seller_i3_6_0_,
        sellerenti0_.seller_name as seller_n4_6_0_,
        sellerenti0_.seller_password as seller_p5_6_0_,
        sellerenti0_.seller_phonenum as seller_p6_6_0_ 
    from
        seller sellerenti0_ 
    where
        sellerenti0_.seller_key=?
Hibernate: 
    select
        sellerenti0_.seller_key as seller_k1_6_0_,
        sellerenti0_.shop_key as shop_key7_6_0_,
        sellerenti0_.isgrant as isgrant2_6_0_,
        sellerenti0_.seller_id_email as seller_i3_6_0_,
        sellerenti0_.seller_name as seller_n4_6_0_,
        sellerenti0_.seller_password as seller_p5_6_0_,
        sellerenti0_.seller_phonenum as seller_p6_6_0_ 
    from
        seller sellerenti0_ 
    where
        sellerenti0_.seller_key=?
2023-11-22 01:56:23.067 TRACE 26500 --- [    Test worker] o.h.type.descriptor.sql.BasicBinder      : binding parameter [1] as [INTEGER] - [123456789]
2023-11-22 01:56:23.075 DEBUG 26500 --- [    Test worker] org.hibernate.SQL                        : 
    insert 
    into
        seller
        (shop_key, isgrant, seller_id_email, seller_name, seller_password, seller_phonenum, seller_key) 
    values
        (?, ?, ?, ?, ?, ?, ?)
Hibernate: 
    insert 
    into
        seller
        (shop_key, isgrant, seller_id_email, seller_name, seller_password, seller_phonenum, seller_key) 
    values
        (?, ?, ?, ?, ?, ?, ?)
2023-11-22 01:56:23.076 TRACE 26500 --- [    Test worker] o.h.type.descriptor.sql.BasicBinder      : binding parameter [1] as [INTEGER] - [null]
2023-11-22 01:56:23.076 TRACE 26500 --- [    Test worker] o.h.type.descriptor.sql.BasicBinder      : binding parameter [2] as [INTEGER] - [null]
2023-11-22 01:56:23.076 TRACE 26500 --- [    Test worker] o.h.type.descriptor.sql.BasicBinder      : binding parameter [3] as [VARCHAR] - [ajou@gmail.com]
2023-11-22 01:56:23.076 TRACE 26500 --- [    Test worker] o.h.type.descriptor.sql.BasicBinder      : binding parameter [4] as [VARCHAR] - [suhyeon]
2023-11-22 01:56:23.076 TRACE 26500 --- [    Test worker] o.h.type.descriptor.sql.BasicBinder      : binding parameter [5] as [VARCHAR] - [$2a$10$O/R/wrgz5ygF3O1dqKcYSeJy1T//YrHolAlVOKTHRPDThfJjwaHX2]
2023-11-22 01:56:23.076 TRACE 26500 --- [    Test worker] o.h.type.descriptor.sql.BasicBinder      : binding parameter [6] as [VARCHAR] - [010-1111-2222]
2023-11-22 01:56:23.076 TRACE 26500 --- [    Test worker] o.h.type.descriptor.sql.BasicBinder      : binding parameter [7] as [INTEGER] - [123456789]
2023-11-22 01:56:23.085 DEBUG 26500 --- [    Test worker] org.hibernate.SQL                        : 
    select
        sellerenti0_.seller_key as seller_k1_6_,
        sellerenti0_.shop_key as shop_key7_6_,
        sellerenti0_.isgrant as isgrant2_6_,
        sellerenti0_.seller_id_email as seller_i3_6_,
        sellerenti0_.seller_name as seller_n4_6_,
        sellerenti0_.seller_password as seller_p5_6_,
        sellerenti0_.seller_phonenum as seller_p6_6_ 
    from
        seller sellerenti0_ 
    where
        sellerenti0_.seller_id_email=?
Hibernate: 
    select
        sellerenti0_.seller_key as seller_k1_6_,
        sellerenti0_.shop_key as shop_key7_6_,
        sellerenti0_.isgrant as isgrant2_6_,
        sellerenti0_.seller_id_email as seller_i3_6_,
        sellerenti0_.seller_name as seller_n4_6_,
        sellerenti0_.seller_password as seller_p5_6_,
        sellerenti0_.seller_phonenum as seller_p6_6_ 
    from
        seller sellerenti0_ 
    where
        sellerenti0_.seller_id_email=?
2023-11-22 01:56:23.085 TRACE 26500 --- [    Test worker] o.h.type.descriptor.sql.BasicBinder      : binding parameter [1] as [VARCHAR] - [ajou@gmail.com]
2023-11-22 01:56:23.162 DEBUG 26500 --- [    Test worker] org.hibernate.SQL                        : 
    select
        accesstoke0_.token as token1_0_0_,
        accesstoke0_.seller_key as seller_k2_0_0_ 
    from
        access_token accesstoke0_ 
    where
        accesstoke0_.token=?
Hibernate: 
    select
        accesstoke0_.token as token1_0_0_,
        accesstoke0_.seller_key as seller_k2_0_0_ 
    from
        access_token accesstoke0_ 
    where
        accesstoke0_.token=?
2023-11-22 01:56:23.162 TRACE 26500 --- [    Test worker] o.h.type.descriptor.sql.BasicBinder      : binding parameter [1] as [VARCHAR] - [2a5c714d-1fd8-45dd-bbf6-039f9bd4c6e5]
2023-11-22 01:56:23.172 DEBUG 26500 --- [    Test worker] org.hibernate.SQL                        : 
    insert 
    into
        access_token
        (seller_key, token) 
    values
        (?, ?)
Hibernate: 
    insert 
    into
        access_token
        (seller_key, token) 
    values
        (?, ?)
2023-11-22 01:56:23.173 TRACE 26500 --- [    Test worker] o.h.type.descriptor.sql.BasicBinder      : binding parameter [1] as [INTEGER] - [123456789]
2023-11-22 01:56:23.173 TRACE 26500 --- [    Test worker] o.h.type.descriptor.sql.BasicBinder      : binding parameter [2] as [VARCHAR] - [2a5c714d-1fd8-45dd-bbf6-039f9bd4c6e5]
2023-11-22 01:56:23.184 DEBUG 26500 --- [    Test worker] org.hibernate.SQL                        : 
    select
        accesstoke0_.token as token1_0_,
        accesstoke0_.seller_key as seller_k2_0_ 
    from
        access_token accesstoke0_ 
    where
        accesstoke0_.token=?
Hibernate: 
    select
        accesstoke0_.token as token1_0_,
        accesstoke0_.seller_key as seller_k2_0_ 
    from
        access_token accesstoke0_ 
    where
        accesstoke0_.token=?
2023-11-22 01:56:23.184 TRACE 26500 --- [    Test worker] o.h.type.descriptor.sql.BasicBinder      : binding parameter [1] as [VARCHAR] - [2a5c714d-1fd8-45dd-bbf6-039f9bd4c6e5]
2023-11-22 01:56:23.194 DEBUG 26500 --- [    Test worker] org.hibernate.SQL                        : 
    select
        accesstoke0_.token as token1_0_,
        accesstoke0_.seller_key as seller_k2_0_ 
    from
        access_token accesstoke0_ 
    where
        accesstoke0_.token=?
Hibernate: 
    select
        accesstoke0_.token as token1_0_,
        accesstoke0_.seller_key as seller_k2_0_ 
    from
        access_token accesstoke0_ 
    where
        accesstoke0_.token=?
2023-11-22 01:56:23.194 TRACE 26500 --- [    Test worker] o.h.type.descriptor.sql.BasicBinder      : binding parameter [1] as [VARCHAR] - [2a5c714d-1fd8-45dd-bbf6-039f9bd4c6e5]
2023-11-22 01:56:23.206 DEBUG 26500 --- [    Test worker] org.hibernate.SQL                        : 
    delete 
    from
        access_token 
    where
        token=?
Hibernate: 
    delete 
    from
        access_token 
    where
        token=?
2023-11-22 01:56:23.207 TRACE 26500 --- [    Test worker] o.h.type.descriptor.sql.BasicBinder      : binding parameter [1] as [VARCHAR] - [2a5c714d-1fd8-45dd-bbf6-039f9bd4c6e5]
2023-11-22 01:56:23.216 DEBUG 26500 --- [    Test worker] org.hibernate.SQL                        : 
    select
        accesstoke0_.token as token1_0_,
        accesstoke0_.seller_key as seller_k2_0_ 
    from
        access_token accesstoke0_ 
    where
        accesstoke0_.token=?
Hibernate: 
    select
        accesstoke0_.token as token1_0_,
        accesstoke0_.seller_key as seller_k2_0_ 
    from
        access_token accesstoke0_ 
    where
        accesstoke0_.token=?
2023-11-22 01:56:23.216 TRACE 26500 --- [    Test worker] o.h.type.descriptor.sql.BasicBinder      : binding parameter [1] as [VARCHAR] - [2a5c714d-1fd8-45dd-bbf6-039f9bd4c6e5]
2023-11-22 01:56:23.241  INFO 26500 --- [    Test worker] o.s.t.c.transaction.TransactionContext   : Rolled back transaction for test: [DefaultTestContext@5e352e3a testClass = SellerServiceTest, testInstance = net.prescent.service.SellerServiceTest@35c95587, testMethod = logoutTest@SellerServiceTest, testException = [null], mergedContextConfiguration = [WebMergedContextConfiguration@38a6ca39 testClass = SellerServiceTest, locations = '{}', classes = '{class net.prescent.PreScentApplication}', contextInitializerClasses = '[]', activeProfiles = '{}', propertySourceLocations = '{}', propertySourceProperties = '{org.springframework.boot.test.context.SpringBootTestContextBootstrapper=true}', contextCustomizers = set[org.springframework.boot.test.autoconfigure.actuate.metrics.MetricsExportContextCustomizerFactory$DisableMetricExportContextCustomizer@3f053c80, org.springframework.boot.test.autoconfigure.properties.PropertyMappingContextCustomizer@0, org.springframework.boot.test.autoconfigure.web.servlet.WebDriverContextCustomizerFactory$Customizer@636e8cc, org.springframework.boot.test.context.filter.ExcludeFilterContextCustomizer@619bfe29, org.springframework.boot.test.json.DuplicateJsonObjectContextCustomizerFactory$DuplicateJsonObjectContextCustomizer@2bef51f2, org.springframework.boot.test.mock.mockito.MockitoContextCustomizer@0, org.springframework.boot.test.web.client.TestRestTemplateContextCustomizer@5ad10c1a, org.springframework.boot.test.context.SpringBootTestArgs@1, org.springframework.boot.test.context.SpringBootTestWebEnvironment@20d7d6fb], resourceBasePath = 'src/main/webapp', contextLoader = 'org.springframework.boot.test.context.SpringBootContextLoader', parent = [null]], attributes = map['org.springframework.test.context.web.ServletTestExecutionListener.activateListener' -> true, 'org.springframework.test.context.web.ServletTestExecutionListener.populatedRequestContextHolder' -> true, 'org.springframework.test.context.web.ServletTestExecutionListener.resetRequestContextHolder' -> true, 'org.springframework.test.context.event.ApplicationEventsTestExecutionListener.recordApplicationEvents' -> false]]
2023-11-22 01:56:23.253  INFO 26500 --- [    Test worker] o.s.t.c.transaction.TransactionContext   : Began transaction (1) for test context [DefaultTestContext@5e352e3a testClass = SellerServiceTest, testInstance = net.prescent.service.SellerServiceTest@3a917e07, testMethod = loginFailureWrongPasswordTest@SellerServiceTest, testException = [null], mergedContextConfiguration = [WebMergedContextConfiguration@38a6ca39 testClass = SellerServiceTest, locations = '{}', classes = '{class net.prescent.PreScentApplication}', contextInitializerClasses = '[]', activeProfiles = '{}', propertySourceLocations = '{}', propertySourceProperties = '{org.springframework.boot.test.context.SpringBootTestContextBootstrapper=true}', contextCustomizers = set[org.springframework.boot.test.autoconfigure.actuate.metrics.MetricsExportContextCustomizerFactory$DisableMetricExportContextCustomizer@3f053c80, org.springframework.boot.test.autoconfigure.properties.PropertyMappingContextCustomizer@0, org.springframework.boot.test.autoconfigure.web.servlet.WebDriverContextCustomizerFactory$Customizer@636e8cc, org.springframework.boot.test.context.filter.ExcludeFilterContextCustomizer@619bfe29, org.springframework.boot.test.json.DuplicateJsonObjectContextCustomizerFactory$DuplicateJsonObjectContextCustomizer@2bef51f2, org.springframework.boot.test.mock.mockito.MockitoContextCustomizer@0, org.springframework.boot.test.web.client.TestRestTemplateContextCustomizer@5ad10c1a, org.springframework.boot.test.context.SpringBootTestArgs@1, org.springframework.boot.test.context.SpringBootTestWebEnvironment@20d7d6fb], resourceBasePath = 'src/main/webapp', contextLoader = 'org.springframework.boot.test.context.SpringBootContextLoader', parent = [null]], attributes = map['org.springframework.test.context.web.ServletTestExecutionListener.activateListener' -> true, 'org.springframework.test.context.web.ServletTestExecutionListener.populatedRequestContextHolder' -> true, 'org.springframework.test.context.web.ServletTestExecutionListener.resetRequestContextHolder' -> true, 'org.springframework.test.context.event.ApplicationEventsTestExecutionListener.recordApplicationEvents' -> false]]; transaction manager [org.springframework.orm.jpa.JpaTransactionManager@321302bc]; rollback [true]
2023-11-22 01:56:23.254 DEBUG 26500 --- [    Test worker] org.hibernate.SQL                        : 
    delete 
    from
        seller
Hibernate: 
    delete 
    from
        seller
2023-11-22 01:56:23.268 DEBUG 26500 --- [    Test worker] org.hibernate.SQL                        : 
    select
        sellerenti0_.seller_key as seller_k1_6_,
        sellerenti0_.shop_key as shop_key7_6_,
        sellerenti0_.isgrant as isgrant2_6_,
        sellerenti0_.seller_id_email as seller_i3_6_,
        sellerenti0_.seller_name as seller_n4_6_,
        sellerenti0_.seller_password as seller_p5_6_,
        sellerenti0_.seller_phonenum as seller_p6_6_ 
    from
        seller sellerenti0_ 
    where
        sellerenti0_.seller_key=?
Hibernate: 
    select
        sellerenti0_.seller_key as seller_k1_6_,
        sellerenti0_.shop_key as shop_key7_6_,
        sellerenti0_.isgrant as isgrant2_6_,
        sellerenti0_.seller_id_email as seller_i3_6_,
        sellerenti0_.seller_name as seller_n4_6_,
        sellerenti0_.seller_password as seller_p5_6_,
        sellerenti0_.seller_phonenum as seller_p6_6_ 
    from
        seller sellerenti0_ 
    where
        sellerenti0_.seller_key=?
2023-11-22 01:56:23.269 TRACE 26500 --- [    Test worker] o.h.type.descriptor.sql.BasicBinder      : binding parameter [1] as [INTEGER] - [123456789]
2023-11-22 01:56:23.339 DEBUG 26500 --- [    Test worker] org.hibernate.SQL                        : 
    select
        sellerenti0_.seller_key as seller_k1_6_0_,
        sellerenti0_.shop_key as shop_key7_6_0_,
        sellerenti0_.isgrant as isgrant2_6_0_,
        sellerenti0_.seller_id_email as seller_i3_6_0_,
        sellerenti0_.seller_name as seller_n4_6_0_,
        sellerenti0_.seller_password as seller_p5_6_0_,
        sellerenti0_.seller_phonenum as seller_p6_6_0_ 
    from
        seller sellerenti0_ 
    where
        sellerenti0_.seller_key=?
Hibernate: 
    select
        sellerenti0_.seller_key as seller_k1_6_0_,
        sellerenti0_.shop_key as shop_key7_6_0_,
        sellerenti0_.isgrant as isgrant2_6_0_,
        sellerenti0_.seller_id_email as seller_i3_6_0_,
        sellerenti0_.seller_name as seller_n4_6_0_,
        sellerenti0_.seller_password as seller_p5_6_0_,
        sellerenti0_.seller_phonenum as seller_p6_6_0_ 
    from
        seller sellerenti0_ 
    where
        sellerenti0_.seller_key=?
2023-11-22 01:56:23.339 TRACE 26500 --- [    Test worker] o.h.type.descriptor.sql.BasicBinder      : binding parameter [1] as [INTEGER] - [123456789]
2023-11-22 01:56:23.347 DEBUG 26500 --- [    Test worker] org.hibernate.SQL                        : 
    insert 
    into
        seller
        (shop_key, isgrant, seller_id_email, seller_name, seller_password, seller_phonenum, seller_key) 
    values
        (?, ?, ?, ?, ?, ?, ?)
Hibernate: 
    insert 
    into
        seller
        (shop_key, isgrant, seller_id_email, seller_name, seller_password, seller_phonenum, seller_key) 
    values
        (?, ?, ?, ?, ?, ?, ?)
2023-11-22 01:56:23.349 TRACE 26500 --- [    Test worker] o.h.type.descriptor.sql.BasicBinder      : binding parameter [1] as [INTEGER] - [null]
2023-11-22 01:56:23.349 TRACE 26500 --- [    Test worker] o.h.type.descriptor.sql.BasicBinder      : binding parameter [2] as [INTEGER] - [null]
2023-11-22 01:56:23.349 TRACE 26500 --- [    Test worker] o.h.type.descriptor.sql.BasicBinder      : binding parameter [3] as [VARCHAR] - [ajou@gmail.com]
2023-11-22 01:56:23.349 TRACE 26500 --- [    Test worker] o.h.type.descriptor.sql.BasicBinder      : binding parameter [4] as [VARCHAR] - [suhyeon]
2023-11-22 01:56:23.349 TRACE 26500 --- [    Test worker] o.h.type.descriptor.sql.BasicBinder      : binding parameter [5] as [VARCHAR] - [$2a$10$NQXOwnRA30/HRljGvgBK6OV0VIuxChldTjOcdErGJ8t8CdEANEZOK]
2023-11-22 01:56:23.349 TRACE 26500 --- [    Test worker] o.h.type.descriptor.sql.BasicBinder      : binding parameter [6] as [VARCHAR] - [010-1111-2222]
2023-11-22 01:56:23.349 TRACE 26500 --- [    Test worker] o.h.type.descriptor.sql.BasicBinder      : binding parameter [7] as [INTEGER] - [123456789]
2023-11-22 01:56:23.356 DEBUG 26500 --- [    Test worker] org.hibernate.SQL                        : 
    select
        sellerenti0_.seller_key as seller_k1_6_,
        sellerenti0_.shop_key as shop_key7_6_,
        sellerenti0_.isgrant as isgrant2_6_,
        sellerenti0_.seller_id_email as seller_i3_6_,
        sellerenti0_.seller_name as seller_n4_6_,
        sellerenti0_.seller_password as seller_p5_6_,
        sellerenti0_.seller_phonenum as seller_p6_6_ 
    from
        seller sellerenti0_ 
    where
        sellerenti0_.seller_id_email=?
Hibernate: 
    select
        sellerenti0_.seller_key as seller_k1_6_,
        sellerenti0_.shop_key as shop_key7_6_,
        sellerenti0_.isgrant as isgrant2_6_,
        sellerenti0_.seller_id_email as seller_i3_6_,
        sellerenti0_.seller_name as seller_n4_6_,
        sellerenti0_.seller_password as seller_p5_6_,
        sellerenti0_.seller_phonenum as seller_p6_6_ 
    from
        seller sellerenti0_ 
    where
        sellerenti0_.seller_id_email=?
2023-11-22 01:56:23.357 TRACE 26500 --- [    Test worker] o.h.type.descriptor.sql.BasicBinder      : binding parameter [1] as [VARCHAR] - [ajou@gmail.com]
2023-11-22 01:56:23.442  INFO 26500 --- [    Test worker] o.s.t.c.transaction.TransactionContext   : Rolled back transaction for test: [DefaultTestContext@5e352e3a testClass = SellerServiceTest, testInstance = net.prescent.service.SellerServiceTest@3a917e07, testMethod = loginFailureWrongPasswordTest@SellerServiceTest, testException = [null], mergedContextConfiguration = [WebMergedContextConfiguration@38a6ca39 testClass = SellerServiceTest, locations = '{}', classes = '{class net.prescent.PreScentApplication}', contextInitializerClasses = '[]', activeProfiles = '{}', propertySourceLocations = '{}', propertySourceProperties = '{org.springframework.boot.test.context.SpringBootTestContextBootstrapper=true}', contextCustomizers = set[org.springframework.boot.test.autoconfigure.actuate.metrics.MetricsExportContextCustomizerFactory$DisableMetricExportContextCustomizer@3f053c80, org.springframework.boot.test.autoconfigure.properties.PropertyMappingContextCustomizer@0, org.springframework.boot.test.autoconfigure.web.servlet.WebDriverContextCustomizerFactory$Customizer@636e8cc, org.springframework.boot.test.context.filter.ExcludeFilterContextCustomizer@619bfe29, org.springframework.boot.test.json.DuplicateJsonObjectContextCustomizerFactory$DuplicateJsonObjectContextCustomizer@2bef51f2, org.springframework.boot.test.mock.mockito.MockitoContextCustomizer@0, org.springframework.boot.test.web.client.TestRestTemplateContextCustomizer@5ad10c1a, org.springframework.boot.test.context.SpringBootTestArgs@1, org.springframework.boot.test.context.SpringBootTestWebEnvironment@20d7d6fb], resourceBasePath = 'src/main/webapp', contextLoader = 'org.springframework.boot.test.context.SpringBootContextLoader', parent = [null]], attributes = map['org.springframework.test.context.web.ServletTestExecutionListener.activateListener' -> true, 'org.springframework.test.context.web.ServletTestExecutionListener.populatedRequestContextHolder' -> true, 'org.springframework.test.context.web.ServletTestExecutionListener.resetRequestContextHolder' -> true, 'org.springframework.test.context.event.ApplicationEventsTestExecutionListener.recordApplicationEvents' -> false]]
2023-11-22 01:56:23.452  INFO 26500 --- [    Test worker] o.s.t.c.transaction.TransactionContext   : Began transaction (1) for test context [DefaultTestContext@5e352e3a testClass = SellerServiceTest, testInstance = net.prescent.service.SellerServiceTest@32fefbe6, testMethod = loginSuccessTest@SellerServiceTest, testException = [null], mergedContextConfiguration = [WebMergedContextConfiguration@38a6ca39 testClass = SellerServiceTest, locations = '{}', classes = '{class net.prescent.PreScentApplication}', contextInitializerClasses = '[]', activeProfiles = '{}', propertySourceLocations = '{}', propertySourceProperties = '{org.springframework.boot.test.context.SpringBootTestContextBootstrapper=true}', contextCustomizers = set[org.springframework.boot.test.autoconfigure.actuate.metrics.MetricsExportContextCustomizerFactory$DisableMetricExportContextCustomizer@3f053c80, org.springframework.boot.test.autoconfigure.properties.PropertyMappingContextCustomizer@0, org.springframework.boot.test.autoconfigure.web.servlet.WebDriverContextCustomizerFactory$Customizer@636e8cc, org.springframework.boot.test.context.filter.ExcludeFilterContextCustomizer@619bfe29, org.springframework.boot.test.json.DuplicateJsonObjectContextCustomizerFactory$DuplicateJsonObjectContextCustomizer@2bef51f2, org.springframework.boot.test.mock.mockito.MockitoContextCustomizer@0, org.springframework.boot.test.web.client.TestRestTemplateContextCustomizer@5ad10c1a, org.springframework.boot.test.context.SpringBootTestArgs@1, org.springframework.boot.test.context.SpringBootTestWebEnvironment@20d7d6fb], resourceBasePath = 'src/main/webapp', contextLoader = 'org.springframework.boot.test.context.SpringBootContextLoader', parent = [null]], attributes = map['org.springframework.test.context.web.ServletTestExecutionListener.activateListener' -> true, 'org.springframework.test.context.web.ServletTestExecutionListener.populatedRequestContextHolder' -> true, 'org.springframework.test.context.web.ServletTestExecutionListener.resetRequestContextHolder' -> true, 'org.springframework.test.context.event.ApplicationEventsTestExecutionListener.recordApplicationEvents' -> false]]; transaction manager [org.springframework.orm.jpa.JpaTransactionManager@321302bc]; rollback [true]
2023-11-22 01:56:23.453 DEBUG 26500 --- [    Test worker] org.hibernate.SQL                        : 
    delete 
    from
        seller
Hibernate: 
    delete 
    from
        seller
2023-11-22 01:56:23.460 DEBUG 26500 --- [    Test worker] org.hibernate.SQL                        : 
    select
        sellerenti0_.seller_key as seller_k1_6_,
        sellerenti0_.shop_key as shop_key7_6_,
        sellerenti0_.isgrant as isgrant2_6_,
        sellerenti0_.seller_id_email as seller_i3_6_,
        sellerenti0_.seller_name as seller_n4_6_,
        sellerenti0_.seller_password as seller_p5_6_,
        sellerenti0_.seller_phonenum as seller_p6_6_ 
    from
        seller sellerenti0_ 
    where
        sellerenti0_.seller_key=?
Hibernate: 
    select
        sellerenti0_.seller_key as seller_k1_6_,
        sellerenti0_.shop_key as shop_key7_6_,
        sellerenti0_.isgrant as isgrant2_6_,
        sellerenti0_.seller_id_email as seller_i3_6_,
        sellerenti0_.seller_name as seller_n4_6_,
        sellerenti0_.seller_password as seller_p5_6_,
        sellerenti0_.seller_phonenum as seller_p6_6_ 
    from
        seller sellerenti0_ 
    where
        sellerenti0_.seller_key=?
2023-11-22 01:56:23.461 TRACE 26500 --- [    Test worker] o.h.type.descriptor.sql.BasicBinder      : binding parameter [1] as [INTEGER] - [123456789]
2023-11-22 01:56:23.536 DEBUG 26500 --- [    Test worker] org.hibernate.SQL                        : 
    select
        sellerenti0_.seller_key as seller_k1_6_0_,
        sellerenti0_.shop_key as shop_key7_6_0_,
        sellerenti0_.isgrant as isgrant2_6_0_,
        sellerenti0_.seller_id_email as seller_i3_6_0_,
        sellerenti0_.seller_name as seller_n4_6_0_,
        sellerenti0_.seller_password as seller_p5_6_0_,
        sellerenti0_.seller_phonenum as seller_p6_6_0_ 
    from
        seller sellerenti0_ 
    where
        sellerenti0_.seller_key=?
Hibernate: 
    select
        sellerenti0_.seller_key as seller_k1_6_0_,
        sellerenti0_.shop_key as shop_key7_6_0_,
        sellerenti0_.isgrant as isgrant2_6_0_,
        sellerenti0_.seller_id_email as seller_i3_6_0_,
        sellerenti0_.seller_name as seller_n4_6_0_,
        sellerenti0_.seller_password as seller_p5_6_0_,
        sellerenti0_.seller_phonenum as seller_p6_6_0_ 
    from
        seller sellerenti0_ 
    where
        sellerenti0_.seller_key=?
2023-11-22 01:56:23.536 TRACE 26500 --- [    Test worker] o.h.type.descriptor.sql.BasicBinder      : binding parameter [1] as [INTEGER] - [123456789]
2023-11-22 01:56:23.545 DEBUG 26500 --- [    Test worker] org.hibernate.SQL                        : 
    insert 
    into
        seller
        (shop_key, isgrant, seller_id_email, seller_name, seller_password, seller_phonenum, seller_key) 
    values
        (?, ?, ?, ?, ?, ?, ?)
Hibernate: 
    insert 
    into
        seller
        (shop_key, isgrant, seller_id_email, seller_name, seller_password, seller_phonenum, seller_key) 
    values
        (?, ?, ?, ?, ?, ?, ?)
2023-11-22 01:56:23.545 TRACE 26500 --- [    Test worker] o.h.type.descriptor.sql.BasicBinder      : binding parameter [1] as [INTEGER] - [null]
2023-11-22 01:56:23.545 TRACE 26500 --- [    Test worker] o.h.type.descriptor.sql.BasicBinder      : binding parameter [2] as [INTEGER] - [null]
2023-11-22 01:56:23.545 TRACE 26500 --- [    Test worker] o.h.type.descriptor.sql.BasicBinder      : binding parameter [3] as [VARCHAR] - [ajou@gmail.com]
2023-11-22 01:56:23.545 TRACE 26500 --- [    Test worker] o.h.type.descriptor.sql.BasicBinder      : binding parameter [4] as [VARCHAR] - [suhyeon]
2023-11-22 01:56:23.545 TRACE 26500 --- [    Test worker] o.h.type.descriptor.sql.BasicBinder      : binding parameter [5] as [VARCHAR] - [$2a$10$yMeque3T8AUI43.g3m7ywegZZAEU.SIA18EetlygbQ06xkohwH5jy]
2023-11-22 01:56:23.545 TRACE 26500 --- [    Test worker] o.h.type.descriptor.sql.BasicBinder      : binding parameter [6] as [VARCHAR] - [010-1111-2222]
2023-11-22 01:56:23.545 TRACE 26500 --- [    Test worker] o.h.type.descriptor.sql.BasicBinder      : binding parameter [7] as [INTEGER] - [123456789]
2023-11-22 01:56:23.554 DEBUG 26500 --- [    Test worker] org.hibernate.SQL                        : 
    select
        sellerenti0_.seller_key as seller_k1_6_,
        sellerenti0_.shop_key as shop_key7_6_,
        sellerenti0_.isgrant as isgrant2_6_,
        sellerenti0_.seller_id_email as seller_i3_6_,
        sellerenti0_.seller_name as seller_n4_6_,
        sellerenti0_.seller_password as seller_p5_6_,
        sellerenti0_.seller_phonenum as seller_p6_6_ 
    from
        seller sellerenti0_ 
    where
        sellerenti0_.seller_id_email=?
Hibernate: 
    select
        sellerenti0_.seller_key as seller_k1_6_,
        sellerenti0_.shop_key as shop_key7_6_,
        sellerenti0_.isgrant as isgrant2_6_,
        sellerenti0_.seller_id_email as seller_i3_6_,
        sellerenti0_.seller_name as seller_n4_6_,
        sellerenti0_.seller_password as seller_p5_6_,
        sellerenti0_.seller_phonenum as seller_p6_6_ 
    from
        seller sellerenti0_ 
    where
        sellerenti0_.seller_id_email=?
2023-11-22 01:56:23.554 TRACE 26500 --- [    Test worker] o.h.type.descriptor.sql.BasicBinder      : binding parameter [1] as [VARCHAR] - [ajou@gmail.com]
2023-11-22 01:56:23.633 DEBUG 26500 --- [    Test worker] org.hibernate.SQL                        : 
    select
        accesstoke0_.token as token1_0_0_,
        accesstoke0_.seller_key as seller_k2_0_0_ 
    from
        access_token accesstoke0_ 
    where
        accesstoke0_.token=?
Hibernate: 
    select
        accesstoke0_.token as token1_0_0_,
        accesstoke0_.seller_key as seller_k2_0_0_ 
    from
        access_token accesstoke0_ 
    where
        accesstoke0_.token=?
2023-11-22 01:56:23.633 TRACE 26500 --- [    Test worker] o.h.type.descriptor.sql.BasicBinder      : binding parameter [1] as [VARCHAR] - [e91029ff-8da6-4916-8389-f1997a500736]
2023-11-22 01:56:23.643 DEBUG 26500 --- [    Test worker] org.hibernate.SQL                        : 
    insert 
    into
        access_token
        (seller_key, token) 
    values
        (?, ?)
Hibernate: 
    insert 
    into
        access_token
        (seller_key, token) 
    values
        (?, ?)
2023-11-22 01:56:23.643 TRACE 26500 --- [    Test worker] o.h.type.descriptor.sql.BasicBinder      : binding parameter [1] as [INTEGER] - [123456789]
2023-11-22 01:56:23.643 TRACE 26500 --- [    Test worker] o.h.type.descriptor.sql.BasicBinder      : binding parameter [2] as [VARCHAR] - [e91029ff-8da6-4916-8389-f1997a500736]
2023-11-22 01:56:23.649 DEBUG 26500 --- [    Test worker] org.hibernate.SQL                        : 
    select
        accesstoke0_.token as token1_0_,
        accesstoke0_.seller_key as seller_k2_0_ 
    from
        access_token accesstoke0_ 
    where
        accesstoke0_.token=?
Hibernate: 
    select
        accesstoke0_.token as token1_0_,
        accesstoke0_.seller_key as seller_k2_0_ 
    from
        access_token accesstoke0_ 
    where
        accesstoke0_.token=?
2023-11-22 01:56:23.649 TRACE 26500 --- [    Test worker] o.h.type.descriptor.sql.BasicBinder      : binding parameter [1] as [VARCHAR] - [e91029ff-8da6-4916-8389-f1997a500736]
2023-11-22 01:56:23.672  INFO 26500 --- [    Test worker] o.s.t.c.transaction.TransactionContext   : Rolled back transaction for test: [DefaultTestContext@5e352e3a testClass = SellerServiceTest, testInstance = net.prescent.service.SellerServiceTest@32fefbe6, testMethod = loginSuccessTest@SellerServiceTest, testException = [null], mergedContextConfiguration = [WebMergedContextConfiguration@38a6ca39 testClass = SellerServiceTest, locations = '{}', classes = '{class net.prescent.PreScentApplication}', contextInitializerClasses = '[]', activeProfiles = '{}', propertySourceLocations = '{}', propertySourceProperties = '{org.springframework.boot.test.context.SpringBootTestContextBootstrapper=true}', contextCustomizers = set[org.springframework.boot.test.autoconfigure.actuate.metrics.MetricsExportContextCustomizerFactory$DisableMetricExportContextCustomizer@3f053c80, org.springframework.boot.test.autoconfigure.properties.PropertyMappingContextCustomizer@0, org.springframework.boot.test.autoconfigure.web.servlet.WebDriverContextCustomizerFactory$Customizer@636e8cc, org.springframework.boot.test.context.filter.ExcludeFilterContextCustomizer@619bfe29, org.springframework.boot.test.json.DuplicateJsonObjectContextCustomizerFactory$DuplicateJsonObjectContextCustomizer@2bef51f2, org.springframework.boot.test.mock.mockito.MockitoContextCustomizer@0, org.springframework.boot.test.web.client.TestRestTemplateContextCustomizer@5ad10c1a, org.springframework.boot.test.context.SpringBootTestArgs@1, org.springframework.boot.test.context.SpringBootTestWebEnvironment@20d7d6fb], resourceBasePath = 'src/main/webapp', contextLoader = 'org.springframework.boot.test.context.SpringBootContextLoader', parent = [null]], attributes = map['org.springframework.test.context.web.ServletTestExecutionListener.activateListener' -> true, 'org.springframework.test.context.web.ServletTestExecutionListener.populatedRequestContextHolder' -> true, 'org.springframework.test.context.web.ServletTestExecutionListener.resetRequestContextHolder' -> true, 'org.springframework.test.context.event.ApplicationEventsTestExecutionListener.recordApplicationEvents' -> false]]
2023-11-22 01:56:23.682  INFO 26500 --- [    Test worker] o.s.t.c.transaction.TransactionContext   : Began transaction (1) for test context [DefaultTestContext@5e352e3a testClass = SellerServiceTest, testInstance = net.prescent.service.SellerServiceTest@225d93aa, testMethod = loginFailureWrongIdTest@SellerServiceTest, testException = [null], mergedContextConfiguration = [WebMergedContextConfiguration@38a6ca39 testClass = SellerServiceTest, locations = '{}', classes = '{class net.prescent.PreScentApplication}', contextInitializerClasses = '[]', activeProfiles = '{}', propertySourceLocations = '{}', propertySourceProperties = '{org.springframework.boot.test.context.SpringBootTestContextBootstrapper=true}', contextCustomizers = set[org.springframework.boot.test.autoconfigure.actuate.metrics.MetricsExportContextCustomizerFactory$DisableMetricExportContextCustomizer@3f053c80, org.springframework.boot.test.autoconfigure.properties.PropertyMappingContextCustomizer@0, org.springframework.boot.test.autoconfigure.web.servlet.WebDriverContextCustomizerFactory$Customizer@636e8cc, org.springframework.boot.test.context.filter.ExcludeFilterContextCustomizer@619bfe29, org.springframework.boot.test.json.DuplicateJsonObjectContextCustomizerFactory$DuplicateJsonObjectContextCustomizer@2bef51f2, org.springframework.boot.test.mock.mockito.MockitoContextCustomizer@0, org.springframework.boot.test.web.client.TestRestTemplateContextCustomizer@5ad10c1a, org.springframework.boot.test.context.SpringBootTestArgs@1, org.springframework.boot.test.context.SpringBootTestWebEnvironment@20d7d6fb], resourceBasePath = 'src/main/webapp', contextLoader = 'org.springframework.boot.test.context.SpringBootContextLoader', parent = [null]], attributes = map['org.springframework.test.context.web.ServletTestExecutionListener.activateListener' -> true, 'org.springframework.test.context.web.ServletTestExecutionListener.populatedRequestContextHolder' -> true, 'org.springframework.test.context.web.ServletTestExecutionListener.resetRequestContextHolder' -> true, 'org.springframework.test.context.event.ApplicationEventsTestExecutionListener.recordApplicationEvents' -> false]]; transaction manager [org.springframework.orm.jpa.JpaTransactionManager@321302bc]; rollback [true]
2023-11-22 01:56:23.685 DEBUG 26500 --- [    Test worker] org.hibernate.SQL                        : 
    delete 
    from
        seller
Hibernate: 
    delete 
    from
        seller
2023-11-22 01:56:23.692 DEBUG 26500 --- [    Test worker] org.hibernate.SQL                        : 
    select
        sellerenti0_.seller_key as seller_k1_6_,
        sellerenti0_.shop_key as shop_key7_6_,
        sellerenti0_.isgrant as isgrant2_6_,
        sellerenti0_.seller_id_email as seller_i3_6_,
        sellerenti0_.seller_name as seller_n4_6_,
        sellerenti0_.seller_password as seller_p5_6_,
        sellerenti0_.seller_phonenum as seller_p6_6_ 
    from
        seller sellerenti0_ 
    where
        sellerenti0_.seller_key=?
Hibernate: 
    select
        sellerenti0_.seller_key as seller_k1_6_,
        sellerenti0_.shop_key as shop_key7_6_,
        sellerenti0_.isgrant as isgrant2_6_,
        sellerenti0_.seller_id_email as seller_i3_6_,
        sellerenti0_.seller_name as seller_n4_6_,
        sellerenti0_.seller_password as seller_p5_6_,
        sellerenti0_.seller_phonenum as seller_p6_6_ 
    from
        seller sellerenti0_ 
    where
        sellerenti0_.seller_key=?
2023-11-22 01:56:23.693 TRACE 26500 --- [    Test worker] o.h.type.descriptor.sql.BasicBinder      : binding parameter [1] as [INTEGER] - [123456789]
2023-11-22 01:56:23.774 DEBUG 26500 --- [    Test worker] org.hibernate.SQL                        : 
    select
        sellerenti0_.seller_key as seller_k1_6_0_,
        sellerenti0_.shop_key as shop_key7_6_0_,
        sellerenti0_.isgrant as isgrant2_6_0_,
        sellerenti0_.seller_id_email as seller_i3_6_0_,
        sellerenti0_.seller_name as seller_n4_6_0_,
        sellerenti0_.seller_password as seller_p5_6_0_,
        sellerenti0_.seller_phonenum as seller_p6_6_0_ 
    from
        seller sellerenti0_ 
    where
        sellerenti0_.seller_key=?
Hibernate: 
    select
        sellerenti0_.seller_key as seller_k1_6_0_,
        sellerenti0_.shop_key as shop_key7_6_0_,
        sellerenti0_.isgrant as isgrant2_6_0_,
        sellerenti0_.seller_id_email as seller_i3_6_0_,
        sellerenti0_.seller_name as seller_n4_6_0_,
        sellerenti0_.seller_password as seller_p5_6_0_,
        sellerenti0_.seller_phonenum as seller_p6_6_0_ 
    from
        seller sellerenti0_ 
    where
        sellerenti0_.seller_key=?
2023-11-22 01:56:23.775 TRACE 26500 --- [    Test worker] o.h.type.descriptor.sql.BasicBinder      : binding parameter [1] as [INTEGER] - [123456789]
2023-11-22 01:56:23.784 DEBUG 26500 --- [    Test worker] org.hibernate.SQL                        : 
    insert 
    into
        seller
        (shop_key, isgrant, seller_id_email, seller_name, seller_password, seller_phonenum, seller_key) 
    values
        (?, ?, ?, ?, ?, ?, ?)
Hibernate: 
    insert 
    into
        seller
        (shop_key, isgrant, seller_id_email, seller_name, seller_password, seller_phonenum, seller_key) 
    values
        (?, ?, ?, ?, ?, ?, ?)
2023-11-22 01:56:23.784 TRACE 26500 --- [    Test worker] o.h.type.descriptor.sql.BasicBinder      : binding parameter [1] as [INTEGER] - [null]
2023-11-22 01:56:23.784 TRACE 26500 --- [    Test worker] o.h.type.descriptor.sql.BasicBinder      : binding parameter [2] as [INTEGER] - [null]
2023-11-22 01:56:23.784 TRACE 26500 --- [    Test worker] o.h.type.descriptor.sql.BasicBinder      : binding parameter [3] as [VARCHAR] - [ajou@gmail.com]
2023-11-22 01:56:23.784 TRACE 26500 --- [    Test worker] o.h.type.descriptor.sql.BasicBinder      : binding parameter [4] as [VARCHAR] - [suhyeon]
2023-11-22 01:56:23.784 TRACE 26500 --- [    Test worker] o.h.type.descriptor.sql.BasicBinder      : binding parameter [5] as [VARCHAR] - [$2a$10$3VhllNtSWeVMyZLfh.IXk.6vOTuhxKNHQoVNGPlJx/6BvIrVYICAu]
2023-11-22 01:56:23.784 TRACE 26500 --- [    Test worker] o.h.type.descriptor.sql.BasicBinder      : binding parameter [6] as [VARCHAR] - [010-1111-2222]
2023-11-22 01:56:23.784 TRACE 26500 --- [    Test worker] o.h.type.descriptor.sql.BasicBinder      : binding parameter [7] as [INTEGER] - [123456789]
2023-11-22 01:56:23.792 DEBUG 26500 --- [    Test worker] org.hibernate.SQL                        : 
    select
        sellerenti0_.seller_key as seller_k1_6_,
        sellerenti0_.shop_key as shop_key7_6_,
        sellerenti0_.isgrant as isgrant2_6_,
        sellerenti0_.seller_id_email as seller_i3_6_,
        sellerenti0_.seller_name as seller_n4_6_,
        sellerenti0_.seller_password as seller_p5_6_,
        sellerenti0_.seller_phonenum as seller_p6_6_ 
    from
        seller sellerenti0_ 
    where
        sellerenti0_.seller_id_email=?
Hibernate: 
    select
        sellerenti0_.seller_key as seller_k1_6_,
        sellerenti0_.shop_key as shop_key7_6_,
        sellerenti0_.isgrant as isgrant2_6_,
        sellerenti0_.seller_id_email as seller_i3_6_,
        sellerenti0_.seller_name as seller_n4_6_,
        sellerenti0_.seller_password as seller_p5_6_,
        sellerenti0_.seller_phonenum as seller_p6_6_ 
    from
        seller sellerenti0_ 
    where
        sellerenti0_.seller_id_email=?
2023-11-22 01:56:23.793 TRACE 26500 --- [    Test worker] o.h.type.descriptor.sql.BasicBinder      : binding parameter [1] as [VARCHAR] - [wrongemail@gmail.com]
2023-11-22 01:56:23.822  INFO 26500 --- [    Test worker] o.s.t.c.transaction.TransactionContext   : Rolled back transaction for test: [DefaultTestContext@5e352e3a testClass = SellerServiceTest, testInstance = net.prescent.service.SellerServiceTest@225d93aa, testMethod = loginFailureWrongIdTest@SellerServiceTest, testException = [null], mergedContextConfiguration = [WebMergedContextConfiguration@38a6ca39 testClass = SellerServiceTest, locations = '{}', classes = '{class net.prescent.PreScentApplication}', contextInitializerClasses = '[]', activeProfiles = '{}', propertySourceLocations = '{}', propertySourceProperties = '{org.springframework.boot.test.context.SpringBootTestContextBootstrapper=true}', contextCustomizers = set[org.springframework.boot.test.autoconfigure.actuate.metrics.MetricsExportContextCustomizerFactory$DisableMetricExportContextCustomizer@3f053c80, org.springframework.boot.test.autoconfigure.properties.PropertyMappingContextCustomizer@0, org.springframework.boot.test.autoconfigure.web.servlet.WebDriverContextCustomizerFactory$Customizer@636e8cc, org.springframework.boot.test.context.filter.ExcludeFilterContextCustomizer@619bfe29, org.springframework.boot.test.json.DuplicateJsonObjectContextCustomizerFactory$DuplicateJsonObjectContextCustomizer@2bef51f2, org.springframework.boot.test.mock.mockito.MockitoContextCustomizer@0, org.springframework.boot.test.web.client.TestRestTemplateContextCustomizer@5ad10c1a, org.springframework.boot.test.context.SpringBootTestArgs@1, org.springframework.boot.test.context.SpringBootTestWebEnvironment@20d7d6fb], resourceBasePath = 'src/main/webapp', contextLoader = 'org.springframework.boot.test.context.SpringBootContextLoader', parent = [null]], attributes = map['org.springframework.test.context.web.ServletTestExecutionListener.activateListener' -> true, 'org.springframework.test.context.web.ServletTestExecutionListener.populatedRequestContextHolder' -> true, 'org.springframework.test.context.web.ServletTestExecutionListener.resetRequestContextHolder' -> true, 'org.springframework.test.context.event.ApplicationEventsTestExecutionListener.recordApplicationEvents' -> false]]
]]></system-out>
  <system-err><![CDATA[]]></system-err>
</testsuite>
