<?xml version="1.0" encoding="UTF-8"?>
<testsuite name="Unknown.PreScent.service.FinishedProductEntityServiceTest" tests="1" skipped="0" failures="0" errors="0" timestamp="2023-11-25T10:56:59" hostname="DESKTOP-KHMF9AU" time="1.649">
  <properties/>
  <testcase name="완제품 등록" classname="Unknown.PreScent.service.FinishedProductEntityServiceTest" time="1.649"/>
  <system-out><![CDATA[19:56:49.863 [Test worker] DEBUG org.springframework.test.context.BootstrapUtils - Instantiating CacheAwareContextLoaderDelegate from class [org.springframework.test.context.cache.DefaultCacheAwareContextLoaderDelegate]
19:56:49.880 [Test worker] DEBUG org.springframework.test.context.BootstrapUtils - Instantiating BootstrapContext using constructor [public org.springframework.test.context.support.DefaultBootstrapContext(java.lang.Class,org.springframework.test.context.CacheAwareContextLoaderDelegate)]
19:56:49.955 [Test worker] DEBUG org.springframework.test.context.BootstrapUtils - Instantiating TestContextBootstrapper for test class [Unknown.PreScent.service.FinishedProductEntityServiceTest] from class [org.springframework.boot.test.context.SpringBootTestContextBootstrapper]
19:56:49.981 [Test worker] INFO org.springframework.boot.test.context.SpringBootTestContextBootstrapper - Neither @ContextConfiguration nor @ContextHierarchy found for test class [Unknown.PreScent.service.FinishedProductEntityServiceTest], using SpringBootContextLoader
19:56:49.995 [Test worker] DEBUG org.springframework.test.context.support.AbstractContextLoader - Did not detect default resource location for test class [Unknown.PreScent.service.FinishedProductEntityServiceTest]: class path resource [Unknown/PreScent/service/FinishedProductEntityServiceTest-context.xml] does not exist
19:56:49.997 [Test worker] DEBUG org.springframework.test.context.support.AbstractContextLoader - Did not detect default resource location for test class [Unknown.PreScent.service.FinishedProductEntityServiceTest]: class path resource [Unknown/PreScent/service/FinishedProductEntityServiceTestContext.groovy] does not exist
19:56:49.997 [Test worker] INFO org.springframework.test.context.support.AbstractContextLoader - Could not detect default resource locations for test class [Unknown.PreScent.service.FinishedProductEntityServiceTest]: no resource found for suffixes {-context.xml, Context.groovy}.
19:56:49.999 [Test worker] INFO org.springframework.test.context.support.AnnotationConfigContextLoaderUtils - Could not detect default configuration classes for test class [Unknown.PreScent.service.FinishedProductEntityServiceTest]: FinishedProductEntityServiceTest does not declare any static, non-private, non-final, nested classes annotated with @Configuration.
19:56:50.109 [Test worker] DEBUG org.springframework.test.context.support.ActiveProfilesUtils - Could not find an 'annotation declaring class' for annotation type [org.springframework.test.context.ActiveProfiles] and class [Unknown.PreScent.service.FinishedProductEntityServiceTest]
19:56:50.270 [Test worker] DEBUG org.springframework.context.annotation.ClassPathScanningCandidateComponentProvider - Identified candidate component class: file [C:\Users\김도윤\Desktop\학교\4-2\PreScent\build\classes\java\main\Unknown\PreScent\PreScentApplication.class]
19:56:50.273 [Test worker] INFO org.springframework.boot.test.context.SpringBootTestContextBootstrapper - Found @SpringBootConfiguration Unknown.PreScent.PreScentApplication for test class Unknown.PreScent.service.FinishedProductEntityServiceTest
19:56:50.547 [Test worker] DEBUG org.springframework.boot.test.context.SpringBootTestContextBootstrapper - @TestExecutionListeners is not present for class [Unknown.PreScent.service.FinishedProductEntityServiceTest]: using defaults.
19:56:50.548 [Test worker] INFO org.springframework.boot.test.context.SpringBootTestContextBootstrapper - Loaded default TestExecutionListener class names from location [META-INF/spring.factories]: [org.springframework.security.test.context.support.WithSecurityContextTestExecutionListener, org.springframework.security.test.context.support.ReactorContextTestExecutionListener, org.springframework.boot.test.autoconfigure.restdocs.RestDocsTestExecutionListener, org.springframework.boot.test.autoconfigure.web.client.MockRestServiceServerResetTestExecutionListener, org.springframework.boot.test.autoconfigure.web.servlet.MockMvcPrintOnlyOnFailureTestExecutionListener, org.springframework.boot.test.autoconfigure.web.servlet.WebDriverTestExecutionListener, org.springframework.boot.test.autoconfigure.webservices.client.MockWebServiceServerTestExecutionListener, org.springframework.boot.test.mock.mockito.MockitoTestExecutionListener, org.springframework.boot.test.mock.mockito.ResetMocksTestExecutionListener, org.springframework.test.context.web.ServletTestExecutionListener, org.springframework.test.context.support.DirtiesContextBeforeModesTestExecutionListener, org.springframework.test.context.event.ApplicationEventsTestExecutionListener, org.springframework.test.context.support.DependencyInjectionTestExecutionListener, org.springframework.test.context.support.DirtiesContextTestExecutionListener, org.springframework.test.context.transaction.TransactionalTestExecutionListener, org.springframework.test.context.jdbc.SqlScriptsTestExecutionListener, org.springframework.test.context.event.EventPublishingTestExecutionListener]
19:56:50.596 [Test worker] INFO org.springframework.boot.test.context.SpringBootTestContextBootstrapper - Using TestExecutionListeners: [org.springframework.test.context.web.ServletTestExecutionListener@27ba81, org.springframework.test.context.support.DirtiesContextBeforeModesTestExecutionListener@336c81, org.springframework.test.context.event.ApplicationEventsTestExecutionListener@156f2dd, org.springframework.boot.test.mock.mockito.MockitoTestExecutionListener@1e52059, org.springframework.boot.test.autoconfigure.SpringBootDependencyInjectionTestExecutionListener@2577d6, org.springframework.test.context.support.DirtiesContextTestExecutionListener@1bd54f7, org.springframework.test.context.transaction.TransactionalTestExecutionListener@15f8707, org.springframework.test.context.jdbc.SqlScriptsTestExecutionListener@12485dd, org.springframework.security.test.context.support.WithSecurityContextTestExecutionListener@12c728, org.springframework.test.context.event.EventPublishingTestExecutionListener@1ab3a71, org.springframework.security.test.context.support.ReactorContextTestExecutionListener@5bfdfc, org.springframework.boot.test.autoconfigure.restdocs.RestDocsTestExecutionListener@1829787, org.springframework.boot.test.autoconfigure.web.client.MockRestServiceServerResetTestExecutionListener@1652c98, org.springframework.boot.test.autoconfigure.web.servlet.MockMvcPrintOnlyOnFailureTestExecutionListener@1bde877, org.springframework.boot.test.autoconfigure.web.servlet.WebDriverTestExecutionListener@b85ba1, org.springframework.boot.test.autoconfigure.webservices.client.MockWebServiceServerTestExecutionListener@12fc69e, org.springframework.boot.test.mock.mockito.ResetMocksTestExecutionListener@17632cf]
19:56:50.618 [Test worker] DEBUG org.springframework.test.context.support.AbstractDirtiesContextTestExecutionListener - Before test class: context [DefaultTestContext@e55e70 testClass = FinishedProductEntityServiceTest, testInstance = [null], testMethod = [null], testException = [null], mergedContextConfiguration = [WebMergedContextConfiguration@3fcdcf testClass = FinishedProductEntityServiceTest, locations = '{}', classes = '{class Unknown.PreScent.PreScentApplication}', contextInitializerClasses = '[]', activeProfiles = '{}', propertySourceLocations = '{}', propertySourceProperties = '{org.springframework.boot.test.context.SpringBootTestContextBootstrapper=true}', contextCustomizers = set[org.springframework.boot.test.autoconfigure.actuate.metrics.MetricsExportContextCustomizerFactory$DisableMetricExportContextCustomizer@88b9fc, org.springframework.boot.test.autoconfigure.properties.PropertyMappingContextCustomizer@0, org.springframework.boot.test.autoconfigure.web.servlet.WebDriverContextCustomizerFactory$Customizer@f5a68a, org.springframework.boot.test.context.filter.ExcludeFilterContextCustomizer@d4d7c9, org.springframework.boot.test.json.DuplicateJsonObjectContextCustomizerFactory$DuplicateJsonObjectContextCustomizer@8c1f44, org.springframework.boot.test.mock.mockito.MockitoContextCustomizer@0, org.springframework.boot.test.web.client.TestRestTemplateContextCustomizer@2d6f11, org.springframework.boot.test.context.SpringBootTestArgs@1, org.springframework.boot.test.context.SpringBootTestWebEnvironment@1a5f4e7], resourceBasePath = 'src/main/webapp', contextLoader = 'org.springframework.boot.test.context.SpringBootContextLoader', parent = [null]], attributes = map['org.springframework.test.context.web.ServletTestExecutionListener.activateListener' -> true]], class annotated with @DirtiesContext [false] with mode [null].

  .   ____          _            __ _ _
 /\\ / ___'_ __ _ _(_)_ __  __ _ \ \ \ \
( ( )\___ | '_ | '_| | '_ \/ _` | \ \ \ \
 \\/  ___)| |_)| | | | | || (_| |  ) ) ) )
  '  |____| .__|_| |_|_| |_\__, | / / / /
 =========|_|==============|___/=/_/_/_/
 :: Spring Boot ::               (v2.7.17)

2023-11-25 19:56:51.295  INFO 17864 --- [    Test worker] U.P.s.FinishedProductEntityServiceTest   : Starting FinishedProductEntityServiceTest using Java 11.0.21 on DESKTOP-KHMF9AU with PID 17864 (started by 김도윤 in C:\Users\김도윤\Desktop\학교\4-2\PreScent)
2023-11-25 19:56:51.296  INFO 17864 --- [    Test worker] U.P.s.FinishedProductEntityServiceTest   : No active profile set, falling back to 1 default profile: "default"
2023-11-25 19:56:52.325  INFO 17864 --- [    Test worker] .s.d.r.c.RepositoryConfigurationDelegate : Bootstrapping Spring Data JPA repositories in DEFAULT mode.
2023-11-25 19:56:52.417  INFO 17864 --- [    Test worker] .s.d.r.c.RepositoryConfigurationDelegate : Finished Spring Data repository scanning in 80 ms. Found 5 JPA repository interfaces.
2023-11-25 19:56:53.052  INFO 17864 --- [    Test worker] o.hibernate.jpa.internal.util.LogHelper  : HHH000204: Processing PersistenceUnitInfo [name: default]
2023-11-25 19:56:53.122  INFO 17864 --- [    Test worker] org.hibernate.Version                    : HHH000412: Hibernate ORM core version 5.6.15.Final
2023-11-25 19:56:53.311  INFO 17864 --- [    Test worker] o.hibernate.annotations.common.Version   : HCANN000001: Hibernate Commons Annotations {5.1.2.Final}
2023-11-25 19:56:53.411  INFO 17864 --- [    Test worker] com.zaxxer.hikari.HikariDataSource       : HikariPool-1 - Starting...
2023-11-25 19:56:54.050  INFO 17864 --- [    Test worker] com.zaxxer.hikari.HikariDataSource       : HikariPool-1 - Start completed.
2023-11-25 19:56:54.108  INFO 17864 --- [    Test worker] org.hibernate.dialect.Dialect            : HHH000400: Using dialect: org.hibernate.dialect.MySQL5InnoDBDialect
2023-11-25 19:56:55.552 DEBUG 17864 --- [    Test worker] org.hibernate.SQL                        : 
    
    create table customer (
       customer_key integer not null auto_increment,
        customer_id_email varchar(255) not null,
        customer_location varchar(255),
        customer_name varchar(255) not null,
        customer_password varchar(255) not null,
        customer_phonenum varchar(255) not null,
        primary key (customer_key)
    ) engine=InnoDB
Hibernate: 
    
    create table customer (
       customer_key integer not null auto_increment,
        customer_id_email varchar(255) not null,
        customer_location varchar(255),
        customer_name varchar(255) not null,
        customer_password varchar(255) not null,
        customer_phonenum varchar(255) not null,
        primary key (customer_key)
    ) engine=InnoDB
2023-11-25 19:56:55.656 DEBUG 17864 --- [    Test worker] org.hibernate.SQL                        : 
    
    create table seller (
       seller_key integer not null,
        isgrant integer,
        seller_id_email varchar(255) not null,
        seller_name varchar(255) not null,
        seller_password varchar(255) not null,
        seller_phonenum varchar(255) not null,
        shop_key integer,
        primary key (seller_key)
    ) engine=InnoDB
Hibernate: 
    
    create table seller (
       seller_key integer not null,
        isgrant integer,
        seller_id_email varchar(255) not null,
        seller_name varchar(255) not null,
        seller_password varchar(255) not null,
        seller_phonenum varchar(255) not null,
        shop_key integer,
        primary key (seller_key)
    ) engine=InnoDB
2023-11-25 19:56:55.753 DEBUG 17864 --- [    Test worker] org.hibernate.SQL                        : 
    
    alter table customer 
       drop index UK_8j9yge5nv5ok9496oauqepl32
Hibernate: 
    
    alter table customer 
       drop index UK_8j9yge5nv5ok9496oauqepl32
2023-11-25 19:56:55.854 DEBUG 17864 --- [    Test worker] org.hibernate.SQL                        : 
    
    alter table customer 
       add constraint UK_8j9yge5nv5ok9496oauqepl32 unique (customer_id_email)
Hibernate: 
    
    alter table customer 
       add constraint UK_8j9yge5nv5ok9496oauqepl32 unique (customer_id_email)
2023-11-25 19:56:55.936 DEBUG 17864 --- [    Test worker] org.hibernate.SQL                        : 
    
    alter table seller 
       drop index UK_7amlseluaojir0npcobroc0ry
Hibernate: 
    
    alter table seller 
       drop index UK_7amlseluaojir0npcobroc0ry
2023-11-25 19:56:56.005 DEBUG 17864 --- [    Test worker] org.hibernate.SQL                        : 
    
    alter table seller 
       add constraint UK_7amlseluaojir0npcobroc0ry unique (seller_id_email)
Hibernate: 
    
    alter table seller 
       add constraint UK_7amlseluaojir0npcobroc0ry unique (seller_id_email)
2023-11-25 19:56:56.445 DEBUG 17864 --- [    Test worker] org.hibernate.SQL                        : 
    
    alter table seller 
       add constraint FKrauya28j52vpj8225cytg4s3w 
       foreign key (shop_key) 
       references flower_shop (shop_key)
Hibernate: 
    
    alter table seller 
       add constraint FKrauya28j52vpj8225cytg4s3w 
       foreign key (shop_key) 
       references flower_shop (shop_key)
2023-11-25 19:56:56.557  INFO 17864 --- [    Test worker] o.h.e.t.j.p.i.JtaPlatformInitiator       : HHH000490: Using JtaPlatform implementation: [org.hibernate.engine.transaction.jta.platform.internal.NoJtaPlatform]
2023-11-25 19:56:56.591  INFO 17864 --- [    Test worker] j.LocalContainerEntityManagerFactoryBean : Initialized JPA EntityManagerFactory for persistence unit 'default'
2023-11-25 19:56:56.758  WARN 17864 --- [    Test worker] JpaBaseConfiguration$JpaWebConfiguration : spring.jpa.open-in-view is enabled by default. Therefore, database queries may be performed during view rendering. Explicitly configure spring.jpa.open-in-view to disable this warning
2023-11-25 19:56:58.012  WARN 17864 --- [    Test worker] .s.s.UserDetailsServiceAutoConfiguration : 

Using generated security password: 9906070d-d37e-4386-8dc7-df40708460c1

This generated password is for development use only. Your security configuration must be updated before running your application in production.

2023-11-25 19:56:58.338  INFO 17864 --- [    Test worker] o.s.s.web.DefaultSecurityFilterChain     : Will secure any request with [org.springframework.security.web.session.DisableEncodeUrlFilter@14a2c17, org.springframework.security.web.context.request.async.WebAsyncManagerIntegrationFilter@11f9ec3, org.springframework.security.web.context.SecurityContextPersistenceFilter@159f65c, org.springframework.security.web.header.HeaderWriterFilter@1cf65f1, org.springframework.security.web.authentication.logout.LogoutFilter@b3eab0, org.springframework.security.web.savedrequest.RequestCacheAwareFilter@4ebefd, org.springframework.security.web.servletapi.SecurityContextHolderAwareRequestFilter@15cbcc9, org.springframework.security.web.authentication.AnonymousAuthenticationFilter@8f94dc, org.springframework.security.web.session.SessionManagementFilter@a11a19, org.springframework.security.web.access.ExceptionTranslationFilter@16e2c83]
2023-11-25 19:56:59.907  INFO 17864 --- [    Test worker] U.P.s.FinishedProductEntityServiceTest   : Started FinishedProductEntityServiceTest in 9.218 seconds (JVM running for 11.932)
2023-11-25 19:57:00.157  INFO 17864 --- [    Test worker] o.s.t.c.transaction.TransactionContext   : Began transaction (1) for test context [DefaultTestContext@e55e70 testClass = FinishedProductEntityServiceTest, testInstance = Unknown.PreScent.service.FinishedProductEntityServiceTest@1fcb1bd, testMethod = testAddFinishedProduct@FinishedProductEntityServiceTest, testException = [null], mergedContextConfiguration = [WebMergedContextConfiguration@3fcdcf testClass = FinishedProductEntityServiceTest, locations = '{}', classes = '{class Unknown.PreScent.PreScentApplication}', contextInitializerClasses = '[]', activeProfiles = '{}', propertySourceLocations = '{}', propertySourceProperties = '{org.springframework.boot.test.context.SpringBootTestContextBootstrapper=true}', contextCustomizers = set[org.springframework.boot.test.autoconfigure.actuate.metrics.MetricsExportContextCustomizerFactory$DisableMetricExportContextCustomizer@88b9fc, org.springframework.boot.test.autoconfigure.properties.PropertyMappingContextCustomizer@0, org.springframework.boot.test.autoconfigure.web.servlet.WebDriverContextCustomizerFactory$Customizer@f5a68a, org.springframework.boot.test.context.filter.ExcludeFilterContextCustomizer@d4d7c9, org.springframework.boot.test.json.DuplicateJsonObjectContextCustomizerFactory$DuplicateJsonObjectContextCustomizer@8c1f44, org.springframework.boot.test.mock.mockito.MockitoContextCustomizer@0, org.springframework.boot.test.web.client.TestRestTemplateContextCustomizer@2d6f11, org.springframework.boot.test.context.SpringBootTestArgs@1, org.springframework.boot.test.context.SpringBootTestWebEnvironment@1a5f4e7], resourceBasePath = 'src/main/webapp', contextLoader = 'org.springframework.boot.test.context.SpringBootContextLoader', parent = [null]], attributes = map['org.springframework.test.context.web.ServletTestExecutionListener.activateListener' -> true, 'org.springframework.test.context.web.ServletTestExecutionListener.populatedRequestContextHolder' -> true, 'org.springframework.test.context.web.ServletTestExecutionListener.resetRequestContextHolder' -> true, 'org.springframework.test.context.event.ApplicationEventsTestExecutionListener.recordApplicationEvents' -> false]]; transaction manager [org.springframework.orm.jpa.JpaTransactionManager@1e6f29d]; rollback [true]
2023-11-25 19:57:00.479 DEBUG 17864 --- [    Test worker] org.hibernate.SQL                        : 
    delete 
    from
        finished_product
Hibernate: 
    delete 
    from
        finished_product
2023-11-25 19:57:00.596 DEBUG 17864 --- [    Test worker] org.hibernate.SQL                        : 
    select
        sellerenti0_.seller_key as seller_k1_4_,
        sellerenti0_.shop_key as shop_key7_4_,
        sellerenti0_.isgrant as isgrant2_4_,
        sellerenti0_.seller_id_email as seller_i3_4_,
        sellerenti0_.seller_name as seller_n4_4_,
        sellerenti0_.seller_password as seller_p5_4_,
        sellerenti0_.seller_phonenum as seller_p6_4_ 
    from
        seller sellerenti0_ 
    where
        sellerenti0_.seller_key=?
Hibernate: 
    select
        sellerenti0_.seller_key as seller_k1_4_,
        sellerenti0_.shop_key as shop_key7_4_,
        sellerenti0_.isgrant as isgrant2_4_,
        sellerenti0_.seller_id_email as seller_i3_4_,
        sellerenti0_.seller_name as seller_n4_4_,
        sellerenti0_.seller_password as seller_p5_4_,
        sellerenti0_.seller_phonenum as seller_p6_4_ 
    from
        seller sellerenti0_ 
    where
        sellerenti0_.seller_key=?
2023-11-25 19:57:00.600 TRACE 17864 --- [    Test worker] o.h.type.descriptor.sql.BasicBinder      : binding parameter [1] as [INTEGER] - [12345678]
2023-11-25 19:57:00.792 DEBUG 17864 --- [    Test worker] org.hibernate.SQL                        : 
    select
        sellerenti0_.seller_key as seller_k1_4_0_,
        sellerenti0_.shop_key as shop_key7_4_0_,
        sellerenti0_.isgrant as isgrant2_4_0_,
        sellerenti0_.seller_id_email as seller_i3_4_0_,
        sellerenti0_.seller_name as seller_n4_4_0_,
        sellerenti0_.seller_password as seller_p5_4_0_,
        sellerenti0_.seller_phonenum as seller_p6_4_0_ 
    from
        seller sellerenti0_ 
    where
        sellerenti0_.seller_key=?
Hibernate: 
    select
        sellerenti0_.seller_key as seller_k1_4_0_,
        sellerenti0_.shop_key as shop_key7_4_0_,
        sellerenti0_.isgrant as isgrant2_4_0_,
        sellerenti0_.seller_id_email as seller_i3_4_0_,
        sellerenti0_.seller_name as seller_n4_4_0_,
        sellerenti0_.seller_password as seller_p5_4_0_,
        sellerenti0_.seller_phonenum as seller_p6_4_0_ 
    from
        seller sellerenti0_ 
    where
        sellerenti0_.seller_key=?
2023-11-25 19:57:00.793 TRACE 17864 --- [    Test worker] o.h.type.descriptor.sql.BasicBinder      : binding parameter [1] as [INTEGER] - [12345678]
2023-11-25 19:57:00.885 DEBUG 17864 --- [    Test worker] org.hibernate.SQL                        : 
    insert 
    into
        seller
        (shop_key, isgrant, seller_id_email, seller_name, seller_password, seller_phonenum, seller_key) 
    values
        (?, ?, ?, ?, ?, ?, ?)
Hibernate: 
    insert 
    into
        seller
        (shop_key, isgrant, seller_id_email, seller_name, seller_password, seller_phonenum, seller_key) 
    values
        (?, ?, ?, ?, ?, ?, ?)
2023-11-25 19:57:00.886 TRACE 17864 --- [    Test worker] o.h.type.descriptor.sql.BasicBinder      : binding parameter [1] as [INTEGER] - [null]
2023-11-25 19:57:00.886 TRACE 17864 --- [    Test worker] o.h.type.descriptor.sql.BasicBinder      : binding parameter [2] as [INTEGER] - [null]
2023-11-25 19:57:00.887 TRACE 17864 --- [    Test worker] o.h.type.descriptor.sql.BasicBinder      : binding parameter [3] as [VARCHAR] - [ajou@gmail.com]
2023-11-25 19:57:00.888 TRACE 17864 --- [    Test worker] o.h.type.descriptor.sql.BasicBinder      : binding parameter [4] as [VARCHAR] - [suhyeon]
2023-11-25 19:57:00.888 TRACE 17864 --- [    Test worker] o.h.type.descriptor.sql.BasicBinder      : binding parameter [5] as [VARCHAR] - [$2a$10$aazc7eTEMVwZMFyIOwoZPeYQOuVMRx9Guse4WTttc7pePTx4ns.fC]
2023-11-25 19:57:00.888 TRACE 17864 --- [    Test worker] o.h.type.descriptor.sql.BasicBinder      : binding parameter [6] as [VARCHAR] - [010-1111-2222]
2023-11-25 19:57:00.888 TRACE 17864 --- [    Test worker] o.h.type.descriptor.sql.BasicBinder      : binding parameter [7] as [INTEGER] - [12345678]
2023-11-25 19:57:00.934 DEBUG 17864 --- [    Test worker] org.hibernate.SQL                        : 
    select
        sellerenti0_.seller_key as seller_k1_4_,
        sellerenti0_.shop_key as shop_key7_4_,
        sellerenti0_.isgrant as isgrant2_4_,
        sellerenti0_.seller_id_email as seller_i3_4_,
        sellerenti0_.seller_name as seller_n4_4_,
        sellerenti0_.seller_password as seller_p5_4_,
        sellerenti0_.seller_phonenum as seller_p6_4_ 
    from
        seller sellerenti0_ 
    where
        sellerenti0_.seller_key=?
Hibernate: 
    select
        sellerenti0_.seller_key as seller_k1_4_,
        sellerenti0_.shop_key as shop_key7_4_,
        sellerenti0_.isgrant as isgrant2_4_,
        sellerenti0_.seller_id_email as seller_i3_4_,
        sellerenti0_.seller_name as seller_n4_4_,
        sellerenti0_.seller_password as seller_p5_4_,
        sellerenti0_.seller_phonenum as seller_p6_4_ 
    from
        seller sellerenti0_ 
    where
        sellerenti0_.seller_key=?
2023-11-25 19:57:00.935 TRACE 17864 --- [    Test worker] o.h.type.descriptor.sql.BasicBinder      : binding parameter [1] as [INTEGER] - [12345678]
ajou@gmail.comsuhyeon-----------------------------------


2023-11-25 19:57:01.001 DEBUG 17864 --- [    Test worker] org.hibernate.SQL                        : 
    insert 
    into
        flower_shop
        (close_hour, close_minute, description, is_opened, is_sub, open_hour, open_minute, shop_location, shop_name, shop_phone_num, workday) 
    values
        (?, ?, ?, ?, ?, ?, ?, ?, ?, ?, ?)
Hibernate: 
    insert 
    into
        flower_shop
        (close_hour, close_minute, description, is_opened, is_sub, open_hour, open_minute, shop_location, shop_name, shop_phone_num, workday) 
    values
        (?, ?, ?, ?, ?, ?, ?, ?, ?, ?, ?)
2023-11-25 19:57:01.002 TRACE 17864 --- [    Test worker] o.h.type.descriptor.sql.BasicBinder      : binding parameter [1] as [INTEGER] - [20]
2023-11-25 19:57:01.002 TRACE 17864 --- [    Test worker] o.h.type.descriptor.sql.BasicBinder      : binding parameter [2] as [INTEGER] - [0]
2023-11-25 19:57:01.002 TRACE 17864 --- [    Test worker] o.h.type.descriptor.sql.BasicBinder      : binding parameter [3] as [VARCHAR] - [안녕하세요 디스크립션 입니다.]
2023-11-25 19:57:01.003 TRACE 17864 --- [    Test worker] o.h.type.descriptor.sql.BasicBinder      : binding parameter [4] as [BOOLEAN] - [true]
2023-11-25 19:57:01.003 TRACE 17864 --- [    Test worker] o.h.type.descriptor.sql.BasicBinder      : binding parameter [5] as [BOOLEAN] - [false]
2023-11-25 19:57:01.004 TRACE 17864 --- [    Test worker] o.h.type.descriptor.sql.BasicBinder      : binding parameter [6] as [INTEGER] - [10]
2023-11-25 19:57:01.004 TRACE 17864 --- [    Test worker] o.h.type.descriptor.sql.BasicBinder      : binding parameter [7] as [INTEGER] - [0]
2023-11-25 19:57:01.004 TRACE 17864 --- [    Test worker] o.h.type.descriptor.sql.BasicBinder      : binding parameter [8] as [VARCHAR] - [suwon city]
2023-11-25 19:57:01.004 TRACE 17864 --- [    Test worker] o.h.type.descriptor.sql.BasicBinder      : binding parameter [9] as [VARCHAR] - [it's me]
2023-11-25 19:57:01.005 TRACE 17864 --- [    Test worker] o.h.type.descriptor.sql.BasicBinder      : binding parameter [10] as [VARCHAR] - [031-308-8223]
2023-11-25 19:57:01.005 TRACE 17864 --- [    Test worker] o.h.type.descriptor.sql.BasicBinder      : binding parameter [11] as [VARBINARY] - [[Ljava.lang.String;@ca8882]
ajou@gmail.comsuhyeonit's me-----------------------------------


2023-11-25 19:57:01.076 DEBUG 17864 --- [    Test worker] org.hibernate.SQL                        : 
    select
        flowershop0_.shop_key as shop_key1_2_,
        flowershop0_.close_hour as close_ho2_2_,
        flowershop0_.close_minute as close_mi3_2_,
        flowershop0_.description as descript4_2_,
        flowershop0_.is_opened as is_opene5_2_,
        flowershop0_.is_sub as is_sub6_2_,
        flowershop0_.open_hour as open_hou7_2_,
        flowershop0_.open_minute as open_min8_2_,
        flowershop0_.shop_location as shop_loc9_2_,
        flowershop0_.shop_name as shop_na10_2_,
        flowershop0_.shop_phone_num as shop_ph11_2_,
        flowershop0_.workday as workday12_2_ 
    from
        flower_shop flowershop0_ 
    where
        flowershop0_.shop_key=?
Hibernate: 
    select
        flowershop0_.shop_key as shop_key1_2_,
        flowershop0_.close_hour as close_ho2_2_,
        flowershop0_.close_minute as close_mi3_2_,
        flowershop0_.description as descript4_2_,
        flowershop0_.is_opened as is_opene5_2_,
        flowershop0_.is_sub as is_sub6_2_,
        flowershop0_.open_hour as open_hou7_2_,
        flowershop0_.open_minute as open_min8_2_,
        flowershop0_.shop_location as shop_loc9_2_,
        flowershop0_.shop_name as shop_na10_2_,
        flowershop0_.shop_phone_num as shop_ph11_2_,
        flowershop0_.workday as workday12_2_ 
    from
        flower_shop flowershop0_ 
    where
        flowershop0_.shop_key=?
2023-11-25 19:57:01.077 TRACE 17864 --- [    Test worker] o.h.type.descriptor.sql.BasicBinder      : binding parameter [1] as [INTEGER] - [19]
DtoToEntity내부 fpImage가 비어있습니다 ******************************
2023-11-25 19:57:01.129 DEBUG 17864 --- [    Test worker] org.hibernate.SQL                        : 
    select
        flowershop0_.shop_key as shop_key1_2_,
        flowershop0_.close_hour as close_ho2_2_,
        flowershop0_.close_minute as close_mi3_2_,
        flowershop0_.description as descript4_2_,
        flowershop0_.is_opened as is_opene5_2_,
        flowershop0_.is_sub as is_sub6_2_,
        flowershop0_.open_hour as open_hou7_2_,
        flowershop0_.open_minute as open_min8_2_,
        flowershop0_.shop_location as shop_loc9_2_,
        flowershop0_.shop_name as shop_na10_2_,
        flowershop0_.shop_phone_num as shop_ph11_2_,
        flowershop0_.workday as workday12_2_ 
    from
        flower_shop flowershop0_ 
    where
        flowershop0_.shop_key=?
Hibernate: 
    select
        flowershop0_.shop_key as shop_key1_2_,
        flowershop0_.close_hour as close_ho2_2_,
        flowershop0_.close_minute as close_mi3_2_,
        flowershop0_.description as descript4_2_,
        flowershop0_.is_opened as is_opene5_2_,
        flowershop0_.is_sub as is_sub6_2_,
        flowershop0_.open_hour as open_hou7_2_,
        flowershop0_.open_minute as open_min8_2_,
        flowershop0_.shop_location as shop_loc9_2_,
        flowershop0_.shop_name as shop_na10_2_,
        flowershop0_.shop_phone_num as shop_ph11_2_,
        flowershop0_.workday as workday12_2_ 
    from
        flower_shop flowershop0_ 
    where
        flowershop0_.shop_key=?
2023-11-25 19:57:01.131 TRACE 17864 --- [    Test worker] o.h.type.descriptor.sql.BasicBinder      : binding parameter [1] as [INTEGER] - [19]
---------------------------------in addFinishedProductToShop foundFlowerShopEntity.get()전
---------------------------------in addFinishedProductToShop foundFlowerShopEntity.get()후19
---------------------------------in addFinishedProductToShop setFlowershopEntity후Unknown.PreScent.entity.FinishedProductEntity@72c27a
shopKey 값 : 19--------------------------------------------
fpName 값 : 장미꽃다발--------------------------------------------
fpTag 값 : 연인--------------------------------------------
fpPrice 값 : 20000--------------------------------------------
fpDetail 값 : null--------------------------------------------
fpFlowerList 값 : [Ljava.lang.String;@15b3ec9--------------------------------------------
2023-11-25 19:57:01.177 DEBUG 17864 --- [    Test worker] org.hibernate.SQL                        : 
    insert 
    into
        finished_product
        (shop_key, fp_detail, fp_flower_list, fp_image, fp_name, fp_price, fp_state, fp_tag) 
    values
        (?, ?, ?, ?, ?, ?, ?, ?)
Hibernate: 
    insert 
    into
        finished_product
        (shop_key, fp_detail, fp_flower_list, fp_image, fp_name, fp_price, fp_state, fp_tag) 
    values
        (?, ?, ?, ?, ?, ?, ?, ?)
2023-11-25 19:57:01.190 TRACE 17864 --- [    Test worker] o.h.type.descriptor.sql.BasicBinder      : binding parameter [1] as [INTEGER] - [19]
2023-11-25 19:57:01.190 TRACE 17864 --- [    Test worker] o.h.type.descriptor.sql.BasicBinder      : binding parameter [2] as [VARCHAR] - [null]
2023-11-25 19:57:01.191 TRACE 17864 --- [    Test worker] o.h.type.descriptor.sql.BasicBinder      : binding parameter [3] as [VARBINARY] - [[Ljava.lang.String;@c39949]
2023-11-25 19:57:01.191 TRACE 17864 --- [    Test worker] o.h.type.descriptor.sql.BasicBinder      : binding parameter [4] as [BLOB] - [null]
2023-11-25 19:57:01.192 TRACE 17864 --- [    Test worker] o.h.type.descriptor.sql.BasicBinder      : binding parameter [5] as [VARCHAR] - [장미꽃다발]
2023-11-25 19:57:01.192 TRACE 17864 --- [    Test worker] o.h.type.descriptor.sql.BasicBinder      : binding parameter [6] as [INTEGER] - [20000]
2023-11-25 19:57:01.192 TRACE 17864 --- [    Test worker] o.h.type.descriptor.sql.BasicBinder      : binding parameter [7] as [BOOLEAN] - [true]
2023-11-25 19:57:01.193 TRACE 17864 --- [    Test worker] o.h.type.descriptor.sql.BasicBinder      : binding parameter [8] as [VARCHAR] - [연인]
---------------------------------in addFinishedProductToShop save끝
2023-11-25 19:57:01.388 DEBUG 17864 --- [    Test worker] org.hibernate.SQL                        : 
    update
        seller 
    set
        shop_key=?,
        isgrant=?,
        seller_id_email=?,
        seller_name=?,
        seller_password=?,
        seller_phonenum=? 
    where
        seller_key=?
Hibernate: 
    update
        seller 
    set
        shop_key=?,
        isgrant=?,
        seller_id_email=?,
        seller_name=?,
        seller_password=?,
        seller_phonenum=? 
    where
        seller_key=?
2023-11-25 19:57:01.389 TRACE 17864 --- [    Test worker] o.h.type.descriptor.sql.BasicBinder      : binding parameter [1] as [INTEGER] - [19]
2023-11-25 19:57:01.389 TRACE 17864 --- [    Test worker] o.h.type.descriptor.sql.BasicBinder      : binding parameter [2] as [INTEGER] - [null]
2023-11-25 19:57:01.390 TRACE 17864 --- [    Test worker] o.h.type.descriptor.sql.BasicBinder      : binding parameter [3] as [VARCHAR] - [ajou@gmail.com]
2023-11-25 19:57:01.390 TRACE 17864 --- [    Test worker] o.h.type.descriptor.sql.BasicBinder      : binding parameter [4] as [VARCHAR] - [suhyeon]
2023-11-25 19:57:01.390 TRACE 17864 --- [    Test worker] o.h.type.descriptor.sql.BasicBinder      : binding parameter [5] as [VARCHAR] - [$2a$10$aazc7eTEMVwZMFyIOwoZPeYQOuVMRx9Guse4WTttc7pePTx4ns.fC]
2023-11-25 19:57:01.390 TRACE 17864 --- [    Test worker] o.h.type.descriptor.sql.BasicBinder      : binding parameter [6] as [VARCHAR] - [010-1111-2222]
2023-11-25 19:57:01.391 TRACE 17864 --- [    Test worker] o.h.type.descriptor.sql.BasicBinder      : binding parameter [7] as [INTEGER] - [12345678]
2023-11-25 19:57:01.439 DEBUG 17864 --- [    Test worker] org.hibernate.SQL                        : 
    select
        finishedpr0_.fp_key as fp_key1_1_,
        finishedpr0_.shop_key as shop_key9_1_,
        finishedpr0_.fp_detail as fp_detai2_1_,
        finishedpr0_.fp_flower_list as fp_flowe3_1_,
        finishedpr0_.fp_image as fp_image4_1_,
        finishedpr0_.fp_name as fp_name5_1_,
        finishedpr0_.fp_price as fp_price6_1_,
        finishedpr0_.fp_state as fp_state7_1_,
        finishedpr0_.fp_tag as fp_tag8_1_ 
    from
        finished_product finishedpr0_ 
    where
        finishedpr0_.fp_key=?
Hibernate: 
    select
        finishedpr0_.fp_key as fp_key1_1_,
        finishedpr0_.shop_key as shop_key9_1_,
        finishedpr0_.fp_detail as fp_detai2_1_,
        finishedpr0_.fp_flower_list as fp_flowe3_1_,
        finishedpr0_.fp_image as fp_image4_1_,
        finishedpr0_.fp_name as fp_name5_1_,
        finishedpr0_.fp_price as fp_price6_1_,
        finishedpr0_.fp_state as fp_state7_1_,
        finishedpr0_.fp_tag as fp_tag8_1_ 
    from
        finished_product finishedpr0_ 
    where
        finishedpr0_.fp_key=?
2023-11-25 19:57:01.442 TRACE 17864 --- [    Test worker] o.h.type.descriptor.sql.BasicBinder      : binding parameter [1] as [INTEGER] - [5]
2023-11-25 19:57:01.579  INFO 17864 --- [    Test worker] o.s.t.c.transaction.TransactionContext   : Rolled back transaction for test: [DefaultTestContext@e55e70 testClass = FinishedProductEntityServiceTest, testInstance = Unknown.PreScent.service.FinishedProductEntityServiceTest@1fcb1bd, testMethod = testAddFinishedProduct@FinishedProductEntityServiceTest, testException = [null], mergedContextConfiguration = [WebMergedContextConfiguration@3fcdcf testClass = FinishedProductEntityServiceTest, locations = '{}', classes = '{class Unknown.PreScent.PreScentApplication}', contextInitializerClasses = '[]', activeProfiles = '{}', propertySourceLocations = '{}', propertySourceProperties = '{org.springframework.boot.test.context.SpringBootTestContextBootstrapper=true}', contextCustomizers = set[org.springframework.boot.test.autoconfigure.actuate.metrics.MetricsExportContextCustomizerFactory$DisableMetricExportContextCustomizer@88b9fc, org.springframework.boot.test.autoconfigure.properties.PropertyMappingContextCustomizer@0, org.springframework.boot.test.autoconfigure.web.servlet.WebDriverContextCustomizerFactory$Customizer@f5a68a, org.springframework.boot.test.context.filter.ExcludeFilterContextCustomizer@d4d7c9, org.springframework.boot.test.json.DuplicateJsonObjectContextCustomizerFactory$DuplicateJsonObjectContextCustomizer@8c1f44, org.springframework.boot.test.mock.mockito.MockitoContextCustomizer@0, org.springframework.boot.test.web.client.TestRestTemplateContextCustomizer@2d6f11, org.springframework.boot.test.context.SpringBootTestArgs@1, org.springframework.boot.test.context.SpringBootTestWebEnvironment@1a5f4e7], resourceBasePath = 'src/main/webapp', contextLoader = 'org.springframework.boot.test.context.SpringBootContextLoader', parent = [null]], attributes = map['org.springframework.test.context.web.ServletTestExecutionListener.activateListener' -> true, 'org.springframework.test.context.web.ServletTestExecutionListener.populatedRequestContextHolder' -> true, 'org.springframework.test.context.web.ServletTestExecutionListener.resetRequestContextHolder' -> true, 'org.springframework.test.context.event.ApplicationEventsTestExecutionListener.recordApplicationEvents' -> false]]
]]></system-out>
  <system-err><![CDATA[]]></system-err>
</testsuite>
