<?xml version="1.0" encoding="UTF-8"?>
<testsuite name="Unknown.PreScent.service.FlowerShopEntityServiceTest" tests="2" skipped="0" failures="0" errors="0" timestamp="2023-11-21T11:20:21" hostname="DESKTOP-KHMF9AU" time="1.213">
  <properties/>
  <testcase name="매장 등록, 쿼리 테스트" classname="Unknown.PreScent.service.FlowerShopEntityServiceTest" time="0.654"/>
  <testcase name="Sellerkey같은 매장 생성 테스트" classname="Unknown.PreScent.service.FlowerShopEntityServiceTest" time="0.557"/>
  <system-out><![CDATA[2023-11-21 20:20:20.986  INFO 14608 --- [    Test worker] .b.t.c.SpringBootTestContextBootstrapper : Neither @ContextConfiguration nor @ContextHierarchy found for test class [Unknown.PreScent.service.FlowerShopEntityServiceTest], using SpringBootContextLoader
2023-11-21 20:20:20.988  INFO 14608 --- [    Test worker] o.s.t.c.support.AbstractContextLoader    : Could not detect default resource locations for test class [Unknown.PreScent.service.FlowerShopEntityServiceTest]: no resource found for suffixes {-context.xml, Context.groovy}.
2023-11-21 20:20:20.988  INFO 14608 --- [    Test worker] t.c.s.AnnotationConfigContextLoaderUtils : Could not detect default configuration classes for test class [Unknown.PreScent.service.FlowerShopEntityServiceTest]: FlowerShopEntityServiceTest does not declare any static, non-private, non-final, nested classes annotated with @Configuration.
2023-11-21 20:20:20.991  INFO 14608 --- [    Test worker] .b.t.c.SpringBootTestContextBootstrapper : Found @SpringBootConfiguration Unknown.PreScent.PreScentApplication for test class Unknown.PreScent.service.FlowerShopEntityServiceTest
2023-11-21 20:20:20.994  INFO 14608 --- [    Test worker] .b.t.c.SpringBootTestContextBootstrapper : Loaded default TestExecutionListener class names from location [META-INF/spring.factories]: [org.springframework.security.test.context.support.WithSecurityContextTestExecutionListener, org.springframework.security.test.context.support.ReactorContextTestExecutionListener, org.springframework.boot.test.autoconfigure.restdocs.RestDocsTestExecutionListener, org.springframework.boot.test.autoconfigure.web.client.MockRestServiceServerResetTestExecutionListener, org.springframework.boot.test.autoconfigure.web.servlet.MockMvcPrintOnlyOnFailureTestExecutionListener, org.springframework.boot.test.autoconfigure.web.servlet.WebDriverTestExecutionListener, org.springframework.boot.test.autoconfigure.webservices.client.MockWebServiceServerTestExecutionListener, org.springframework.boot.test.mock.mockito.MockitoTestExecutionListener, org.springframework.boot.test.mock.mockito.ResetMocksTestExecutionListener, org.springframework.test.context.web.ServletTestExecutionListener, org.springframework.test.context.support.DirtiesContextBeforeModesTestExecutionListener, org.springframework.test.context.event.ApplicationEventsTestExecutionListener, org.springframework.test.context.support.DependencyInjectionTestExecutionListener, org.springframework.test.context.support.DirtiesContextTestExecutionListener, org.springframework.test.context.transaction.TransactionalTestExecutionListener, org.springframework.test.context.jdbc.SqlScriptsTestExecutionListener, org.springframework.test.context.event.EventPublishingTestExecutionListener]
2023-11-21 20:20:20.996  INFO 14608 --- [    Test worker] .b.t.c.SpringBootTestContextBootstrapper : Using TestExecutionListeners: [org.springframework.test.context.web.ServletTestExecutionListener@1200702, org.springframework.test.context.support.DirtiesContextBeforeModesTestExecutionListener@b29382, org.springframework.test.context.event.ApplicationEventsTestExecutionListener@9baf91, org.springframework.boot.test.mock.mockito.MockitoTestExecutionListener@1d3188, org.springframework.boot.test.autoconfigure.SpringBootDependencyInjectionTestExecutionListener@182255e, org.springframework.test.context.support.DirtiesContextTestExecutionListener@106836f, org.springframework.test.context.transaction.TransactionalTestExecutionListener@9c5db9, org.springframework.test.context.jdbc.SqlScriptsTestExecutionListener@13aac93, org.springframework.security.test.context.support.WithSecurityContextTestExecutionListener@1dac63f, org.springframework.test.context.event.EventPublishingTestExecutionListener@3e90, org.springframework.security.test.context.support.ReactorContextTestExecutionListener@1ddc7c, org.springframework.boot.test.autoconfigure.restdocs.RestDocsTestExecutionListener@2fbd98, org.springframework.boot.test.autoconfigure.web.client.MockRestServiceServerResetTestExecutionListener@1e36e5c, org.springframework.boot.test.autoconfigure.web.servlet.MockMvcPrintOnlyOnFailureTestExecutionListener@20264e, org.springframework.boot.test.autoconfigure.web.servlet.WebDriverTestExecutionListener@6ae0ca, org.springframework.boot.test.autoconfigure.webservices.client.MockWebServiceServerTestExecutionListener@1e24c62, org.springframework.boot.test.mock.mockito.ResetMocksTestExecutionListener@179488c]
2023-11-21 20:20:21.015 DEBUG 14608 --- [    Test worker] org.hibernate.SQL                        : 
    delete 
    from
        seller
Hibernate: 
    delete 
    from
        seller
2023-11-21 20:20:21.047 DEBUG 14608 --- [    Test worker] org.hibernate.SQL                        : 
    delete 
    from
        flower_shop
Hibernate: 
    delete 
    from
        flower_shop
2023-11-21 20:20:21.126 DEBUG 14608 --- [    Test worker] org.hibernate.SQL                        : 
    select
        sellerenti0_.seller_key as seller_k1_4_,
        sellerenti0_.shop_key as shop_key7_4_,
        sellerenti0_.isgrant as isgrant2_4_,
        sellerenti0_.seller_id_email as seller_i3_4_,
        sellerenti0_.seller_name as seller_n4_4_,
        sellerenti0_.seller_password as seller_p5_4_,
        sellerenti0_.seller_phonenum as seller_p6_4_ 
    from
        seller sellerenti0_ 
    where
        sellerenti0_.seller_key=?
Hibernate: 
    select
        sellerenti0_.seller_key as seller_k1_4_,
        sellerenti0_.shop_key as shop_key7_4_,
        sellerenti0_.isgrant as isgrant2_4_,
        sellerenti0_.seller_id_email as seller_i3_4_,
        sellerenti0_.seller_name as seller_n4_4_,
        sellerenti0_.seller_password as seller_p5_4_,
        sellerenti0_.seller_phonenum as seller_p6_4_ 
    from
        seller sellerenti0_ 
    where
        sellerenti0_.seller_key=?
2023-11-21 20:20:21.127 TRACE 14608 --- [    Test worker] o.h.type.descriptor.sql.BasicBinder      : binding parameter [1] as [INTEGER] - [123456789]
2023-11-21 20:20:21.292 DEBUG 14608 --- [    Test worker] org.hibernate.SQL                        : 
    select
        sellerenti0_.seller_key as seller_k1_4_0_,
        sellerenti0_.shop_key as shop_key7_4_0_,
        sellerenti0_.isgrant as isgrant2_4_0_,
        sellerenti0_.seller_id_email as seller_i3_4_0_,
        sellerenti0_.seller_name as seller_n4_4_0_,
        sellerenti0_.seller_password as seller_p5_4_0_,
        sellerenti0_.seller_phonenum as seller_p6_4_0_ 
    from
        seller sellerenti0_ 
    where
        sellerenti0_.seller_key=?
Hibernate: 
    select
        sellerenti0_.seller_key as seller_k1_4_0_,
        sellerenti0_.shop_key as shop_key7_4_0_,
        sellerenti0_.isgrant as isgrant2_4_0_,
        sellerenti0_.seller_id_email as seller_i3_4_0_,
        sellerenti0_.seller_name as seller_n4_4_0_,
        sellerenti0_.seller_password as seller_p5_4_0_,
        sellerenti0_.seller_phonenum as seller_p6_4_0_ 
    from
        seller sellerenti0_ 
    where
        sellerenti0_.seller_key=?
2023-11-21 20:20:21.293 TRACE 14608 --- [    Test worker] o.h.type.descriptor.sql.BasicBinder      : binding parameter [1] as [INTEGER] - [123456789]
2023-11-21 20:20:21.306 DEBUG 14608 --- [    Test worker] org.hibernate.SQL                        : 
    insert 
    into
        seller
        (shop_key, isgrant, seller_id_email, seller_name, seller_password, seller_phonenum, seller_key) 
    values
        (?, ?, ?, ?, ?, ?, ?)
Hibernate: 
    insert 
    into
        seller
        (shop_key, isgrant, seller_id_email, seller_name, seller_password, seller_phonenum, seller_key) 
    values
        (?, ?, ?, ?, ?, ?, ?)
2023-11-21 20:20:21.306 TRACE 14608 --- [    Test worker] o.h.type.descriptor.sql.BasicBinder      : binding parameter [1] as [INTEGER] - [null]
2023-11-21 20:20:21.307 TRACE 14608 --- [    Test worker] o.h.type.descriptor.sql.BasicBinder      : binding parameter [2] as [INTEGER] - [null]
2023-11-21 20:20:21.307 TRACE 14608 --- [    Test worker] o.h.type.descriptor.sql.BasicBinder      : binding parameter [3] as [VARCHAR] - [sooh]
2023-11-21 20:20:21.307 TRACE 14608 --- [    Test worker] o.h.type.descriptor.sql.BasicBinder      : binding parameter [4] as [VARCHAR] - [suhyeon]
2023-11-21 20:20:21.307 TRACE 14608 --- [    Test worker] o.h.type.descriptor.sql.BasicBinder      : binding parameter [5] as [VARCHAR] - [$2a$10$Y8rQeC6UR022iZnUzsbhLevKhF9FPlfMPccr0fczBvVCl55XnFAMa]
2023-11-21 20:20:21.307 TRACE 14608 --- [    Test worker] o.h.type.descriptor.sql.BasicBinder      : binding parameter [6] as [VARCHAR] - [010-1111-2222]
2023-11-21 20:20:21.307 TRACE 14608 --- [    Test worker] o.h.type.descriptor.sql.BasicBinder      : binding parameter [7] as [INTEGER] - [123456789]
2023-11-21 20:20:21.376 DEBUG 14608 --- [    Test worker] org.hibernate.SQL                        : 
    select
        sellerenti0_.seller_key as seller_k1_4_,
        sellerenti0_.shop_key as shop_key7_4_,
        sellerenti0_.isgrant as isgrant2_4_,
        sellerenti0_.seller_id_email as seller_i3_4_,
        sellerenti0_.seller_name as seller_n4_4_,
        sellerenti0_.seller_password as seller_p5_4_,
        sellerenti0_.seller_phonenum as seller_p6_4_ 
    from
        seller sellerenti0_ 
    where
        sellerenti0_.seller_key=?
Hibernate: 
    select
        sellerenti0_.seller_key as seller_k1_4_,
        sellerenti0_.shop_key as shop_key7_4_,
        sellerenti0_.isgrant as isgrant2_4_,
        sellerenti0_.seller_id_email as seller_i3_4_,
        sellerenti0_.seller_name as seller_n4_4_,
        sellerenti0_.seller_password as seller_p5_4_,
        sellerenti0_.seller_phonenum as seller_p6_4_ 
    from
        seller sellerenti0_ 
    where
        sellerenti0_.seller_key=?
2023-11-21 20:20:21.377 TRACE 14608 --- [    Test worker] o.h.type.descriptor.sql.BasicBinder      : binding parameter [1] as [INTEGER] - [123456789]
soohsuhyeon-----------------------------------


2023-11-21 20:20:21.413 DEBUG 14608 --- [    Test worker] org.hibernate.SQL                        : 
    insert 
    into
        flower_shop
        (description, holiday, is_opened, is_sub, opening_hours, shop_location, shop_name, shop_phone_num) 
    values
        (?, ?, ?, ?, ?, ?, ?, ?)
Hibernate: 
    insert 
    into
        flower_shop
        (description, holiday, is_opened, is_sub, opening_hours, shop_location, shop_name, shop_phone_num) 
    values
        (?, ?, ?, ?, ?, ?, ?, ?)
2023-11-21 20:20:21.422 TRACE 14608 --- [    Test worker] o.h.type.descriptor.sql.BasicBinder      : binding parameter [1] as [VARCHAR] - [null]
2023-11-21 20:20:21.422 TRACE 14608 --- [    Test worker] o.h.type.descriptor.sql.BasicBinder      : binding parameter [2] as [VARBINARY] - [[Ljava.lang.String;@120034a]
2023-11-21 20:20:21.422 TRACE 14608 --- [    Test worker] o.h.type.descriptor.sql.BasicBinder      : binding parameter [3] as [BOOLEAN] - [false]
2023-11-21 20:20:21.423 TRACE 14608 --- [    Test worker] o.h.type.descriptor.sql.BasicBinder      : binding parameter [4] as [BOOLEAN] - [false]
2023-11-21 20:20:21.423 TRACE 14608 --- [    Test worker] o.h.type.descriptor.sql.BasicBinder      : binding parameter [5] as [VARBINARY] - [[[I@192a73b]
2023-11-21 20:20:21.423 TRACE 14608 --- [    Test worker] o.h.type.descriptor.sql.BasicBinder      : binding parameter [6] as [VARCHAR] - [suwon city]
2023-11-21 20:20:21.423 TRACE 14608 --- [    Test worker] o.h.type.descriptor.sql.BasicBinder      : binding parameter [7] as [VARCHAR] - [it's me]
2023-11-21 20:20:21.423 TRACE 14608 --- [    Test worker] o.h.type.descriptor.sql.BasicBinder      : binding parameter [8] as [VARCHAR] - [031-308-8223]
2023-11-21 20:20:21.435 DEBUG 14608 --- [    Test worker] org.hibernate.SQL                        : 
    select
        sellerenti_.seller_key,
        sellerenti_.shop_key as shop_key7_4_,
        sellerenti_.isgrant as isgrant2_4_,
        sellerenti_.seller_id_email as seller_i3_4_,
        sellerenti_.seller_name as seller_n4_4_,
        sellerenti_.seller_password as seller_p5_4_,
        sellerenti_.seller_phonenum as seller_p6_4_ 
    from
        seller sellerenti_ 
    where
        sellerenti_.seller_key=?
Hibernate: 
    select
        sellerenti_.seller_key,
        sellerenti_.shop_key as shop_key7_4_,
        sellerenti_.isgrant as isgrant2_4_,
        sellerenti_.seller_id_email as seller_i3_4_,
        sellerenti_.seller_name as seller_n4_4_,
        sellerenti_.seller_password as seller_p5_4_,
        sellerenti_.seller_phonenum as seller_p6_4_ 
    from
        seller sellerenti_ 
    where
        sellerenti_.seller_key=?
2023-11-21 20:20:21.437 TRACE 14608 --- [    Test worker] o.h.type.descriptor.sql.BasicBinder      : binding parameter [1] as [INTEGER] - [123456789]
2023-11-21 20:20:21.498 DEBUG 14608 --- [    Test worker] org.hibernate.SQL                        : 
    select
        sellerenti0_.seller_key as seller_k1_4_0_,
        sellerenti0_.shop_key as shop_key7_4_0_,
        sellerenti0_.isgrant as isgrant2_4_0_,
        sellerenti0_.seller_id_email as seller_i3_4_0_,
        sellerenti0_.seller_name as seller_n4_4_0_,
        sellerenti0_.seller_password as seller_p5_4_0_,
        sellerenti0_.seller_phonenum as seller_p6_4_0_ 
    from
        seller sellerenti0_ 
    where
        sellerenti0_.seller_key=?
Hibernate: 
    select
        sellerenti0_.seller_key as seller_k1_4_0_,
        sellerenti0_.shop_key as shop_key7_4_0_,
        sellerenti0_.isgrant as isgrant2_4_0_,
        sellerenti0_.seller_id_email as seller_i3_4_0_,
        sellerenti0_.seller_name as seller_n4_4_0_,
        sellerenti0_.seller_password as seller_p5_4_0_,
        sellerenti0_.seller_phonenum as seller_p6_4_0_ 
    from
        seller sellerenti0_ 
    where
        sellerenti0_.seller_key=?
2023-11-21 20:20:21.499 TRACE 14608 --- [    Test worker] o.h.type.descriptor.sql.BasicBinder      : binding parameter [1] as [INTEGER] - [123456789]
2023-11-21 20:20:21.514 DEBUG 14608 --- [    Test worker] org.hibernate.SQL                        : 
    select
        flowershop0_.shop_key as shop_key1_2_0_,
        flowershop0_.description as descript2_2_0_,
        flowershop0_.holiday as holiday3_2_0_,
        flowershop0_.is_opened as is_opene4_2_0_,
        flowershop0_.is_sub as is_sub5_2_0_,
        flowershop0_.opening_hours as opening_6_2_0_,
        flowershop0_.shop_location as shop_loc7_2_0_,
        flowershop0_.shop_name as shop_nam8_2_0_,
        flowershop0_.shop_phone_num as shop_pho9_2_0_,
        finishedpr1_.shop_key as shop_key9_1_1_,
        finishedpr1_.fp_key as fp_key1_1_1_,
        finishedpr1_.fp_key as fp_key1_1_2_,
        finishedpr1_.shop_key as shop_key9_1_2_,
        finishedpr1_.fp_detail as fp_detai2_1_2_,
        finishedpr1_.fp_flower_list as fp_flowe3_1_2_,
        finishedpr1_.fp_image as fp_image4_1_2_,
        finishedpr1_.fp_name as fp_name5_1_2_,
        finishedpr1_.fp_price as fp_price6_1_2_,
        finishedpr1_.fp_state as fp_state7_1_2_,
        finishedpr1_.fp_tag as fp_tag8_1_2_,
        fporderent2_.fp_key as fp_key6_3_3_,
        fporderent2_.fp_order_key as fp_order1_3_3_,
        fporderent2_.fp_order_key as fp_order1_3_4_,
        fporderent2_.customer_key as customer5_3_4_,
        fporderent2_.fp_key as fp_key6_3_4_,
        fporderent2_.fp_order_state as fp_order2_3_4_,
        fporderent2_.pickup_date as pickup_d3_3_4_,
        fporderent2_.purchase_info as purchase4_3_4_,
        sellerenti3_.seller_key as seller_k1_4_5_,
        sellerenti3_.shop_key as shop_key7_4_5_,
        sellerenti3_.isgrant as isgrant2_4_5_,
        sellerenti3_.seller_id_email as seller_i3_4_5_,
        sellerenti3_.seller_name as seller_n4_4_5_,
        sellerenti3_.seller_password as seller_p5_4_5_,
        sellerenti3_.seller_phonenum as seller_p6_4_5_ 
    from
        flower_shop flowershop0_ 
    left outer join
        finished_product finishedpr1_ 
            on flowershop0_.shop_key=finishedpr1_.shop_key 
    left outer join
        fporder_entity fporderent2_ 
            on finishedpr1_.fp_key=fporderent2_.fp_key 
    left outer join
        seller sellerenti3_ 
            on flowershop0_.shop_key=sellerenti3_.shop_key 
    where
        flowershop0_.shop_key=?
Hibernate: 
    select
        flowershop0_.shop_key as shop_key1_2_0_,
        flowershop0_.description as descript2_2_0_,
        flowershop0_.holiday as holiday3_2_0_,
        flowershop0_.is_opened as is_opene4_2_0_,
        flowershop0_.is_sub as is_sub5_2_0_,
        flowershop0_.opening_hours as opening_6_2_0_,
        flowershop0_.shop_location as shop_loc7_2_0_,
        flowershop0_.shop_name as shop_nam8_2_0_,
        flowershop0_.shop_phone_num as shop_pho9_2_0_,
        finishedpr1_.shop_key as shop_key9_1_1_,
        finishedpr1_.fp_key as fp_key1_1_1_,
        finishedpr1_.fp_key as fp_key1_1_2_,
        finishedpr1_.shop_key as shop_key9_1_2_,
        finishedpr1_.fp_detail as fp_detai2_1_2_,
        finishedpr1_.fp_flower_list as fp_flowe3_1_2_,
        finishedpr1_.fp_image as fp_image4_1_2_,
        finishedpr1_.fp_name as fp_name5_1_2_,
        finishedpr1_.fp_price as fp_price6_1_2_,
        finishedpr1_.fp_state as fp_state7_1_2_,
        finishedpr1_.fp_tag as fp_tag8_1_2_,
        fporderent2_.fp_key as fp_key6_3_3_,
        fporderent2_.fp_order_key as fp_order1_3_3_,
        fporderent2_.fp_order_key as fp_order1_3_4_,
        fporderent2_.customer_key as customer5_3_4_,
        fporderent2_.fp_key as fp_key6_3_4_,
        fporderent2_.fp_order_state as fp_order2_3_4_,
        fporderent2_.pickup_date as pickup_d3_3_4_,
        fporderent2_.purchase_info as purchase4_3_4_,
        sellerenti3_.seller_key as seller_k1_4_5_,
        sellerenti3_.shop_key as shop_key7_4_5_,
        sellerenti3_.isgrant as isgrant2_4_5_,
        sellerenti3_.seller_id_email as seller_i3_4_5_,
        sellerenti3_.seller_name as seller_n4_4_5_,
        sellerenti3_.seller_password as seller_p5_4_5_,
        sellerenti3_.seller_phonenum as seller_p6_4_5_ 
    from
        flower_shop flowershop0_ 
    left outer join
        finished_product finishedpr1_ 
            on flowershop0_.shop_key=finishedpr1_.shop_key 
    left outer join
        fporder_entity fporderent2_ 
            on finishedpr1_.fp_key=fporderent2_.fp_key 
    left outer join
        seller sellerenti3_ 
            on flowershop0_.shop_key=sellerenti3_.shop_key 
    where
        flowershop0_.shop_key=?
2023-11-21 20:20:21.517 TRACE 14608 --- [    Test worker] o.h.type.descriptor.sql.BasicBinder      : binding parameter [1] as [INTEGER] - [3]
2023-11-21 20:20:21.554 DEBUG 14608 --- [    Test worker] org.hibernate.SQL                        : 
    update
        seller 
    set
        shop_key=?,
        isgrant=?,
        seller_id_email=?,
        seller_name=?,
        seller_password=?,
        seller_phonenum=? 
    where
        seller_key=?
Hibernate: 
    update
        seller 
    set
        shop_key=?,
        isgrant=?,
        seller_id_email=?,
        seller_name=?,
        seller_password=?,
        seller_phonenum=? 
    where
        seller_key=?
2023-11-21 20:20:21.555 TRACE 14608 --- [    Test worker] o.h.type.descriptor.sql.BasicBinder      : binding parameter [1] as [INTEGER] - [3]
2023-11-21 20:20:21.555 TRACE 14608 --- [    Test worker] o.h.type.descriptor.sql.BasicBinder      : binding parameter [2] as [INTEGER] - [null]
2023-11-21 20:20:21.555 TRACE 14608 --- [    Test worker] o.h.type.descriptor.sql.BasicBinder      : binding parameter [3] as [VARCHAR] - [sooh]
2023-11-21 20:20:21.556 TRACE 14608 --- [    Test worker] o.h.type.descriptor.sql.BasicBinder      : binding parameter [4] as [VARCHAR] - [suhyeon]
2023-11-21 20:20:21.556 TRACE 14608 --- [    Test worker] o.h.type.descriptor.sql.BasicBinder      : binding parameter [5] as [VARCHAR] - [$2a$10$Y8rQeC6UR022iZnUzsbhLevKhF9FPlfMPccr0fczBvVCl55XnFAMa]
2023-11-21 20:20:21.556 TRACE 14608 --- [    Test worker] o.h.type.descriptor.sql.BasicBinder      : binding parameter [6] as [VARCHAR] - [010-1111-2222]
2023-11-21 20:20:21.556 TRACE 14608 --- [    Test worker] o.h.type.descriptor.sql.BasicBinder      : binding parameter [7] as [INTEGER] - [123456789]
soohsuhyeonit's me-----------------------------------


2023-11-21 20:20:21.623 DEBUG 14608 --- [    Test worker] org.hibernate.SQL                        : 
    select
        flowershop0_.shop_key as shop_key1_2_,
        flowershop0_.description as descript2_2_,
        flowershop0_.holiday as holiday3_2_,
        flowershop0_.is_opened as is_opene4_2_,
        flowershop0_.is_sub as is_sub5_2_,
        flowershop0_.opening_hours as opening_6_2_,
        flowershop0_.shop_location as shop_loc7_2_,
        flowershop0_.shop_name as shop_nam8_2_,
        flowershop0_.shop_phone_num as shop_pho9_2_ 
    from
        flower_shop flowershop0_ 
    where
        flowershop0_.shop_key=?
Hibernate: 
    select
        flowershop0_.shop_key as shop_key1_2_,
        flowershop0_.description as descript2_2_,
        flowershop0_.holiday as holiday3_2_,
        flowershop0_.is_opened as is_opene4_2_,
        flowershop0_.is_sub as is_sub5_2_,
        flowershop0_.opening_hours as opening_6_2_,
        flowershop0_.shop_location as shop_loc7_2_,
        flowershop0_.shop_name as shop_nam8_2_,
        flowershop0_.shop_phone_num as shop_pho9_2_ 
    from
        flower_shop flowershop0_ 
    where
        flowershop0_.shop_key=?
2023-11-21 20:20:21.624 TRACE 14608 --- [    Test worker] o.h.type.descriptor.sql.BasicBinder      : binding parameter [1] as [INTEGER] - [3]
2023-11-21 20:20:21.637 DEBUG 14608 --- [    Test worker] org.hibernate.SQL                        : 
    select
        sellerenti0_.seller_key as seller_k1_4_2_,
        sellerenti0_.shop_key as shop_key7_4_2_,
        sellerenti0_.isgrant as isgrant2_4_2_,
        sellerenti0_.seller_id_email as seller_i3_4_2_,
        sellerenti0_.seller_name as seller_n4_4_2_,
        sellerenti0_.seller_password as seller_p5_4_2_,
        sellerenti0_.seller_phonenum as seller_p6_4_2_,
        flowershop1_.shop_key as shop_key1_2_0_,
        flowershop1_.description as descript2_2_0_,
        flowershop1_.holiday as holiday3_2_0_,
        flowershop1_.is_opened as is_opene4_2_0_,
        flowershop1_.is_sub as is_sub5_2_0_,
        flowershop1_.opening_hours as opening_6_2_0_,
        flowershop1_.shop_location as shop_loc7_2_0_,
        flowershop1_.shop_name as shop_nam8_2_0_,
        flowershop1_.shop_phone_num as shop_pho9_2_0_,
        finishedpr2_.shop_key as shop_key9_1_4_,
        finishedpr2_.fp_key as fp_key1_1_4_,
        finishedpr2_.fp_key as fp_key1_1_1_,
        finishedpr2_.shop_key as shop_key9_1_1_,
        finishedpr2_.fp_detail as fp_detai2_1_1_,
        finishedpr2_.fp_flower_list as fp_flowe3_1_1_,
        finishedpr2_.fp_image as fp_image4_1_1_,
        finishedpr2_.fp_name as fp_name5_1_1_,
        finishedpr2_.fp_price as fp_price6_1_1_,
        finishedpr2_.fp_state as fp_state7_1_1_,
        finishedpr2_.fp_tag as fp_tag8_1_1_ 
    from
        seller sellerenti0_ 
    left outer join
        flower_shop flowershop1_ 
            on sellerenti0_.shop_key=flowershop1_.shop_key 
    left outer join
        finished_product finishedpr2_ 
            on flowershop1_.shop_key=finishedpr2_.shop_key 
    where
        sellerenti0_.shop_key=?
Hibernate: 
    select
        sellerenti0_.seller_key as seller_k1_4_2_,
        sellerenti0_.shop_key as shop_key7_4_2_,
        sellerenti0_.isgrant as isgrant2_4_2_,
        sellerenti0_.seller_id_email as seller_i3_4_2_,
        sellerenti0_.seller_name as seller_n4_4_2_,
        sellerenti0_.seller_password as seller_p5_4_2_,
        sellerenti0_.seller_phonenum as seller_p6_4_2_,
        flowershop1_.shop_key as shop_key1_2_0_,
        flowershop1_.description as descript2_2_0_,
        flowershop1_.holiday as holiday3_2_0_,
        flowershop1_.is_opened as is_opene4_2_0_,
        flowershop1_.is_sub as is_sub5_2_0_,
        flowershop1_.opening_hours as opening_6_2_0_,
        flowershop1_.shop_location as shop_loc7_2_0_,
        flowershop1_.shop_name as shop_nam8_2_0_,
        flowershop1_.shop_phone_num as shop_pho9_2_0_,
        finishedpr2_.shop_key as shop_key9_1_4_,
        finishedpr2_.fp_key as fp_key1_1_4_,
        finishedpr2_.fp_key as fp_key1_1_1_,
        finishedpr2_.shop_key as shop_key9_1_1_,
        finishedpr2_.fp_detail as fp_detai2_1_1_,
        finishedpr2_.fp_flower_list as fp_flowe3_1_1_,
        finishedpr2_.fp_image as fp_image4_1_1_,
        finishedpr2_.fp_name as fp_name5_1_1_,
        finishedpr2_.fp_price as fp_price6_1_1_,
        finishedpr2_.fp_state as fp_state7_1_1_,
        finishedpr2_.fp_tag as fp_tag8_1_1_ 
    from
        seller sellerenti0_ 
    left outer join
        flower_shop flowershop1_ 
            on sellerenti0_.shop_key=flowershop1_.shop_key 
    left outer join
        finished_product finishedpr2_ 
            on flowershop1_.shop_key=finishedpr2_.shop_key 
    where
        sellerenti0_.shop_key=?
2023-11-21 20:20:21.638 TRACE 14608 --- [    Test worker] o.h.type.descriptor.sql.BasicBinder      : binding parameter [1] as [INTEGER] - [3]
2023-11-21 20:20:21.682 DEBUG 14608 --- [    Test worker] org.hibernate.SQL                        : 
    delete 
    from
        seller
Hibernate: 
    delete 
    from
        seller
2023-11-21 20:20:21.720 DEBUG 14608 --- [    Test worker] org.hibernate.SQL                        : 
    delete 
    from
        flower_shop
Hibernate: 
    delete 
    from
        flower_shop
2023-11-21 20:20:21.760 DEBUG 14608 --- [    Test worker] org.hibernate.SQL                        : 
    select
        sellerenti0_.seller_key as seller_k1_4_,
        sellerenti0_.shop_key as shop_key7_4_,
        sellerenti0_.isgrant as isgrant2_4_,
        sellerenti0_.seller_id_email as seller_i3_4_,
        sellerenti0_.seller_name as seller_n4_4_,
        sellerenti0_.seller_password as seller_p5_4_,
        sellerenti0_.seller_phonenum as seller_p6_4_ 
    from
        seller sellerenti0_ 
    where
        sellerenti0_.seller_key=?
Hibernate: 
    select
        sellerenti0_.seller_key as seller_k1_4_,
        sellerenti0_.shop_key as shop_key7_4_,
        sellerenti0_.isgrant as isgrant2_4_,
        sellerenti0_.seller_id_email as seller_i3_4_,
        sellerenti0_.seller_name as seller_n4_4_,
        sellerenti0_.seller_password as seller_p5_4_,
        sellerenti0_.seller_phonenum as seller_p6_4_ 
    from
        seller sellerenti0_ 
    where
        sellerenti0_.seller_key=?
2023-11-21 20:20:21.761 TRACE 14608 --- [    Test worker] o.h.type.descriptor.sql.BasicBinder      : binding parameter [1] as [INTEGER] - [123456789]
2023-11-21 20:20:21.923 DEBUG 14608 --- [    Test worker] org.hibernate.SQL                        : 
    select
        sellerenti0_.seller_key as seller_k1_4_0_,
        sellerenti0_.shop_key as shop_key7_4_0_,
        sellerenti0_.isgrant as isgrant2_4_0_,
        sellerenti0_.seller_id_email as seller_i3_4_0_,
        sellerenti0_.seller_name as seller_n4_4_0_,
        sellerenti0_.seller_password as seller_p5_4_0_,
        sellerenti0_.seller_phonenum as seller_p6_4_0_ 
    from
        seller sellerenti0_ 
    where
        sellerenti0_.seller_key=?
Hibernate: 
    select
        sellerenti0_.seller_key as seller_k1_4_0_,
        sellerenti0_.shop_key as shop_key7_4_0_,
        sellerenti0_.isgrant as isgrant2_4_0_,
        sellerenti0_.seller_id_email as seller_i3_4_0_,
        sellerenti0_.seller_name as seller_n4_4_0_,
        sellerenti0_.seller_password as seller_p5_4_0_,
        sellerenti0_.seller_phonenum as seller_p6_4_0_ 
    from
        seller sellerenti0_ 
    where
        sellerenti0_.seller_key=?
2023-11-21 20:20:21.924 TRACE 14608 --- [    Test worker] o.h.type.descriptor.sql.BasicBinder      : binding parameter [1] as [INTEGER] - [123456789]
2023-11-21 20:20:21.938 DEBUG 14608 --- [    Test worker] org.hibernate.SQL                        : 
    insert 
    into
        seller
        (shop_key, isgrant, seller_id_email, seller_name, seller_password, seller_phonenum, seller_key) 
    values
        (?, ?, ?, ?, ?, ?, ?)
Hibernate: 
    insert 
    into
        seller
        (shop_key, isgrant, seller_id_email, seller_name, seller_password, seller_phonenum, seller_key) 
    values
        (?, ?, ?, ?, ?, ?, ?)
2023-11-21 20:20:21.938 TRACE 14608 --- [    Test worker] o.h.type.descriptor.sql.BasicBinder      : binding parameter [1] as [INTEGER] - [null]
2023-11-21 20:20:21.938 TRACE 14608 --- [    Test worker] o.h.type.descriptor.sql.BasicBinder      : binding parameter [2] as [INTEGER] - [null]
2023-11-21 20:20:21.939 TRACE 14608 --- [    Test worker] o.h.type.descriptor.sql.BasicBinder      : binding parameter [3] as [VARCHAR] - [sooh]
2023-11-21 20:20:21.939 TRACE 14608 --- [    Test worker] o.h.type.descriptor.sql.BasicBinder      : binding parameter [4] as [VARCHAR] - [suhyeon]
2023-11-21 20:20:21.939 TRACE 14608 --- [    Test worker] o.h.type.descriptor.sql.BasicBinder      : binding parameter [5] as [VARCHAR] - [$2a$10$uxTRLsMFqhjUiIpTSj2vF.0UlpA9Xgw9LOi2ZwYzCCAMuRaqQAz8S]
2023-11-21 20:20:21.939 TRACE 14608 --- [    Test worker] o.h.type.descriptor.sql.BasicBinder      : binding parameter [6] as [VARCHAR] - [010-1111-2222]
2023-11-21 20:20:21.939 TRACE 14608 --- [    Test worker] o.h.type.descriptor.sql.BasicBinder      : binding parameter [7] as [INTEGER] - [123456789]
2023-11-21 20:20:21.975 DEBUG 14608 --- [    Test worker] org.hibernate.SQL                        : 
    select
        sellerenti0_.seller_key as seller_k1_4_,
        sellerenti0_.shop_key as shop_key7_4_,
        sellerenti0_.isgrant as isgrant2_4_,
        sellerenti0_.seller_id_email as seller_i3_4_,
        sellerenti0_.seller_name as seller_n4_4_,
        sellerenti0_.seller_password as seller_p5_4_,
        sellerenti0_.seller_phonenum as seller_p6_4_ 
    from
        seller sellerenti0_ 
    where
        sellerenti0_.seller_key=?
Hibernate: 
    select
        sellerenti0_.seller_key as seller_k1_4_,
        sellerenti0_.shop_key as shop_key7_4_,
        sellerenti0_.isgrant as isgrant2_4_,
        sellerenti0_.seller_id_email as seller_i3_4_,
        sellerenti0_.seller_name as seller_n4_4_,
        sellerenti0_.seller_password as seller_p5_4_,
        sellerenti0_.seller_phonenum as seller_p6_4_ 
    from
        seller sellerenti0_ 
    where
        sellerenti0_.seller_key=?
2023-11-21 20:20:21.976 TRACE 14608 --- [    Test worker] o.h.type.descriptor.sql.BasicBinder      : binding parameter [1] as [INTEGER] - [123456789]
soohsuhyeon-----------------------------------


2023-11-21 20:20:21.997 DEBUG 14608 --- [    Test worker] org.hibernate.SQL                        : 
    insert 
    into
        flower_shop
        (description, holiday, is_opened, is_sub, opening_hours, shop_location, shop_name, shop_phone_num) 
    values
        (?, ?, ?, ?, ?, ?, ?, ?)
Hibernate: 
    insert 
    into
        flower_shop
        (description, holiday, is_opened, is_sub, opening_hours, shop_location, shop_name, shop_phone_num) 
    values
        (?, ?, ?, ?, ?, ?, ?, ?)
2023-11-21 20:20:21.998 TRACE 14608 --- [    Test worker] o.h.type.descriptor.sql.BasicBinder      : binding parameter [1] as [VARCHAR] - [null]
2023-11-21 20:20:21.998 TRACE 14608 --- [    Test worker] o.h.type.descriptor.sql.BasicBinder      : binding parameter [2] as [VARBINARY] - [[Ljava.lang.String;@1acd55e]
2023-11-21 20:20:21.998 TRACE 14608 --- [    Test worker] o.h.type.descriptor.sql.BasicBinder      : binding parameter [3] as [BOOLEAN] - [false]
2023-11-21 20:20:21.999 TRACE 14608 --- [    Test worker] o.h.type.descriptor.sql.BasicBinder      : binding parameter [4] as [BOOLEAN] - [false]
2023-11-21 20:20:21.999 TRACE 14608 --- [    Test worker] o.h.type.descriptor.sql.BasicBinder      : binding parameter [5] as [VARBINARY] - [[[I@dd0cc0]
2023-11-21 20:20:21.999 TRACE 14608 --- [    Test worker] o.h.type.descriptor.sql.BasicBinder      : binding parameter [6] as [VARCHAR] - [suwon city]
2023-11-21 20:20:21.999 TRACE 14608 --- [    Test worker] o.h.type.descriptor.sql.BasicBinder      : binding parameter [7] as [VARCHAR] - [it's me]
2023-11-21 20:20:21.999 TRACE 14608 --- [    Test worker] o.h.type.descriptor.sql.BasicBinder      : binding parameter [8] as [VARCHAR] - [031-308-8223]
2023-11-21 20:20:22.008 DEBUG 14608 --- [    Test worker] org.hibernate.SQL                        : 
    select
        sellerenti_.seller_key,
        sellerenti_.shop_key as shop_key7_4_,
        sellerenti_.isgrant as isgrant2_4_,
        sellerenti_.seller_id_email as seller_i3_4_,
        sellerenti_.seller_name as seller_n4_4_,
        sellerenti_.seller_password as seller_p5_4_,
        sellerenti_.seller_phonenum as seller_p6_4_ 
    from
        seller sellerenti_ 
    where
        sellerenti_.seller_key=?
Hibernate: 
    select
        sellerenti_.seller_key,
        sellerenti_.shop_key as shop_key7_4_,
        sellerenti_.isgrant as isgrant2_4_,
        sellerenti_.seller_id_email as seller_i3_4_,
        sellerenti_.seller_name as seller_n4_4_,
        sellerenti_.seller_password as seller_p5_4_,
        sellerenti_.seller_phonenum as seller_p6_4_ 
    from
        seller sellerenti_ 
    where
        sellerenti_.seller_key=?
2023-11-21 20:20:22.009 TRACE 14608 --- [    Test worker] o.h.type.descriptor.sql.BasicBinder      : binding parameter [1] as [INTEGER] - [123456789]
2023-11-21 20:20:22.048 DEBUG 14608 --- [    Test worker] org.hibernate.SQL                        : 
    select
        sellerenti0_.seller_key as seller_k1_4_0_,
        sellerenti0_.shop_key as shop_key7_4_0_,
        sellerenti0_.isgrant as isgrant2_4_0_,
        sellerenti0_.seller_id_email as seller_i3_4_0_,
        sellerenti0_.seller_name as seller_n4_4_0_,
        sellerenti0_.seller_password as seller_p5_4_0_,
        sellerenti0_.seller_phonenum as seller_p6_4_0_ 
    from
        seller sellerenti0_ 
    where
        sellerenti0_.seller_key=?
Hibernate: 
    select
        sellerenti0_.seller_key as seller_k1_4_0_,
        sellerenti0_.shop_key as shop_key7_4_0_,
        sellerenti0_.isgrant as isgrant2_4_0_,
        sellerenti0_.seller_id_email as seller_i3_4_0_,
        sellerenti0_.seller_name as seller_n4_4_0_,
        sellerenti0_.seller_password as seller_p5_4_0_,
        sellerenti0_.seller_phonenum as seller_p6_4_0_ 
    from
        seller sellerenti0_ 
    where
        sellerenti0_.seller_key=?
2023-11-21 20:20:22.049 TRACE 14608 --- [    Test worker] o.h.type.descriptor.sql.BasicBinder      : binding parameter [1] as [INTEGER] - [123456789]
2023-11-21 20:20:22.058 DEBUG 14608 --- [    Test worker] org.hibernate.SQL                        : 
    select
        flowershop0_.shop_key as shop_key1_2_0_,
        flowershop0_.description as descript2_2_0_,
        flowershop0_.holiday as holiday3_2_0_,
        flowershop0_.is_opened as is_opene4_2_0_,
        flowershop0_.is_sub as is_sub5_2_0_,
        flowershop0_.opening_hours as opening_6_2_0_,
        flowershop0_.shop_location as shop_loc7_2_0_,
        flowershop0_.shop_name as shop_nam8_2_0_,
        flowershop0_.shop_phone_num as shop_pho9_2_0_,
        finishedpr1_.shop_key as shop_key9_1_1_,
        finishedpr1_.fp_key as fp_key1_1_1_,
        finishedpr1_.fp_key as fp_key1_1_2_,
        finishedpr1_.shop_key as shop_key9_1_2_,
        finishedpr1_.fp_detail as fp_detai2_1_2_,
        finishedpr1_.fp_flower_list as fp_flowe3_1_2_,
        finishedpr1_.fp_image as fp_image4_1_2_,
        finishedpr1_.fp_name as fp_name5_1_2_,
        finishedpr1_.fp_price as fp_price6_1_2_,
        finishedpr1_.fp_state as fp_state7_1_2_,
        finishedpr1_.fp_tag as fp_tag8_1_2_,
        fporderent2_.fp_key as fp_key6_3_3_,
        fporderent2_.fp_order_key as fp_order1_3_3_,
        fporderent2_.fp_order_key as fp_order1_3_4_,
        fporderent2_.customer_key as customer5_3_4_,
        fporderent2_.fp_key as fp_key6_3_4_,
        fporderent2_.fp_order_state as fp_order2_3_4_,
        fporderent2_.pickup_date as pickup_d3_3_4_,
        fporderent2_.purchase_info as purchase4_3_4_,
        sellerenti3_.seller_key as seller_k1_4_5_,
        sellerenti3_.shop_key as shop_key7_4_5_,
        sellerenti3_.isgrant as isgrant2_4_5_,
        sellerenti3_.seller_id_email as seller_i3_4_5_,
        sellerenti3_.seller_name as seller_n4_4_5_,
        sellerenti3_.seller_password as seller_p5_4_5_,
        sellerenti3_.seller_phonenum as seller_p6_4_5_ 
    from
        flower_shop flowershop0_ 
    left outer join
        finished_product finishedpr1_ 
            on flowershop0_.shop_key=finishedpr1_.shop_key 
    left outer join
        fporder_entity fporderent2_ 
            on finishedpr1_.fp_key=fporderent2_.fp_key 
    left outer join
        seller sellerenti3_ 
            on flowershop0_.shop_key=sellerenti3_.shop_key 
    where
        flowershop0_.shop_key=?
Hibernate: 
    select
        flowershop0_.shop_key as shop_key1_2_0_,
        flowershop0_.description as descript2_2_0_,
        flowershop0_.holiday as holiday3_2_0_,
        flowershop0_.is_opened as is_opene4_2_0_,
        flowershop0_.is_sub as is_sub5_2_0_,
        flowershop0_.opening_hours as opening_6_2_0_,
        flowershop0_.shop_location as shop_loc7_2_0_,
        flowershop0_.shop_name as shop_nam8_2_0_,
        flowershop0_.shop_phone_num as shop_pho9_2_0_,
        finishedpr1_.shop_key as shop_key9_1_1_,
        finishedpr1_.fp_key as fp_key1_1_1_,
        finishedpr1_.fp_key as fp_key1_1_2_,
        finishedpr1_.shop_key as shop_key9_1_2_,
        finishedpr1_.fp_detail as fp_detai2_1_2_,
        finishedpr1_.fp_flower_list as fp_flowe3_1_2_,
        finishedpr1_.fp_image as fp_image4_1_2_,
        finishedpr1_.fp_name as fp_name5_1_2_,
        finishedpr1_.fp_price as fp_price6_1_2_,
        finishedpr1_.fp_state as fp_state7_1_2_,
        finishedpr1_.fp_tag as fp_tag8_1_2_,
        fporderent2_.fp_key as fp_key6_3_3_,
        fporderent2_.fp_order_key as fp_order1_3_3_,
        fporderent2_.fp_order_key as fp_order1_3_4_,
        fporderent2_.customer_key as customer5_3_4_,
        fporderent2_.fp_key as fp_key6_3_4_,
        fporderent2_.fp_order_state as fp_order2_3_4_,
        fporderent2_.pickup_date as pickup_d3_3_4_,
        fporderent2_.purchase_info as purchase4_3_4_,
        sellerenti3_.seller_key as seller_k1_4_5_,
        sellerenti3_.shop_key as shop_key7_4_5_,
        sellerenti3_.isgrant as isgrant2_4_5_,
        sellerenti3_.seller_id_email as seller_i3_4_5_,
        sellerenti3_.seller_name as seller_n4_4_5_,
        sellerenti3_.seller_password as seller_p5_4_5_,
        sellerenti3_.seller_phonenum as seller_p6_4_5_ 
    from
        flower_shop flowershop0_ 
    left outer join
        finished_product finishedpr1_ 
            on flowershop0_.shop_key=finishedpr1_.shop_key 
    left outer join
        fporder_entity fporderent2_ 
            on finishedpr1_.fp_key=fporderent2_.fp_key 
    left outer join
        seller sellerenti3_ 
            on flowershop0_.shop_key=sellerenti3_.shop_key 
    where
        flowershop0_.shop_key=?
2023-11-21 20:20:22.060 TRACE 14608 --- [    Test worker] o.h.type.descriptor.sql.BasicBinder      : binding parameter [1] as [INTEGER] - [4]
2023-11-21 20:20:22.076 DEBUG 14608 --- [    Test worker] org.hibernate.SQL                        : 
    update
        seller 
    set
        shop_key=?,
        isgrant=?,
        seller_id_email=?,
        seller_name=?,
        seller_password=?,
        seller_phonenum=? 
    where
        seller_key=?
Hibernate: 
    update
        seller 
    set
        shop_key=?,
        isgrant=?,
        seller_id_email=?,
        seller_name=?,
        seller_password=?,
        seller_phonenum=? 
    where
        seller_key=?
2023-11-21 20:20:22.077 TRACE 14608 --- [    Test worker] o.h.type.descriptor.sql.BasicBinder      : binding parameter [1] as [INTEGER] - [4]
2023-11-21 20:20:22.077 TRACE 14608 --- [    Test worker] o.h.type.descriptor.sql.BasicBinder      : binding parameter [2] as [INTEGER] - [null]
2023-11-21 20:20:22.077 TRACE 14608 --- [    Test worker] o.h.type.descriptor.sql.BasicBinder      : binding parameter [3] as [VARCHAR] - [sooh]
2023-11-21 20:20:22.078 TRACE 14608 --- [    Test worker] o.h.type.descriptor.sql.BasicBinder      : binding parameter [4] as [VARCHAR] - [suhyeon]
2023-11-21 20:20:22.078 TRACE 14608 --- [    Test worker] o.h.type.descriptor.sql.BasicBinder      : binding parameter [5] as [VARCHAR] - [$2a$10$uxTRLsMFqhjUiIpTSj2vF.0UlpA9Xgw9LOi2ZwYzCCAMuRaqQAz8S]
2023-11-21 20:20:22.078 TRACE 14608 --- [    Test worker] o.h.type.descriptor.sql.BasicBinder      : binding parameter [6] as [VARCHAR] - [010-1111-2222]
2023-11-21 20:20:22.078 TRACE 14608 --- [    Test worker] o.h.type.descriptor.sql.BasicBinder      : binding parameter [7] as [INTEGER] - [123456789]
soohsuhyeonit's me-----------------------------------


2023-11-21 20:20:22.141 DEBUG 14608 --- [    Test worker] org.hibernate.SQL                        : 
    select
        sellerenti0_.seller_key as seller_k1_4_,
        sellerenti0_.shop_key as shop_key7_4_,
        sellerenti0_.isgrant as isgrant2_4_,
        sellerenti0_.seller_id_email as seller_i3_4_,
        sellerenti0_.seller_name as seller_n4_4_,
        sellerenti0_.seller_password as seller_p5_4_,
        sellerenti0_.seller_phonenum as seller_p6_4_ 
    from
        seller sellerenti0_ 
    where
        sellerenti0_.seller_key=?
Hibernate: 
    select
        sellerenti0_.seller_key as seller_k1_4_,
        sellerenti0_.shop_key as shop_key7_4_,
        sellerenti0_.isgrant as isgrant2_4_,
        sellerenti0_.seller_id_email as seller_i3_4_,
        sellerenti0_.seller_name as seller_n4_4_,
        sellerenti0_.seller_password as seller_p5_4_,
        sellerenti0_.seller_phonenum as seller_p6_4_ 
    from
        seller sellerenti0_ 
    where
        sellerenti0_.seller_key=?
2023-11-21 20:20:22.142 TRACE 14608 --- [    Test worker] o.h.type.descriptor.sql.BasicBinder      : binding parameter [1] as [INTEGER] - [123456789]
2023-11-21 20:20:22.152 DEBUG 14608 --- [    Test worker] org.hibernate.SQL                        : 
    select
        flowershop0_.shop_key as shop_key1_2_0_,
        flowershop0_.description as descript2_2_0_,
        flowershop0_.holiday as holiday3_2_0_,
        flowershop0_.is_opened as is_opene4_2_0_,
        flowershop0_.is_sub as is_sub5_2_0_,
        flowershop0_.opening_hours as opening_6_2_0_,
        flowershop0_.shop_location as shop_loc7_2_0_,
        flowershop0_.shop_name as shop_nam8_2_0_,
        flowershop0_.shop_phone_num as shop_pho9_2_0_,
        finishedpr1_.shop_key as shop_key9_1_1_,
        finishedpr1_.fp_key as fp_key1_1_1_,
        finishedpr1_.fp_key as fp_key1_1_2_,
        finishedpr1_.shop_key as shop_key9_1_2_,
        finishedpr1_.fp_detail as fp_detai2_1_2_,
        finishedpr1_.fp_flower_list as fp_flowe3_1_2_,
        finishedpr1_.fp_image as fp_image4_1_2_,
        finishedpr1_.fp_name as fp_name5_1_2_,
        finishedpr1_.fp_price as fp_price6_1_2_,
        finishedpr1_.fp_state as fp_state7_1_2_,
        finishedpr1_.fp_tag as fp_tag8_1_2_,
        fporderent2_.fp_key as fp_key6_3_3_,
        fporderent2_.fp_order_key as fp_order1_3_3_,
        fporderent2_.fp_order_key as fp_order1_3_4_,
        fporderent2_.customer_key as customer5_3_4_,
        fporderent2_.fp_key as fp_key6_3_4_,
        fporderent2_.fp_order_state as fp_order2_3_4_,
        fporderent2_.pickup_date as pickup_d3_3_4_,
        fporderent2_.purchase_info as purchase4_3_4_,
        sellerenti3_.seller_key as seller_k1_4_5_,
        sellerenti3_.shop_key as shop_key7_4_5_,
        sellerenti3_.isgrant as isgrant2_4_5_,
        sellerenti3_.seller_id_email as seller_i3_4_5_,
        sellerenti3_.seller_name as seller_n4_4_5_,
        sellerenti3_.seller_password as seller_p5_4_5_,
        sellerenti3_.seller_phonenum as seller_p6_4_5_ 
    from
        flower_shop flowershop0_ 
    left outer join
        finished_product finishedpr1_ 
            on flowershop0_.shop_key=finishedpr1_.shop_key 
    left outer join
        fporder_entity fporderent2_ 
            on finishedpr1_.fp_key=fporderent2_.fp_key 
    left outer join
        seller sellerenti3_ 
            on flowershop0_.shop_key=sellerenti3_.shop_key 
    where
        flowershop0_.shop_key=?
Hibernate: 
    select
        flowershop0_.shop_key as shop_key1_2_0_,
        flowershop0_.description as descript2_2_0_,
        flowershop0_.holiday as holiday3_2_0_,
        flowershop0_.is_opened as is_opene4_2_0_,
        flowershop0_.is_sub as is_sub5_2_0_,
        flowershop0_.opening_hours as opening_6_2_0_,
        flowershop0_.shop_location as shop_loc7_2_0_,
        flowershop0_.shop_name as shop_nam8_2_0_,
        flowershop0_.shop_phone_num as shop_pho9_2_0_,
        finishedpr1_.shop_key as shop_key9_1_1_,
        finishedpr1_.fp_key as fp_key1_1_1_,
        finishedpr1_.fp_key as fp_key1_1_2_,
        finishedpr1_.shop_key as shop_key9_1_2_,
        finishedpr1_.fp_detail as fp_detai2_1_2_,
        finishedpr1_.fp_flower_list as fp_flowe3_1_2_,
        finishedpr1_.fp_image as fp_image4_1_2_,
        finishedpr1_.fp_name as fp_name5_1_2_,
        finishedpr1_.fp_price as fp_price6_1_2_,
        finishedpr1_.fp_state as fp_state7_1_2_,
        finishedpr1_.fp_tag as fp_tag8_1_2_,
        fporderent2_.fp_key as fp_key6_3_3_,
        fporderent2_.fp_order_key as fp_order1_3_3_,
        fporderent2_.fp_order_key as fp_order1_3_4_,
        fporderent2_.customer_key as customer5_3_4_,
        fporderent2_.fp_key as fp_key6_3_4_,
        fporderent2_.fp_order_state as fp_order2_3_4_,
        fporderent2_.pickup_date as pickup_d3_3_4_,
        fporderent2_.purchase_info as purchase4_3_4_,
        sellerenti3_.seller_key as seller_k1_4_5_,
        sellerenti3_.shop_key as shop_key7_4_5_,
        sellerenti3_.isgrant as isgrant2_4_5_,
        sellerenti3_.seller_id_email as seller_i3_4_5_,
        sellerenti3_.seller_name as seller_n4_4_5_,
        sellerenti3_.seller_password as seller_p5_4_5_,
        sellerenti3_.seller_phonenum as seller_p6_4_5_ 
    from
        flower_shop flowershop0_ 
    left outer join
        finished_product finishedpr1_ 
            on flowershop0_.shop_key=finishedpr1_.shop_key 
    left outer join
        fporder_entity fporderent2_ 
            on finishedpr1_.fp_key=fporderent2_.fp_key 
    left outer join
        seller sellerenti3_ 
            on flowershop0_.shop_key=sellerenti3_.shop_key 
    where
        flowershop0_.shop_key=?
2023-11-21 20:20:22.154 TRACE 14608 --- [    Test worker] o.h.type.descriptor.sql.BasicBinder      : binding parameter [1] as [INTEGER] - [4]
2023-11-21 20:20:22.166 DEBUG 14608 --- [    Test worker] org.hibernate.SQL                        : 
    select
        sellerenti0_.seller_key as seller_k1_4_2_,
        sellerenti0_.shop_key as shop_key7_4_2_,
        sellerenti0_.isgrant as isgrant2_4_2_,
        sellerenti0_.seller_id_email as seller_i3_4_2_,
        sellerenti0_.seller_name as seller_n4_4_2_,
        sellerenti0_.seller_password as seller_p5_4_2_,
        sellerenti0_.seller_phonenum as seller_p6_4_2_,
        flowershop1_.shop_key as shop_key1_2_0_,
        flowershop1_.description as descript2_2_0_,
        flowershop1_.holiday as holiday3_2_0_,
        flowershop1_.is_opened as is_opene4_2_0_,
        flowershop1_.is_sub as is_sub5_2_0_,
        flowershop1_.opening_hours as opening_6_2_0_,
        flowershop1_.shop_location as shop_loc7_2_0_,
        flowershop1_.shop_name as shop_nam8_2_0_,
        flowershop1_.shop_phone_num as shop_pho9_2_0_,
        finishedpr2_.shop_key as shop_key9_1_4_,
        finishedpr2_.fp_key as fp_key1_1_4_,
        finishedpr2_.fp_key as fp_key1_1_1_,
        finishedpr2_.shop_key as shop_key9_1_1_,
        finishedpr2_.fp_detail as fp_detai2_1_1_,
        finishedpr2_.fp_flower_list as fp_flowe3_1_1_,
        finishedpr2_.fp_image as fp_image4_1_1_,
        finishedpr2_.fp_name as fp_name5_1_1_,
        finishedpr2_.fp_price as fp_price6_1_1_,
        finishedpr2_.fp_state as fp_state7_1_1_,
        finishedpr2_.fp_tag as fp_tag8_1_1_ 
    from
        seller sellerenti0_ 
    left outer join
        flower_shop flowershop1_ 
            on sellerenti0_.shop_key=flowershop1_.shop_key 
    left outer join
        finished_product finishedpr2_ 
            on flowershop1_.shop_key=finishedpr2_.shop_key 
    where
        sellerenti0_.shop_key=?
Hibernate: 
    select
        sellerenti0_.seller_key as seller_k1_4_2_,
        sellerenti0_.shop_key as shop_key7_4_2_,
        sellerenti0_.isgrant as isgrant2_4_2_,
        sellerenti0_.seller_id_email as seller_i3_4_2_,
        sellerenti0_.seller_name as seller_n4_4_2_,
        sellerenti0_.seller_password as seller_p5_4_2_,
        sellerenti0_.seller_phonenum as seller_p6_4_2_,
        flowershop1_.shop_key as shop_key1_2_0_,
        flowershop1_.description as descript2_2_0_,
        flowershop1_.holiday as holiday3_2_0_,
        flowershop1_.is_opened as is_opene4_2_0_,
        flowershop1_.is_sub as is_sub5_2_0_,
        flowershop1_.opening_hours as opening_6_2_0_,
        flowershop1_.shop_location as shop_loc7_2_0_,
        flowershop1_.shop_name as shop_nam8_2_0_,
        flowershop1_.shop_phone_num as shop_pho9_2_0_,
        finishedpr2_.shop_key as shop_key9_1_4_,
        finishedpr2_.fp_key as fp_key1_1_4_,
        finishedpr2_.fp_key as fp_key1_1_1_,
        finishedpr2_.shop_key as shop_key9_1_1_,
        finishedpr2_.fp_detail as fp_detai2_1_1_,
        finishedpr2_.fp_flower_list as fp_flowe3_1_1_,
        finishedpr2_.fp_image as fp_image4_1_1_,
        finishedpr2_.fp_name as fp_name5_1_1_,
        finishedpr2_.fp_price as fp_price6_1_1_,
        finishedpr2_.fp_state as fp_state7_1_1_,
        finishedpr2_.fp_tag as fp_tag8_1_1_ 
    from
        seller sellerenti0_ 
    left outer join
        flower_shop flowershop1_ 
            on sellerenti0_.shop_key=flowershop1_.shop_key 
    left outer join
        finished_product finishedpr2_ 
            on flowershop1_.shop_key=finishedpr2_.shop_key 
    where
        sellerenti0_.shop_key=?
2023-11-21 20:20:22.168 TRACE 14608 --- [    Test worker] o.h.type.descriptor.sql.BasicBinder      : binding parameter [1] as [INTEGER] - [4]
soohsuhyeon-----------------------------------


]]></system-out>
  <system-err><![CDATA[]]></system-err>
</testsuite>
