<?xml version="1.0" encoding="UTF-8"?>
<testsuite name="Unknown.PreScent.service.FlowerShopEntityServiceTest" tests="2" skipped="0" failures="0" errors="0" timestamp="2023-11-18T10:14:02" hostname="SWSEO_LT" time="1.222">
  <properties/>
  <testcase name="매장 등록, 쿼리 테스트" classname="Unknown.PreScent.service.FlowerShopEntityServiceTest" time="0.688"/>
  <testcase name="Sellerkey같은 매장 생성 테스트" classname="Unknown.PreScent.service.FlowerShopEntityServiceTest" time="0.533"/>
  <system-out><![CDATA[2023-11-18 19:14:02.279  INFO 12872 --- [    Test worker] .b.t.c.SpringBootTestContextBootstrapper : Neither @ContextConfiguration nor @ContextHierarchy found for test class [Unknown.PreScent.service.FlowerShopEntityServiceTest], using SpringBootContextLoader
2023-11-18 19:14:02.283  INFO 12872 --- [    Test worker] o.s.t.c.support.AbstractContextLoader    : Could not detect default resource locations for test class [Unknown.PreScent.service.FlowerShopEntityServiceTest]: no resource found for suffixes {-context.xml, Context.groovy}.
2023-11-18 19:14:02.284  INFO 12872 --- [    Test worker] t.c.s.AnnotationConfigContextLoaderUtils : Could not detect default configuration classes for test class [Unknown.PreScent.service.FlowerShopEntityServiceTest]: FlowerShopEntityServiceTest does not declare any static, non-private, non-final, nested classes annotated with @Configuration.
2023-11-18 19:14:02.291  INFO 12872 --- [    Test worker] .b.t.c.SpringBootTestContextBootstrapper : Found @SpringBootConfiguration Unknown.PreScent.PreScentApplication for test class Unknown.PreScent.service.FlowerShopEntityServiceTest
2023-11-18 19:14:02.297  INFO 12872 --- [    Test worker] .b.t.c.SpringBootTestContextBootstrapper : Loaded default TestExecutionListener class names from location [META-INF/spring.factories]: [org.springframework.security.test.context.support.WithSecurityContextTestExecutionListener, org.springframework.security.test.context.support.ReactorContextTestExecutionListener, org.springframework.boot.test.autoconfigure.restdocs.RestDocsTestExecutionListener, org.springframework.boot.test.autoconfigure.web.client.MockRestServiceServerResetTestExecutionListener, org.springframework.boot.test.autoconfigure.web.servlet.MockMvcPrintOnlyOnFailureTestExecutionListener, org.springframework.boot.test.autoconfigure.web.servlet.WebDriverTestExecutionListener, org.springframework.boot.test.autoconfigure.webservices.client.MockWebServiceServerTestExecutionListener, org.springframework.boot.test.mock.mockito.MockitoTestExecutionListener, org.springframework.boot.test.mock.mockito.ResetMocksTestExecutionListener, org.springframework.test.context.web.ServletTestExecutionListener, org.springframework.test.context.support.DirtiesContextBeforeModesTestExecutionListener, org.springframework.test.context.event.ApplicationEventsTestExecutionListener, org.springframework.test.context.support.DependencyInjectionTestExecutionListener, org.springframework.test.context.support.DirtiesContextTestExecutionListener, org.springframework.test.context.transaction.TransactionalTestExecutionListener, org.springframework.test.context.jdbc.SqlScriptsTestExecutionListener, org.springframework.test.context.event.EventPublishingTestExecutionListener]
2023-11-18 19:14:02.302  INFO 12872 --- [    Test worker] .b.t.c.SpringBootTestContextBootstrapper : Using TestExecutionListeners: [org.springframework.test.context.web.ServletTestExecutionListener@1de83be1, org.springframework.test.context.support.DirtiesContextBeforeModesTestExecutionListener@139da216, org.springframework.test.context.event.ApplicationEventsTestExecutionListener@6a35cccf, org.springframework.boot.test.mock.mockito.MockitoTestExecutionListener@3ce067bd, org.springframework.boot.test.autoconfigure.SpringBootDependencyInjectionTestExecutionListener@608b74f3, org.springframework.test.context.support.DirtiesContextTestExecutionListener@1ef8f7e6, org.springframework.test.context.transaction.TransactionalTestExecutionListener@5a6f1342, org.springframework.test.context.jdbc.SqlScriptsTestExecutionListener@650d5a3d, org.springframework.security.test.context.support.WithSecurityContextTestExecutionListener@5e9a9683, org.springframework.test.context.event.EventPublishingTestExecutionListener@7040d71, org.springframework.security.test.context.support.ReactorContextTestExecutionListener@2553fbd0, org.springframework.boot.test.autoconfigure.restdocs.RestDocsTestExecutionListener@2a8081f5, org.springframework.boot.test.autoconfigure.web.client.MockRestServiceServerResetTestExecutionListener@20a434a8, org.springframework.boot.test.autoconfigure.web.servlet.MockMvcPrintOnlyOnFailureTestExecutionListener@7ecca48, org.springframework.boot.test.autoconfigure.web.servlet.WebDriverTestExecutionListener@3d5b2c1e, org.springframework.boot.test.autoconfigure.webservices.client.MockWebServiceServerTestExecutionListener@137a9d69, org.springframework.boot.test.mock.mockito.ResetMocksTestExecutionListener@12faeada]
2023-11-18 19:14:02.334 DEBUG 12872 --- [    Test worker] org.hibernate.SQL                        : 
    delete 
    from
        seller
Hibernate: 
    delete 
    from
        seller
2023-11-18 19:14:02.380 DEBUG 12872 --- [    Test worker] org.hibernate.SQL                        : 
    delete 
    from
        flower_shop
Hibernate: 
    delete 
    from
        flower_shop
2023-11-18 19:14:02.447 DEBUG 12872 --- [    Test worker] org.hibernate.SQL                        : 
    select
        sellerenti0_.seller_key as seller_k1_3_,
        sellerenti0_.shop_key as shop_key7_3_,
        sellerenti0_.isgrant as isgrant2_3_,
        sellerenti0_.seller_id_email as seller_i3_3_,
        sellerenti0_.seller_name as seller_n4_3_,
        sellerenti0_.seller_password as seller_p5_3_,
        sellerenti0_.seller_phonenum as seller_p6_3_ 
    from
        seller sellerenti0_ 
    where
        sellerenti0_.seller_key=?
Hibernate: 
    select
        sellerenti0_.seller_key as seller_k1_3_,
        sellerenti0_.shop_key as shop_key7_3_,
        sellerenti0_.isgrant as isgrant2_3_,
        sellerenti0_.seller_id_email as seller_i3_3_,
        sellerenti0_.seller_name as seller_n4_3_,
        sellerenti0_.seller_password as seller_p5_3_,
        sellerenti0_.seller_phonenum as seller_p6_3_ 
    from
        seller sellerenti0_ 
    where
        sellerenti0_.seller_key=?
2023-11-18 19:14:02.453 TRACE 12872 --- [    Test worker] o.h.type.descriptor.sql.BasicBinder      : binding parameter [1] as [INTEGER] - [123456789]
2023-11-18 19:14:02.594 DEBUG 12872 --- [    Test worker] org.hibernate.SQL                        : 
    select
        sellerenti0_.seller_key as seller_k1_3_0_,
        sellerenti0_.shop_key as shop_key7_3_0_,
        sellerenti0_.isgrant as isgrant2_3_0_,
        sellerenti0_.seller_id_email as seller_i3_3_0_,
        sellerenti0_.seller_name as seller_n4_3_0_,
        sellerenti0_.seller_password as seller_p5_3_0_,
        sellerenti0_.seller_phonenum as seller_p6_3_0_ 
    from
        seller sellerenti0_ 
    where
        sellerenti0_.seller_key=?
Hibernate: 
    select
        sellerenti0_.seller_key as seller_k1_3_0_,
        sellerenti0_.shop_key as shop_key7_3_0_,
        sellerenti0_.isgrant as isgrant2_3_0_,
        sellerenti0_.seller_id_email as seller_i3_3_0_,
        sellerenti0_.seller_name as seller_n4_3_0_,
        sellerenti0_.seller_password as seller_p5_3_0_,
        sellerenti0_.seller_phonenum as seller_p6_3_0_ 
    from
        seller sellerenti0_ 
    where
        sellerenti0_.seller_key=?
2023-11-18 19:14:02.595 TRACE 12872 --- [    Test worker] o.h.type.descriptor.sql.BasicBinder      : binding parameter [1] as [INTEGER] - [123456789]
2023-11-18 19:14:02.618 DEBUG 12872 --- [    Test worker] org.hibernate.SQL                        : 
    insert 
    into
        seller
        (shop_key, isgrant, seller_id_email, seller_name, seller_password, seller_phonenum, seller_key) 
    values
        (?, ?, ?, ?, ?, ?, ?)
Hibernate: 
    insert 
    into
        seller
        (shop_key, isgrant, seller_id_email, seller_name, seller_password, seller_phonenum, seller_key) 
    values
        (?, ?, ?, ?, ?, ?, ?)
2023-11-18 19:14:02.619 TRACE 12872 --- [    Test worker] o.h.type.descriptor.sql.BasicBinder      : binding parameter [1] as [INTEGER] - [null]
2023-11-18 19:14:02.619 TRACE 12872 --- [    Test worker] o.h.type.descriptor.sql.BasicBinder      : binding parameter [2] as [INTEGER] - [null]
2023-11-18 19:14:02.620 TRACE 12872 --- [    Test worker] o.h.type.descriptor.sql.BasicBinder      : binding parameter [3] as [VARCHAR] - [sooh]
2023-11-18 19:14:02.620 TRACE 12872 --- [    Test worker] o.h.type.descriptor.sql.BasicBinder      : binding parameter [4] as [VARCHAR] - [suhyeon]
2023-11-18 19:14:02.621 TRACE 12872 --- [    Test worker] o.h.type.descriptor.sql.BasicBinder      : binding parameter [5] as [VARCHAR] - [$2a$10$mZglhfJCaxCjfyrncwGl1OJgtYEHnmoMuqWH4umOA6HdhfyV7txn6]
2023-11-18 19:14:02.621 TRACE 12872 --- [    Test worker] o.h.type.descriptor.sql.BasicBinder      : binding parameter [6] as [VARCHAR] - [010-1111-2222]
2023-11-18 19:14:02.621 TRACE 12872 --- [    Test worker] o.h.type.descriptor.sql.BasicBinder      : binding parameter [7] as [INTEGER] - [123456789]
2023-11-18 19:14:02.645 DEBUG 12872 --- [    Test worker] org.hibernate.SQL                        : 
    select
        sellerenti0_.seller_key as seller_k1_3_,
        sellerenti0_.shop_key as shop_key7_3_,
        sellerenti0_.isgrant as isgrant2_3_,
        sellerenti0_.seller_id_email as seller_i3_3_,
        sellerenti0_.seller_name as seller_n4_3_,
        sellerenti0_.seller_password as seller_p5_3_,
        sellerenti0_.seller_phonenum as seller_p6_3_ 
    from
        seller sellerenti0_ 
    where
        sellerenti0_.seller_key=?
Hibernate: 
    select
        sellerenti0_.seller_key as seller_k1_3_,
        sellerenti0_.shop_key as shop_key7_3_,
        sellerenti0_.isgrant as isgrant2_3_,
        sellerenti0_.seller_id_email as seller_i3_3_,
        sellerenti0_.seller_name as seller_n4_3_,
        sellerenti0_.seller_password as seller_p5_3_,
        sellerenti0_.seller_phonenum as seller_p6_3_ 
    from
        seller sellerenti0_ 
    where
        sellerenti0_.seller_key=?
2023-11-18 19:14:02.646 TRACE 12872 --- [    Test worker] o.h.type.descriptor.sql.BasicBinder      : binding parameter [1] as [INTEGER] - [123456789]
soohsuhyeon-----------------------------------


2023-11-18 19:14:02.676 DEBUG 12872 --- [    Test worker] org.hibernate.SQL                        : 
    insert 
    into
        flower_shop
        (description, holiday, is_opened, is_sub, opening_hours, shop_location, shop_name, shop_phone_num) 
    values
        (?, ?, ?, ?, ?, ?, ?, ?)
Hibernate: 
    insert 
    into
        flower_shop
        (description, holiday, is_opened, is_sub, opening_hours, shop_location, shop_name, shop_phone_num) 
    values
        (?, ?, ?, ?, ?, ?, ?, ?)
2023-11-18 19:14:02.677 TRACE 12872 --- [    Test worker] o.h.type.descriptor.sql.BasicBinder      : binding parameter [1] as [VARCHAR] - [null]
2023-11-18 19:14:02.678 TRACE 12872 --- [    Test worker] o.h.type.descriptor.sql.BasicBinder      : binding parameter [2] as [VARBINARY] - [[Ljava.lang.String;@43a9988a]
2023-11-18 19:14:02.679 TRACE 12872 --- [    Test worker] o.h.type.descriptor.sql.BasicBinder      : binding parameter [3] as [BOOLEAN] - [false]
2023-11-18 19:14:02.679 TRACE 12872 --- [    Test worker] o.h.type.descriptor.sql.BasicBinder      : binding parameter [4] as [BOOLEAN] - [false]
2023-11-18 19:14:02.680 TRACE 12872 --- [    Test worker] o.h.type.descriptor.sql.BasicBinder      : binding parameter [5] as [VARBINARY] - [[[I@456beb8b]
2023-11-18 19:14:02.680 TRACE 12872 --- [    Test worker] o.h.type.descriptor.sql.BasicBinder      : binding parameter [6] as [VARCHAR] - [suwon-si]
2023-11-18 19:14:02.680 TRACE 12872 --- [    Test worker] o.h.type.descriptor.sql.BasicBinder      : binding parameter [7] as [VARCHAR] - [its me]
2023-11-18 19:14:02.681 TRACE 12872 --- [    Test worker] o.h.type.descriptor.sql.BasicBinder      : binding parameter [8] as [VARCHAR] - [031-308-8223]
2023-11-18 19:14:02.690 DEBUG 12872 --- [    Test worker] org.hibernate.SQL                        : 
    select
        sellerenti_.seller_key,
        sellerenti_.shop_key as shop_key7_3_,
        sellerenti_.isgrant as isgrant2_3_,
        sellerenti_.seller_id_email as seller_i3_3_,
        sellerenti_.seller_name as seller_n4_3_,
        sellerenti_.seller_password as seller_p5_3_,
        sellerenti_.seller_phonenum as seller_p6_3_ 
    from
        seller sellerenti_ 
    where
        sellerenti_.seller_key=?
Hibernate: 
    select
        sellerenti_.seller_key,
        sellerenti_.shop_key as shop_key7_3_,
        sellerenti_.isgrant as isgrant2_3_,
        sellerenti_.seller_id_email as seller_i3_3_,
        sellerenti_.seller_name as seller_n4_3_,
        sellerenti_.seller_password as seller_p5_3_,
        sellerenti_.seller_phonenum as seller_p6_3_ 
    from
        seller sellerenti_ 
    where
        sellerenti_.seller_key=?
2023-11-18 19:14:02.691 TRACE 12872 --- [    Test worker] o.h.type.descriptor.sql.BasicBinder      : binding parameter [1] as [INTEGER] - [123456789]
2023-11-18 19:14:02.721 DEBUG 12872 --- [    Test worker] org.hibernate.SQL                        : 
    select
        sellerenti0_.seller_key as seller_k1_3_0_,
        sellerenti0_.shop_key as shop_key7_3_0_,
        sellerenti0_.isgrant as isgrant2_3_0_,
        sellerenti0_.seller_id_email as seller_i3_3_0_,
        sellerenti0_.seller_name as seller_n4_3_0_,
        sellerenti0_.seller_password as seller_p5_3_0_,
        sellerenti0_.seller_phonenum as seller_p6_3_0_ 
    from
        seller sellerenti0_ 
    where
        sellerenti0_.seller_key=?
Hibernate: 
    select
        sellerenti0_.seller_key as seller_k1_3_0_,
        sellerenti0_.shop_key as shop_key7_3_0_,
        sellerenti0_.isgrant as isgrant2_3_0_,
        sellerenti0_.seller_id_email as seller_i3_3_0_,
        sellerenti0_.seller_name as seller_n4_3_0_,
        sellerenti0_.seller_password as seller_p5_3_0_,
        sellerenti0_.seller_phonenum as seller_p6_3_0_ 
    from
        seller sellerenti0_ 
    where
        sellerenti0_.seller_key=?
2023-11-18 19:14:02.722 TRACE 12872 --- [    Test worker] o.h.type.descriptor.sql.BasicBinder      : binding parameter [1] as [INTEGER] - [123456789]
2023-11-18 19:14:02.730 DEBUG 12872 --- [    Test worker] org.hibernate.SQL                        : 
    select
        flowershop0_.shop_key as shop_key1_2_0_,
        flowershop0_.description as descript2_2_0_,
        flowershop0_.holiday as holiday3_2_0_,
        flowershop0_.is_opened as is_opene4_2_0_,
        flowershop0_.is_sub as is_sub5_2_0_,
        flowershop0_.opening_hours as opening_6_2_0_,
        flowershop0_.shop_location as shop_loc7_2_0_,
        flowershop0_.shop_name as shop_nam8_2_0_,
        flowershop0_.shop_phone_num as shop_pho9_2_0_,
        sellerenti1_.seller_key as seller_k1_3_1_,
        sellerenti1_.shop_key as shop_key7_3_1_,
        sellerenti1_.isgrant as isgrant2_3_1_,
        sellerenti1_.seller_id_email as seller_i3_3_1_,
        sellerenti1_.seller_name as seller_n4_3_1_,
        sellerenti1_.seller_password as seller_p5_3_1_,
        sellerenti1_.seller_phonenum as seller_p6_3_1_ 
    from
        flower_shop flowershop0_ 
    left outer join
        seller sellerenti1_ 
            on flowershop0_.shop_key=sellerenti1_.shop_key 
    where
        flowershop0_.shop_key=?
Hibernate: 
    select
        flowershop0_.shop_key as shop_key1_2_0_,
        flowershop0_.description as descript2_2_0_,
        flowershop0_.holiday as holiday3_2_0_,
        flowershop0_.is_opened as is_opene4_2_0_,
        flowershop0_.is_sub as is_sub5_2_0_,
        flowershop0_.opening_hours as opening_6_2_0_,
        flowershop0_.shop_location as shop_loc7_2_0_,
        flowershop0_.shop_name as shop_nam8_2_0_,
        flowershop0_.shop_phone_num as shop_pho9_2_0_,
        sellerenti1_.seller_key as seller_k1_3_1_,
        sellerenti1_.shop_key as shop_key7_3_1_,
        sellerenti1_.isgrant as isgrant2_3_1_,
        sellerenti1_.seller_id_email as seller_i3_3_1_,
        sellerenti1_.seller_name as seller_n4_3_1_,
        sellerenti1_.seller_password as seller_p5_3_1_,
        sellerenti1_.seller_phonenum as seller_p6_3_1_ 
    from
        flower_shop flowershop0_ 
    left outer join
        seller sellerenti1_ 
            on flowershop0_.shop_key=sellerenti1_.shop_key 
    where
        flowershop0_.shop_key=?
2023-11-18 19:14:02.731 TRACE 12872 --- [    Test worker] o.h.type.descriptor.sql.BasicBinder      : binding parameter [1] as [INTEGER] - [21]
2023-11-18 19:14:02.753 DEBUG 12872 --- [    Test worker] org.hibernate.SQL                        : 
    update
        seller 
    set
        shop_key=?,
        isgrant=?,
        seller_id_email=?,
        seller_name=?,
        seller_password=?,
        seller_phonenum=? 
    where
        seller_key=?
Hibernate: 
    update
        seller 
    set
        shop_key=?,
        isgrant=?,
        seller_id_email=?,
        seller_name=?,
        seller_password=?,
        seller_phonenum=? 
    where
        seller_key=?
2023-11-18 19:14:02.753 TRACE 12872 --- [    Test worker] o.h.type.descriptor.sql.BasicBinder      : binding parameter [1] as [INTEGER] - [21]
2023-11-18 19:14:02.753 TRACE 12872 --- [    Test worker] o.h.type.descriptor.sql.BasicBinder      : binding parameter [2] as [INTEGER] - [null]
2023-11-18 19:14:02.754 TRACE 12872 --- [    Test worker] o.h.type.descriptor.sql.BasicBinder      : binding parameter [3] as [VARCHAR] - [sooh]
2023-11-18 19:14:02.754 TRACE 12872 --- [    Test worker] o.h.type.descriptor.sql.BasicBinder      : binding parameter [4] as [VARCHAR] - [suhyeon]
2023-11-18 19:14:02.754 TRACE 12872 --- [    Test worker] o.h.type.descriptor.sql.BasicBinder      : binding parameter [5] as [VARCHAR] - [$2a$10$mZglhfJCaxCjfyrncwGl1OJgtYEHnmoMuqWH4umOA6HdhfyV7txn6]
2023-11-18 19:14:02.755 TRACE 12872 --- [    Test worker] o.h.type.descriptor.sql.BasicBinder      : binding parameter [6] as [VARCHAR] - [010-1111-2222]
2023-11-18 19:14:02.755 TRACE 12872 --- [    Test worker] o.h.type.descriptor.sql.BasicBinder      : binding parameter [7] as [INTEGER] - [123456789]
soohsuhyeonits me-----------------------------------


2023-11-18 19:14:02.964 DEBUG 12872 --- [    Test worker] org.hibernate.SQL                        : 
    select
        flowershop0_.shop_key as shop_key1_2_,
        flowershop0_.description as descript2_2_,
        flowershop0_.holiday as holiday3_2_,
        flowershop0_.is_opened as is_opene4_2_,
        flowershop0_.is_sub as is_sub5_2_,
        flowershop0_.opening_hours as opening_6_2_,
        flowershop0_.shop_location as shop_loc7_2_,
        flowershop0_.shop_name as shop_nam8_2_,
        flowershop0_.shop_phone_num as shop_pho9_2_ 
    from
        flower_shop flowershop0_ 
    where
        flowershop0_.shop_key=?
Hibernate: 
    select
        flowershop0_.shop_key as shop_key1_2_,
        flowershop0_.description as descript2_2_,
        flowershop0_.holiday as holiday3_2_,
        flowershop0_.is_opened as is_opene4_2_,
        flowershop0_.is_sub as is_sub5_2_,
        flowershop0_.opening_hours as opening_6_2_,
        flowershop0_.shop_location as shop_loc7_2_,
        flowershop0_.shop_name as shop_nam8_2_,
        flowershop0_.shop_phone_num as shop_pho9_2_ 
    from
        flower_shop flowershop0_ 
    where
        flowershop0_.shop_key=?
2023-11-18 19:14:02.964 TRACE 12872 --- [    Test worker] o.h.type.descriptor.sql.BasicBinder      : binding parameter [1] as [INTEGER] - [21]
2023-11-18 19:14:02.973 DEBUG 12872 --- [    Test worker] org.hibernate.SQL                        : 
    select
        sellerenti0_.seller_key as seller_k1_3_1_,
        sellerenti0_.shop_key as shop_key7_3_1_,
        sellerenti0_.isgrant as isgrant2_3_1_,
        sellerenti0_.seller_id_email as seller_i3_3_1_,
        sellerenti0_.seller_name as seller_n4_3_1_,
        sellerenti0_.seller_password as seller_p5_3_1_,
        sellerenti0_.seller_phonenum as seller_p6_3_1_,
        flowershop1_.shop_key as shop_key1_2_0_,
        flowershop1_.description as descript2_2_0_,
        flowershop1_.holiday as holiday3_2_0_,
        flowershop1_.is_opened as is_opene4_2_0_,
        flowershop1_.is_sub as is_sub5_2_0_,
        flowershop1_.opening_hours as opening_6_2_0_,
        flowershop1_.shop_location as shop_loc7_2_0_,
        flowershop1_.shop_name as shop_nam8_2_0_,
        flowershop1_.shop_phone_num as shop_pho9_2_0_ 
    from
        seller sellerenti0_ 
    left outer join
        flower_shop flowershop1_ 
            on sellerenti0_.shop_key=flowershop1_.shop_key 
    where
        sellerenti0_.shop_key=?
Hibernate: 
    select
        sellerenti0_.seller_key as seller_k1_3_1_,
        sellerenti0_.shop_key as shop_key7_3_1_,
        sellerenti0_.isgrant as isgrant2_3_1_,
        sellerenti0_.seller_id_email as seller_i3_3_1_,
        sellerenti0_.seller_name as seller_n4_3_1_,
        sellerenti0_.seller_password as seller_p5_3_1_,
        sellerenti0_.seller_phonenum as seller_p6_3_1_,
        flowershop1_.shop_key as shop_key1_2_0_,
        flowershop1_.description as descript2_2_0_,
        flowershop1_.holiday as holiday3_2_0_,
        flowershop1_.is_opened as is_opene4_2_0_,
        flowershop1_.is_sub as is_sub5_2_0_,
        flowershop1_.opening_hours as opening_6_2_0_,
        flowershop1_.shop_location as shop_loc7_2_0_,
        flowershop1_.shop_name as shop_nam8_2_0_,
        flowershop1_.shop_phone_num as shop_pho9_2_0_ 
    from
        seller sellerenti0_ 
    left outer join
        flower_shop flowershop1_ 
            on sellerenti0_.shop_key=flowershop1_.shop_key 
    where
        sellerenti0_.shop_key=?
2023-11-18 19:14:02.986 TRACE 12872 --- [    Test worker] o.h.type.descriptor.sql.BasicBinder      : binding parameter [1] as [INTEGER] - [21]
2023-11-18 19:14:03.014 DEBUG 12872 --- [    Test worker] org.hibernate.SQL                        : 
    delete 
    from
        seller
Hibernate: 
    delete 
    from
        seller
2023-11-18 19:14:03.043 DEBUG 12872 --- [    Test worker] org.hibernate.SQL                        : 
    delete 
    from
        flower_shop
Hibernate: 
    delete 
    from
        flower_shop
2023-11-18 19:14:03.076 DEBUG 12872 --- [    Test worker] org.hibernate.SQL                        : 
    select
        sellerenti0_.seller_key as seller_k1_3_,
        sellerenti0_.shop_key as shop_key7_3_,
        sellerenti0_.isgrant as isgrant2_3_,
        sellerenti0_.seller_id_email as seller_i3_3_,
        sellerenti0_.seller_name as seller_n4_3_,
        sellerenti0_.seller_password as seller_p5_3_,
        sellerenti0_.seller_phonenum as seller_p6_3_ 
    from
        seller sellerenti0_ 
    where
        sellerenti0_.seller_key=?
Hibernate: 
    select
        sellerenti0_.seller_key as seller_k1_3_,
        sellerenti0_.shop_key as shop_key7_3_,
        sellerenti0_.isgrant as isgrant2_3_,
        sellerenti0_.seller_id_email as seller_i3_3_,
        sellerenti0_.seller_name as seller_n4_3_,
        sellerenti0_.seller_password as seller_p5_3_,
        sellerenti0_.seller_phonenum as seller_p6_3_ 
    from
        seller sellerenti0_ 
    where
        sellerenti0_.seller_key=?
2023-11-18 19:14:03.077 TRACE 12872 --- [    Test worker] o.h.type.descriptor.sql.BasicBinder      : binding parameter [1] as [INTEGER] - [123456789]
2023-11-18 19:14:03.304 DEBUG 12872 --- [    Test worker] org.hibernate.SQL                        : 
    select
        sellerenti0_.seller_key as seller_k1_3_0_,
        sellerenti0_.shop_key as shop_key7_3_0_,
        sellerenti0_.isgrant as isgrant2_3_0_,
        sellerenti0_.seller_id_email as seller_i3_3_0_,
        sellerenti0_.seller_name as seller_n4_3_0_,
        sellerenti0_.seller_password as seller_p5_3_0_,
        sellerenti0_.seller_phonenum as seller_p6_3_0_ 
    from
        seller sellerenti0_ 
    where
        sellerenti0_.seller_key=?
Hibernate: 
    select
        sellerenti0_.seller_key as seller_k1_3_0_,
        sellerenti0_.shop_key as shop_key7_3_0_,
        sellerenti0_.isgrant as isgrant2_3_0_,
        sellerenti0_.seller_id_email as seller_i3_3_0_,
        sellerenti0_.seller_name as seller_n4_3_0_,
        sellerenti0_.seller_password as seller_p5_3_0_,
        sellerenti0_.seller_phonenum as seller_p6_3_0_ 
    from
        seller sellerenti0_ 
    where
        sellerenti0_.seller_key=?
2023-11-18 19:14:03.305 TRACE 12872 --- [    Test worker] o.h.type.descriptor.sql.BasicBinder      : binding parameter [1] as [INTEGER] - [123456789]
2023-11-18 19:14:03.316 DEBUG 12872 --- [    Test worker] org.hibernate.SQL                        : 
    insert 
    into
        seller
        (shop_key, isgrant, seller_id_email, seller_name, seller_password, seller_phonenum, seller_key) 
    values
        (?, ?, ?, ?, ?, ?, ?)
Hibernate: 
    insert 
    into
        seller
        (shop_key, isgrant, seller_id_email, seller_name, seller_password, seller_phonenum, seller_key) 
    values
        (?, ?, ?, ?, ?, ?, ?)
2023-11-18 19:14:03.317 TRACE 12872 --- [    Test worker] o.h.type.descriptor.sql.BasicBinder      : binding parameter [1] as [INTEGER] - [null]
2023-11-18 19:14:03.318 TRACE 12872 --- [    Test worker] o.h.type.descriptor.sql.BasicBinder      : binding parameter [2] as [INTEGER] - [null]
2023-11-18 19:14:03.318 TRACE 12872 --- [    Test worker] o.h.type.descriptor.sql.BasicBinder      : binding parameter [3] as [VARCHAR] - [sooh]
2023-11-18 19:14:03.318 TRACE 12872 --- [    Test worker] o.h.type.descriptor.sql.BasicBinder      : binding parameter [4] as [VARCHAR] - [suhyeon]
2023-11-18 19:14:03.318 TRACE 12872 --- [    Test worker] o.h.type.descriptor.sql.BasicBinder      : binding parameter [5] as [VARCHAR] - [$2a$10$DqOK.dk31FB4Os4t/FKbU.a71O4227j9f20W3BO3QDZaquHscUjii]
2023-11-18 19:14:03.318 TRACE 12872 --- [    Test worker] o.h.type.descriptor.sql.BasicBinder      : binding parameter [6] as [VARCHAR] - [010-1111-2222]
2023-11-18 19:14:03.319 TRACE 12872 --- [    Test worker] o.h.type.descriptor.sql.BasicBinder      : binding parameter [7] as [INTEGER] - [123456789]
2023-11-18 19:14:03.344 DEBUG 12872 --- [    Test worker] org.hibernate.SQL                        : 
    select
        sellerenti0_.seller_key as seller_k1_3_,
        sellerenti0_.shop_key as shop_key7_3_,
        sellerenti0_.isgrant as isgrant2_3_,
        sellerenti0_.seller_id_email as seller_i3_3_,
        sellerenti0_.seller_name as seller_n4_3_,
        sellerenti0_.seller_password as seller_p5_3_,
        sellerenti0_.seller_phonenum as seller_p6_3_ 
    from
        seller sellerenti0_ 
    where
        sellerenti0_.seller_key=?
Hibernate: 
    select
        sellerenti0_.seller_key as seller_k1_3_,
        sellerenti0_.shop_key as shop_key7_3_,
        sellerenti0_.isgrant as isgrant2_3_,
        sellerenti0_.seller_id_email as seller_i3_3_,
        sellerenti0_.seller_name as seller_n4_3_,
        sellerenti0_.seller_password as seller_p5_3_,
        sellerenti0_.seller_phonenum as seller_p6_3_ 
    from
        seller sellerenti0_ 
    where
        sellerenti0_.seller_key=?
2023-11-18 19:14:03.347 TRACE 12872 --- [    Test worker] o.h.type.descriptor.sql.BasicBinder      : binding parameter [1] as [INTEGER] - [123456789]
soohsuhyeon-----------------------------------


2023-11-18 19:14:03.365 DEBUG 12872 --- [    Test worker] org.hibernate.SQL                        : 
    insert 
    into
        flower_shop
        (description, holiday, is_opened, is_sub, opening_hours, shop_location, shop_name, shop_phone_num) 
    values
        (?, ?, ?, ?, ?, ?, ?, ?)
Hibernate: 
    insert 
    into
        flower_shop
        (description, holiday, is_opened, is_sub, opening_hours, shop_location, shop_name, shop_phone_num) 
    values
        (?, ?, ?, ?, ?, ?, ?, ?)
2023-11-18 19:14:03.367 TRACE 12872 --- [    Test worker] o.h.type.descriptor.sql.BasicBinder      : binding parameter [1] as [VARCHAR] - [null]
2023-11-18 19:14:03.367 TRACE 12872 --- [    Test worker] o.h.type.descriptor.sql.BasicBinder      : binding parameter [2] as [VARBINARY] - [[Ljava.lang.String;@18ada4e1]
2023-11-18 19:14:03.367 TRACE 12872 --- [    Test worker] o.h.type.descriptor.sql.BasicBinder      : binding parameter [3] as [BOOLEAN] - [false]
2023-11-18 19:14:03.368 TRACE 12872 --- [    Test worker] o.h.type.descriptor.sql.BasicBinder      : binding parameter [4] as [BOOLEAN] - [false]
2023-11-18 19:14:03.369 TRACE 12872 --- [    Test worker] o.h.type.descriptor.sql.BasicBinder      : binding parameter [5] as [VARBINARY] - [[[I@359f3401]
2023-11-18 19:14:03.369 TRACE 12872 --- [    Test worker] o.h.type.descriptor.sql.BasicBinder      : binding parameter [6] as [VARCHAR] - [suwon-si]
2023-11-18 19:14:03.370 TRACE 12872 --- [    Test worker] o.h.type.descriptor.sql.BasicBinder      : binding parameter [7] as [VARCHAR] - [its me]
2023-11-18 19:14:03.370 TRACE 12872 --- [    Test worker] o.h.type.descriptor.sql.BasicBinder      : binding parameter [8] as [VARCHAR] - [031-308-8223]
2023-11-18 19:14:03.380 DEBUG 12872 --- [    Test worker] org.hibernate.SQL                        : 
    select
        sellerenti_.seller_key,
        sellerenti_.shop_key as shop_key7_3_,
        sellerenti_.isgrant as isgrant2_3_,
        sellerenti_.seller_id_email as seller_i3_3_,
        sellerenti_.seller_name as seller_n4_3_,
        sellerenti_.seller_password as seller_p5_3_,
        sellerenti_.seller_phonenum as seller_p6_3_ 
    from
        seller sellerenti_ 
    where
        sellerenti_.seller_key=?
Hibernate: 
    select
        sellerenti_.seller_key,
        sellerenti_.shop_key as shop_key7_3_,
        sellerenti_.isgrant as isgrant2_3_,
        sellerenti_.seller_id_email as seller_i3_3_,
        sellerenti_.seller_name as seller_n4_3_,
        sellerenti_.seller_password as seller_p5_3_,
        sellerenti_.seller_phonenum as seller_p6_3_ 
    from
        seller sellerenti_ 
    where
        sellerenti_.seller_key=?
2023-11-18 19:14:03.383 TRACE 12872 --- [    Test worker] o.h.type.descriptor.sql.BasicBinder      : binding parameter [1] as [INTEGER] - [123456789]
2023-11-18 19:14:03.423 DEBUG 12872 --- [    Test worker] org.hibernate.SQL                        : 
    select
        sellerenti0_.seller_key as seller_k1_3_0_,
        sellerenti0_.shop_key as shop_key7_3_0_,
        sellerenti0_.isgrant as isgrant2_3_0_,
        sellerenti0_.seller_id_email as seller_i3_3_0_,
        sellerenti0_.seller_name as seller_n4_3_0_,
        sellerenti0_.seller_password as seller_p5_3_0_,
        sellerenti0_.seller_phonenum as seller_p6_3_0_ 
    from
        seller sellerenti0_ 
    where
        sellerenti0_.seller_key=?
Hibernate: 
    select
        sellerenti0_.seller_key as seller_k1_3_0_,
        sellerenti0_.shop_key as shop_key7_3_0_,
        sellerenti0_.isgrant as isgrant2_3_0_,
        sellerenti0_.seller_id_email as seller_i3_3_0_,
        sellerenti0_.seller_name as seller_n4_3_0_,
        sellerenti0_.seller_password as seller_p5_3_0_,
        sellerenti0_.seller_phonenum as seller_p6_3_0_ 
    from
        seller sellerenti0_ 
    where
        sellerenti0_.seller_key=?
2023-11-18 19:14:03.424 TRACE 12872 --- [    Test worker] o.h.type.descriptor.sql.BasicBinder      : binding parameter [1] as [INTEGER] - [123456789]
2023-11-18 19:14:03.435 DEBUG 12872 --- [    Test worker] org.hibernate.SQL                        : 
    select
        flowershop0_.shop_key as shop_key1_2_0_,
        flowershop0_.description as descript2_2_0_,
        flowershop0_.holiday as holiday3_2_0_,
        flowershop0_.is_opened as is_opene4_2_0_,
        flowershop0_.is_sub as is_sub5_2_0_,
        flowershop0_.opening_hours as opening_6_2_0_,
        flowershop0_.shop_location as shop_loc7_2_0_,
        flowershop0_.shop_name as shop_nam8_2_0_,
        flowershop0_.shop_phone_num as shop_pho9_2_0_,
        sellerenti1_.seller_key as seller_k1_3_1_,
        sellerenti1_.shop_key as shop_key7_3_1_,
        sellerenti1_.isgrant as isgrant2_3_1_,
        sellerenti1_.seller_id_email as seller_i3_3_1_,
        sellerenti1_.seller_name as seller_n4_3_1_,
        sellerenti1_.seller_password as seller_p5_3_1_,
        sellerenti1_.seller_phonenum as seller_p6_3_1_ 
    from
        flower_shop flowershop0_ 
    left outer join
        seller sellerenti1_ 
            on flowershop0_.shop_key=sellerenti1_.shop_key 
    where
        flowershop0_.shop_key=?
Hibernate: 
    select
        flowershop0_.shop_key as shop_key1_2_0_,
        flowershop0_.description as descript2_2_0_,
        flowershop0_.holiday as holiday3_2_0_,
        flowershop0_.is_opened as is_opene4_2_0_,
        flowershop0_.is_sub as is_sub5_2_0_,
        flowershop0_.opening_hours as opening_6_2_0_,
        flowershop0_.shop_location as shop_loc7_2_0_,
        flowershop0_.shop_name as shop_nam8_2_0_,
        flowershop0_.shop_phone_num as shop_pho9_2_0_,
        sellerenti1_.seller_key as seller_k1_3_1_,
        sellerenti1_.shop_key as shop_key7_3_1_,
        sellerenti1_.isgrant as isgrant2_3_1_,
        sellerenti1_.seller_id_email as seller_i3_3_1_,
        sellerenti1_.seller_name as seller_n4_3_1_,
        sellerenti1_.seller_password as seller_p5_3_1_,
        sellerenti1_.seller_phonenum as seller_p6_3_1_ 
    from
        flower_shop flowershop0_ 
    left outer join
        seller sellerenti1_ 
            on flowershop0_.shop_key=sellerenti1_.shop_key 
    where
        flowershop0_.shop_key=?
2023-11-18 19:14:03.437 TRACE 12872 --- [    Test worker] o.h.type.descriptor.sql.BasicBinder      : binding parameter [1] as [INTEGER] - [22]
2023-11-18 19:14:03.451 DEBUG 12872 --- [    Test worker] org.hibernate.SQL                        : 
    update
        seller 
    set
        shop_key=?,
        isgrant=?,
        seller_id_email=?,
        seller_name=?,
        seller_password=?,
        seller_phonenum=? 
    where
        seller_key=?
Hibernate: 
    update
        seller 
    set
        shop_key=?,
        isgrant=?,
        seller_id_email=?,
        seller_name=?,
        seller_password=?,
        seller_phonenum=? 
    where
        seller_key=?
2023-11-18 19:14:03.452 TRACE 12872 --- [    Test worker] o.h.type.descriptor.sql.BasicBinder      : binding parameter [1] as [INTEGER] - [22]
2023-11-18 19:14:03.453 TRACE 12872 --- [    Test worker] o.h.type.descriptor.sql.BasicBinder      : binding parameter [2] as [INTEGER] - [null]
2023-11-18 19:14:03.453 TRACE 12872 --- [    Test worker] o.h.type.descriptor.sql.BasicBinder      : binding parameter [3] as [VARCHAR] - [sooh]
2023-11-18 19:14:03.454 TRACE 12872 --- [    Test worker] o.h.type.descriptor.sql.BasicBinder      : binding parameter [4] as [VARCHAR] - [suhyeon]
2023-11-18 19:14:03.455 TRACE 12872 --- [    Test worker] o.h.type.descriptor.sql.BasicBinder      : binding parameter [5] as [VARCHAR] - [$2a$10$DqOK.dk31FB4Os4t/FKbU.a71O4227j9f20W3BO3QDZaquHscUjii]
2023-11-18 19:14:03.455 TRACE 12872 --- [    Test worker] o.h.type.descriptor.sql.BasicBinder      : binding parameter [6] as [VARCHAR] - [010-1111-2222]
2023-11-18 19:14:03.456 TRACE 12872 --- [    Test worker] o.h.type.descriptor.sql.BasicBinder      : binding parameter [7] as [INTEGER] - [123456789]
soohsuhyeonits me-----------------------------------


2023-11-18 19:14:03.486 DEBUG 12872 --- [    Test worker] org.hibernate.SQL                        : 
    select
        sellerenti0_.seller_key as seller_k1_3_,
        sellerenti0_.shop_key as shop_key7_3_,
        sellerenti0_.isgrant as isgrant2_3_,
        sellerenti0_.seller_id_email as seller_i3_3_,
        sellerenti0_.seller_name as seller_n4_3_,
        sellerenti0_.seller_password as seller_p5_3_,
        sellerenti0_.seller_phonenum as seller_p6_3_ 
    from
        seller sellerenti0_ 
    where
        sellerenti0_.seller_key=?
Hibernate: 
    select
        sellerenti0_.seller_key as seller_k1_3_,
        sellerenti0_.shop_key as shop_key7_3_,
        sellerenti0_.isgrant as isgrant2_3_,
        sellerenti0_.seller_id_email as seller_i3_3_,
        sellerenti0_.seller_name as seller_n4_3_,
        sellerenti0_.seller_password as seller_p5_3_,
        sellerenti0_.seller_phonenum as seller_p6_3_ 
    from
        seller sellerenti0_ 
    where
        sellerenti0_.seller_key=?
2023-11-18 19:14:03.487 TRACE 12872 --- [    Test worker] o.h.type.descriptor.sql.BasicBinder      : binding parameter [1] as [INTEGER] - [123456789]
2023-11-18 19:14:03.495 DEBUG 12872 --- [    Test worker] org.hibernate.SQL                        : 
    select
        flowershop0_.shop_key as shop_key1_2_0_,
        flowershop0_.description as descript2_2_0_,
        flowershop0_.holiday as holiday3_2_0_,
        flowershop0_.is_opened as is_opene4_2_0_,
        flowershop0_.is_sub as is_sub5_2_0_,
        flowershop0_.opening_hours as opening_6_2_0_,
        flowershop0_.shop_location as shop_loc7_2_0_,
        flowershop0_.shop_name as shop_nam8_2_0_,
        flowershop0_.shop_phone_num as shop_pho9_2_0_,
        sellerenti1_.seller_key as seller_k1_3_1_,
        sellerenti1_.shop_key as shop_key7_3_1_,
        sellerenti1_.isgrant as isgrant2_3_1_,
        sellerenti1_.seller_id_email as seller_i3_3_1_,
        sellerenti1_.seller_name as seller_n4_3_1_,
        sellerenti1_.seller_password as seller_p5_3_1_,
        sellerenti1_.seller_phonenum as seller_p6_3_1_ 
    from
        flower_shop flowershop0_ 
    left outer join
        seller sellerenti1_ 
            on flowershop0_.shop_key=sellerenti1_.shop_key 
    where
        flowershop0_.shop_key=?
Hibernate: 
    select
        flowershop0_.shop_key as shop_key1_2_0_,
        flowershop0_.description as descript2_2_0_,
        flowershop0_.holiday as holiday3_2_0_,
        flowershop0_.is_opened as is_opene4_2_0_,
        flowershop0_.is_sub as is_sub5_2_0_,
        flowershop0_.opening_hours as opening_6_2_0_,
        flowershop0_.shop_location as shop_loc7_2_0_,
        flowershop0_.shop_name as shop_nam8_2_0_,
        flowershop0_.shop_phone_num as shop_pho9_2_0_,
        sellerenti1_.seller_key as seller_k1_3_1_,
        sellerenti1_.shop_key as shop_key7_3_1_,
        sellerenti1_.isgrant as isgrant2_3_1_,
        sellerenti1_.seller_id_email as seller_i3_3_1_,
        sellerenti1_.seller_name as seller_n4_3_1_,
        sellerenti1_.seller_password as seller_p5_3_1_,
        sellerenti1_.seller_phonenum as seller_p6_3_1_ 
    from
        flower_shop flowershop0_ 
    left outer join
        seller sellerenti1_ 
            on flowershop0_.shop_key=sellerenti1_.shop_key 
    where
        flowershop0_.shop_key=?
2023-11-18 19:14:03.497 TRACE 12872 --- [    Test worker] o.h.type.descriptor.sql.BasicBinder      : binding parameter [1] as [INTEGER] - [22]
2023-11-18 19:14:03.508 DEBUG 12872 --- [    Test worker] org.hibernate.SQL                        : 
    select
        sellerenti0_.seller_key as seller_k1_3_1_,
        sellerenti0_.shop_key as shop_key7_3_1_,
        sellerenti0_.isgrant as isgrant2_3_1_,
        sellerenti0_.seller_id_email as seller_i3_3_1_,
        sellerenti0_.seller_name as seller_n4_3_1_,
        sellerenti0_.seller_password as seller_p5_3_1_,
        sellerenti0_.seller_phonenum as seller_p6_3_1_,
        flowershop1_.shop_key as shop_key1_2_0_,
        flowershop1_.description as descript2_2_0_,
        flowershop1_.holiday as holiday3_2_0_,
        flowershop1_.is_opened as is_opene4_2_0_,
        flowershop1_.is_sub as is_sub5_2_0_,
        flowershop1_.opening_hours as opening_6_2_0_,
        flowershop1_.shop_location as shop_loc7_2_0_,
        flowershop1_.shop_name as shop_nam8_2_0_,
        flowershop1_.shop_phone_num as shop_pho9_2_0_ 
    from
        seller sellerenti0_ 
    left outer join
        flower_shop flowershop1_ 
            on sellerenti0_.shop_key=flowershop1_.shop_key 
    where
        sellerenti0_.shop_key=?
Hibernate: 
    select
        sellerenti0_.seller_key as seller_k1_3_1_,
        sellerenti0_.shop_key as shop_key7_3_1_,
        sellerenti0_.isgrant as isgrant2_3_1_,
        sellerenti0_.seller_id_email as seller_i3_3_1_,
        sellerenti0_.seller_name as seller_n4_3_1_,
        sellerenti0_.seller_password as seller_p5_3_1_,
        sellerenti0_.seller_phonenum as seller_p6_3_1_,
        flowershop1_.shop_key as shop_key1_2_0_,
        flowershop1_.description as descript2_2_0_,
        flowershop1_.holiday as holiday3_2_0_,
        flowershop1_.is_opened as is_opene4_2_0_,
        flowershop1_.is_sub as is_sub5_2_0_,
        flowershop1_.opening_hours as opening_6_2_0_,
        flowershop1_.shop_location as shop_loc7_2_0_,
        flowershop1_.shop_name as shop_nam8_2_0_,
        flowershop1_.shop_phone_num as shop_pho9_2_0_ 
    from
        seller sellerenti0_ 
    left outer join
        flower_shop flowershop1_ 
            on sellerenti0_.shop_key=flowershop1_.shop_key 
    where
        sellerenti0_.shop_key=?
2023-11-18 19:14:03.512 TRACE 12872 --- [    Test worker] o.h.type.descriptor.sql.BasicBinder      : binding parameter [1] as [INTEGER] - [22]
soohsuhyeon-----------------------------------


]]></system-out>
  <system-err><![CDATA[]]></system-err>
</testsuite>
