<?xml version="1.0" encoding="UTF-8"?>
<testsuite name="net.prescent.service.SellerServiceTest" tests="6" skipped="0" failures="0" errors="0" timestamp="2023-12-06T07:16:13" hostname="LAPTOP-Q5F6TAOM" time="1.193">
  <properties/>
  <testcase name="판매자 회원가입 테스트" classname="net.prescent.service.SellerServiceTest" time="0.198"/>
  <testcase name="중복 사업자번호 가입 테스트" classname="net.prescent.service.SellerServiceTest" time="0.135"/>
  <testcase name="판매자 로그아웃 테스트" classname="net.prescent.service.SellerServiceTest" time="0.28"/>
  <testcase name="판매자 로그인 실패 - 잘못된 비밀번호 테스트" classname="net.prescent.service.SellerServiceTest" time="0.214"/>
  <testcase name="판매자 로그인 성공 테스트" classname="net.prescent.service.SellerServiceTest" time="0.221"/>
  <testcase name="판매자 로그인 실패 - 잘못된 Email 테스트" classname="net.prescent.service.SellerServiceTest" time="0.138"/>
  <system-out><![CDATA[2023-12-06 16:16:13.963  INFO 12608 --- [    Test worker] .b.t.c.SpringBootTestContextBootstrapper : Neither @ContextConfiguration nor @ContextHierarchy found for test class [net.prescent.service.SellerServiceTest], using SpringBootContextLoader
2023-12-06 16:16:13.965  INFO 12608 --- [    Test worker] o.s.t.c.support.AbstractContextLoader    : Could not detect default resource locations for test class [net.prescent.service.SellerServiceTest]: no resource found for suffixes {-context.xml, Context.groovy}.
2023-12-06 16:16:13.965  INFO 12608 --- [    Test worker] t.c.s.AnnotationConfigContextLoaderUtils : Could not detect default configuration classes for test class [net.prescent.service.SellerServiceTest]: SellerServiceTest does not declare any static, non-private, non-final, nested classes annotated with @Configuration.
2023-12-06 16:16:13.967  INFO 12608 --- [    Test worker] .b.t.c.SpringBootTestContextBootstrapper : Found @SpringBootConfiguration net.prescent.PreScentApplication for test class net.prescent.service.SellerServiceTest
2023-12-06 16:16:13.968  INFO 12608 --- [    Test worker] .b.t.c.SpringBootTestContextBootstrapper : Loaded default TestExecutionListener class names from location [META-INF/spring.factories]: [org.springframework.security.test.context.support.WithSecurityContextTestExecutionListener, org.springframework.security.test.context.support.ReactorContextTestExecutionListener, org.springframework.boot.test.autoconfigure.restdocs.RestDocsTestExecutionListener, org.springframework.boot.test.autoconfigure.web.client.MockRestServiceServerResetTestExecutionListener, org.springframework.boot.test.autoconfigure.web.servlet.MockMvcPrintOnlyOnFailureTestExecutionListener, org.springframework.boot.test.autoconfigure.web.servlet.WebDriverTestExecutionListener, org.springframework.boot.test.autoconfigure.webservices.client.MockWebServiceServerTestExecutionListener, org.springframework.boot.test.mock.mockito.MockitoTestExecutionListener, org.springframework.boot.test.mock.mockito.ResetMocksTestExecutionListener, org.springframework.test.context.web.ServletTestExecutionListener, org.springframework.test.context.support.DirtiesContextBeforeModesTestExecutionListener, org.springframework.test.context.event.ApplicationEventsTestExecutionListener, org.springframework.test.context.support.DependencyInjectionTestExecutionListener, org.springframework.test.context.support.DirtiesContextTestExecutionListener, org.springframework.test.context.transaction.TransactionalTestExecutionListener, org.springframework.test.context.jdbc.SqlScriptsTestExecutionListener, org.springframework.test.context.event.EventPublishingTestExecutionListener]
2023-12-06 16:16:13.968  INFO 12608 --- [    Test worker] .b.t.c.SpringBootTestContextBootstrapper : Using TestExecutionListeners: [org.springframework.test.context.web.ServletTestExecutionListener@52d1bb9c, org.springframework.test.context.support.DirtiesContextBeforeModesTestExecutionListener@39c437e9, org.springframework.test.context.event.ApplicationEventsTestExecutionListener@7049d079, org.springframework.boot.test.mock.mockito.MockitoTestExecutionListener@735ed1d2, org.springframework.boot.test.autoconfigure.SpringBootDependencyInjectionTestExecutionListener@2c8c897e, org.springframework.test.context.support.DirtiesContextTestExecutionListener@34ef9879, org.springframework.test.context.transaction.TransactionalTestExecutionListener@a9b5c85, org.springframework.test.context.jdbc.SqlScriptsTestExecutionListener@fcecc45, org.springframework.security.test.context.support.WithSecurityContextTestExecutionListener@47c163bb, org.springframework.test.context.event.EventPublishingTestExecutionListener@f25176a, org.springframework.security.test.context.support.ReactorContextTestExecutionListener@5f8a0d7f, org.springframework.boot.test.autoconfigure.restdocs.RestDocsTestExecutionListener@26df4e2f, org.springframework.boot.test.autoconfigure.web.client.MockRestServiceServerResetTestExecutionListener@6a4f3df4, org.springframework.boot.test.autoconfigure.web.servlet.MockMvcPrintOnlyOnFailureTestExecutionListener@4d76f990, org.springframework.boot.test.autoconfigure.web.servlet.WebDriverTestExecutionListener@4298e4b4, org.springframework.boot.test.autoconfigure.webservices.client.MockWebServiceServerTestExecutionListener@1e6a74fe, org.springframework.boot.test.mock.mockito.ResetMocksTestExecutionListener@d594a5a]
2023-12-06 16:16:13.979  INFO 12608 --- [    Test worker] o.s.t.c.transaction.TransactionContext   : Began transaction (1) for test context [DefaultTestContext@438f205c testClass = SellerServiceTest, testInstance = net.prescent.service.SellerServiceTest@3a2f4611, testMethod = signupSellerTest@SellerServiceTest, testException = [null], mergedContextConfiguration = [WebMergedContextConfiguration@cf9a1f1 testClass = SellerServiceTest, locations = '{}', classes = '{class net.prescent.PreScentApplication}', contextInitializerClasses = '[]', activeProfiles = '{}', propertySourceLocations = '{}', propertySourceProperties = '{org.springframework.boot.test.context.SpringBootTestContextBootstrapper=true}', contextCustomizers = set[org.springframework.boot.test.autoconfigure.actuate.metrics.MetricsExportContextCustomizerFactory$DisableMetricExportContextCustomizer@3f1c5af9, org.springframework.boot.test.autoconfigure.properties.PropertyMappingContextCustomizer@0, org.springframework.boot.test.autoconfigure.web.servlet.WebDriverContextCustomizerFactory$Customizer@44e3760b, org.springframework.boot.test.context.filter.ExcludeFilterContextCustomizer@1ddae9b5, org.springframework.boot.test.json.DuplicateJsonObjectContextCustomizerFactory$DuplicateJsonObjectContextCustomizer@2c7d121c, org.springframework.boot.test.mock.mockito.MockitoContextCustomizer@0, org.springframework.boot.test.web.client.TestRestTemplateContextCustomizer@1cd201a8, org.springframework.boot.test.web.reactive.server.WebTestClientContextCustomizer@19fe4644, org.springframework.boot.test.context.SpringBootTestArgs@1, org.springframework.boot.test.context.SpringBootTestWebEnvironment@df6620a], resourceBasePath = 'src/main/webapp', contextLoader = 'org.springframework.boot.test.context.SpringBootContextLoader', parent = [null]], attributes = map['org.springframework.test.context.web.ServletTestExecutionListener.activateListener' -> true, 'org.springframework.test.context.web.ServletTestExecutionListener.populatedRequestContextHolder' -> true, 'org.springframework.test.context.web.ServletTestExecutionListener.resetRequestContextHolder' -> true, 'org.springframework.test.context.event.ApplicationEventsTestExecutionListener.recordApplicationEvents' -> false]]; transaction manager [org.springframework.orm.jpa.JpaTransactionManager@7e49ab66]; rollback [true]
2023-12-06 16:16:13.981 DEBUG 12608 --- [    Test worker] org.hibernate.SQL                        : 
    delete 
    from
        seller
Hibernate: 
    delete 
    from
        seller
2023-12-06 16:16:13.988 DEBUG 12608 --- [    Test worker] org.hibernate.SQL                        : 
    select
        sellerenti0_.seller_key as seller_k1_7_,
        sellerenti0_.shop_key as shop_key7_7_,
        sellerenti0_.isgrant as isgrant2_7_,
        sellerenti0_.seller_id_email as seller_i3_7_,
        sellerenti0_.seller_name as seller_n4_7_,
        sellerenti0_.seller_password as seller_p5_7_,
        sellerenti0_.seller_phonenum as seller_p6_7_ 
    from
        seller sellerenti0_ 
    where
        sellerenti0_.seller_key=?
Hibernate: 
    select
        sellerenti0_.seller_key as seller_k1_7_,
        sellerenti0_.shop_key as shop_key7_7_,
        sellerenti0_.isgrant as isgrant2_7_,
        sellerenti0_.seller_id_email as seller_i3_7_,
        sellerenti0_.seller_name as seller_n4_7_,
        sellerenti0_.seller_password as seller_p5_7_,
        sellerenti0_.seller_phonenum as seller_p6_7_ 
    from
        seller sellerenti0_ 
    where
        sellerenti0_.seller_key=?
2023-12-06 16:16:13.989 TRACE 12608 --- [    Test worker] o.h.type.descriptor.sql.BasicBinder      : binding parameter [1] as [INTEGER] - [123456789]
2023-12-06 16:16:14.062 DEBUG 12608 --- [    Test worker] org.hibernate.SQL                        : 
    select
        sellerenti0_.seller_key as seller_k1_7_0_,
        sellerenti0_.shop_key as shop_key7_7_0_,
        sellerenti0_.isgrant as isgrant2_7_0_,
        sellerenti0_.seller_id_email as seller_i3_7_0_,
        sellerenti0_.seller_name as seller_n4_7_0_,
        sellerenti0_.seller_password as seller_p5_7_0_,
        sellerenti0_.seller_phonenum as seller_p6_7_0_ 
    from
        seller sellerenti0_ 
    where
        sellerenti0_.seller_key=?
Hibernate: 
    select
        sellerenti0_.seller_key as seller_k1_7_0_,
        sellerenti0_.shop_key as shop_key7_7_0_,
        sellerenti0_.isgrant as isgrant2_7_0_,
        sellerenti0_.seller_id_email as seller_i3_7_0_,
        sellerenti0_.seller_name as seller_n4_7_0_,
        sellerenti0_.seller_password as seller_p5_7_0_,
        sellerenti0_.seller_phonenum as seller_p6_7_0_ 
    from
        seller sellerenti0_ 
    where
        sellerenti0_.seller_key=?
2023-12-06 16:16:14.063 TRACE 12608 --- [    Test worker] o.h.type.descriptor.sql.BasicBinder      : binding parameter [1] as [INTEGER] - [123456789]
2023-12-06 16:16:14.072 DEBUG 12608 --- [    Test worker] org.hibernate.SQL                        : 
    insert 
    into
        seller
        (shop_key, isgrant, seller_id_email, seller_name, seller_password, seller_phonenum, seller_key) 
    values
        (?, ?, ?, ?, ?, ?, ?)
Hibernate: 
    insert 
    into
        seller
        (shop_key, isgrant, seller_id_email, seller_name, seller_password, seller_phonenum, seller_key) 
    values
        (?, ?, ?, ?, ?, ?, ?)
2023-12-06 16:16:14.072 TRACE 12608 --- [    Test worker] o.h.type.descriptor.sql.BasicBinder      : binding parameter [1] as [INTEGER] - [null]
2023-12-06 16:16:14.073 TRACE 12608 --- [    Test worker] o.h.type.descriptor.sql.BasicBinder      : binding parameter [2] as [INTEGER] - [null]
2023-12-06 16:16:14.073 TRACE 12608 --- [    Test worker] o.h.type.descriptor.sql.BasicBinder      : binding parameter [3] as [VARCHAR] - [ajou@gmail.com]
2023-12-06 16:16:14.073 TRACE 12608 --- [    Test worker] o.h.type.descriptor.sql.BasicBinder      : binding parameter [4] as [VARCHAR] - [suhyeon]
2023-12-06 16:16:14.073 TRACE 12608 --- [    Test worker] o.h.type.descriptor.sql.BasicBinder      : binding parameter [5] as [VARCHAR] - [$2a$10$bgc.yvJ296QAJNnO/6zzeuKDAtrY7giS1sQei2LKpIsJ45dw62Rt.]
2023-12-06 16:16:14.073 TRACE 12608 --- [    Test worker] o.h.type.descriptor.sql.BasicBinder      : binding parameter [6] as [VARCHAR] - [010-1111-2222]
2023-12-06 16:16:14.073 TRACE 12608 --- [    Test worker] o.h.type.descriptor.sql.BasicBinder      : binding parameter [7] as [INTEGER] - [123456789]
2023-12-06 16:16:14.080 DEBUG 12608 --- [    Test worker] org.hibernate.SQL                        : 
    select
        sellerenti0_.seller_key as seller_k1_7_,
        sellerenti0_.shop_key as shop_key7_7_,
        sellerenti0_.isgrant as isgrant2_7_,
        sellerenti0_.seller_id_email as seller_i3_7_,
        sellerenti0_.seller_name as seller_n4_7_,
        sellerenti0_.seller_password as seller_p5_7_,
        sellerenti0_.seller_phonenum as seller_p6_7_ 
    from
        seller sellerenti0_ 
    where
        sellerenti0_.seller_id_email=?
Hibernate: 
    select
        sellerenti0_.seller_key as seller_k1_7_,
        sellerenti0_.shop_key as shop_key7_7_,
        sellerenti0_.isgrant as isgrant2_7_,
        sellerenti0_.seller_id_email as seller_i3_7_,
        sellerenti0_.seller_name as seller_n4_7_,
        sellerenti0_.seller_password as seller_p5_7_,
        sellerenti0_.seller_phonenum as seller_p6_7_ 
    from
        seller sellerenti0_ 
    where
        sellerenti0_.seller_id_email=?
2023-12-06 16:16:14.080 TRACE 12608 --- [    Test worker] o.h.type.descriptor.sql.BasicBinder      : binding parameter [1] as [VARCHAR] - [ajou@gmail.com]
2023-12-06 16:16:14.169  INFO 12608 --- [    Test worker] o.s.t.c.transaction.TransactionContext   : Rolled back transaction for test: [DefaultTestContext@438f205c testClass = SellerServiceTest, testInstance = net.prescent.service.SellerServiceTest@3a2f4611, testMethod = signupSellerTest@SellerServiceTest, testException = [null], mergedContextConfiguration = [WebMergedContextConfiguration@cf9a1f1 testClass = SellerServiceTest, locations = '{}', classes = '{class net.prescent.PreScentApplication}', contextInitializerClasses = '[]', activeProfiles = '{}', propertySourceLocations = '{}', propertySourceProperties = '{org.springframework.boot.test.context.SpringBootTestContextBootstrapper=true}', contextCustomizers = set[org.springframework.boot.test.autoconfigure.actuate.metrics.MetricsExportContextCustomizerFactory$DisableMetricExportContextCustomizer@3f1c5af9, org.springframework.boot.test.autoconfigure.properties.PropertyMappingContextCustomizer@0, org.springframework.boot.test.autoconfigure.web.servlet.WebDriverContextCustomizerFactory$Customizer@44e3760b, org.springframework.boot.test.context.filter.ExcludeFilterContextCustomizer@1ddae9b5, org.springframework.boot.test.json.DuplicateJsonObjectContextCustomizerFactory$DuplicateJsonObjectContextCustomizer@2c7d121c, org.springframework.boot.test.mock.mockito.MockitoContextCustomizer@0, org.springframework.boot.test.web.client.TestRestTemplateContextCustomizer@1cd201a8, org.springframework.boot.test.web.reactive.server.WebTestClientContextCustomizer@19fe4644, org.springframework.boot.test.context.SpringBootTestArgs@1, org.springframework.boot.test.context.SpringBootTestWebEnvironment@df6620a], resourceBasePath = 'src/main/webapp', contextLoader = 'org.springframework.boot.test.context.SpringBootContextLoader', parent = [null]], attributes = map['org.springframework.test.context.web.ServletTestExecutionListener.activateListener' -> true, 'org.springframework.test.context.web.ServletTestExecutionListener.populatedRequestContextHolder' -> true, 'org.springframework.test.context.web.ServletTestExecutionListener.resetRequestContextHolder' -> true, 'org.springframework.test.context.event.ApplicationEventsTestExecutionListener.recordApplicationEvents' -> false]]
2023-12-06 16:16:14.180  INFO 12608 --- [    Test worker] o.s.t.c.transaction.TransactionContext   : Began transaction (1) for test context [DefaultTestContext@438f205c testClass = SellerServiceTest, testInstance = net.prescent.service.SellerServiceTest@6e5506c9, testMethod = signupDuplicateSellerKeyTest@SellerServiceTest, testException = [null], mergedContextConfiguration = [WebMergedContextConfiguration@cf9a1f1 testClass = SellerServiceTest, locations = '{}', classes = '{class net.prescent.PreScentApplication}', contextInitializerClasses = '[]', activeProfiles = '{}', propertySourceLocations = '{}', propertySourceProperties = '{org.springframework.boot.test.context.SpringBootTestContextBootstrapper=true}', contextCustomizers = set[org.springframework.boot.test.autoconfigure.actuate.metrics.MetricsExportContextCustomizerFactory$DisableMetricExportContextCustomizer@3f1c5af9, org.springframework.boot.test.autoconfigure.properties.PropertyMappingContextCustomizer@0, org.springframework.boot.test.autoconfigure.web.servlet.WebDriverContextCustomizerFactory$Customizer@44e3760b, org.springframework.boot.test.context.filter.ExcludeFilterContextCustomizer@1ddae9b5, org.springframework.boot.test.json.DuplicateJsonObjectContextCustomizerFactory$DuplicateJsonObjectContextCustomizer@2c7d121c, org.springframework.boot.test.mock.mockito.MockitoContextCustomizer@0, org.springframework.boot.test.web.client.TestRestTemplateContextCustomizer@1cd201a8, org.springframework.boot.test.web.reactive.server.WebTestClientContextCustomizer@19fe4644, org.springframework.boot.test.context.SpringBootTestArgs@1, org.springframework.boot.test.context.SpringBootTestWebEnvironment@df6620a], resourceBasePath = 'src/main/webapp', contextLoader = 'org.springframework.boot.test.context.SpringBootContextLoader', parent = [null]], attributes = map['org.springframework.test.context.web.ServletTestExecutionListener.activateListener' -> true, 'org.springframework.test.context.web.ServletTestExecutionListener.populatedRequestContextHolder' -> true, 'org.springframework.test.context.web.ServletTestExecutionListener.resetRequestContextHolder' -> true, 'org.springframework.test.context.event.ApplicationEventsTestExecutionListener.recordApplicationEvents' -> false]]; transaction manager [org.springframework.orm.jpa.JpaTransactionManager@7e49ab66]; rollback [true]
2023-12-06 16:16:14.182 DEBUG 12608 --- [    Test worker] org.hibernate.SQL                        : 
    delete 
    from
        seller
Hibernate: 
    delete 
    from
        seller
2023-12-06 16:16:14.192 DEBUG 12608 --- [    Test worker] org.hibernate.SQL                        : 
    select
        sellerenti0_.seller_key as seller_k1_7_,
        sellerenti0_.shop_key as shop_key7_7_,
        sellerenti0_.isgrant as isgrant2_7_,
        sellerenti0_.seller_id_email as seller_i3_7_,
        sellerenti0_.seller_name as seller_n4_7_,
        sellerenti0_.seller_password as seller_p5_7_,
        sellerenti0_.seller_phonenum as seller_p6_7_ 
    from
        seller sellerenti0_ 
    where
        sellerenti0_.seller_key=?
Hibernate: 
    select
        sellerenti0_.seller_key as seller_k1_7_,
        sellerenti0_.shop_key as shop_key7_7_,
        sellerenti0_.isgrant as isgrant2_7_,
        sellerenti0_.seller_id_email as seller_i3_7_,
        sellerenti0_.seller_name as seller_n4_7_,
        sellerenti0_.seller_password as seller_p5_7_,
        sellerenti0_.seller_phonenum as seller_p6_7_ 
    from
        seller sellerenti0_ 
    where
        sellerenti0_.seller_key=?
2023-12-06 16:16:14.194 TRACE 12608 --- [    Test worker] o.h.type.descriptor.sql.BasicBinder      : binding parameter [1] as [INTEGER] - [123456789]
2023-12-06 16:16:14.272 DEBUG 12608 --- [    Test worker] org.hibernate.SQL                        : 
    select
        sellerenti0_.seller_key as seller_k1_7_0_,
        sellerenti0_.shop_key as shop_key7_7_0_,
        sellerenti0_.isgrant as isgrant2_7_0_,
        sellerenti0_.seller_id_email as seller_i3_7_0_,
        sellerenti0_.seller_name as seller_n4_7_0_,
        sellerenti0_.seller_password as seller_p5_7_0_,
        sellerenti0_.seller_phonenum as seller_p6_7_0_ 
    from
        seller sellerenti0_ 
    where
        sellerenti0_.seller_key=?
Hibernate: 
    select
        sellerenti0_.seller_key as seller_k1_7_0_,
        sellerenti0_.shop_key as shop_key7_7_0_,
        sellerenti0_.isgrant as isgrant2_7_0_,
        sellerenti0_.seller_id_email as seller_i3_7_0_,
        sellerenti0_.seller_name as seller_n4_7_0_,
        sellerenti0_.seller_password as seller_p5_7_0_,
        sellerenti0_.seller_phonenum as seller_p6_7_0_ 
    from
        seller sellerenti0_ 
    where
        sellerenti0_.seller_key=?
2023-12-06 16:16:14.272 TRACE 12608 --- [    Test worker] o.h.type.descriptor.sql.BasicBinder      : binding parameter [1] as [INTEGER] - [123456789]
2023-12-06 16:16:14.279 DEBUG 12608 --- [    Test worker] org.hibernate.SQL                        : 
    insert 
    into
        seller
        (shop_key, isgrant, seller_id_email, seller_name, seller_password, seller_phonenum, seller_key) 
    values
        (?, ?, ?, ?, ?, ?, ?)
Hibernate: 
    insert 
    into
        seller
        (shop_key, isgrant, seller_id_email, seller_name, seller_password, seller_phonenum, seller_key) 
    values
        (?, ?, ?, ?, ?, ?, ?)
2023-12-06 16:16:14.280 TRACE 12608 --- [    Test worker] o.h.type.descriptor.sql.BasicBinder      : binding parameter [1] as [INTEGER] - [null]
2023-12-06 16:16:14.280 TRACE 12608 --- [    Test worker] o.h.type.descriptor.sql.BasicBinder      : binding parameter [2] as [INTEGER] - [null]
2023-12-06 16:16:14.280 TRACE 12608 --- [    Test worker] o.h.type.descriptor.sql.BasicBinder      : binding parameter [3] as [VARCHAR] - [ajou@gmail.com]
2023-12-06 16:16:14.280 TRACE 12608 --- [    Test worker] o.h.type.descriptor.sql.BasicBinder      : binding parameter [4] as [VARCHAR] - [suhyeon]
2023-12-06 16:16:14.280 TRACE 12608 --- [    Test worker] o.h.type.descriptor.sql.BasicBinder      : binding parameter [5] as [VARCHAR] - [$2a$10$NfsJ4lvW1hjNjBcvlVrZduS1tkEbl/ZmK7T7sVUskwmZCY4JrFeNG]
2023-12-06 16:16:14.280 TRACE 12608 --- [    Test worker] o.h.type.descriptor.sql.BasicBinder      : binding parameter [6] as [VARCHAR] - [010-1111-2222]
2023-12-06 16:16:14.280 TRACE 12608 --- [    Test worker] o.h.type.descriptor.sql.BasicBinder      : binding parameter [7] as [INTEGER] - [123456789]
2023-12-06 16:16:14.286 DEBUG 12608 --- [    Test worker] org.hibernate.SQL                        : 
    select
        sellerenti0_.seller_key as seller_k1_7_,
        sellerenti0_.shop_key as shop_key7_7_,
        sellerenti0_.isgrant as isgrant2_7_,
        sellerenti0_.seller_id_email as seller_i3_7_,
        sellerenti0_.seller_name as seller_n4_7_,
        sellerenti0_.seller_password as seller_p5_7_,
        sellerenti0_.seller_phonenum as seller_p6_7_ 
    from
        seller sellerenti0_ 
    where
        sellerenti0_.seller_key=?
Hibernate: 
    select
        sellerenti0_.seller_key as seller_k1_7_,
        sellerenti0_.shop_key as shop_key7_7_,
        sellerenti0_.isgrant as isgrant2_7_,
        sellerenti0_.seller_id_email as seller_i3_7_,
        sellerenti0_.seller_name as seller_n4_7_,
        sellerenti0_.seller_password as seller_p5_7_,
        sellerenti0_.seller_phonenum as seller_p6_7_ 
    from
        seller sellerenti0_ 
    where
        sellerenti0_.seller_key=?
2023-12-06 16:16:14.286 TRACE 12608 --- [    Test worker] o.h.type.descriptor.sql.BasicBinder      : binding parameter [1] as [INTEGER] - [123456789]
2023-12-06 16:16:14.306  INFO 12608 --- [    Test worker] o.s.t.c.transaction.TransactionContext   : Rolled back transaction for test: [DefaultTestContext@438f205c testClass = SellerServiceTest, testInstance = net.prescent.service.SellerServiceTest@6e5506c9, testMethod = signupDuplicateSellerKeyTest@SellerServiceTest, testException = [null], mergedContextConfiguration = [WebMergedContextConfiguration@cf9a1f1 testClass = SellerServiceTest, locations = '{}', classes = '{class net.prescent.PreScentApplication}', contextInitializerClasses = '[]', activeProfiles = '{}', propertySourceLocations = '{}', propertySourceProperties = '{org.springframework.boot.test.context.SpringBootTestContextBootstrapper=true}', contextCustomizers = set[org.springframework.boot.test.autoconfigure.actuate.metrics.MetricsExportContextCustomizerFactory$DisableMetricExportContextCustomizer@3f1c5af9, org.springframework.boot.test.autoconfigure.properties.PropertyMappingContextCustomizer@0, org.springframework.boot.test.autoconfigure.web.servlet.WebDriverContextCustomizerFactory$Customizer@44e3760b, org.springframework.boot.test.context.filter.ExcludeFilterContextCustomizer@1ddae9b5, org.springframework.boot.test.json.DuplicateJsonObjectContextCustomizerFactory$DuplicateJsonObjectContextCustomizer@2c7d121c, org.springframework.boot.test.mock.mockito.MockitoContextCustomizer@0, org.springframework.boot.test.web.client.TestRestTemplateContextCustomizer@1cd201a8, org.springframework.boot.test.web.reactive.server.WebTestClientContextCustomizer@19fe4644, org.springframework.boot.test.context.SpringBootTestArgs@1, org.springframework.boot.test.context.SpringBootTestWebEnvironment@df6620a], resourceBasePath = 'src/main/webapp', contextLoader = 'org.springframework.boot.test.context.SpringBootContextLoader', parent = [null]], attributes = map['org.springframework.test.context.web.ServletTestExecutionListener.activateListener' -> true, 'org.springframework.test.context.web.ServletTestExecutionListener.populatedRequestContextHolder' -> true, 'org.springframework.test.context.web.ServletTestExecutionListener.resetRequestContextHolder' -> true, 'org.springframework.test.context.event.ApplicationEventsTestExecutionListener.recordApplicationEvents' -> false]]
2023-12-06 16:16:14.313  INFO 12608 --- [    Test worker] o.s.t.c.transaction.TransactionContext   : Began transaction (1) for test context [DefaultTestContext@438f205c testClass = SellerServiceTest, testInstance = net.prescent.service.SellerServiceTest@6f6d2847, testMethod = logoutTest@SellerServiceTest, testException = [null], mergedContextConfiguration = [WebMergedContextConfiguration@cf9a1f1 testClass = SellerServiceTest, locations = '{}', classes = '{class net.prescent.PreScentApplication}', contextInitializerClasses = '[]', activeProfiles = '{}', propertySourceLocations = '{}', propertySourceProperties = '{org.springframework.boot.test.context.SpringBootTestContextBootstrapper=true}', contextCustomizers = set[org.springframework.boot.test.autoconfigure.actuate.metrics.MetricsExportContextCustomizerFactory$DisableMetricExportContextCustomizer@3f1c5af9, org.springframework.boot.test.autoconfigure.properties.PropertyMappingContextCustomizer@0, org.springframework.boot.test.autoconfigure.web.servlet.WebDriverContextCustomizerFactory$Customizer@44e3760b, org.springframework.boot.test.context.filter.ExcludeFilterContextCustomizer@1ddae9b5, org.springframework.boot.test.json.DuplicateJsonObjectContextCustomizerFactory$DuplicateJsonObjectContextCustomizer@2c7d121c, org.springframework.boot.test.mock.mockito.MockitoContextCustomizer@0, org.springframework.boot.test.web.client.TestRestTemplateContextCustomizer@1cd201a8, org.springframework.boot.test.web.reactive.server.WebTestClientContextCustomizer@19fe4644, org.springframework.boot.test.context.SpringBootTestArgs@1, org.springframework.boot.test.context.SpringBootTestWebEnvironment@df6620a], resourceBasePath = 'src/main/webapp', contextLoader = 'org.springframework.boot.test.context.SpringBootContextLoader', parent = [null]], attributes = map['org.springframework.test.context.web.ServletTestExecutionListener.activateListener' -> true, 'org.springframework.test.context.web.ServletTestExecutionListener.populatedRequestContextHolder' -> true, 'org.springframework.test.context.web.ServletTestExecutionListener.resetRequestContextHolder' -> true, 'org.springframework.test.context.event.ApplicationEventsTestExecutionListener.recordApplicationEvents' -> false]]; transaction manager [org.springframework.orm.jpa.JpaTransactionManager@7e49ab66]; rollback [true]
2023-12-06 16:16:14.315 DEBUG 12608 --- [    Test worker] org.hibernate.SQL                        : 
    delete 
    from
        seller
Hibernate: 
    delete 
    from
        seller
2023-12-06 16:16:14.323 DEBUG 12608 --- [    Test worker] org.hibernate.SQL                        : 
    select
        sellerenti0_.seller_key as seller_k1_7_,
        sellerenti0_.shop_key as shop_key7_7_,
        sellerenti0_.isgrant as isgrant2_7_,
        sellerenti0_.seller_id_email as seller_i3_7_,
        sellerenti0_.seller_name as seller_n4_7_,
        sellerenti0_.seller_password as seller_p5_7_,
        sellerenti0_.seller_phonenum as seller_p6_7_ 
    from
        seller sellerenti0_ 
    where
        sellerenti0_.seller_key=?
Hibernate: 
    select
        sellerenti0_.seller_key as seller_k1_7_,
        sellerenti0_.shop_key as shop_key7_7_,
        sellerenti0_.isgrant as isgrant2_7_,
        sellerenti0_.seller_id_email as seller_i3_7_,
        sellerenti0_.seller_name as seller_n4_7_,
        sellerenti0_.seller_password as seller_p5_7_,
        sellerenti0_.seller_phonenum as seller_p6_7_ 
    from
        seller sellerenti0_ 
    where
        sellerenti0_.seller_key=?
2023-12-06 16:16:14.323 TRACE 12608 --- [    Test worker] o.h.type.descriptor.sql.BasicBinder      : binding parameter [1] as [INTEGER] - [123456789]
2023-12-06 16:16:14.396 DEBUG 12608 --- [    Test worker] org.hibernate.SQL                        : 
    select
        sellerenti0_.seller_key as seller_k1_7_0_,
        sellerenti0_.shop_key as shop_key7_7_0_,
        sellerenti0_.isgrant as isgrant2_7_0_,
        sellerenti0_.seller_id_email as seller_i3_7_0_,
        sellerenti0_.seller_name as seller_n4_7_0_,
        sellerenti0_.seller_password as seller_p5_7_0_,
        sellerenti0_.seller_phonenum as seller_p6_7_0_ 
    from
        seller sellerenti0_ 
    where
        sellerenti0_.seller_key=?
Hibernate: 
    select
        sellerenti0_.seller_key as seller_k1_7_0_,
        sellerenti0_.shop_key as shop_key7_7_0_,
        sellerenti0_.isgrant as isgrant2_7_0_,
        sellerenti0_.seller_id_email as seller_i3_7_0_,
        sellerenti0_.seller_name as seller_n4_7_0_,
        sellerenti0_.seller_password as seller_p5_7_0_,
        sellerenti0_.seller_phonenum as seller_p6_7_0_ 
    from
        seller sellerenti0_ 
    where
        sellerenti0_.seller_key=?
2023-12-06 16:16:14.396 TRACE 12608 --- [    Test worker] o.h.type.descriptor.sql.BasicBinder      : binding parameter [1] as [INTEGER] - [123456789]
2023-12-06 16:16:14.410 DEBUG 12608 --- [    Test worker] org.hibernate.SQL                        : 
    insert 
    into
        seller
        (shop_key, isgrant, seller_id_email, seller_name, seller_password, seller_phonenum, seller_key) 
    values
        (?, ?, ?, ?, ?, ?, ?)
Hibernate: 
    insert 
    into
        seller
        (shop_key, isgrant, seller_id_email, seller_name, seller_password, seller_phonenum, seller_key) 
    values
        (?, ?, ?, ?, ?, ?, ?)
2023-12-06 16:16:14.410 TRACE 12608 --- [    Test worker] o.h.type.descriptor.sql.BasicBinder      : binding parameter [1] as [INTEGER] - [null]
2023-12-06 16:16:14.410 TRACE 12608 --- [    Test worker] o.h.type.descriptor.sql.BasicBinder      : binding parameter [2] as [INTEGER] - [null]
2023-12-06 16:16:14.410 TRACE 12608 --- [    Test worker] o.h.type.descriptor.sql.BasicBinder      : binding parameter [3] as [VARCHAR] - [ajou@gmail.com]
2023-12-06 16:16:14.410 TRACE 12608 --- [    Test worker] o.h.type.descriptor.sql.BasicBinder      : binding parameter [4] as [VARCHAR] - [suhyeon]
2023-12-06 16:16:14.410 TRACE 12608 --- [    Test worker] o.h.type.descriptor.sql.BasicBinder      : binding parameter [5] as [VARCHAR] - [$2a$10$KCHqGdOBPveOFGxIOfeuiewG7WbF1KcGobxJNknzkjzmz6XrhAIvK]
2023-12-06 16:16:14.411 TRACE 12608 --- [    Test worker] o.h.type.descriptor.sql.BasicBinder      : binding parameter [6] as [VARCHAR] - [010-1111-2222]
2023-12-06 16:16:14.411 TRACE 12608 --- [    Test worker] o.h.type.descriptor.sql.BasicBinder      : binding parameter [7] as [INTEGER] - [123456789]
2023-12-06 16:16:14.423 DEBUG 12608 --- [    Test worker] org.hibernate.SQL                        : 
    select
        sellerenti0_.seller_key as seller_k1_7_,
        sellerenti0_.shop_key as shop_key7_7_,
        sellerenti0_.isgrant as isgrant2_7_,
        sellerenti0_.seller_id_email as seller_i3_7_,
        sellerenti0_.seller_name as seller_n4_7_,
        sellerenti0_.seller_password as seller_p5_7_,
        sellerenti0_.seller_phonenum as seller_p6_7_ 
    from
        seller sellerenti0_ 
    where
        sellerenti0_.seller_id_email=?
Hibernate: 
    select
        sellerenti0_.seller_key as seller_k1_7_,
        sellerenti0_.shop_key as shop_key7_7_,
        sellerenti0_.isgrant as isgrant2_7_,
        sellerenti0_.seller_id_email as seller_i3_7_,
        sellerenti0_.seller_name as seller_n4_7_,
        sellerenti0_.seller_password as seller_p5_7_,
        sellerenti0_.seller_phonenum as seller_p6_7_ 
    from
        seller sellerenti0_ 
    where
        sellerenti0_.seller_id_email=?
2023-12-06 16:16:14.424 TRACE 12608 --- [    Test worker] o.h.type.descriptor.sql.BasicBinder      : binding parameter [1] as [VARCHAR] - [ajou@gmail.com]
2023-12-06 16:16:14.517 DEBUG 12608 --- [    Test worker] org.hibernate.SQL                        : 
    select
        accesstoke0_.token as token1_0_0_,
        accesstoke0_.seller_key as seller_k2_0_0_ 
    from
        access_token accesstoke0_ 
    where
        accesstoke0_.token=?
Hibernate: 
    select
        accesstoke0_.token as token1_0_0_,
        accesstoke0_.seller_key as seller_k2_0_0_ 
    from
        access_token accesstoke0_ 
    where
        accesstoke0_.token=?
2023-12-06 16:16:14.517 TRACE 12608 --- [    Test worker] o.h.type.descriptor.sql.BasicBinder      : binding parameter [1] as [VARCHAR] - [97bcc0fb-75db-4580-9401-75a8ea84f8d4]
2023-12-06 16:16:14.528 DEBUG 12608 --- [    Test worker] org.hibernate.SQL                        : 
    insert 
    into
        access_token
        (seller_key, token) 
    values
        (?, ?)
Hibernate: 
    insert 
    into
        access_token
        (seller_key, token) 
    values
        (?, ?)
2023-12-06 16:16:14.528 TRACE 12608 --- [    Test worker] o.h.type.descriptor.sql.BasicBinder      : binding parameter [1] as [INTEGER] - [123456789]
2023-12-06 16:16:14.528 TRACE 12608 --- [    Test worker] o.h.type.descriptor.sql.BasicBinder      : binding parameter [2] as [VARCHAR] - [97bcc0fb-75db-4580-9401-75a8ea84f8d4]
2023-12-06 16:16:14.535 DEBUG 12608 --- [    Test worker] org.hibernate.SQL                        : 
    select
        accesstoke0_.token as token1_0_,
        accesstoke0_.seller_key as seller_k2_0_ 
    from
        access_token accesstoke0_ 
    where
        accesstoke0_.token=?
Hibernate: 
    select
        accesstoke0_.token as token1_0_,
        accesstoke0_.seller_key as seller_k2_0_ 
    from
        access_token accesstoke0_ 
    where
        accesstoke0_.token=?
2023-12-06 16:16:14.535 TRACE 12608 --- [    Test worker] o.h.type.descriptor.sql.BasicBinder      : binding parameter [1] as [VARCHAR] - [97bcc0fb-75db-4580-9401-75a8ea84f8d4]
2023-12-06 16:16:14.544 DEBUG 12608 --- [    Test worker] org.hibernate.SQL                        : 
    select
        accesstoke0_.token as token1_0_,
        accesstoke0_.seller_key as seller_k2_0_ 
    from
        access_token accesstoke0_ 
    where
        accesstoke0_.token=?
Hibernate: 
    select
        accesstoke0_.token as token1_0_,
        accesstoke0_.seller_key as seller_k2_0_ 
    from
        access_token accesstoke0_ 
    where
        accesstoke0_.token=?
2023-12-06 16:16:14.545 TRACE 12608 --- [    Test worker] o.h.type.descriptor.sql.BasicBinder      : binding parameter [1] as [VARCHAR] - [97bcc0fb-75db-4580-9401-75a8ea84f8d4]
2023-12-06 16:16:14.557 DEBUG 12608 --- [    Test worker] org.hibernate.SQL                        : 
    delete 
    from
        access_token 
    where
        token=?
Hibernate: 
    delete 
    from
        access_token 
    where
        token=?
2023-12-06 16:16:14.557 TRACE 12608 --- [    Test worker] o.h.type.descriptor.sql.BasicBinder      : binding parameter [1] as [VARCHAR] - [97bcc0fb-75db-4580-9401-75a8ea84f8d4]
2023-12-06 16:16:14.566 DEBUG 12608 --- [    Test worker] org.hibernate.SQL                        : 
    select
        accesstoke0_.token as token1_0_,
        accesstoke0_.seller_key as seller_k2_0_ 
    from
        access_token accesstoke0_ 
    where
        accesstoke0_.token=?
Hibernate: 
    select
        accesstoke0_.token as token1_0_,
        accesstoke0_.seller_key as seller_k2_0_ 
    from
        access_token accesstoke0_ 
    where
        accesstoke0_.token=?
2023-12-06 16:16:14.566 TRACE 12608 --- [    Test worker] o.h.type.descriptor.sql.BasicBinder      : binding parameter [1] as [VARCHAR] - [97bcc0fb-75db-4580-9401-75a8ea84f8d4]
2023-12-06 16:16:14.587  INFO 12608 --- [    Test worker] o.s.t.c.transaction.TransactionContext   : Rolled back transaction for test: [DefaultTestContext@438f205c testClass = SellerServiceTest, testInstance = net.prescent.service.SellerServiceTest@6f6d2847, testMethod = logoutTest@SellerServiceTest, testException = [null], mergedContextConfiguration = [WebMergedContextConfiguration@cf9a1f1 testClass = SellerServiceTest, locations = '{}', classes = '{class net.prescent.PreScentApplication}', contextInitializerClasses = '[]', activeProfiles = '{}', propertySourceLocations = '{}', propertySourceProperties = '{org.springframework.boot.test.context.SpringBootTestContextBootstrapper=true}', contextCustomizers = set[org.springframework.boot.test.autoconfigure.actuate.metrics.MetricsExportContextCustomizerFactory$DisableMetricExportContextCustomizer@3f1c5af9, org.springframework.boot.test.autoconfigure.properties.PropertyMappingContextCustomizer@0, org.springframework.boot.test.autoconfigure.web.servlet.WebDriverContextCustomizerFactory$Customizer@44e3760b, org.springframework.boot.test.context.filter.ExcludeFilterContextCustomizer@1ddae9b5, org.springframework.boot.test.json.DuplicateJsonObjectContextCustomizerFactory$DuplicateJsonObjectContextCustomizer@2c7d121c, org.springframework.boot.test.mock.mockito.MockitoContextCustomizer@0, org.springframework.boot.test.web.client.TestRestTemplateContextCustomizer@1cd201a8, org.springframework.boot.test.web.reactive.server.WebTestClientContextCustomizer@19fe4644, org.springframework.boot.test.context.SpringBootTestArgs@1, org.springframework.boot.test.context.SpringBootTestWebEnvironment@df6620a], resourceBasePath = 'src/main/webapp', contextLoader = 'org.springframework.boot.test.context.SpringBootContextLoader', parent = [null]], attributes = map['org.springframework.test.context.web.ServletTestExecutionListener.activateListener' -> true, 'org.springframework.test.context.web.ServletTestExecutionListener.populatedRequestContextHolder' -> true, 'org.springframework.test.context.web.ServletTestExecutionListener.resetRequestContextHolder' -> true, 'org.springframework.test.context.event.ApplicationEventsTestExecutionListener.recordApplicationEvents' -> false]]
2023-12-06 16:16:14.597  INFO 12608 --- [    Test worker] o.s.t.c.transaction.TransactionContext   : Began transaction (1) for test context [DefaultTestContext@438f205c testClass = SellerServiceTest, testInstance = net.prescent.service.SellerServiceTest@59b78925, testMethod = loginFailureWrongPasswordTest@SellerServiceTest, testException = [null], mergedContextConfiguration = [WebMergedContextConfiguration@cf9a1f1 testClass = SellerServiceTest, locations = '{}', classes = '{class net.prescent.PreScentApplication}', contextInitializerClasses = '[]', activeProfiles = '{}', propertySourceLocations = '{}', propertySourceProperties = '{org.springframework.boot.test.context.SpringBootTestContextBootstrapper=true}', contextCustomizers = set[org.springframework.boot.test.autoconfigure.actuate.metrics.MetricsExportContextCustomizerFactory$DisableMetricExportContextCustomizer@3f1c5af9, org.springframework.boot.test.autoconfigure.properties.PropertyMappingContextCustomizer@0, org.springframework.boot.test.autoconfigure.web.servlet.WebDriverContextCustomizerFactory$Customizer@44e3760b, org.springframework.boot.test.context.filter.ExcludeFilterContextCustomizer@1ddae9b5, org.springframework.boot.test.json.DuplicateJsonObjectContextCustomizerFactory$DuplicateJsonObjectContextCustomizer@2c7d121c, org.springframework.boot.test.mock.mockito.MockitoContextCustomizer@0, org.springframework.boot.test.web.client.TestRestTemplateContextCustomizer@1cd201a8, org.springframework.boot.test.web.reactive.server.WebTestClientContextCustomizer@19fe4644, org.springframework.boot.test.context.SpringBootTestArgs@1, org.springframework.boot.test.context.SpringBootTestWebEnvironment@df6620a], resourceBasePath = 'src/main/webapp', contextLoader = 'org.springframework.boot.test.context.SpringBootContextLoader', parent = [null]], attributes = map['org.springframework.test.context.web.ServletTestExecutionListener.activateListener' -> true, 'org.springframework.test.context.web.ServletTestExecutionListener.populatedRequestContextHolder' -> true, 'org.springframework.test.context.web.ServletTestExecutionListener.resetRequestContextHolder' -> true, 'org.springframework.test.context.event.ApplicationEventsTestExecutionListener.recordApplicationEvents' -> false]]; transaction manager [org.springframework.orm.jpa.JpaTransactionManager@7e49ab66]; rollback [true]
2023-12-06 16:16:14.599 DEBUG 12608 --- [    Test worker] org.hibernate.SQL                        : 
    delete 
    from
        seller
Hibernate: 
    delete 
    from
        seller
2023-12-06 16:16:14.606 DEBUG 12608 --- [    Test worker] org.hibernate.SQL                        : 
    select
        sellerenti0_.seller_key as seller_k1_7_,
        sellerenti0_.shop_key as shop_key7_7_,
        sellerenti0_.isgrant as isgrant2_7_,
        sellerenti0_.seller_id_email as seller_i3_7_,
        sellerenti0_.seller_name as seller_n4_7_,
        sellerenti0_.seller_password as seller_p5_7_,
        sellerenti0_.seller_phonenum as seller_p6_7_ 
    from
        seller sellerenti0_ 
    where
        sellerenti0_.seller_key=?
Hibernate: 
    select
        sellerenti0_.seller_key as seller_k1_7_,
        sellerenti0_.shop_key as shop_key7_7_,
        sellerenti0_.isgrant as isgrant2_7_,
        sellerenti0_.seller_id_email as seller_i3_7_,
        sellerenti0_.seller_name as seller_n4_7_,
        sellerenti0_.seller_password as seller_p5_7_,
        sellerenti0_.seller_phonenum as seller_p6_7_ 
    from
        seller sellerenti0_ 
    where
        sellerenti0_.seller_key=?
2023-12-06 16:16:14.607 TRACE 12608 --- [    Test worker] o.h.type.descriptor.sql.BasicBinder      : binding parameter [1] as [INTEGER] - [123456789]
2023-12-06 16:16:14.687 DEBUG 12608 --- [    Test worker] org.hibernate.SQL                        : 
    select
        sellerenti0_.seller_key as seller_k1_7_0_,
        sellerenti0_.shop_key as shop_key7_7_0_,
        sellerenti0_.isgrant as isgrant2_7_0_,
        sellerenti0_.seller_id_email as seller_i3_7_0_,
        sellerenti0_.seller_name as seller_n4_7_0_,
        sellerenti0_.seller_password as seller_p5_7_0_,
        sellerenti0_.seller_phonenum as seller_p6_7_0_ 
    from
        seller sellerenti0_ 
    where
        sellerenti0_.seller_key=?
Hibernate: 
    select
        sellerenti0_.seller_key as seller_k1_7_0_,
        sellerenti0_.shop_key as shop_key7_7_0_,
        sellerenti0_.isgrant as isgrant2_7_0_,
        sellerenti0_.seller_id_email as seller_i3_7_0_,
        sellerenti0_.seller_name as seller_n4_7_0_,
        sellerenti0_.seller_password as seller_p5_7_0_,
        sellerenti0_.seller_phonenum as seller_p6_7_0_ 
    from
        seller sellerenti0_ 
    where
        sellerenti0_.seller_key=?
2023-12-06 16:16:14.687 TRACE 12608 --- [    Test worker] o.h.type.descriptor.sql.BasicBinder      : binding parameter [1] as [INTEGER] - [123456789]
2023-12-06 16:16:14.694 DEBUG 12608 --- [    Test worker] org.hibernate.SQL                        : 
    insert 
    into
        seller
        (shop_key, isgrant, seller_id_email, seller_name, seller_password, seller_phonenum, seller_key) 
    values
        (?, ?, ?, ?, ?, ?, ?)
Hibernate: 
    insert 
    into
        seller
        (shop_key, isgrant, seller_id_email, seller_name, seller_password, seller_phonenum, seller_key) 
    values
        (?, ?, ?, ?, ?, ?, ?)
2023-12-06 16:16:14.695 TRACE 12608 --- [    Test worker] o.h.type.descriptor.sql.BasicBinder      : binding parameter [1] as [INTEGER] - [null]
2023-12-06 16:16:14.695 TRACE 12608 --- [    Test worker] o.h.type.descriptor.sql.BasicBinder      : binding parameter [2] as [INTEGER] - [null]
2023-12-06 16:16:14.695 TRACE 12608 --- [    Test worker] o.h.type.descriptor.sql.BasicBinder      : binding parameter [3] as [VARCHAR] - [ajou@gmail.com]
2023-12-06 16:16:14.695 TRACE 12608 --- [    Test worker] o.h.type.descriptor.sql.BasicBinder      : binding parameter [4] as [VARCHAR] - [suhyeon]
2023-12-06 16:16:14.695 TRACE 12608 --- [    Test worker] o.h.type.descriptor.sql.BasicBinder      : binding parameter [5] as [VARCHAR] - [$2a$10$/671B3G9jTRx7Us7q6pkLOVtmMIqdWiFDOJeJaA53y/X4kmqCWjCK]
2023-12-06 16:16:14.695 TRACE 12608 --- [    Test worker] o.h.type.descriptor.sql.BasicBinder      : binding parameter [6] as [VARCHAR] - [010-1111-2222]
2023-12-06 16:16:14.695 TRACE 12608 --- [    Test worker] o.h.type.descriptor.sql.BasicBinder      : binding parameter [7] as [INTEGER] - [123456789]
2023-12-06 16:16:14.704 DEBUG 12608 --- [    Test worker] org.hibernate.SQL                        : 
    select
        sellerenti0_.seller_key as seller_k1_7_,
        sellerenti0_.shop_key as shop_key7_7_,
        sellerenti0_.isgrant as isgrant2_7_,
        sellerenti0_.seller_id_email as seller_i3_7_,
        sellerenti0_.seller_name as seller_n4_7_,
        sellerenti0_.seller_password as seller_p5_7_,
        sellerenti0_.seller_phonenum as seller_p6_7_ 
    from
        seller sellerenti0_ 
    where
        sellerenti0_.seller_id_email=?
Hibernate: 
    select
        sellerenti0_.seller_key as seller_k1_7_,
        sellerenti0_.shop_key as shop_key7_7_,
        sellerenti0_.isgrant as isgrant2_7_,
        sellerenti0_.seller_id_email as seller_i3_7_,
        sellerenti0_.seller_name as seller_n4_7_,
        sellerenti0_.seller_password as seller_p5_7_,
        sellerenti0_.seller_phonenum as seller_p6_7_ 
    from
        seller sellerenti0_ 
    where
        sellerenti0_.seller_id_email=?
2023-12-06 16:16:14.705 TRACE 12608 --- [    Test worker] o.h.type.descriptor.sql.BasicBinder      : binding parameter [1] as [VARCHAR] - [ajou@gmail.com]
2023-12-06 16:16:14.802  INFO 12608 --- [    Test worker] o.s.t.c.transaction.TransactionContext   : Rolled back transaction for test: [DefaultTestContext@438f205c testClass = SellerServiceTest, testInstance = net.prescent.service.SellerServiceTest@59b78925, testMethod = loginFailureWrongPasswordTest@SellerServiceTest, testException = [null], mergedContextConfiguration = [WebMergedContextConfiguration@cf9a1f1 testClass = SellerServiceTest, locations = '{}', classes = '{class net.prescent.PreScentApplication}', contextInitializerClasses = '[]', activeProfiles = '{}', propertySourceLocations = '{}', propertySourceProperties = '{org.springframework.boot.test.context.SpringBootTestContextBootstrapper=true}', contextCustomizers = set[org.springframework.boot.test.autoconfigure.actuate.metrics.MetricsExportContextCustomizerFactory$DisableMetricExportContextCustomizer@3f1c5af9, org.springframework.boot.test.autoconfigure.properties.PropertyMappingContextCustomizer@0, org.springframework.boot.test.autoconfigure.web.servlet.WebDriverContextCustomizerFactory$Customizer@44e3760b, org.springframework.boot.test.context.filter.ExcludeFilterContextCustomizer@1ddae9b5, org.springframework.boot.test.json.DuplicateJsonObjectContextCustomizerFactory$DuplicateJsonObjectContextCustomizer@2c7d121c, org.springframework.boot.test.mock.mockito.MockitoContextCustomizer@0, org.springframework.boot.test.web.client.TestRestTemplateContextCustomizer@1cd201a8, org.springframework.boot.test.web.reactive.server.WebTestClientContextCustomizer@19fe4644, org.springframework.boot.test.context.SpringBootTestArgs@1, org.springframework.boot.test.context.SpringBootTestWebEnvironment@df6620a], resourceBasePath = 'src/main/webapp', contextLoader = 'org.springframework.boot.test.context.SpringBootContextLoader', parent = [null]], attributes = map['org.springframework.test.context.web.ServletTestExecutionListener.activateListener' -> true, 'org.springframework.test.context.web.ServletTestExecutionListener.populatedRequestContextHolder' -> true, 'org.springframework.test.context.web.ServletTestExecutionListener.resetRequestContextHolder' -> true, 'org.springframework.test.context.event.ApplicationEventsTestExecutionListener.recordApplicationEvents' -> false]]
2023-12-06 16:16:14.812  INFO 12608 --- [    Test worker] o.s.t.c.transaction.TransactionContext   : Began transaction (1) for test context [DefaultTestContext@438f205c testClass = SellerServiceTest, testInstance = net.prescent.service.SellerServiceTest@d4a4ba, testMethod = loginSuccessTest@SellerServiceTest, testException = [null], mergedContextConfiguration = [WebMergedContextConfiguration@cf9a1f1 testClass = SellerServiceTest, locations = '{}', classes = '{class net.prescent.PreScentApplication}', contextInitializerClasses = '[]', activeProfiles = '{}', propertySourceLocations = '{}', propertySourceProperties = '{org.springframework.boot.test.context.SpringBootTestContextBootstrapper=true}', contextCustomizers = set[org.springframework.boot.test.autoconfigure.actuate.metrics.MetricsExportContextCustomizerFactory$DisableMetricExportContextCustomizer@3f1c5af9, org.springframework.boot.test.autoconfigure.properties.PropertyMappingContextCustomizer@0, org.springframework.boot.test.autoconfigure.web.servlet.WebDriverContextCustomizerFactory$Customizer@44e3760b, org.springframework.boot.test.context.filter.ExcludeFilterContextCustomizer@1ddae9b5, org.springframework.boot.test.json.DuplicateJsonObjectContextCustomizerFactory$DuplicateJsonObjectContextCustomizer@2c7d121c, org.springframework.boot.test.mock.mockito.MockitoContextCustomizer@0, org.springframework.boot.test.web.client.TestRestTemplateContextCustomizer@1cd201a8, org.springframework.boot.test.web.reactive.server.WebTestClientContextCustomizer@19fe4644, org.springframework.boot.test.context.SpringBootTestArgs@1, org.springframework.boot.test.context.SpringBootTestWebEnvironment@df6620a], resourceBasePath = 'src/main/webapp', contextLoader = 'org.springframework.boot.test.context.SpringBootContextLoader', parent = [null]], attributes = map['org.springframework.test.context.web.ServletTestExecutionListener.activateListener' -> true, 'org.springframework.test.context.web.ServletTestExecutionListener.populatedRequestContextHolder' -> true, 'org.springframework.test.context.web.ServletTestExecutionListener.resetRequestContextHolder' -> true, 'org.springframework.test.context.event.ApplicationEventsTestExecutionListener.recordApplicationEvents' -> false]]; transaction manager [org.springframework.orm.jpa.JpaTransactionManager@7e49ab66]; rollback [true]
2023-12-06 16:16:14.815 DEBUG 12608 --- [    Test worker] org.hibernate.SQL                        : 
    delete 
    from
        seller
Hibernate: 
    delete 
    from
        seller
2023-12-06 16:16:14.824 DEBUG 12608 --- [    Test worker] org.hibernate.SQL                        : 
    select
        sellerenti0_.seller_key as seller_k1_7_,
        sellerenti0_.shop_key as shop_key7_7_,
        sellerenti0_.isgrant as isgrant2_7_,
        sellerenti0_.seller_id_email as seller_i3_7_,
        sellerenti0_.seller_name as seller_n4_7_,
        sellerenti0_.seller_password as seller_p5_7_,
        sellerenti0_.seller_phonenum as seller_p6_7_ 
    from
        seller sellerenti0_ 
    where
        sellerenti0_.seller_key=?
Hibernate: 
    select
        sellerenti0_.seller_key as seller_k1_7_,
        sellerenti0_.shop_key as shop_key7_7_,
        sellerenti0_.isgrant as isgrant2_7_,
        sellerenti0_.seller_id_email as seller_i3_7_,
        sellerenti0_.seller_name as seller_n4_7_,
        sellerenti0_.seller_password as seller_p5_7_,
        sellerenti0_.seller_phonenum as seller_p6_7_ 
    from
        seller sellerenti0_ 
    where
        sellerenti0_.seller_key=?
2023-12-06 16:16:14.824 TRACE 12608 --- [    Test worker] o.h.type.descriptor.sql.BasicBinder      : binding parameter [1] as [INTEGER] - [123456789]
2023-12-06 16:16:14.899 DEBUG 12608 --- [    Test worker] org.hibernate.SQL                        : 
    select
        sellerenti0_.seller_key as seller_k1_7_0_,
        sellerenti0_.shop_key as shop_key7_7_0_,
        sellerenti0_.isgrant as isgrant2_7_0_,
        sellerenti0_.seller_id_email as seller_i3_7_0_,
        sellerenti0_.seller_name as seller_n4_7_0_,
        sellerenti0_.seller_password as seller_p5_7_0_,
        sellerenti0_.seller_phonenum as seller_p6_7_0_ 
    from
        seller sellerenti0_ 
    where
        sellerenti0_.seller_key=?
Hibernate: 
    select
        sellerenti0_.seller_key as seller_k1_7_0_,
        sellerenti0_.shop_key as shop_key7_7_0_,
        sellerenti0_.isgrant as isgrant2_7_0_,
        sellerenti0_.seller_id_email as seller_i3_7_0_,
        sellerenti0_.seller_name as seller_n4_7_0_,
        sellerenti0_.seller_password as seller_p5_7_0_,
        sellerenti0_.seller_phonenum as seller_p6_7_0_ 
    from
        seller sellerenti0_ 
    where
        sellerenti0_.seller_key=?
2023-12-06 16:16:14.899 TRACE 12608 --- [    Test worker] o.h.type.descriptor.sql.BasicBinder      : binding parameter [1] as [INTEGER] - [123456789]
2023-12-06 16:16:14.908 DEBUG 12608 --- [    Test worker] org.hibernate.SQL                        : 
    insert 
    into
        seller
        (shop_key, isgrant, seller_id_email, seller_name, seller_password, seller_phonenum, seller_key) 
    values
        (?, ?, ?, ?, ?, ?, ?)
Hibernate: 
    insert 
    into
        seller
        (shop_key, isgrant, seller_id_email, seller_name, seller_password, seller_phonenum, seller_key) 
    values
        (?, ?, ?, ?, ?, ?, ?)
2023-12-06 16:16:14.909 TRACE 12608 --- [    Test worker] o.h.type.descriptor.sql.BasicBinder      : binding parameter [1] as [INTEGER] - [null]
2023-12-06 16:16:14.909 TRACE 12608 --- [    Test worker] o.h.type.descriptor.sql.BasicBinder      : binding parameter [2] as [INTEGER] - [null]
2023-12-06 16:16:14.909 TRACE 12608 --- [    Test worker] o.h.type.descriptor.sql.BasicBinder      : binding parameter [3] as [VARCHAR] - [ajou@gmail.com]
2023-12-06 16:16:14.909 TRACE 12608 --- [    Test worker] o.h.type.descriptor.sql.BasicBinder      : binding parameter [4] as [VARCHAR] - [suhyeon]
2023-12-06 16:16:14.909 TRACE 12608 --- [    Test worker] o.h.type.descriptor.sql.BasicBinder      : binding parameter [5] as [VARCHAR] - [$2a$10$Nrx2kEatCLFbmhnnmpf/HOicrnKXpmcmW1zKsMfCni1KsSVUGp1ci]
2023-12-06 16:16:14.909 TRACE 12608 --- [    Test worker] o.h.type.descriptor.sql.BasicBinder      : binding parameter [6] as [VARCHAR] - [010-1111-2222]
2023-12-06 16:16:14.909 TRACE 12608 --- [    Test worker] o.h.type.descriptor.sql.BasicBinder      : binding parameter [7] as [INTEGER] - [123456789]
2023-12-06 16:16:14.917 DEBUG 12608 --- [    Test worker] org.hibernate.SQL                        : 
    select
        sellerenti0_.seller_key as seller_k1_7_,
        sellerenti0_.shop_key as shop_key7_7_,
        sellerenti0_.isgrant as isgrant2_7_,
        sellerenti0_.seller_id_email as seller_i3_7_,
        sellerenti0_.seller_name as seller_n4_7_,
        sellerenti0_.seller_password as seller_p5_7_,
        sellerenti0_.seller_phonenum as seller_p6_7_ 
    from
        seller sellerenti0_ 
    where
        sellerenti0_.seller_id_email=?
Hibernate: 
    select
        sellerenti0_.seller_key as seller_k1_7_,
        sellerenti0_.shop_key as shop_key7_7_,
        sellerenti0_.isgrant as isgrant2_7_,
        sellerenti0_.seller_id_email as seller_i3_7_,
        sellerenti0_.seller_name as seller_n4_7_,
        sellerenti0_.seller_password as seller_p5_7_,
        sellerenti0_.seller_phonenum as seller_p6_7_ 
    from
        seller sellerenti0_ 
    where
        sellerenti0_.seller_id_email=?
2023-12-06 16:16:14.917 TRACE 12608 --- [    Test worker] o.h.type.descriptor.sql.BasicBinder      : binding parameter [1] as [VARCHAR] - [ajou@gmail.com]
2023-12-06 16:16:14.991 DEBUG 12608 --- [    Test worker] org.hibernate.SQL                        : 
    select
        accesstoke0_.token as token1_0_0_,
        accesstoke0_.seller_key as seller_k2_0_0_ 
    from
        access_token accesstoke0_ 
    where
        accesstoke0_.token=?
Hibernate: 
    select
        accesstoke0_.token as token1_0_0_,
        accesstoke0_.seller_key as seller_k2_0_0_ 
    from
        access_token accesstoke0_ 
    where
        accesstoke0_.token=?
2023-12-06 16:16:14.991 TRACE 12608 --- [    Test worker] o.h.type.descriptor.sql.BasicBinder      : binding parameter [1] as [VARCHAR] - [a5d36ed4-9b14-4edf-9aec-2d3c87a6fa50]
2023-12-06 16:16:14.998 DEBUG 12608 --- [    Test worker] org.hibernate.SQL                        : 
    insert 
    into
        access_token
        (seller_key, token) 
    values
        (?, ?)
Hibernate: 
    insert 
    into
        access_token
        (seller_key, token) 
    values
        (?, ?)
2023-12-06 16:16:14.999 TRACE 12608 --- [    Test worker] o.h.type.descriptor.sql.BasicBinder      : binding parameter [1] as [INTEGER] - [123456789]
2023-12-06 16:16:14.999 TRACE 12608 --- [    Test worker] o.h.type.descriptor.sql.BasicBinder      : binding parameter [2] as [VARCHAR] - [a5d36ed4-9b14-4edf-9aec-2d3c87a6fa50]
2023-12-06 16:16:15.004 DEBUG 12608 --- [    Test worker] org.hibernate.SQL                        : 
    select
        accesstoke0_.token as token1_0_,
        accesstoke0_.seller_key as seller_k2_0_ 
    from
        access_token accesstoke0_ 
    where
        accesstoke0_.token=?
Hibernate: 
    select
        accesstoke0_.token as token1_0_,
        accesstoke0_.seller_key as seller_k2_0_ 
    from
        access_token accesstoke0_ 
    where
        accesstoke0_.token=?
2023-12-06 16:16:15.005 TRACE 12608 --- [    Test worker] o.h.type.descriptor.sql.BasicBinder      : binding parameter [1] as [VARCHAR] - [a5d36ed4-9b14-4edf-9aec-2d3c87a6fa50]
2023-12-06 16:16:15.025  INFO 12608 --- [    Test worker] o.s.t.c.transaction.TransactionContext   : Rolled back transaction for test: [DefaultTestContext@438f205c testClass = SellerServiceTest, testInstance = net.prescent.service.SellerServiceTest@d4a4ba, testMethod = loginSuccessTest@SellerServiceTest, testException = [null], mergedContextConfiguration = [WebMergedContextConfiguration@cf9a1f1 testClass = SellerServiceTest, locations = '{}', classes = '{class net.prescent.PreScentApplication}', contextInitializerClasses = '[]', activeProfiles = '{}', propertySourceLocations = '{}', propertySourceProperties = '{org.springframework.boot.test.context.SpringBootTestContextBootstrapper=true}', contextCustomizers = set[org.springframework.boot.test.autoconfigure.actuate.metrics.MetricsExportContextCustomizerFactory$DisableMetricExportContextCustomizer@3f1c5af9, org.springframework.boot.test.autoconfigure.properties.PropertyMappingContextCustomizer@0, org.springframework.boot.test.autoconfigure.web.servlet.WebDriverContextCustomizerFactory$Customizer@44e3760b, org.springframework.boot.test.context.filter.ExcludeFilterContextCustomizer@1ddae9b5, org.springframework.boot.test.json.DuplicateJsonObjectContextCustomizerFactory$DuplicateJsonObjectContextCustomizer@2c7d121c, org.springframework.boot.test.mock.mockito.MockitoContextCustomizer@0, org.springframework.boot.test.web.client.TestRestTemplateContextCustomizer@1cd201a8, org.springframework.boot.test.web.reactive.server.WebTestClientContextCustomizer@19fe4644, org.springframework.boot.test.context.SpringBootTestArgs@1, org.springframework.boot.test.context.SpringBootTestWebEnvironment@df6620a], resourceBasePath = 'src/main/webapp', contextLoader = 'org.springframework.boot.test.context.SpringBootContextLoader', parent = [null]], attributes = map['org.springframework.test.context.web.ServletTestExecutionListener.activateListener' -> true, 'org.springframework.test.context.web.ServletTestExecutionListener.populatedRequestContextHolder' -> true, 'org.springframework.test.context.web.ServletTestExecutionListener.resetRequestContextHolder' -> true, 'org.springframework.test.context.event.ApplicationEventsTestExecutionListener.recordApplicationEvents' -> false]]
2023-12-06 16:16:15.034  INFO 12608 --- [    Test worker] o.s.t.c.transaction.TransactionContext   : Began transaction (1) for test context [DefaultTestContext@438f205c testClass = SellerServiceTest, testInstance = net.prescent.service.SellerServiceTest@767785a4, testMethod = loginFailureWrongIdTest@SellerServiceTest, testException = [null], mergedContextConfiguration = [WebMergedContextConfiguration@cf9a1f1 testClass = SellerServiceTest, locations = '{}', classes = '{class net.prescent.PreScentApplication}', contextInitializerClasses = '[]', activeProfiles = '{}', propertySourceLocations = '{}', propertySourceProperties = '{org.springframework.boot.test.context.SpringBootTestContextBootstrapper=true}', contextCustomizers = set[org.springframework.boot.test.autoconfigure.actuate.metrics.MetricsExportContextCustomizerFactory$DisableMetricExportContextCustomizer@3f1c5af9, org.springframework.boot.test.autoconfigure.properties.PropertyMappingContextCustomizer@0, org.springframework.boot.test.autoconfigure.web.servlet.WebDriverContextCustomizerFactory$Customizer@44e3760b, org.springframework.boot.test.context.filter.ExcludeFilterContextCustomizer@1ddae9b5, org.springframework.boot.test.json.DuplicateJsonObjectContextCustomizerFactory$DuplicateJsonObjectContextCustomizer@2c7d121c, org.springframework.boot.test.mock.mockito.MockitoContextCustomizer@0, org.springframework.boot.test.web.client.TestRestTemplateContextCustomizer@1cd201a8, org.springframework.boot.test.web.reactive.server.WebTestClientContextCustomizer@19fe4644, org.springframework.boot.test.context.SpringBootTestArgs@1, org.springframework.boot.test.context.SpringBootTestWebEnvironment@df6620a], resourceBasePath = 'src/main/webapp', contextLoader = 'org.springframework.boot.test.context.SpringBootContextLoader', parent = [null]], attributes = map['org.springframework.test.context.web.ServletTestExecutionListener.activateListener' -> true, 'org.springframework.test.context.web.ServletTestExecutionListener.populatedRequestContextHolder' -> true, 'org.springframework.test.context.web.ServletTestExecutionListener.resetRequestContextHolder' -> true, 'org.springframework.test.context.event.ApplicationEventsTestExecutionListener.recordApplicationEvents' -> false]]; transaction manager [org.springframework.orm.jpa.JpaTransactionManager@7e49ab66]; rollback [true]
2023-12-06 16:16:15.036 DEBUG 12608 --- [    Test worker] org.hibernate.SQL                        : 
    delete 
    from
        seller
Hibernate: 
    delete 
    from
        seller
2023-12-06 16:16:15.043 DEBUG 12608 --- [    Test worker] org.hibernate.SQL                        : 
    select
        sellerenti0_.seller_key as seller_k1_7_,
        sellerenti0_.shop_key as shop_key7_7_,
        sellerenti0_.isgrant as isgrant2_7_,
        sellerenti0_.seller_id_email as seller_i3_7_,
        sellerenti0_.seller_name as seller_n4_7_,
        sellerenti0_.seller_password as seller_p5_7_,
        sellerenti0_.seller_phonenum as seller_p6_7_ 
    from
        seller sellerenti0_ 
    where
        sellerenti0_.seller_key=?
Hibernate: 
    select
        sellerenti0_.seller_key as seller_k1_7_,
        sellerenti0_.shop_key as shop_key7_7_,
        sellerenti0_.isgrant as isgrant2_7_,
        sellerenti0_.seller_id_email as seller_i3_7_,
        sellerenti0_.seller_name as seller_n4_7_,
        sellerenti0_.seller_password as seller_p5_7_,
        sellerenti0_.seller_phonenum as seller_p6_7_ 
    from
        seller sellerenti0_ 
    where
        sellerenti0_.seller_key=?
2023-12-06 16:16:15.043 TRACE 12608 --- [    Test worker] o.h.type.descriptor.sql.BasicBinder      : binding parameter [1] as [INTEGER] - [123456789]
2023-12-06 16:16:15.123 DEBUG 12608 --- [    Test worker] org.hibernate.SQL                        : 
    select
        sellerenti0_.seller_key as seller_k1_7_0_,
        sellerenti0_.shop_key as shop_key7_7_0_,
        sellerenti0_.isgrant as isgrant2_7_0_,
        sellerenti0_.seller_id_email as seller_i3_7_0_,
        sellerenti0_.seller_name as seller_n4_7_0_,
        sellerenti0_.seller_password as seller_p5_7_0_,
        sellerenti0_.seller_phonenum as seller_p6_7_0_ 
    from
        seller sellerenti0_ 
    where
        sellerenti0_.seller_key=?
Hibernate: 
    select
        sellerenti0_.seller_key as seller_k1_7_0_,
        sellerenti0_.shop_key as shop_key7_7_0_,
        sellerenti0_.isgrant as isgrant2_7_0_,
        sellerenti0_.seller_id_email as seller_i3_7_0_,
        sellerenti0_.seller_name as seller_n4_7_0_,
        sellerenti0_.seller_password as seller_p5_7_0_,
        sellerenti0_.seller_phonenum as seller_p6_7_0_ 
    from
        seller sellerenti0_ 
    where
        sellerenti0_.seller_key=?
2023-12-06 16:16:15.123 TRACE 12608 --- [    Test worker] o.h.type.descriptor.sql.BasicBinder      : binding parameter [1] as [INTEGER] - [123456789]
2023-12-06 16:16:15.133 DEBUG 12608 --- [    Test worker] org.hibernate.SQL                        : 
    insert 
    into
        seller
        (shop_key, isgrant, seller_id_email, seller_name, seller_password, seller_phonenum, seller_key) 
    values
        (?, ?, ?, ?, ?, ?, ?)
Hibernate: 
    insert 
    into
        seller
        (shop_key, isgrant, seller_id_email, seller_name, seller_password, seller_phonenum, seller_key) 
    values
        (?, ?, ?, ?, ?, ?, ?)
2023-12-06 16:16:15.133 TRACE 12608 --- [    Test worker] o.h.type.descriptor.sql.BasicBinder      : binding parameter [1] as [INTEGER] - [null]
2023-12-06 16:16:15.133 TRACE 12608 --- [    Test worker] o.h.type.descriptor.sql.BasicBinder      : binding parameter [2] as [INTEGER] - [null]
2023-12-06 16:16:15.133 TRACE 12608 --- [    Test worker] o.h.type.descriptor.sql.BasicBinder      : binding parameter [3] as [VARCHAR] - [ajou@gmail.com]
2023-12-06 16:16:15.134 TRACE 12608 --- [    Test worker] o.h.type.descriptor.sql.BasicBinder      : binding parameter [4] as [VARCHAR] - [suhyeon]
2023-12-06 16:16:15.134 TRACE 12608 --- [    Test worker] o.h.type.descriptor.sql.BasicBinder      : binding parameter [5] as [VARCHAR] - [$2a$10$z9ibv9iieragNU9Mga.vaepNoMqedoze5ZUoxsECyALg/m7zlPOXS]
2023-12-06 16:16:15.134 TRACE 12608 --- [    Test worker] o.h.type.descriptor.sql.BasicBinder      : binding parameter [6] as [VARCHAR] - [010-1111-2222]
2023-12-06 16:16:15.134 TRACE 12608 --- [    Test worker] o.h.type.descriptor.sql.BasicBinder      : binding parameter [7] as [INTEGER] - [123456789]
2023-12-06 16:16:15.143 DEBUG 12608 --- [    Test worker] org.hibernate.SQL                        : 
    select
        sellerenti0_.seller_key as seller_k1_7_,
        sellerenti0_.shop_key as shop_key7_7_,
        sellerenti0_.isgrant as isgrant2_7_,
        sellerenti0_.seller_id_email as seller_i3_7_,
        sellerenti0_.seller_name as seller_n4_7_,
        sellerenti0_.seller_password as seller_p5_7_,
        sellerenti0_.seller_phonenum as seller_p6_7_ 
    from
        seller sellerenti0_ 
    where
        sellerenti0_.seller_id_email=?
Hibernate: 
    select
        sellerenti0_.seller_key as seller_k1_7_,
        sellerenti0_.shop_key as shop_key7_7_,
        sellerenti0_.isgrant as isgrant2_7_,
        sellerenti0_.seller_id_email as seller_i3_7_,
        sellerenti0_.seller_name as seller_n4_7_,
        sellerenti0_.seller_password as seller_p5_7_,
        sellerenti0_.seller_phonenum as seller_p6_7_ 
    from
        seller sellerenti0_ 
    where
        sellerenti0_.seller_id_email=?
2023-12-06 16:16:15.143 TRACE 12608 --- [    Test worker] o.h.type.descriptor.sql.BasicBinder      : binding parameter [1] as [VARCHAR] - [wrongemail@gmail.com]
2023-12-06 16:16:15.164  INFO 12608 --- [    Test worker] o.s.t.c.transaction.TransactionContext   : Rolled back transaction for test: [DefaultTestContext@438f205c testClass = SellerServiceTest, testInstance = net.prescent.service.SellerServiceTest@767785a4, testMethod = loginFailureWrongIdTest@SellerServiceTest, testException = [null], mergedContextConfiguration = [WebMergedContextConfiguration@cf9a1f1 testClass = SellerServiceTest, locations = '{}', classes = '{class net.prescent.PreScentApplication}', contextInitializerClasses = '[]', activeProfiles = '{}', propertySourceLocations = '{}', propertySourceProperties = '{org.springframework.boot.test.context.SpringBootTestContextBootstrapper=true}', contextCustomizers = set[org.springframework.boot.test.autoconfigure.actuate.metrics.MetricsExportContextCustomizerFactory$DisableMetricExportContextCustomizer@3f1c5af9, org.springframework.boot.test.autoconfigure.properties.PropertyMappingContextCustomizer@0, org.springframework.boot.test.autoconfigure.web.servlet.WebDriverContextCustomizerFactory$Customizer@44e3760b, org.springframework.boot.test.context.filter.ExcludeFilterContextCustomizer@1ddae9b5, org.springframework.boot.test.json.DuplicateJsonObjectContextCustomizerFactory$DuplicateJsonObjectContextCustomizer@2c7d121c, org.springframework.boot.test.mock.mockito.MockitoContextCustomizer@0, org.springframework.boot.test.web.client.TestRestTemplateContextCustomizer@1cd201a8, org.springframework.boot.test.web.reactive.server.WebTestClientContextCustomizer@19fe4644, org.springframework.boot.test.context.SpringBootTestArgs@1, org.springframework.boot.test.context.SpringBootTestWebEnvironment@df6620a], resourceBasePath = 'src/main/webapp', contextLoader = 'org.springframework.boot.test.context.SpringBootContextLoader', parent = [null]], attributes = map['org.springframework.test.context.web.ServletTestExecutionListener.activateListener' -> true, 'org.springframework.test.context.web.ServletTestExecutionListener.populatedRequestContextHolder' -> true, 'org.springframework.test.context.web.ServletTestExecutionListener.resetRequestContextHolder' -> true, 'org.springframework.test.context.event.ApplicationEventsTestExecutionListener.recordApplicationEvents' -> false]]
]]></system-out>
  <system-err><![CDATA[]]></system-err>
</testsuite>
