<?xml version="1.0" encoding="UTF-8"?>
<testsuite name="net.prescent.service.FlowerShopEntityServiceTest" tests="2" skipped="0" failures="0" errors="0" timestamp="2023-11-25T02:39:48" hostname="LAPTOP-Q5F6TAOM" time="0.691">
  <properties/>
  <testcase name="매장 등록, 쿼리 테스트" classname="net.prescent.service.FlowerShopEntityServiceTest" time="0.46"/>
  <testcase name="BusinessKey같은 매장 생성 테스트" classname="net.prescent.service.FlowerShopEntityServiceTest" time="0.23"/>
  <system-out><![CDATA[2023-11-25 11:39:48.871  INFO 17932 --- [    Test worker] .b.t.c.SpringBootTestContextBootstrapper : Neither @ContextConfiguration nor @ContextHierarchy found for test class [net.prescent.service.FlowerShopEntityServiceTest], using SpringBootContextLoader
2023-11-25 11:39:48.874  INFO 17932 --- [    Test worker] o.s.t.c.support.AbstractContextLoader    : Could not detect default resource locations for test class [net.prescent.service.FlowerShopEntityServiceTest]: no resource found for suffixes {-context.xml, Context.groovy}.
2023-11-25 11:39:48.874  INFO 17932 --- [    Test worker] t.c.s.AnnotationConfigContextLoaderUtils : Could not detect default configuration classes for test class [net.prescent.service.FlowerShopEntityServiceTest]: FlowerShopEntityServiceTest does not declare any static, non-private, non-final, nested classes annotated with @Configuration.
2023-11-25 11:39:48.879  INFO 17932 --- [    Test worker] .b.t.c.SpringBootTestContextBootstrapper : Found @SpringBootConfiguration net.prescent.PreScentApplication for test class net.prescent.service.FlowerShopEntityServiceTest
2023-11-25 11:39:48.880  INFO 17932 --- [    Test worker] .b.t.c.SpringBootTestContextBootstrapper : Loaded default TestExecutionListener class names from location [META-INF/spring.factories]: [org.springframework.security.test.context.support.WithSecurityContextTestExecutionListener, org.springframework.security.test.context.support.ReactorContextTestExecutionListener, org.springframework.boot.test.autoconfigure.restdocs.RestDocsTestExecutionListener, org.springframework.boot.test.autoconfigure.web.client.MockRestServiceServerResetTestExecutionListener, org.springframework.boot.test.autoconfigure.web.servlet.MockMvcPrintOnlyOnFailureTestExecutionListener, org.springframework.boot.test.autoconfigure.web.servlet.WebDriverTestExecutionListener, org.springframework.boot.test.autoconfigure.webservices.client.MockWebServiceServerTestExecutionListener, org.springframework.boot.test.mock.mockito.MockitoTestExecutionListener, org.springframework.boot.test.mock.mockito.ResetMocksTestExecutionListener, org.springframework.test.context.web.ServletTestExecutionListener, org.springframework.test.context.support.DirtiesContextBeforeModesTestExecutionListener, org.springframework.test.context.event.ApplicationEventsTestExecutionListener, org.springframework.test.context.support.DependencyInjectionTestExecutionListener, org.springframework.test.context.support.DirtiesContextTestExecutionListener, org.springframework.test.context.transaction.TransactionalTestExecutionListener, org.springframework.test.context.jdbc.SqlScriptsTestExecutionListener, org.springframework.test.context.event.EventPublishingTestExecutionListener]
2023-11-25 11:39:48.881  INFO 17932 --- [    Test worker] .b.t.c.SpringBootTestContextBootstrapper : Using TestExecutionListeners: [org.springframework.test.context.web.ServletTestExecutionListener@20307cb9, org.springframework.test.context.support.DirtiesContextBeforeModesTestExecutionListener@19a2b224, org.springframework.test.context.event.ApplicationEventsTestExecutionListener@2251cc2e, org.springframework.boot.test.mock.mockito.MockitoTestExecutionListener@61563a91, org.springframework.boot.test.autoconfigure.SpringBootDependencyInjectionTestExecutionListener@42a057b6, org.springframework.test.context.support.DirtiesContextTestExecutionListener@4e1ffe54, org.springframework.test.context.transaction.TransactionalTestExecutionListener@62036b05, org.springframework.test.context.jdbc.SqlScriptsTestExecutionListener@32514766, org.springframework.security.test.context.support.WithSecurityContextTestExecutionListener@720cbb7d, org.springframework.test.context.event.EventPublishingTestExecutionListener@43d00636, org.springframework.security.test.context.support.ReactorContextTestExecutionListener@3a72160a, org.springframework.boot.test.autoconfigure.restdocs.RestDocsTestExecutionListener@2a01c55, org.springframework.boot.test.autoconfigure.web.client.MockRestServiceServerResetTestExecutionListener@1560982f, org.springframework.boot.test.autoconfigure.web.servlet.MockMvcPrintOnlyOnFailureTestExecutionListener@5642cd03, org.springframework.boot.test.autoconfigure.web.servlet.WebDriverTestExecutionListener@7caa5387, org.springframework.boot.test.autoconfigure.webservices.client.MockWebServiceServerTestExecutionListener@7eeabaf3, org.springframework.boot.test.mock.mockito.ResetMocksTestExecutionListener@6f5ae4e1]
2023-11-25 11:39:48.895  INFO 17932 --- [    Test worker] o.s.t.c.transaction.TransactionContext   : Began transaction (1) for test context [DefaultTestContext@3dd2a70d testClass = FlowerShopEntityServiceTest, testInstance = net.prescent.service.FlowerShopEntityServiceTest@7ecf001f, testMethod = testAddFlowerShop@FlowerShopEntityServiceTest, testException = [null], mergedContextConfiguration = [WebMergedContextConfiguration@2620f935 testClass = FlowerShopEntityServiceTest, locations = '{}', classes = '{class net.prescent.PreScentApplication}', contextInitializerClasses = '[]', activeProfiles = '{}', propertySourceLocations = '{}', propertySourceProperties = '{org.springframework.boot.test.context.SpringBootTestContextBootstrapper=true}', contextCustomizers = set[org.springframework.boot.test.autoconfigure.actuate.metrics.MetricsExportContextCustomizerFactory$DisableMetricExportContextCustomizer@36676c1a, org.springframework.boot.test.autoconfigure.properties.PropertyMappingContextCustomizer@0, org.springframework.boot.test.autoconfigure.web.servlet.WebDriverContextCustomizerFactory$Customizer@6c8bca63, org.springframework.boot.test.context.filter.ExcludeFilterContextCustomizer@2b491fee, org.springframework.boot.test.json.DuplicateJsonObjectContextCustomizerFactory$DuplicateJsonObjectContextCustomizer@63192798, org.springframework.boot.test.mock.mockito.MockitoContextCustomizer@0, org.springframework.boot.test.web.client.TestRestTemplateContextCustomizer@6f0ca692, org.springframework.boot.test.web.reactive.server.WebTestClientContextCustomizer@1d7f7be7, org.springframework.boot.test.context.SpringBootTestArgs@1, org.springframework.boot.test.context.SpringBootTestWebEnvironment@2a3888c1], resourceBasePath = 'src/main/webapp', contextLoader = 'org.springframework.boot.test.context.SpringBootContextLoader', parent = [null]], attributes = map['org.springframework.test.context.web.ServletTestExecutionListener.activateListener' -> true, 'org.springframework.test.context.web.ServletTestExecutionListener.populatedRequestContextHolder' -> true, 'org.springframework.test.context.web.ServletTestExecutionListener.resetRequestContextHolder' -> true, 'org.springframework.test.context.event.ApplicationEventsTestExecutionListener.recordApplicationEvents' -> false]]; transaction manager [org.springframework.orm.jpa.JpaTransactionManager@2a5917f6]; rollback [true]
2023-11-25 11:39:48.901 DEBUG 17932 --- [    Test worker] org.hibernate.SQL                        : 
    create temporary table if not exists HT_seller (user_key integer not null) 
Hibernate: 
    create temporary table if not exists HT_seller (user_key integer not null) 
2023-11-25 11:39:48.907 DEBUG 17932 --- [    Test worker] org.hibernate.SQL                        : 
    insert 
    into
        HT_seller
        select
            sellerenti0_.user_key as user_key 
        from
            seller sellerenti0_ 
        inner join
            user_entity sellerenti0_1_ 
                on sellerenti0_.user_key=sellerenti0_1_.user_key
Hibernate: 
    insert 
    into
        HT_seller
        select
            sellerenti0_.user_key as user_key 
        from
            seller sellerenti0_ 
        inner join
            user_entity sellerenti0_1_ 
                on sellerenti0_.user_key=sellerenti0_1_.user_key
2023-11-25 11:39:48.914 DEBUG 17932 --- [    Test worker] org.hibernate.SQL                        : 
    delete 
    from
        seller 
    where
        (
            user_key
        ) IN (
            select
                user_key 
            from
                HT_seller
        )
Hibernate: 
    delete 
    from
        seller 
    where
        (
            user_key
        ) IN (
            select
                user_key 
            from
                HT_seller
        )
2023-11-25 11:39:48.920 DEBUG 17932 --- [    Test worker] org.hibernate.SQL                        : 
    delete 
    from
        user_entity 
    where
        (
            user_key
        ) IN (
            select
                user_key 
            from
                HT_seller
        )
Hibernate: 
    delete 
    from
        user_entity 
    where
        (
            user_key
        ) IN (
            select
                user_key 
            from
                HT_seller
        )
2023-11-25 11:39:48.926 DEBUG 17932 --- [    Test worker] org.hibernate.SQL                        : 
    drop temporary table HT_seller
Hibernate: 
    drop temporary table HT_seller
2023-11-25 11:39:48.935 DEBUG 17932 --- [    Test worker] org.hibernate.SQL                        : 
    delete 
    from
        flower_shop
Hibernate: 
    delete 
    from
        flower_shop
2023-11-25 11:39:48.954 DEBUG 17932 --- [    Test worker] org.hibernate.SQL                        : 
    select
        sellerenti0_.user_key as user_key1_7_,
        sellerenti0_.business_key as business1_6_,
        sellerenti0_.shop_key as shop_key8_6_,
        sellerenti0_.isgrant as isgrant2_6_,
        sellerenti0_.seller_id_email as seller_i3_6_,
        sellerenti0_.seller_name as seller_n4_6_,
        sellerenti0_.seller_password as seller_p5_6_,
        sellerenti0_.seller_phonenum as seller_p6_6_ 
    from
        seller sellerenti0_ 
    inner join
        user_entity sellerenti0_1_ 
            on sellerenti0_.user_key=sellerenti0_1_.user_key 
    where
        sellerenti0_.business_key=?
Hibernate: 
    select
        sellerenti0_.user_key as user_key1_7_,
        sellerenti0_.business_key as business1_6_,
        sellerenti0_.shop_key as shop_key8_6_,
        sellerenti0_.isgrant as isgrant2_6_,
        sellerenti0_.seller_id_email as seller_i3_6_,
        sellerenti0_.seller_name as seller_n4_6_,
        sellerenti0_.seller_password as seller_p5_6_,
        sellerenti0_.seller_phonenum as seller_p6_6_ 
    from
        seller sellerenti0_ 
    inner join
        user_entity sellerenti0_1_ 
            on sellerenti0_.user_key=sellerenti0_1_.user_key 
    where
        sellerenti0_.business_key=?
2023-11-25 11:39:48.954 TRACE 17932 --- [    Test worker] o.h.type.descriptor.sql.BasicBinder      : binding parameter [1] as [INTEGER] - [123456789]
2023-11-25 11:39:49.063 DEBUG 17932 --- [    Test worker] org.hibernate.SQL                        : 
    insert 
    into
        user_entity
        
    values
        ( )
Hibernate: 
    insert 
    into
        user_entity
        
    values
        ( )
2023-11-25 11:39:49.070 DEBUG 17932 --- [    Test worker] org.hibernate.SQL                        : 
    insert 
    into
        seller
        (business_key, shop_key, isgrant, seller_id_email, seller_name, seller_password, seller_phonenum, user_key) 
    values
        (?, ?, ?, ?, ?, ?, ?, ?)
Hibernate: 
    insert 
    into
        seller
        (business_key, shop_key, isgrant, seller_id_email, seller_name, seller_password, seller_phonenum, user_key) 
    values
        (?, ?, ?, ?, ?, ?, ?, ?)
2023-11-25 11:39:49.071 TRACE 17932 --- [    Test worker] o.h.type.descriptor.sql.BasicBinder      : binding parameter [1] as [INTEGER] - [123456789]
2023-11-25 11:39:49.071 TRACE 17932 --- [    Test worker] o.h.type.descriptor.sql.BasicBinder      : binding parameter [2] as [INTEGER] - [null]
2023-11-25 11:39:49.071 TRACE 17932 --- [    Test worker] o.h.type.descriptor.sql.BasicBinder      : binding parameter [3] as [INTEGER] - [null]
2023-11-25 11:39:49.071 TRACE 17932 --- [    Test worker] o.h.type.descriptor.sql.BasicBinder      : binding parameter [4] as [VARCHAR] - [sooh]
2023-11-25 11:39:49.071 TRACE 17932 --- [    Test worker] o.h.type.descriptor.sql.BasicBinder      : binding parameter [5] as [VARCHAR] - [suhyeon]
2023-11-25 11:39:49.071 TRACE 17932 --- [    Test worker] o.h.type.descriptor.sql.BasicBinder      : binding parameter [6] as [VARCHAR] - [$2a$10$PND/lMvb1kRS0bhAVC1mKeNbevPsRI7H5qkJswhZJUqoBxWULOk3e]
2023-11-25 11:39:49.071 TRACE 17932 --- [    Test worker] o.h.type.descriptor.sql.BasicBinder      : binding parameter [7] as [VARCHAR] - [010-1111-2222]
2023-11-25 11:39:49.071 TRACE 17932 --- [    Test worker] o.h.type.descriptor.sql.BasicBinder      : binding parameter [8] as [INTEGER] - [7]
2023-11-25 11:39:49.077 DEBUG 17932 --- [    Test worker] org.hibernate.SQL                        : 
    select
        sellerenti0_.user_key as user_key1_7_,
        sellerenti0_.business_key as business1_6_,
        sellerenti0_.shop_key as shop_key8_6_,
        sellerenti0_.isgrant as isgrant2_6_,
        sellerenti0_.seller_id_email as seller_i3_6_,
        sellerenti0_.seller_name as seller_n4_6_,
        sellerenti0_.seller_password as seller_p5_6_,
        sellerenti0_.seller_phonenum as seller_p6_6_ 
    from
        seller sellerenti0_ 
    inner join
        user_entity sellerenti0_1_ 
            on sellerenti0_.user_key=sellerenti0_1_.user_key 
    where
        sellerenti0_.business_key=?
Hibernate: 
    select
        sellerenti0_.user_key as user_key1_7_,
        sellerenti0_.business_key as business1_6_,
        sellerenti0_.shop_key as shop_key8_6_,
        sellerenti0_.isgrant as isgrant2_6_,
        sellerenti0_.seller_id_email as seller_i3_6_,
        sellerenti0_.seller_name as seller_n4_6_,
        sellerenti0_.seller_password as seller_p5_6_,
        sellerenti0_.seller_phonenum as seller_p6_6_ 
    from
        seller sellerenti0_ 
    inner join
        user_entity sellerenti0_1_ 
            on sellerenti0_.user_key=sellerenti0_1_.user_key 
    where
        sellerenti0_.business_key=?
2023-11-25 11:39:49.078 TRACE 17932 --- [    Test worker] o.h.type.descriptor.sql.BasicBinder      : binding parameter [1] as [INTEGER] - [123456789]
soohsuhyeon-----------------------------------


2023-11-25 11:39:49.103 DEBUG 17932 --- [    Test worker] org.hibernate.SQL                        : 
    insert 
    into
        flower_shop
        (holiday, is_opened, is_sub, opening_hours, shop_location, shop_name, shop_phone_num) 
    values
        (?, ?, ?, ?, ?, ?, ?)
Hibernate: 
    insert 
    into
        flower_shop
        (holiday, is_opened, is_sub, opening_hours, shop_location, shop_name, shop_phone_num) 
    values
        (?, ?, ?, ?, ?, ?, ?)
2023-11-25 11:39:49.104 TRACE 17932 --- [    Test worker] o.h.type.descriptor.sql.BasicBinder      : binding parameter [1] as [VARBINARY] - [[Ljava.lang.String;@5fdfa35d]
2023-11-25 11:39:49.106 TRACE 17932 --- [    Test worker] o.h.type.descriptor.sql.BasicBinder      : binding parameter [2] as [BOOLEAN] - [false]
2023-11-25 11:39:49.106 TRACE 17932 --- [    Test worker] o.h.type.descriptor.sql.BasicBinder      : binding parameter [3] as [BOOLEAN] - [false]
2023-11-25 11:39:49.106 TRACE 17932 --- [    Test worker] o.h.type.descriptor.sql.BasicBinder      : binding parameter [4] as [VARBINARY] - [[[I@3aaeb65b]
2023-11-25 11:39:49.106 TRACE 17932 --- [    Test worker] o.h.type.descriptor.sql.BasicBinder      : binding parameter [5] as [VARCHAR] - [suwon-si]
2023-11-25 11:39:49.107 TRACE 17932 --- [    Test worker] o.h.type.descriptor.sql.BasicBinder      : binding parameter [6] as [VARCHAR] - [its me]
2023-11-25 11:39:49.107 TRACE 17932 --- [    Test worker] o.h.type.descriptor.sql.BasicBinder      : binding parameter [7] as [VARCHAR] - [031-308-8223]
soohsuhyeonits me-----------------------------------


2023-11-25 11:39:49.315 DEBUG 17932 --- [    Test worker] org.hibernate.SQL                        : 
    select
        flowershop0_.shop_key as shop_key1_5_,
        flowershop0_.holiday as holiday2_5_,
        flowershop0_.is_opened as is_opene3_5_,
        flowershop0_.is_sub as is_sub4_5_,
        flowershop0_.opening_hours as opening_5_5_,
        flowershop0_.shop_location as shop_loc6_5_,
        flowershop0_.shop_name as shop_nam7_5_,
        flowershop0_.shop_phone_num as shop_pho8_5_ 
    from
        flower_shop flowershop0_ 
    where
        flowershop0_.shop_key=?
Hibernate: 
    select
        flowershop0_.shop_key as shop_key1_5_,
        flowershop0_.holiday as holiday2_5_,
        flowershop0_.is_opened as is_opene3_5_,
        flowershop0_.is_sub as is_sub4_5_,
        flowershop0_.opening_hours as opening_5_5_,
        flowershop0_.shop_location as shop_loc6_5_,
        flowershop0_.shop_name as shop_nam7_5_,
        flowershop0_.shop_phone_num as shop_pho8_5_ 
    from
        flower_shop flowershop0_ 
    where
        flowershop0_.shop_key=?
2023-11-25 11:39:49.315 TRACE 17932 --- [    Test worker] o.h.type.descriptor.sql.BasicBinder      : binding parameter [1] as [INTEGER] - [1]
2023-11-25 11:39:49.348  INFO 17932 --- [    Test worker] o.s.t.c.transaction.TransactionContext   : Rolled back transaction for test: [DefaultTestContext@3dd2a70d testClass = FlowerShopEntityServiceTest, testInstance = net.prescent.service.FlowerShopEntityServiceTest@7ecf001f, testMethod = testAddFlowerShop@FlowerShopEntityServiceTest, testException = [null], mergedContextConfiguration = [WebMergedContextConfiguration@2620f935 testClass = FlowerShopEntityServiceTest, locations = '{}', classes = '{class net.prescent.PreScentApplication}', contextInitializerClasses = '[]', activeProfiles = '{}', propertySourceLocations = '{}', propertySourceProperties = '{org.springframework.boot.test.context.SpringBootTestContextBootstrapper=true}', contextCustomizers = set[org.springframework.boot.test.autoconfigure.actuate.metrics.MetricsExportContextCustomizerFactory$DisableMetricExportContextCustomizer@36676c1a, org.springframework.boot.test.autoconfigure.properties.PropertyMappingContextCustomizer@0, org.springframework.boot.test.autoconfigure.web.servlet.WebDriverContextCustomizerFactory$Customizer@6c8bca63, org.springframework.boot.test.context.filter.ExcludeFilterContextCustomizer@2b491fee, org.springframework.boot.test.json.DuplicateJsonObjectContextCustomizerFactory$DuplicateJsonObjectContextCustomizer@63192798, org.springframework.boot.test.mock.mockito.MockitoContextCustomizer@0, org.springframework.boot.test.web.client.TestRestTemplateContextCustomizer@6f0ca692, org.springframework.boot.test.web.reactive.server.WebTestClientContextCustomizer@1d7f7be7, org.springframework.boot.test.context.SpringBootTestArgs@1, org.springframework.boot.test.context.SpringBootTestWebEnvironment@2a3888c1], resourceBasePath = 'src/main/webapp', contextLoader = 'org.springframework.boot.test.context.SpringBootContextLoader', parent = [null]], attributes = map['org.springframework.test.context.web.ServletTestExecutionListener.activateListener' -> true, 'org.springframework.test.context.web.ServletTestExecutionListener.populatedRequestContextHolder' -> true, 'org.springframework.test.context.web.ServletTestExecutionListener.resetRequestContextHolder' -> true, 'org.springframework.test.context.event.ApplicationEventsTestExecutionListener.recordApplicationEvents' -> false]]
2023-11-25 11:39:49.357  INFO 17932 --- [    Test worker] o.s.t.c.transaction.TransactionContext   : Began transaction (1) for test context [DefaultTestContext@3dd2a70d testClass = FlowerShopEntityServiceTest, testInstance = net.prescent.service.FlowerShopEntityServiceTest@4bba628, testMethod = testSameBusinessKeyShop@FlowerShopEntityServiceTest, testException = [null], mergedContextConfiguration = [WebMergedContextConfiguration@2620f935 testClass = FlowerShopEntityServiceTest, locations = '{}', classes = '{class net.prescent.PreScentApplication}', contextInitializerClasses = '[]', activeProfiles = '{}', propertySourceLocations = '{}', propertySourceProperties = '{org.springframework.boot.test.context.SpringBootTestContextBootstrapper=true}', contextCustomizers = set[org.springframework.boot.test.autoconfigure.actuate.metrics.MetricsExportContextCustomizerFactory$DisableMetricExportContextCustomizer@36676c1a, org.springframework.boot.test.autoconfigure.properties.PropertyMappingContextCustomizer@0, org.springframework.boot.test.autoconfigure.web.servlet.WebDriverContextCustomizerFactory$Customizer@6c8bca63, org.springframework.boot.test.context.filter.ExcludeFilterContextCustomizer@2b491fee, org.springframework.boot.test.json.DuplicateJsonObjectContextCustomizerFactory$DuplicateJsonObjectContextCustomizer@63192798, org.springframework.boot.test.mock.mockito.MockitoContextCustomizer@0, org.springframework.boot.test.web.client.TestRestTemplateContextCustomizer@6f0ca692, org.springframework.boot.test.web.reactive.server.WebTestClientContextCustomizer@1d7f7be7, org.springframework.boot.test.context.SpringBootTestArgs@1, org.springframework.boot.test.context.SpringBootTestWebEnvironment@2a3888c1], resourceBasePath = 'src/main/webapp', contextLoader = 'org.springframework.boot.test.context.SpringBootContextLoader', parent = [null]], attributes = map['org.springframework.test.context.web.ServletTestExecutionListener.activateListener' -> true, 'org.springframework.test.context.web.ServletTestExecutionListener.populatedRequestContextHolder' -> true, 'org.springframework.test.context.web.ServletTestExecutionListener.resetRequestContextHolder' -> true, 'org.springframework.test.context.event.ApplicationEventsTestExecutionListener.recordApplicationEvents' -> false]]; transaction manager [org.springframework.orm.jpa.JpaTransactionManager@2a5917f6]; rollback [true]
2023-11-25 11:39:49.359 DEBUG 17932 --- [    Test worker] org.hibernate.SQL                        : 
    create temporary table if not exists HT_seller (user_key integer not null) 
Hibernate: 
    create temporary table if not exists HT_seller (user_key integer not null) 
2023-11-25 11:39:49.364 DEBUG 17932 --- [    Test worker] org.hibernate.SQL                        : 
    insert 
    into
        HT_seller
        select
            sellerenti0_.user_key as user_key 
        from
            seller sellerenti0_ 
        inner join
            user_entity sellerenti0_1_ 
                on sellerenti0_.user_key=sellerenti0_1_.user_key
Hibernate: 
    insert 
    into
        HT_seller
        select
            sellerenti0_.user_key as user_key 
        from
            seller sellerenti0_ 
        inner join
            user_entity sellerenti0_1_ 
                on sellerenti0_.user_key=sellerenti0_1_.user_key
2023-11-25 11:39:49.371 DEBUG 17932 --- [    Test worker] org.hibernate.SQL                        : 
    delete 
    from
        seller 
    where
        (
            user_key
        ) IN (
            select
                user_key 
            from
                HT_seller
        )
Hibernate: 
    delete 
    from
        seller 
    where
        (
            user_key
        ) IN (
            select
                user_key 
            from
                HT_seller
        )
2023-11-25 11:39:49.377 DEBUG 17932 --- [    Test worker] org.hibernate.SQL                        : 
    delete 
    from
        user_entity 
    where
        (
            user_key
        ) IN (
            select
                user_key 
            from
                HT_seller
        )
Hibernate: 
    delete 
    from
        user_entity 
    where
        (
            user_key
        ) IN (
            select
                user_key 
            from
                HT_seller
        )
2023-11-25 11:39:49.384 DEBUG 17932 --- [    Test worker] org.hibernate.SQL                        : 
    drop temporary table HT_seller
Hibernate: 
    drop temporary table HT_seller
2023-11-25 11:39:49.390 DEBUG 17932 --- [    Test worker] org.hibernate.SQL                        : 
    delete 
    from
        flower_shop
Hibernate: 
    delete 
    from
        flower_shop
2023-11-25 11:39:49.397 DEBUG 17932 --- [    Test worker] org.hibernate.SQL                        : 
    select
        sellerenti0_.user_key as user_key1_7_,
        sellerenti0_.business_key as business1_6_,
        sellerenti0_.shop_key as shop_key8_6_,
        sellerenti0_.isgrant as isgrant2_6_,
        sellerenti0_.seller_id_email as seller_i3_6_,
        sellerenti0_.seller_name as seller_n4_6_,
        sellerenti0_.seller_password as seller_p5_6_,
        sellerenti0_.seller_phonenum as seller_p6_6_ 
    from
        seller sellerenti0_ 
    inner join
        user_entity sellerenti0_1_ 
            on sellerenti0_.user_key=sellerenti0_1_.user_key 
    where
        sellerenti0_.business_key=?
Hibernate: 
    select
        sellerenti0_.user_key as user_key1_7_,
        sellerenti0_.business_key as business1_6_,
        sellerenti0_.shop_key as shop_key8_6_,
        sellerenti0_.isgrant as isgrant2_6_,
        sellerenti0_.seller_id_email as seller_i3_6_,
        sellerenti0_.seller_name as seller_n4_6_,
        sellerenti0_.seller_password as seller_p5_6_,
        sellerenti0_.seller_phonenum as seller_p6_6_ 
    from
        seller sellerenti0_ 
    inner join
        user_entity sellerenti0_1_ 
            on sellerenti0_.user_key=sellerenti0_1_.user_key 
    where
        sellerenti0_.business_key=?
2023-11-25 11:39:49.398 TRACE 17932 --- [    Test worker] o.h.type.descriptor.sql.BasicBinder      : binding parameter [1] as [INTEGER] - [123456789]
2023-11-25 11:39:49.498 DEBUG 17932 --- [    Test worker] org.hibernate.SQL                        : 
    insert 
    into
        user_entity
        
    values
        ( )
Hibernate: 
    insert 
    into
        user_entity
        
    values
        ( )
2023-11-25 11:39:49.506 DEBUG 17932 --- [    Test worker] org.hibernate.SQL                        : 
    insert 
    into
        seller
        (business_key, shop_key, isgrant, seller_id_email, seller_name, seller_password, seller_phonenum, user_key) 
    values
        (?, ?, ?, ?, ?, ?, ?, ?)
Hibernate: 
    insert 
    into
        seller
        (business_key, shop_key, isgrant, seller_id_email, seller_name, seller_password, seller_phonenum, user_key) 
    values
        (?, ?, ?, ?, ?, ?, ?, ?)
2023-11-25 11:39:49.506 TRACE 17932 --- [    Test worker] o.h.type.descriptor.sql.BasicBinder      : binding parameter [1] as [INTEGER] - [123456789]
2023-11-25 11:39:49.506 TRACE 17932 --- [    Test worker] o.h.type.descriptor.sql.BasicBinder      : binding parameter [2] as [INTEGER] - [null]
2023-11-25 11:39:49.506 TRACE 17932 --- [    Test worker] o.h.type.descriptor.sql.BasicBinder      : binding parameter [3] as [INTEGER] - [null]
2023-11-25 11:39:49.506 TRACE 17932 --- [    Test worker] o.h.type.descriptor.sql.BasicBinder      : binding parameter [4] as [VARCHAR] - [sooh]
2023-11-25 11:39:49.506 TRACE 17932 --- [    Test worker] o.h.type.descriptor.sql.BasicBinder      : binding parameter [5] as [VARCHAR] - [suhyeon]
2023-11-25 11:39:49.506 TRACE 17932 --- [    Test worker] o.h.type.descriptor.sql.BasicBinder      : binding parameter [6] as [VARCHAR] - [$2a$10$HdKC6hB8RR6M349zG1zWTuZWyuMMnsFDIlrW2tfAWnsghE2gK/9vC]
2023-11-25 11:39:49.506 TRACE 17932 --- [    Test worker] o.h.type.descriptor.sql.BasicBinder      : binding parameter [7] as [VARCHAR] - [010-1111-2222]
2023-11-25 11:39:49.506 TRACE 17932 --- [    Test worker] o.h.type.descriptor.sql.BasicBinder      : binding parameter [8] as [INTEGER] - [8]
2023-11-25 11:39:49.514 DEBUG 17932 --- [    Test worker] org.hibernate.SQL                        : 
    select
        sellerenti0_.user_key as user_key1_7_,
        sellerenti0_.business_key as business1_6_,
        sellerenti0_.shop_key as shop_key8_6_,
        sellerenti0_.isgrant as isgrant2_6_,
        sellerenti0_.seller_id_email as seller_i3_6_,
        sellerenti0_.seller_name as seller_n4_6_,
        sellerenti0_.seller_password as seller_p5_6_,
        sellerenti0_.seller_phonenum as seller_p6_6_ 
    from
        seller sellerenti0_ 
    inner join
        user_entity sellerenti0_1_ 
            on sellerenti0_.user_key=sellerenti0_1_.user_key 
    where
        sellerenti0_.business_key=?
Hibernate: 
    select
        sellerenti0_.user_key as user_key1_7_,
        sellerenti0_.business_key as business1_6_,
        sellerenti0_.shop_key as shop_key8_6_,
        sellerenti0_.isgrant as isgrant2_6_,
        sellerenti0_.seller_id_email as seller_i3_6_,
        sellerenti0_.seller_name as seller_n4_6_,
        sellerenti0_.seller_password as seller_p5_6_,
        sellerenti0_.seller_phonenum as seller_p6_6_ 
    from
        seller sellerenti0_ 
    inner join
        user_entity sellerenti0_1_ 
            on sellerenti0_.user_key=sellerenti0_1_.user_key 
    where
        sellerenti0_.business_key=?
2023-11-25 11:39:49.515 TRACE 17932 --- [    Test worker] o.h.type.descriptor.sql.BasicBinder      : binding parameter [1] as [INTEGER] - [123456789]
soohsuhyeon-----------------------------------


2023-11-25 11:39:49.524 DEBUG 17932 --- [    Test worker] org.hibernate.SQL                        : 
    insert 
    into
        flower_shop
        (holiday, is_opened, is_sub, opening_hours, shop_location, shop_name, shop_phone_num) 
    values
        (?, ?, ?, ?, ?, ?, ?)
Hibernate: 
    insert 
    into
        flower_shop
        (holiday, is_opened, is_sub, opening_hours, shop_location, shop_name, shop_phone_num) 
    values
        (?, ?, ?, ?, ?, ?, ?)
2023-11-25 11:39:49.524 TRACE 17932 --- [    Test worker] o.h.type.descriptor.sql.BasicBinder      : binding parameter [1] as [VARBINARY] - [[Ljava.lang.String;@71ea9a0d]
2023-11-25 11:39:49.524 TRACE 17932 --- [    Test worker] o.h.type.descriptor.sql.BasicBinder      : binding parameter [2] as [BOOLEAN] - [false]
2023-11-25 11:39:49.524 TRACE 17932 --- [    Test worker] o.h.type.descriptor.sql.BasicBinder      : binding parameter [3] as [BOOLEAN] - [false]
2023-11-25 11:39:49.524 TRACE 17932 --- [    Test worker] o.h.type.descriptor.sql.BasicBinder      : binding parameter [4] as [VARBINARY] - [[[I@19fdcaba]
2023-11-25 11:39:49.526 TRACE 17932 --- [    Test worker] o.h.type.descriptor.sql.BasicBinder      : binding parameter [5] as [VARCHAR] - [suwon-si]
2023-11-25 11:39:49.526 TRACE 17932 --- [    Test worker] o.h.type.descriptor.sql.BasicBinder      : binding parameter [6] as [VARCHAR] - [its me]
2023-11-25 11:39:49.526 TRACE 17932 --- [    Test worker] o.h.type.descriptor.sql.BasicBinder      : binding parameter [7] as [VARCHAR] - [031-308-8223]
soohsuhyeonits me-----------------------------------


2023-11-25 11:39:49.537 DEBUG 17932 --- [    Test worker] org.hibernate.SQL                        : 
    update
        seller 
    set
        business_key=?,
        shop_key=?,
        isgrant=?,
        seller_id_email=?,
        seller_name=?,
        seller_password=?,
        seller_phonenum=? 
    where
        user_key=?
Hibernate: 
    update
        seller 
    set
        business_key=?,
        shop_key=?,
        isgrant=?,
        seller_id_email=?,
        seller_name=?,
        seller_password=?,
        seller_phonenum=? 
    where
        user_key=?
2023-11-25 11:39:49.538 TRACE 17932 --- [    Test worker] o.h.type.descriptor.sql.BasicBinder      : binding parameter [1] as [INTEGER] - [123456789]
2023-11-25 11:39:49.538 TRACE 17932 --- [    Test worker] o.h.type.descriptor.sql.BasicBinder      : binding parameter [2] as [INTEGER] - [2]
2023-11-25 11:39:49.538 TRACE 17932 --- [    Test worker] o.h.type.descriptor.sql.BasicBinder      : binding parameter [3] as [INTEGER] - [null]
2023-11-25 11:39:49.538 TRACE 17932 --- [    Test worker] o.h.type.descriptor.sql.BasicBinder      : binding parameter [4] as [VARCHAR] - [sooh]
2023-11-25 11:39:49.539 TRACE 17932 --- [    Test worker] o.h.type.descriptor.sql.BasicBinder      : binding parameter [5] as [VARCHAR] - [suhyeon]
2023-11-25 11:39:49.539 TRACE 17932 --- [    Test worker] o.h.type.descriptor.sql.BasicBinder      : binding parameter [6] as [VARCHAR] - [$2a$10$HdKC6hB8RR6M349zG1zWTuZWyuMMnsFDIlrW2tfAWnsghE2gK/9vC]
2023-11-25 11:39:49.539 TRACE 17932 --- [    Test worker] o.h.type.descriptor.sql.BasicBinder      : binding parameter [7] as [VARCHAR] - [010-1111-2222]
2023-11-25 11:39:49.539 TRACE 17932 --- [    Test worker] o.h.type.descriptor.sql.BasicBinder      : binding parameter [8] as [INTEGER] - [8]
2023-11-25 11:39:49.549 DEBUG 17932 --- [    Test worker] org.hibernate.SQL                        : 
    select
        sellerenti0_.user_key as user_key1_7_,
        sellerenti0_.business_key as business1_6_,
        sellerenti0_.shop_key as shop_key8_6_,
        sellerenti0_.isgrant as isgrant2_6_,
        sellerenti0_.seller_id_email as seller_i3_6_,
        sellerenti0_.seller_name as seller_n4_6_,
        sellerenti0_.seller_password as seller_p5_6_,
        sellerenti0_.seller_phonenum as seller_p6_6_ 
    from
        seller sellerenti0_ 
    inner join
        user_entity sellerenti0_1_ 
            on sellerenti0_.user_key=sellerenti0_1_.user_key 
    where
        sellerenti0_.business_key=?
Hibernate: 
    select
        sellerenti0_.user_key as user_key1_7_,
        sellerenti0_.business_key as business1_6_,
        sellerenti0_.shop_key as shop_key8_6_,
        sellerenti0_.isgrant as isgrant2_6_,
        sellerenti0_.seller_id_email as seller_i3_6_,
        sellerenti0_.seller_name as seller_n4_6_,
        sellerenti0_.seller_password as seller_p5_6_,
        sellerenti0_.seller_phonenum as seller_p6_6_ 
    from
        seller sellerenti0_ 
    inner join
        user_entity sellerenti0_1_ 
            on sellerenti0_.user_key=sellerenti0_1_.user_key 
    where
        sellerenti0_.business_key=?
2023-11-25 11:39:49.551 TRACE 17932 --- [    Test worker] o.h.type.descriptor.sql.BasicBinder      : binding parameter [1] as [INTEGER] - [123456789]
soohsuhyeon-----------------------------------


2023-11-25 11:39:49.578  INFO 17932 --- [    Test worker] o.s.t.c.transaction.TransactionContext   : Rolled back transaction for test: [DefaultTestContext@3dd2a70d testClass = FlowerShopEntityServiceTest, testInstance = net.prescent.service.FlowerShopEntityServiceTest@4bba628, testMethod = testSameBusinessKeyShop@FlowerShopEntityServiceTest, testException = [null], mergedContextConfiguration = [WebMergedContextConfiguration@2620f935 testClass = FlowerShopEntityServiceTest, locations = '{}', classes = '{class net.prescent.PreScentApplication}', contextInitializerClasses = '[]', activeProfiles = '{}', propertySourceLocations = '{}', propertySourceProperties = '{org.springframework.boot.test.context.SpringBootTestContextBootstrapper=true}', contextCustomizers = set[org.springframework.boot.test.autoconfigure.actuate.metrics.MetricsExportContextCustomizerFactory$DisableMetricExportContextCustomizer@36676c1a, org.springframework.boot.test.autoconfigure.properties.PropertyMappingContextCustomizer@0, org.springframework.boot.test.autoconfigure.web.servlet.WebDriverContextCustomizerFactory$Customizer@6c8bca63, org.springframework.boot.test.context.filter.ExcludeFilterContextCustomizer@2b491fee, org.springframework.boot.test.json.DuplicateJsonObjectContextCustomizerFactory$DuplicateJsonObjectContextCustomizer@63192798, org.springframework.boot.test.mock.mockito.MockitoContextCustomizer@0, org.springframework.boot.test.web.client.TestRestTemplateContextCustomizer@6f0ca692, org.springframework.boot.test.web.reactive.server.WebTestClientContextCustomizer@1d7f7be7, org.springframework.boot.test.context.SpringBootTestArgs@1, org.springframework.boot.test.context.SpringBootTestWebEnvironment@2a3888c1], resourceBasePath = 'src/main/webapp', contextLoader = 'org.springframework.boot.test.context.SpringBootContextLoader', parent = [null]], attributes = map['org.springframework.test.context.web.ServletTestExecutionListener.activateListener' -> true, 'org.springframework.test.context.web.ServletTestExecutionListener.populatedRequestContextHolder' -> true, 'org.springframework.test.context.web.ServletTestExecutionListener.resetRequestContextHolder' -> true, 'org.springframework.test.context.event.ApplicationEventsTestExecutionListener.recordApplicationEvents' -> false]]
]]></system-out>
  <system-err><![CDATA[]]></system-err>
</testsuite>
