<?xml version="1.0" encoding="UTF-8"?>
<testsuite name="net.prescent.service.SellerServiceTest" tests="6" skipped="0" failures="0" errors="0" timestamp="2023-11-21T11:41:43" hostname="LAPTOP-Q5F6TAOM" time="1.37">
  <properties/>
  <testcase name="판매자 회원가입 테스트" classname="net.prescent.service.SellerServiceTest" time="0.232"/>
  <testcase name="중복 사업자번호 가입 테스트" classname="net.prescent.service.SellerServiceTest" time="0.131"/>
  <testcase name="판매자 로그아웃 테스트" classname="net.prescent.service.SellerServiceTest" time="0.249"/>
  <testcase name="판매자 로그인 실패 - 잘못된 비밀번호 테스트" classname="net.prescent.service.SellerServiceTest" time="0.281"/>
  <testcase name="판매자 로그인 성공 테스트" classname="net.prescent.service.SellerServiceTest" time="0.283"/>
  <testcase name="판매자 로그인 실패 - 잘못된 Email 테스트" classname="net.prescent.service.SellerServiceTest" time="0.187"/>
  <system-out><![CDATA[2023-11-21 20:41:43.508  INFO 8964 --- [    Test worker] .b.t.c.SpringBootTestContextBootstrapper : Neither @ContextConfiguration nor @ContextHierarchy found for test class [net.prescent.service.SellerServiceTest], using SpringBootContextLoader
2023-11-21 20:41:43.509  INFO 8964 --- [    Test worker] o.s.t.c.support.AbstractContextLoader    : Could not detect default resource locations for test class [net.prescent.service.SellerServiceTest]: no resource found for suffixes {-context.xml, Context.groovy}.
2023-11-21 20:41:43.510  INFO 8964 --- [    Test worker] t.c.s.AnnotationConfigContextLoaderUtils : Could not detect default configuration classes for test class [net.prescent.service.SellerServiceTest]: SellerServiceTest does not declare any static, non-private, non-final, nested classes annotated with @Configuration.
2023-11-21 20:41:43.512  INFO 8964 --- [    Test worker] .b.t.c.SpringBootTestContextBootstrapper : Found @SpringBootConfiguration net.prescent.PreScentApplication for test class net.prescent.service.SellerServiceTest
2023-11-21 20:41:43.514  INFO 8964 --- [    Test worker] .b.t.c.SpringBootTestContextBootstrapper : Loaded default TestExecutionListener class names from location [META-INF/spring.factories]: [org.springframework.security.test.context.support.WithSecurityContextTestExecutionListener, org.springframework.security.test.context.support.ReactorContextTestExecutionListener, org.springframework.boot.test.autoconfigure.restdocs.RestDocsTestExecutionListener, org.springframework.boot.test.autoconfigure.web.client.MockRestServiceServerResetTestExecutionListener, org.springframework.boot.test.autoconfigure.web.servlet.MockMvcPrintOnlyOnFailureTestExecutionListener, org.springframework.boot.test.autoconfigure.web.servlet.WebDriverTestExecutionListener, org.springframework.boot.test.autoconfigure.webservices.client.MockWebServiceServerTestExecutionListener, org.springframework.boot.test.mock.mockito.MockitoTestExecutionListener, org.springframework.boot.test.mock.mockito.ResetMocksTestExecutionListener, org.springframework.test.context.web.ServletTestExecutionListener, org.springframework.test.context.support.DirtiesContextBeforeModesTestExecutionListener, org.springframework.test.context.event.ApplicationEventsTestExecutionListener, org.springframework.test.context.support.DependencyInjectionTestExecutionListener, org.springframework.test.context.support.DirtiesContextTestExecutionListener, org.springframework.test.context.transaction.TransactionalTestExecutionListener, org.springframework.test.context.jdbc.SqlScriptsTestExecutionListener, org.springframework.test.context.event.EventPublishingTestExecutionListener]
2023-11-21 20:41:43.515  INFO 8964 --- [    Test worker] .b.t.c.SpringBootTestContextBootstrapper : Using TestExecutionListeners: [org.springframework.test.context.web.ServletTestExecutionListener@4b708c16, org.springframework.test.context.support.DirtiesContextBeforeModesTestExecutionListener@2700f556, org.springframework.test.context.event.ApplicationEventsTestExecutionListener@6def1699, org.springframework.boot.test.mock.mockito.MockitoTestExecutionListener@64dbb343, org.springframework.boot.test.autoconfigure.SpringBootDependencyInjectionTestExecutionListener@2b0483f2, org.springframework.test.context.support.DirtiesContextTestExecutionListener@b8e6981, org.springframework.test.context.transaction.TransactionalTestExecutionListener@1e40edb7, org.springframework.test.context.jdbc.SqlScriptsTestExecutionListener@27381497, org.springframework.security.test.context.support.WithSecurityContextTestExecutionListener@282c0891, org.springframework.test.context.event.EventPublishingTestExecutionListener@5096be74, org.springframework.security.test.context.support.ReactorContextTestExecutionListener@4922dc84, org.springframework.boot.test.autoconfigure.restdocs.RestDocsTestExecutionListener@2ed9e59b, org.springframework.boot.test.autoconfigure.web.client.MockRestServiceServerResetTestExecutionListener@66790851, org.springframework.boot.test.autoconfigure.web.servlet.MockMvcPrintOnlyOnFailureTestExecutionListener@3796ff4, org.springframework.boot.test.autoconfigure.web.servlet.WebDriverTestExecutionListener@5ce045e3, org.springframework.boot.test.autoconfigure.webservices.client.MockWebServiceServerTestExecutionListener@3df496d9, org.springframework.boot.test.mock.mockito.ResetMocksTestExecutionListener@13e12ab6]
2023-11-21 20:41:43.525  INFO 8964 --- [    Test worker] o.s.t.c.transaction.TransactionContext   : Began transaction (1) for test context [DefaultTestContext@224f90eb testClass = SellerServiceTest, testInstance = net.prescent.service.SellerServiceTest@54464330, testMethod = signupSellerTest@SellerServiceTest, testException = [null], mergedContextConfiguration = [WebMergedContextConfiguration@63b4a896 testClass = SellerServiceTest, locations = '{}', classes = '{class net.prescent.PreScentApplication}', contextInitializerClasses = '[]', activeProfiles = '{}', propertySourceLocations = '{}', propertySourceProperties = '{org.springframework.boot.test.context.SpringBootTestContextBootstrapper=true}', contextCustomizers = set[org.springframework.boot.test.autoconfigure.actuate.metrics.MetricsExportContextCustomizerFactory$DisableMetricExportContextCustomizer@3f053c80, org.springframework.boot.test.autoconfigure.properties.PropertyMappingContextCustomizer@0, org.springframework.boot.test.autoconfigure.web.servlet.WebDriverContextCustomizerFactory$Customizer@636e8cc, org.springframework.boot.test.context.filter.ExcludeFilterContextCustomizer@619bfe29, org.springframework.boot.test.json.DuplicateJsonObjectContextCustomizerFactory$DuplicateJsonObjectContextCustomizer@2bef51f2, org.springframework.boot.test.mock.mockito.MockitoContextCustomizer@0, org.springframework.boot.test.web.client.TestRestTemplateContextCustomizer@5ad10c1a, org.springframework.boot.test.context.SpringBootTestArgs@1, org.springframework.boot.test.context.SpringBootTestWebEnvironment@20d7d6fb], resourceBasePath = 'src/main/webapp', contextLoader = 'org.springframework.boot.test.context.SpringBootContextLoader', parent = [null]], attributes = map['org.springframework.test.context.web.ServletTestExecutionListener.activateListener' -> true, 'org.springframework.test.context.web.ServletTestExecutionListener.populatedRequestContextHolder' -> true, 'org.springframework.test.context.web.ServletTestExecutionListener.resetRequestContextHolder' -> true, 'org.springframework.test.context.event.ApplicationEventsTestExecutionListener.recordApplicationEvents' -> false]]; transaction manager [org.springframework.orm.jpa.JpaTransactionManager@156d7556]; rollback [true]
2023-11-21 20:41:43.527 DEBUG 8964 --- [    Test worker] org.hibernate.SQL                        : 
    delete 
    from
        seller
Hibernate: 
    delete 
    from
        seller
2023-11-21 20:41:43.534 DEBUG 8964 --- [    Test worker] org.hibernate.SQL                        : 
    select
        sellerenti0_.seller_key as seller_k1_6_,
        sellerenti0_.shop_key as shop_key7_6_,
        sellerenti0_.isgrant as isgrant2_6_,
        sellerenti0_.seller_id_email as seller_i3_6_,
        sellerenti0_.seller_name as seller_n4_6_,
        sellerenti0_.seller_password as seller_p5_6_,
        sellerenti0_.seller_phonenum as seller_p6_6_ 
    from
        seller sellerenti0_ 
    where
        sellerenti0_.seller_key=?
Hibernate: 
    select
        sellerenti0_.seller_key as seller_k1_6_,
        sellerenti0_.shop_key as shop_key7_6_,
        sellerenti0_.isgrant as isgrant2_6_,
        sellerenti0_.seller_id_email as seller_i3_6_,
        sellerenti0_.seller_name as seller_n4_6_,
        sellerenti0_.seller_password as seller_p5_6_,
        sellerenti0_.seller_phonenum as seller_p6_6_ 
    from
        seller sellerenti0_ 
    where
        sellerenti0_.seller_key=?
2023-11-21 20:41:43.534 TRACE 8964 --- [    Test worker] o.h.type.descriptor.sql.BasicBinder      : binding parameter [1] as [INTEGER] - [123456789]
2023-11-21 20:41:43.612 DEBUG 8964 --- [    Test worker] org.hibernate.SQL                        : 
    select
        sellerenti0_.seller_key as seller_k1_6_0_,
        sellerenti0_.shop_key as shop_key7_6_0_,
        sellerenti0_.isgrant as isgrant2_6_0_,
        sellerenti0_.seller_id_email as seller_i3_6_0_,
        sellerenti0_.seller_name as seller_n4_6_0_,
        sellerenti0_.seller_password as seller_p5_6_0_,
        sellerenti0_.seller_phonenum as seller_p6_6_0_ 
    from
        seller sellerenti0_ 
    where
        sellerenti0_.seller_key=?
Hibernate: 
    select
        sellerenti0_.seller_key as seller_k1_6_0_,
        sellerenti0_.shop_key as shop_key7_6_0_,
        sellerenti0_.isgrant as isgrant2_6_0_,
        sellerenti0_.seller_id_email as seller_i3_6_0_,
        sellerenti0_.seller_name as seller_n4_6_0_,
        sellerenti0_.seller_password as seller_p5_6_0_,
        sellerenti0_.seller_phonenum as seller_p6_6_0_ 
    from
        seller sellerenti0_ 
    where
        sellerenti0_.seller_key=?
2023-11-21 20:41:43.613 TRACE 8964 --- [    Test worker] o.h.type.descriptor.sql.BasicBinder      : binding parameter [1] as [INTEGER] - [123456789]
2023-11-21 20:41:43.643 DEBUG 8964 --- [    Test worker] org.hibernate.SQL                        : 
    insert 
    into
        seller
        (shop_key, isgrant, seller_id_email, seller_name, seller_password, seller_phonenum, seller_key) 
    values
        (?, ?, ?, ?, ?, ?, ?)
Hibernate: 
    insert 
    into
        seller
        (shop_key, isgrant, seller_id_email, seller_name, seller_password, seller_phonenum, seller_key) 
    values
        (?, ?, ?, ?, ?, ?, ?)
2023-11-21 20:41:43.643 TRACE 8964 --- [    Test worker] o.h.type.descriptor.sql.BasicBinder      : binding parameter [1] as [INTEGER] - [null]
2023-11-21 20:41:43.643 TRACE 8964 --- [    Test worker] o.h.type.descriptor.sql.BasicBinder      : binding parameter [2] as [INTEGER] - [null]
2023-11-21 20:41:43.643 TRACE 8964 --- [    Test worker] o.h.type.descriptor.sql.BasicBinder      : binding parameter [3] as [VARCHAR] - [ajou@gmail.com]
2023-11-21 20:41:43.643 TRACE 8964 --- [    Test worker] o.h.type.descriptor.sql.BasicBinder      : binding parameter [4] as [VARCHAR] - [suhyeon]
2023-11-21 20:41:43.644 TRACE 8964 --- [    Test worker] o.h.type.descriptor.sql.BasicBinder      : binding parameter [5] as [VARCHAR] - [$2a$10$hhCmxWoKbZ0YI.D5BWOwl.w7s5opQx74xR3ZKIntMMKH0Md8VUiKe]
2023-11-21 20:41:43.644 TRACE 8964 --- [    Test worker] o.h.type.descriptor.sql.BasicBinder      : binding parameter [6] as [VARCHAR] - [010-1111-2222]
2023-11-21 20:41:43.644 TRACE 8964 --- [    Test worker] o.h.type.descriptor.sql.BasicBinder      : binding parameter [7] as [INTEGER] - [123456789]
2023-11-21 20:41:43.650 DEBUG 8964 --- [    Test worker] org.hibernate.SQL                        : 
    select
        sellerenti0_.seller_key as seller_k1_6_,
        sellerenti0_.shop_key as shop_key7_6_,
        sellerenti0_.isgrant as isgrant2_6_,
        sellerenti0_.seller_id_email as seller_i3_6_,
        sellerenti0_.seller_name as seller_n4_6_,
        sellerenti0_.seller_password as seller_p5_6_,
        sellerenti0_.seller_phonenum as seller_p6_6_ 
    from
        seller sellerenti0_ 
    where
        sellerenti0_.seller_id_email=?
Hibernate: 
    select
        sellerenti0_.seller_key as seller_k1_6_,
        sellerenti0_.shop_key as shop_key7_6_,
        sellerenti0_.isgrant as isgrant2_6_,
        sellerenti0_.seller_id_email as seller_i3_6_,
        sellerenti0_.seller_name as seller_n4_6_,
        sellerenti0_.seller_password as seller_p5_6_,
        sellerenti0_.seller_phonenum as seller_p6_6_ 
    from
        seller sellerenti0_ 
    where
        sellerenti0_.seller_id_email=?
2023-11-21 20:41:43.650 TRACE 8964 --- [    Test worker] o.h.type.descriptor.sql.BasicBinder      : binding parameter [1] as [VARCHAR] - [ajou@gmail.com]
2023-11-21 20:41:43.750  INFO 8964 --- [    Test worker] o.s.t.c.transaction.TransactionContext   : Rolled back transaction for test: [DefaultTestContext@224f90eb testClass = SellerServiceTest, testInstance = net.prescent.service.SellerServiceTest@54464330, testMethod = signupSellerTest@SellerServiceTest, testException = [null], mergedContextConfiguration = [WebMergedContextConfiguration@63b4a896 testClass = SellerServiceTest, locations = '{}', classes = '{class net.prescent.PreScentApplication}', contextInitializerClasses = '[]', activeProfiles = '{}', propertySourceLocations = '{}', propertySourceProperties = '{org.springframework.boot.test.context.SpringBootTestContextBootstrapper=true}', contextCustomizers = set[org.springframework.boot.test.autoconfigure.actuate.metrics.MetricsExportContextCustomizerFactory$DisableMetricExportContextCustomizer@3f053c80, org.springframework.boot.test.autoconfigure.properties.PropertyMappingContextCustomizer@0, org.springframework.boot.test.autoconfigure.web.servlet.WebDriverContextCustomizerFactory$Customizer@636e8cc, org.springframework.boot.test.context.filter.ExcludeFilterContextCustomizer@619bfe29, org.springframework.boot.test.json.DuplicateJsonObjectContextCustomizerFactory$DuplicateJsonObjectContextCustomizer@2bef51f2, org.springframework.boot.test.mock.mockito.MockitoContextCustomizer@0, org.springframework.boot.test.web.client.TestRestTemplateContextCustomizer@5ad10c1a, org.springframework.boot.test.context.SpringBootTestArgs@1, org.springframework.boot.test.context.SpringBootTestWebEnvironment@20d7d6fb], resourceBasePath = 'src/main/webapp', contextLoader = 'org.springframework.boot.test.context.SpringBootContextLoader', parent = [null]], attributes = map['org.springframework.test.context.web.ServletTestExecutionListener.activateListener' -> true, 'org.springframework.test.context.web.ServletTestExecutionListener.populatedRequestContextHolder' -> true, 'org.springframework.test.context.web.ServletTestExecutionListener.resetRequestContextHolder' -> true, 'org.springframework.test.context.event.ApplicationEventsTestExecutionListener.recordApplicationEvents' -> false]]
2023-11-21 20:41:43.760  INFO 8964 --- [    Test worker] o.s.t.c.transaction.TransactionContext   : Began transaction (1) for test context [DefaultTestContext@224f90eb testClass = SellerServiceTest, testInstance = net.prescent.service.SellerServiceTest@17baaf07, testMethod = signupDuplicateSellerKeyTest@SellerServiceTest, testException = [null], mergedContextConfiguration = [WebMergedContextConfiguration@63b4a896 testClass = SellerServiceTest, locations = '{}', classes = '{class net.prescent.PreScentApplication}', contextInitializerClasses = '[]', activeProfiles = '{}', propertySourceLocations = '{}', propertySourceProperties = '{org.springframework.boot.test.context.SpringBootTestContextBootstrapper=true}', contextCustomizers = set[org.springframework.boot.test.autoconfigure.actuate.metrics.MetricsExportContextCustomizerFactory$DisableMetricExportContextCustomizer@3f053c80, org.springframework.boot.test.autoconfigure.properties.PropertyMappingContextCustomizer@0, org.springframework.boot.test.autoconfigure.web.servlet.WebDriverContextCustomizerFactory$Customizer@636e8cc, org.springframework.boot.test.context.filter.ExcludeFilterContextCustomizer@619bfe29, org.springframework.boot.test.json.DuplicateJsonObjectContextCustomizerFactory$DuplicateJsonObjectContextCustomizer@2bef51f2, org.springframework.boot.test.mock.mockito.MockitoContextCustomizer@0, org.springframework.boot.test.web.client.TestRestTemplateContextCustomizer@5ad10c1a, org.springframework.boot.test.context.SpringBootTestArgs@1, org.springframework.boot.test.context.SpringBootTestWebEnvironment@20d7d6fb], resourceBasePath = 'src/main/webapp', contextLoader = 'org.springframework.boot.test.context.SpringBootContextLoader', parent = [null]], attributes = map['org.springframework.test.context.web.ServletTestExecutionListener.activateListener' -> true, 'org.springframework.test.context.web.ServletTestExecutionListener.populatedRequestContextHolder' -> true, 'org.springframework.test.context.web.ServletTestExecutionListener.resetRequestContextHolder' -> true, 'org.springframework.test.context.event.ApplicationEventsTestExecutionListener.recordApplicationEvents' -> false]]; transaction manager [org.springframework.orm.jpa.JpaTransactionManager@156d7556]; rollback [true]
2023-11-21 20:41:43.761 DEBUG 8964 --- [    Test worker] org.hibernate.SQL                        : 
    delete 
    from
        seller
Hibernate: 
    delete 
    from
        seller
2023-11-21 20:41:43.768 DEBUG 8964 --- [    Test worker] org.hibernate.SQL                        : 
    select
        sellerenti0_.seller_key as seller_k1_6_,
        sellerenti0_.shop_key as shop_key7_6_,
        sellerenti0_.isgrant as isgrant2_6_,
        sellerenti0_.seller_id_email as seller_i3_6_,
        sellerenti0_.seller_name as seller_n4_6_,
        sellerenti0_.seller_password as seller_p5_6_,
        sellerenti0_.seller_phonenum as seller_p6_6_ 
    from
        seller sellerenti0_ 
    where
        sellerenti0_.seller_key=?
Hibernate: 
    select
        sellerenti0_.seller_key as seller_k1_6_,
        sellerenti0_.shop_key as shop_key7_6_,
        sellerenti0_.isgrant as isgrant2_6_,
        sellerenti0_.seller_id_email as seller_i3_6_,
        sellerenti0_.seller_name as seller_n4_6_,
        sellerenti0_.seller_password as seller_p5_6_,
        sellerenti0_.seller_phonenum as seller_p6_6_ 
    from
        seller sellerenti0_ 
    where
        sellerenti0_.seller_key=?
2023-11-21 20:41:43.769 TRACE 8964 --- [    Test worker] o.h.type.descriptor.sql.BasicBinder      : binding parameter [1] as [INTEGER] - [123456789]
2023-11-21 20:41:43.839 DEBUG 8964 --- [    Test worker] org.hibernate.SQL                        : 
    select
        sellerenti0_.seller_key as seller_k1_6_0_,
        sellerenti0_.shop_key as shop_key7_6_0_,
        sellerenti0_.isgrant as isgrant2_6_0_,
        sellerenti0_.seller_id_email as seller_i3_6_0_,
        sellerenti0_.seller_name as seller_n4_6_0_,
        sellerenti0_.seller_password as seller_p5_6_0_,
        sellerenti0_.seller_phonenum as seller_p6_6_0_ 
    from
        seller sellerenti0_ 
    where
        sellerenti0_.seller_key=?
Hibernate: 
    select
        sellerenti0_.seller_key as seller_k1_6_0_,
        sellerenti0_.shop_key as shop_key7_6_0_,
        sellerenti0_.isgrant as isgrant2_6_0_,
        sellerenti0_.seller_id_email as seller_i3_6_0_,
        sellerenti0_.seller_name as seller_n4_6_0_,
        sellerenti0_.seller_password as seller_p5_6_0_,
        sellerenti0_.seller_phonenum as seller_p6_6_0_ 
    from
        seller sellerenti0_ 
    where
        sellerenti0_.seller_key=?
2023-11-21 20:41:43.840 TRACE 8964 --- [    Test worker] o.h.type.descriptor.sql.BasicBinder      : binding parameter [1] as [INTEGER] - [123456789]
2023-11-21 20:41:43.850 DEBUG 8964 --- [    Test worker] org.hibernate.SQL                        : 
    insert 
    into
        seller
        (shop_key, isgrant, seller_id_email, seller_name, seller_password, seller_phonenum, seller_key) 
    values
        (?, ?, ?, ?, ?, ?, ?)
Hibernate: 
    insert 
    into
        seller
        (shop_key, isgrant, seller_id_email, seller_name, seller_password, seller_phonenum, seller_key) 
    values
        (?, ?, ?, ?, ?, ?, ?)
2023-11-21 20:41:43.851 TRACE 8964 --- [    Test worker] o.h.type.descriptor.sql.BasicBinder      : binding parameter [1] as [INTEGER] - [null]
2023-11-21 20:41:43.851 TRACE 8964 --- [    Test worker] o.h.type.descriptor.sql.BasicBinder      : binding parameter [2] as [INTEGER] - [null]
2023-11-21 20:41:43.851 TRACE 8964 --- [    Test worker] o.h.type.descriptor.sql.BasicBinder      : binding parameter [3] as [VARCHAR] - [ajou@gmail.com]
2023-11-21 20:41:43.851 TRACE 8964 --- [    Test worker] o.h.type.descriptor.sql.BasicBinder      : binding parameter [4] as [VARCHAR] - [suhyeon]
2023-11-21 20:41:43.851 TRACE 8964 --- [    Test worker] o.h.type.descriptor.sql.BasicBinder      : binding parameter [5] as [VARCHAR] - [$2a$10$8Pi7eBxU2e0EjCROwfBCd.J3ptl8OCXSCQq/6Gzru3S/zLmFysRc6]
2023-11-21 20:41:43.851 TRACE 8964 --- [    Test worker] o.h.type.descriptor.sql.BasicBinder      : binding parameter [6] as [VARCHAR] - [010-1111-2222]
2023-11-21 20:41:43.851 TRACE 8964 --- [    Test worker] o.h.type.descriptor.sql.BasicBinder      : binding parameter [7] as [INTEGER] - [123456789]
2023-11-21 20:41:43.858 DEBUG 8964 --- [    Test worker] org.hibernate.SQL                        : 
    select
        sellerenti0_.seller_key as seller_k1_6_,
        sellerenti0_.shop_key as shop_key7_6_,
        sellerenti0_.isgrant as isgrant2_6_,
        sellerenti0_.seller_id_email as seller_i3_6_,
        sellerenti0_.seller_name as seller_n4_6_,
        sellerenti0_.seller_password as seller_p5_6_,
        sellerenti0_.seller_phonenum as seller_p6_6_ 
    from
        seller sellerenti0_ 
    where
        sellerenti0_.seller_key=?
Hibernate: 
    select
        sellerenti0_.seller_key as seller_k1_6_,
        sellerenti0_.shop_key as shop_key7_6_,
        sellerenti0_.isgrant as isgrant2_6_,
        sellerenti0_.seller_id_email as seller_i3_6_,
        sellerenti0_.seller_name as seller_n4_6_,
        sellerenti0_.seller_password as seller_p5_6_,
        sellerenti0_.seller_phonenum as seller_p6_6_ 
    from
        seller sellerenti0_ 
    where
        sellerenti0_.seller_key=?
2023-11-21 20:41:43.858 TRACE 8964 --- [    Test worker] o.h.type.descriptor.sql.BasicBinder      : binding parameter [1] as [INTEGER] - [123456789]
2023-11-21 20:41:43.882  INFO 8964 --- [    Test worker] o.s.t.c.transaction.TransactionContext   : Rolled back transaction for test: [DefaultTestContext@224f90eb testClass = SellerServiceTest, testInstance = net.prescent.service.SellerServiceTest@17baaf07, testMethod = signupDuplicateSellerKeyTest@SellerServiceTest, testException = [null], mergedContextConfiguration = [WebMergedContextConfiguration@63b4a896 testClass = SellerServiceTest, locations = '{}', classes = '{class net.prescent.PreScentApplication}', contextInitializerClasses = '[]', activeProfiles = '{}', propertySourceLocations = '{}', propertySourceProperties = '{org.springframework.boot.test.context.SpringBootTestContextBootstrapper=true}', contextCustomizers = set[org.springframework.boot.test.autoconfigure.actuate.metrics.MetricsExportContextCustomizerFactory$DisableMetricExportContextCustomizer@3f053c80, org.springframework.boot.test.autoconfigure.properties.PropertyMappingContextCustomizer@0, org.springframework.boot.test.autoconfigure.web.servlet.WebDriverContextCustomizerFactory$Customizer@636e8cc, org.springframework.boot.test.context.filter.ExcludeFilterContextCustomizer@619bfe29, org.springframework.boot.test.json.DuplicateJsonObjectContextCustomizerFactory$DuplicateJsonObjectContextCustomizer@2bef51f2, org.springframework.boot.test.mock.mockito.MockitoContextCustomizer@0, org.springframework.boot.test.web.client.TestRestTemplateContextCustomizer@5ad10c1a, org.springframework.boot.test.context.SpringBootTestArgs@1, org.springframework.boot.test.context.SpringBootTestWebEnvironment@20d7d6fb], resourceBasePath = 'src/main/webapp', contextLoader = 'org.springframework.boot.test.context.SpringBootContextLoader', parent = [null]], attributes = map['org.springframework.test.context.web.ServletTestExecutionListener.activateListener' -> true, 'org.springframework.test.context.web.ServletTestExecutionListener.populatedRequestContextHolder' -> true, 'org.springframework.test.context.web.ServletTestExecutionListener.resetRequestContextHolder' -> true, 'org.springframework.test.context.event.ApplicationEventsTestExecutionListener.recordApplicationEvents' -> false]]
2023-11-21 20:41:43.890  INFO 8964 --- [    Test worker] o.s.t.c.transaction.TransactionContext   : Began transaction (1) for test context [DefaultTestContext@224f90eb testClass = SellerServiceTest, testInstance = net.prescent.service.SellerServiceTest@d41518b, testMethod = logoutTest@SellerServiceTest, testException = [null], mergedContextConfiguration = [WebMergedContextConfiguration@63b4a896 testClass = SellerServiceTest, locations = '{}', classes = '{class net.prescent.PreScentApplication}', contextInitializerClasses = '[]', activeProfiles = '{}', propertySourceLocations = '{}', propertySourceProperties = '{org.springframework.boot.test.context.SpringBootTestContextBootstrapper=true}', contextCustomizers = set[org.springframework.boot.test.autoconfigure.actuate.metrics.MetricsExportContextCustomizerFactory$DisableMetricExportContextCustomizer@3f053c80, org.springframework.boot.test.autoconfigure.properties.PropertyMappingContextCustomizer@0, org.springframework.boot.test.autoconfigure.web.servlet.WebDriverContextCustomizerFactory$Customizer@636e8cc, org.springframework.boot.test.context.filter.ExcludeFilterContextCustomizer@619bfe29, org.springframework.boot.test.json.DuplicateJsonObjectContextCustomizerFactory$DuplicateJsonObjectContextCustomizer@2bef51f2, org.springframework.boot.test.mock.mockito.MockitoContextCustomizer@0, org.springframework.boot.test.web.client.TestRestTemplateContextCustomizer@5ad10c1a, org.springframework.boot.test.context.SpringBootTestArgs@1, org.springframework.boot.test.context.SpringBootTestWebEnvironment@20d7d6fb], resourceBasePath = 'src/main/webapp', contextLoader = 'org.springframework.boot.test.context.SpringBootContextLoader', parent = [null]], attributes = map['org.springframework.test.context.web.ServletTestExecutionListener.activateListener' -> true, 'org.springframework.test.context.web.ServletTestExecutionListener.populatedRequestContextHolder' -> true, 'org.springframework.test.context.web.ServletTestExecutionListener.resetRequestContextHolder' -> true, 'org.springframework.test.context.event.ApplicationEventsTestExecutionListener.recordApplicationEvents' -> false]]; transaction manager [org.springframework.orm.jpa.JpaTransactionManager@156d7556]; rollback [true]
2023-11-21 20:41:43.892 DEBUG 8964 --- [    Test worker] org.hibernate.SQL                        : 
    delete 
    from
        seller
Hibernate: 
    delete 
    from
        seller
2023-11-21 20:41:43.899 DEBUG 8964 --- [    Test worker] org.hibernate.SQL                        : 
    select
        sellerenti0_.seller_key as seller_k1_6_,
        sellerenti0_.shop_key as shop_key7_6_,
        sellerenti0_.isgrant as isgrant2_6_,
        sellerenti0_.seller_id_email as seller_i3_6_,
        sellerenti0_.seller_name as seller_n4_6_,
        sellerenti0_.seller_password as seller_p5_6_,
        sellerenti0_.seller_phonenum as seller_p6_6_ 
    from
        seller sellerenti0_ 
    where
        sellerenti0_.seller_key=?
Hibernate: 
    select
        sellerenti0_.seller_key as seller_k1_6_,
        sellerenti0_.shop_key as shop_key7_6_,
        sellerenti0_.isgrant as isgrant2_6_,
        sellerenti0_.seller_id_email as seller_i3_6_,
        sellerenti0_.seller_name as seller_n4_6_,
        sellerenti0_.seller_password as seller_p5_6_,
        sellerenti0_.seller_phonenum as seller_p6_6_ 
    from
        seller sellerenti0_ 
    where
        sellerenti0_.seller_key=?
2023-11-21 20:41:43.899 TRACE 8964 --- [    Test worker] o.h.type.descriptor.sql.BasicBinder      : binding parameter [1] as [INTEGER] - [123456789]
2023-11-21 20:41:43.974 DEBUG 8964 --- [    Test worker] org.hibernate.SQL                        : 
    select
        sellerenti0_.seller_key as seller_k1_6_0_,
        sellerenti0_.shop_key as shop_key7_6_0_,
        sellerenti0_.isgrant as isgrant2_6_0_,
        sellerenti0_.seller_id_email as seller_i3_6_0_,
        sellerenti0_.seller_name as seller_n4_6_0_,
        sellerenti0_.seller_password as seller_p5_6_0_,
        sellerenti0_.seller_phonenum as seller_p6_6_0_ 
    from
        seller sellerenti0_ 
    where
        sellerenti0_.seller_key=?
Hibernate: 
    select
        sellerenti0_.seller_key as seller_k1_6_0_,
        sellerenti0_.shop_key as shop_key7_6_0_,
        sellerenti0_.isgrant as isgrant2_6_0_,
        sellerenti0_.seller_id_email as seller_i3_6_0_,
        sellerenti0_.seller_name as seller_n4_6_0_,
        sellerenti0_.seller_password as seller_p5_6_0_,
        sellerenti0_.seller_phonenum as seller_p6_6_0_ 
    from
        seller sellerenti0_ 
    where
        sellerenti0_.seller_key=?
2023-11-21 20:41:43.975 TRACE 8964 --- [    Test worker] o.h.type.descriptor.sql.BasicBinder      : binding parameter [1] as [INTEGER] - [123456789]
2023-11-21 20:41:43.983 DEBUG 8964 --- [    Test worker] org.hibernate.SQL                        : 
    insert 
    into
        seller
        (shop_key, isgrant, seller_id_email, seller_name, seller_password, seller_phonenum, seller_key) 
    values
        (?, ?, ?, ?, ?, ?, ?)
Hibernate: 
    insert 
    into
        seller
        (shop_key, isgrant, seller_id_email, seller_name, seller_password, seller_phonenum, seller_key) 
    values
        (?, ?, ?, ?, ?, ?, ?)
2023-11-21 20:41:43.984 TRACE 8964 --- [    Test worker] o.h.type.descriptor.sql.BasicBinder      : binding parameter [1] as [INTEGER] - [null]
2023-11-21 20:41:43.984 TRACE 8964 --- [    Test worker] o.h.type.descriptor.sql.BasicBinder      : binding parameter [2] as [INTEGER] - [null]
2023-11-21 20:41:43.984 TRACE 8964 --- [    Test worker] o.h.type.descriptor.sql.BasicBinder      : binding parameter [3] as [VARCHAR] - [ajou@gmail.com]
2023-11-21 20:41:43.984 TRACE 8964 --- [    Test worker] o.h.type.descriptor.sql.BasicBinder      : binding parameter [4] as [VARCHAR] - [suhyeon]
2023-11-21 20:41:43.984 TRACE 8964 --- [    Test worker] o.h.type.descriptor.sql.BasicBinder      : binding parameter [5] as [VARCHAR] - [$2a$10$K0.45SQfy9w9AB4pMphCc.uZ41YeZeV79znpXR4FUT9df1BaRDj8S]
2023-11-21 20:41:43.984 TRACE 8964 --- [    Test worker] o.h.type.descriptor.sql.BasicBinder      : binding parameter [6] as [VARCHAR] - [010-1111-2222]
2023-11-21 20:41:43.984 TRACE 8964 --- [    Test worker] o.h.type.descriptor.sql.BasicBinder      : binding parameter [7] as [INTEGER] - [123456789]
2023-11-21 20:41:43.990 DEBUG 8964 --- [    Test worker] org.hibernate.SQL                        : 
    select
        sellerenti0_.seller_key as seller_k1_6_,
        sellerenti0_.shop_key as shop_key7_6_,
        sellerenti0_.isgrant as isgrant2_6_,
        sellerenti0_.seller_id_email as seller_i3_6_,
        sellerenti0_.seller_name as seller_n4_6_,
        sellerenti0_.seller_password as seller_p5_6_,
        sellerenti0_.seller_phonenum as seller_p6_6_ 
    from
        seller sellerenti0_ 
    where
        sellerenti0_.seller_id_email=?
Hibernate: 
    select
        sellerenti0_.seller_key as seller_k1_6_,
        sellerenti0_.shop_key as shop_key7_6_,
        sellerenti0_.isgrant as isgrant2_6_,
        sellerenti0_.seller_id_email as seller_i3_6_,
        sellerenti0_.seller_name as seller_n4_6_,
        sellerenti0_.seller_password as seller_p5_6_,
        sellerenti0_.seller_phonenum as seller_p6_6_ 
    from
        seller sellerenti0_ 
    where
        sellerenti0_.seller_id_email=?
2023-11-21 20:41:43.990 TRACE 8964 --- [    Test worker] o.h.type.descriptor.sql.BasicBinder      : binding parameter [1] as [VARCHAR] - [ajou@gmail.com]
2023-11-21 20:41:44.063 DEBUG 8964 --- [    Test worker] org.hibernate.SQL                        : 
    select
        accesstoke0_.token as token1_0_0_,
        accesstoke0_.seller_key as seller_k2_0_0_ 
    from
        access_token accesstoke0_ 
    where
        accesstoke0_.token=?
Hibernate: 
    select
        accesstoke0_.token as token1_0_0_,
        accesstoke0_.seller_key as seller_k2_0_0_ 
    from
        access_token accesstoke0_ 
    where
        accesstoke0_.token=?
2023-11-21 20:41:44.063 TRACE 8964 --- [    Test worker] o.h.type.descriptor.sql.BasicBinder      : binding parameter [1] as [VARCHAR] - [fc47b07a-0640-4174-88e5-f0a82f451a31]
2023-11-21 20:41:44.072 DEBUG 8964 --- [    Test worker] org.hibernate.SQL                        : 
    insert 
    into
        access_token
        (seller_key, token) 
    values
        (?, ?)
Hibernate: 
    insert 
    into
        access_token
        (seller_key, token) 
    values
        (?, ?)
2023-11-21 20:41:44.073 TRACE 8964 --- [    Test worker] o.h.type.descriptor.sql.BasicBinder      : binding parameter [1] as [INTEGER] - [123456789]
2023-11-21 20:41:44.073 TRACE 8964 --- [    Test worker] o.h.type.descriptor.sql.BasicBinder      : binding parameter [2] as [VARCHAR] - [fc47b07a-0640-4174-88e5-f0a82f451a31]
2023-11-21 20:41:44.080 DEBUG 8964 --- [    Test worker] org.hibernate.SQL                        : 
    select
        accesstoke0_.token as token1_0_,
        accesstoke0_.seller_key as seller_k2_0_ 
    from
        access_token accesstoke0_ 
    where
        accesstoke0_.token=?
Hibernate: 
    select
        accesstoke0_.token as token1_0_,
        accesstoke0_.seller_key as seller_k2_0_ 
    from
        access_token accesstoke0_ 
    where
        accesstoke0_.token=?
2023-11-21 20:41:44.080 TRACE 8964 --- [    Test worker] o.h.type.descriptor.sql.BasicBinder      : binding parameter [1] as [VARCHAR] - [fc47b07a-0640-4174-88e5-f0a82f451a31]
2023-11-21 20:41:44.087 DEBUG 8964 --- [    Test worker] org.hibernate.SQL                        : 
    select
        accesstoke0_.token as token1_0_,
        accesstoke0_.seller_key as seller_k2_0_ 
    from
        access_token accesstoke0_ 
    where
        accesstoke0_.token=?
Hibernate: 
    select
        accesstoke0_.token as token1_0_,
        accesstoke0_.seller_key as seller_k2_0_ 
    from
        access_token accesstoke0_ 
    where
        accesstoke0_.token=?
2023-11-21 20:41:44.087 TRACE 8964 --- [    Test worker] o.h.type.descriptor.sql.BasicBinder      : binding parameter [1] as [VARCHAR] - [fc47b07a-0640-4174-88e5-f0a82f451a31]
2023-11-21 20:41:44.098 DEBUG 8964 --- [    Test worker] org.hibernate.SQL                        : 
    delete 
    from
        access_token 
    where
        token=?
Hibernate: 
    delete 
    from
        access_token 
    where
        token=?
2023-11-21 20:41:44.098 TRACE 8964 --- [    Test worker] o.h.type.descriptor.sql.BasicBinder      : binding parameter [1] as [VARCHAR] - [fc47b07a-0640-4174-88e5-f0a82f451a31]
2023-11-21 20:41:44.106 DEBUG 8964 --- [    Test worker] org.hibernate.SQL                        : 
    select
        accesstoke0_.token as token1_0_,
        accesstoke0_.seller_key as seller_k2_0_ 
    from
        access_token accesstoke0_ 
    where
        accesstoke0_.token=?
Hibernate: 
    select
        accesstoke0_.token as token1_0_,
        accesstoke0_.seller_key as seller_k2_0_ 
    from
        access_token accesstoke0_ 
    where
        accesstoke0_.token=?
2023-11-21 20:41:44.107 TRACE 8964 --- [    Test worker] o.h.type.descriptor.sql.BasicBinder      : binding parameter [1] as [VARCHAR] - [fc47b07a-0640-4174-88e5-f0a82f451a31]
2023-11-21 20:41:44.132  INFO 8964 --- [    Test worker] o.s.t.c.transaction.TransactionContext   : Rolled back transaction for test: [DefaultTestContext@224f90eb testClass = SellerServiceTest, testInstance = net.prescent.service.SellerServiceTest@d41518b, testMethod = logoutTest@SellerServiceTest, testException = [null], mergedContextConfiguration = [WebMergedContextConfiguration@63b4a896 testClass = SellerServiceTest, locations = '{}', classes = '{class net.prescent.PreScentApplication}', contextInitializerClasses = '[]', activeProfiles = '{}', propertySourceLocations = '{}', propertySourceProperties = '{org.springframework.boot.test.context.SpringBootTestContextBootstrapper=true}', contextCustomizers = set[org.springframework.boot.test.autoconfigure.actuate.metrics.MetricsExportContextCustomizerFactory$DisableMetricExportContextCustomizer@3f053c80, org.springframework.boot.test.autoconfigure.properties.PropertyMappingContextCustomizer@0, org.springframework.boot.test.autoconfigure.web.servlet.WebDriverContextCustomizerFactory$Customizer@636e8cc, org.springframework.boot.test.context.filter.ExcludeFilterContextCustomizer@619bfe29, org.springframework.boot.test.json.DuplicateJsonObjectContextCustomizerFactory$DuplicateJsonObjectContextCustomizer@2bef51f2, org.springframework.boot.test.mock.mockito.MockitoContextCustomizer@0, org.springframework.boot.test.web.client.TestRestTemplateContextCustomizer@5ad10c1a, org.springframework.boot.test.context.SpringBootTestArgs@1, org.springframework.boot.test.context.SpringBootTestWebEnvironment@20d7d6fb], resourceBasePath = 'src/main/webapp', contextLoader = 'org.springframework.boot.test.context.SpringBootContextLoader', parent = [null]], attributes = map['org.springframework.test.context.web.ServletTestExecutionListener.activateListener' -> true, 'org.springframework.test.context.web.ServletTestExecutionListener.populatedRequestContextHolder' -> true, 'org.springframework.test.context.web.ServletTestExecutionListener.resetRequestContextHolder' -> true, 'org.springframework.test.context.event.ApplicationEventsTestExecutionListener.recordApplicationEvents' -> false]]
2023-11-21 20:41:44.143  INFO 8964 --- [    Test worker] o.s.t.c.transaction.TransactionContext   : Began transaction (1) for test context [DefaultTestContext@224f90eb testClass = SellerServiceTest, testInstance = net.prescent.service.SellerServiceTest@4c219c84, testMethod = loginFailureWrongPasswordTest@SellerServiceTest, testException = [null], mergedContextConfiguration = [WebMergedContextConfiguration@63b4a896 testClass = SellerServiceTest, locations = '{}', classes = '{class net.prescent.PreScentApplication}', contextInitializerClasses = '[]', activeProfiles = '{}', propertySourceLocations = '{}', propertySourceProperties = '{org.springframework.boot.test.context.SpringBootTestContextBootstrapper=true}', contextCustomizers = set[org.springframework.boot.test.autoconfigure.actuate.metrics.MetricsExportContextCustomizerFactory$DisableMetricExportContextCustomizer@3f053c80, org.springframework.boot.test.autoconfigure.properties.PropertyMappingContextCustomizer@0, org.springframework.boot.test.autoconfigure.web.servlet.WebDriverContextCustomizerFactory$Customizer@636e8cc, org.springframework.boot.test.context.filter.ExcludeFilterContextCustomizer@619bfe29, org.springframework.boot.test.json.DuplicateJsonObjectContextCustomizerFactory$DuplicateJsonObjectContextCustomizer@2bef51f2, org.springframework.boot.test.mock.mockito.MockitoContextCustomizer@0, org.springframework.boot.test.web.client.TestRestTemplateContextCustomizer@5ad10c1a, org.springframework.boot.test.context.SpringBootTestArgs@1, org.springframework.boot.test.context.SpringBootTestWebEnvironment@20d7d6fb], resourceBasePath = 'src/main/webapp', contextLoader = 'org.springframework.boot.test.context.SpringBootContextLoader', parent = [null]], attributes = map['org.springframework.test.context.web.ServletTestExecutionListener.activateListener' -> true, 'org.springframework.test.context.web.ServletTestExecutionListener.populatedRequestContextHolder' -> true, 'org.springframework.test.context.web.ServletTestExecutionListener.resetRequestContextHolder' -> true, 'org.springframework.test.context.event.ApplicationEventsTestExecutionListener.recordApplicationEvents' -> false]]; transaction manager [org.springframework.orm.jpa.JpaTransactionManager@156d7556]; rollback [true]
2023-11-21 20:41:44.146 DEBUG 8964 --- [    Test worker] org.hibernate.SQL                        : 
    delete 
    from
        seller
Hibernate: 
    delete 
    from
        seller
2023-11-21 20:41:44.152 DEBUG 8964 --- [    Test worker] org.hibernate.SQL                        : 
    select
        sellerenti0_.seller_key as seller_k1_6_,
        sellerenti0_.shop_key as shop_key7_6_,
        sellerenti0_.isgrant as isgrant2_6_,
        sellerenti0_.seller_id_email as seller_i3_6_,
        sellerenti0_.seller_name as seller_n4_6_,
        sellerenti0_.seller_password as seller_p5_6_,
        sellerenti0_.seller_phonenum as seller_p6_6_ 
    from
        seller sellerenti0_ 
    where
        sellerenti0_.seller_key=?
Hibernate: 
    select
        sellerenti0_.seller_key as seller_k1_6_,
        sellerenti0_.shop_key as shop_key7_6_,
        sellerenti0_.isgrant as isgrant2_6_,
        sellerenti0_.seller_id_email as seller_i3_6_,
        sellerenti0_.seller_name as seller_n4_6_,
        sellerenti0_.seller_password as seller_p5_6_,
        sellerenti0_.seller_phonenum as seller_p6_6_ 
    from
        seller sellerenti0_ 
    where
        sellerenti0_.seller_key=?
2023-11-21 20:41:44.152 TRACE 8964 --- [    Test worker] o.h.type.descriptor.sql.BasicBinder      : binding parameter [1] as [INTEGER] - [123456789]
2023-11-21 20:41:44.229 DEBUG 8964 --- [    Test worker] org.hibernate.SQL                        : 
    select
        sellerenti0_.seller_key as seller_k1_6_0_,
        sellerenti0_.shop_key as shop_key7_6_0_,
        sellerenti0_.isgrant as isgrant2_6_0_,
        sellerenti0_.seller_id_email as seller_i3_6_0_,
        sellerenti0_.seller_name as seller_n4_6_0_,
        sellerenti0_.seller_password as seller_p5_6_0_,
        sellerenti0_.seller_phonenum as seller_p6_6_0_ 
    from
        seller sellerenti0_ 
    where
        sellerenti0_.seller_key=?
Hibernate: 
    select
        sellerenti0_.seller_key as seller_k1_6_0_,
        sellerenti0_.shop_key as shop_key7_6_0_,
        sellerenti0_.isgrant as isgrant2_6_0_,
        sellerenti0_.seller_id_email as seller_i3_6_0_,
        sellerenti0_.seller_name as seller_n4_6_0_,
        sellerenti0_.seller_password as seller_p5_6_0_,
        sellerenti0_.seller_phonenum as seller_p6_6_0_ 
    from
        seller sellerenti0_ 
    where
        sellerenti0_.seller_key=?
2023-11-21 20:41:44.229 TRACE 8964 --- [    Test worker] o.h.type.descriptor.sql.BasicBinder      : binding parameter [1] as [INTEGER] - [123456789]
2023-11-21 20:41:44.297 DEBUG 8964 --- [    Test worker] org.hibernate.SQL                        : 
    insert 
    into
        seller
        (shop_key, isgrant, seller_id_email, seller_name, seller_password, seller_phonenum, seller_key) 
    values
        (?, ?, ?, ?, ?, ?, ?)
Hibernate: 
    insert 
    into
        seller
        (shop_key, isgrant, seller_id_email, seller_name, seller_password, seller_phonenum, seller_key) 
    values
        (?, ?, ?, ?, ?, ?, ?)
2023-11-21 20:41:44.298 TRACE 8964 --- [    Test worker] o.h.type.descriptor.sql.BasicBinder      : binding parameter [1] as [INTEGER] - [null]
2023-11-21 20:41:44.298 TRACE 8964 --- [    Test worker] o.h.type.descriptor.sql.BasicBinder      : binding parameter [2] as [INTEGER] - [null]
2023-11-21 20:41:44.298 TRACE 8964 --- [    Test worker] o.h.type.descriptor.sql.BasicBinder      : binding parameter [3] as [VARCHAR] - [ajou@gmail.com]
2023-11-21 20:41:44.298 TRACE 8964 --- [    Test worker] o.h.type.descriptor.sql.BasicBinder      : binding parameter [4] as [VARCHAR] - [suhyeon]
2023-11-21 20:41:44.298 TRACE 8964 --- [    Test worker] o.h.type.descriptor.sql.BasicBinder      : binding parameter [5] as [VARCHAR] - [$2a$10$HLTaCyRLAFvrEdgHkeJ5yucex3FQlRjaV/dLR3FlClEHH7G9.W7JK]
2023-11-21 20:41:44.298 TRACE 8964 --- [    Test worker] o.h.type.descriptor.sql.BasicBinder      : binding parameter [6] as [VARCHAR] - [010-1111-2222]
2023-11-21 20:41:44.298 TRACE 8964 --- [    Test worker] o.h.type.descriptor.sql.BasicBinder      : binding parameter [7] as [INTEGER] - [123456789]
2023-11-21 20:41:44.308 DEBUG 8964 --- [    Test worker] org.hibernate.SQL                        : 
    select
        sellerenti0_.seller_key as seller_k1_6_,
        sellerenti0_.shop_key as shop_key7_6_,
        sellerenti0_.isgrant as isgrant2_6_,
        sellerenti0_.seller_id_email as seller_i3_6_,
        sellerenti0_.seller_name as seller_n4_6_,
        sellerenti0_.seller_password as seller_p5_6_,
        sellerenti0_.seller_phonenum as seller_p6_6_ 
    from
        seller sellerenti0_ 
    where
        sellerenti0_.seller_id_email=?
Hibernate: 
    select
        sellerenti0_.seller_key as seller_k1_6_,
        sellerenti0_.shop_key as shop_key7_6_,
        sellerenti0_.isgrant as isgrant2_6_,
        sellerenti0_.seller_id_email as seller_i3_6_,
        sellerenti0_.seller_name as seller_n4_6_,
        sellerenti0_.seller_password as seller_p5_6_,
        sellerenti0_.seller_phonenum as seller_p6_6_ 
    from
        seller sellerenti0_ 
    where
        sellerenti0_.seller_id_email=?
2023-11-21 20:41:44.308 TRACE 8964 --- [    Test worker] o.h.type.descriptor.sql.BasicBinder      : binding parameter [1] as [VARCHAR] - [ajou@gmail.com]
2023-11-21 20:41:44.415  INFO 8964 --- [    Test worker] o.s.t.c.transaction.TransactionContext   : Rolled back transaction for test: [DefaultTestContext@224f90eb testClass = SellerServiceTest, testInstance = net.prescent.service.SellerServiceTest@4c219c84, testMethod = loginFailureWrongPasswordTest@SellerServiceTest, testException = [null], mergedContextConfiguration = [WebMergedContextConfiguration@63b4a896 testClass = SellerServiceTest, locations = '{}', classes = '{class net.prescent.PreScentApplication}', contextInitializerClasses = '[]', activeProfiles = '{}', propertySourceLocations = '{}', propertySourceProperties = '{org.springframework.boot.test.context.SpringBootTestContextBootstrapper=true}', contextCustomizers = set[org.springframework.boot.test.autoconfigure.actuate.metrics.MetricsExportContextCustomizerFactory$DisableMetricExportContextCustomizer@3f053c80, org.springframework.boot.test.autoconfigure.properties.PropertyMappingContextCustomizer@0, org.springframework.boot.test.autoconfigure.web.servlet.WebDriverContextCustomizerFactory$Customizer@636e8cc, org.springframework.boot.test.context.filter.ExcludeFilterContextCustomizer@619bfe29, org.springframework.boot.test.json.DuplicateJsonObjectContextCustomizerFactory$DuplicateJsonObjectContextCustomizer@2bef51f2, org.springframework.boot.test.mock.mockito.MockitoContextCustomizer@0, org.springframework.boot.test.web.client.TestRestTemplateContextCustomizer@5ad10c1a, org.springframework.boot.test.context.SpringBootTestArgs@1, org.springframework.boot.test.context.SpringBootTestWebEnvironment@20d7d6fb], resourceBasePath = 'src/main/webapp', contextLoader = 'org.springframework.boot.test.context.SpringBootContextLoader', parent = [null]], attributes = map['org.springframework.test.context.web.ServletTestExecutionListener.activateListener' -> true, 'org.springframework.test.context.web.ServletTestExecutionListener.populatedRequestContextHolder' -> true, 'org.springframework.test.context.web.ServletTestExecutionListener.resetRequestContextHolder' -> true, 'org.springframework.test.context.event.ApplicationEventsTestExecutionListener.recordApplicationEvents' -> false]]
2023-11-21 20:41:44.423  INFO 8964 --- [    Test worker] o.s.t.c.transaction.TransactionContext   : Began transaction (1) for test context [DefaultTestContext@224f90eb testClass = SellerServiceTest, testInstance = net.prescent.service.SellerServiceTest@dc6a186, testMethod = loginSuccessTest@SellerServiceTest, testException = [null], mergedContextConfiguration = [WebMergedContextConfiguration@63b4a896 testClass = SellerServiceTest, locations = '{}', classes = '{class net.prescent.PreScentApplication}', contextInitializerClasses = '[]', activeProfiles = '{}', propertySourceLocations = '{}', propertySourceProperties = '{org.springframework.boot.test.context.SpringBootTestContextBootstrapper=true}', contextCustomizers = set[org.springframework.boot.test.autoconfigure.actuate.metrics.MetricsExportContextCustomizerFactory$DisableMetricExportContextCustomizer@3f053c80, org.springframework.boot.test.autoconfigure.properties.PropertyMappingContextCustomizer@0, org.springframework.boot.test.autoconfigure.web.servlet.WebDriverContextCustomizerFactory$Customizer@636e8cc, org.springframework.boot.test.context.filter.ExcludeFilterContextCustomizer@619bfe29, org.springframework.boot.test.json.DuplicateJsonObjectContextCustomizerFactory$DuplicateJsonObjectContextCustomizer@2bef51f2, org.springframework.boot.test.mock.mockito.MockitoContextCustomizer@0, org.springframework.boot.test.web.client.TestRestTemplateContextCustomizer@5ad10c1a, org.springframework.boot.test.context.SpringBootTestArgs@1, org.springframework.boot.test.context.SpringBootTestWebEnvironment@20d7d6fb], resourceBasePath = 'src/main/webapp', contextLoader = 'org.springframework.boot.test.context.SpringBootContextLoader', parent = [null]], attributes = map['org.springframework.test.context.web.ServletTestExecutionListener.activateListener' -> true, 'org.springframework.test.context.web.ServletTestExecutionListener.populatedRequestContextHolder' -> true, 'org.springframework.test.context.web.ServletTestExecutionListener.resetRequestContextHolder' -> true, 'org.springframework.test.context.event.ApplicationEventsTestExecutionListener.recordApplicationEvents' -> false]]; transaction manager [org.springframework.orm.jpa.JpaTransactionManager@156d7556]; rollback [true]
2023-11-21 20:41:44.425 DEBUG 8964 --- [    Test worker] org.hibernate.SQL                        : 
    delete 
    from
        seller
Hibernate: 
    delete 
    from
        seller
2023-11-21 20:41:44.452 DEBUG 8964 --- [    Test worker] org.hibernate.SQL                        : 
    select
        sellerenti0_.seller_key as seller_k1_6_,
        sellerenti0_.shop_key as shop_key7_6_,
        sellerenti0_.isgrant as isgrant2_6_,
        sellerenti0_.seller_id_email as seller_i3_6_,
        sellerenti0_.seller_name as seller_n4_6_,
        sellerenti0_.seller_password as seller_p5_6_,
        sellerenti0_.seller_phonenum as seller_p6_6_ 
    from
        seller sellerenti0_ 
    where
        sellerenti0_.seller_key=?
Hibernate: 
    select
        sellerenti0_.seller_key as seller_k1_6_,
        sellerenti0_.shop_key as shop_key7_6_,
        sellerenti0_.isgrant as isgrant2_6_,
        sellerenti0_.seller_id_email as seller_i3_6_,
        sellerenti0_.seller_name as seller_n4_6_,
        sellerenti0_.seller_password as seller_p5_6_,
        sellerenti0_.seller_phonenum as seller_p6_6_ 
    from
        seller sellerenti0_ 
    where
        sellerenti0_.seller_key=?
2023-11-21 20:41:44.452 TRACE 8964 --- [    Test worker] o.h.type.descriptor.sql.BasicBinder      : binding parameter [1] as [INTEGER] - [123456789]
2023-11-21 20:41:44.523 DEBUG 8964 --- [    Test worker] org.hibernate.SQL                        : 
    select
        sellerenti0_.seller_key as seller_k1_6_0_,
        sellerenti0_.shop_key as shop_key7_6_0_,
        sellerenti0_.isgrant as isgrant2_6_0_,
        sellerenti0_.seller_id_email as seller_i3_6_0_,
        sellerenti0_.seller_name as seller_n4_6_0_,
        sellerenti0_.seller_password as seller_p5_6_0_,
        sellerenti0_.seller_phonenum as seller_p6_6_0_ 
    from
        seller sellerenti0_ 
    where
        sellerenti0_.seller_key=?
Hibernate: 
    select
        sellerenti0_.seller_key as seller_k1_6_0_,
        sellerenti0_.shop_key as shop_key7_6_0_,
        sellerenti0_.isgrant as isgrant2_6_0_,
        sellerenti0_.seller_id_email as seller_i3_6_0_,
        sellerenti0_.seller_name as seller_n4_6_0_,
        sellerenti0_.seller_password as seller_p5_6_0_,
        sellerenti0_.seller_phonenum as seller_p6_6_0_ 
    from
        seller sellerenti0_ 
    where
        sellerenti0_.seller_key=?
2023-11-21 20:41:44.525 TRACE 8964 --- [    Test worker] o.h.type.descriptor.sql.BasicBinder      : binding parameter [1] as [INTEGER] - [123456789]
2023-11-21 20:41:44.534 DEBUG 8964 --- [    Test worker] org.hibernate.SQL                        : 
    insert 
    into
        seller
        (shop_key, isgrant, seller_id_email, seller_name, seller_password, seller_phonenum, seller_key) 
    values
        (?, ?, ?, ?, ?, ?, ?)
Hibernate: 
    insert 
    into
        seller
        (shop_key, isgrant, seller_id_email, seller_name, seller_password, seller_phonenum, seller_key) 
    values
        (?, ?, ?, ?, ?, ?, ?)
2023-11-21 20:41:44.535 TRACE 8964 --- [    Test worker] o.h.type.descriptor.sql.BasicBinder      : binding parameter [1] as [INTEGER] - [null]
2023-11-21 20:41:44.535 TRACE 8964 --- [    Test worker] o.h.type.descriptor.sql.BasicBinder      : binding parameter [2] as [INTEGER] - [null]
2023-11-21 20:41:44.535 TRACE 8964 --- [    Test worker] o.h.type.descriptor.sql.BasicBinder      : binding parameter [3] as [VARCHAR] - [ajou@gmail.com]
2023-11-21 20:41:44.535 TRACE 8964 --- [    Test worker] o.h.type.descriptor.sql.BasicBinder      : binding parameter [4] as [VARCHAR] - [suhyeon]
2023-11-21 20:41:44.535 TRACE 8964 --- [    Test worker] o.h.type.descriptor.sql.BasicBinder      : binding parameter [5] as [VARCHAR] - [$2a$10$Xd8reItvd.Qft9Jz0Qj/r.54tGy0MiW063WSdP3pq9SDwqUXsmYz.]
2023-11-21 20:41:44.535 TRACE 8964 --- [    Test worker] o.h.type.descriptor.sql.BasicBinder      : binding parameter [6] as [VARCHAR] - [010-1111-2222]
2023-11-21 20:41:44.535 TRACE 8964 --- [    Test worker] o.h.type.descriptor.sql.BasicBinder      : binding parameter [7] as [INTEGER] - [123456789]
2023-11-21 20:41:44.555 DEBUG 8964 --- [    Test worker] org.hibernate.SQL                        : 
    select
        sellerenti0_.seller_key as seller_k1_6_,
        sellerenti0_.shop_key as shop_key7_6_,
        sellerenti0_.isgrant as isgrant2_6_,
        sellerenti0_.seller_id_email as seller_i3_6_,
        sellerenti0_.seller_name as seller_n4_6_,
        sellerenti0_.seller_password as seller_p5_6_,
        sellerenti0_.seller_phonenum as seller_p6_6_ 
    from
        seller sellerenti0_ 
    where
        sellerenti0_.seller_id_email=?
Hibernate: 
    select
        sellerenti0_.seller_key as seller_k1_6_,
        sellerenti0_.shop_key as shop_key7_6_,
        sellerenti0_.isgrant as isgrant2_6_,
        sellerenti0_.seller_id_email as seller_i3_6_,
        sellerenti0_.seller_name as seller_n4_6_,
        sellerenti0_.seller_password as seller_p5_6_,
        sellerenti0_.seller_phonenum as seller_p6_6_ 
    from
        seller sellerenti0_ 
    where
        sellerenti0_.seller_id_email=?
2023-11-21 20:41:44.555 TRACE 8964 --- [    Test worker] o.h.type.descriptor.sql.BasicBinder      : binding parameter [1] as [VARCHAR] - [ajou@gmail.com]
2023-11-21 20:41:44.631 DEBUG 8964 --- [    Test worker] org.hibernate.SQL                        : 
    select
        accesstoke0_.token as token1_0_0_,
        accesstoke0_.seller_key as seller_k2_0_0_ 
    from
        access_token accesstoke0_ 
    where
        accesstoke0_.token=?
Hibernate: 
    select
        accesstoke0_.token as token1_0_0_,
        accesstoke0_.seller_key as seller_k2_0_0_ 
    from
        access_token accesstoke0_ 
    where
        accesstoke0_.token=?
2023-11-21 20:41:44.632 TRACE 8964 --- [    Test worker] o.h.type.descriptor.sql.BasicBinder      : binding parameter [1] as [VARCHAR] - [47bd9c9a-f0be-497f-abc9-3a8fb0734c14]
2023-11-21 20:41:44.658 DEBUG 8964 --- [    Test worker] org.hibernate.SQL                        : 
    insert 
    into
        access_token
        (seller_key, token) 
    values
        (?, ?)
Hibernate: 
    insert 
    into
        access_token
        (seller_key, token) 
    values
        (?, ?)
2023-11-21 20:41:44.659 TRACE 8964 --- [    Test worker] o.h.type.descriptor.sql.BasicBinder      : binding parameter [1] as [INTEGER] - [123456789]
2023-11-21 20:41:44.659 TRACE 8964 --- [    Test worker] o.h.type.descriptor.sql.BasicBinder      : binding parameter [2] as [VARCHAR] - [47bd9c9a-f0be-497f-abc9-3a8fb0734c14]
2023-11-21 20:41:44.666 DEBUG 8964 --- [    Test worker] org.hibernate.SQL                        : 
    select
        accesstoke0_.token as token1_0_,
        accesstoke0_.seller_key as seller_k2_0_ 
    from
        access_token accesstoke0_ 
    where
        accesstoke0_.token=?
Hibernate: 
    select
        accesstoke0_.token as token1_0_,
        accesstoke0_.seller_key as seller_k2_0_ 
    from
        access_token accesstoke0_ 
    where
        accesstoke0_.token=?
2023-11-21 20:41:44.666 TRACE 8964 --- [    Test worker] o.h.type.descriptor.sql.BasicBinder      : binding parameter [1] as [VARCHAR] - [47bd9c9a-f0be-497f-abc9-3a8fb0734c14]
2023-11-21 20:41:44.698  INFO 8964 --- [    Test worker] o.s.t.c.transaction.TransactionContext   : Rolled back transaction for test: [DefaultTestContext@224f90eb testClass = SellerServiceTest, testInstance = net.prescent.service.SellerServiceTest@dc6a186, testMethod = loginSuccessTest@SellerServiceTest, testException = [null], mergedContextConfiguration = [WebMergedContextConfiguration@63b4a896 testClass = SellerServiceTest, locations = '{}', classes = '{class net.prescent.PreScentApplication}', contextInitializerClasses = '[]', activeProfiles = '{}', propertySourceLocations = '{}', propertySourceProperties = '{org.springframework.boot.test.context.SpringBootTestContextBootstrapper=true}', contextCustomizers = set[org.springframework.boot.test.autoconfigure.actuate.metrics.MetricsExportContextCustomizerFactory$DisableMetricExportContextCustomizer@3f053c80, org.springframework.boot.test.autoconfigure.properties.PropertyMappingContextCustomizer@0, org.springframework.boot.test.autoconfigure.web.servlet.WebDriverContextCustomizerFactory$Customizer@636e8cc, org.springframework.boot.test.context.filter.ExcludeFilterContextCustomizer@619bfe29, org.springframework.boot.test.json.DuplicateJsonObjectContextCustomizerFactory$DuplicateJsonObjectContextCustomizer@2bef51f2, org.springframework.boot.test.mock.mockito.MockitoContextCustomizer@0, org.springframework.boot.test.web.client.TestRestTemplateContextCustomizer@5ad10c1a, org.springframework.boot.test.context.SpringBootTestArgs@1, org.springframework.boot.test.context.SpringBootTestWebEnvironment@20d7d6fb], resourceBasePath = 'src/main/webapp', contextLoader = 'org.springframework.boot.test.context.SpringBootContextLoader', parent = [null]], attributes = map['org.springframework.test.context.web.ServletTestExecutionListener.activateListener' -> true, 'org.springframework.test.context.web.ServletTestExecutionListener.populatedRequestContextHolder' -> true, 'org.springframework.test.context.web.ServletTestExecutionListener.resetRequestContextHolder' -> true, 'org.springframework.test.context.event.ApplicationEventsTestExecutionListener.recordApplicationEvents' -> false]]
2023-11-21 20:41:44.710  INFO 8964 --- [    Test worker] o.s.t.c.transaction.TransactionContext   : Began transaction (1) for test context [DefaultTestContext@224f90eb testClass = SellerServiceTest, testInstance = net.prescent.service.SellerServiceTest@293988dc, testMethod = loginFailureWrongIdTest@SellerServiceTest, testException = [null], mergedContextConfiguration = [WebMergedContextConfiguration@63b4a896 testClass = SellerServiceTest, locations = '{}', classes = '{class net.prescent.PreScentApplication}', contextInitializerClasses = '[]', activeProfiles = '{}', propertySourceLocations = '{}', propertySourceProperties = '{org.springframework.boot.test.context.SpringBootTestContextBootstrapper=true}', contextCustomizers = set[org.springframework.boot.test.autoconfigure.actuate.metrics.MetricsExportContextCustomizerFactory$DisableMetricExportContextCustomizer@3f053c80, org.springframework.boot.test.autoconfigure.properties.PropertyMappingContextCustomizer@0, org.springframework.boot.test.autoconfigure.web.servlet.WebDriverContextCustomizerFactory$Customizer@636e8cc, org.springframework.boot.test.context.filter.ExcludeFilterContextCustomizer@619bfe29, org.springframework.boot.test.json.DuplicateJsonObjectContextCustomizerFactory$DuplicateJsonObjectContextCustomizer@2bef51f2, org.springframework.boot.test.mock.mockito.MockitoContextCustomizer@0, org.springframework.boot.test.web.client.TestRestTemplateContextCustomizer@5ad10c1a, org.springframework.boot.test.context.SpringBootTestArgs@1, org.springframework.boot.test.context.SpringBootTestWebEnvironment@20d7d6fb], resourceBasePath = 'src/main/webapp', contextLoader = 'org.springframework.boot.test.context.SpringBootContextLoader', parent = [null]], attributes = map['org.springframework.test.context.web.ServletTestExecutionListener.activateListener' -> true, 'org.springframework.test.context.web.ServletTestExecutionListener.populatedRequestContextHolder' -> true, 'org.springframework.test.context.web.ServletTestExecutionListener.resetRequestContextHolder' -> true, 'org.springframework.test.context.event.ApplicationEventsTestExecutionListener.recordApplicationEvents' -> false]]; transaction manager [org.springframework.orm.jpa.JpaTransactionManager@156d7556]; rollback [true]
2023-11-21 20:41:44.712 DEBUG 8964 --- [    Test worker] org.hibernate.SQL                        : 
    delete 
    from
        seller
Hibernate: 
    delete 
    from
        seller
2023-11-21 20:41:44.729 DEBUG 8964 --- [    Test worker] org.hibernate.SQL                        : 
    select
        sellerenti0_.seller_key as seller_k1_6_,
        sellerenti0_.shop_key as shop_key7_6_,
        sellerenti0_.isgrant as isgrant2_6_,
        sellerenti0_.seller_id_email as seller_i3_6_,
        sellerenti0_.seller_name as seller_n4_6_,
        sellerenti0_.seller_password as seller_p5_6_,
        sellerenti0_.seller_phonenum as seller_p6_6_ 
    from
        seller sellerenti0_ 
    where
        sellerenti0_.seller_key=?
Hibernate: 
    select
        sellerenti0_.seller_key as seller_k1_6_,
        sellerenti0_.shop_key as shop_key7_6_,
        sellerenti0_.isgrant as isgrant2_6_,
        sellerenti0_.seller_id_email as seller_i3_6_,
        sellerenti0_.seller_name as seller_n4_6_,
        sellerenti0_.seller_password as seller_p5_6_,
        sellerenti0_.seller_phonenum as seller_p6_6_ 
    from
        seller sellerenti0_ 
    where
        sellerenti0_.seller_key=?
2023-11-21 20:41:44.730 TRACE 8964 --- [    Test worker] o.h.type.descriptor.sql.BasicBinder      : binding parameter [1] as [INTEGER] - [123456789]
2023-11-21 20:41:44.810 DEBUG 8964 --- [    Test worker] org.hibernate.SQL                        : 
    select
        sellerenti0_.seller_key as seller_k1_6_0_,
        sellerenti0_.shop_key as shop_key7_6_0_,
        sellerenti0_.isgrant as isgrant2_6_0_,
        sellerenti0_.seller_id_email as seller_i3_6_0_,
        sellerenti0_.seller_name as seller_n4_6_0_,
        sellerenti0_.seller_password as seller_p5_6_0_,
        sellerenti0_.seller_phonenum as seller_p6_6_0_ 
    from
        seller sellerenti0_ 
    where
        sellerenti0_.seller_key=?
Hibernate: 
    select
        sellerenti0_.seller_key as seller_k1_6_0_,
        sellerenti0_.shop_key as shop_key7_6_0_,
        sellerenti0_.isgrant as isgrant2_6_0_,
        sellerenti0_.seller_id_email as seller_i3_6_0_,
        sellerenti0_.seller_name as seller_n4_6_0_,
        sellerenti0_.seller_password as seller_p5_6_0_,
        sellerenti0_.seller_phonenum as seller_p6_6_0_ 
    from
        seller sellerenti0_ 
    where
        sellerenti0_.seller_key=?
2023-11-21 20:41:44.810 TRACE 8964 --- [    Test worker] o.h.type.descriptor.sql.BasicBinder      : binding parameter [1] as [INTEGER] - [123456789]
2023-11-21 20:41:44.819 DEBUG 8964 --- [    Test worker] org.hibernate.SQL                        : 
    insert 
    into
        seller
        (shop_key, isgrant, seller_id_email, seller_name, seller_password, seller_phonenum, seller_key) 
    values
        (?, ?, ?, ?, ?, ?, ?)
Hibernate: 
    insert 
    into
        seller
        (shop_key, isgrant, seller_id_email, seller_name, seller_password, seller_phonenum, seller_key) 
    values
        (?, ?, ?, ?, ?, ?, ?)
2023-11-21 20:41:44.819 TRACE 8964 --- [    Test worker] o.h.type.descriptor.sql.BasicBinder      : binding parameter [1] as [INTEGER] - [null]
2023-11-21 20:41:44.820 TRACE 8964 --- [    Test worker] o.h.type.descriptor.sql.BasicBinder      : binding parameter [2] as [INTEGER] - [null]
2023-11-21 20:41:44.820 TRACE 8964 --- [    Test worker] o.h.type.descriptor.sql.BasicBinder      : binding parameter [3] as [VARCHAR] - [ajou@gmail.com]
2023-11-21 20:41:44.820 TRACE 8964 --- [    Test worker] o.h.type.descriptor.sql.BasicBinder      : binding parameter [4] as [VARCHAR] - [suhyeon]
2023-11-21 20:41:44.820 TRACE 8964 --- [    Test worker] o.h.type.descriptor.sql.BasicBinder      : binding parameter [5] as [VARCHAR] - [$2a$10$Qr30DYsU2AaiZq46HkQRuusVnmROsT5EIY8E8HxLjWtpTir47DqNS]
2023-11-21 20:41:44.820 TRACE 8964 --- [    Test worker] o.h.type.descriptor.sql.BasicBinder      : binding parameter [6] as [VARCHAR] - [010-1111-2222]
2023-11-21 20:41:44.820 TRACE 8964 --- [    Test worker] o.h.type.descriptor.sql.BasicBinder      : binding parameter [7] as [INTEGER] - [123456789]
2023-11-21 20:41:44.828 DEBUG 8964 --- [    Test worker] org.hibernate.SQL                        : 
    select
        sellerenti0_.seller_key as seller_k1_6_,
        sellerenti0_.shop_key as shop_key7_6_,
        sellerenti0_.isgrant as isgrant2_6_,
        sellerenti0_.seller_id_email as seller_i3_6_,
        sellerenti0_.seller_name as seller_n4_6_,
        sellerenti0_.seller_password as seller_p5_6_,
        sellerenti0_.seller_phonenum as seller_p6_6_ 
    from
        seller sellerenti0_ 
    where
        sellerenti0_.seller_id_email=?
Hibernate: 
    select
        sellerenti0_.seller_key as seller_k1_6_,
        sellerenti0_.shop_key as shop_key7_6_,
        sellerenti0_.isgrant as isgrant2_6_,
        sellerenti0_.seller_id_email as seller_i3_6_,
        sellerenti0_.seller_name as seller_n4_6_,
        sellerenti0_.seller_password as seller_p5_6_,
        sellerenti0_.seller_phonenum as seller_p6_6_ 
    from
        seller sellerenti0_ 
    where
        sellerenti0_.seller_id_email=?
2023-11-21 20:41:44.828 TRACE 8964 --- [    Test worker] o.h.type.descriptor.sql.BasicBinder      : binding parameter [1] as [VARCHAR] - [wrongemail@gmail.com]
2023-11-21 20:41:44.886  INFO 8964 --- [    Test worker] o.s.t.c.transaction.TransactionContext   : Rolled back transaction for test: [DefaultTestContext@224f90eb testClass = SellerServiceTest, testInstance = net.prescent.service.SellerServiceTest@293988dc, testMethod = loginFailureWrongIdTest@SellerServiceTest, testException = [null], mergedContextConfiguration = [WebMergedContextConfiguration@63b4a896 testClass = SellerServiceTest, locations = '{}', classes = '{class net.prescent.PreScentApplication}', contextInitializerClasses = '[]', activeProfiles = '{}', propertySourceLocations = '{}', propertySourceProperties = '{org.springframework.boot.test.context.SpringBootTestContextBootstrapper=true}', contextCustomizers = set[org.springframework.boot.test.autoconfigure.actuate.metrics.MetricsExportContextCustomizerFactory$DisableMetricExportContextCustomizer@3f053c80, org.springframework.boot.test.autoconfigure.properties.PropertyMappingContextCustomizer@0, org.springframework.boot.test.autoconfigure.web.servlet.WebDriverContextCustomizerFactory$Customizer@636e8cc, org.springframework.boot.test.context.filter.ExcludeFilterContextCustomizer@619bfe29, org.springframework.boot.test.json.DuplicateJsonObjectContextCustomizerFactory$DuplicateJsonObjectContextCustomizer@2bef51f2, org.springframework.boot.test.mock.mockito.MockitoContextCustomizer@0, org.springframework.boot.test.web.client.TestRestTemplateContextCustomizer@5ad10c1a, org.springframework.boot.test.context.SpringBootTestArgs@1, org.springframework.boot.test.context.SpringBootTestWebEnvironment@20d7d6fb], resourceBasePath = 'src/main/webapp', contextLoader = 'org.springframework.boot.test.context.SpringBootContextLoader', parent = [null]], attributes = map['org.springframework.test.context.web.ServletTestExecutionListener.activateListener' -> true, 'org.springframework.test.context.web.ServletTestExecutionListener.populatedRequestContextHolder' -> true, 'org.springframework.test.context.web.ServletTestExecutionListener.resetRequestContextHolder' -> true, 'org.springframework.test.context.event.ApplicationEventsTestExecutionListener.recordApplicationEvents' -> false]]
]]></system-out>
  <system-err><![CDATA[]]></system-err>
</testsuite>
