<?xml version="1.0" encoding="UTF-8"?>
<testsuite name="net.prescent.service.SellerServiceTest" tests="6" skipped="0" failures="0" errors="0" timestamp="2023-12-06T07:07:21" hostname="LAPTOP-Q5F6TAOM" time="1.153">
  <properties/>
  <testcase name="판매자 회원가입 테스트" classname="net.prescent.service.SellerServiceTest" time="0.214"/>
  <testcase name="중복 사업자번호 가입 테스트" classname="net.prescent.service.SellerServiceTest" time="0.142"/>
  <testcase name="판매자 로그아웃 테스트" classname="net.prescent.service.SellerServiceTest" time="0.261"/>
  <testcase name="판매자 로그인 실패 - 잘못된 비밀번호 테스트" classname="net.prescent.service.SellerServiceTest" time="0.194"/>
  <testcase name="판매자 로그인 성공 테스트" classname="net.prescent.service.SellerServiceTest" time="0.204"/>
  <testcase name="판매자 로그인 실패 - 잘못된 Email 테스트" classname="net.prescent.service.SellerServiceTest" time="0.131"/>
  <system-out><![CDATA[2023-12-06 16:07:21.264  INFO 22968 --- [    Test worker] .b.t.c.SpringBootTestContextBootstrapper : Neither @ContextConfiguration nor @ContextHierarchy found for test class [net.prescent.service.SellerServiceTest], using SpringBootContextLoader
2023-12-06 16:07:21.266  INFO 22968 --- [    Test worker] o.s.t.c.support.AbstractContextLoader    : Could not detect default resource locations for test class [net.prescent.service.SellerServiceTest]: no resource found for suffixes {-context.xml, Context.groovy}.
2023-12-06 16:07:21.266  INFO 22968 --- [    Test worker] t.c.s.AnnotationConfigContextLoaderUtils : Could not detect default configuration classes for test class [net.prescent.service.SellerServiceTest]: SellerServiceTest does not declare any static, non-private, non-final, nested classes annotated with @Configuration.
2023-12-06 16:07:21.268  INFO 22968 --- [    Test worker] .b.t.c.SpringBootTestContextBootstrapper : Found @SpringBootConfiguration net.prescent.PreScentApplication for test class net.prescent.service.SellerServiceTest
2023-12-06 16:07:21.269  INFO 22968 --- [    Test worker] .b.t.c.SpringBootTestContextBootstrapper : Loaded default TestExecutionListener class names from location [META-INF/spring.factories]: [org.springframework.security.test.context.support.WithSecurityContextTestExecutionListener, org.springframework.security.test.context.support.ReactorContextTestExecutionListener, org.springframework.boot.test.autoconfigure.restdocs.RestDocsTestExecutionListener, org.springframework.boot.test.autoconfigure.web.client.MockRestServiceServerResetTestExecutionListener, org.springframework.boot.test.autoconfigure.web.servlet.MockMvcPrintOnlyOnFailureTestExecutionListener, org.springframework.boot.test.autoconfigure.web.servlet.WebDriverTestExecutionListener, org.springframework.boot.test.autoconfigure.webservices.client.MockWebServiceServerTestExecutionListener, org.springframework.boot.test.mock.mockito.MockitoTestExecutionListener, org.springframework.boot.test.mock.mockito.ResetMocksTestExecutionListener, org.springframework.test.context.web.ServletTestExecutionListener, org.springframework.test.context.support.DirtiesContextBeforeModesTestExecutionListener, org.springframework.test.context.event.ApplicationEventsTestExecutionListener, org.springframework.test.context.support.DependencyInjectionTestExecutionListener, org.springframework.test.context.support.DirtiesContextTestExecutionListener, org.springframework.test.context.transaction.TransactionalTestExecutionListener, org.springframework.test.context.jdbc.SqlScriptsTestExecutionListener, org.springframework.test.context.event.EventPublishingTestExecutionListener]
2023-12-06 16:07:21.269  INFO 22968 --- [    Test worker] .b.t.c.SpringBootTestContextBootstrapper : Using TestExecutionListeners: [org.springframework.test.context.web.ServletTestExecutionListener@a9b5c85, org.springframework.test.context.support.DirtiesContextBeforeModesTestExecutionListener@fcecc45, org.springframework.test.context.event.ApplicationEventsTestExecutionListener@47c163bb, org.springframework.boot.test.mock.mockito.MockitoTestExecutionListener@f25176a, org.springframework.boot.test.autoconfigure.SpringBootDependencyInjectionTestExecutionListener@5f8a0d7f, org.springframework.test.context.support.DirtiesContextTestExecutionListener@26df4e2f, org.springframework.test.context.transaction.TransactionalTestExecutionListener@6a4f3df4, org.springframework.test.context.jdbc.SqlScriptsTestExecutionListener@4d76f990, org.springframework.security.test.context.support.WithSecurityContextTestExecutionListener@4298e4b4, org.springframework.test.context.event.EventPublishingTestExecutionListener@1e6a74fe, org.springframework.security.test.context.support.ReactorContextTestExecutionListener@d594a5a, org.springframework.boot.test.autoconfigure.restdocs.RestDocsTestExecutionListener@77199818, org.springframework.boot.test.autoconfigure.web.client.MockRestServiceServerResetTestExecutionListener@72216f0b, org.springframework.boot.test.autoconfigure.web.servlet.MockMvcPrintOnlyOnFailureTestExecutionListener@3fa13835, org.springframework.boot.test.autoconfigure.web.servlet.WebDriverTestExecutionListener@78edbe01, org.springframework.boot.test.autoconfigure.webservices.client.MockWebServiceServerTestExecutionListener@438f205c, org.springframework.boot.test.mock.mockito.ResetMocksTestExecutionListener@3a2f4611]
2023-12-06 16:07:21.282  INFO 22968 --- [    Test worker] o.s.t.c.transaction.TransactionContext   : Began transaction (1) for test context [DefaultTestContext@222e4377 testClass = SellerServiceTest, testInstance = net.prescent.service.SellerServiceTest@3310bb28, testMethod = signupSellerTest@SellerServiceTest, testException = [null], mergedContextConfiguration = [WebMergedContextConfiguration@22eccd2c testClass = SellerServiceTest, locations = '{}', classes = '{class net.prescent.PreScentApplication}', contextInitializerClasses = '[]', activeProfiles = '{}', propertySourceLocations = '{}', propertySourceProperties = '{org.springframework.boot.test.context.SpringBootTestContextBootstrapper=true}', contextCustomizers = set[org.springframework.boot.test.autoconfigure.actuate.metrics.MetricsExportContextCustomizerFactory$DisableMetricExportContextCustomizer@3f1c5af9, org.springframework.boot.test.autoconfigure.properties.PropertyMappingContextCustomizer@0, org.springframework.boot.test.autoconfigure.web.servlet.WebDriverContextCustomizerFactory$Customizer@44e3760b, org.springframework.boot.test.context.filter.ExcludeFilterContextCustomizer@1ddae9b5, org.springframework.boot.test.json.DuplicateJsonObjectContextCustomizerFactory$DuplicateJsonObjectContextCustomizer@2c7d121c, org.springframework.boot.test.mock.mockito.MockitoContextCustomizer@0, org.springframework.boot.test.web.client.TestRestTemplateContextCustomizer@1cd201a8, org.springframework.boot.test.web.reactive.server.WebTestClientContextCustomizer@19fe4644, org.springframework.boot.test.context.SpringBootTestArgs@1, org.springframework.boot.test.context.SpringBootTestWebEnvironment@df6620a], resourceBasePath = 'src/main/webapp', contextLoader = 'org.springframework.boot.test.context.SpringBootContextLoader', parent = [null]], attributes = map['org.springframework.test.context.web.ServletTestExecutionListener.activateListener' -> true, 'org.springframework.test.context.web.ServletTestExecutionListener.populatedRequestContextHolder' -> true, 'org.springframework.test.context.web.ServletTestExecutionListener.resetRequestContextHolder' -> true, 'org.springframework.test.context.event.ApplicationEventsTestExecutionListener.recordApplicationEvents' -> false]]; transaction manager [org.springframework.orm.jpa.JpaTransactionManager@21f8693e]; rollback [true]
2023-12-06 16:07:21.285 DEBUG 22968 --- [    Test worker] org.hibernate.SQL                        : 
    delete 
    from
        seller
Hibernate: 
    delete 
    from
        seller
2023-12-06 16:07:21.292 DEBUG 22968 --- [    Test worker] org.hibernate.SQL                        : 
    select
        sellerenti0_.seller_key as seller_k1_7_,
        sellerenti0_.shop_key as shop_key7_7_,
        sellerenti0_.isgrant as isgrant2_7_,
        sellerenti0_.seller_id_email as seller_i3_7_,
        sellerenti0_.seller_name as seller_n4_7_,
        sellerenti0_.seller_password as seller_p5_7_,
        sellerenti0_.seller_phonenum as seller_p6_7_ 
    from
        seller sellerenti0_ 
    where
        sellerenti0_.seller_key=?
Hibernate: 
    select
        sellerenti0_.seller_key as seller_k1_7_,
        sellerenti0_.shop_key as shop_key7_7_,
        sellerenti0_.isgrant as isgrant2_7_,
        sellerenti0_.seller_id_email as seller_i3_7_,
        sellerenti0_.seller_name as seller_n4_7_,
        sellerenti0_.seller_password as seller_p5_7_,
        sellerenti0_.seller_phonenum as seller_p6_7_ 
    from
        seller sellerenti0_ 
    where
        sellerenti0_.seller_key=?
2023-12-06 16:07:21.293 TRACE 22968 --- [    Test worker] o.h.type.descriptor.sql.BasicBinder      : binding parameter [1] as [INTEGER] - [123456789]
2023-12-06 16:07:21.375 DEBUG 22968 --- [    Test worker] org.hibernate.SQL                        : 
    select
        sellerenti0_.seller_key as seller_k1_7_0_,
        sellerenti0_.shop_key as shop_key7_7_0_,
        sellerenti0_.isgrant as isgrant2_7_0_,
        sellerenti0_.seller_id_email as seller_i3_7_0_,
        sellerenti0_.seller_name as seller_n4_7_0_,
        sellerenti0_.seller_password as seller_p5_7_0_,
        sellerenti0_.seller_phonenum as seller_p6_7_0_ 
    from
        seller sellerenti0_ 
    where
        sellerenti0_.seller_key=?
Hibernate: 
    select
        sellerenti0_.seller_key as seller_k1_7_0_,
        sellerenti0_.shop_key as shop_key7_7_0_,
        sellerenti0_.isgrant as isgrant2_7_0_,
        sellerenti0_.seller_id_email as seller_i3_7_0_,
        sellerenti0_.seller_name as seller_n4_7_0_,
        sellerenti0_.seller_password as seller_p5_7_0_,
        sellerenti0_.seller_phonenum as seller_p6_7_0_ 
    from
        seller sellerenti0_ 
    where
        sellerenti0_.seller_key=?
2023-12-06 16:07:21.375 TRACE 22968 --- [    Test worker] o.h.type.descriptor.sql.BasicBinder      : binding parameter [1] as [INTEGER] - [123456789]
2023-12-06 16:07:21.384 DEBUG 22968 --- [    Test worker] org.hibernate.SQL                        : 
    insert 
    into
        seller
        (shop_key, isgrant, seller_id_email, seller_name, seller_password, seller_phonenum, seller_key) 
    values
        (?, ?, ?, ?, ?, ?, ?)
Hibernate: 
    insert 
    into
        seller
        (shop_key, isgrant, seller_id_email, seller_name, seller_password, seller_phonenum, seller_key) 
    values
        (?, ?, ?, ?, ?, ?, ?)
2023-12-06 16:07:21.385 TRACE 22968 --- [    Test worker] o.h.type.descriptor.sql.BasicBinder      : binding parameter [1] as [INTEGER] - [null]
2023-12-06 16:07:21.385 TRACE 22968 --- [    Test worker] o.h.type.descriptor.sql.BasicBinder      : binding parameter [2] as [INTEGER] - [null]
2023-12-06 16:07:21.385 TRACE 22968 --- [    Test worker] o.h.type.descriptor.sql.BasicBinder      : binding parameter [3] as [VARCHAR] - [ajou@gmail.com]
2023-12-06 16:07:21.385 TRACE 22968 --- [    Test worker] o.h.type.descriptor.sql.BasicBinder      : binding parameter [4] as [VARCHAR] - [suhyeon]
2023-12-06 16:07:21.385 TRACE 22968 --- [    Test worker] o.h.type.descriptor.sql.BasicBinder      : binding parameter [5] as [VARCHAR] - [$2a$10$k1N8pNj97IFIL0Ls.2uVbugQvN986h2Vyr63oQPHsKSS/PtKANSq.]
2023-12-06 16:07:21.385 TRACE 22968 --- [    Test worker] o.h.type.descriptor.sql.BasicBinder      : binding parameter [6] as [VARCHAR] - [010-1111-2222]
2023-12-06 16:07:21.385 TRACE 22968 --- [    Test worker] o.h.type.descriptor.sql.BasicBinder      : binding parameter [7] as [INTEGER] - [123456789]
2023-12-06 16:07:21.392 DEBUG 22968 --- [    Test worker] org.hibernate.SQL                        : 
    select
        sellerenti0_.seller_key as seller_k1_7_,
        sellerenti0_.shop_key as shop_key7_7_,
        sellerenti0_.isgrant as isgrant2_7_,
        sellerenti0_.seller_id_email as seller_i3_7_,
        sellerenti0_.seller_name as seller_n4_7_,
        sellerenti0_.seller_password as seller_p5_7_,
        sellerenti0_.seller_phonenum as seller_p6_7_ 
    from
        seller sellerenti0_ 
    where
        sellerenti0_.seller_id_email=?
Hibernate: 
    select
        sellerenti0_.seller_key as seller_k1_7_,
        sellerenti0_.shop_key as shop_key7_7_,
        sellerenti0_.isgrant as isgrant2_7_,
        sellerenti0_.seller_id_email as seller_i3_7_,
        sellerenti0_.seller_name as seller_n4_7_,
        sellerenti0_.seller_password as seller_p5_7_,
        sellerenti0_.seller_phonenum as seller_p6_7_ 
    from
        seller sellerenti0_ 
    where
        sellerenti0_.seller_id_email=?
2023-12-06 16:07:21.392 TRACE 22968 --- [    Test worker] o.h.type.descriptor.sql.BasicBinder      : binding parameter [1] as [VARCHAR] - [ajou@gmail.com]
2023-12-06 16:07:21.489  INFO 22968 --- [    Test worker] o.s.t.c.transaction.TransactionContext   : Rolled back transaction for test: [DefaultTestContext@222e4377 testClass = SellerServiceTest, testInstance = net.prescent.service.SellerServiceTest@3310bb28, testMethod = signupSellerTest@SellerServiceTest, testException = [null], mergedContextConfiguration = [WebMergedContextConfiguration@22eccd2c testClass = SellerServiceTest, locations = '{}', classes = '{class net.prescent.PreScentApplication}', contextInitializerClasses = '[]', activeProfiles = '{}', propertySourceLocations = '{}', propertySourceProperties = '{org.springframework.boot.test.context.SpringBootTestContextBootstrapper=true}', contextCustomizers = set[org.springframework.boot.test.autoconfigure.actuate.metrics.MetricsExportContextCustomizerFactory$DisableMetricExportContextCustomizer@3f1c5af9, org.springframework.boot.test.autoconfigure.properties.PropertyMappingContextCustomizer@0, org.springframework.boot.test.autoconfigure.web.servlet.WebDriverContextCustomizerFactory$Customizer@44e3760b, org.springframework.boot.test.context.filter.ExcludeFilterContextCustomizer@1ddae9b5, org.springframework.boot.test.json.DuplicateJsonObjectContextCustomizerFactory$DuplicateJsonObjectContextCustomizer@2c7d121c, org.springframework.boot.test.mock.mockito.MockitoContextCustomizer@0, org.springframework.boot.test.web.client.TestRestTemplateContextCustomizer@1cd201a8, org.springframework.boot.test.web.reactive.server.WebTestClientContextCustomizer@19fe4644, org.springframework.boot.test.context.SpringBootTestArgs@1, org.springframework.boot.test.context.SpringBootTestWebEnvironment@df6620a], resourceBasePath = 'src/main/webapp', contextLoader = 'org.springframework.boot.test.context.SpringBootContextLoader', parent = [null]], attributes = map['org.springframework.test.context.web.ServletTestExecutionListener.activateListener' -> true, 'org.springframework.test.context.web.ServletTestExecutionListener.populatedRequestContextHolder' -> true, 'org.springframework.test.context.web.ServletTestExecutionListener.resetRequestContextHolder' -> true, 'org.springframework.test.context.event.ApplicationEventsTestExecutionListener.recordApplicationEvents' -> false]]
2023-12-06 16:07:21.497  INFO 22968 --- [    Test worker] o.s.t.c.transaction.TransactionContext   : Began transaction (1) for test context [DefaultTestContext@222e4377 testClass = SellerServiceTest, testInstance = net.prescent.service.SellerServiceTest@47970962, testMethod = signupDuplicateSellerKeyTest@SellerServiceTest, testException = [null], mergedContextConfiguration = [WebMergedContextConfiguration@22eccd2c testClass = SellerServiceTest, locations = '{}', classes = '{class net.prescent.PreScentApplication}', contextInitializerClasses = '[]', activeProfiles = '{}', propertySourceLocations = '{}', propertySourceProperties = '{org.springframework.boot.test.context.SpringBootTestContextBootstrapper=true}', contextCustomizers = set[org.springframework.boot.test.autoconfigure.actuate.metrics.MetricsExportContextCustomizerFactory$DisableMetricExportContextCustomizer@3f1c5af9, org.springframework.boot.test.autoconfigure.properties.PropertyMappingContextCustomizer@0, org.springframework.boot.test.autoconfigure.web.servlet.WebDriverContextCustomizerFactory$Customizer@44e3760b, org.springframework.boot.test.context.filter.ExcludeFilterContextCustomizer@1ddae9b5, org.springframework.boot.test.json.DuplicateJsonObjectContextCustomizerFactory$DuplicateJsonObjectContextCustomizer@2c7d121c, org.springframework.boot.test.mock.mockito.MockitoContextCustomizer@0, org.springframework.boot.test.web.client.TestRestTemplateContextCustomizer@1cd201a8, org.springframework.boot.test.web.reactive.server.WebTestClientContextCustomizer@19fe4644, org.springframework.boot.test.context.SpringBootTestArgs@1, org.springframework.boot.test.context.SpringBootTestWebEnvironment@df6620a], resourceBasePath = 'src/main/webapp', contextLoader = 'org.springframework.boot.test.context.SpringBootContextLoader', parent = [null]], attributes = map['org.springframework.test.context.web.ServletTestExecutionListener.activateListener' -> true, 'org.springframework.test.context.web.ServletTestExecutionListener.populatedRequestContextHolder' -> true, 'org.springframework.test.context.web.ServletTestExecutionListener.resetRequestContextHolder' -> true, 'org.springframework.test.context.event.ApplicationEventsTestExecutionListener.recordApplicationEvents' -> false]]; transaction manager [org.springframework.orm.jpa.JpaTransactionManager@21f8693e]; rollback [true]
2023-12-06 16:07:21.498 DEBUG 22968 --- [    Test worker] org.hibernate.SQL                        : 
    delete 
    from
        seller
Hibernate: 
    delete 
    from
        seller
2023-12-06 16:07:21.507 DEBUG 22968 --- [    Test worker] org.hibernate.SQL                        : 
    select
        sellerenti0_.seller_key as seller_k1_7_,
        sellerenti0_.shop_key as shop_key7_7_,
        sellerenti0_.isgrant as isgrant2_7_,
        sellerenti0_.seller_id_email as seller_i3_7_,
        sellerenti0_.seller_name as seller_n4_7_,
        sellerenti0_.seller_password as seller_p5_7_,
        sellerenti0_.seller_phonenum as seller_p6_7_ 
    from
        seller sellerenti0_ 
    where
        sellerenti0_.seller_key=?
Hibernate: 
    select
        sellerenti0_.seller_key as seller_k1_7_,
        sellerenti0_.shop_key as shop_key7_7_,
        sellerenti0_.isgrant as isgrant2_7_,
        sellerenti0_.seller_id_email as seller_i3_7_,
        sellerenti0_.seller_name as seller_n4_7_,
        sellerenti0_.seller_password as seller_p5_7_,
        sellerenti0_.seller_phonenum as seller_p6_7_ 
    from
        seller sellerenti0_ 
    where
        sellerenti0_.seller_key=?
2023-12-06 16:07:21.508 TRACE 22968 --- [    Test worker] o.h.type.descriptor.sql.BasicBinder      : binding parameter [1] as [INTEGER] - [123456789]
2023-12-06 16:07:21.580 DEBUG 22968 --- [    Test worker] org.hibernate.SQL                        : 
    select
        sellerenti0_.seller_key as seller_k1_7_0_,
        sellerenti0_.shop_key as shop_key7_7_0_,
        sellerenti0_.isgrant as isgrant2_7_0_,
        sellerenti0_.seller_id_email as seller_i3_7_0_,
        sellerenti0_.seller_name as seller_n4_7_0_,
        sellerenti0_.seller_password as seller_p5_7_0_,
        sellerenti0_.seller_phonenum as seller_p6_7_0_ 
    from
        seller sellerenti0_ 
    where
        sellerenti0_.seller_key=?
Hibernate: 
    select
        sellerenti0_.seller_key as seller_k1_7_0_,
        sellerenti0_.shop_key as shop_key7_7_0_,
        sellerenti0_.isgrant as isgrant2_7_0_,
        sellerenti0_.seller_id_email as seller_i3_7_0_,
        sellerenti0_.seller_name as seller_n4_7_0_,
        sellerenti0_.seller_password as seller_p5_7_0_,
        sellerenti0_.seller_phonenum as seller_p6_7_0_ 
    from
        seller sellerenti0_ 
    where
        sellerenti0_.seller_key=?
2023-12-06 16:07:21.582 TRACE 22968 --- [    Test worker] o.h.type.descriptor.sql.BasicBinder      : binding parameter [1] as [INTEGER] - [123456789]
2023-12-06 16:07:21.592 DEBUG 22968 --- [    Test worker] org.hibernate.SQL                        : 
    insert 
    into
        seller
        (shop_key, isgrant, seller_id_email, seller_name, seller_password, seller_phonenum, seller_key) 
    values
        (?, ?, ?, ?, ?, ?, ?)
Hibernate: 
    insert 
    into
        seller
        (shop_key, isgrant, seller_id_email, seller_name, seller_password, seller_phonenum, seller_key) 
    values
        (?, ?, ?, ?, ?, ?, ?)
2023-12-06 16:07:21.592 TRACE 22968 --- [    Test worker] o.h.type.descriptor.sql.BasicBinder      : binding parameter [1] as [INTEGER] - [null]
2023-12-06 16:07:21.592 TRACE 22968 --- [    Test worker] o.h.type.descriptor.sql.BasicBinder      : binding parameter [2] as [INTEGER] - [null]
2023-12-06 16:07:21.592 TRACE 22968 --- [    Test worker] o.h.type.descriptor.sql.BasicBinder      : binding parameter [3] as [VARCHAR] - [ajou@gmail.com]
2023-12-06 16:07:21.592 TRACE 22968 --- [    Test worker] o.h.type.descriptor.sql.BasicBinder      : binding parameter [4] as [VARCHAR] - [suhyeon]
2023-12-06 16:07:21.593 TRACE 22968 --- [    Test worker] o.h.type.descriptor.sql.BasicBinder      : binding parameter [5] as [VARCHAR] - [$2a$10$2rcmifTd4VRjzNRGknzbgO1gRvxINInFF.SgI4t1pQ/ZUzImtGnmy]
2023-12-06 16:07:21.593 TRACE 22968 --- [    Test worker] o.h.type.descriptor.sql.BasicBinder      : binding parameter [6] as [VARCHAR] - [010-1111-2222]
2023-12-06 16:07:21.593 TRACE 22968 --- [    Test worker] o.h.type.descriptor.sql.BasicBinder      : binding parameter [7] as [INTEGER] - [123456789]
2023-12-06 16:07:21.603 DEBUG 22968 --- [    Test worker] org.hibernate.SQL                        : 
    select
        sellerenti0_.seller_key as seller_k1_7_,
        sellerenti0_.shop_key as shop_key7_7_,
        sellerenti0_.isgrant as isgrant2_7_,
        sellerenti0_.seller_id_email as seller_i3_7_,
        sellerenti0_.seller_name as seller_n4_7_,
        sellerenti0_.seller_password as seller_p5_7_,
        sellerenti0_.seller_phonenum as seller_p6_7_ 
    from
        seller sellerenti0_ 
    where
        sellerenti0_.seller_key=?
Hibernate: 
    select
        sellerenti0_.seller_key as seller_k1_7_,
        sellerenti0_.shop_key as shop_key7_7_,
        sellerenti0_.isgrant as isgrant2_7_,
        sellerenti0_.seller_id_email as seller_i3_7_,
        sellerenti0_.seller_name as seller_n4_7_,
        sellerenti0_.seller_password as seller_p5_7_,
        sellerenti0_.seller_phonenum as seller_p6_7_ 
    from
        seller sellerenti0_ 
    where
        sellerenti0_.seller_key=?
2023-12-06 16:07:21.603 TRACE 22968 --- [    Test worker] o.h.type.descriptor.sql.BasicBinder      : binding parameter [1] as [INTEGER] - [123456789]
2023-12-06 16:07:21.631  INFO 22968 --- [    Test worker] o.s.t.c.transaction.TransactionContext   : Rolled back transaction for test: [DefaultTestContext@222e4377 testClass = SellerServiceTest, testInstance = net.prescent.service.SellerServiceTest@47970962, testMethod = signupDuplicateSellerKeyTest@SellerServiceTest, testException = [null], mergedContextConfiguration = [WebMergedContextConfiguration@22eccd2c testClass = SellerServiceTest, locations = '{}', classes = '{class net.prescent.PreScentApplication}', contextInitializerClasses = '[]', activeProfiles = '{}', propertySourceLocations = '{}', propertySourceProperties = '{org.springframework.boot.test.context.SpringBootTestContextBootstrapper=true}', contextCustomizers = set[org.springframework.boot.test.autoconfigure.actuate.metrics.MetricsExportContextCustomizerFactory$DisableMetricExportContextCustomizer@3f1c5af9, org.springframework.boot.test.autoconfigure.properties.PropertyMappingContextCustomizer@0, org.springframework.boot.test.autoconfigure.web.servlet.WebDriverContextCustomizerFactory$Customizer@44e3760b, org.springframework.boot.test.context.filter.ExcludeFilterContextCustomizer@1ddae9b5, org.springframework.boot.test.json.DuplicateJsonObjectContextCustomizerFactory$DuplicateJsonObjectContextCustomizer@2c7d121c, org.springframework.boot.test.mock.mockito.MockitoContextCustomizer@0, org.springframework.boot.test.web.client.TestRestTemplateContextCustomizer@1cd201a8, org.springframework.boot.test.web.reactive.server.WebTestClientContextCustomizer@19fe4644, org.springframework.boot.test.context.SpringBootTestArgs@1, org.springframework.boot.test.context.SpringBootTestWebEnvironment@df6620a], resourceBasePath = 'src/main/webapp', contextLoader = 'org.springframework.boot.test.context.SpringBootContextLoader', parent = [null]], attributes = map['org.springframework.test.context.web.ServletTestExecutionListener.activateListener' -> true, 'org.springframework.test.context.web.ServletTestExecutionListener.populatedRequestContextHolder' -> true, 'org.springframework.test.context.web.ServletTestExecutionListener.resetRequestContextHolder' -> true, 'org.springframework.test.context.event.ApplicationEventsTestExecutionListener.recordApplicationEvents' -> false]]
2023-12-06 16:07:21.642  INFO 22968 --- [    Test worker] o.s.t.c.transaction.TransactionContext   : Began transaction (1) for test context [DefaultTestContext@222e4377 testClass = SellerServiceTest, testInstance = net.prescent.service.SellerServiceTest@22b0fe7e, testMethod = logoutTest@SellerServiceTest, testException = [null], mergedContextConfiguration = [WebMergedContextConfiguration@22eccd2c testClass = SellerServiceTest, locations = '{}', classes = '{class net.prescent.PreScentApplication}', contextInitializerClasses = '[]', activeProfiles = '{}', propertySourceLocations = '{}', propertySourceProperties = '{org.springframework.boot.test.context.SpringBootTestContextBootstrapper=true}', contextCustomizers = set[org.springframework.boot.test.autoconfigure.actuate.metrics.MetricsExportContextCustomizerFactory$DisableMetricExportContextCustomizer@3f1c5af9, org.springframework.boot.test.autoconfigure.properties.PropertyMappingContextCustomizer@0, org.springframework.boot.test.autoconfigure.web.servlet.WebDriverContextCustomizerFactory$Customizer@44e3760b, org.springframework.boot.test.context.filter.ExcludeFilterContextCustomizer@1ddae9b5, org.springframework.boot.test.json.DuplicateJsonObjectContextCustomizerFactory$DuplicateJsonObjectContextCustomizer@2c7d121c, org.springframework.boot.test.mock.mockito.MockitoContextCustomizer@0, org.springframework.boot.test.web.client.TestRestTemplateContextCustomizer@1cd201a8, org.springframework.boot.test.web.reactive.server.WebTestClientContextCustomizer@19fe4644, org.springframework.boot.test.context.SpringBootTestArgs@1, org.springframework.boot.test.context.SpringBootTestWebEnvironment@df6620a], resourceBasePath = 'src/main/webapp', contextLoader = 'org.springframework.boot.test.context.SpringBootContextLoader', parent = [null]], attributes = map['org.springframework.test.context.web.ServletTestExecutionListener.activateListener' -> true, 'org.springframework.test.context.web.ServletTestExecutionListener.populatedRequestContextHolder' -> true, 'org.springframework.test.context.web.ServletTestExecutionListener.resetRequestContextHolder' -> true, 'org.springframework.test.context.event.ApplicationEventsTestExecutionListener.recordApplicationEvents' -> false]]; transaction manager [org.springframework.orm.jpa.JpaTransactionManager@21f8693e]; rollback [true]
2023-12-06 16:07:21.643 DEBUG 22968 --- [    Test worker] org.hibernate.SQL                        : 
    delete 
    from
        seller
Hibernate: 
    delete 
    from
        seller
2023-12-06 16:07:21.653 DEBUG 22968 --- [    Test worker] org.hibernate.SQL                        : 
    select
        sellerenti0_.seller_key as seller_k1_7_,
        sellerenti0_.shop_key as shop_key7_7_,
        sellerenti0_.isgrant as isgrant2_7_,
        sellerenti0_.seller_id_email as seller_i3_7_,
        sellerenti0_.seller_name as seller_n4_7_,
        sellerenti0_.seller_password as seller_p5_7_,
        sellerenti0_.seller_phonenum as seller_p6_7_ 
    from
        seller sellerenti0_ 
    where
        sellerenti0_.seller_key=?
Hibernate: 
    select
        sellerenti0_.seller_key as seller_k1_7_,
        sellerenti0_.shop_key as shop_key7_7_,
        sellerenti0_.isgrant as isgrant2_7_,
        sellerenti0_.seller_id_email as seller_i3_7_,
        sellerenti0_.seller_name as seller_n4_7_,
        sellerenti0_.seller_password as seller_p5_7_,
        sellerenti0_.seller_phonenum as seller_p6_7_ 
    from
        seller sellerenti0_ 
    where
        sellerenti0_.seller_key=?
2023-12-06 16:07:21.653 TRACE 22968 --- [    Test worker] o.h.type.descriptor.sql.BasicBinder      : binding parameter [1] as [INTEGER] - [123456789]
2023-12-06 16:07:21.725 DEBUG 22968 --- [    Test worker] org.hibernate.SQL                        : 
    select
        sellerenti0_.seller_key as seller_k1_7_0_,
        sellerenti0_.shop_key as shop_key7_7_0_,
        sellerenti0_.isgrant as isgrant2_7_0_,
        sellerenti0_.seller_id_email as seller_i3_7_0_,
        sellerenti0_.seller_name as seller_n4_7_0_,
        sellerenti0_.seller_password as seller_p5_7_0_,
        sellerenti0_.seller_phonenum as seller_p6_7_0_ 
    from
        seller sellerenti0_ 
    where
        sellerenti0_.seller_key=?
Hibernate: 
    select
        sellerenti0_.seller_key as seller_k1_7_0_,
        sellerenti0_.shop_key as shop_key7_7_0_,
        sellerenti0_.isgrant as isgrant2_7_0_,
        sellerenti0_.seller_id_email as seller_i3_7_0_,
        sellerenti0_.seller_name as seller_n4_7_0_,
        sellerenti0_.seller_password as seller_p5_7_0_,
        sellerenti0_.seller_phonenum as seller_p6_7_0_ 
    from
        seller sellerenti0_ 
    where
        sellerenti0_.seller_key=?
2023-12-06 16:07:21.725 TRACE 22968 --- [    Test worker] o.h.type.descriptor.sql.BasicBinder      : binding parameter [1] as [INTEGER] - [123456789]
2023-12-06 16:07:21.737 DEBUG 22968 --- [    Test worker] org.hibernate.SQL                        : 
    insert 
    into
        seller
        (shop_key, isgrant, seller_id_email, seller_name, seller_password, seller_phonenum, seller_key) 
    values
        (?, ?, ?, ?, ?, ?, ?)
Hibernate: 
    insert 
    into
        seller
        (shop_key, isgrant, seller_id_email, seller_name, seller_password, seller_phonenum, seller_key) 
    values
        (?, ?, ?, ?, ?, ?, ?)
2023-12-06 16:07:21.737 TRACE 22968 --- [    Test worker] o.h.type.descriptor.sql.BasicBinder      : binding parameter [1] as [INTEGER] - [null]
2023-12-06 16:07:21.738 TRACE 22968 --- [    Test worker] o.h.type.descriptor.sql.BasicBinder      : binding parameter [2] as [INTEGER] - [null]
2023-12-06 16:07:21.738 TRACE 22968 --- [    Test worker] o.h.type.descriptor.sql.BasicBinder      : binding parameter [3] as [VARCHAR] - [ajou@gmail.com]
2023-12-06 16:07:21.738 TRACE 22968 --- [    Test worker] o.h.type.descriptor.sql.BasicBinder      : binding parameter [4] as [VARCHAR] - [suhyeon]
2023-12-06 16:07:21.738 TRACE 22968 --- [    Test worker] o.h.type.descriptor.sql.BasicBinder      : binding parameter [5] as [VARCHAR] - [$2a$10$l9nz2Mo/8IkQ/lk2C0SjA.wv9IFdUA0Ci63OqBx5cWCS5riYaNsE2]
2023-12-06 16:07:21.738 TRACE 22968 --- [    Test worker] o.h.type.descriptor.sql.BasicBinder      : binding parameter [6] as [VARCHAR] - [010-1111-2222]
2023-12-06 16:07:21.738 TRACE 22968 --- [    Test worker] o.h.type.descriptor.sql.BasicBinder      : binding parameter [7] as [INTEGER] - [123456789]
2023-12-06 16:07:21.749 DEBUG 22968 --- [    Test worker] org.hibernate.SQL                        : 
    select
        sellerenti0_.seller_key as seller_k1_7_,
        sellerenti0_.shop_key as shop_key7_7_,
        sellerenti0_.isgrant as isgrant2_7_,
        sellerenti0_.seller_id_email as seller_i3_7_,
        sellerenti0_.seller_name as seller_n4_7_,
        sellerenti0_.seller_password as seller_p5_7_,
        sellerenti0_.seller_phonenum as seller_p6_7_ 
    from
        seller sellerenti0_ 
    where
        sellerenti0_.seller_id_email=?
Hibernate: 
    select
        sellerenti0_.seller_key as seller_k1_7_,
        sellerenti0_.shop_key as shop_key7_7_,
        sellerenti0_.isgrant as isgrant2_7_,
        sellerenti0_.seller_id_email as seller_i3_7_,
        sellerenti0_.seller_name as seller_n4_7_,
        sellerenti0_.seller_password as seller_p5_7_,
        sellerenti0_.seller_phonenum as seller_p6_7_ 
    from
        seller sellerenti0_ 
    where
        sellerenti0_.seller_id_email=?
2023-12-06 16:07:21.749 TRACE 22968 --- [    Test worker] o.h.type.descriptor.sql.BasicBinder      : binding parameter [1] as [VARCHAR] - [ajou@gmail.com]
2023-12-06 16:07:21.829 DEBUG 22968 --- [    Test worker] org.hibernate.SQL                        : 
    select
        accesstoke0_.token as token1_0_0_,
        accesstoke0_.seller_key as seller_k2_0_0_ 
    from
        access_token accesstoke0_ 
    where
        accesstoke0_.token=?
Hibernate: 
    select
        accesstoke0_.token as token1_0_0_,
        accesstoke0_.seller_key as seller_k2_0_0_ 
    from
        access_token accesstoke0_ 
    where
        accesstoke0_.token=?
2023-12-06 16:07:21.829 TRACE 22968 --- [    Test worker] o.h.type.descriptor.sql.BasicBinder      : binding parameter [1] as [VARCHAR] - [1ca51f33-0fcd-4c65-b338-456c1264cf41]
2023-12-06 16:07:21.838 DEBUG 22968 --- [    Test worker] org.hibernate.SQL                        : 
    insert 
    into
        access_token
        (seller_key, token) 
    values
        (?, ?)
Hibernate: 
    insert 
    into
        access_token
        (seller_key, token) 
    values
        (?, ?)
2023-12-06 16:07:21.839 TRACE 22968 --- [    Test worker] o.h.type.descriptor.sql.BasicBinder      : binding parameter [1] as [INTEGER] - [123456789]
2023-12-06 16:07:21.839 TRACE 22968 --- [    Test worker] o.h.type.descriptor.sql.BasicBinder      : binding parameter [2] as [VARCHAR] - [1ca51f33-0fcd-4c65-b338-456c1264cf41]
2023-12-06 16:07:21.845 DEBUG 22968 --- [    Test worker] org.hibernate.SQL                        : 
    select
        accesstoke0_.token as token1_0_,
        accesstoke0_.seller_key as seller_k2_0_ 
    from
        access_token accesstoke0_ 
    where
        accesstoke0_.token=?
Hibernate: 
    select
        accesstoke0_.token as token1_0_,
        accesstoke0_.seller_key as seller_k2_0_ 
    from
        access_token accesstoke0_ 
    where
        accesstoke0_.token=?
2023-12-06 16:07:21.845 TRACE 22968 --- [    Test worker] o.h.type.descriptor.sql.BasicBinder      : binding parameter [1] as [VARCHAR] - [1ca51f33-0fcd-4c65-b338-456c1264cf41]
2023-12-06 16:07:21.853 DEBUG 22968 --- [    Test worker] org.hibernate.SQL                        : 
    select
        accesstoke0_.token as token1_0_,
        accesstoke0_.seller_key as seller_k2_0_ 
    from
        access_token accesstoke0_ 
    where
        accesstoke0_.token=?
Hibernate: 
    select
        accesstoke0_.token as token1_0_,
        accesstoke0_.seller_key as seller_k2_0_ 
    from
        access_token accesstoke0_ 
    where
        accesstoke0_.token=?
2023-12-06 16:07:21.853 TRACE 22968 --- [    Test worker] o.h.type.descriptor.sql.BasicBinder      : binding parameter [1] as [VARCHAR] - [1ca51f33-0fcd-4c65-b338-456c1264cf41]
2023-12-06 16:07:21.865 DEBUG 22968 --- [    Test worker] org.hibernate.SQL                        : 
    delete 
    from
        access_token 
    where
        token=?
Hibernate: 
    delete 
    from
        access_token 
    where
        token=?
2023-12-06 16:07:21.865 TRACE 22968 --- [    Test worker] o.h.type.descriptor.sql.BasicBinder      : binding parameter [1] as [VARCHAR] - [1ca51f33-0fcd-4c65-b338-456c1264cf41]
2023-12-06 16:07:21.874 DEBUG 22968 --- [    Test worker] org.hibernate.SQL                        : 
    select
        accesstoke0_.token as token1_0_,
        accesstoke0_.seller_key as seller_k2_0_ 
    from
        access_token accesstoke0_ 
    where
        accesstoke0_.token=?
Hibernate: 
    select
        accesstoke0_.token as token1_0_,
        accesstoke0_.seller_key as seller_k2_0_ 
    from
        access_token accesstoke0_ 
    where
        accesstoke0_.token=?
2023-12-06 16:07:21.874 TRACE 22968 --- [    Test worker] o.h.type.descriptor.sql.BasicBinder      : binding parameter [1] as [VARCHAR] - [1ca51f33-0fcd-4c65-b338-456c1264cf41]
2023-12-06 16:07:21.895  INFO 22968 --- [    Test worker] o.s.t.c.transaction.TransactionContext   : Rolled back transaction for test: [DefaultTestContext@222e4377 testClass = SellerServiceTest, testInstance = net.prescent.service.SellerServiceTest@22b0fe7e, testMethod = logoutTest@SellerServiceTest, testException = [null], mergedContextConfiguration = [WebMergedContextConfiguration@22eccd2c testClass = SellerServiceTest, locations = '{}', classes = '{class net.prescent.PreScentApplication}', contextInitializerClasses = '[]', activeProfiles = '{}', propertySourceLocations = '{}', propertySourceProperties = '{org.springframework.boot.test.context.SpringBootTestContextBootstrapper=true}', contextCustomizers = set[org.springframework.boot.test.autoconfigure.actuate.metrics.MetricsExportContextCustomizerFactory$DisableMetricExportContextCustomizer@3f1c5af9, org.springframework.boot.test.autoconfigure.properties.PropertyMappingContextCustomizer@0, org.springframework.boot.test.autoconfigure.web.servlet.WebDriverContextCustomizerFactory$Customizer@44e3760b, org.springframework.boot.test.context.filter.ExcludeFilterContextCustomizer@1ddae9b5, org.springframework.boot.test.json.DuplicateJsonObjectContextCustomizerFactory$DuplicateJsonObjectContextCustomizer@2c7d121c, org.springframework.boot.test.mock.mockito.MockitoContextCustomizer@0, org.springframework.boot.test.web.client.TestRestTemplateContextCustomizer@1cd201a8, org.springframework.boot.test.web.reactive.server.WebTestClientContextCustomizer@19fe4644, org.springframework.boot.test.context.SpringBootTestArgs@1, org.springframework.boot.test.context.SpringBootTestWebEnvironment@df6620a], resourceBasePath = 'src/main/webapp', contextLoader = 'org.springframework.boot.test.context.SpringBootContextLoader', parent = [null]], attributes = map['org.springframework.test.context.web.ServletTestExecutionListener.activateListener' -> true, 'org.springframework.test.context.web.ServletTestExecutionListener.populatedRequestContextHolder' -> true, 'org.springframework.test.context.web.ServletTestExecutionListener.resetRequestContextHolder' -> true, 'org.springframework.test.context.event.ApplicationEventsTestExecutionListener.recordApplicationEvents' -> false]]
2023-12-06 16:07:21.904  INFO 22968 --- [    Test worker] o.s.t.c.transaction.TransactionContext   : Began transaction (1) for test context [DefaultTestContext@222e4377 testClass = SellerServiceTest, testInstance = net.prescent.service.SellerServiceTest@4dcb8e8b, testMethod = loginFailureWrongPasswordTest@SellerServiceTest, testException = [null], mergedContextConfiguration = [WebMergedContextConfiguration@22eccd2c testClass = SellerServiceTest, locations = '{}', classes = '{class net.prescent.PreScentApplication}', contextInitializerClasses = '[]', activeProfiles = '{}', propertySourceLocations = '{}', propertySourceProperties = '{org.springframework.boot.test.context.SpringBootTestContextBootstrapper=true}', contextCustomizers = set[org.springframework.boot.test.autoconfigure.actuate.metrics.MetricsExportContextCustomizerFactory$DisableMetricExportContextCustomizer@3f1c5af9, org.springframework.boot.test.autoconfigure.properties.PropertyMappingContextCustomizer@0, org.springframework.boot.test.autoconfigure.web.servlet.WebDriverContextCustomizerFactory$Customizer@44e3760b, org.springframework.boot.test.context.filter.ExcludeFilterContextCustomizer@1ddae9b5, org.springframework.boot.test.json.DuplicateJsonObjectContextCustomizerFactory$DuplicateJsonObjectContextCustomizer@2c7d121c, org.springframework.boot.test.mock.mockito.MockitoContextCustomizer@0, org.springframework.boot.test.web.client.TestRestTemplateContextCustomizer@1cd201a8, org.springframework.boot.test.web.reactive.server.WebTestClientContextCustomizer@19fe4644, org.springframework.boot.test.context.SpringBootTestArgs@1, org.springframework.boot.test.context.SpringBootTestWebEnvironment@df6620a], resourceBasePath = 'src/main/webapp', contextLoader = 'org.springframework.boot.test.context.SpringBootContextLoader', parent = [null]], attributes = map['org.springframework.test.context.web.ServletTestExecutionListener.activateListener' -> true, 'org.springframework.test.context.web.ServletTestExecutionListener.populatedRequestContextHolder' -> true, 'org.springframework.test.context.web.ServletTestExecutionListener.resetRequestContextHolder' -> true, 'org.springframework.test.context.event.ApplicationEventsTestExecutionListener.recordApplicationEvents' -> false]]; transaction manager [org.springframework.orm.jpa.JpaTransactionManager@21f8693e]; rollback [true]
2023-12-06 16:07:21.907 DEBUG 22968 --- [    Test worker] org.hibernate.SQL                        : 
    delete 
    from
        seller
Hibernate: 
    delete 
    from
        seller
2023-12-06 16:07:21.914 DEBUG 22968 --- [    Test worker] org.hibernate.SQL                        : 
    select
        sellerenti0_.seller_key as seller_k1_7_,
        sellerenti0_.shop_key as shop_key7_7_,
        sellerenti0_.isgrant as isgrant2_7_,
        sellerenti0_.seller_id_email as seller_i3_7_,
        sellerenti0_.seller_name as seller_n4_7_,
        sellerenti0_.seller_password as seller_p5_7_,
        sellerenti0_.seller_phonenum as seller_p6_7_ 
    from
        seller sellerenti0_ 
    where
        sellerenti0_.seller_key=?
Hibernate: 
    select
        sellerenti0_.seller_key as seller_k1_7_,
        sellerenti0_.shop_key as shop_key7_7_,
        sellerenti0_.isgrant as isgrant2_7_,
        sellerenti0_.seller_id_email as seller_i3_7_,
        sellerenti0_.seller_name as seller_n4_7_,
        sellerenti0_.seller_password as seller_p5_7_,
        sellerenti0_.seller_phonenum as seller_p6_7_ 
    from
        seller sellerenti0_ 
    where
        sellerenti0_.seller_key=?
2023-12-06 16:07:21.914 TRACE 22968 --- [    Test worker] o.h.type.descriptor.sql.BasicBinder      : binding parameter [1] as [INTEGER] - [123456789]
2023-12-06 16:07:21.989 DEBUG 22968 --- [    Test worker] org.hibernate.SQL                        : 
    select
        sellerenti0_.seller_key as seller_k1_7_0_,
        sellerenti0_.shop_key as shop_key7_7_0_,
        sellerenti0_.isgrant as isgrant2_7_0_,
        sellerenti0_.seller_id_email as seller_i3_7_0_,
        sellerenti0_.seller_name as seller_n4_7_0_,
        sellerenti0_.seller_password as seller_p5_7_0_,
        sellerenti0_.seller_phonenum as seller_p6_7_0_ 
    from
        seller sellerenti0_ 
    where
        sellerenti0_.seller_key=?
Hibernate: 
    select
        sellerenti0_.seller_key as seller_k1_7_0_,
        sellerenti0_.shop_key as shop_key7_7_0_,
        sellerenti0_.isgrant as isgrant2_7_0_,
        sellerenti0_.seller_id_email as seller_i3_7_0_,
        sellerenti0_.seller_name as seller_n4_7_0_,
        sellerenti0_.seller_password as seller_p5_7_0_,
        sellerenti0_.seller_phonenum as seller_p6_7_0_ 
    from
        seller sellerenti0_ 
    where
        sellerenti0_.seller_key=?
2023-12-06 16:07:21.990 TRACE 22968 --- [    Test worker] o.h.type.descriptor.sql.BasicBinder      : binding parameter [1] as [INTEGER] - [123456789]
2023-12-06 16:07:21.997 DEBUG 22968 --- [    Test worker] org.hibernate.SQL                        : 
    insert 
    into
        seller
        (shop_key, isgrant, seller_id_email, seller_name, seller_password, seller_phonenum, seller_key) 
    values
        (?, ?, ?, ?, ?, ?, ?)
Hibernate: 
    insert 
    into
        seller
        (shop_key, isgrant, seller_id_email, seller_name, seller_password, seller_phonenum, seller_key) 
    values
        (?, ?, ?, ?, ?, ?, ?)
2023-12-06 16:07:21.997 TRACE 22968 --- [    Test worker] o.h.type.descriptor.sql.BasicBinder      : binding parameter [1] as [INTEGER] - [null]
2023-12-06 16:07:21.997 TRACE 22968 --- [    Test worker] o.h.type.descriptor.sql.BasicBinder      : binding parameter [2] as [INTEGER] - [null]
2023-12-06 16:07:21.997 TRACE 22968 --- [    Test worker] o.h.type.descriptor.sql.BasicBinder      : binding parameter [3] as [VARCHAR] - [ajou@gmail.com]
2023-12-06 16:07:21.997 TRACE 22968 --- [    Test worker] o.h.type.descriptor.sql.BasicBinder      : binding parameter [4] as [VARCHAR] - [suhyeon]
2023-12-06 16:07:21.997 TRACE 22968 --- [    Test worker] o.h.type.descriptor.sql.BasicBinder      : binding parameter [5] as [VARCHAR] - [$2a$10$ZFrYUYdtx0hK8RaCZlIif.FIeHEzSBcsPICOwLvxT5JC.IQ7PojX.]
2023-12-06 16:07:21.997 TRACE 22968 --- [    Test worker] o.h.type.descriptor.sql.BasicBinder      : binding parameter [6] as [VARCHAR] - [010-1111-2222]
2023-12-06 16:07:21.997 TRACE 22968 --- [    Test worker] o.h.type.descriptor.sql.BasicBinder      : binding parameter [7] as [INTEGER] - [123456789]
2023-12-06 16:07:22.004 DEBUG 22968 --- [    Test worker] org.hibernate.SQL                        : 
    select
        sellerenti0_.seller_key as seller_k1_7_,
        sellerenti0_.shop_key as shop_key7_7_,
        sellerenti0_.isgrant as isgrant2_7_,
        sellerenti0_.seller_id_email as seller_i3_7_,
        sellerenti0_.seller_name as seller_n4_7_,
        sellerenti0_.seller_password as seller_p5_7_,
        sellerenti0_.seller_phonenum as seller_p6_7_ 
    from
        seller sellerenti0_ 
    where
        sellerenti0_.seller_id_email=?
Hibernate: 
    select
        sellerenti0_.seller_key as seller_k1_7_,
        sellerenti0_.shop_key as shop_key7_7_,
        sellerenti0_.isgrant as isgrant2_7_,
        sellerenti0_.seller_id_email as seller_i3_7_,
        sellerenti0_.seller_name as seller_n4_7_,
        sellerenti0_.seller_password as seller_p5_7_,
        sellerenti0_.seller_phonenum as seller_p6_7_ 
    from
        seller sellerenti0_ 
    where
        sellerenti0_.seller_id_email=?
2023-12-06 16:07:22.004 TRACE 22968 --- [    Test worker] o.h.type.descriptor.sql.BasicBinder      : binding parameter [1] as [VARCHAR] - [ajou@gmail.com]
2023-12-06 16:07:22.090  INFO 22968 --- [    Test worker] o.s.t.c.transaction.TransactionContext   : Rolled back transaction for test: [DefaultTestContext@222e4377 testClass = SellerServiceTest, testInstance = net.prescent.service.SellerServiceTest@4dcb8e8b, testMethod = loginFailureWrongPasswordTest@SellerServiceTest, testException = [null], mergedContextConfiguration = [WebMergedContextConfiguration@22eccd2c testClass = SellerServiceTest, locations = '{}', classes = '{class net.prescent.PreScentApplication}', contextInitializerClasses = '[]', activeProfiles = '{}', propertySourceLocations = '{}', propertySourceProperties = '{org.springframework.boot.test.context.SpringBootTestContextBootstrapper=true}', contextCustomizers = set[org.springframework.boot.test.autoconfigure.actuate.metrics.MetricsExportContextCustomizerFactory$DisableMetricExportContextCustomizer@3f1c5af9, org.springframework.boot.test.autoconfigure.properties.PropertyMappingContextCustomizer@0, org.springframework.boot.test.autoconfigure.web.servlet.WebDriverContextCustomizerFactory$Customizer@44e3760b, org.springframework.boot.test.context.filter.ExcludeFilterContextCustomizer@1ddae9b5, org.springframework.boot.test.json.DuplicateJsonObjectContextCustomizerFactory$DuplicateJsonObjectContextCustomizer@2c7d121c, org.springframework.boot.test.mock.mockito.MockitoContextCustomizer@0, org.springframework.boot.test.web.client.TestRestTemplateContextCustomizer@1cd201a8, org.springframework.boot.test.web.reactive.server.WebTestClientContextCustomizer@19fe4644, org.springframework.boot.test.context.SpringBootTestArgs@1, org.springframework.boot.test.context.SpringBootTestWebEnvironment@df6620a], resourceBasePath = 'src/main/webapp', contextLoader = 'org.springframework.boot.test.context.SpringBootContextLoader', parent = [null]], attributes = map['org.springframework.test.context.web.ServletTestExecutionListener.activateListener' -> true, 'org.springframework.test.context.web.ServletTestExecutionListener.populatedRequestContextHolder' -> true, 'org.springframework.test.context.web.ServletTestExecutionListener.resetRequestContextHolder' -> true, 'org.springframework.test.context.event.ApplicationEventsTestExecutionListener.recordApplicationEvents' -> false]]
2023-12-06 16:07:22.097  INFO 22968 --- [    Test worker] o.s.t.c.transaction.TransactionContext   : Began transaction (1) for test context [DefaultTestContext@222e4377 testClass = SellerServiceTest, testInstance = net.prescent.service.SellerServiceTest@6e1787ba, testMethod = loginSuccessTest@SellerServiceTest, testException = [null], mergedContextConfiguration = [WebMergedContextConfiguration@22eccd2c testClass = SellerServiceTest, locations = '{}', classes = '{class net.prescent.PreScentApplication}', contextInitializerClasses = '[]', activeProfiles = '{}', propertySourceLocations = '{}', propertySourceProperties = '{org.springframework.boot.test.context.SpringBootTestContextBootstrapper=true}', contextCustomizers = set[org.springframework.boot.test.autoconfigure.actuate.metrics.MetricsExportContextCustomizerFactory$DisableMetricExportContextCustomizer@3f1c5af9, org.springframework.boot.test.autoconfigure.properties.PropertyMappingContextCustomizer@0, org.springframework.boot.test.autoconfigure.web.servlet.WebDriverContextCustomizerFactory$Customizer@44e3760b, org.springframework.boot.test.context.filter.ExcludeFilterContextCustomizer@1ddae9b5, org.springframework.boot.test.json.DuplicateJsonObjectContextCustomizerFactory$DuplicateJsonObjectContextCustomizer@2c7d121c, org.springframework.boot.test.mock.mockito.MockitoContextCustomizer@0, org.springframework.boot.test.web.client.TestRestTemplateContextCustomizer@1cd201a8, org.springframework.boot.test.web.reactive.server.WebTestClientContextCustomizer@19fe4644, org.springframework.boot.test.context.SpringBootTestArgs@1, org.springframework.boot.test.context.SpringBootTestWebEnvironment@df6620a], resourceBasePath = 'src/main/webapp', contextLoader = 'org.springframework.boot.test.context.SpringBootContextLoader', parent = [null]], attributes = map['org.springframework.test.context.web.ServletTestExecutionListener.activateListener' -> true, 'org.springframework.test.context.web.ServletTestExecutionListener.populatedRequestContextHolder' -> true, 'org.springframework.test.context.web.ServletTestExecutionListener.resetRequestContextHolder' -> true, 'org.springframework.test.context.event.ApplicationEventsTestExecutionListener.recordApplicationEvents' -> false]]; transaction manager [org.springframework.orm.jpa.JpaTransactionManager@21f8693e]; rollback [true]
2023-12-06 16:07:22.099 DEBUG 22968 --- [    Test worker] org.hibernate.SQL                        : 
    delete 
    from
        seller
Hibernate: 
    delete 
    from
        seller
2023-12-06 16:07:22.106 DEBUG 22968 --- [    Test worker] org.hibernate.SQL                        : 
    select
        sellerenti0_.seller_key as seller_k1_7_,
        sellerenti0_.shop_key as shop_key7_7_,
        sellerenti0_.isgrant as isgrant2_7_,
        sellerenti0_.seller_id_email as seller_i3_7_,
        sellerenti0_.seller_name as seller_n4_7_,
        sellerenti0_.seller_password as seller_p5_7_,
        sellerenti0_.seller_phonenum as seller_p6_7_ 
    from
        seller sellerenti0_ 
    where
        sellerenti0_.seller_key=?
Hibernate: 
    select
        sellerenti0_.seller_key as seller_k1_7_,
        sellerenti0_.shop_key as shop_key7_7_,
        sellerenti0_.isgrant as isgrant2_7_,
        sellerenti0_.seller_id_email as seller_i3_7_,
        sellerenti0_.seller_name as seller_n4_7_,
        sellerenti0_.seller_password as seller_p5_7_,
        sellerenti0_.seller_phonenum as seller_p6_7_ 
    from
        seller sellerenti0_ 
    where
        sellerenti0_.seller_key=?
2023-12-06 16:07:22.106 TRACE 22968 --- [    Test worker] o.h.type.descriptor.sql.BasicBinder      : binding parameter [1] as [INTEGER] - [123456789]
2023-12-06 16:07:22.174 DEBUG 22968 --- [    Test worker] org.hibernate.SQL                        : 
    select
        sellerenti0_.seller_key as seller_k1_7_0_,
        sellerenti0_.shop_key as shop_key7_7_0_,
        sellerenti0_.isgrant as isgrant2_7_0_,
        sellerenti0_.seller_id_email as seller_i3_7_0_,
        sellerenti0_.seller_name as seller_n4_7_0_,
        sellerenti0_.seller_password as seller_p5_7_0_,
        sellerenti0_.seller_phonenum as seller_p6_7_0_ 
    from
        seller sellerenti0_ 
    where
        sellerenti0_.seller_key=?
Hibernate: 
    select
        sellerenti0_.seller_key as seller_k1_7_0_,
        sellerenti0_.shop_key as shop_key7_7_0_,
        sellerenti0_.isgrant as isgrant2_7_0_,
        sellerenti0_.seller_id_email as seller_i3_7_0_,
        sellerenti0_.seller_name as seller_n4_7_0_,
        sellerenti0_.seller_password as seller_p5_7_0_,
        sellerenti0_.seller_phonenum as seller_p6_7_0_ 
    from
        seller sellerenti0_ 
    where
        sellerenti0_.seller_key=?
2023-12-06 16:07:22.174 TRACE 22968 --- [    Test worker] o.h.type.descriptor.sql.BasicBinder      : binding parameter [1] as [INTEGER] - [123456789]
2023-12-06 16:07:22.181 DEBUG 22968 --- [    Test worker] org.hibernate.SQL                        : 
    insert 
    into
        seller
        (shop_key, isgrant, seller_id_email, seller_name, seller_password, seller_phonenum, seller_key) 
    values
        (?, ?, ?, ?, ?, ?, ?)
Hibernate: 
    insert 
    into
        seller
        (shop_key, isgrant, seller_id_email, seller_name, seller_password, seller_phonenum, seller_key) 
    values
        (?, ?, ?, ?, ?, ?, ?)
2023-12-06 16:07:22.182 TRACE 22968 --- [    Test worker] o.h.type.descriptor.sql.BasicBinder      : binding parameter [1] as [INTEGER] - [null]
2023-12-06 16:07:22.182 TRACE 22968 --- [    Test worker] o.h.type.descriptor.sql.BasicBinder      : binding parameter [2] as [INTEGER] - [null]
2023-12-06 16:07:22.182 TRACE 22968 --- [    Test worker] o.h.type.descriptor.sql.BasicBinder      : binding parameter [3] as [VARCHAR] - [ajou@gmail.com]
2023-12-06 16:07:22.182 TRACE 22968 --- [    Test worker] o.h.type.descriptor.sql.BasicBinder      : binding parameter [4] as [VARCHAR] - [suhyeon]
2023-12-06 16:07:22.182 TRACE 22968 --- [    Test worker] o.h.type.descriptor.sql.BasicBinder      : binding parameter [5] as [VARCHAR] - [$2a$10$WVOC8Difweigoz.CYaof8OwuFGjEB5PEN0YITuadzTw7EUsKQJ57e]
2023-12-06 16:07:22.182 TRACE 22968 --- [    Test worker] o.h.type.descriptor.sql.BasicBinder      : binding parameter [6] as [VARCHAR] - [010-1111-2222]
2023-12-06 16:07:22.182 TRACE 22968 --- [    Test worker] o.h.type.descriptor.sql.BasicBinder      : binding parameter [7] as [INTEGER] - [123456789]
2023-12-06 16:07:22.188 DEBUG 22968 --- [    Test worker] org.hibernate.SQL                        : 
    select
        sellerenti0_.seller_key as seller_k1_7_,
        sellerenti0_.shop_key as shop_key7_7_,
        sellerenti0_.isgrant as isgrant2_7_,
        sellerenti0_.seller_id_email as seller_i3_7_,
        sellerenti0_.seller_name as seller_n4_7_,
        sellerenti0_.seller_password as seller_p5_7_,
        sellerenti0_.seller_phonenum as seller_p6_7_ 
    from
        seller sellerenti0_ 
    where
        sellerenti0_.seller_id_email=?
Hibernate: 
    select
        sellerenti0_.seller_key as seller_k1_7_,
        sellerenti0_.shop_key as shop_key7_7_,
        sellerenti0_.isgrant as isgrant2_7_,
        sellerenti0_.seller_id_email as seller_i3_7_,
        sellerenti0_.seller_name as seller_n4_7_,
        sellerenti0_.seller_password as seller_p5_7_,
        sellerenti0_.seller_phonenum as seller_p6_7_ 
    from
        seller sellerenti0_ 
    where
        sellerenti0_.seller_id_email=?
2023-12-06 16:07:22.189 TRACE 22968 --- [    Test worker] o.h.type.descriptor.sql.BasicBinder      : binding parameter [1] as [VARCHAR] - [ajou@gmail.com]
2023-12-06 16:07:22.256 DEBUG 22968 --- [    Test worker] org.hibernate.SQL                        : 
    select
        accesstoke0_.token as token1_0_0_,
        accesstoke0_.seller_key as seller_k2_0_0_ 
    from
        access_token accesstoke0_ 
    where
        accesstoke0_.token=?
Hibernate: 
    select
        accesstoke0_.token as token1_0_0_,
        accesstoke0_.seller_key as seller_k2_0_0_ 
    from
        access_token accesstoke0_ 
    where
        accesstoke0_.token=?
2023-12-06 16:07:22.257 TRACE 22968 --- [    Test worker] o.h.type.descriptor.sql.BasicBinder      : binding parameter [1] as [VARCHAR] - [2f8ddb54-ef7f-418f-9824-5e4f1ce295f7]
2023-12-06 16:07:22.264 DEBUG 22968 --- [    Test worker] org.hibernate.SQL                        : 
    insert 
    into
        access_token
        (seller_key, token) 
    values
        (?, ?)
Hibernate: 
    insert 
    into
        access_token
        (seller_key, token) 
    values
        (?, ?)
2023-12-06 16:07:22.264 TRACE 22968 --- [    Test worker] o.h.type.descriptor.sql.BasicBinder      : binding parameter [1] as [INTEGER] - [123456789]
2023-12-06 16:07:22.264 TRACE 22968 --- [    Test worker] o.h.type.descriptor.sql.BasicBinder      : binding parameter [2] as [VARCHAR] - [2f8ddb54-ef7f-418f-9824-5e4f1ce295f7]
2023-12-06 16:07:22.272 DEBUG 22968 --- [    Test worker] org.hibernate.SQL                        : 
    select
        accesstoke0_.token as token1_0_,
        accesstoke0_.seller_key as seller_k2_0_ 
    from
        access_token accesstoke0_ 
    where
        accesstoke0_.token=?
Hibernate: 
    select
        accesstoke0_.token as token1_0_,
        accesstoke0_.seller_key as seller_k2_0_ 
    from
        access_token accesstoke0_ 
    where
        accesstoke0_.token=?
2023-12-06 16:07:22.274 TRACE 22968 --- [    Test worker] o.h.type.descriptor.sql.BasicBinder      : binding parameter [1] as [VARCHAR] - [2f8ddb54-ef7f-418f-9824-5e4f1ce295f7]
2023-12-06 16:07:22.295  INFO 22968 --- [    Test worker] o.s.t.c.transaction.TransactionContext   : Rolled back transaction for test: [DefaultTestContext@222e4377 testClass = SellerServiceTest, testInstance = net.prescent.service.SellerServiceTest@6e1787ba, testMethod = loginSuccessTest@SellerServiceTest, testException = [null], mergedContextConfiguration = [WebMergedContextConfiguration@22eccd2c testClass = SellerServiceTest, locations = '{}', classes = '{class net.prescent.PreScentApplication}', contextInitializerClasses = '[]', activeProfiles = '{}', propertySourceLocations = '{}', propertySourceProperties = '{org.springframework.boot.test.context.SpringBootTestContextBootstrapper=true}', contextCustomizers = set[org.springframework.boot.test.autoconfigure.actuate.metrics.MetricsExportContextCustomizerFactory$DisableMetricExportContextCustomizer@3f1c5af9, org.springframework.boot.test.autoconfigure.properties.PropertyMappingContextCustomizer@0, org.springframework.boot.test.autoconfigure.web.servlet.WebDriverContextCustomizerFactory$Customizer@44e3760b, org.springframework.boot.test.context.filter.ExcludeFilterContextCustomizer@1ddae9b5, org.springframework.boot.test.json.DuplicateJsonObjectContextCustomizerFactory$DuplicateJsonObjectContextCustomizer@2c7d121c, org.springframework.boot.test.mock.mockito.MockitoContextCustomizer@0, org.springframework.boot.test.web.client.TestRestTemplateContextCustomizer@1cd201a8, org.springframework.boot.test.web.reactive.server.WebTestClientContextCustomizer@19fe4644, org.springframework.boot.test.context.SpringBootTestArgs@1, org.springframework.boot.test.context.SpringBootTestWebEnvironment@df6620a], resourceBasePath = 'src/main/webapp', contextLoader = 'org.springframework.boot.test.context.SpringBootContextLoader', parent = [null]], attributes = map['org.springframework.test.context.web.ServletTestExecutionListener.activateListener' -> true, 'org.springframework.test.context.web.ServletTestExecutionListener.populatedRequestContextHolder' -> true, 'org.springframework.test.context.web.ServletTestExecutionListener.resetRequestContextHolder' -> true, 'org.springframework.test.context.event.ApplicationEventsTestExecutionListener.recordApplicationEvents' -> false]]
2023-12-06 16:07:22.309  INFO 22968 --- [    Test worker] o.s.t.c.transaction.TransactionContext   : Began transaction (1) for test context [DefaultTestContext@222e4377 testClass = SellerServiceTest, testInstance = net.prescent.service.SellerServiceTest@5fb7b227, testMethod = loginFailureWrongIdTest@SellerServiceTest, testException = [null], mergedContextConfiguration = [WebMergedContextConfiguration@22eccd2c testClass = SellerServiceTest, locations = '{}', classes = '{class net.prescent.PreScentApplication}', contextInitializerClasses = '[]', activeProfiles = '{}', propertySourceLocations = '{}', propertySourceProperties = '{org.springframework.boot.test.context.SpringBootTestContextBootstrapper=true}', contextCustomizers = set[org.springframework.boot.test.autoconfigure.actuate.metrics.MetricsExportContextCustomizerFactory$DisableMetricExportContextCustomizer@3f1c5af9, org.springframework.boot.test.autoconfigure.properties.PropertyMappingContextCustomizer@0, org.springframework.boot.test.autoconfigure.web.servlet.WebDriverContextCustomizerFactory$Customizer@44e3760b, org.springframework.boot.test.context.filter.ExcludeFilterContextCustomizer@1ddae9b5, org.springframework.boot.test.json.DuplicateJsonObjectContextCustomizerFactory$DuplicateJsonObjectContextCustomizer@2c7d121c, org.springframework.boot.test.mock.mockito.MockitoContextCustomizer@0, org.springframework.boot.test.web.client.TestRestTemplateContextCustomizer@1cd201a8, org.springframework.boot.test.web.reactive.server.WebTestClientContextCustomizer@19fe4644, org.springframework.boot.test.context.SpringBootTestArgs@1, org.springframework.boot.test.context.SpringBootTestWebEnvironment@df6620a], resourceBasePath = 'src/main/webapp', contextLoader = 'org.springframework.boot.test.context.SpringBootContextLoader', parent = [null]], attributes = map['org.springframework.test.context.web.ServletTestExecutionListener.activateListener' -> true, 'org.springframework.test.context.web.ServletTestExecutionListener.populatedRequestContextHolder' -> true, 'org.springframework.test.context.web.ServletTestExecutionListener.resetRequestContextHolder' -> true, 'org.springframework.test.context.event.ApplicationEventsTestExecutionListener.recordApplicationEvents' -> false]]; transaction manager [org.springframework.orm.jpa.JpaTransactionManager@21f8693e]; rollback [true]
2023-12-06 16:07:22.311 DEBUG 22968 --- [    Test worker] org.hibernate.SQL                        : 
    delete 
    from
        seller
Hibernate: 
    delete 
    from
        seller
2023-12-06 16:07:22.318 DEBUG 22968 --- [    Test worker] org.hibernate.SQL                        : 
    select
        sellerenti0_.seller_key as seller_k1_7_,
        sellerenti0_.shop_key as shop_key7_7_,
        sellerenti0_.isgrant as isgrant2_7_,
        sellerenti0_.seller_id_email as seller_i3_7_,
        sellerenti0_.seller_name as seller_n4_7_,
        sellerenti0_.seller_password as seller_p5_7_,
        sellerenti0_.seller_phonenum as seller_p6_7_ 
    from
        seller sellerenti0_ 
    where
        sellerenti0_.seller_key=?
Hibernate: 
    select
        sellerenti0_.seller_key as seller_k1_7_,
        sellerenti0_.shop_key as shop_key7_7_,
        sellerenti0_.isgrant as isgrant2_7_,
        sellerenti0_.seller_id_email as seller_i3_7_,
        sellerenti0_.seller_name as seller_n4_7_,
        sellerenti0_.seller_password as seller_p5_7_,
        sellerenti0_.seller_phonenum as seller_p6_7_ 
    from
        seller sellerenti0_ 
    where
        sellerenti0_.seller_key=?
2023-12-06 16:07:22.319 TRACE 22968 --- [    Test worker] o.h.type.descriptor.sql.BasicBinder      : binding parameter [1] as [INTEGER] - [123456789]
2023-12-06 16:07:22.391 DEBUG 22968 --- [    Test worker] org.hibernate.SQL                        : 
    select
        sellerenti0_.seller_key as seller_k1_7_0_,
        sellerenti0_.shop_key as shop_key7_7_0_,
        sellerenti0_.isgrant as isgrant2_7_0_,
        sellerenti0_.seller_id_email as seller_i3_7_0_,
        sellerenti0_.seller_name as seller_n4_7_0_,
        sellerenti0_.seller_password as seller_p5_7_0_,
        sellerenti0_.seller_phonenum as seller_p6_7_0_ 
    from
        seller sellerenti0_ 
    where
        sellerenti0_.seller_key=?
Hibernate: 
    select
        sellerenti0_.seller_key as seller_k1_7_0_,
        sellerenti0_.shop_key as shop_key7_7_0_,
        sellerenti0_.isgrant as isgrant2_7_0_,
        sellerenti0_.seller_id_email as seller_i3_7_0_,
        sellerenti0_.seller_name as seller_n4_7_0_,
        sellerenti0_.seller_password as seller_p5_7_0_,
        sellerenti0_.seller_phonenum as seller_p6_7_0_ 
    from
        seller sellerenti0_ 
    where
        sellerenti0_.seller_key=?
2023-12-06 16:07:22.391 TRACE 22968 --- [    Test worker] o.h.type.descriptor.sql.BasicBinder      : binding parameter [1] as [INTEGER] - [123456789]
2023-12-06 16:07:22.399 DEBUG 22968 --- [    Test worker] org.hibernate.SQL                        : 
    insert 
    into
        seller
        (shop_key, isgrant, seller_id_email, seller_name, seller_password, seller_phonenum, seller_key) 
    values
        (?, ?, ?, ?, ?, ?, ?)
Hibernate: 
    insert 
    into
        seller
        (shop_key, isgrant, seller_id_email, seller_name, seller_password, seller_phonenum, seller_key) 
    values
        (?, ?, ?, ?, ?, ?, ?)
2023-12-06 16:07:22.399 TRACE 22968 --- [    Test worker] o.h.type.descriptor.sql.BasicBinder      : binding parameter [1] as [INTEGER] - [null]
2023-12-06 16:07:22.399 TRACE 22968 --- [    Test worker] o.h.type.descriptor.sql.BasicBinder      : binding parameter [2] as [INTEGER] - [null]
2023-12-06 16:07:22.399 TRACE 22968 --- [    Test worker] o.h.type.descriptor.sql.BasicBinder      : binding parameter [3] as [VARCHAR] - [ajou@gmail.com]
2023-12-06 16:07:22.399 TRACE 22968 --- [    Test worker] o.h.type.descriptor.sql.BasicBinder      : binding parameter [4] as [VARCHAR] - [suhyeon]
2023-12-06 16:07:22.399 TRACE 22968 --- [    Test worker] o.h.type.descriptor.sql.BasicBinder      : binding parameter [5] as [VARCHAR] - [$2a$10$cM4WG0xpp.PNgga0FUC/Z.9e8Au5mJgTj4baQUpBNhFgdM2g/P78S]
2023-12-06 16:07:22.399 TRACE 22968 --- [    Test worker] o.h.type.descriptor.sql.BasicBinder      : binding parameter [6] as [VARCHAR] - [010-1111-2222]
2023-12-06 16:07:22.399 TRACE 22968 --- [    Test worker] o.h.type.descriptor.sql.BasicBinder      : binding parameter [7] as [INTEGER] - [123456789]
2023-12-06 16:07:22.406 DEBUG 22968 --- [    Test worker] org.hibernate.SQL                        : 
    select
        sellerenti0_.seller_key as seller_k1_7_,
        sellerenti0_.shop_key as shop_key7_7_,
        sellerenti0_.isgrant as isgrant2_7_,
        sellerenti0_.seller_id_email as seller_i3_7_,
        sellerenti0_.seller_name as seller_n4_7_,
        sellerenti0_.seller_password as seller_p5_7_,
        sellerenti0_.seller_phonenum as seller_p6_7_ 
    from
        seller sellerenti0_ 
    where
        sellerenti0_.seller_id_email=?
Hibernate: 
    select
        sellerenti0_.seller_key as seller_k1_7_,
        sellerenti0_.shop_key as shop_key7_7_,
        sellerenti0_.isgrant as isgrant2_7_,
        sellerenti0_.seller_id_email as seller_i3_7_,
        sellerenti0_.seller_name as seller_n4_7_,
        sellerenti0_.seller_password as seller_p5_7_,
        sellerenti0_.seller_phonenum as seller_p6_7_ 
    from
        seller sellerenti0_ 
    where
        sellerenti0_.seller_id_email=?
2023-12-06 16:07:22.406 TRACE 22968 --- [    Test worker] o.h.type.descriptor.sql.BasicBinder      : binding parameter [1] as [VARCHAR] - [wrongemail@gmail.com]
2023-12-06 16:07:22.428  INFO 22968 --- [    Test worker] o.s.t.c.transaction.TransactionContext   : Rolled back transaction for test: [DefaultTestContext@222e4377 testClass = SellerServiceTest, testInstance = net.prescent.service.SellerServiceTest@5fb7b227, testMethod = loginFailureWrongIdTest@SellerServiceTest, testException = [null], mergedContextConfiguration = [WebMergedContextConfiguration@22eccd2c testClass = SellerServiceTest, locations = '{}', classes = '{class net.prescent.PreScentApplication}', contextInitializerClasses = '[]', activeProfiles = '{}', propertySourceLocations = '{}', propertySourceProperties = '{org.springframework.boot.test.context.SpringBootTestContextBootstrapper=true}', contextCustomizers = set[org.springframework.boot.test.autoconfigure.actuate.metrics.MetricsExportContextCustomizerFactory$DisableMetricExportContextCustomizer@3f1c5af9, org.springframework.boot.test.autoconfigure.properties.PropertyMappingContextCustomizer@0, org.springframework.boot.test.autoconfigure.web.servlet.WebDriverContextCustomizerFactory$Customizer@44e3760b, org.springframework.boot.test.context.filter.ExcludeFilterContextCustomizer@1ddae9b5, org.springframework.boot.test.json.DuplicateJsonObjectContextCustomizerFactory$DuplicateJsonObjectContextCustomizer@2c7d121c, org.springframework.boot.test.mock.mockito.MockitoContextCustomizer@0, org.springframework.boot.test.web.client.TestRestTemplateContextCustomizer@1cd201a8, org.springframework.boot.test.web.reactive.server.WebTestClientContextCustomizer@19fe4644, org.springframework.boot.test.context.SpringBootTestArgs@1, org.springframework.boot.test.context.SpringBootTestWebEnvironment@df6620a], resourceBasePath = 'src/main/webapp', contextLoader = 'org.springframework.boot.test.context.SpringBootContextLoader', parent = [null]], attributes = map['org.springframework.test.context.web.ServletTestExecutionListener.activateListener' -> true, 'org.springframework.test.context.web.ServletTestExecutionListener.populatedRequestContextHolder' -> true, 'org.springframework.test.context.web.ServletTestExecutionListener.resetRequestContextHolder' -> true, 'org.springframework.test.context.event.ApplicationEventsTestExecutionListener.recordApplicationEvents' -> false]]
]]></system-out>
  <system-err><![CDATA[]]></system-err>
</testsuite>
