<?xml version="1.0" encoding="UTF-8"?>
<testsuite name="net.prescent.service.CustomerServiceTest" tests="2" skipped="0" failures="0" errors="0" timestamp="2023-11-21T12:08:44" hostname="LAPTOP-Q5F6TAOM" time="1.029">
  <properties/>
  <testcase name="고객/ 회원가입 테스트" classname="net.prescent.service.CustomerServiceTest" time="0.82"/>
  <testcase name="고객/ 중복 이메일 가입 테스트" classname="net.prescent.service.CustomerServiceTest" time="0.205"/>
  <system-out><![CDATA[21:08:33.834 [Test worker] DEBUG org.springframework.test.context.BootstrapUtils - Instantiating CacheAwareContextLoaderDelegate from class [org.springframework.test.context.cache.DefaultCacheAwareContextLoaderDelegate]
21:08:33.849 [Test worker] DEBUG org.springframework.test.context.BootstrapUtils - Instantiating BootstrapContext using constructor [public org.springframework.test.context.support.DefaultBootstrapContext(java.lang.Class,org.springframework.test.context.CacheAwareContextLoaderDelegate)]
21:08:33.900 [Test worker] DEBUG org.springframework.test.context.BootstrapUtils - Instantiating TestContextBootstrapper for test class [net.prescent.service.CustomerServiceTest] from class [org.springframework.boot.test.context.SpringBootTestContextBootstrapper]
21:08:33.920 [Test worker] INFO org.springframework.boot.test.context.SpringBootTestContextBootstrapper - Neither @ContextConfiguration nor @ContextHierarchy found for test class [net.prescent.service.CustomerServiceTest], using SpringBootContextLoader
21:08:33.928 [Test worker] DEBUG org.springframework.test.context.support.AbstractContextLoader - Did not detect default resource location for test class [net.prescent.service.CustomerServiceTest]: class path resource [net/prescent/service/CustomerServiceTest-context.xml] does not exist
21:08:33.929 [Test worker] DEBUG org.springframework.test.context.support.AbstractContextLoader - Did not detect default resource location for test class [net.prescent.service.CustomerServiceTest]: class path resource [net/prescent/service/CustomerServiceTestContext.groovy] does not exist
21:08:33.929 [Test worker] INFO org.springframework.test.context.support.AbstractContextLoader - Could not detect default resource locations for test class [net.prescent.service.CustomerServiceTest]: no resource found for suffixes {-context.xml, Context.groovy}.
21:08:33.930 [Test worker] INFO org.springframework.test.context.support.AnnotationConfigContextLoaderUtils - Could not detect default configuration classes for test class [net.prescent.service.CustomerServiceTest]: CustomerServiceTest does not declare any static, non-private, non-final, nested classes annotated with @Configuration.
21:08:34.010 [Test worker] DEBUG org.springframework.test.context.support.ActiveProfilesUtils - Could not find an 'annotation declaring class' for annotation type [org.springframework.test.context.ActiveProfiles] and class [net.prescent.service.CustomerServiceTest]
21:08:34.155 [Test worker] DEBUG org.springframework.context.annotation.ClassPathScanningCandidateComponentProvider - Identified candidate component class: file [C:\Users\user\IdeaProjects\PreScent_sc23\build\classes\java\main\net\prescent\PreScentApplication.class]
21:08:34.157 [Test worker] INFO org.springframework.boot.test.context.SpringBootTestContextBootstrapper - Found @SpringBootConfiguration net.prescent.PreScentApplication for test class net.prescent.service.CustomerServiceTest
21:08:34.322 [Test worker] DEBUG org.springframework.boot.test.context.SpringBootTestContextBootstrapper - @TestExecutionListeners is not present for class [net.prescent.service.CustomerServiceTest]: using defaults.
21:08:34.323 [Test worker] INFO org.springframework.boot.test.context.SpringBootTestContextBootstrapper - Loaded default TestExecutionListener class names from location [META-INF/spring.factories]: [org.springframework.security.test.context.support.WithSecurityContextTestExecutionListener, org.springframework.security.test.context.support.ReactorContextTestExecutionListener, org.springframework.boot.test.autoconfigure.restdocs.RestDocsTestExecutionListener, org.springframework.boot.test.autoconfigure.web.client.MockRestServiceServerResetTestExecutionListener, org.springframework.boot.test.autoconfigure.web.servlet.MockMvcPrintOnlyOnFailureTestExecutionListener, org.springframework.boot.test.autoconfigure.web.servlet.WebDriverTestExecutionListener, org.springframework.boot.test.autoconfigure.webservices.client.MockWebServiceServerTestExecutionListener, org.springframework.boot.test.mock.mockito.MockitoTestExecutionListener, org.springframework.boot.test.mock.mockito.ResetMocksTestExecutionListener, org.springframework.test.context.web.ServletTestExecutionListener, org.springframework.test.context.support.DirtiesContextBeforeModesTestExecutionListener, org.springframework.test.context.event.ApplicationEventsTestExecutionListener, org.springframework.test.context.support.DependencyInjectionTestExecutionListener, org.springframework.test.context.support.DirtiesContextTestExecutionListener, org.springframework.test.context.transaction.TransactionalTestExecutionListener, org.springframework.test.context.jdbc.SqlScriptsTestExecutionListener, org.springframework.test.context.event.EventPublishingTestExecutionListener]
21:08:34.351 [Test worker] INFO org.springframework.boot.test.context.SpringBootTestContextBootstrapper - Using TestExecutionListeners: [org.springframework.test.context.web.ServletTestExecutionListener@65ef722a, org.springframework.test.context.support.DirtiesContextBeforeModesTestExecutionListener@5fd9b663, org.springframework.test.context.event.ApplicationEventsTestExecutionListener@214894fc, org.springframework.boot.test.mock.mockito.MockitoTestExecutionListener@10567255, org.springframework.boot.test.autoconfigure.SpringBootDependencyInjectionTestExecutionListener@e362c57, org.springframework.test.context.support.DirtiesContextTestExecutionListener@1c4ee95c, org.springframework.test.context.transaction.TransactionalTestExecutionListener@79c4715d, org.springframework.test.context.jdbc.SqlScriptsTestExecutionListener@5aa360ea, org.springframework.security.test.context.support.WithSecurityContextTestExecutionListener@6548bb7d, org.springframework.test.context.event.EventPublishingTestExecutionListener@e27ba81, org.springframework.security.test.context.support.ReactorContextTestExecutionListener@54336c81, org.springframework.boot.test.autoconfigure.restdocs.RestDocsTestExecutionListener@1556f2dd, org.springframework.boot.test.autoconfigure.web.client.MockRestServiceServerResetTestExecutionListener@35e52059, org.springframework.boot.test.autoconfigure.web.servlet.MockMvcPrintOnlyOnFailureTestExecutionListener@62577d6, org.springframework.boot.test.autoconfigure.web.servlet.WebDriverTestExecutionListener@49bd54f7, org.springframework.boot.test.autoconfigure.webservices.client.MockWebServiceServerTestExecutionListener@6b5f8707, org.springframework.boot.test.mock.mockito.ResetMocksTestExecutionListener@772485dd]
21:08:34.356 [Test worker] DEBUG org.springframework.test.context.support.AbstractDirtiesContextTestExecutionListener - Before test class: context [DefaultTestContext@7cc9ce8 testClass = CustomerServiceTest, testInstance = [null], testMethod = [null], testException = [null], mergedContextConfiguration = [WebMergedContextConfiguration@2e27d72f testClass = CustomerServiceTest, locations = '{}', classes = '{class net.prescent.PreScentApplication}', contextInitializerClasses = '[]', activeProfiles = '{}', propertySourceLocations = '{}', propertySourceProperties = '{org.springframework.boot.test.context.SpringBootTestContextBootstrapper=true}', contextCustomizers = set[org.springframework.boot.test.autoconfigure.actuate.metrics.MetricsExportContextCustomizerFactory$DisableMetricExportContextCustomizer@3f053c80, org.springframework.boot.test.autoconfigure.properties.PropertyMappingContextCustomizer@0, org.springframework.boot.test.autoconfigure.web.servlet.WebDriverContextCustomizerFactory$Customizer@636e8cc, org.springframework.boot.test.context.filter.ExcludeFilterContextCustomizer@619bfe29, org.springframework.boot.test.json.DuplicateJsonObjectContextCustomizerFactory$DuplicateJsonObjectContextCustomizer@2bef51f2, org.springframework.boot.test.mock.mockito.MockitoContextCustomizer@0, org.springframework.boot.test.web.client.TestRestTemplateContextCustomizer@5ad10c1a, org.springframework.boot.test.context.SpringBootTestArgs@1, org.springframework.boot.test.context.SpringBootTestWebEnvironment@20d7d6fb], resourceBasePath = 'src/main/webapp', contextLoader = 'org.springframework.boot.test.context.SpringBootContextLoader', parent = [null]], attributes = map['org.springframework.test.context.web.ServletTestExecutionListener.activateListener' -> true]], class annotated with @DirtiesContext [false] with mode [null].

  .   ____          _            __ _ _
 /\\ / ___'_ __ _ _(_)_ __  __ _ \ \ \ \
( ( )\___ | '_ | '_| | '_ \/ _` | \ \ \ \
 \\/  ___)| |_)| | | | | || (_| |  ) ) ) )
  '  |____| .__|_| |_|_| |_\__, | / / / /
 =========|_|==============|___/=/_/_/_/
 :: Spring Boot ::               (v2.7.17)

2023-11-21 21:08:34.930  INFO 13604 --- [    Test worker] n.prescent.service.CustomerServiceTest   : Starting CustomerServiceTest using Java 11.0.21 on LAPTOP-Q5F6TAOM with PID 13604 (started by soohyeon in C:\Users\user\IdeaProjects\PreScent_sc23)
2023-11-21 21:08:34.936  INFO 13604 --- [    Test worker] n.prescent.service.CustomerServiceTest   : No active profile set, falling back to 1 default profile: "default"
2023-11-21 21:08:36.672  INFO 13604 --- [    Test worker] .s.d.r.c.RepositoryConfigurationDelegate : Bootstrapping Spring Data JPA repositories in DEFAULT mode.
2023-11-21 21:08:36.898  INFO 13604 --- [    Test worker] .s.d.r.c.RepositoryConfigurationDelegate : Finished Spring Data repository scanning in 215 ms. Found 7 JPA repository interfaces.
2023-11-21 21:08:38.198  INFO 13604 --- [    Test worker] o.hibernate.jpa.internal.util.LogHelper  : HHH000204: Processing PersistenceUnitInfo [name: default]
2023-11-21 21:08:38.315  INFO 13604 --- [    Test worker] org.hibernate.Version                    : HHH000412: Hibernate ORM core version 5.6.15.Final
2023-11-21 21:08:38.660  INFO 13604 --- [    Test worker] o.hibernate.annotations.common.Version   : HCANN000001: Hibernate Commons Annotations {5.1.2.Final}
2023-11-21 21:08:38.954  INFO 13604 --- [    Test worker] com.zaxxer.hikari.HikariDataSource       : HikariPool-1 - Starting...
2023-11-21 21:08:39.360  INFO 13604 --- [    Test worker] com.zaxxer.hikari.HikariDataSource       : HikariPool-1 - Start completed.
2023-11-21 21:08:39.386  INFO 13604 --- [    Test worker] org.hibernate.dialect.Dialect            : HHH000400: Using dialect: org.hibernate.dialect.MySQL5InnoDBDialect
2023-11-21 21:08:40.849  INFO 13604 --- [    Test worker] o.h.e.t.j.p.i.JtaPlatformInitiator       : HHH000490: Using JtaPlatform implementation: [org.hibernate.engine.transaction.jta.platform.internal.NoJtaPlatform]
2023-11-21 21:08:40.866  INFO 13604 --- [    Test worker] j.LocalContainerEntityManagerFactoryBean : Initialized JPA EntityManagerFactory for persistence unit 'default'
2023-11-21 21:08:41.606  WARN 13604 --- [    Test worker] JpaBaseConfiguration$JpaWebConfiguration : spring.jpa.open-in-view is enabled by default. Therefore, database queries may be performed during view rendering. Explicitly configure spring.jpa.open-in-view to disable this warning
2023-11-21 21:08:42.105  WARN 13604 --- [    Test worker] .s.s.UserDetailsServiceAutoConfiguration : 

Using generated security password: d05a8860-56be-4e94-9aec-61097e94d9f5

This generated password is for development use only. Your security configuration must be updated before running your application in production.

2023-11-21 21:08:42.498  INFO 13604 --- [    Test worker] o.s.s.web.DefaultSecurityFilterChain     : Will secure any request with [org.springframework.security.web.session.DisableEncodeUrlFilter@755033c5, org.springframework.security.web.context.request.async.WebAsyncManagerIntegrationFilter@229c4d34, org.springframework.security.web.context.SecurityContextPersistenceFilter@1c25385a, org.springframework.security.web.header.HeaderWriterFilter@5f233f9, org.springframework.security.web.authentication.logout.LogoutFilter@5570ee6d, net.prescent.security.CustomAuthenticationFilter@5b49b1df, org.springframework.security.web.savedrequest.RequestCacheAwareFilter@567baa55, org.springframework.security.web.servletapi.SecurityContextHolderAwareRequestFilter@7657d29f, org.springframework.security.web.authentication.AnonymousAuthenticationFilter@689eab53, org.springframework.security.web.session.SessionManagementFilter@67167f8f, org.springframework.security.web.access.ExceptionTranslationFilter@6705fb02, org.springframework.security.web.access.intercept.FilterSecurityInterceptor@49e92724]
2023-11-21 21:08:44.171  INFO 13604 --- [    Test worker] n.prescent.service.CustomerServiceTest   : Started CustomerServiceTest in 9.767 seconds (JVM running for 12.424)
2023-11-21 21:08:44.244  INFO 13604 --- [    Test worker] o.s.t.c.transaction.TransactionContext   : Began transaction (1) for test context [DefaultTestContext@7cc9ce8 testClass = CustomerServiceTest, testInstance = net.prescent.service.CustomerServiceTest@68ee7b3b, testMethod = signupCustomerTest@CustomerServiceTest, testException = [null], mergedContextConfiguration = [WebMergedContextConfiguration@2e27d72f testClass = CustomerServiceTest, locations = '{}', classes = '{class net.prescent.PreScentApplication}', contextInitializerClasses = '[]', activeProfiles = '{}', propertySourceLocations = '{}', propertySourceProperties = '{org.springframework.boot.test.context.SpringBootTestContextBootstrapper=true}', contextCustomizers = set[org.springframework.boot.test.autoconfigure.actuate.metrics.MetricsExportContextCustomizerFactory$DisableMetricExportContextCustomizer@3f053c80, org.springframework.boot.test.autoconfigure.properties.PropertyMappingContextCustomizer@0, org.springframework.boot.test.autoconfigure.web.servlet.WebDriverContextCustomizerFactory$Customizer@636e8cc, org.springframework.boot.test.context.filter.ExcludeFilterContextCustomizer@619bfe29, org.springframework.boot.test.json.DuplicateJsonObjectContextCustomizerFactory$DuplicateJsonObjectContextCustomizer@2bef51f2, org.springframework.boot.test.mock.mockito.MockitoContextCustomizer@0, org.springframework.boot.test.web.client.TestRestTemplateContextCustomizer@5ad10c1a, org.springframework.boot.test.context.SpringBootTestArgs@1, org.springframework.boot.test.context.SpringBootTestWebEnvironment@20d7d6fb], resourceBasePath = 'src/main/webapp', contextLoader = 'org.springframework.boot.test.context.SpringBootContextLoader', parent = [null]], attributes = map['org.springframework.test.context.web.ServletTestExecutionListener.activateListener' -> true, 'org.springframework.test.context.web.ServletTestExecutionListener.populatedRequestContextHolder' -> true, 'org.springframework.test.context.web.ServletTestExecutionListener.resetRequestContextHolder' -> true, 'org.springframework.test.context.event.ApplicationEventsTestExecutionListener.recordApplicationEvents' -> false]]; transaction manager [org.springframework.orm.jpa.JpaTransactionManager@7ef8899d]; rollback [true]
2023-11-21 21:08:44.572 DEBUG 13604 --- [    Test worker] org.hibernate.SQL                        : 
    delete 
    from
        customer
Hibernate: 
    delete 
    from
        customer
2023-11-21 21:08:44.670 DEBUG 13604 --- [    Test worker] org.hibernate.SQL                        : 
    select
        customeren0_.customer_key as customer1_3_,
        customeren0_.cart_id as cart_id7_3_,
        customeren0_.customer_id_email as customer2_3_,
        customeren0_.customer_location as customer3_3_,
        customeren0_.customer_name as customer4_3_,
        customeren0_.customer_password as customer5_3_,
        customeren0_.customer_phonenum as customer6_3_ 
    from
        customer customeren0_ 
    where
        customeren0_.customer_id_email=?
Hibernate: 
    select
        customeren0_.customer_key as customer1_3_,
        customeren0_.cart_id as cart_id7_3_,
        customeren0_.customer_id_email as customer2_3_,
        customeren0_.customer_location as customer3_3_,
        customeren0_.customer_name as customer4_3_,
        customeren0_.customer_password as customer5_3_,
        customeren0_.customer_phonenum as customer6_3_ 
    from
        customer customeren0_ 
    where
        customeren0_.customer_id_email=?
2023-11-21 21:08:44.677 TRACE 13604 --- [    Test worker] o.h.type.descriptor.sql.BasicBinder      : binding parameter [1] as [VARCHAR] - [ajou.gmail.com]
2023-11-21 21:08:44.837 DEBUG 13604 --- [    Test worker] org.hibernate.SQL                        : 
    insert 
    into
        customer
        (cart_id, customer_id_email, customer_location, customer_name, customer_password, customer_phonenum) 
    values
        (?, ?, ?, ?, ?, ?)
Hibernate: 
    insert 
    into
        customer
        (cart_id, customer_id_email, customer_location, customer_name, customer_password, customer_phonenum) 
    values
        (?, ?, ?, ?, ?, ?)
2023-11-21 21:08:44.839 TRACE 13604 --- [    Test worker] o.h.type.descriptor.sql.BasicBinder      : binding parameter [1] as [INTEGER] - [null]
2023-11-21 21:08:44.840 TRACE 13604 --- [    Test worker] o.h.type.descriptor.sql.BasicBinder      : binding parameter [2] as [VARCHAR] - [ajou.gmail.com]
2023-11-21 21:08:44.840 TRACE 13604 --- [    Test worker] o.h.type.descriptor.sql.BasicBinder      : binding parameter [3] as [VARCHAR] - [null]
2023-11-21 21:08:44.840 TRACE 13604 --- [    Test worker] o.h.type.descriptor.sql.BasicBinder      : binding parameter [4] as [VARCHAR] - [suhyeon]
2023-11-21 21:08:44.840 TRACE 13604 --- [    Test worker] o.h.type.descriptor.sql.BasicBinder      : binding parameter [5] as [VARCHAR] - [$2a$10$Xdt4CAnPqVisvz6U1sn3e.mbLl2xd4tepFKFI0lnyWZzcsW6EGUmq]
2023-11-21 21:08:44.840 TRACE 13604 --- [    Test worker] o.h.type.descriptor.sql.BasicBinder      : binding parameter [6] as [VARCHAR] - [010-1111-2222]
2023-11-21 21:08:44.868 DEBUG 13604 --- [    Test worker] org.hibernate.SQL                        : 
    select
        customeren0_.customer_key as customer1_3_,
        customeren0_.cart_id as cart_id7_3_,
        customeren0_.customer_id_email as customer2_3_,
        customeren0_.customer_location as customer3_3_,
        customeren0_.customer_name as customer4_3_,
        customeren0_.customer_password as customer5_3_,
        customeren0_.customer_phonenum as customer6_3_ 
    from
        customer customeren0_ 
    where
        customeren0_.customer_id_email=?
Hibernate: 
    select
        customeren0_.customer_key as customer1_3_,
        customeren0_.cart_id as cart_id7_3_,
        customeren0_.customer_id_email as customer2_3_,
        customeren0_.customer_location as customer3_3_,
        customeren0_.customer_name as customer4_3_,
        customeren0_.customer_password as customer5_3_,
        customeren0_.customer_phonenum as customer6_3_ 
    from
        customer customeren0_ 
    where
        customeren0_.customer_id_email=?
2023-11-21 21:08:44.869 TRACE 13604 --- [    Test worker] o.h.type.descriptor.sql.BasicBinder      : binding parameter [1] as [VARCHAR] - [ajou.gmail.com]
2023-11-21 21:08:45.007  INFO 13604 --- [    Test worker] o.s.t.c.transaction.TransactionContext   : Rolled back transaction for test: [DefaultTestContext@7cc9ce8 testClass = CustomerServiceTest, testInstance = net.prescent.service.CustomerServiceTest@68ee7b3b, testMethod = signupCustomerTest@CustomerServiceTest, testException = [null], mergedContextConfiguration = [WebMergedContextConfiguration@2e27d72f testClass = CustomerServiceTest, locations = '{}', classes = '{class net.prescent.PreScentApplication}', contextInitializerClasses = '[]', activeProfiles = '{}', propertySourceLocations = '{}', propertySourceProperties = '{org.springframework.boot.test.context.SpringBootTestContextBootstrapper=true}', contextCustomizers = set[org.springframework.boot.test.autoconfigure.actuate.metrics.MetricsExportContextCustomizerFactory$DisableMetricExportContextCustomizer@3f053c80, org.springframework.boot.test.autoconfigure.properties.PropertyMappingContextCustomizer@0, org.springframework.boot.test.autoconfigure.web.servlet.WebDriverContextCustomizerFactory$Customizer@636e8cc, org.springframework.boot.test.context.filter.ExcludeFilterContextCustomizer@619bfe29, org.springframework.boot.test.json.DuplicateJsonObjectContextCustomizerFactory$DuplicateJsonObjectContextCustomizer@2bef51f2, org.springframework.boot.test.mock.mockito.MockitoContextCustomizer@0, org.springframework.boot.test.web.client.TestRestTemplateContextCustomizer@5ad10c1a, org.springframework.boot.test.context.SpringBootTestArgs@1, org.springframework.boot.test.context.SpringBootTestWebEnvironment@20d7d6fb], resourceBasePath = 'src/main/webapp', contextLoader = 'org.springframework.boot.test.context.SpringBootContextLoader', parent = [null]], attributes = map['org.springframework.test.context.web.ServletTestExecutionListener.activateListener' -> true, 'org.springframework.test.context.web.ServletTestExecutionListener.populatedRequestContextHolder' -> true, 'org.springframework.test.context.web.ServletTestExecutionListener.resetRequestContextHolder' -> true, 'org.springframework.test.context.event.ApplicationEventsTestExecutionListener.recordApplicationEvents' -> false]]
2023-11-21 21:08:45.060  INFO 13604 --- [    Test worker] o.s.t.c.transaction.TransactionContext   : Began transaction (1) for test context [DefaultTestContext@7cc9ce8 testClass = CustomerServiceTest, testInstance = net.prescent.service.CustomerServiceTest@68c05c5b, testMethod = saveDuplicateCustomerTest@CustomerServiceTest, testException = [null], mergedContextConfiguration = [WebMergedContextConfiguration@2e27d72f testClass = CustomerServiceTest, locations = '{}', classes = '{class net.prescent.PreScentApplication}', contextInitializerClasses = '[]', activeProfiles = '{}', propertySourceLocations = '{}', propertySourceProperties = '{org.springframework.boot.test.context.SpringBootTestContextBootstrapper=true}', contextCustomizers = set[org.springframework.boot.test.autoconfigure.actuate.metrics.MetricsExportContextCustomizerFactory$DisableMetricExportContextCustomizer@3f053c80, org.springframework.boot.test.autoconfigure.properties.PropertyMappingContextCustomizer@0, org.springframework.boot.test.autoconfigure.web.servlet.WebDriverContextCustomizerFactory$Customizer@636e8cc, org.springframework.boot.test.context.filter.ExcludeFilterContextCustomizer@619bfe29, org.springframework.boot.test.json.DuplicateJsonObjectContextCustomizerFactory$DuplicateJsonObjectContextCustomizer@2bef51f2, org.springframework.boot.test.mock.mockito.MockitoContextCustomizer@0, org.springframework.boot.test.web.client.TestRestTemplateContextCustomizer@5ad10c1a, org.springframework.boot.test.context.SpringBootTestArgs@1, org.springframework.boot.test.context.SpringBootTestWebEnvironment@20d7d6fb], resourceBasePath = 'src/main/webapp', contextLoader = 'org.springframework.boot.test.context.SpringBootContextLoader', parent = [null]], attributes = map['org.springframework.test.context.web.ServletTestExecutionListener.activateListener' -> true, 'org.springframework.test.context.web.ServletTestExecutionListener.populatedRequestContextHolder' -> true, 'org.springframework.test.context.web.ServletTestExecutionListener.resetRequestContextHolder' -> true, 'org.springframework.test.context.event.ApplicationEventsTestExecutionListener.recordApplicationEvents' -> false]]; transaction manager [org.springframework.orm.jpa.JpaTransactionManager@7ef8899d]; rollback [true]
2023-11-21 21:08:45.066 DEBUG 13604 --- [    Test worker] org.hibernate.SQL                        : 
    delete 
    from
        customer
Hibernate: 
    delete 
    from
        customer
2023-11-21 21:08:45.086 DEBUG 13604 --- [    Test worker] org.hibernate.SQL                        : 
    select
        customeren0_.customer_key as customer1_3_,
        customeren0_.cart_id as cart_id7_3_,
        customeren0_.customer_id_email as customer2_3_,
        customeren0_.customer_location as customer3_3_,
        customeren0_.customer_name as customer4_3_,
        customeren0_.customer_password as customer5_3_,
        customeren0_.customer_phonenum as customer6_3_ 
    from
        customer customeren0_ 
    where
        customeren0_.customer_id_email=?
Hibernate: 
    select
        customeren0_.customer_key as customer1_3_,
        customeren0_.cart_id as cart_id7_3_,
        customeren0_.customer_id_email as customer2_3_,
        customeren0_.customer_location as customer3_3_,
        customeren0_.customer_name as customer4_3_,
        customeren0_.customer_password as customer5_3_,
        customeren0_.customer_phonenum as customer6_3_ 
    from
        customer customeren0_ 
    where
        customeren0_.customer_id_email=?
2023-11-21 21:08:45.087 TRACE 13604 --- [    Test worker] o.h.type.descriptor.sql.BasicBinder      : binding parameter [1] as [VARCHAR] - [ajou.gmail.com]
2023-11-21 21:08:45.186 DEBUG 13604 --- [    Test worker] org.hibernate.SQL                        : 
    insert 
    into
        customer
        (cart_id, customer_id_email, customer_location, customer_name, customer_password, customer_phonenum) 
    values
        (?, ?, ?, ?, ?, ?)
Hibernate: 
    insert 
    into
        customer
        (cart_id, customer_id_email, customer_location, customer_name, customer_password, customer_phonenum) 
    values
        (?, ?, ?, ?, ?, ?)
2023-11-21 21:08:45.188 TRACE 13604 --- [    Test worker] o.h.type.descriptor.sql.BasicBinder      : binding parameter [1] as [INTEGER] - [null]
2023-11-21 21:08:45.189 TRACE 13604 --- [    Test worker] o.h.type.descriptor.sql.BasicBinder      : binding parameter [2] as [VARCHAR] - [ajou.gmail.com]
2023-11-21 21:08:45.189 TRACE 13604 --- [    Test worker] o.h.type.descriptor.sql.BasicBinder      : binding parameter [3] as [VARCHAR] - [null]
2023-11-21 21:08:45.189 TRACE 13604 --- [    Test worker] o.h.type.descriptor.sql.BasicBinder      : binding parameter [4] as [VARCHAR] - [suhyeon]
2023-11-21 21:08:45.189 TRACE 13604 --- [    Test worker] o.h.type.descriptor.sql.BasicBinder      : binding parameter [5] as [VARCHAR] - [$2a$10$6xL2lhVoG.sTtpwt3/xIX.i3yNfjhnyh0ugkMXSY15KgeXp5xvcr6]
2023-11-21 21:08:45.190 TRACE 13604 --- [    Test worker] o.h.type.descriptor.sql.BasicBinder      : binding parameter [6] as [VARCHAR] - [010-1111-2222]
2023-11-21 21:08:45.201 DEBUG 13604 --- [    Test worker] org.hibernate.SQL                        : 
    select
        customeren0_.customer_key as customer1_3_,
        customeren0_.cart_id as cart_id7_3_,
        customeren0_.customer_id_email as customer2_3_,
        customeren0_.customer_location as customer3_3_,
        customeren0_.customer_name as customer4_3_,
        customeren0_.customer_password as customer5_3_,
        customeren0_.customer_phonenum as customer6_3_ 
    from
        customer customeren0_ 
    where
        customeren0_.customer_id_email=?
Hibernate: 
    select
        customeren0_.customer_key as customer1_3_,
        customeren0_.cart_id as cart_id7_3_,
        customeren0_.customer_id_email as customer2_3_,
        customeren0_.customer_location as customer3_3_,
        customeren0_.customer_name as customer4_3_,
        customeren0_.customer_password as customer5_3_,
        customeren0_.customer_phonenum as customer6_3_ 
    from
        customer customeren0_ 
    where
        customeren0_.customer_id_email=?
2023-11-21 21:08:45.202 TRACE 13604 --- [    Test worker] o.h.type.descriptor.sql.BasicBinder      : binding parameter [1] as [VARCHAR] - [ajou.gmail.com]
2023-11-21 21:08:45.233  INFO 13604 --- [    Test worker] o.s.t.c.transaction.TransactionContext   : Rolled back transaction for test: [DefaultTestContext@7cc9ce8 testClass = CustomerServiceTest, testInstance = net.prescent.service.CustomerServiceTest@68c05c5b, testMethod = saveDuplicateCustomerTest@CustomerServiceTest, testException = [null], mergedContextConfiguration = [WebMergedContextConfiguration@2e27d72f testClass = CustomerServiceTest, locations = '{}', classes = '{class net.prescent.PreScentApplication}', contextInitializerClasses = '[]', activeProfiles = '{}', propertySourceLocations = '{}', propertySourceProperties = '{org.springframework.boot.test.context.SpringBootTestContextBootstrapper=true}', contextCustomizers = set[org.springframework.boot.test.autoconfigure.actuate.metrics.MetricsExportContextCustomizerFactory$DisableMetricExportContextCustomizer@3f053c80, org.springframework.boot.test.autoconfigure.properties.PropertyMappingContextCustomizer@0, org.springframework.boot.test.autoconfigure.web.servlet.WebDriverContextCustomizerFactory$Customizer@636e8cc, org.springframework.boot.test.context.filter.ExcludeFilterContextCustomizer@619bfe29, org.springframework.boot.test.json.DuplicateJsonObjectContextCustomizerFactory$DuplicateJsonObjectContextCustomizer@2bef51f2, org.springframework.boot.test.mock.mockito.MockitoContextCustomizer@0, org.springframework.boot.test.web.client.TestRestTemplateContextCustomizer@5ad10c1a, org.springframework.boot.test.context.SpringBootTestArgs@1, org.springframework.boot.test.context.SpringBootTestWebEnvironment@20d7d6fb], resourceBasePath = 'src/main/webapp', contextLoader = 'org.springframework.boot.test.context.SpringBootContextLoader', parent = [null]], attributes = map['org.springframework.test.context.web.ServletTestExecutionListener.activateListener' -> true, 'org.springframework.test.context.web.ServletTestExecutionListener.populatedRequestContextHolder' -> true, 'org.springframework.test.context.web.ServletTestExecutionListener.resetRequestContextHolder' -> true, 'org.springframework.test.context.event.ApplicationEventsTestExecutionListener.recordApplicationEvents' -> false]]
]]></system-out>
  <system-err><![CDATA[]]></system-err>
</testsuite>
