<?xml version="1.0" encoding="UTF-8"?>
<testsuite name="Unknown.PreScent.service.CustomerServiceTest" tests="5" skipped="0" failures="0" errors="0" timestamp="2023-11-21T17:09:33" hostname="SWSEO_LT" time="2.112">
  <properties/>
  <testcase name="고객/ 회원가입 테스트" classname="Unknown.PreScent.service.CustomerServiceTest" time="0.916"/>
  <testcase name="고객/ 로그인 실패 - 잘못된 PASSWORD 테스트" classname="Unknown.PreScent.service.CustomerServiceTest" time="0.462"/>
  <testcase name="고객/ 로그인 성공 테스트" classname="Unknown.PreScent.service.CustomerServiceTest" time="0.342"/>
  <testcase name="고객/ 중복 이메일 가입 테스트" classname="Unknown.PreScent.service.CustomerServiceTest" time="0.067"/>
  <testcase name="고객/ 로그인 실패 - 잘못된 Email 테스트" classname="Unknown.PreScent.service.CustomerServiceTest" time="0.316"/>
  <system-out><![CDATA[02:09:20.818 [Test worker] DEBUG org.springframework.test.context.BootstrapUtils - Instantiating CacheAwareContextLoaderDelegate from class [org.springframework.test.context.cache.DefaultCacheAwareContextLoaderDelegate]
02:09:20.840 [Test worker] DEBUG org.springframework.test.context.BootstrapUtils - Instantiating BootstrapContext using constructor [public org.springframework.test.context.support.DefaultBootstrapContext(java.lang.Class,org.springframework.test.context.CacheAwareContextLoaderDelegate)]
02:09:20.912 [Test worker] DEBUG org.springframework.test.context.BootstrapUtils - Instantiating TestContextBootstrapper for test class [Unknown.PreScent.service.CustomerServiceTest] from class [org.springframework.boot.test.context.SpringBootTestContextBootstrapper]
02:09:20.938 [Test worker] INFO org.springframework.boot.test.context.SpringBootTestContextBootstrapper - Neither @ContextConfiguration nor @ContextHierarchy found for test class [Unknown.PreScent.service.CustomerServiceTest], using SpringBootContextLoader
02:09:20.947 [Test worker] DEBUG org.springframework.test.context.support.AbstractContextLoader - Did not detect default resource location for test class [Unknown.PreScent.service.CustomerServiceTest]: class path resource [Unknown/PreScent/service/CustomerServiceTest-context.xml] does not exist
02:09:20.949 [Test worker] DEBUG org.springframework.test.context.support.AbstractContextLoader - Did not detect default resource location for test class [Unknown.PreScent.service.CustomerServiceTest]: class path resource [Unknown/PreScent/service/CustomerServiceTestContext.groovy] does not exist
02:09:20.949 [Test worker] INFO org.springframework.test.context.support.AbstractContextLoader - Could not detect default resource locations for test class [Unknown.PreScent.service.CustomerServiceTest]: no resource found for suffixes {-context.xml, Context.groovy}.
02:09:20.951 [Test worker] INFO org.springframework.test.context.support.AnnotationConfigContextLoaderUtils - Could not detect default configuration classes for test class [Unknown.PreScent.service.CustomerServiceTest]: CustomerServiceTest does not declare any static, non-private, non-final, nested classes annotated with @Configuration.
02:09:21.033 [Test worker] DEBUG org.springframework.test.context.support.ActiveProfilesUtils - Could not find an 'annotation declaring class' for annotation type [org.springframework.test.context.ActiveProfiles] and class [Unknown.PreScent.service.CustomerServiceTest]
02:09:21.177 [Test worker] DEBUG org.springframework.context.annotation.ClassPathScanningCandidateComponentProvider - Identified candidate component class: file [C:\Users\swseo\IdeaProjects\backend\build\classes\java\main\Unknown\PreScent\PreScentApplication.class]
02:09:21.179 [Test worker] INFO org.springframework.boot.test.context.SpringBootTestContextBootstrapper - Found @SpringBootConfiguration Unknown.PreScent.PreScentApplication for test class Unknown.PreScent.service.CustomerServiceTest
02:09:21.405 [Test worker] DEBUG org.springframework.boot.test.context.SpringBootTestContextBootstrapper - @TestExecutionListeners is not present for class [Unknown.PreScent.service.CustomerServiceTest]: using defaults.
02:09:21.406 [Test worker] INFO org.springframework.boot.test.context.SpringBootTestContextBootstrapper - Loaded default TestExecutionListener class names from location [META-INF/spring.factories]: [org.springframework.security.test.context.support.WithSecurityContextTestExecutionListener, org.springframework.security.test.context.support.ReactorContextTestExecutionListener, org.springframework.boot.test.autoconfigure.restdocs.RestDocsTestExecutionListener, org.springframework.boot.test.autoconfigure.web.client.MockRestServiceServerResetTestExecutionListener, org.springframework.boot.test.autoconfigure.web.servlet.MockMvcPrintOnlyOnFailureTestExecutionListener, org.springframework.boot.test.autoconfigure.web.servlet.WebDriverTestExecutionListener, org.springframework.boot.test.autoconfigure.webservices.client.MockWebServiceServerTestExecutionListener, org.springframework.boot.test.mock.mockito.MockitoTestExecutionListener, org.springframework.boot.test.mock.mockito.ResetMocksTestExecutionListener, org.springframework.test.context.web.ServletTestExecutionListener, org.springframework.test.context.support.DirtiesContextBeforeModesTestExecutionListener, org.springframework.test.context.event.ApplicationEventsTestExecutionListener, org.springframework.test.context.support.DependencyInjectionTestExecutionListener, org.springframework.test.context.support.DirtiesContextTestExecutionListener, org.springframework.test.context.transaction.TransactionalTestExecutionListener, org.springframework.test.context.jdbc.SqlScriptsTestExecutionListener, org.springframework.test.context.event.EventPublishingTestExecutionListener]
02:09:21.441 [Test worker] INFO org.springframework.boot.test.context.SpringBootTestContextBootstrapper - Using TestExecutionListeners: [org.springframework.test.context.web.ServletTestExecutionListener@1e287667, org.springframework.test.context.support.DirtiesContextBeforeModesTestExecutionListener@2e6ee0bc, org.springframework.test.context.event.ApplicationEventsTestExecutionListener@4201a617, org.springframework.boot.test.mock.mockito.MockitoTestExecutionListener@467f77a5, org.springframework.boot.test.autoconfigure.SpringBootDependencyInjectionTestExecutionListener@1bb9aa43, org.springframework.test.context.support.DirtiesContextTestExecutionListener@420bc288, org.springframework.test.context.transaction.TransactionalTestExecutionListener@df5f5c0, org.springframework.test.context.jdbc.SqlScriptsTestExecutionListener@308a6984, org.springframework.security.test.context.support.WithSecurityContextTestExecutionListener@66b72664, org.springframework.test.context.event.EventPublishingTestExecutionListener@7a34b7b8, org.springframework.security.test.context.support.ReactorContextTestExecutionListener@58cd06cb, org.springframework.boot.test.autoconfigure.restdocs.RestDocsTestExecutionListener@3be8821f, org.springframework.boot.test.autoconfigure.web.client.MockRestServiceServerResetTestExecutionListener@64b31700, org.springframework.boot.test.autoconfigure.web.servlet.MockMvcPrintOnlyOnFailureTestExecutionListener@3b65e559, org.springframework.boot.test.autoconfigure.web.servlet.WebDriverTestExecutionListener@bae47a0, org.springframework.boot.test.autoconfigure.webservices.client.MockWebServiceServerTestExecutionListener@74a9c4b0, org.springframework.boot.test.mock.mockito.ResetMocksTestExecutionListener@85ec632]
02:09:21.448 [Test worker] DEBUG org.springframework.test.context.support.AbstractDirtiesContextTestExecutionListener - Before test class: context [DefaultTestContext@492fc69e testClass = CustomerServiceTest, testInstance = [null], testMethod = [null], testException = [null], mergedContextConfiguration = [WebMergedContextConfiguration@117632cf testClass = CustomerServiceTest, locations = '{}', classes = '{class Unknown.PreScent.PreScentApplication}', contextInitializerClasses = '[]', activeProfiles = '{}', propertySourceLocations = '{}', propertySourceProperties = '{org.springframework.boot.test.context.SpringBootTestContextBootstrapper=true}', contextCustomizers = set[org.springframework.boot.test.autoconfigure.actuate.metrics.MetricsExportContextCustomizerFactory$DisableMetricExportContextCustomizer@55b5f5d2, org.springframework.boot.test.autoconfigure.properties.PropertyMappingContextCustomizer@0, org.springframework.boot.test.autoconfigure.web.servlet.WebDriverContextCustomizerFactory$Customizer@242aa8d9, org.springframework.boot.test.context.filter.ExcludeFilterContextCustomizer@4721d212, org.springframework.boot.test.json.DuplicateJsonObjectContextCustomizerFactory$DuplicateJsonObjectContextCustomizer@62dae540, org.springframework.boot.test.mock.mockito.MockitoContextCustomizer@0, org.springframework.boot.test.web.client.TestRestTemplateContextCustomizer@3c435123, org.springframework.boot.test.context.SpringBootTestArgs@1, org.springframework.boot.test.context.SpringBootTestWebEnvironment@52815fa3], resourceBasePath = 'src/main/webapp', contextLoader = 'org.springframework.boot.test.context.SpringBootContextLoader', parent = [null]], attributes = map['org.springframework.test.context.web.ServletTestExecutionListener.activateListener' -> true]], class annotated with @DirtiesContext [false] with mode [null].

  .   ____          _            __ _ _
 /\\ / ___'_ __ _ _(_)_ __  __ _ \ \ \ \
( ( )\___ | '_ | '_| | '_ \/ _` | \ \ \ \
 \\/  ___)| |_)| | | | | || (_| |  ) ) ) )
  '  |____| .__|_| |_|_| |_\__, | / / / /
 =========|_|==============|___/=/_/_/_/
 :: Spring Boot ::               (v2.7.17)

2023-11-22 02:09:22.190  INFO 9672 --- [    Test worker] U.PreScent.service.CustomerServiceTest   : Starting CustomerServiceTest using Java 11.0.21 on SWSEO_LT with PID 9672 (started by swseo in C:\Users\swseo\IdeaProjects\backend)
2023-11-22 02:09:22.192  INFO 9672 --- [    Test worker] U.PreScent.service.CustomerServiceTest   : No active profile set, falling back to 1 default profile: "default"
2023-11-22 02:09:24.286  INFO 9672 --- [    Test worker] .s.d.r.c.RepositoryConfigurationDelegate : Bootstrapping Spring Data JPA repositories in DEFAULT mode.
2023-11-22 02:09:24.435  INFO 9672 --- [    Test worker] .s.d.r.c.RepositoryConfigurationDelegate : Finished Spring Data repository scanning in 129 ms. Found 5 JPA repository interfaces.
2023-11-22 02:09:25.896  INFO 9672 --- [    Test worker] o.hibernate.jpa.internal.util.LogHelper  : HHH000204: Processing PersistenceUnitInfo [name: default]
2023-11-22 02:09:26.013  INFO 9672 --- [    Test worker] org.hibernate.Version                    : HHH000412: Hibernate ORM core version 5.6.15.Final
2023-11-22 02:09:26.500  INFO 9672 --- [    Test worker] o.hibernate.annotations.common.Version   : HCANN000001: Hibernate Commons Annotations {5.1.2.Final}
2023-11-22 02:09:26.868  INFO 9672 --- [    Test worker] com.zaxxer.hikari.HikariDataSource       : HikariPool-1 - Starting...
2023-11-22 02:09:27.352  INFO 9672 --- [    Test worker] com.zaxxer.hikari.HikariDataSource       : HikariPool-1 - Start completed.
2023-11-22 02:09:27.385  INFO 9672 --- [    Test worker] org.hibernate.dialect.Dialect            : HHH000400: Using dialect: org.hibernate.dialect.MySQL5InnoDBDialect
2023-11-22 02:09:29.563  INFO 9672 --- [    Test worker] o.h.e.t.j.p.i.JtaPlatformInitiator       : HHH000490: Using JtaPlatform implementation: [org.hibernate.engine.transaction.jta.platform.internal.NoJtaPlatform]
2023-11-22 02:09:29.600  INFO 9672 --- [    Test worker] j.LocalContainerEntityManagerFactoryBean : Initialized JPA EntityManagerFactory for persistence unit 'default'
2023-11-22 02:09:29.827  WARN 9672 --- [    Test worker] JpaBaseConfiguration$JpaWebConfiguration : spring.jpa.open-in-view is enabled by default. Therefore, database queries may be performed during view rendering. Explicitly configure spring.jpa.open-in-view to disable this warning
2023-11-22 02:09:31.309  WARN 9672 --- [    Test worker] .s.s.UserDetailsServiceAutoConfiguration : 

Using generated security password: 17ab47f2-9668-4bb3-a96d-ac79bf1ed6b7

This generated password is for development use only. Your security configuration must be updated before running your application in production.

2023-11-22 02:09:31.728  INFO 9672 --- [    Test worker] o.s.s.web.DefaultSecurityFilterChain     : Will secure any request with [org.springframework.security.web.session.DisableEncodeUrlFilter@3d763ae5, org.springframework.security.web.context.request.async.WebAsyncManagerIntegrationFilter@2dfab167, org.springframework.security.web.context.SecurityContextPersistenceFilter@3fb4beb1, org.springframework.security.web.header.HeaderWriterFilter@8113ea7, org.springframework.security.web.authentication.logout.LogoutFilter@3ed87b6e, org.springframework.security.web.savedrequest.RequestCacheAwareFilter@41a3c6f5, org.springframework.security.web.servletapi.SecurityContextHolderAwareRequestFilter@1a99692, org.springframework.security.web.authentication.AnonymousAuthenticationFilter@30eee098, org.springframework.security.web.session.SessionManagementFilter@118f2486, org.springframework.security.web.access.ExceptionTranslationFilter@6a358906]
2023-11-22 02:09:33.835  INFO 9672 --- [    Test worker] U.PreScent.service.CustomerServiceTest   : Started CustomerServiceTest in 12.308 seconds (JVM running for 16.587)
2023-11-22 02:09:33.940  INFO 9672 --- [    Test worker] o.s.t.c.transaction.TransactionContext   : Began transaction (1) for test context [DefaultTestContext@492fc69e testClass = CustomerServiceTest, testInstance = Unknown.PreScent.service.CustomerServiceTest@51a73873, testMethod = signupCustomerTest@CustomerServiceTest, testException = [null], mergedContextConfiguration = [WebMergedContextConfiguration@117632cf testClass = CustomerServiceTest, locations = '{}', classes = '{class Unknown.PreScent.PreScentApplication}', contextInitializerClasses = '[]', activeProfiles = '{}', propertySourceLocations = '{}', propertySourceProperties = '{org.springframework.boot.test.context.SpringBootTestContextBootstrapper=true}', contextCustomizers = set[org.springframework.boot.test.autoconfigure.actuate.metrics.MetricsExportContextCustomizerFactory$DisableMetricExportContextCustomizer@55b5f5d2, org.springframework.boot.test.autoconfigure.properties.PropertyMappingContextCustomizer@0, org.springframework.boot.test.autoconfigure.web.servlet.WebDriverContextCustomizerFactory$Customizer@242aa8d9, org.springframework.boot.test.context.filter.ExcludeFilterContextCustomizer@4721d212, org.springframework.boot.test.json.DuplicateJsonObjectContextCustomizerFactory$DuplicateJsonObjectContextCustomizer@62dae540, org.springframework.boot.test.mock.mockito.MockitoContextCustomizer@0, org.springframework.boot.test.web.client.TestRestTemplateContextCustomizer@3c435123, org.springframework.boot.test.context.SpringBootTestArgs@1, org.springframework.boot.test.context.SpringBootTestWebEnvironment@52815fa3], resourceBasePath = 'src/main/webapp', contextLoader = 'org.springframework.boot.test.context.SpringBootContextLoader', parent = [null]], attributes = map['org.springframework.test.context.web.ServletTestExecutionListener.activateListener' -> true, 'org.springframework.test.context.web.ServletTestExecutionListener.populatedRequestContextHolder' -> true, 'org.springframework.test.context.web.ServletTestExecutionListener.resetRequestContextHolder' -> true, 'org.springframework.test.context.event.ApplicationEventsTestExecutionListener.recordApplicationEvents' -> false]]; transaction manager [org.springframework.orm.jpa.JpaTransactionManager@7fb2645b]; rollback [true]
2023-11-22 02:09:34.440 DEBUG 9672 --- [    Test worker] org.hibernate.SQL                        : 
    delete 
    from
        customer
Hibernate: 
    delete 
    from
        customer
2023-11-22 02:09:34.543 DEBUG 9672 --- [    Test worker] org.hibernate.SQL                        : 
    select
        customeren0_.customer_key as customer1_0_,
        customeren0_.customer_id_email as customer2_0_,
        customeren0_.customer_location as customer3_0_,
        customeren0_.customer_name as customer4_0_,
        customeren0_.customer_password as customer5_0_,
        customeren0_.customer_phonenum as customer6_0_ 
    from
        customer customeren0_ 
    where
        customeren0_.customer_id_email=?
Hibernate: 
    select
        customeren0_.customer_key as customer1_0_,
        customeren0_.customer_id_email as customer2_0_,
        customeren0_.customer_location as customer3_0_,
        customeren0_.customer_name as customer4_0_,
        customeren0_.customer_password as customer5_0_,
        customeren0_.customer_phonenum as customer6_0_ 
    from
        customer customeren0_ 
    where
        customeren0_.customer_id_email=?
2023-11-22 02:09:34.555 TRACE 9672 --- [    Test worker] o.h.type.descriptor.sql.BasicBinder      : binding parameter [1] as [VARCHAR] - [ajou.gmail.com]
2023-11-22 02:09:34.748 DEBUG 9672 --- [    Test worker] org.hibernate.SQL                        : 
    insert 
    into
        customer
        (customer_id_email, customer_location, customer_name, customer_password, customer_phonenum) 
    values
        (?, ?, ?, ?, ?)
Hibernate: 
    insert 
    into
        customer
        (customer_id_email, customer_location, customer_name, customer_password, customer_phonenum) 
    values
        (?, ?, ?, ?, ?)
2023-11-22 02:09:34.752 TRACE 9672 --- [    Test worker] o.h.type.descriptor.sql.BasicBinder      : binding parameter [1] as [VARCHAR] - [ajou.gmail.com]
2023-11-22 02:09:34.752 TRACE 9672 --- [    Test worker] o.h.type.descriptor.sql.BasicBinder      : binding parameter [2] as [VARCHAR] - [null]
2023-11-22 02:09:34.753 TRACE 9672 --- [    Test worker] o.h.type.descriptor.sql.BasicBinder      : binding parameter [3] as [VARCHAR] - [suhyeon]
2023-11-22 02:09:34.753 TRACE 9672 --- [    Test worker] o.h.type.descriptor.sql.BasicBinder      : binding parameter [4] as [VARCHAR] - [$2a$10$jR.xc64loGraKAaC9x/rxe9wpL3vs7bcDRCdgEv7zfsQPaD2HBgDG]
2023-11-22 02:09:34.753 TRACE 9672 --- [    Test worker] o.h.type.descriptor.sql.BasicBinder      : binding parameter [5] as [VARCHAR] - [010-1111-2222]
2023-11-22 02:09:34.808  INFO 9672 --- [    Test worker] o.s.t.c.transaction.TransactionContext   : Rolled back transaction for test: [DefaultTestContext@492fc69e testClass = CustomerServiceTest, testInstance = Unknown.PreScent.service.CustomerServiceTest@51a73873, testMethod = signupCustomerTest@CustomerServiceTest, testException = [null], mergedContextConfiguration = [WebMergedContextConfiguration@117632cf testClass = CustomerServiceTest, locations = '{}', classes = '{class Unknown.PreScent.PreScentApplication}', contextInitializerClasses = '[]', activeProfiles = '{}', propertySourceLocations = '{}', propertySourceProperties = '{org.springframework.boot.test.context.SpringBootTestContextBootstrapper=true}', contextCustomizers = set[org.springframework.boot.test.autoconfigure.actuate.metrics.MetricsExportContextCustomizerFactory$DisableMetricExportContextCustomizer@55b5f5d2, org.springframework.boot.test.autoconfigure.properties.PropertyMappingContextCustomizer@0, org.springframework.boot.test.autoconfigure.web.servlet.WebDriverContextCustomizerFactory$Customizer@242aa8d9, org.springframework.boot.test.context.filter.ExcludeFilterContextCustomizer@4721d212, org.springframework.boot.test.json.DuplicateJsonObjectContextCustomizerFactory$DuplicateJsonObjectContextCustomizer@62dae540, org.springframework.boot.test.mock.mockito.MockitoContextCustomizer@0, org.springframework.boot.test.web.client.TestRestTemplateContextCustomizer@3c435123, org.springframework.boot.test.context.SpringBootTestArgs@1, org.springframework.boot.test.context.SpringBootTestWebEnvironment@52815fa3], resourceBasePath = 'src/main/webapp', contextLoader = 'org.springframework.boot.test.context.SpringBootContextLoader', parent = [null]], attributes = map['org.springframework.test.context.web.ServletTestExecutionListener.activateListener' -> true, 'org.springframework.test.context.web.ServletTestExecutionListener.populatedRequestContextHolder' -> true, 'org.springframework.test.context.web.ServletTestExecutionListener.resetRequestContextHolder' -> true, 'org.springframework.test.context.event.ApplicationEventsTestExecutionListener.recordApplicationEvents' -> false]]
2023-11-22 02:09:34.830  INFO 9672 --- [    Test worker] o.s.t.c.transaction.TransactionContext   : Began transaction (1) for test context [DefaultTestContext@492fc69e testClass = CustomerServiceTest, testInstance = Unknown.PreScent.service.CustomerServiceTest@67c912d3, testMethod = loginFailureWrongPasswordTest@CustomerServiceTest, testException = [null], mergedContextConfiguration = [WebMergedContextConfiguration@117632cf testClass = CustomerServiceTest, locations = '{}', classes = '{class Unknown.PreScent.PreScentApplication}', contextInitializerClasses = '[]', activeProfiles = '{}', propertySourceLocations = '{}', propertySourceProperties = '{org.springframework.boot.test.context.SpringBootTestContextBootstrapper=true}', contextCustomizers = set[org.springframework.boot.test.autoconfigure.actuate.metrics.MetricsExportContextCustomizerFactory$DisableMetricExportContextCustomizer@55b5f5d2, org.springframework.boot.test.autoconfigure.properties.PropertyMappingContextCustomizer@0, org.springframework.boot.test.autoconfigure.web.servlet.WebDriverContextCustomizerFactory$Customizer@242aa8d9, org.springframework.boot.test.context.filter.ExcludeFilterContextCustomizer@4721d212, org.springframework.boot.test.json.DuplicateJsonObjectContextCustomizerFactory$DuplicateJsonObjectContextCustomizer@62dae540, org.springframework.boot.test.mock.mockito.MockitoContextCustomizer@0, org.springframework.boot.test.web.client.TestRestTemplateContextCustomizer@3c435123, org.springframework.boot.test.context.SpringBootTestArgs@1, org.springframework.boot.test.context.SpringBootTestWebEnvironment@52815fa3], resourceBasePath = 'src/main/webapp', contextLoader = 'org.springframework.boot.test.context.SpringBootContextLoader', parent = [null]], attributes = map['org.springframework.test.context.web.ServletTestExecutionListener.activateListener' -> true, 'org.springframework.test.context.web.ServletTestExecutionListener.populatedRequestContextHolder' -> true, 'org.springframework.test.context.web.ServletTestExecutionListener.resetRequestContextHolder' -> true, 'org.springframework.test.context.event.ApplicationEventsTestExecutionListener.recordApplicationEvents' -> false]]; transaction manager [org.springframework.orm.jpa.JpaTransactionManager@7fb2645b]; rollback [true]
2023-11-22 02:09:34.837 DEBUG 9672 --- [    Test worker] org.hibernate.SQL                        : 
    delete 
    from
        customer
Hibernate: 
    delete 
    from
        customer
2023-11-22 02:09:34.853 DEBUG 9672 --- [    Test worker] org.hibernate.SQL                        : 
    select
        customeren0_.customer_key as customer1_0_,
        customeren0_.customer_id_email as customer2_0_,
        customeren0_.customer_location as customer3_0_,
        customeren0_.customer_name as customer4_0_,
        customeren0_.customer_password as customer5_0_,
        customeren0_.customer_phonenum as customer6_0_ 
    from
        customer customeren0_ 
    where
        customeren0_.customer_id_email=?
Hibernate: 
    select
        customeren0_.customer_key as customer1_0_,
        customeren0_.customer_id_email as customer2_0_,
        customeren0_.customer_location as customer3_0_,
        customeren0_.customer_name as customer4_0_,
        customeren0_.customer_password as customer5_0_,
        customeren0_.customer_phonenum as customer6_0_ 
    from
        customer customeren0_ 
    where
        customeren0_.customer_id_email=?
2023-11-22 02:09:34.860 TRACE 9672 --- [    Test worker] o.h.type.descriptor.sql.BasicBinder      : binding parameter [1] as [VARCHAR] - [ajou.gmail.com]
2023-11-22 02:09:35.073 DEBUG 9672 --- [    Test worker] org.hibernate.SQL                        : 
    insert 
    into
        customer
        (customer_id_email, customer_location, customer_name, customer_password, customer_phonenum) 
    values
        (?, ?, ?, ?, ?)
Hibernate: 
    insert 
    into
        customer
        (customer_id_email, customer_location, customer_name, customer_password, customer_phonenum) 
    values
        (?, ?, ?, ?, ?)
2023-11-22 02:09:35.075 TRACE 9672 --- [    Test worker] o.h.type.descriptor.sql.BasicBinder      : binding parameter [1] as [VARCHAR] - [ajou.gmail.com]
2023-11-22 02:09:35.076 TRACE 9672 --- [    Test worker] o.h.type.descriptor.sql.BasicBinder      : binding parameter [2] as [VARCHAR] - [null]
2023-11-22 02:09:35.076 TRACE 9672 --- [    Test worker] o.h.type.descriptor.sql.BasicBinder      : binding parameter [3] as [VARCHAR] - [suhyeon]
2023-11-22 02:09:35.076 TRACE 9672 --- [    Test worker] o.h.type.descriptor.sql.BasicBinder      : binding parameter [4] as [VARCHAR] - [$2a$10$MvPnOtug.OvKBDXf7YuyJ.O3fAyo/0oVrbzavxm4jTTYAhJSFBdKW]
2023-11-22 02:09:35.077 TRACE 9672 --- [    Test worker] o.h.type.descriptor.sql.BasicBinder      : binding parameter [5] as [VARCHAR] - [010-1111-2222]
2023-11-22 02:09:35.098 DEBUG 9672 --- [    Test worker] org.hibernate.SQL                        : 
    select
        customeren0_.customer_key as customer1_0_,
        customeren0_.customer_id_email as customer2_0_,
        customeren0_.customer_location as customer3_0_,
        customeren0_.customer_name as customer4_0_,
        customeren0_.customer_password as customer5_0_,
        customeren0_.customer_phonenum as customer6_0_ 
    from
        customer customeren0_ 
    where
        customeren0_.customer_id_email=?
Hibernate: 
    select
        customeren0_.customer_key as customer1_0_,
        customeren0_.customer_id_email as customer2_0_,
        customeren0_.customer_location as customer3_0_,
        customeren0_.customer_name as customer4_0_,
        customeren0_.customer_password as customer5_0_,
        customeren0_.customer_phonenum as customer6_0_ 
    from
        customer customeren0_ 
    where
        customeren0_.customer_id_email=?
2023-11-22 02:09:35.100 TRACE 9672 --- [    Test worker] o.h.type.descriptor.sql.BasicBinder      : binding parameter [1] as [VARCHAR] - [ajou.gmail.com]
2023-11-22 02:09:35.282  INFO 9672 --- [    Test worker] o.s.t.c.transaction.TransactionContext   : Rolled back transaction for test: [DefaultTestContext@492fc69e testClass = CustomerServiceTest, testInstance = Unknown.PreScent.service.CustomerServiceTest@67c912d3, testMethod = loginFailureWrongPasswordTest@CustomerServiceTest, testException = [null], mergedContextConfiguration = [WebMergedContextConfiguration@117632cf testClass = CustomerServiceTest, locations = '{}', classes = '{class Unknown.PreScent.PreScentApplication}', contextInitializerClasses = '[]', activeProfiles = '{}', propertySourceLocations = '{}', propertySourceProperties = '{org.springframework.boot.test.context.SpringBootTestContextBootstrapper=true}', contextCustomizers = set[org.springframework.boot.test.autoconfigure.actuate.metrics.MetricsExportContextCustomizerFactory$DisableMetricExportContextCustomizer@55b5f5d2, org.springframework.boot.test.autoconfigure.properties.PropertyMappingContextCustomizer@0, org.springframework.boot.test.autoconfigure.web.servlet.WebDriverContextCustomizerFactory$Customizer@242aa8d9, org.springframework.boot.test.context.filter.ExcludeFilterContextCustomizer@4721d212, org.springframework.boot.test.json.DuplicateJsonObjectContextCustomizerFactory$DuplicateJsonObjectContextCustomizer@62dae540, org.springframework.boot.test.mock.mockito.MockitoContextCustomizer@0, org.springframework.boot.test.web.client.TestRestTemplateContextCustomizer@3c435123, org.springframework.boot.test.context.SpringBootTestArgs@1, org.springframework.boot.test.context.SpringBootTestWebEnvironment@52815fa3], resourceBasePath = 'src/main/webapp', contextLoader = 'org.springframework.boot.test.context.SpringBootContextLoader', parent = [null]], attributes = map['org.springframework.test.context.web.ServletTestExecutionListener.activateListener' -> true, 'org.springframework.test.context.web.ServletTestExecutionListener.populatedRequestContextHolder' -> true, 'org.springframework.test.context.web.ServletTestExecutionListener.resetRequestContextHolder' -> true, 'org.springframework.test.context.event.ApplicationEventsTestExecutionListener.recordApplicationEvents' -> false]]
2023-11-22 02:09:35.292  INFO 9672 --- [    Test worker] o.s.t.c.transaction.TransactionContext   : Began transaction (1) for test context [DefaultTestContext@492fc69e testClass = CustomerServiceTest, testInstance = Unknown.PreScent.service.CustomerServiceTest@3c1fd5aa, testMethod = loginSuccessTest@CustomerServiceTest, testException = [null], mergedContextConfiguration = [WebMergedContextConfiguration@117632cf testClass = CustomerServiceTest, locations = '{}', classes = '{class Unknown.PreScent.PreScentApplication}', contextInitializerClasses = '[]', activeProfiles = '{}', propertySourceLocations = '{}', propertySourceProperties = '{org.springframework.boot.test.context.SpringBootTestContextBootstrapper=true}', contextCustomizers = set[org.springframework.boot.test.autoconfigure.actuate.metrics.MetricsExportContextCustomizerFactory$DisableMetricExportContextCustomizer@55b5f5d2, org.springframework.boot.test.autoconfigure.properties.PropertyMappingContextCustomizer@0, org.springframework.boot.test.autoconfigure.web.servlet.WebDriverContextCustomizerFactory$Customizer@242aa8d9, org.springframework.boot.test.context.filter.ExcludeFilterContextCustomizer@4721d212, org.springframework.boot.test.json.DuplicateJsonObjectContextCustomizerFactory$DuplicateJsonObjectContextCustomizer@62dae540, org.springframework.boot.test.mock.mockito.MockitoContextCustomizer@0, org.springframework.boot.test.web.client.TestRestTemplateContextCustomizer@3c435123, org.springframework.boot.test.context.SpringBootTestArgs@1, org.springframework.boot.test.context.SpringBootTestWebEnvironment@52815fa3], resourceBasePath = 'src/main/webapp', contextLoader = 'org.springframework.boot.test.context.SpringBootContextLoader', parent = [null]], attributes = map['org.springframework.test.context.web.ServletTestExecutionListener.activateListener' -> true, 'org.springframework.test.context.web.ServletTestExecutionListener.populatedRequestContextHolder' -> true, 'org.springframework.test.context.web.ServletTestExecutionListener.resetRequestContextHolder' -> true, 'org.springframework.test.context.event.ApplicationEventsTestExecutionListener.recordApplicationEvents' -> false]]; transaction manager [org.springframework.orm.jpa.JpaTransactionManager@7fb2645b]; rollback [true]
2023-11-22 02:09:35.295 DEBUG 9672 --- [    Test worker] org.hibernate.SQL                        : 
    delete 
    from
        customer
Hibernate: 
    delete 
    from
        customer
2023-11-22 02:09:35.396 DEBUG 9672 --- [    Test worker] org.hibernate.SQL                        : 
    select
        customeren0_.customer_key as customer1_0_,
        customeren0_.customer_id_email as customer2_0_,
        customeren0_.customer_location as customer3_0_,
        customeren0_.customer_name as customer4_0_,
        customeren0_.customer_password as customer5_0_,
        customeren0_.customer_phonenum as customer6_0_ 
    from
        customer customeren0_ 
    where
        customeren0_.customer_id_email=?
Hibernate: 
    select
        customeren0_.customer_key as customer1_0_,
        customeren0_.customer_id_email as customer2_0_,
        customeren0_.customer_location as customer3_0_,
        customeren0_.customer_name as customer4_0_,
        customeren0_.customer_password as customer5_0_,
        customeren0_.customer_phonenum as customer6_0_ 
    from
        customer customeren0_ 
    where
        customeren0_.customer_id_email=?
2023-11-22 02:09:35.397 TRACE 9672 --- [    Test worker] o.h.type.descriptor.sql.BasicBinder      : binding parameter [1] as [VARCHAR] - [ajou.gmail.com]
2023-11-22 02:09:35.498 DEBUG 9672 --- [    Test worker] org.hibernate.SQL                        : 
    insert 
    into
        customer
        (customer_id_email, customer_location, customer_name, customer_password, customer_phonenum) 
    values
        (?, ?, ?, ?, ?)
Hibernate: 
    insert 
    into
        customer
        (customer_id_email, customer_location, customer_name, customer_password, customer_phonenum) 
    values
        (?, ?, ?, ?, ?)
2023-11-22 02:09:35.500 TRACE 9672 --- [    Test worker] o.h.type.descriptor.sql.BasicBinder      : binding parameter [1] as [VARCHAR] - [ajou.gmail.com]
2023-11-22 02:09:35.501 TRACE 9672 --- [    Test worker] o.h.type.descriptor.sql.BasicBinder      : binding parameter [2] as [VARCHAR] - [null]
2023-11-22 02:09:35.501 TRACE 9672 --- [    Test worker] o.h.type.descriptor.sql.BasicBinder      : binding parameter [3] as [VARCHAR] - [suhyeon]
2023-11-22 02:09:35.502 TRACE 9672 --- [    Test worker] o.h.type.descriptor.sql.BasicBinder      : binding parameter [4] as [VARCHAR] - [$2a$10$nkwQU9BLTU.5gjepovWbZewVlLHxRTRISqrmE0n6BXeiBFq0.WXM6]
2023-11-22 02:09:35.502 TRACE 9672 --- [    Test worker] o.h.type.descriptor.sql.BasicBinder      : binding parameter [5] as [VARCHAR] - [010-1111-2222]
2023-11-22 02:09:35.509 DEBUG 9672 --- [    Test worker] org.hibernate.SQL                        : 
    select
        customeren0_.customer_key as customer1_0_,
        customeren0_.customer_id_email as customer2_0_,
        customeren0_.customer_location as customer3_0_,
        customeren0_.customer_name as customer4_0_,
        customeren0_.customer_password as customer5_0_,
        customeren0_.customer_phonenum as customer6_0_ 
    from
        customer customeren0_ 
    where
        customeren0_.customer_id_email=?
Hibernate: 
    select
        customeren0_.customer_key as customer1_0_,
        customeren0_.customer_id_email as customer2_0_,
        customeren0_.customer_location as customer3_0_,
        customeren0_.customer_name as customer4_0_,
        customeren0_.customer_password as customer5_0_,
        customeren0_.customer_phonenum as customer6_0_ 
    from
        customer customeren0_ 
    where
        customeren0_.customer_id_email=?
2023-11-22 02:09:35.511 TRACE 9672 --- [    Test worker] o.h.type.descriptor.sql.BasicBinder      : binding parameter [1] as [VARCHAR] - [ajou.gmail.com]
2023-11-22 02:09:35.626  INFO 9672 --- [    Test worker] o.s.t.c.transaction.TransactionContext   : Rolled back transaction for test: [DefaultTestContext@492fc69e testClass = CustomerServiceTest, testInstance = Unknown.PreScent.service.CustomerServiceTest@3c1fd5aa, testMethod = loginSuccessTest@CustomerServiceTest, testException = [null], mergedContextConfiguration = [WebMergedContextConfiguration@117632cf testClass = CustomerServiceTest, locations = '{}', classes = '{class Unknown.PreScent.PreScentApplication}', contextInitializerClasses = '[]', activeProfiles = '{}', propertySourceLocations = '{}', propertySourceProperties = '{org.springframework.boot.test.context.SpringBootTestContextBootstrapper=true}', contextCustomizers = set[org.springframework.boot.test.autoconfigure.actuate.metrics.MetricsExportContextCustomizerFactory$DisableMetricExportContextCustomizer@55b5f5d2, org.springframework.boot.test.autoconfigure.properties.PropertyMappingContextCustomizer@0, org.springframework.boot.test.autoconfigure.web.servlet.WebDriverContextCustomizerFactory$Customizer@242aa8d9, org.springframework.boot.test.context.filter.ExcludeFilterContextCustomizer@4721d212, org.springframework.boot.test.json.DuplicateJsonObjectContextCustomizerFactory$DuplicateJsonObjectContextCustomizer@62dae540, org.springframework.boot.test.mock.mockito.MockitoContextCustomizer@0, org.springframework.boot.test.web.client.TestRestTemplateContextCustomizer@3c435123, org.springframework.boot.test.context.SpringBootTestArgs@1, org.springframework.boot.test.context.SpringBootTestWebEnvironment@52815fa3], resourceBasePath = 'src/main/webapp', contextLoader = 'org.springframework.boot.test.context.SpringBootContextLoader', parent = [null]], attributes = map['org.springframework.test.context.web.ServletTestExecutionListener.activateListener' -> true, 'org.springframework.test.context.web.ServletTestExecutionListener.populatedRequestContextHolder' -> true, 'org.springframework.test.context.web.ServletTestExecutionListener.resetRequestContextHolder' -> true, 'org.springframework.test.context.event.ApplicationEventsTestExecutionListener.recordApplicationEvents' -> false]]
2023-11-22 02:09:35.636  INFO 9672 --- [    Test worker] o.s.t.c.transaction.TransactionContext   : Began transaction (1) for test context [DefaultTestContext@492fc69e testClass = CustomerServiceTest, testInstance = Unknown.PreScent.service.CustomerServiceTest@7672dd7a, testMethod = saveDuplicateCustomerTest@CustomerServiceTest, testException = [null], mergedContextConfiguration = [WebMergedContextConfiguration@117632cf testClass = CustomerServiceTest, locations = '{}', classes = '{class Unknown.PreScent.PreScentApplication}', contextInitializerClasses = '[]', activeProfiles = '{}', propertySourceLocations = '{}', propertySourceProperties = '{org.springframework.boot.test.context.SpringBootTestContextBootstrapper=true}', contextCustomizers = set[org.springframework.boot.test.autoconfigure.actuate.metrics.MetricsExportContextCustomizerFactory$DisableMetricExportContextCustomizer@55b5f5d2, org.springframework.boot.test.autoconfigure.properties.PropertyMappingContextCustomizer@0, org.springframework.boot.test.autoconfigure.web.servlet.WebDriverContextCustomizerFactory$Customizer@242aa8d9, org.springframework.boot.test.context.filter.ExcludeFilterContextCustomizer@4721d212, org.springframework.boot.test.json.DuplicateJsonObjectContextCustomizerFactory$DuplicateJsonObjectContextCustomizer@62dae540, org.springframework.boot.test.mock.mockito.MockitoContextCustomizer@0, org.springframework.boot.test.web.client.TestRestTemplateContextCustomizer@3c435123, org.springframework.boot.test.context.SpringBootTestArgs@1, org.springframework.boot.test.context.SpringBootTestWebEnvironment@52815fa3], resourceBasePath = 'src/main/webapp', contextLoader = 'org.springframework.boot.test.context.SpringBootContextLoader', parent = [null]], attributes = map['org.springframework.test.context.web.ServletTestExecutionListener.activateListener' -> true, 'org.springframework.test.context.web.ServletTestExecutionListener.populatedRequestContextHolder' -> true, 'org.springframework.test.context.web.ServletTestExecutionListener.resetRequestContextHolder' -> true, 'org.springframework.test.context.event.ApplicationEventsTestExecutionListener.recordApplicationEvents' -> false]]; transaction manager [org.springframework.orm.jpa.JpaTransactionManager@7fb2645b]; rollback [true]
2023-11-22 02:09:35.638 DEBUG 9672 --- [    Test worker] org.hibernate.SQL                        : 
    delete 
    from
        customer
Hibernate: 
    delete 
    from
        customer
2023-11-22 02:09:35.647 DEBUG 9672 --- [    Test worker] org.hibernate.SQL                        : 
    select
        customeren0_.customer_key as customer1_0_,
        customeren0_.customer_id_email as customer2_0_,
        customeren0_.customer_location as customer3_0_,
        customeren0_.customer_name as customer4_0_,
        customeren0_.customer_password as customer5_0_,
        customeren0_.customer_phonenum as customer6_0_ 
    from
        customer customeren0_ 
    where
        customeren0_.customer_id_email=?
Hibernate: 
    select
        customeren0_.customer_key as customer1_0_,
        customeren0_.customer_id_email as customer2_0_,
        customeren0_.customer_location as customer3_0_,
        customeren0_.customer_name as customer4_0_,
        customeren0_.customer_password as customer5_0_,
        customeren0_.customer_phonenum as customer6_0_ 
    from
        customer customeren0_ 
    where
        customeren0_.customer_id_email=?
2023-11-22 02:09:35.648 TRACE 9672 --- [    Test worker] o.h.type.descriptor.sql.BasicBinder      : binding parameter [1] as [VARCHAR] - [ajou.gmail.com]
2023-11-22 02:09:35.656 DEBUG 9672 --- [    Test worker] org.hibernate.SQL                        : 
    insert 
    into
        customer
        (customer_id_email, customer_location, customer_name, customer_password, customer_phonenum) 
    values
        (?, ?, ?, ?, ?)
Hibernate: 
    insert 
    into
        customer
        (customer_id_email, customer_location, customer_name, customer_password, customer_phonenum) 
    values
        (?, ?, ?, ?, ?)
2023-11-22 02:09:35.657 TRACE 9672 --- [    Test worker] o.h.type.descriptor.sql.BasicBinder      : binding parameter [1] as [VARCHAR] - [ajou.gmail.com]
2023-11-22 02:09:35.657 TRACE 9672 --- [    Test worker] o.h.type.descriptor.sql.BasicBinder      : binding parameter [2] as [VARCHAR] - [null]
2023-11-22 02:09:35.657 TRACE 9672 --- [    Test worker] o.h.type.descriptor.sql.BasicBinder      : binding parameter [3] as [VARCHAR] - [suhyeon]
2023-11-22 02:09:35.658 TRACE 9672 --- [    Test worker] o.h.type.descriptor.sql.BasicBinder      : binding parameter [4] as [VARCHAR] - [04prescent]
2023-11-22 02:09:35.658 TRACE 9672 --- [    Test worker] o.h.type.descriptor.sql.BasicBinder      : binding parameter [5] as [VARCHAR] - [010-1111-2222]
2023-11-22 02:09:35.668 DEBUG 9672 --- [    Test worker] org.hibernate.SQL                        : 
    select
        customeren0_.customer_key as customer1_0_,
        customeren0_.customer_id_email as customer2_0_,
        customeren0_.customer_location as customer3_0_,
        customeren0_.customer_name as customer4_0_,
        customeren0_.customer_password as customer5_0_,
        customeren0_.customer_phonenum as customer6_0_ 
    from
        customer customeren0_ 
    where
        customeren0_.customer_id_email=?
Hibernate: 
    select
        customeren0_.customer_key as customer1_0_,
        customeren0_.customer_id_email as customer2_0_,
        customeren0_.customer_location as customer3_0_,
        customeren0_.customer_name as customer4_0_,
        customeren0_.customer_password as customer5_0_,
        customeren0_.customer_phonenum as customer6_0_ 
    from
        customer customeren0_ 
    where
        customeren0_.customer_id_email=?
2023-11-22 02:09:35.670 TRACE 9672 --- [    Test worker] o.h.type.descriptor.sql.BasicBinder      : binding parameter [1] as [VARCHAR] - [ajou.gmail.com]
2023-11-22 02:09:35.695  INFO 9672 --- [    Test worker] o.s.t.c.transaction.TransactionContext   : Rolled back transaction for test: [DefaultTestContext@492fc69e testClass = CustomerServiceTest, testInstance = Unknown.PreScent.service.CustomerServiceTest@7672dd7a, testMethod = saveDuplicateCustomerTest@CustomerServiceTest, testException = [null], mergedContextConfiguration = [WebMergedContextConfiguration@117632cf testClass = CustomerServiceTest, locations = '{}', classes = '{class Unknown.PreScent.PreScentApplication}', contextInitializerClasses = '[]', activeProfiles = '{}', propertySourceLocations = '{}', propertySourceProperties = '{org.springframework.boot.test.context.SpringBootTestContextBootstrapper=true}', contextCustomizers = set[org.springframework.boot.test.autoconfigure.actuate.metrics.MetricsExportContextCustomizerFactory$DisableMetricExportContextCustomizer@55b5f5d2, org.springframework.boot.test.autoconfigure.properties.PropertyMappingContextCustomizer@0, org.springframework.boot.test.autoconfigure.web.servlet.WebDriverContextCustomizerFactory$Customizer@242aa8d9, org.springframework.boot.test.context.filter.ExcludeFilterContextCustomizer@4721d212, org.springframework.boot.test.json.DuplicateJsonObjectContextCustomizerFactory$DuplicateJsonObjectContextCustomizer@62dae540, org.springframework.boot.test.mock.mockito.MockitoContextCustomizer@0, org.springframework.boot.test.web.client.TestRestTemplateContextCustomizer@3c435123, org.springframework.boot.test.context.SpringBootTestArgs@1, org.springframework.boot.test.context.SpringBootTestWebEnvironment@52815fa3], resourceBasePath = 'src/main/webapp', contextLoader = 'org.springframework.boot.test.context.SpringBootContextLoader', parent = [null]], attributes = map['org.springframework.test.context.web.ServletTestExecutionListener.activateListener' -> true, 'org.springframework.test.context.web.ServletTestExecutionListener.populatedRequestContextHolder' -> true, 'org.springframework.test.context.web.ServletTestExecutionListener.resetRequestContextHolder' -> true, 'org.springframework.test.context.event.ApplicationEventsTestExecutionListener.recordApplicationEvents' -> false]]
2023-11-22 02:09:35.711  INFO 9672 --- [    Test worker] o.s.t.c.transaction.TransactionContext   : Began transaction (1) for test context [DefaultTestContext@492fc69e testClass = CustomerServiceTest, testInstance = Unknown.PreScent.service.CustomerServiceTest@360ccb68, testMethod = loginFailureWrongIdTest@CustomerServiceTest, testException = [null], mergedContextConfiguration = [WebMergedContextConfiguration@117632cf testClass = CustomerServiceTest, locations = '{}', classes = '{class Unknown.PreScent.PreScentApplication}', contextInitializerClasses = '[]', activeProfiles = '{}', propertySourceLocations = '{}', propertySourceProperties = '{org.springframework.boot.test.context.SpringBootTestContextBootstrapper=true}', contextCustomizers = set[org.springframework.boot.test.autoconfigure.actuate.metrics.MetricsExportContextCustomizerFactory$DisableMetricExportContextCustomizer@55b5f5d2, org.springframework.boot.test.autoconfigure.properties.PropertyMappingContextCustomizer@0, org.springframework.boot.test.autoconfigure.web.servlet.WebDriverContextCustomizerFactory$Customizer@242aa8d9, org.springframework.boot.test.context.filter.ExcludeFilterContextCustomizer@4721d212, org.springframework.boot.test.json.DuplicateJsonObjectContextCustomizerFactory$DuplicateJsonObjectContextCustomizer@62dae540, org.springframework.boot.test.mock.mockito.MockitoContextCustomizer@0, org.springframework.boot.test.web.client.TestRestTemplateContextCustomizer@3c435123, org.springframework.boot.test.context.SpringBootTestArgs@1, org.springframework.boot.test.context.SpringBootTestWebEnvironment@52815fa3], resourceBasePath = 'src/main/webapp', contextLoader = 'org.springframework.boot.test.context.SpringBootContextLoader', parent = [null]], attributes = map['org.springframework.test.context.web.ServletTestExecutionListener.activateListener' -> true, 'org.springframework.test.context.web.ServletTestExecutionListener.populatedRequestContextHolder' -> true, 'org.springframework.test.context.web.ServletTestExecutionListener.resetRequestContextHolder' -> true, 'org.springframework.test.context.event.ApplicationEventsTestExecutionListener.recordApplicationEvents' -> false]]; transaction manager [org.springframework.orm.jpa.JpaTransactionManager@7fb2645b]; rollback [true]
2023-11-22 02:09:35.715 DEBUG 9672 --- [    Test worker] org.hibernate.SQL                        : 
    delete 
    from
        customer
Hibernate: 
    delete 
    from
        customer
2023-11-22 02:09:35.726 DEBUG 9672 --- [    Test worker] org.hibernate.SQL                        : 
    select
        customeren0_.customer_key as customer1_0_,
        customeren0_.customer_id_email as customer2_0_,
        customeren0_.customer_location as customer3_0_,
        customeren0_.customer_name as customer4_0_,
        customeren0_.customer_password as customer5_0_,
        customeren0_.customer_phonenum as customer6_0_ 
    from
        customer customeren0_ 
    where
        customeren0_.customer_id_email=?
Hibernate: 
    select
        customeren0_.customer_key as customer1_0_,
        customeren0_.customer_id_email as customer2_0_,
        customeren0_.customer_location as customer3_0_,
        customeren0_.customer_name as customer4_0_,
        customeren0_.customer_password as customer5_0_,
        customeren0_.customer_phonenum as customer6_0_ 
    from
        customer customeren0_ 
    where
        customeren0_.customer_id_email=?
2023-11-22 02:09:35.730 TRACE 9672 --- [    Test worker] o.h.type.descriptor.sql.BasicBinder      : binding parameter [1] as [VARCHAR] - [ajou.gmail.com]
2023-11-22 02:09:35.960 DEBUG 9672 --- [    Test worker] org.hibernate.SQL                        : 
    insert 
    into
        customer
        (customer_id_email, customer_location, customer_name, customer_password, customer_phonenum) 
    values
        (?, ?, ?, ?, ?)
Hibernate: 
    insert 
    into
        customer
        (customer_id_email, customer_location, customer_name, customer_password, customer_phonenum) 
    values
        (?, ?, ?, ?, ?)
2023-11-22 02:09:35.962 TRACE 9672 --- [    Test worker] o.h.type.descriptor.sql.BasicBinder      : binding parameter [1] as [VARCHAR] - [ajou.gmail.com]
2023-11-22 02:09:35.963 TRACE 9672 --- [    Test worker] o.h.type.descriptor.sql.BasicBinder      : binding parameter [2] as [VARCHAR] - [null]
2023-11-22 02:09:35.964 TRACE 9672 --- [    Test worker] o.h.type.descriptor.sql.BasicBinder      : binding parameter [3] as [VARCHAR] - [suhyeon]
2023-11-22 02:09:35.964 TRACE 9672 --- [    Test worker] o.h.type.descriptor.sql.BasicBinder      : binding parameter [4] as [VARCHAR] - [$2a$10$EMftq8naeHFFl/.FWBq8UOYXpOoWaXVr4RsV4bA6J4QFkvKZURz1a]
2023-11-22 02:09:35.965 TRACE 9672 --- [    Test worker] o.h.type.descriptor.sql.BasicBinder      : binding parameter [5] as [VARCHAR] - [010-1111-2222]
2023-11-22 02:09:35.981 DEBUG 9672 --- [    Test worker] org.hibernate.SQL                        : 
    select
        customeren0_.customer_key as customer1_0_,
        customeren0_.customer_id_email as customer2_0_,
        customeren0_.customer_location as customer3_0_,
        customeren0_.customer_name as customer4_0_,
        customeren0_.customer_password as customer5_0_,
        customeren0_.customer_phonenum as customer6_0_ 
    from
        customer customeren0_ 
    where
        customeren0_.customer_id_email=?
Hibernate: 
    select
        customeren0_.customer_key as customer1_0_,
        customeren0_.customer_id_email as customer2_0_,
        customeren0_.customer_location as customer3_0_,
        customeren0_.customer_name as customer4_0_,
        customeren0_.customer_password as customer5_0_,
        customeren0_.customer_phonenum as customer6_0_ 
    from
        customer customeren0_ 
    where
        customeren0_.customer_id_email=?
2023-11-22 02:09:35.983 TRACE 9672 --- [    Test worker] o.h.type.descriptor.sql.BasicBinder      : binding parameter [1] as [VARCHAR] - [wrongId]
2023-11-22 02:09:36.013  INFO 9672 --- [    Test worker] o.s.t.c.transaction.TransactionContext   : Rolled back transaction for test: [DefaultTestContext@492fc69e testClass = CustomerServiceTest, testInstance = Unknown.PreScent.service.CustomerServiceTest@360ccb68, testMethod = loginFailureWrongIdTest@CustomerServiceTest, testException = [null], mergedContextConfiguration = [WebMergedContextConfiguration@117632cf testClass = CustomerServiceTest, locations = '{}', classes = '{class Unknown.PreScent.PreScentApplication}', contextInitializerClasses = '[]', activeProfiles = '{}', propertySourceLocations = '{}', propertySourceProperties = '{org.springframework.boot.test.context.SpringBootTestContextBootstrapper=true}', contextCustomizers = set[org.springframework.boot.test.autoconfigure.actuate.metrics.MetricsExportContextCustomizerFactory$DisableMetricExportContextCustomizer@55b5f5d2, org.springframework.boot.test.autoconfigure.properties.PropertyMappingContextCustomizer@0, org.springframework.boot.test.autoconfigure.web.servlet.WebDriverContextCustomizerFactory$Customizer@242aa8d9, org.springframework.boot.test.context.filter.ExcludeFilterContextCustomizer@4721d212, org.springframework.boot.test.json.DuplicateJsonObjectContextCustomizerFactory$DuplicateJsonObjectContextCustomizer@62dae540, org.springframework.boot.test.mock.mockito.MockitoContextCustomizer@0, org.springframework.boot.test.web.client.TestRestTemplateContextCustomizer@3c435123, org.springframework.boot.test.context.SpringBootTestArgs@1, org.springframework.boot.test.context.SpringBootTestWebEnvironment@52815fa3], resourceBasePath = 'src/main/webapp', contextLoader = 'org.springframework.boot.test.context.SpringBootContextLoader', parent = [null]], attributes = map['org.springframework.test.context.web.ServletTestExecutionListener.activateListener' -> true, 'org.springframework.test.context.web.ServletTestExecutionListener.populatedRequestContextHolder' -> true, 'org.springframework.test.context.web.ServletTestExecutionListener.resetRequestContextHolder' -> true, 'org.springframework.test.context.event.ApplicationEventsTestExecutionListener.recordApplicationEvents' -> false]]
]]></system-out>
  <system-err><![CDATA[]]></system-err>
</testsuite>
