<?xml version="1.0" encoding="UTF-8"?>
<testsuite name="net.prescent.service.AIModelServiceTest" tests="1" skipped="0" failures="0" errors="0" timestamp="2023-11-30T06:59:07" hostname="LAPTOP-Q5F6TAOM" time="9.042">
  <properties/>
  <testcase name="testDetectFlowers()" classname="net.prescent.service.AIModelServiceTest" time="9.042"/>
  <system-out><![CDATA[15:58:52.574 [Test worker] DEBUG org.springframework.test.context.BootstrapUtils - Instantiating CacheAwareContextLoaderDelegate from class [org.springframework.test.context.cache.DefaultCacheAwareContextLoaderDelegate]
15:58:52.611 [Test worker] DEBUG org.springframework.test.context.BootstrapUtils - Instantiating BootstrapContext using constructor [public org.springframework.test.context.support.DefaultBootstrapContext(java.lang.Class,org.springframework.test.context.CacheAwareContextLoaderDelegate)]
15:58:52.689 [Test worker] DEBUG org.springframework.test.context.BootstrapUtils - Instantiating TestContextBootstrapper for test class [net.prescent.service.AIModelServiceTest] from class [org.springframework.boot.test.context.SpringBootTestContextBootstrapper]
15:58:52.711 [Test worker] INFO org.springframework.boot.test.context.SpringBootTestContextBootstrapper - Neither @ContextConfiguration nor @ContextHierarchy found for test class [net.prescent.service.AIModelServiceTest], using SpringBootContextLoader
15:58:52.717 [Test worker] DEBUG org.springframework.test.context.support.AbstractContextLoader - Did not detect default resource location for test class [net.prescent.service.AIModelServiceTest]: class path resource [net/prescent/service/AIModelServiceTest-context.xml] does not exist
15:58:52.720 [Test worker] DEBUG org.springframework.test.context.support.AbstractContextLoader - Did not detect default resource location for test class [net.prescent.service.AIModelServiceTest]: class path resource [net/prescent/service/AIModelServiceTestContext.groovy] does not exist
15:58:52.721 [Test worker] INFO org.springframework.test.context.support.AbstractContextLoader - Could not detect default resource locations for test class [net.prescent.service.AIModelServiceTest]: no resource found for suffixes {-context.xml, Context.groovy}.
15:58:52.722 [Test worker] INFO org.springframework.test.context.support.AnnotationConfigContextLoaderUtils - Could not detect default configuration classes for test class [net.prescent.service.AIModelServiceTest]: AIModelServiceTest does not declare any static, non-private, non-final, nested classes annotated with @Configuration.
15:58:52.807 [Test worker] DEBUG org.springframework.test.context.support.ActiveProfilesUtils - Could not find an 'annotation declaring class' for annotation type [org.springframework.test.context.ActiveProfiles] and class [net.prescent.service.AIModelServiceTest]
15:58:52.992 [Test worker] DEBUG org.springframework.context.annotation.ClassPathScanningCandidateComponentProvider - Identified candidate component class: file [C:\Users\user\IdeaProjects\PreScent_sc23\build\classes\java\main\net\prescent\PreScentApplication.class]
15:58:52.993 [Test worker] INFO org.springframework.boot.test.context.SpringBootTestContextBootstrapper - Found @SpringBootConfiguration net.prescent.PreScentApplication for test class net.prescent.service.AIModelServiceTest
15:58:53.158 [Test worker] DEBUG org.springframework.boot.test.context.SpringBootTestContextBootstrapper - @TestExecutionListeners is not present for class [net.prescent.service.AIModelServiceTest]: using defaults.
15:58:53.159 [Test worker] INFO org.springframework.boot.test.context.SpringBootTestContextBootstrapper - Loaded default TestExecutionListener class names from location [META-INF/spring.factories]: [org.springframework.security.test.context.support.WithSecurityContextTestExecutionListener, org.springframework.security.test.context.support.ReactorContextTestExecutionListener, org.springframework.boot.test.autoconfigure.restdocs.RestDocsTestExecutionListener, org.springframework.boot.test.autoconfigure.web.client.MockRestServiceServerResetTestExecutionListener, org.springframework.boot.test.autoconfigure.web.servlet.MockMvcPrintOnlyOnFailureTestExecutionListener, org.springframework.boot.test.autoconfigure.web.servlet.WebDriverTestExecutionListener, org.springframework.boot.test.autoconfigure.webservices.client.MockWebServiceServerTestExecutionListener, org.springframework.boot.test.mock.mockito.MockitoTestExecutionListener, org.springframework.boot.test.mock.mockito.ResetMocksTestExecutionListener, org.springframework.test.context.web.ServletTestExecutionListener, org.springframework.test.context.support.DirtiesContextBeforeModesTestExecutionListener, org.springframework.test.context.event.ApplicationEventsTestExecutionListener, org.springframework.test.context.support.DependencyInjectionTestExecutionListener, org.springframework.test.context.support.DirtiesContextTestExecutionListener, org.springframework.test.context.transaction.TransactionalTestExecutionListener, org.springframework.test.context.jdbc.SqlScriptsTestExecutionListener, org.springframework.test.context.event.EventPublishingTestExecutionListener]
15:58:53.190 [Test worker] INFO org.springframework.boot.test.context.SpringBootTestContextBootstrapper - Using TestExecutionListeners: [org.springframework.test.context.web.ServletTestExecutionListener@6c2d4cc6, org.springframework.test.context.support.DirtiesContextBeforeModesTestExecutionListener@30865a90, org.springframework.test.context.event.ApplicationEventsTestExecutionListener@6134ac4a, org.springframework.boot.test.mock.mockito.MockitoTestExecutionListener@777c9dc9, org.springframework.boot.test.autoconfigure.SpringBootDependencyInjectionTestExecutionListener@71b1a49c, org.springframework.test.context.support.DirtiesContextTestExecutionListener@73e132e0, org.springframework.test.context.transaction.TransactionalTestExecutionListener@3773862a, org.springframework.test.context.jdbc.SqlScriptsTestExecutionListener@2472c7d8, org.springframework.security.test.context.support.WithSecurityContextTestExecutionListener@589b028e, org.springframework.test.context.event.EventPublishingTestExecutionListener@22175d4f, org.springframework.security.test.context.support.ReactorContextTestExecutionListener@9fecdf1, org.springframework.boot.test.autoconfigure.restdocs.RestDocsTestExecutionListener@3b809711, org.springframework.boot.test.autoconfigure.web.client.MockRestServiceServerResetTestExecutionListener@3b0f7d9d, org.springframework.boot.test.autoconfigure.web.servlet.MockMvcPrintOnlyOnFailureTestExecutionListener@236ab296, org.springframework.boot.test.autoconfigure.web.servlet.WebDriverTestExecutionListener@5c84624f, org.springframework.boot.test.autoconfigure.webservices.client.MockWebServiceServerTestExecutionListener@63034ed1, org.springframework.boot.test.mock.mockito.ResetMocksTestExecutionListener@232024b9]
15:58:53.194 [Test worker] DEBUG org.springframework.test.context.support.AbstractDirtiesContextTestExecutionListener - Before test class: context [DefaultTestContext@1ea9f009 testClass = AIModelServiceTest, testInstance = [null], testMethod = [null], testException = [null], mergedContextConfiguration = [WebMergedContextConfiguration@5d52e3ef testClass = AIModelServiceTest, locations = '{}', classes = '{class net.prescent.PreScentApplication}', contextInitializerClasses = '[]', activeProfiles = '{}', propertySourceLocations = '{}', propertySourceProperties = '{org.springframework.boot.test.context.SpringBootTestContextBootstrapper=true}', contextCustomizers = set[org.springframework.boot.test.autoconfigure.actuate.metrics.MetricsExportContextCustomizerFactory$DisableMetricExportContextCustomizer@5d018107, org.springframework.boot.test.autoconfigure.properties.PropertyMappingContextCustomizer@0, org.springframework.boot.test.autoconfigure.web.servlet.WebDriverContextCustomizerFactory$Customizer@458342d3, org.springframework.boot.test.context.filter.ExcludeFilterContextCustomizer@51e8e6e6, org.springframework.boot.test.json.DuplicateJsonObjectContextCustomizerFactory$DuplicateJsonObjectContextCustomizer@2dbf4cbd, org.springframework.boot.test.mock.mockito.MockitoContextCustomizer@0, org.springframework.boot.test.web.client.TestRestTemplateContextCustomizer@69637b10, org.springframework.boot.test.web.reactive.server.WebTestClientContextCustomizer@470a696f, org.springframework.boot.test.context.SpringBootTestArgs@1, org.springframework.boot.test.context.SpringBootTestWebEnvironment@68f1b17f], resourceBasePath = 'src/main/webapp', contextLoader = 'org.springframework.boot.test.context.SpringBootContextLoader', parent = [null]], attributes = map['org.springframework.test.context.web.ServletTestExecutionListener.activateListener' -> true]], class annotated with @DirtiesContext [false] with mode [null].

  .   ____          _            __ _ _
 /\\ / ___'_ __ _ _(_)_ __  __ _ \ \ \ \
( ( )\___ | '_ | '_| | '_ \/ _` | \ \ \ \
 \\/  ___)| |_)| | | | | || (_| |  ) ) ) )
  '  |____| .__|_| |_|_| |_\__, | / / / /
 =========|_|==============|___/=/_/_/_/
 :: Spring Boot ::               (v2.7.17)

2023-11-30 15:58:53.712  INFO 19208 --- [    Test worker] net.prescent.service.AIModelServiceTest  : Starting AIModelServiceTest using Java 11.0.21 on LAPTOP-Q5F6TAOM with PID 19208 (started by soohyeon in C:\Users\user\IdeaProjects\PreScent_sc23)
2023-11-30 15:58:53.714  INFO 19208 --- [    Test worker] net.prescent.service.AIModelServiceTest  : No active profile set, falling back to 1 default profile: "default"
2023-11-30 15:58:55.762  INFO 19208 --- [    Test worker] .s.d.r.c.RepositoryConfigurationDelegate : Bootstrapping Spring Data JPA repositories in DEFAULT mode.
2023-11-30 15:58:56.319  INFO 19208 --- [    Test worker] .s.d.r.c.RepositoryConfigurationDelegate : Finished Spring Data repository scanning in 541 ms. Found 8 JPA repository interfaces.
2023-11-30 15:58:57.894  INFO 19208 --- [    Test worker] o.hibernate.jpa.internal.util.LogHelper  : HHH000204: Processing PersistenceUnitInfo [name: default]
2023-11-30 15:58:58.056  INFO 19208 --- [    Test worker] org.hibernate.Version                    : HHH000412: Hibernate ORM core version 5.6.15.Final
2023-11-30 15:58:58.530  INFO 19208 --- [    Test worker] o.hibernate.annotations.common.Version   : HCANN000001: Hibernate Commons Annotations {5.1.2.Final}
2023-11-30 15:58:58.797  INFO 19208 --- [    Test worker] com.zaxxer.hikari.HikariDataSource       : HikariPool-1 - Starting...
2023-11-30 15:58:59.201  INFO 19208 --- [    Test worker] com.zaxxer.hikari.HikariDataSource       : HikariPool-1 - Start completed.
2023-11-30 15:58:59.230  INFO 19208 --- [    Test worker] org.hibernate.dialect.Dialect            : HHH000400: Using dialect: org.hibernate.dialect.MySQL5InnoDBDialect
2023-11-30 15:59:01.388  INFO 19208 --- [    Test worker] o.h.e.t.j.p.i.JtaPlatformInitiator       : HHH000490: Using JtaPlatform implementation: [org.hibernate.engine.transaction.jta.platform.internal.NoJtaPlatform]
2023-11-30 15:59:01.417  INFO 19208 --- [    Test worker] j.LocalContainerEntityManagerFactoryBean : Initialized JPA EntityManagerFactory for persistence unit 'default'
2023-11-30 15:59:02.913  WARN 19208 --- [    Test worker] .s.s.UserDetailsServiceAutoConfiguration : 

Using generated security password: a2298390-3f01-451e-8459-2dd6a18f97cc

This generated password is for development use only. Your security configuration must be updated before running your application in production.

2023-11-30 15:59:03.666  INFO 19208 --- [    Test worker] o.s.s.web.DefaultSecurityFilterChain     : Will secure any request with [org.springframework.security.web.session.DisableEncodeUrlFilter@6fc1a1d5, org.springframework.security.web.context.request.async.WebAsyncManagerIntegrationFilter@4f8641d1, org.springframework.security.web.context.SecurityContextPersistenceFilter@5abc488d, org.springframework.security.web.header.HeaderWriterFilter@8961e55, org.springframework.web.filter.CorsFilter@6d6ddeb5, org.springframework.security.web.authentication.logout.LogoutFilter@6e627ab8, net.prescent.security.CustomAuthenticationFilter@3e574f9c, org.springframework.security.web.savedrequest.RequestCacheAwareFilter@7fa2473a, org.springframework.security.web.servletapi.SecurityContextHolderAwareRequestFilter@47629063, org.springframework.security.web.authentication.AnonymousAuthenticationFilter@5cfa9e8a, org.springframework.security.web.session.SessionManagementFilter@2a7b4bb6, org.springframework.security.web.access.ExceptionTranslationFilter@674d2b8b, org.springframework.security.web.access.intercept.FilterSecurityInterceptor@42d96745]
2023-11-30 15:59:04.804  WARN 19208 --- [    Test worker] JpaBaseConfiguration$JpaWebConfiguration : spring.jpa.open-in-view is enabled by default. Therefore, database queries may be performed during view rendering. Explicitly configure spring.jpa.open-in-view to disable this warning
2023-11-30 15:59:06.948  INFO 19208 --- [    Test worker] net.prescent.service.AIModelServiceTest  : Started AIModelServiceTest in 13.705 seconds (JVM running for 17.949)
]]></system-out>
  <system-err><![CDATA[]]></system-err>
</testsuite>
