<?xml version="1.0" encoding="UTF-8"?>
<testsuite name="net.prescent.service.CustomerServiceTest" tests="2" skipped="0" failures="0" errors="0" timestamp="2023-11-21T16:45:00" hostname="LAPTOP-Q5F6TAOM" time="0.84">
  <properties/>
  <testcase name="고객/ 회원가입 테스트" classname="net.prescent.service.CustomerServiceTest" time="0.697"/>
  <testcase name="고객/ 중복 이메일 가입 테스트" classname="net.prescent.service.CustomerServiceTest" time="0.14"/>
  <system-out><![CDATA[01:44:51.077 [Test worker] DEBUG org.springframework.test.context.BootstrapUtils - Instantiating CacheAwareContextLoaderDelegate from class [org.springframework.test.context.cache.DefaultCacheAwareContextLoaderDelegate]
01:44:51.093 [Test worker] DEBUG org.springframework.test.context.BootstrapUtils - Instantiating BootstrapContext using constructor [public org.springframework.test.context.support.DefaultBootstrapContext(java.lang.Class,org.springframework.test.context.CacheAwareContextLoaderDelegate)]
01:44:51.144 [Test worker] DEBUG org.springframework.test.context.BootstrapUtils - Instantiating TestContextBootstrapper for test class [net.prescent.service.CustomerServiceTest] from class [org.springframework.boot.test.context.SpringBootTestContextBootstrapper]
01:44:51.162 [Test worker] INFO org.springframework.boot.test.context.SpringBootTestContextBootstrapper - Neither @ContextConfiguration nor @ContextHierarchy found for test class [net.prescent.service.CustomerServiceTest], using SpringBootContextLoader
01:44:51.169 [Test worker] DEBUG org.springframework.test.context.support.AbstractContextLoader - Did not detect default resource location for test class [net.prescent.service.CustomerServiceTest]: class path resource [net/prescent/service/CustomerServiceTest-context.xml] does not exist
01:44:51.170 [Test worker] DEBUG org.springframework.test.context.support.AbstractContextLoader - Did not detect default resource location for test class [net.prescent.service.CustomerServiceTest]: class path resource [net/prescent/service/CustomerServiceTestContext.groovy] does not exist
01:44:51.171 [Test worker] INFO org.springframework.test.context.support.AbstractContextLoader - Could not detect default resource locations for test class [net.prescent.service.CustomerServiceTest]: no resource found for suffixes {-context.xml, Context.groovy}.
01:44:51.172 [Test worker] INFO org.springframework.test.context.support.AnnotationConfigContextLoaderUtils - Could not detect default configuration classes for test class [net.prescent.service.CustomerServiceTest]: CustomerServiceTest does not declare any static, non-private, non-final, nested classes annotated with @Configuration.
01:44:51.249 [Test worker] DEBUG org.springframework.test.context.support.ActiveProfilesUtils - Could not find an 'annotation declaring class' for annotation type [org.springframework.test.context.ActiveProfiles] and class [net.prescent.service.CustomerServiceTest]
01:44:51.367 [Test worker] DEBUG org.springframework.context.annotation.ClassPathScanningCandidateComponentProvider - Identified candidate component class: file [C:\Users\user\IdeaProjects\PreScent_sc23\build\classes\java\main\net\prescent\PreScentApplication.class]
01:44:51.369 [Test worker] INFO org.springframework.boot.test.context.SpringBootTestContextBootstrapper - Found @SpringBootConfiguration net.prescent.PreScentApplication for test class net.prescent.service.CustomerServiceTest
01:44:51.523 [Test worker] DEBUG org.springframework.boot.test.context.SpringBootTestContextBootstrapper - @TestExecutionListeners is not present for class [net.prescent.service.CustomerServiceTest]: using defaults.
01:44:51.523 [Test worker] INFO org.springframework.boot.test.context.SpringBootTestContextBootstrapper - Loaded default TestExecutionListener class names from location [META-INF/spring.factories]: [org.springframework.security.test.context.support.WithSecurityContextTestExecutionListener, org.springframework.security.test.context.support.ReactorContextTestExecutionListener, org.springframework.boot.test.autoconfigure.restdocs.RestDocsTestExecutionListener, org.springframework.boot.test.autoconfigure.web.client.MockRestServiceServerResetTestExecutionListener, org.springframework.boot.test.autoconfigure.web.servlet.MockMvcPrintOnlyOnFailureTestExecutionListener, org.springframework.boot.test.autoconfigure.web.servlet.WebDriverTestExecutionListener, org.springframework.boot.test.autoconfigure.webservices.client.MockWebServiceServerTestExecutionListener, org.springframework.boot.test.mock.mockito.MockitoTestExecutionListener, org.springframework.boot.test.mock.mockito.ResetMocksTestExecutionListener, org.springframework.test.context.web.ServletTestExecutionListener, org.springframework.test.context.support.DirtiesContextBeforeModesTestExecutionListener, org.springframework.test.context.event.ApplicationEventsTestExecutionListener, org.springframework.test.context.support.DependencyInjectionTestExecutionListener, org.springframework.test.context.support.DirtiesContextTestExecutionListener, org.springframework.test.context.transaction.TransactionalTestExecutionListener, org.springframework.test.context.jdbc.SqlScriptsTestExecutionListener, org.springframework.test.context.event.EventPublishingTestExecutionListener]
01:44:51.553 [Test worker] INFO org.springframework.boot.test.context.SpringBootTestContextBootstrapper - Using TestExecutionListeners: [org.springframework.test.context.web.ServletTestExecutionListener@65ef722a, org.springframework.test.context.support.DirtiesContextBeforeModesTestExecutionListener@5fd9b663, org.springframework.test.context.event.ApplicationEventsTestExecutionListener@214894fc, org.springframework.boot.test.mock.mockito.MockitoTestExecutionListener@10567255, org.springframework.boot.test.autoconfigure.SpringBootDependencyInjectionTestExecutionListener@e362c57, org.springframework.test.context.support.DirtiesContextTestExecutionListener@1c4ee95c, org.springframework.test.context.transaction.TransactionalTestExecutionListener@79c4715d, org.springframework.test.context.jdbc.SqlScriptsTestExecutionListener@5aa360ea, org.springframework.security.test.context.support.WithSecurityContextTestExecutionListener@6548bb7d, org.springframework.test.context.event.EventPublishingTestExecutionListener@e27ba81, org.springframework.security.test.context.support.ReactorContextTestExecutionListener@54336c81, org.springframework.boot.test.autoconfigure.restdocs.RestDocsTestExecutionListener@1556f2dd, org.springframework.boot.test.autoconfigure.web.client.MockRestServiceServerResetTestExecutionListener@35e52059, org.springframework.boot.test.autoconfigure.web.servlet.MockMvcPrintOnlyOnFailureTestExecutionListener@62577d6, org.springframework.boot.test.autoconfigure.web.servlet.WebDriverTestExecutionListener@49bd54f7, org.springframework.boot.test.autoconfigure.webservices.client.MockWebServiceServerTestExecutionListener@6b5f8707, org.springframework.boot.test.mock.mockito.ResetMocksTestExecutionListener@772485dd]
01:44:51.557 [Test worker] DEBUG org.springframework.test.context.support.AbstractDirtiesContextTestExecutionListener - Before test class: context [DefaultTestContext@7cc9ce8 testClass = CustomerServiceTest, testInstance = [null], testMethod = [null], testException = [null], mergedContextConfiguration = [WebMergedContextConfiguration@2e27d72f testClass = CustomerServiceTest, locations = '{}', classes = '{class net.prescent.PreScentApplication}', contextInitializerClasses = '[]', activeProfiles = '{}', propertySourceLocations = '{}', propertySourceProperties = '{org.springframework.boot.test.context.SpringBootTestContextBootstrapper=true}', contextCustomizers = set[org.springframework.boot.test.autoconfigure.actuate.metrics.MetricsExportContextCustomizerFactory$DisableMetricExportContextCustomizer@3f053c80, org.springframework.boot.test.autoconfigure.properties.PropertyMappingContextCustomizer@0, org.springframework.boot.test.autoconfigure.web.servlet.WebDriverContextCustomizerFactory$Customizer@636e8cc, org.springframework.boot.test.context.filter.ExcludeFilterContextCustomizer@619bfe29, org.springframework.boot.test.json.DuplicateJsonObjectContextCustomizerFactory$DuplicateJsonObjectContextCustomizer@2bef51f2, org.springframework.boot.test.mock.mockito.MockitoContextCustomizer@0, org.springframework.boot.test.web.client.TestRestTemplateContextCustomizer@5ad10c1a, org.springframework.boot.test.context.SpringBootTestArgs@1, org.springframework.boot.test.context.SpringBootTestWebEnvironment@20d7d6fb], resourceBasePath = 'src/main/webapp', contextLoader = 'org.springframework.boot.test.context.SpringBootContextLoader', parent = [null]], attributes = map['org.springframework.test.context.web.ServletTestExecutionListener.activateListener' -> true]], class annotated with @DirtiesContext [false] with mode [null].

  .   ____          _            __ _ _
 /\\ / ___'_ __ _ _(_)_ __  __ _ \ \ \ \
( ( )\___ | '_ | '_| | '_ \/ _` | \ \ \ \
 \\/  ___)| |_)| | | | | || (_| |  ) ) ) )
  '  |____| .__|_| |_|_| |_\__, | / / / /
 =========|_|==============|___/=/_/_/_/
 :: Spring Boot ::               (v2.7.17)

2023-11-22 01:44:52.057  INFO 25576 --- [    Test worker] n.prescent.service.CustomerServiceTest   : Starting CustomerServiceTest using Java 11.0.21 on LAPTOP-Q5F6TAOM with PID 25576 (started by soohyeon in C:\Users\user\IdeaProjects\PreScent_sc23)
2023-11-22 01:44:52.060  INFO 25576 --- [    Test worker] n.prescent.service.CustomerServiceTest   : No active profile set, falling back to 1 default profile: "default"
2023-11-22 01:44:53.694  INFO 25576 --- [    Test worker] .s.d.r.c.RepositoryConfigurationDelegate : Bootstrapping Spring Data JPA repositories in DEFAULT mode.
2023-11-22 01:44:53.885  INFO 25576 --- [    Test worker] .s.d.r.c.RepositoryConfigurationDelegate : Finished Spring Data repository scanning in 176 ms. Found 7 JPA repository interfaces.
2023-11-22 01:44:55.021  INFO 25576 --- [    Test worker] o.hibernate.jpa.internal.util.LogHelper  : HHH000204: Processing PersistenceUnitInfo [name: default]
2023-11-22 01:44:55.129  INFO 25576 --- [    Test worker] org.hibernate.Version                    : HHH000412: Hibernate ORM core version 5.6.15.Final
2023-11-22 01:44:55.474  INFO 25576 --- [    Test worker] o.hibernate.annotations.common.Version   : HCANN000001: Hibernate Commons Annotations {5.1.2.Final}
2023-11-22 01:44:55.706  INFO 25576 --- [    Test worker] com.zaxxer.hikari.HikariDataSource       : HikariPool-1 - Starting...
2023-11-22 01:44:56.081  INFO 25576 --- [    Test worker] com.zaxxer.hikari.HikariDataSource       : HikariPool-1 - Start completed.
2023-11-22 01:44:56.125  INFO 25576 --- [    Test worker] org.hibernate.dialect.Dialect            : HHH000400: Using dialect: org.hibernate.dialect.MySQL5InnoDBDialect
2023-11-22 01:44:57.454  INFO 25576 --- [    Test worker] o.h.e.t.j.p.i.JtaPlatformInitiator       : HHH000490: Using JtaPlatform implementation: [org.hibernate.engine.transaction.jta.platform.internal.NoJtaPlatform]
2023-11-22 01:44:57.470  INFO 25576 --- [    Test worker] j.LocalContainerEntityManagerFactoryBean : Initialized JPA EntityManagerFactory for persistence unit 'default'
2023-11-22 01:44:58.197  WARN 25576 --- [    Test worker] JpaBaseConfiguration$JpaWebConfiguration : spring.jpa.open-in-view is enabled by default. Therefore, database queries may be performed during view rendering. Explicitly configure spring.jpa.open-in-view to disable this warning
2023-11-22 01:44:58.616  WARN 25576 --- [    Test worker] .s.s.UserDetailsServiceAutoConfiguration : 

Using generated security password: c9bf9cf0-6383-409b-891c-eea340010bf9

This generated password is for development use only. Your security configuration must be updated before running your application in production.

2023-11-22 01:44:59.030  INFO 25576 --- [    Test worker] o.s.s.web.DefaultSecurityFilterChain     : Will secure any request with [org.springframework.security.web.session.DisableEncodeUrlFilter@2cdb53d6, org.springframework.security.web.context.request.async.WebAsyncManagerIntegrationFilter@62ba3045, org.springframework.security.web.context.SecurityContextPersistenceFilter@63a9af28, org.springframework.security.web.header.HeaderWriterFilter@1ecf784f, org.springframework.web.filter.CorsFilter@397bd46b, org.springframework.security.web.authentication.logout.LogoutFilter@41c83af0, net.prescent.security.CustomAuthenticationFilter@d863bb, org.springframework.security.web.savedrequest.RequestCacheAwareFilter@58a9e64d, org.springframework.security.web.servletapi.SecurityContextHolderAwareRequestFilter@52bcfd10, org.springframework.security.web.authentication.AnonymousAuthenticationFilter@76ebd595, org.springframework.security.web.session.SessionManagementFilter@e638553, org.springframework.security.web.access.ExceptionTranslationFilter@38d895e8, org.springframework.security.web.access.intercept.FilterSecurityInterceptor@34d26a68]
2023-11-22 01:45:00.904  INFO 25576 --- [    Test worker] n.prescent.service.CustomerServiceTest   : Started CustomerServiceTest in 9.297 seconds (JVM running for 12.457)
2023-11-22 01:45:00.969  INFO 25576 --- [    Test worker] o.s.t.c.transaction.TransactionContext   : Began transaction (1) for test context [DefaultTestContext@7cc9ce8 testClass = CustomerServiceTest, testInstance = net.prescent.service.CustomerServiceTest@15e881c0, testMethod = signupCustomerTest@CustomerServiceTest, testException = [null], mergedContextConfiguration = [WebMergedContextConfiguration@2e27d72f testClass = CustomerServiceTest, locations = '{}', classes = '{class net.prescent.PreScentApplication}', contextInitializerClasses = '[]', activeProfiles = '{}', propertySourceLocations = '{}', propertySourceProperties = '{org.springframework.boot.test.context.SpringBootTestContextBootstrapper=true}', contextCustomizers = set[org.springframework.boot.test.autoconfigure.actuate.metrics.MetricsExportContextCustomizerFactory$DisableMetricExportContextCustomizer@3f053c80, org.springframework.boot.test.autoconfigure.properties.PropertyMappingContextCustomizer@0, org.springframework.boot.test.autoconfigure.web.servlet.WebDriverContextCustomizerFactory$Customizer@636e8cc, org.springframework.boot.test.context.filter.ExcludeFilterContextCustomizer@619bfe29, org.springframework.boot.test.json.DuplicateJsonObjectContextCustomizerFactory$DuplicateJsonObjectContextCustomizer@2bef51f2, org.springframework.boot.test.mock.mockito.MockitoContextCustomizer@0, org.springframework.boot.test.web.client.TestRestTemplateContextCustomizer@5ad10c1a, org.springframework.boot.test.context.SpringBootTestArgs@1, org.springframework.boot.test.context.SpringBootTestWebEnvironment@20d7d6fb], resourceBasePath = 'src/main/webapp', contextLoader = 'org.springframework.boot.test.context.SpringBootContextLoader', parent = [null]], attributes = map['org.springframework.test.context.web.ServletTestExecutionListener.activateListener' -> true, 'org.springframework.test.context.web.ServletTestExecutionListener.populatedRequestContextHolder' -> true, 'org.springframework.test.context.web.ServletTestExecutionListener.resetRequestContextHolder' -> true, 'org.springframework.test.context.event.ApplicationEventsTestExecutionListener.recordApplicationEvents' -> false]]; transaction manager [org.springframework.orm.jpa.JpaTransactionManager@321302bc]; rollback [true]
2023-11-22 01:45:01.292 DEBUG 25576 --- [    Test worker] org.hibernate.SQL                        : 
    delete 
    from
        customer
Hibernate: 
    delete 
    from
        customer
2023-11-22 01:45:01.359 DEBUG 25576 --- [    Test worker] org.hibernate.SQL                        : 
    select
        customeren0_.customer_key as customer1_3_,
        customeren0_.cart_id as cart_id7_3_,
        customeren0_.customer_id_email as customer2_3_,
        customeren0_.customer_location as customer3_3_,
        customeren0_.customer_name as customer4_3_,
        customeren0_.customer_password as customer5_3_,
        customeren0_.customer_phonenum as customer6_3_ 
    from
        customer customeren0_ 
    where
        customeren0_.customer_id_email=?
Hibernate: 
    select
        customeren0_.customer_key as customer1_3_,
        customeren0_.cart_id as cart_id7_3_,
        customeren0_.customer_id_email as customer2_3_,
        customeren0_.customer_location as customer3_3_,
        customeren0_.customer_name as customer4_3_,
        customeren0_.customer_password as customer5_3_,
        customeren0_.customer_phonenum as customer6_3_ 
    from
        customer customeren0_ 
    where
        customeren0_.customer_id_email=?
2023-11-22 01:45:01.363 TRACE 25576 --- [    Test worker] o.h.type.descriptor.sql.BasicBinder      : binding parameter [1] as [VARCHAR] - [ajou.gmail.com]
2023-11-22 01:45:01.486 DEBUG 25576 --- [    Test worker] org.hibernate.SQL                        : 
    insert 
    into
        customer
        (cart_id, customer_id_email, customer_location, customer_name, customer_password, customer_phonenum) 
    values
        (?, ?, ?, ?, ?, ?)
Hibernate: 
    insert 
    into
        customer
        (cart_id, customer_id_email, customer_location, customer_name, customer_password, customer_phonenum) 
    values
        (?, ?, ?, ?, ?, ?)
2023-11-22 01:45:01.490 TRACE 25576 --- [    Test worker] o.h.type.descriptor.sql.BasicBinder      : binding parameter [1] as [INTEGER] - [null]
2023-11-22 01:45:01.490 TRACE 25576 --- [    Test worker] o.h.type.descriptor.sql.BasicBinder      : binding parameter [2] as [VARCHAR] - [ajou.gmail.com]
2023-11-22 01:45:01.490 TRACE 25576 --- [    Test worker] o.h.type.descriptor.sql.BasicBinder      : binding parameter [3] as [VARCHAR] - [null]
2023-11-22 01:45:01.491 TRACE 25576 --- [    Test worker] o.h.type.descriptor.sql.BasicBinder      : binding parameter [4] as [VARCHAR] - [suhyeon]
2023-11-22 01:45:01.491 TRACE 25576 --- [    Test worker] o.h.type.descriptor.sql.BasicBinder      : binding parameter [5] as [VARCHAR] - [$2a$10$y08hUnsE.xCRkW54XhloXefLUAyagFx89F85/4QIPaFgrUp5/nUCu]
2023-11-22 01:45:01.491 TRACE 25576 --- [    Test worker] o.h.type.descriptor.sql.BasicBinder      : binding parameter [6] as [VARCHAR] - [010-1111-2222]
2023-11-22 01:45:01.518 DEBUG 25576 --- [    Test worker] org.hibernate.SQL                        : 
    select
        customeren0_.customer_key as customer1_3_,
        customeren0_.cart_id as cart_id7_3_,
        customeren0_.customer_id_email as customer2_3_,
        customeren0_.customer_location as customer3_3_,
        customeren0_.customer_name as customer4_3_,
        customeren0_.customer_password as customer5_3_,
        customeren0_.customer_phonenum as customer6_3_ 
    from
        customer customeren0_ 
    where
        customeren0_.customer_id_email=?
Hibernate: 
    select
        customeren0_.customer_key as customer1_3_,
        customeren0_.cart_id as cart_id7_3_,
        customeren0_.customer_id_email as customer2_3_,
        customeren0_.customer_location as customer3_3_,
        customeren0_.customer_name as customer4_3_,
        customeren0_.customer_password as customer5_3_,
        customeren0_.customer_phonenum as customer6_3_ 
    from
        customer customeren0_ 
    where
        customeren0_.customer_id_email=?
2023-11-22 01:45:01.519 TRACE 25576 --- [    Test worker] o.h.type.descriptor.sql.BasicBinder      : binding parameter [1] as [VARCHAR] - [ajou.gmail.com]
2023-11-22 01:45:01.629  INFO 25576 --- [    Test worker] o.s.t.c.transaction.TransactionContext   : Rolled back transaction for test: [DefaultTestContext@7cc9ce8 testClass = CustomerServiceTest, testInstance = net.prescent.service.CustomerServiceTest@15e881c0, testMethod = signupCustomerTest@CustomerServiceTest, testException = [null], mergedContextConfiguration = [WebMergedContextConfiguration@2e27d72f testClass = CustomerServiceTest, locations = '{}', classes = '{class net.prescent.PreScentApplication}', contextInitializerClasses = '[]', activeProfiles = '{}', propertySourceLocations = '{}', propertySourceProperties = '{org.springframework.boot.test.context.SpringBootTestContextBootstrapper=true}', contextCustomizers = set[org.springframework.boot.test.autoconfigure.actuate.metrics.MetricsExportContextCustomizerFactory$DisableMetricExportContextCustomizer@3f053c80, org.springframework.boot.test.autoconfigure.properties.PropertyMappingContextCustomizer@0, org.springframework.boot.test.autoconfigure.web.servlet.WebDriverContextCustomizerFactory$Customizer@636e8cc, org.springframework.boot.test.context.filter.ExcludeFilterContextCustomizer@619bfe29, org.springframework.boot.test.json.DuplicateJsonObjectContextCustomizerFactory$DuplicateJsonObjectContextCustomizer@2bef51f2, org.springframework.boot.test.mock.mockito.MockitoContextCustomizer@0, org.springframework.boot.test.web.client.TestRestTemplateContextCustomizer@5ad10c1a, org.springframework.boot.test.context.SpringBootTestArgs@1, org.springframework.boot.test.context.SpringBootTestWebEnvironment@20d7d6fb], resourceBasePath = 'src/main/webapp', contextLoader = 'org.springframework.boot.test.context.SpringBootContextLoader', parent = [null]], attributes = map['org.springframework.test.context.web.ServletTestExecutionListener.activateListener' -> true, 'org.springframework.test.context.web.ServletTestExecutionListener.populatedRequestContextHolder' -> true, 'org.springframework.test.context.web.ServletTestExecutionListener.resetRequestContextHolder' -> true, 'org.springframework.test.context.event.ApplicationEventsTestExecutionListener.recordApplicationEvents' -> false]]
2023-11-22 01:45:01.649  INFO 25576 --- [    Test worker] o.s.t.c.transaction.TransactionContext   : Began transaction (1) for test context [DefaultTestContext@7cc9ce8 testClass = CustomerServiceTest, testInstance = net.prescent.service.CustomerServiceTest@130a99fe, testMethod = saveDuplicateCustomerTest@CustomerServiceTest, testException = [null], mergedContextConfiguration = [WebMergedContextConfiguration@2e27d72f testClass = CustomerServiceTest, locations = '{}', classes = '{class net.prescent.PreScentApplication}', contextInitializerClasses = '[]', activeProfiles = '{}', propertySourceLocations = '{}', propertySourceProperties = '{org.springframework.boot.test.context.SpringBootTestContextBootstrapper=true}', contextCustomizers = set[org.springframework.boot.test.autoconfigure.actuate.metrics.MetricsExportContextCustomizerFactory$DisableMetricExportContextCustomizer@3f053c80, org.springframework.boot.test.autoconfigure.properties.PropertyMappingContextCustomizer@0, org.springframework.boot.test.autoconfigure.web.servlet.WebDriverContextCustomizerFactory$Customizer@636e8cc, org.springframework.boot.test.context.filter.ExcludeFilterContextCustomizer@619bfe29, org.springframework.boot.test.json.DuplicateJsonObjectContextCustomizerFactory$DuplicateJsonObjectContextCustomizer@2bef51f2, org.springframework.boot.test.mock.mockito.MockitoContextCustomizer@0, org.springframework.boot.test.web.client.TestRestTemplateContextCustomizer@5ad10c1a, org.springframework.boot.test.context.SpringBootTestArgs@1, org.springframework.boot.test.context.SpringBootTestWebEnvironment@20d7d6fb], resourceBasePath = 'src/main/webapp', contextLoader = 'org.springframework.boot.test.context.SpringBootContextLoader', parent = [null]], attributes = map['org.springframework.test.context.web.ServletTestExecutionListener.activateListener' -> true, 'org.springframework.test.context.web.ServletTestExecutionListener.populatedRequestContextHolder' -> true, 'org.springframework.test.context.web.ServletTestExecutionListener.resetRequestContextHolder' -> true, 'org.springframework.test.context.event.ApplicationEventsTestExecutionListener.recordApplicationEvents' -> false]]; transaction manager [org.springframework.orm.jpa.JpaTransactionManager@321302bc]; rollback [true]
2023-11-22 01:45:01.652 DEBUG 25576 --- [    Test worker] org.hibernate.SQL                        : 
    delete 
    from
        customer
Hibernate: 
    delete 
    from
        customer
2023-11-22 01:45:01.659 DEBUG 25576 --- [    Test worker] org.hibernate.SQL                        : 
    select
        customeren0_.customer_key as customer1_3_,
        customeren0_.cart_id as cart_id7_3_,
        customeren0_.customer_id_email as customer2_3_,
        customeren0_.customer_location as customer3_3_,
        customeren0_.customer_name as customer4_3_,
        customeren0_.customer_password as customer5_3_,
        customeren0_.customer_phonenum as customer6_3_ 
    from
        customer customeren0_ 
    where
        customeren0_.customer_id_email=?
Hibernate: 
    select
        customeren0_.customer_key as customer1_3_,
        customeren0_.cart_id as cart_id7_3_,
        customeren0_.customer_id_email as customer2_3_,
        customeren0_.customer_location as customer3_3_,
        customeren0_.customer_name as customer4_3_,
        customeren0_.customer_password as customer5_3_,
        customeren0_.customer_phonenum as customer6_3_ 
    from
        customer customeren0_ 
    where
        customeren0_.customer_id_email=?
2023-11-22 01:45:01.660 TRACE 25576 --- [    Test worker] o.h.type.descriptor.sql.BasicBinder      : binding parameter [1] as [VARCHAR] - [ajou.gmail.com]
2023-11-22 01:45:01.740 DEBUG 25576 --- [    Test worker] org.hibernate.SQL                        : 
    insert 
    into
        customer
        (cart_id, customer_id_email, customer_location, customer_name, customer_password, customer_phonenum) 
    values
        (?, ?, ?, ?, ?, ?)
Hibernate: 
    insert 
    into
        customer
        (cart_id, customer_id_email, customer_location, customer_name, customer_password, customer_phonenum) 
    values
        (?, ?, ?, ?, ?, ?)
2023-11-22 01:45:01.742 TRACE 25576 --- [    Test worker] o.h.type.descriptor.sql.BasicBinder      : binding parameter [1] as [INTEGER] - [null]
2023-11-22 01:45:01.742 TRACE 25576 --- [    Test worker] o.h.type.descriptor.sql.BasicBinder      : binding parameter [2] as [VARCHAR] - [ajou.gmail.com]
2023-11-22 01:45:01.742 TRACE 25576 --- [    Test worker] o.h.type.descriptor.sql.BasicBinder      : binding parameter [3] as [VARCHAR] - [null]
2023-11-22 01:45:01.742 TRACE 25576 --- [    Test worker] o.h.type.descriptor.sql.BasicBinder      : binding parameter [4] as [VARCHAR] - [suhyeon]
2023-11-22 01:45:01.742 TRACE 25576 --- [    Test worker] o.h.type.descriptor.sql.BasicBinder      : binding parameter [5] as [VARCHAR] - [$2a$10$5a19ANF6vp9pL3cBp38sLOvGkKaukqI9Z2vbOOqrviX.pznfRn./6]
2023-11-22 01:45:01.742 TRACE 25576 --- [    Test worker] o.h.type.descriptor.sql.BasicBinder      : binding parameter [6] as [VARCHAR] - [010-1111-2222]
2023-11-22 01:45:01.753 DEBUG 25576 --- [    Test worker] org.hibernate.SQL                        : 
    select
        customeren0_.customer_key as customer1_3_,
        customeren0_.cart_id as cart_id7_3_,
        customeren0_.customer_id_email as customer2_3_,
        customeren0_.customer_location as customer3_3_,
        customeren0_.customer_name as customer4_3_,
        customeren0_.customer_password as customer5_3_,
        customeren0_.customer_phonenum as customer6_3_ 
    from
        customer customeren0_ 
    where
        customeren0_.customer_id_email=?
Hibernate: 
    select
        customeren0_.customer_key as customer1_3_,
        customeren0_.cart_id as cart_id7_3_,
        customeren0_.customer_id_email as customer2_3_,
        customeren0_.customer_location as customer3_3_,
        customeren0_.customer_name as customer4_3_,
        customeren0_.customer_password as customer5_3_,
        customeren0_.customer_phonenum as customer6_3_ 
    from
        customer customeren0_ 
    where
        customeren0_.customer_id_email=?
2023-11-22 01:45:01.754 TRACE 25576 --- [    Test worker] o.h.type.descriptor.sql.BasicBinder      : binding parameter [1] as [VARCHAR] - [ajou.gmail.com]
2023-11-22 01:45:01.779  INFO 25576 --- [    Test worker] o.s.t.c.transaction.TransactionContext   : Rolled back transaction for test: [DefaultTestContext@7cc9ce8 testClass = CustomerServiceTest, testInstance = net.prescent.service.CustomerServiceTest@130a99fe, testMethod = saveDuplicateCustomerTest@CustomerServiceTest, testException = [null], mergedContextConfiguration = [WebMergedContextConfiguration@2e27d72f testClass = CustomerServiceTest, locations = '{}', classes = '{class net.prescent.PreScentApplication}', contextInitializerClasses = '[]', activeProfiles = '{}', propertySourceLocations = '{}', propertySourceProperties = '{org.springframework.boot.test.context.SpringBootTestContextBootstrapper=true}', contextCustomizers = set[org.springframework.boot.test.autoconfigure.actuate.metrics.MetricsExportContextCustomizerFactory$DisableMetricExportContextCustomizer@3f053c80, org.springframework.boot.test.autoconfigure.properties.PropertyMappingContextCustomizer@0, org.springframework.boot.test.autoconfigure.web.servlet.WebDriverContextCustomizerFactory$Customizer@636e8cc, org.springframework.boot.test.context.filter.ExcludeFilterContextCustomizer@619bfe29, org.springframework.boot.test.json.DuplicateJsonObjectContextCustomizerFactory$DuplicateJsonObjectContextCustomizer@2bef51f2, org.springframework.boot.test.mock.mockito.MockitoContextCustomizer@0, org.springframework.boot.test.web.client.TestRestTemplateContextCustomizer@5ad10c1a, org.springframework.boot.test.context.SpringBootTestArgs@1, org.springframework.boot.test.context.SpringBootTestWebEnvironment@20d7d6fb], resourceBasePath = 'src/main/webapp', contextLoader = 'org.springframework.boot.test.context.SpringBootContextLoader', parent = [null]], attributes = map['org.springframework.test.context.web.ServletTestExecutionListener.activateListener' -> true, 'org.springframework.test.context.web.ServletTestExecutionListener.populatedRequestContextHolder' -> true, 'org.springframework.test.context.web.ServletTestExecutionListener.resetRequestContextHolder' -> true, 'org.springframework.test.context.event.ApplicationEventsTestExecutionListener.recordApplicationEvents' -> false]]
]]></system-out>
  <system-err><![CDATA[]]></system-err>
</testsuite>
