<?xml version="1.0" encoding="UTF-8"?>
<testsuite name="Unknown.PreScent.service.FPOrderServiceTest" tests="1" skipped="0" failures="0" errors="0" timestamp="2023-11-21T11:20:17" hostname="DESKTOP-KHMF9AU" time="1.241">
  <properties/>
  <testcase name="고객 완제품 주문 테스트" classname="Unknown.PreScent.service.FPOrderServiceTest" time="1.241"/>
  <system-out><![CDATA[20:20:08.694 [Test worker] DEBUG org.springframework.test.context.BootstrapUtils - Instantiating CacheAwareContextLoaderDelegate from class [org.springframework.test.context.cache.DefaultCacheAwareContextLoaderDelegate]
20:20:08.710 [Test worker] DEBUG org.springframework.test.context.BootstrapUtils - Instantiating BootstrapContext using constructor [public org.springframework.test.context.support.DefaultBootstrapContext(java.lang.Class,org.springframework.test.context.CacheAwareContextLoaderDelegate)]
20:20:08.765 [Test worker] DEBUG org.springframework.test.context.BootstrapUtils - Instantiating TestContextBootstrapper for test class [Unknown.PreScent.service.FPOrderServiceTest] from class [org.springframework.boot.test.context.SpringBootTestContextBootstrapper]
20:20:08.788 [Test worker] INFO org.springframework.boot.test.context.SpringBootTestContextBootstrapper - Neither @ContextConfiguration nor @ContextHierarchy found for test class [Unknown.PreScent.service.FPOrderServiceTest], using SpringBootContextLoader
20:20:08.799 [Test worker] DEBUG org.springframework.test.context.support.AbstractContextLoader - Did not detect default resource location for test class [Unknown.PreScent.service.FPOrderServiceTest]: class path resource [Unknown/PreScent/service/FPOrderServiceTest-context.xml] does not exist
20:20:08.801 [Test worker] DEBUG org.springframework.test.context.support.AbstractContextLoader - Did not detect default resource location for test class [Unknown.PreScent.service.FPOrderServiceTest]: class path resource [Unknown/PreScent/service/FPOrderServiceTestContext.groovy] does not exist
20:20:08.802 [Test worker] INFO org.springframework.test.context.support.AbstractContextLoader - Could not detect default resource locations for test class [Unknown.PreScent.service.FPOrderServiceTest]: no resource found for suffixes {-context.xml, Context.groovy}.
20:20:08.803 [Test worker] INFO org.springframework.test.context.support.AnnotationConfigContextLoaderUtils - Could not detect default configuration classes for test class [Unknown.PreScent.service.FPOrderServiceTest]: FPOrderServiceTest does not declare any static, non-private, non-final, nested classes annotated with @Configuration.
20:20:08.874 [Test worker] DEBUG org.springframework.test.context.support.ActiveProfilesUtils - Could not find an 'annotation declaring class' for annotation type [org.springframework.test.context.ActiveProfiles] and class [Unknown.PreScent.service.FPOrderServiceTest]
20:20:08.989 [Test worker] DEBUG org.springframework.context.annotation.ClassPathScanningCandidateComponentProvider - Identified candidate component class: file [C:\Users\김도윤\Desktop\학교\4-2\PreScent\build\classes\java\main\Unknown\PreScent\PreScentApplication.class]
20:20:08.991 [Test worker] INFO org.springframework.boot.test.context.SpringBootTestContextBootstrapper - Found @SpringBootConfiguration Unknown.PreScent.PreScentApplication for test class Unknown.PreScent.service.FPOrderServiceTest
20:20:09.197 [Test worker] DEBUG org.springframework.boot.test.context.SpringBootTestContextBootstrapper - @TestExecutionListeners is not present for class [Unknown.PreScent.service.FPOrderServiceTest]: using defaults.
20:20:09.198 [Test worker] INFO org.springframework.boot.test.context.SpringBootTestContextBootstrapper - Loaded default TestExecutionListener class names from location [META-INF/spring.factories]: [org.springframework.security.test.context.support.WithSecurityContextTestExecutionListener, org.springframework.security.test.context.support.ReactorContextTestExecutionListener, org.springframework.boot.test.autoconfigure.restdocs.RestDocsTestExecutionListener, org.springframework.boot.test.autoconfigure.web.client.MockRestServiceServerResetTestExecutionListener, org.springframework.boot.test.autoconfigure.web.servlet.MockMvcPrintOnlyOnFailureTestExecutionListener, org.springframework.boot.test.autoconfigure.web.servlet.WebDriverTestExecutionListener, org.springframework.boot.test.autoconfigure.webservices.client.MockWebServiceServerTestExecutionListener, org.springframework.boot.test.mock.mockito.MockitoTestExecutionListener, org.springframework.boot.test.mock.mockito.ResetMocksTestExecutionListener, org.springframework.test.context.web.ServletTestExecutionListener, org.springframework.test.context.support.DirtiesContextBeforeModesTestExecutionListener, org.springframework.test.context.event.ApplicationEventsTestExecutionListener, org.springframework.test.context.support.DependencyInjectionTestExecutionListener, org.springframework.test.context.support.DirtiesContextTestExecutionListener, org.springframework.test.context.transaction.TransactionalTestExecutionListener, org.springframework.test.context.jdbc.SqlScriptsTestExecutionListener, org.springframework.test.context.event.EventPublishingTestExecutionListener]
20:20:09.230 [Test worker] INFO org.springframework.boot.test.context.SpringBootTestContextBootstrapper - Using TestExecutionListeners: [org.springframework.test.context.web.ServletTestExecutionListener@14894fc, org.springframework.test.context.support.DirtiesContextBeforeModesTestExecutionListener@567255, org.springframework.test.context.event.ApplicationEventsTestExecutionListener@362c57, org.springframework.boot.test.mock.mockito.MockitoTestExecutionListener@4ee95c, org.springframework.boot.test.autoconfigure.SpringBootDependencyInjectionTestExecutionListener@1c4715d, org.springframework.test.context.support.DirtiesContextTestExecutionListener@a360ea, org.springframework.test.context.transaction.TransactionalTestExecutionListener@148bb7d, org.springframework.test.context.jdbc.SqlScriptsTestExecutionListener@27ba81, org.springframework.security.test.context.support.WithSecurityContextTestExecutionListener@336c81, org.springframework.test.context.event.EventPublishingTestExecutionListener@156f2dd, org.springframework.security.test.context.support.ReactorContextTestExecutionListener@1e52059, org.springframework.boot.test.autoconfigure.restdocs.RestDocsTestExecutionListener@2577d6, org.springframework.boot.test.autoconfigure.web.client.MockRestServiceServerResetTestExecutionListener@1bd54f7, org.springframework.boot.test.autoconfigure.web.servlet.MockMvcPrintOnlyOnFailureTestExecutionListener@15f8707, org.springframework.boot.test.autoconfigure.web.servlet.WebDriverTestExecutionListener@12485dd, org.springframework.boot.test.autoconfigure.webservices.client.MockWebServiceServerTestExecutionListener@12c728, org.springframework.boot.test.mock.mockito.ResetMocksTestExecutionListener@1ab3a71]
20:20:09.235 [Test worker] DEBUG org.springframework.test.context.support.AbstractDirtiesContextTestExecutionListener - Before test class: context [DefaultTestContext@b41d6 testClass = FPOrderServiceTest, testInstance = [null], testMethod = [null], testException = [null], mergedContextConfiguration = [WebMergedContextConfiguration@37595f testClass = FPOrderServiceTest, locations = '{}', classes = '{class Unknown.PreScent.PreScentApplication}', contextInitializerClasses = '[]', activeProfiles = '{}', propertySourceLocations = '{}', propertySourceProperties = '{org.springframework.boot.test.context.SpringBootTestContextBootstrapper=true}', contextCustomizers = set[org.springframework.boot.test.autoconfigure.actuate.metrics.MetricsExportContextCustomizerFactory$DisableMetricExportContextCustomizer@18062d2, org.springframework.boot.test.autoconfigure.properties.PropertyMappingContextCustomizer@0, org.springframework.boot.test.autoconfigure.web.servlet.WebDriverContextCustomizerFactory$Customizer@19bfe29, org.springframework.boot.test.context.filter.ExcludeFilterContextCustomizer@1ef51f2, org.springframework.boot.test.json.DuplicateJsonObjectContextCustomizerFactory$DuplicateJsonObjectContextCustomizer@28bdd1, org.springframework.boot.test.mock.mockito.MockitoContextCustomizer@0, org.springframework.boot.test.web.client.TestRestTemplateContextCustomizer@f7d241, org.springframework.boot.test.context.SpringBootTestArgs@1, org.springframework.boot.test.context.SpringBootTestWebEnvironment@299890], resourceBasePath = 'src/main/webapp', contextLoader = 'org.springframework.boot.test.context.SpringBootContextLoader', parent = [null]], attributes = map['org.springframework.test.context.web.ServletTestExecutionListener.activateListener' -> true]], class annotated with @DirtiesContext [false] with mode [null].

  .   ____          _            __ _ _
 /\\ / ___'_ __ _ _(_)_ __  __ _ \ \ \ \
( ( )\___ | '_ | '_| | '_ \/ _` | \ \ \ \
 \\/  ___)| |_)| | | | | || (_| |  ) ) ) )
  '  |____| .__|_| |_|_| |_\__, | / / / /
 =========|_|==============|___/=/_/_/_/
 :: Spring Boot ::               (v2.7.17)

2023-11-21 20:20:09.954  INFO 14608 --- [    Test worker] U.PreScent.service.FPOrderServiceTest    : Starting FPOrderServiceTest using Java 11.0.21 on DESKTOP-KHMF9AU with PID 14608 (started by 김도윤 in C:\Users\김도윤\Desktop\학교\4-2\PreScent)
2023-11-21 20:20:09.956  INFO 14608 --- [    Test worker] U.PreScent.service.FPOrderServiceTest    : No active profile set, falling back to 1 default profile: "default"
2023-11-21 20:20:11.274  INFO 14608 --- [    Test worker] .s.d.r.c.RepositoryConfigurationDelegate : Bootstrapping Spring Data JPA repositories in DEFAULT mode.
2023-11-21 20:20:11.407  INFO 14608 --- [    Test worker] .s.d.r.c.RepositoryConfigurationDelegate : Finished Spring Data repository scanning in 118 ms. Found 5 JPA repository interfaces.
2023-11-21 20:20:12.361  INFO 14608 --- [    Test worker] o.hibernate.jpa.internal.util.LogHelper  : HHH000204: Processing PersistenceUnitInfo [name: default]
2023-11-21 20:20:12.439  INFO 14608 --- [    Test worker] org.hibernate.Version                    : HHH000412: Hibernate ORM core version 5.6.15.Final
2023-11-21 20:20:12.807  INFO 14608 --- [    Test worker] o.hibernate.annotations.common.Version   : HCANN000001: Hibernate Commons Annotations {5.1.2.Final}
2023-11-21 20:20:12.940  INFO 14608 --- [    Test worker] com.zaxxer.hikari.HikariDataSource       : HikariPool-1 - Starting...
2023-11-21 20:20:13.311  INFO 14608 --- [    Test worker] com.zaxxer.hikari.HikariDataSource       : HikariPool-1 - Start completed.
2023-11-21 20:20:13.341  INFO 14608 --- [    Test worker] org.hibernate.dialect.Dialect            : HHH000400: Using dialect: org.hibernate.dialect.MySQL5InnoDBDialect
2023-11-21 20:20:14.438 DEBUG 14608 --- [    Test worker] org.hibernate.SQL                        : 
    
    create table customer (
       customer_key integer not null auto_increment,
        customer_id_email varchar(255) not null,
        customer_location varchar(255),
        customer_name varchar(255) not null,
        customer_password varchar(255) not null,
        customer_phonenum varchar(255) not null,
        primary key (customer_key)
    ) engine=InnoDB
Hibernate: 
    
    create table customer (
       customer_key integer not null auto_increment,
        customer_id_email varchar(255) not null,
        customer_location varchar(255),
        customer_name varchar(255) not null,
        customer_password varchar(255) not null,
        customer_phonenum varchar(255) not null,
        primary key (customer_key)
    ) engine=InnoDB
2023-11-21 20:20:14.490 DEBUG 14608 --- [    Test worker] org.hibernate.SQL                        : 
    
    create table finished_product (
       fp_key integer not null auto_increment,
        fp_detail varchar(255),
        fp_flower_list tinyblob,
        fp_image BLOB,
        fp_name varchar(255) not null,
        fp_price integer not null,
        fp_state bit not null,
        fp_tag varchar(255),
        shop_key integer,
        primary key (fp_key)
    ) engine=InnoDB
Hibernate: 
    
    create table finished_product (
       fp_key integer not null auto_increment,
        fp_detail varchar(255),
        fp_flower_list tinyblob,
        fp_image BLOB,
        fp_name varchar(255) not null,
        fp_price integer not null,
        fp_state bit not null,
        fp_tag varchar(255),
        shop_key integer,
        primary key (fp_key)
    ) engine=InnoDB
2023-11-21 20:20:14.523 DEBUG 14608 --- [    Test worker] org.hibernate.SQL                        : 
    
    create table flower_shop (
       shop_key integer not null auto_increment,
        description varchar(255),
        holiday tinyblob,
        is_opened bit not null,
        is_sub bit not null,
        opening_hours tinyblob,
        shop_location varchar(255) not null,
        shop_name varchar(255) not null,
        shop_phone_num varchar(255) not null,
        primary key (shop_key)
    ) engine=InnoDB
Hibernate: 
    
    create table flower_shop (
       shop_key integer not null auto_increment,
        description varchar(255),
        holiday tinyblob,
        is_opened bit not null,
        is_sub bit not null,
        opening_hours tinyblob,
        shop_location varchar(255) not null,
        shop_name varchar(255) not null,
        shop_phone_num varchar(255) not null,
        primary key (shop_key)
    ) engine=InnoDB
2023-11-21 20:20:14.556 DEBUG 14608 --- [    Test worker] org.hibernate.SQL                        : 
    
    create table fporder_entity (
       fp_order_key integer not null auto_increment,
        fp_order_state tinyint not null,
        pickup_date datetime not null,
        purchase_info varchar(255) not null,
        customer_key integer,
        fp_key integer,
        primary key (fp_order_key)
    ) engine=InnoDB
Hibernate: 
    
    create table fporder_entity (
       fp_order_key integer not null auto_increment,
        fp_order_state tinyint not null,
        pickup_date datetime not null,
        purchase_info varchar(255) not null,
        customer_key integer,
        fp_key integer,
        primary key (fp_order_key)
    ) engine=InnoDB
2023-11-21 20:20:14.601 DEBUG 14608 --- [    Test worker] org.hibernate.SQL                        : 
    
    create table seller (
       seller_key integer not null,
        isgrant integer,
        seller_id_email varchar(255) not null,
        seller_name varchar(255) not null,
        seller_password varchar(255) not null,
        seller_phonenum varchar(255) not null,
        shop_key integer,
        primary key (seller_key)
    ) engine=InnoDB
Hibernate: 
    
    create table seller (
       seller_key integer not null,
        isgrant integer,
        seller_id_email varchar(255) not null,
        seller_name varchar(255) not null,
        seller_password varchar(255) not null,
        seller_phonenum varchar(255) not null,
        shop_key integer,
        primary key (seller_key)
    ) engine=InnoDB
2023-11-21 20:20:14.657 DEBUG 14608 --- [    Test worker] org.hibernate.SQL                        : 
    
    alter table customer 
       drop index UK_8j9yge5nv5ok9496oauqepl32
Hibernate: 
    
    alter table customer 
       drop index UK_8j9yge5nv5ok9496oauqepl32
2023-11-21 20:20:14.696 DEBUG 14608 --- [    Test worker] org.hibernate.SQL                        : 
    
    alter table customer 
       add constraint UK_8j9yge5nv5ok9496oauqepl32 unique (customer_id_email)
Hibernate: 
    
    alter table customer 
       add constraint UK_8j9yge5nv5ok9496oauqepl32 unique (customer_id_email)
2023-11-21 20:20:14.782 DEBUG 14608 --- [    Test worker] org.hibernate.SQL                        : 
    
    alter table seller 
       drop index UK_7amlseluaojir0npcobroc0ry
Hibernate: 
    
    alter table seller 
       drop index UK_7amlseluaojir0npcobroc0ry
2023-11-21 20:20:14.836 DEBUG 14608 --- [    Test worker] org.hibernate.SQL                        : 
    
    alter table seller 
       add constraint UK_7amlseluaojir0npcobroc0ry unique (seller_id_email)
Hibernate: 
    
    alter table seller 
       add constraint UK_7amlseluaojir0npcobroc0ry unique (seller_id_email)
2023-11-21 20:20:14.869 DEBUG 14608 --- [    Test worker] org.hibernate.SQL                        : 
    
    alter table finished_product 
       add constraint FK15a6oimcqk0vtp25kitebbu1h 
       foreign key (shop_key) 
       references flower_shop (shop_key)
Hibernate: 
    
    alter table finished_product 
       add constraint FK15a6oimcqk0vtp25kitebbu1h 
       foreign key (shop_key) 
       references flower_shop (shop_key)
2023-11-21 20:20:14.956 DEBUG 14608 --- [    Test worker] org.hibernate.SQL                        : 
    
    alter table fporder_entity 
       add constraint FKamh9o6xc2a0qecavqsnivn1ix 
       foreign key (customer_key) 
       references customer (customer_key)
Hibernate: 
    
    alter table fporder_entity 
       add constraint FKamh9o6xc2a0qecavqsnivn1ix 
       foreign key (customer_key) 
       references customer (customer_key)
2023-11-21 20:20:15.035 DEBUG 14608 --- [    Test worker] org.hibernate.SQL                        : 
    
    alter table fporder_entity 
       add constraint FK5fy5pgpte1ydd16kr6pjs1cvn 
       foreign key (fp_key) 
       references finished_product (fp_key)
Hibernate: 
    
    alter table fporder_entity 
       add constraint FK5fy5pgpte1ydd16kr6pjs1cvn 
       foreign key (fp_key) 
       references finished_product (fp_key)
2023-11-21 20:20:15.089 DEBUG 14608 --- [    Test worker] org.hibernate.SQL                        : 
    
    alter table seller 
       add constraint FKrauya28j52vpj8225cytg4s3w 
       foreign key (shop_key) 
       references flower_shop (shop_key)
Hibernate: 
    
    alter table seller 
       add constraint FKrauya28j52vpj8225cytg4s3w 
       foreign key (shop_key) 
       references flower_shop (shop_key)
2023-11-21 20:20:15.155  INFO 14608 --- [    Test worker] o.h.e.t.j.p.i.JtaPlatformInitiator       : HHH000490: Using JtaPlatform implementation: [org.hibernate.engine.transaction.jta.platform.internal.NoJtaPlatform]
2023-11-21 20:20:15.192  INFO 14608 --- [    Test worker] j.LocalContainerEntityManagerFactoryBean : Initialized JPA EntityManagerFactory for persistence unit 'default'
2023-11-21 20:20:15.341  WARN 14608 --- [    Test worker] JpaBaseConfiguration$JpaWebConfiguration : spring.jpa.open-in-view is enabled by default. Therefore, database queries may be performed during view rendering. Explicitly configure spring.jpa.open-in-view to disable this warning
2023-11-21 20:20:16.409  WARN 14608 --- [    Test worker] .s.s.UserDetailsServiceAutoConfiguration : 

Using generated security password: e82df39b-7175-4973-8f99-00aee9de9f2c

This generated password is for development use only. Your security configuration must be updated before running your application in production.

2023-11-21 20:20:16.612  INFO 14608 --- [    Test worker] o.s.s.web.DefaultSecurityFilterChain     : Will secure any request with [org.springframework.security.web.session.DisableEncodeUrlFilter@1bfde21, org.springframework.security.web.context.request.async.WebAsyncManagerIntegrationFilter@8f0936, org.springframework.security.web.context.SecurityContextPersistenceFilter@1b38ca, org.springframework.security.web.header.HeaderWriterFilter@438f66, org.springframework.security.web.authentication.logout.LogoutFilter@dbe225, org.springframework.security.web.savedrequest.RequestCacheAwareFilter@185b0b7, org.springframework.security.web.servletapi.SecurityContextHolderAwareRequestFilter@844f8a, org.springframework.security.web.authentication.AnonymousAuthenticationFilter@706e70, org.springframework.security.web.session.SessionManagementFilter@729c98, org.springframework.security.web.access.ExceptionTranslationFilter@d89c72]
2023-11-21 20:20:17.831  INFO 14608 --- [    Test worker] U.PreScent.service.FPOrderServiceTest    : Started FPOrderServiceTest in 8.536 seconds (JVM running for 11.332)
2023-11-21 20:20:17.907  INFO 14608 --- [    Test worker] o.s.t.c.transaction.TransactionContext   : Began transaction (1) for test context [DefaultTestContext@b41d6 testClass = FPOrderServiceTest, testInstance = Unknown.PreScent.service.FPOrderServiceTest@1e14cb6, testMethod = customerFPOrderTest@FPOrderServiceTest, testException = [null], mergedContextConfiguration = [WebMergedContextConfiguration@37595f testClass = FPOrderServiceTest, locations = '{}', classes = '{class Unknown.PreScent.PreScentApplication}', contextInitializerClasses = '[]', activeProfiles = '{}', propertySourceLocations = '{}', propertySourceProperties = '{org.springframework.boot.test.context.SpringBootTestContextBootstrapper=true}', contextCustomizers = set[org.springframework.boot.test.autoconfigure.actuate.metrics.MetricsExportContextCustomizerFactory$DisableMetricExportContextCustomizer@18062d2, org.springframework.boot.test.autoconfigure.properties.PropertyMappingContextCustomizer@0, org.springframework.boot.test.autoconfigure.web.servlet.WebDriverContextCustomizerFactory$Customizer@19bfe29, org.springframework.boot.test.context.filter.ExcludeFilterContextCustomizer@1ef51f2, org.springframework.boot.test.json.DuplicateJsonObjectContextCustomizerFactory$DuplicateJsonObjectContextCustomizer@28bdd1, org.springframework.boot.test.mock.mockito.MockitoContextCustomizer@0, org.springframework.boot.test.web.client.TestRestTemplateContextCustomizer@f7d241, org.springframework.boot.test.context.SpringBootTestArgs@1, org.springframework.boot.test.context.SpringBootTestWebEnvironment@299890], resourceBasePath = 'src/main/webapp', contextLoader = 'org.springframework.boot.test.context.SpringBootContextLoader', parent = [null]], attributes = map['org.springframework.test.context.web.ServletTestExecutionListener.activateListener' -> true, 'org.springframework.test.context.web.ServletTestExecutionListener.populatedRequestContextHolder' -> true, 'org.springframework.test.context.web.ServletTestExecutionListener.resetRequestContextHolder' -> true, 'org.springframework.test.context.event.ApplicationEventsTestExecutionListener.recordApplicationEvents' -> false]]; transaction manager [org.springframework.orm.jpa.JpaTransactionManager@1d4fecf]; rollback [true]
2023-11-21 20:20:18.337 DEBUG 14608 --- [    Test worker] org.hibernate.SQL                        : 
    select
        customeren0_.customer_key as customer1_0_,
        customeren0_.customer_id_email as customer2_0_,
        customeren0_.customer_location as customer3_0_,
        customeren0_.customer_name as customer4_0_,
        customeren0_.customer_password as customer5_0_,
        customeren0_.customer_phonenum as customer6_0_ 
    from
        customer customeren0_ 
    where
        customeren0_.customer_id_email=?
Hibernate: 
    select
        customeren0_.customer_key as customer1_0_,
        customeren0_.customer_id_email as customer2_0_,
        customeren0_.customer_location as customer3_0_,
        customeren0_.customer_name as customer4_0_,
        customeren0_.customer_password as customer5_0_,
        customeren0_.customer_phonenum as customer6_0_ 
    from
        customer customeren0_ 
    where
        customeren0_.customer_id_email=?
2023-11-21 20:20:18.344 TRACE 14608 --- [    Test worker] o.h.type.descriptor.sql.BasicBinder      : binding parameter [1] as [VARCHAR] - [ajou.gmail.com]
2023-11-21 20:20:18.516 DEBUG 14608 --- [    Test worker] org.hibernate.SQL                        : 
    insert 
    into
        customer
        (customer_id_email, customer_location, customer_name, customer_password, customer_phonenum) 
    values
        (?, ?, ?, ?, ?)
Hibernate: 
    insert 
    into
        customer
        (customer_id_email, customer_location, customer_name, customer_password, customer_phonenum) 
    values
        (?, ?, ?, ?, ?)
2023-11-21 20:20:18.517 TRACE 14608 --- [    Test worker] o.h.type.descriptor.sql.BasicBinder      : binding parameter [1] as [VARCHAR] - [ajou.gmail.com]
2023-11-21 20:20:18.518 TRACE 14608 --- [    Test worker] o.h.type.descriptor.sql.BasicBinder      : binding parameter [2] as [VARCHAR] - [null]
2023-11-21 20:20:18.518 TRACE 14608 --- [    Test worker] o.h.type.descriptor.sql.BasicBinder      : binding parameter [3] as [VARCHAR] - [suhyeon]
2023-11-21 20:20:18.518 TRACE 14608 --- [    Test worker] o.h.type.descriptor.sql.BasicBinder      : binding parameter [4] as [VARCHAR] - [$2a$10$k6mDr.t3xgIHdbMe76BeP.5d7/dJfpnthRmrfQo9xDDFgtZQDMU5G]
2023-11-21 20:20:18.518 TRACE 14608 --- [    Test worker] o.h.type.descriptor.sql.BasicBinder      : binding parameter [5] as [VARCHAR] - [010-1111-2222]
2023-11-21 20:20:18.570 DEBUG 14608 --- [    Test worker] org.hibernate.SQL                        : 
    select
        sellerenti0_.seller_key as seller_k1_4_,
        sellerenti0_.shop_key as shop_key7_4_,
        sellerenti0_.isgrant as isgrant2_4_,
        sellerenti0_.seller_id_email as seller_i3_4_,
        sellerenti0_.seller_name as seller_n4_4_,
        sellerenti0_.seller_password as seller_p5_4_,
        sellerenti0_.seller_phonenum as seller_p6_4_ 
    from
        seller sellerenti0_ 
    where
        sellerenti0_.seller_key=?
Hibernate: 
    select
        sellerenti0_.seller_key as seller_k1_4_,
        sellerenti0_.shop_key as shop_key7_4_,
        sellerenti0_.isgrant as isgrant2_4_,
        sellerenti0_.seller_id_email as seller_i3_4_,
        sellerenti0_.seller_name as seller_n4_4_,
        sellerenti0_.seller_password as seller_p5_4_,
        sellerenti0_.seller_phonenum as seller_p6_4_ 
    from
        seller sellerenti0_ 
    where
        sellerenti0_.seller_key=?
2023-11-21 20:20:18.573 TRACE 14608 --- [    Test worker] o.h.type.descriptor.sql.BasicBinder      : binding parameter [1] as [INTEGER] - [123456789]
2023-11-21 20:20:18.731 DEBUG 14608 --- [    Test worker] org.hibernate.SQL                        : 
    select
        sellerenti0_.seller_key as seller_k1_4_0_,
        sellerenti0_.shop_key as shop_key7_4_0_,
        sellerenti0_.isgrant as isgrant2_4_0_,
        sellerenti0_.seller_id_email as seller_i3_4_0_,
        sellerenti0_.seller_name as seller_n4_4_0_,
        sellerenti0_.seller_password as seller_p5_4_0_,
        sellerenti0_.seller_phonenum as seller_p6_4_0_ 
    from
        seller sellerenti0_ 
    where
        sellerenti0_.seller_key=?
Hibernate: 
    select
        sellerenti0_.seller_key as seller_k1_4_0_,
        sellerenti0_.shop_key as shop_key7_4_0_,
        sellerenti0_.isgrant as isgrant2_4_0_,
        sellerenti0_.seller_id_email as seller_i3_4_0_,
        sellerenti0_.seller_name as seller_n4_4_0_,
        sellerenti0_.seller_password as seller_p5_4_0_,
        sellerenti0_.seller_phonenum as seller_p6_4_0_ 
    from
        seller sellerenti0_ 
    where
        sellerenti0_.seller_key=?
2023-11-21 20:20:18.733 TRACE 14608 --- [    Test worker] o.h.type.descriptor.sql.BasicBinder      : binding parameter [1] as [INTEGER] - [123456789]
2023-11-21 20:20:18.762 DEBUG 14608 --- [    Test worker] org.hibernate.SQL                        : 
    insert 
    into
        seller
        (shop_key, isgrant, seller_id_email, seller_name, seller_password, seller_phonenum, seller_key) 
    values
        (?, ?, ?, ?, ?, ?, ?)
Hibernate: 
    insert 
    into
        seller
        (shop_key, isgrant, seller_id_email, seller_name, seller_password, seller_phonenum, seller_key) 
    values
        (?, ?, ?, ?, ?, ?, ?)
2023-11-21 20:20:18.764 TRACE 14608 --- [    Test worker] o.h.type.descriptor.sql.BasicBinder      : binding parameter [1] as [INTEGER] - [null]
2023-11-21 20:20:18.764 TRACE 14608 --- [    Test worker] o.h.type.descriptor.sql.BasicBinder      : binding parameter [2] as [INTEGER] - [null]
2023-11-21 20:20:18.764 TRACE 14608 --- [    Test worker] o.h.type.descriptor.sql.BasicBinder      : binding parameter [3] as [VARCHAR] - [ajou@gmail.com]
2023-11-21 20:20:18.765 TRACE 14608 --- [    Test worker] o.h.type.descriptor.sql.BasicBinder      : binding parameter [4] as [VARCHAR] - [suhyeon]
2023-11-21 20:20:18.765 TRACE 14608 --- [    Test worker] o.h.type.descriptor.sql.BasicBinder      : binding parameter [5] as [VARCHAR] - [$2a$10$pTHGFJsqu9NLQ0daYgAdZODRgAdjiq.Bva/vxZMNdDDIB7I4gTjgy]
2023-11-21 20:20:18.765 TRACE 14608 --- [    Test worker] o.h.type.descriptor.sql.BasicBinder      : binding parameter [6] as [VARCHAR] - [010-1111-2222]
2023-11-21 20:20:18.765 TRACE 14608 --- [    Test worker] o.h.type.descriptor.sql.BasicBinder      : binding parameter [7] as [INTEGER] - [123456789]
2023-11-21 20:20:18.776 DEBUG 14608 --- [    Test worker] org.hibernate.SQL                        : 
    select
        sellerenti0_.seller_key as seller_k1_4_,
        sellerenti0_.shop_key as shop_key7_4_,
        sellerenti0_.isgrant as isgrant2_4_,
        sellerenti0_.seller_id_email as seller_i3_4_,
        sellerenti0_.seller_name as seller_n4_4_,
        sellerenti0_.seller_password as seller_p5_4_,
        sellerenti0_.seller_phonenum as seller_p6_4_ 
    from
        seller sellerenti0_ 
    where
        sellerenti0_.seller_key=?
Hibernate: 
    select
        sellerenti0_.seller_key as seller_k1_4_,
        sellerenti0_.shop_key as shop_key7_4_,
        sellerenti0_.isgrant as isgrant2_4_,
        sellerenti0_.seller_id_email as seller_i3_4_,
        sellerenti0_.seller_name as seller_n4_4_,
        sellerenti0_.seller_password as seller_p5_4_,
        sellerenti0_.seller_phonenum as seller_p6_4_ 
    from
        seller sellerenti0_ 
    where
        sellerenti0_.seller_key=?
2023-11-21 20:20:18.778 TRACE 14608 --- [    Test worker] o.h.type.descriptor.sql.BasicBinder      : binding parameter [1] as [INTEGER] - [123456789]
ajou@gmail.comsuhyeon-----------------------------------


2023-11-21 20:20:18.804 DEBUG 14608 --- [    Test worker] org.hibernate.SQL                        : 
    insert 
    into
        flower_shop
        (description, holiday, is_opened, is_sub, opening_hours, shop_location, shop_name, shop_phone_num) 
    values
        (?, ?, ?, ?, ?, ?, ?, ?)
Hibernate: 
    insert 
    into
        flower_shop
        (description, holiday, is_opened, is_sub, opening_hours, shop_location, shop_name, shop_phone_num) 
    values
        (?, ?, ?, ?, ?, ?, ?, ?)
2023-11-21 20:20:18.806 TRACE 14608 --- [    Test worker] o.h.type.descriptor.sql.BasicBinder      : binding parameter [1] as [VARCHAR] - [null]
2023-11-21 20:20:18.807 TRACE 14608 --- [    Test worker] o.h.type.descriptor.sql.BasicBinder      : binding parameter [2] as [VARBINARY] - [[Ljava.lang.String;@1596b44]
2023-11-21 20:20:18.809 TRACE 14608 --- [    Test worker] o.h.type.descriptor.sql.BasicBinder      : binding parameter [3] as [BOOLEAN] - [false]
2023-11-21 20:20:18.809 TRACE 14608 --- [    Test worker] o.h.type.descriptor.sql.BasicBinder      : binding parameter [4] as [BOOLEAN] - [false]
2023-11-21 20:20:18.809 TRACE 14608 --- [    Test worker] o.h.type.descriptor.sql.BasicBinder      : binding parameter [5] as [VARBINARY] - [[[I@13c0c9c]
2023-11-21 20:20:18.810 TRACE 14608 --- [    Test worker] o.h.type.descriptor.sql.BasicBinder      : binding parameter [6] as [VARCHAR] - [suwon city]
2023-11-21 20:20:18.810 TRACE 14608 --- [    Test worker] o.h.type.descriptor.sql.BasicBinder      : binding parameter [7] as [VARCHAR] - [it's me]
2023-11-21 20:20:18.810 TRACE 14608 --- [    Test worker] o.h.type.descriptor.sql.BasicBinder      : binding parameter [8] as [VARCHAR] - [031-308-8223]
ajou@gmail.comsuhyeonit's me-----------------------------------


2023-11-21 20:20:18.839 DEBUG 14608 --- [    Test worker] org.hibernate.SQL                        : 
    select
        flowershop0_.shop_key as shop_key1_2_,
        flowershop0_.description as descript2_2_,
        flowershop0_.holiday as holiday3_2_,
        flowershop0_.is_opened as is_opene4_2_,
        flowershop0_.is_sub as is_sub5_2_,
        flowershop0_.opening_hours as opening_6_2_,
        flowershop0_.shop_location as shop_loc7_2_,
        flowershop0_.shop_name as shop_nam8_2_,
        flowershop0_.shop_phone_num as shop_pho9_2_ 
    from
        flower_shop flowershop0_ 
    where
        flowershop0_.shop_key=?
Hibernate: 
    select
        flowershop0_.shop_key as shop_key1_2_,
        flowershop0_.description as descript2_2_,
        flowershop0_.holiday as holiday3_2_,
        flowershop0_.is_opened as is_opene4_2_,
        flowershop0_.is_sub as is_sub5_2_,
        flowershop0_.opening_hours as opening_6_2_,
        flowershop0_.shop_location as shop_loc7_2_,
        flowershop0_.shop_name as shop_nam8_2_,
        flowershop0_.shop_phone_num as shop_pho9_2_ 
    from
        flower_shop flowershop0_ 
    where
        flowershop0_.shop_key=?
2023-11-21 20:20:18.841 TRACE 14608 --- [    Test worker] o.h.type.descriptor.sql.BasicBinder      : binding parameter [1] as [INTEGER] - [1]
매장이 가진 완제품이 존재하지 않습니다.
2023-11-21 20:20:18.859 DEBUG 14608 --- [    Test worker] org.hibernate.SQL                        : 
    select
        flowershop0_.shop_key as shop_key1_2_,
        flowershop0_.description as descript2_2_,
        flowershop0_.holiday as holiday3_2_,
        flowershop0_.is_opened as is_opene4_2_,
        flowershop0_.is_sub as is_sub5_2_,
        flowershop0_.opening_hours as opening_6_2_,
        flowershop0_.shop_location as shop_loc7_2_,
        flowershop0_.shop_name as shop_nam8_2_,
        flowershop0_.shop_phone_num as shop_pho9_2_ 
    from
        flower_shop flowershop0_ 
    where
        flowershop0_.shop_key=?
Hibernate: 
    select
        flowershop0_.shop_key as shop_key1_2_,
        flowershop0_.description as descript2_2_,
        flowershop0_.holiday as holiday3_2_,
        flowershop0_.is_opened as is_opene4_2_,
        flowershop0_.is_sub as is_sub5_2_,
        flowershop0_.opening_hours as opening_6_2_,
        flowershop0_.shop_location as shop_loc7_2_,
        flowershop0_.shop_name as shop_nam8_2_,
        flowershop0_.shop_phone_num as shop_pho9_2_ 
    from
        flower_shop flowershop0_ 
    where
        flowershop0_.shop_key=?
2023-11-21 20:20:18.861 TRACE 14608 --- [    Test worker] o.h.type.descriptor.sql.BasicBinder      : binding parameter [1] as [INTEGER] - [1]
---------------------------------in addFinishedProductToShop foundFlowerShopEntity.get()전
---------------------------------in addFinishedProductToShop foundFlowerShopEntity.get()후1
---------------------------------in addFinishedProductToShop setFlowershopEntity후Unknown.PreScent.entity.FinishedProductEntity@b7e997
2023-11-21 20:20:18.882 DEBUG 14608 --- [    Test worker] org.hibernate.SQL                        : 
    insert 
    into
        finished_product
        (shop_key, fp_detail, fp_flower_list, fp_image, fp_name, fp_price, fp_state, fp_tag) 
    values
        (?, ?, ?, ?, ?, ?, ?, ?)
Hibernate: 
    insert 
    into
        finished_product
        (shop_key, fp_detail, fp_flower_list, fp_image, fp_name, fp_price, fp_state, fp_tag) 
    values
        (?, ?, ?, ?, ?, ?, ?, ?)
2023-11-21 20:20:18.884 TRACE 14608 --- [    Test worker] o.h.type.descriptor.sql.BasicBinder      : binding parameter [1] as [INTEGER] - [1]
2023-11-21 20:20:18.884 TRACE 14608 --- [    Test worker] o.h.type.descriptor.sql.BasicBinder      : binding parameter [2] as [VARCHAR] - [null]
2023-11-21 20:20:18.884 TRACE 14608 --- [    Test worker] o.h.type.descriptor.sql.BasicBinder      : binding parameter [3] as [VARBINARY] - [[Ljava.lang.String;@7deff]
2023-11-21 20:20:18.885 TRACE 14608 --- [    Test worker] o.h.type.descriptor.sql.BasicBinder      : binding parameter [4] as [BLOB] - [null]
2023-11-21 20:20:18.885 TRACE 14608 --- [    Test worker] o.h.type.descriptor.sql.BasicBinder      : binding parameter [5] as [VARCHAR] - [장미꽃다발]
2023-11-21 20:20:18.885 TRACE 14608 --- [    Test worker] o.h.type.descriptor.sql.BasicBinder      : binding parameter [6] as [INTEGER] - [20000]
2023-11-21 20:20:18.886 TRACE 14608 --- [    Test worker] o.h.type.descriptor.sql.BasicBinder      : binding parameter [7] as [BOOLEAN] - [true]
2023-11-21 20:20:18.886 TRACE 14608 --- [    Test worker] o.h.type.descriptor.sql.BasicBinder      : binding parameter [8] as [VARCHAR] - [연인]
---------------------------------in addFinishedProductToShop save끝
=----------------------------------------------------------------preFPOrderToEntity내부 체크 시작)1
2023-11-21 20:20:18.923 DEBUG 14608 --- [    Test worker] org.hibernate.SQL                        : 
    update
        seller 
    set
        shop_key=?,
        isgrant=?,
        seller_id_email=?,
        seller_name=?,
        seller_password=?,
        seller_phonenum=? 
    where
        seller_key=?
Hibernate: 
    update
        seller 
    set
        shop_key=?,
        isgrant=?,
        seller_id_email=?,
        seller_name=?,
        seller_password=?,
        seller_phonenum=? 
    where
        seller_key=?
2023-11-21 20:20:18.924 TRACE 14608 --- [    Test worker] o.h.type.descriptor.sql.BasicBinder      : binding parameter [1] as [INTEGER] - [1]
2023-11-21 20:20:18.925 TRACE 14608 --- [    Test worker] o.h.type.descriptor.sql.BasicBinder      : binding parameter [2] as [INTEGER] - [null]
2023-11-21 20:20:18.925 TRACE 14608 --- [    Test worker] o.h.type.descriptor.sql.BasicBinder      : binding parameter [3] as [VARCHAR] - [ajou@gmail.com]
2023-11-21 20:20:18.925 TRACE 14608 --- [    Test worker] o.h.type.descriptor.sql.BasicBinder      : binding parameter [4] as [VARCHAR] - [suhyeon]
2023-11-21 20:20:18.926 TRACE 14608 --- [    Test worker] o.h.type.descriptor.sql.BasicBinder      : binding parameter [5] as [VARCHAR] - [$2a$10$pTHGFJsqu9NLQ0daYgAdZODRgAdjiq.Bva/vxZMNdDDIB7I4gTjgy]
2023-11-21 20:20:18.926 TRACE 14608 --- [    Test worker] o.h.type.descriptor.sql.BasicBinder      : binding parameter [6] as [VARCHAR] - [010-1111-2222]
2023-11-21 20:20:18.926 TRACE 14608 --- [    Test worker] o.h.type.descriptor.sql.BasicBinder      : binding parameter [7] as [INTEGER] - [123456789]
2023-11-21 20:20:18.943 DEBUG 14608 --- [    Test worker] org.hibernate.SQL                        : 
    select
        finishedpr0_.fp_key as fp_key1_1_,
        finishedpr0_.shop_key as shop_key9_1_,
        finishedpr0_.fp_detail as fp_detai2_1_,
        finishedpr0_.fp_flower_list as fp_flowe3_1_,
        finishedpr0_.fp_image as fp_image4_1_,
        finishedpr0_.fp_name as fp_name5_1_,
        finishedpr0_.fp_price as fp_price6_1_,
        finishedpr0_.fp_state as fp_state7_1_,
        finishedpr0_.fp_tag as fp_tag8_1_ 
    from
        finished_product finishedpr0_ 
    where
        finishedpr0_.fp_key=?
Hibernate: 
    select
        finishedpr0_.fp_key as fp_key1_1_,
        finishedpr0_.shop_key as shop_key9_1_,
        finishedpr0_.fp_detail as fp_detai2_1_,
        finishedpr0_.fp_flower_list as fp_flowe3_1_,
        finishedpr0_.fp_image as fp_image4_1_,
        finishedpr0_.fp_name as fp_name5_1_,
        finishedpr0_.fp_price as fp_price6_1_,
        finishedpr0_.fp_state as fp_state7_1_,
        finishedpr0_.fp_tag as fp_tag8_1_ 
    from
        finished_product finishedpr0_ 
    where
        finishedpr0_.fp_key=?
2023-11-21 20:20:18.945 TRACE 14608 --- [    Test worker] o.h.type.descriptor.sql.BasicBinder      : binding parameter [1] as [INTEGER] - [1]
=----------------------------------------------------------------preFPOrderToEntity내부 findByKey실행완료)
2023-11-21 20:20:18.958 DEBUG 14608 --- [    Test worker] org.hibernate.SQL                        : 
    select
        customeren0_.customer_key as customer1_0_,
        customeren0_.customer_id_email as customer2_0_,
        customeren0_.customer_location as customer3_0_,
        customeren0_.customer_name as customer4_0_,
        customeren0_.customer_password as customer5_0_,
        customeren0_.customer_phonenum as customer6_0_ 
    from
        customer customeren0_ 
    where
        customeren0_.customer_key=?
Hibernate: 
    select
        customeren0_.customer_key as customer1_0_,
        customeren0_.customer_id_email as customer2_0_,
        customeren0_.customer_location as customer3_0_,
        customeren0_.customer_name as customer4_0_,
        customeren0_.customer_password as customer5_0_,
        customeren0_.customer_phonenum as customer6_0_ 
    from
        customer customeren0_ 
    where
        customeren0_.customer_key=?
2023-11-21 20:20:18.960 TRACE 14608 --- [    Test worker] o.h.type.descriptor.sql.BasicBinder      : binding parameter [1] as [INTEGER] - [1]
=----------------------------------------------------------------preFPOrderToEntity내부 findByCustomerKey실행완료)
=----------------------------------------------------------------preFPOrderToEntity내부 체크까진 끝)
=----------------------------------------------------------------FPOrderToEntity 내부 set까지 끝)
2023-11-21 20:20:18.972 DEBUG 14608 --- [    Test worker] org.hibernate.SQL                        : 
    insert 
    into
        fporder_entity
        (customer_key, fp_key, fp_order_state, pickup_date, purchase_info) 
    values
        (?, ?, ?, ?, ?)
Hibernate: 
    insert 
    into
        fporder_entity
        (customer_key, fp_key, fp_order_state, pickup_date, purchase_info) 
    values
        (?, ?, ?, ?, ?)
2023-11-21 20:20:18.973 TRACE 14608 --- [    Test worker] o.h.type.descriptor.sql.BasicBinder      : binding parameter [1] as [INTEGER] - [1]
2023-11-21 20:20:18.973 TRACE 14608 --- [    Test worker] o.h.type.descriptor.sql.BasicBinder      : binding parameter [2] as [INTEGER] - [1]
2023-11-21 20:20:18.975 TRACE 14608 --- [    Test worker] o.h.type.descriptor.sql.BasicBinder      : binding parameter [3] as [TINYINT] - [0]
2023-11-21 20:20:18.992 TRACE 14608 --- [    Test worker] o.h.type.descriptor.sql.BasicBinder      : binding parameter [4] as [TIMESTAMP] - [Tue Nov 21 20:20:18 KST 2023]
2023-11-21 20:20:18.993 TRACE 14608 --- [    Test worker] o.h.type.descriptor.sql.BasicBinder      : binding parameter [5] as [VARCHAR] - [국민카드 결제정보]
==================================== fporderEntity저장도 끝+++++++++Unknown.PreScent.entity.FPOrderEntity@166a964
2023-11-21 20:20:19.087  INFO 14608 --- [    Test worker] o.s.t.c.transaction.TransactionContext   : Rolled back transaction for test: [DefaultTestContext@b41d6 testClass = FPOrderServiceTest, testInstance = Unknown.PreScent.service.FPOrderServiceTest@1e14cb6, testMethod = customerFPOrderTest@FPOrderServiceTest, testException = [null], mergedContextConfiguration = [WebMergedContextConfiguration@37595f testClass = FPOrderServiceTest, locations = '{}', classes = '{class Unknown.PreScent.PreScentApplication}', contextInitializerClasses = '[]', activeProfiles = '{}', propertySourceLocations = '{}', propertySourceProperties = '{org.springframework.boot.test.context.SpringBootTestContextBootstrapper=true}', contextCustomizers = set[org.springframework.boot.test.autoconfigure.actuate.metrics.MetricsExportContextCustomizerFactory$DisableMetricExportContextCustomizer@18062d2, org.springframework.boot.test.autoconfigure.properties.PropertyMappingContextCustomizer@0, org.springframework.boot.test.autoconfigure.web.servlet.WebDriverContextCustomizerFactory$Customizer@19bfe29, org.springframework.boot.test.context.filter.ExcludeFilterContextCustomizer@1ef51f2, org.springframework.boot.test.json.DuplicateJsonObjectContextCustomizerFactory$DuplicateJsonObjectContextCustomizer@28bdd1, org.springframework.boot.test.mock.mockito.MockitoContextCustomizer@0, org.springframework.boot.test.web.client.TestRestTemplateContextCustomizer@f7d241, org.springframework.boot.test.context.SpringBootTestArgs@1, org.springframework.boot.test.context.SpringBootTestWebEnvironment@299890], resourceBasePath = 'src/main/webapp', contextLoader = 'org.springframework.boot.test.context.SpringBootContextLoader', parent = [null]], attributes = map['org.springframework.test.context.web.ServletTestExecutionListener.activateListener' -> true, 'org.springframework.test.context.web.ServletTestExecutionListener.populatedRequestContextHolder' -> true, 'org.springframework.test.context.web.ServletTestExecutionListener.resetRequestContextHolder' -> true, 'org.springframework.test.context.event.ApplicationEventsTestExecutionListener.recordApplicationEvents' -> false]]
]]></system-out>
  <system-err><![CDATA[]]></system-err>
</testsuite>
