<?xml version="1.0" encoding="UTF-8"?>
<testsuite name="Unknown.PreScent.service.FlowerShopEntityServiceTest" tests="2" skipped="0" failures="0" errors="0" timestamp="2023-11-21T03:42:32" hostname="SWSEO_LT" time="2.23">
  <properties/>
  <testcase name="매장 등록, 쿼리 테스트" classname="Unknown.PreScent.service.FlowerShopEntityServiceTest" time="1.369"/>
  <testcase name="Sellerkey같은 매장 생성 테스트" classname="Unknown.PreScent.service.FlowerShopEntityServiceTest" time="0.856"/>
  <system-out><![CDATA[2023-11-21 12:42:32.059  INFO 20380 --- [    Test worker] .b.t.c.SpringBootTestContextBootstrapper : Neither @ContextConfiguration nor @ContextHierarchy found for test class [Unknown.PreScent.service.FlowerShopEntityServiceTest], using SpringBootContextLoader
2023-11-21 12:42:32.065  INFO 20380 --- [    Test worker] o.s.t.c.support.AbstractContextLoader    : Could not detect default resource locations for test class [Unknown.PreScent.service.FlowerShopEntityServiceTest]: no resource found for suffixes {-context.xml, Context.groovy}.
2023-11-21 12:42:32.066  INFO 20380 --- [    Test worker] t.c.s.AnnotationConfigContextLoaderUtils : Could not detect default configuration classes for test class [Unknown.PreScent.service.FlowerShopEntityServiceTest]: FlowerShopEntityServiceTest does not declare any static, non-private, non-final, nested classes annotated with @Configuration.
2023-11-21 12:42:32.084  INFO 20380 --- [    Test worker] .b.t.c.SpringBootTestContextBootstrapper : Found @SpringBootConfiguration Unknown.PreScent.PreScentApplication for test class Unknown.PreScent.service.FlowerShopEntityServiceTest
2023-11-21 12:42:32.101  INFO 20380 --- [    Test worker] .b.t.c.SpringBootTestContextBootstrapper : Loaded default TestExecutionListener class names from location [META-INF/spring.factories]: [org.springframework.security.test.context.support.WithSecurityContextTestExecutionListener, org.springframework.security.test.context.support.ReactorContextTestExecutionListener, org.springframework.boot.test.autoconfigure.restdocs.RestDocsTestExecutionListener, org.springframework.boot.test.autoconfigure.web.client.MockRestServiceServerResetTestExecutionListener, org.springframework.boot.test.autoconfigure.web.servlet.MockMvcPrintOnlyOnFailureTestExecutionListener, org.springframework.boot.test.autoconfigure.web.servlet.WebDriverTestExecutionListener, org.springframework.boot.test.autoconfigure.webservices.client.MockWebServiceServerTestExecutionListener, org.springframework.boot.test.mock.mockito.MockitoTestExecutionListener, org.springframework.boot.test.mock.mockito.ResetMocksTestExecutionListener, org.springframework.test.context.web.ServletTestExecutionListener, org.springframework.test.context.support.DirtiesContextBeforeModesTestExecutionListener, org.springframework.test.context.event.ApplicationEventsTestExecutionListener, org.springframework.test.context.support.DependencyInjectionTestExecutionListener, org.springframework.test.context.support.DirtiesContextTestExecutionListener, org.springframework.test.context.transaction.TransactionalTestExecutionListener, org.springframework.test.context.jdbc.SqlScriptsTestExecutionListener, org.springframework.test.context.event.EventPublishingTestExecutionListener]
2023-11-21 12:42:32.108  INFO 20380 --- [    Test worker] .b.t.c.SpringBootTestContextBootstrapper : Using TestExecutionListeners: [org.springframework.test.context.web.ServletTestExecutionListener@2f6ede9, org.springframework.test.context.support.DirtiesContextBeforeModesTestExecutionListener@4583a186, org.springframework.test.context.event.ApplicationEventsTestExecutionListener@55854382, org.springframework.boot.test.mock.mockito.MockitoTestExecutionListener@7843b65e, org.springframework.boot.test.autoconfigure.SpringBootDependencyInjectionTestExecutionListener@4d6f951a, org.springframework.test.context.support.DirtiesContextTestExecutionListener@15b882a0, org.springframework.test.context.transaction.TransactionalTestExecutionListener@6ade4ac6, org.springframework.test.context.jdbc.SqlScriptsTestExecutionListener@fcae085, org.springframework.security.test.context.support.WithSecurityContextTestExecutionListener@3e3c6323, org.springframework.test.context.event.EventPublishingTestExecutionListener@6f404bc6, org.springframework.security.test.context.support.ReactorContextTestExecutionListener@77d0a492, org.springframework.boot.test.autoconfigure.restdocs.RestDocsTestExecutionListener@2f46bc25, org.springframework.boot.test.autoconfigure.web.client.MockRestServiceServerResetTestExecutionListener@72bef795, org.springframework.boot.test.autoconfigure.web.servlet.MockMvcPrintOnlyOnFailureTestExecutionListener@1f4d9c7f, org.springframework.boot.test.autoconfigure.web.servlet.WebDriverTestExecutionListener@6dcb4f30, org.springframework.boot.test.autoconfigure.webservices.client.MockWebServiceServerTestExecutionListener@77f66138, org.springframework.boot.test.mock.mockito.ResetMocksTestExecutionListener@7271320c]
2023-11-21 12:42:32.154 DEBUG 20380 --- [    Test worker] org.hibernate.SQL                        : 
    delete 
    from
        seller
Hibernate: 
    delete 
    from
        seller
2023-11-21 12:42:32.240 DEBUG 20380 --- [    Test worker] org.hibernate.SQL                        : 
    delete 
    from
        flower_shop
Hibernate: 
    delete 
    from
        flower_shop
2023-11-21 12:42:32.329 DEBUG 20380 --- [    Test worker] org.hibernate.SQL                        : 
    select
        sellerenti0_.seller_key as seller_k1_3_,
        sellerenti0_.shop_key as shop_key7_3_,
        sellerenti0_.isgrant as isgrant2_3_,
        sellerenti0_.seller_id_email as seller_i3_3_,
        sellerenti0_.seller_name as seller_n4_3_,
        sellerenti0_.seller_password as seller_p5_3_,
        sellerenti0_.seller_phonenum as seller_p6_3_ 
    from
        seller sellerenti0_ 
    where
        sellerenti0_.seller_key=?
Hibernate: 
    select
        sellerenti0_.seller_key as seller_k1_3_,
        sellerenti0_.shop_key as shop_key7_3_,
        sellerenti0_.isgrant as isgrant2_3_,
        sellerenti0_.seller_id_email as seller_i3_3_,
        sellerenti0_.seller_name as seller_n4_3_,
        sellerenti0_.seller_password as seller_p5_3_,
        sellerenti0_.seller_phonenum as seller_p6_3_ 
    from
        seller sellerenti0_ 
    where
        sellerenti0_.seller_key=?
2023-11-21 12:42:32.332 TRACE 20380 --- [    Test worker] o.h.type.descriptor.sql.BasicBinder      : binding parameter [1] as [INTEGER] - [123456789]
2023-11-21 12:42:32.553 DEBUG 20380 --- [    Test worker] org.hibernate.SQL                        : 
    select
        sellerenti0_.seller_key as seller_k1_3_0_,
        sellerenti0_.shop_key as shop_key7_3_0_,
        sellerenti0_.isgrant as isgrant2_3_0_,
        sellerenti0_.seller_id_email as seller_i3_3_0_,
        sellerenti0_.seller_name as seller_n4_3_0_,
        sellerenti0_.seller_password as seller_p5_3_0_,
        sellerenti0_.seller_phonenum as seller_p6_3_0_ 
    from
        seller sellerenti0_ 
    where
        sellerenti0_.seller_key=?
Hibernate: 
    select
        sellerenti0_.seller_key as seller_k1_3_0_,
        sellerenti0_.shop_key as shop_key7_3_0_,
        sellerenti0_.isgrant as isgrant2_3_0_,
        sellerenti0_.seller_id_email as seller_i3_3_0_,
        sellerenti0_.seller_name as seller_n4_3_0_,
        sellerenti0_.seller_password as seller_p5_3_0_,
        sellerenti0_.seller_phonenum as seller_p6_3_0_ 
    from
        seller sellerenti0_ 
    where
        sellerenti0_.seller_key=?
2023-11-21 12:42:32.554 TRACE 20380 --- [    Test worker] o.h.type.descriptor.sql.BasicBinder      : binding parameter [1] as [INTEGER] - [123456789]
2023-11-21 12:42:32.622 DEBUG 20380 --- [    Test worker] org.hibernate.SQL                        : 
    insert 
    into
        seller
        (shop_key, isgrant, seller_id_email, seller_name, seller_password, seller_phonenum, seller_key) 
    values
        (?, ?, ?, ?, ?, ?, ?)
Hibernate: 
    insert 
    into
        seller
        (shop_key, isgrant, seller_id_email, seller_name, seller_password, seller_phonenum, seller_key) 
    values
        (?, ?, ?, ?, ?, ?, ?)
2023-11-21 12:42:32.623 TRACE 20380 --- [    Test worker] o.h.type.descriptor.sql.BasicBinder      : binding parameter [1] as [INTEGER] - [null]
2023-11-21 12:42:32.624 TRACE 20380 --- [    Test worker] o.h.type.descriptor.sql.BasicBinder      : binding parameter [2] as [INTEGER] - [null]
2023-11-21 12:42:32.624 TRACE 20380 --- [    Test worker] o.h.type.descriptor.sql.BasicBinder      : binding parameter [3] as [VARCHAR] - [sooh]
2023-11-21 12:42:32.624 TRACE 20380 --- [    Test worker] o.h.type.descriptor.sql.BasicBinder      : binding parameter [4] as [VARCHAR] - [suhyeon]
2023-11-21 12:42:32.624 TRACE 20380 --- [    Test worker] o.h.type.descriptor.sql.BasicBinder      : binding parameter [5] as [VARCHAR] - [$2a$10$ozEnbUoouV2hjM4JEMVnEeJnRvSItXoK16EWZT6svPMP2ohVqYtRi]
2023-11-21 12:42:32.624 TRACE 20380 --- [    Test worker] o.h.type.descriptor.sql.BasicBinder      : binding parameter [6] as [VARCHAR] - [010-1111-2222]
2023-11-21 12:42:32.624 TRACE 20380 --- [    Test worker] o.h.type.descriptor.sql.BasicBinder      : binding parameter [7] as [INTEGER] - [123456789]
2023-11-21 12:42:32.650 DEBUG 20380 --- [    Test worker] org.hibernate.SQL                        : 
    select
        sellerenti0_.seller_key as seller_k1_3_,
        sellerenti0_.shop_key as shop_key7_3_,
        sellerenti0_.isgrant as isgrant2_3_,
        sellerenti0_.seller_id_email as seller_i3_3_,
        sellerenti0_.seller_name as seller_n4_3_,
        sellerenti0_.seller_password as seller_p5_3_,
        sellerenti0_.seller_phonenum as seller_p6_3_ 
    from
        seller sellerenti0_ 
    where
        sellerenti0_.seller_key=?
Hibernate: 
    select
        sellerenti0_.seller_key as seller_k1_3_,
        sellerenti0_.shop_key as shop_key7_3_,
        sellerenti0_.isgrant as isgrant2_3_,
        sellerenti0_.seller_id_email as seller_i3_3_,
        sellerenti0_.seller_name as seller_n4_3_,
        sellerenti0_.seller_password as seller_p5_3_,
        sellerenti0_.seller_phonenum as seller_p6_3_ 
    from
        seller sellerenti0_ 
    where
        sellerenti0_.seller_key=?
2023-11-21 12:42:32.651 TRACE 20380 --- [    Test worker] o.h.type.descriptor.sql.BasicBinder      : binding parameter [1] as [INTEGER] - [123456789]
soohsuhyeon-----------------------------------


2023-11-21 12:42:32.736 DEBUG 20380 --- [    Test worker] org.hibernate.SQL                        : 
    insert 
    into
        flower_shop
        (description, holiday, is_opened, is_sub, opening_hours, shop_location, shop_name, shop_phone_num) 
    values
        (?, ?, ?, ?, ?, ?, ?, ?)
Hibernate: 
    insert 
    into
        flower_shop
        (description, holiday, is_opened, is_sub, opening_hours, shop_location, shop_name, shop_phone_num) 
    values
        (?, ?, ?, ?, ?, ?, ?, ?)
2023-11-21 12:42:32.737 TRACE 20380 --- [    Test worker] o.h.type.descriptor.sql.BasicBinder      : binding parameter [1] as [VARCHAR] - [null]
2023-11-21 12:42:32.738 TRACE 20380 --- [    Test worker] o.h.type.descriptor.sql.BasicBinder      : binding parameter [2] as [VARBINARY] - [[Ljava.lang.String;@d3929ba]
2023-11-21 12:42:32.740 TRACE 20380 --- [    Test worker] o.h.type.descriptor.sql.BasicBinder      : binding parameter [3] as [BOOLEAN] - [false]
2023-11-21 12:42:32.740 TRACE 20380 --- [    Test worker] o.h.type.descriptor.sql.BasicBinder      : binding parameter [4] as [BOOLEAN] - [false]
2023-11-21 12:42:32.740 TRACE 20380 --- [    Test worker] o.h.type.descriptor.sql.BasicBinder      : binding parameter [5] as [VARBINARY] - [[[I@4a4352b4]
2023-11-21 12:42:32.741 TRACE 20380 --- [    Test worker] o.h.type.descriptor.sql.BasicBinder      : binding parameter [6] as [VARCHAR] - [suwon-si]
2023-11-21 12:42:32.741 TRACE 20380 --- [    Test worker] o.h.type.descriptor.sql.BasicBinder      : binding parameter [7] as [VARCHAR] - [its me]
2023-11-21 12:42:32.741 TRACE 20380 --- [    Test worker] o.h.type.descriptor.sql.BasicBinder      : binding parameter [8] as [VARCHAR] - [031-308-8223]
2023-11-21 12:42:32.750 DEBUG 20380 --- [    Test worker] org.hibernate.SQL                        : 
    select
        sellerenti_.seller_key,
        sellerenti_.shop_key as shop_key7_3_,
        sellerenti_.isgrant as isgrant2_3_,
        sellerenti_.seller_id_email as seller_i3_3_,
        sellerenti_.seller_name as seller_n4_3_,
        sellerenti_.seller_password as seller_p5_3_,
        sellerenti_.seller_phonenum as seller_p6_3_ 
    from
        seller sellerenti_ 
    where
        sellerenti_.seller_key=?
Hibernate: 
    select
        sellerenti_.seller_key,
        sellerenti_.shop_key as shop_key7_3_,
        sellerenti_.isgrant as isgrant2_3_,
        sellerenti_.seller_id_email as seller_i3_3_,
        sellerenti_.seller_name as seller_n4_3_,
        sellerenti_.seller_password as seller_p5_3_,
        sellerenti_.seller_phonenum as seller_p6_3_ 
    from
        seller sellerenti_ 
    where
        sellerenti_.seller_key=?
2023-11-21 12:42:32.751 TRACE 20380 --- [    Test worker] o.h.type.descriptor.sql.BasicBinder      : binding parameter [1] as [INTEGER] - [123456789]
2023-11-21 12:42:32.864 DEBUG 20380 --- [    Test worker] org.hibernate.SQL                        : 
    select
        sellerenti0_.seller_key as seller_k1_3_0_,
        sellerenti0_.shop_key as shop_key7_3_0_,
        sellerenti0_.isgrant as isgrant2_3_0_,
        sellerenti0_.seller_id_email as seller_i3_3_0_,
        sellerenti0_.seller_name as seller_n4_3_0_,
        sellerenti0_.seller_password as seller_p5_3_0_,
        sellerenti0_.seller_phonenum as seller_p6_3_0_ 
    from
        seller sellerenti0_ 
    where
        sellerenti0_.seller_key=?
Hibernate: 
    select
        sellerenti0_.seller_key as seller_k1_3_0_,
        sellerenti0_.shop_key as shop_key7_3_0_,
        sellerenti0_.isgrant as isgrant2_3_0_,
        sellerenti0_.seller_id_email as seller_i3_3_0_,
        sellerenti0_.seller_name as seller_n4_3_0_,
        sellerenti0_.seller_password as seller_p5_3_0_,
        sellerenti0_.seller_phonenum as seller_p6_3_0_ 
    from
        seller sellerenti0_ 
    where
        sellerenti0_.seller_key=?
2023-11-21 12:42:32.865 TRACE 20380 --- [    Test worker] o.h.type.descriptor.sql.BasicBinder      : binding parameter [1] as [INTEGER] - [123456789]
2023-11-21 12:42:32.908 DEBUG 20380 --- [    Test worker] org.hibernate.SQL                        : 
    select
        flowershop0_.shop_key as shop_key1_2_0_,
        flowershop0_.description as descript2_2_0_,
        flowershop0_.holiday as holiday3_2_0_,
        flowershop0_.is_opened as is_opene4_2_0_,
        flowershop0_.is_sub as is_sub5_2_0_,
        flowershop0_.opening_hours as opening_6_2_0_,
        flowershop0_.shop_location as shop_loc7_2_0_,
        flowershop0_.shop_name as shop_nam8_2_0_,
        flowershop0_.shop_phone_num as shop_pho9_2_0_,
        sellerenti1_.seller_key as seller_k1_3_1_,
        sellerenti1_.shop_key as shop_key7_3_1_,
        sellerenti1_.isgrant as isgrant2_3_1_,
        sellerenti1_.seller_id_email as seller_i3_3_1_,
        sellerenti1_.seller_name as seller_n4_3_1_,
        sellerenti1_.seller_password as seller_p5_3_1_,
        sellerenti1_.seller_phonenum as seller_p6_3_1_ 
    from
        flower_shop flowershop0_ 
    left outer join
        seller sellerenti1_ 
            on flowershop0_.shop_key=sellerenti1_.shop_key 
    where
        flowershop0_.shop_key=?
Hibernate: 
    select
        flowershop0_.shop_key as shop_key1_2_0_,
        flowershop0_.description as descript2_2_0_,
        flowershop0_.holiday as holiday3_2_0_,
        flowershop0_.is_opened as is_opene4_2_0_,
        flowershop0_.is_sub as is_sub5_2_0_,
        flowershop0_.opening_hours as opening_6_2_0_,
        flowershop0_.shop_location as shop_loc7_2_0_,
        flowershop0_.shop_name as shop_nam8_2_0_,
        flowershop0_.shop_phone_num as shop_pho9_2_0_,
        sellerenti1_.seller_key as seller_k1_3_1_,
        sellerenti1_.shop_key as shop_key7_3_1_,
        sellerenti1_.isgrant as isgrant2_3_1_,
        sellerenti1_.seller_id_email as seller_i3_3_1_,
        sellerenti1_.seller_name as seller_n4_3_1_,
        sellerenti1_.seller_password as seller_p5_3_1_,
        sellerenti1_.seller_phonenum as seller_p6_3_1_ 
    from
        flower_shop flowershop0_ 
    left outer join
        seller sellerenti1_ 
            on flowershop0_.shop_key=sellerenti1_.shop_key 
    where
        flowershop0_.shop_key=?
2023-11-21 12:42:32.910 TRACE 20380 --- [    Test worker] o.h.type.descriptor.sql.BasicBinder      : binding parameter [1] as [INTEGER] - [17]
2023-11-21 12:42:32.939 DEBUG 20380 --- [    Test worker] org.hibernate.SQL                        : 
    update
        seller 
    set
        shop_key=?,
        isgrant=?,
        seller_id_email=?,
        seller_name=?,
        seller_password=?,
        seller_phonenum=? 
    where
        seller_key=?
Hibernate: 
    update
        seller 
    set
        shop_key=?,
        isgrant=?,
        seller_id_email=?,
        seller_name=?,
        seller_password=?,
        seller_phonenum=? 
    where
        seller_key=?
2023-11-21 12:42:32.940 TRACE 20380 --- [    Test worker] o.h.type.descriptor.sql.BasicBinder      : binding parameter [1] as [INTEGER] - [17]
2023-11-21 12:42:32.941 TRACE 20380 --- [    Test worker] o.h.type.descriptor.sql.BasicBinder      : binding parameter [2] as [INTEGER] - [null]
2023-11-21 12:42:32.941 TRACE 20380 --- [    Test worker] o.h.type.descriptor.sql.BasicBinder      : binding parameter [3] as [VARCHAR] - [sooh]
2023-11-21 12:42:32.941 TRACE 20380 --- [    Test worker] o.h.type.descriptor.sql.BasicBinder      : binding parameter [4] as [VARCHAR] - [suhyeon]
2023-11-21 12:42:32.942 TRACE 20380 --- [    Test worker] o.h.type.descriptor.sql.BasicBinder      : binding parameter [5] as [VARCHAR] - [$2a$10$ozEnbUoouV2hjM4JEMVnEeJnRvSItXoK16EWZT6svPMP2ohVqYtRi]
2023-11-21 12:42:32.942 TRACE 20380 --- [    Test worker] o.h.type.descriptor.sql.BasicBinder      : binding parameter [6] as [VARCHAR] - [010-1111-2222]
2023-11-21 12:42:32.943 TRACE 20380 --- [    Test worker] o.h.type.descriptor.sql.BasicBinder      : binding parameter [7] as [INTEGER] - [123456789]
soohsuhyeonits me-----------------------------------


2023-11-21 12:42:33.453 DEBUG 20380 --- [    Test worker] org.hibernate.SQL                        : 
    select
        flowershop0_.shop_key as shop_key1_2_,
        flowershop0_.description as descript2_2_,
        flowershop0_.holiday as holiday3_2_,
        flowershop0_.is_opened as is_opene4_2_,
        flowershop0_.is_sub as is_sub5_2_,
        flowershop0_.opening_hours as opening_6_2_,
        flowershop0_.shop_location as shop_loc7_2_,
        flowershop0_.shop_name as shop_nam8_2_,
        flowershop0_.shop_phone_num as shop_pho9_2_ 
    from
        flower_shop flowershop0_ 
    where
        flowershop0_.shop_key=?
Hibernate: 
    select
        flowershop0_.shop_key as shop_key1_2_,
        flowershop0_.description as descript2_2_,
        flowershop0_.holiday as holiday3_2_,
        flowershop0_.is_opened as is_opene4_2_,
        flowershop0_.is_sub as is_sub5_2_,
        flowershop0_.opening_hours as opening_6_2_,
        flowershop0_.shop_location as shop_loc7_2_,
        flowershop0_.shop_name as shop_nam8_2_,
        flowershop0_.shop_phone_num as shop_pho9_2_ 
    from
        flower_shop flowershop0_ 
    where
        flowershop0_.shop_key=?
2023-11-21 12:42:33.454 TRACE 20380 --- [    Test worker] o.h.type.descriptor.sql.BasicBinder      : binding parameter [1] as [INTEGER] - [17]
2023-11-21 12:42:33.463 DEBUG 20380 --- [    Test worker] org.hibernate.SQL                        : 
    select
        sellerenti0_.seller_key as seller_k1_3_1_,
        sellerenti0_.shop_key as shop_key7_3_1_,
        sellerenti0_.isgrant as isgrant2_3_1_,
        sellerenti0_.seller_id_email as seller_i3_3_1_,
        sellerenti0_.seller_name as seller_n4_3_1_,
        sellerenti0_.seller_password as seller_p5_3_1_,
        sellerenti0_.seller_phonenum as seller_p6_3_1_,
        flowershop1_.shop_key as shop_key1_2_0_,
        flowershop1_.description as descript2_2_0_,
        flowershop1_.holiday as holiday3_2_0_,
        flowershop1_.is_opened as is_opene4_2_0_,
        flowershop1_.is_sub as is_sub5_2_0_,
        flowershop1_.opening_hours as opening_6_2_0_,
        flowershop1_.shop_location as shop_loc7_2_0_,
        flowershop1_.shop_name as shop_nam8_2_0_,
        flowershop1_.shop_phone_num as shop_pho9_2_0_ 
    from
        seller sellerenti0_ 
    left outer join
        flower_shop flowershop1_ 
            on sellerenti0_.shop_key=flowershop1_.shop_key 
    where
        sellerenti0_.shop_key=?
Hibernate: 
    select
        sellerenti0_.seller_key as seller_k1_3_1_,
        sellerenti0_.shop_key as shop_key7_3_1_,
        sellerenti0_.isgrant as isgrant2_3_1_,
        sellerenti0_.seller_id_email as seller_i3_3_1_,
        sellerenti0_.seller_name as seller_n4_3_1_,
        sellerenti0_.seller_password as seller_p5_3_1_,
        sellerenti0_.seller_phonenum as seller_p6_3_1_,
        flowershop1_.shop_key as shop_key1_2_0_,
        flowershop1_.description as descript2_2_0_,
        flowershop1_.holiday as holiday3_2_0_,
        flowershop1_.is_opened as is_opene4_2_0_,
        flowershop1_.is_sub as is_sub5_2_0_,
        flowershop1_.opening_hours as opening_6_2_0_,
        flowershop1_.shop_location as shop_loc7_2_0_,
        flowershop1_.shop_name as shop_nam8_2_0_,
        flowershop1_.shop_phone_num as shop_pho9_2_0_ 
    from
        seller sellerenti0_ 
    left outer join
        flower_shop flowershop1_ 
            on sellerenti0_.shop_key=flowershop1_.shop_key 
    where
        sellerenti0_.shop_key=?
2023-11-21 12:42:33.466 TRACE 20380 --- [    Test worker] o.h.type.descriptor.sql.BasicBinder      : binding parameter [1] as [INTEGER] - [17]
2023-11-21 12:42:33.520 DEBUG 20380 --- [    Test worker] org.hibernate.SQL                        : 
    delete 
    from
        seller
Hibernate: 
    delete 
    from
        seller
2023-11-21 12:42:33.547 DEBUG 20380 --- [    Test worker] org.hibernate.SQL                        : 
    delete 
    from
        flower_shop
Hibernate: 
    delete 
    from
        flower_shop
2023-11-21 12:42:33.577 DEBUG 20380 --- [    Test worker] org.hibernate.SQL                        : 
    select
        sellerenti0_.seller_key as seller_k1_3_,
        sellerenti0_.shop_key as shop_key7_3_,
        sellerenti0_.isgrant as isgrant2_3_,
        sellerenti0_.seller_id_email as seller_i3_3_,
        sellerenti0_.seller_name as seller_n4_3_,
        sellerenti0_.seller_password as seller_p5_3_,
        sellerenti0_.seller_phonenum as seller_p6_3_ 
    from
        seller sellerenti0_ 
    where
        sellerenti0_.seller_key=?
Hibernate: 
    select
        sellerenti0_.seller_key as seller_k1_3_,
        sellerenti0_.shop_key as shop_key7_3_,
        sellerenti0_.isgrant as isgrant2_3_,
        sellerenti0_.seller_id_email as seller_i3_3_,
        sellerenti0_.seller_name as seller_n4_3_,
        sellerenti0_.seller_password as seller_p5_3_,
        sellerenti0_.seller_phonenum as seller_p6_3_ 
    from
        seller sellerenti0_ 
    where
        sellerenti0_.seller_key=?
2023-11-21 12:42:33.578 TRACE 20380 --- [    Test worker] o.h.type.descriptor.sql.BasicBinder      : binding parameter [1] as [INTEGER] - [123456789]
2023-11-21 12:42:33.687 DEBUG 20380 --- [    Test worker] org.hibernate.SQL                        : 
    select
        sellerenti0_.seller_key as seller_k1_3_0_,
        sellerenti0_.shop_key as shop_key7_3_0_,
        sellerenti0_.isgrant as isgrant2_3_0_,
        sellerenti0_.seller_id_email as seller_i3_3_0_,
        sellerenti0_.seller_name as seller_n4_3_0_,
        sellerenti0_.seller_password as seller_p5_3_0_,
        sellerenti0_.seller_phonenum as seller_p6_3_0_ 
    from
        seller sellerenti0_ 
    where
        sellerenti0_.seller_key=?
Hibernate: 
    select
        sellerenti0_.seller_key as seller_k1_3_0_,
        sellerenti0_.shop_key as shop_key7_3_0_,
        sellerenti0_.isgrant as isgrant2_3_0_,
        sellerenti0_.seller_id_email as seller_i3_3_0_,
        sellerenti0_.seller_name as seller_n4_3_0_,
        sellerenti0_.seller_password as seller_p5_3_0_,
        sellerenti0_.seller_phonenum as seller_p6_3_0_ 
    from
        seller sellerenti0_ 
    where
        sellerenti0_.seller_key=?
2023-11-21 12:42:33.688 TRACE 20380 --- [    Test worker] o.h.type.descriptor.sql.BasicBinder      : binding parameter [1] as [INTEGER] - [123456789]
2023-11-21 12:42:33.731 DEBUG 20380 --- [    Test worker] org.hibernate.SQL                        : 
    insert 
    into
        seller
        (shop_key, isgrant, seller_id_email, seller_name, seller_password, seller_phonenum, seller_key) 
    values
        (?, ?, ?, ?, ?, ?, ?)
Hibernate: 
    insert 
    into
        seller
        (shop_key, isgrant, seller_id_email, seller_name, seller_password, seller_phonenum, seller_key) 
    values
        (?, ?, ?, ?, ?, ?, ?)
2023-11-21 12:42:33.734 TRACE 20380 --- [    Test worker] o.h.type.descriptor.sql.BasicBinder      : binding parameter [1] as [INTEGER] - [null]
2023-11-21 12:42:33.734 TRACE 20380 --- [    Test worker] o.h.type.descriptor.sql.BasicBinder      : binding parameter [2] as [INTEGER] - [null]
2023-11-21 12:42:33.735 TRACE 20380 --- [    Test worker] o.h.type.descriptor.sql.BasicBinder      : binding parameter [3] as [VARCHAR] - [sooh]
2023-11-21 12:42:33.736 TRACE 20380 --- [    Test worker] o.h.type.descriptor.sql.BasicBinder      : binding parameter [4] as [VARCHAR] - [suhyeon]
2023-11-21 12:42:33.737 TRACE 20380 --- [    Test worker] o.h.type.descriptor.sql.BasicBinder      : binding parameter [5] as [VARCHAR] - [$2a$10$EspdGhISJs686n1C3A2zyeuVYRpJE9iKYgmso0HFIlqtFQd9h/42e]
2023-11-21 12:42:33.738 TRACE 20380 --- [    Test worker] o.h.type.descriptor.sql.BasicBinder      : binding parameter [6] as [VARCHAR] - [010-1111-2222]
2023-11-21 12:42:33.739 TRACE 20380 --- [    Test worker] o.h.type.descriptor.sql.BasicBinder      : binding parameter [7] as [INTEGER] - [123456789]
2023-11-21 12:42:33.763 DEBUG 20380 --- [    Test worker] org.hibernate.SQL                        : 
    select
        sellerenti0_.seller_key as seller_k1_3_,
        sellerenti0_.shop_key as shop_key7_3_,
        sellerenti0_.isgrant as isgrant2_3_,
        sellerenti0_.seller_id_email as seller_i3_3_,
        sellerenti0_.seller_name as seller_n4_3_,
        sellerenti0_.seller_password as seller_p5_3_,
        sellerenti0_.seller_phonenum as seller_p6_3_ 
    from
        seller sellerenti0_ 
    where
        sellerenti0_.seller_key=?
Hibernate: 
    select
        sellerenti0_.seller_key as seller_k1_3_,
        sellerenti0_.shop_key as shop_key7_3_,
        sellerenti0_.isgrant as isgrant2_3_,
        sellerenti0_.seller_id_email as seller_i3_3_,
        sellerenti0_.seller_name as seller_n4_3_,
        sellerenti0_.seller_password as seller_p5_3_,
        sellerenti0_.seller_phonenum as seller_p6_3_ 
    from
        seller sellerenti0_ 
    where
        sellerenti0_.seller_key=?
2023-11-21 12:42:33.765 TRACE 20380 --- [    Test worker] o.h.type.descriptor.sql.BasicBinder      : binding parameter [1] as [INTEGER] - [123456789]
soohsuhyeon-----------------------------------


2023-11-21 12:42:33.831 DEBUG 20380 --- [    Test worker] org.hibernate.SQL                        : 
    insert 
    into
        flower_shop
        (description, holiday, is_opened, is_sub, opening_hours, shop_location, shop_name, shop_phone_num) 
    values
        (?, ?, ?, ?, ?, ?, ?, ?)
Hibernate: 
    insert 
    into
        flower_shop
        (description, holiday, is_opened, is_sub, opening_hours, shop_location, shop_name, shop_phone_num) 
    values
        (?, ?, ?, ?, ?, ?, ?, ?)
2023-11-21 12:42:33.833 TRACE 20380 --- [    Test worker] o.h.type.descriptor.sql.BasicBinder      : binding parameter [1] as [VARCHAR] - [null]
2023-11-21 12:42:33.833 TRACE 20380 --- [    Test worker] o.h.type.descriptor.sql.BasicBinder      : binding parameter [2] as [VARBINARY] - [[Ljava.lang.String;@47baf547]
2023-11-21 12:42:33.834 TRACE 20380 --- [    Test worker] o.h.type.descriptor.sql.BasicBinder      : binding parameter [3] as [BOOLEAN] - [false]
2023-11-21 12:42:33.835 TRACE 20380 --- [    Test worker] o.h.type.descriptor.sql.BasicBinder      : binding parameter [4] as [BOOLEAN] - [false]
2023-11-21 12:42:33.836 TRACE 20380 --- [    Test worker] o.h.type.descriptor.sql.BasicBinder      : binding parameter [5] as [VARBINARY] - [[[I@5dc90de7]
2023-11-21 12:42:33.836 TRACE 20380 --- [    Test worker] o.h.type.descriptor.sql.BasicBinder      : binding parameter [6] as [VARCHAR] - [suwon-si]
2023-11-21 12:42:33.837 TRACE 20380 --- [    Test worker] o.h.type.descriptor.sql.BasicBinder      : binding parameter [7] as [VARCHAR] - [its me]
2023-11-21 12:42:33.838 TRACE 20380 --- [    Test worker] o.h.type.descriptor.sql.BasicBinder      : binding parameter [8] as [VARCHAR] - [031-308-8223]
2023-11-21 12:42:33.865 DEBUG 20380 --- [    Test worker] org.hibernate.SQL                        : 
    select
        sellerenti_.seller_key,
        sellerenti_.shop_key as shop_key7_3_,
        sellerenti_.isgrant as isgrant2_3_,
        sellerenti_.seller_id_email as seller_i3_3_,
        sellerenti_.seller_name as seller_n4_3_,
        sellerenti_.seller_password as seller_p5_3_,
        sellerenti_.seller_phonenum as seller_p6_3_ 
    from
        seller sellerenti_ 
    where
        sellerenti_.seller_key=?
Hibernate: 
    select
        sellerenti_.seller_key,
        sellerenti_.shop_key as shop_key7_3_,
        sellerenti_.isgrant as isgrant2_3_,
        sellerenti_.seller_id_email as seller_i3_3_,
        sellerenti_.seller_name as seller_n4_3_,
        sellerenti_.seller_password as seller_p5_3_,
        sellerenti_.seller_phonenum as seller_p6_3_ 
    from
        seller sellerenti_ 
    where
        sellerenti_.seller_key=?
2023-11-21 12:42:33.867 TRACE 20380 --- [    Test worker] o.h.type.descriptor.sql.BasicBinder      : binding parameter [1] as [INTEGER] - [123456789]
2023-11-21 12:42:33.966 DEBUG 20380 --- [    Test worker] org.hibernate.SQL                        : 
    select
        sellerenti0_.seller_key as seller_k1_3_0_,
        sellerenti0_.shop_key as shop_key7_3_0_,
        sellerenti0_.isgrant as isgrant2_3_0_,
        sellerenti0_.seller_id_email as seller_i3_3_0_,
        sellerenti0_.seller_name as seller_n4_3_0_,
        sellerenti0_.seller_password as seller_p5_3_0_,
        sellerenti0_.seller_phonenum as seller_p6_3_0_ 
    from
        seller sellerenti0_ 
    where
        sellerenti0_.seller_key=?
Hibernate: 
    select
        sellerenti0_.seller_key as seller_k1_3_0_,
        sellerenti0_.shop_key as shop_key7_3_0_,
        sellerenti0_.isgrant as isgrant2_3_0_,
        sellerenti0_.seller_id_email as seller_i3_3_0_,
        sellerenti0_.seller_name as seller_n4_3_0_,
        sellerenti0_.seller_password as seller_p5_3_0_,
        sellerenti0_.seller_phonenum as seller_p6_3_0_ 
    from
        seller sellerenti0_ 
    where
        sellerenti0_.seller_key=?
2023-11-21 12:42:33.967 TRACE 20380 --- [    Test worker] o.h.type.descriptor.sql.BasicBinder      : binding parameter [1] as [INTEGER] - [123456789]
2023-11-21 12:42:33.979 DEBUG 20380 --- [    Test worker] org.hibernate.SQL                        : 
    select
        flowershop0_.shop_key as shop_key1_2_0_,
        flowershop0_.description as descript2_2_0_,
        flowershop0_.holiday as holiday3_2_0_,
        flowershop0_.is_opened as is_opene4_2_0_,
        flowershop0_.is_sub as is_sub5_2_0_,
        flowershop0_.opening_hours as opening_6_2_0_,
        flowershop0_.shop_location as shop_loc7_2_0_,
        flowershop0_.shop_name as shop_nam8_2_0_,
        flowershop0_.shop_phone_num as shop_pho9_2_0_,
        sellerenti1_.seller_key as seller_k1_3_1_,
        sellerenti1_.shop_key as shop_key7_3_1_,
        sellerenti1_.isgrant as isgrant2_3_1_,
        sellerenti1_.seller_id_email as seller_i3_3_1_,
        sellerenti1_.seller_name as seller_n4_3_1_,
        sellerenti1_.seller_password as seller_p5_3_1_,
        sellerenti1_.seller_phonenum as seller_p6_3_1_ 
    from
        flower_shop flowershop0_ 
    left outer join
        seller sellerenti1_ 
            on flowershop0_.shop_key=sellerenti1_.shop_key 
    where
        flowershop0_.shop_key=?
Hibernate: 
    select
        flowershop0_.shop_key as shop_key1_2_0_,
        flowershop0_.description as descript2_2_0_,
        flowershop0_.holiday as holiday3_2_0_,
        flowershop0_.is_opened as is_opene4_2_0_,
        flowershop0_.is_sub as is_sub5_2_0_,
        flowershop0_.opening_hours as opening_6_2_0_,
        flowershop0_.shop_location as shop_loc7_2_0_,
        flowershop0_.shop_name as shop_nam8_2_0_,
        flowershop0_.shop_phone_num as shop_pho9_2_0_,
        sellerenti1_.seller_key as seller_k1_3_1_,
        sellerenti1_.shop_key as shop_key7_3_1_,
        sellerenti1_.isgrant as isgrant2_3_1_,
        sellerenti1_.seller_id_email as seller_i3_3_1_,
        sellerenti1_.seller_name as seller_n4_3_1_,
        sellerenti1_.seller_password as seller_p5_3_1_,
        sellerenti1_.seller_phonenum as seller_p6_3_1_ 
    from
        flower_shop flowershop0_ 
    left outer join
        seller sellerenti1_ 
            on flowershop0_.shop_key=sellerenti1_.shop_key 
    where
        flowershop0_.shop_key=?
2023-11-21 12:42:33.981 TRACE 20380 --- [    Test worker] o.h.type.descriptor.sql.BasicBinder      : binding parameter [1] as [INTEGER] - [18]
2023-11-21 12:42:34.052 DEBUG 20380 --- [    Test worker] org.hibernate.SQL                        : 
    update
        seller 
    set
        shop_key=?,
        isgrant=?,
        seller_id_email=?,
        seller_name=?,
        seller_password=?,
        seller_phonenum=? 
    where
        seller_key=?
Hibernate: 
    update
        seller 
    set
        shop_key=?,
        isgrant=?,
        seller_id_email=?,
        seller_name=?,
        seller_password=?,
        seller_phonenum=? 
    where
        seller_key=?
2023-11-21 12:42:34.056 TRACE 20380 --- [    Test worker] o.h.type.descriptor.sql.BasicBinder      : binding parameter [1] as [INTEGER] - [18]
2023-11-21 12:42:34.056 TRACE 20380 --- [    Test worker] o.h.type.descriptor.sql.BasicBinder      : binding parameter [2] as [INTEGER] - [null]
2023-11-21 12:42:34.056 TRACE 20380 --- [    Test worker] o.h.type.descriptor.sql.BasicBinder      : binding parameter [3] as [VARCHAR] - [sooh]
2023-11-21 12:42:34.057 TRACE 20380 --- [    Test worker] o.h.type.descriptor.sql.BasicBinder      : binding parameter [4] as [VARCHAR] - [suhyeon]
2023-11-21 12:42:34.057 TRACE 20380 --- [    Test worker] o.h.type.descriptor.sql.BasicBinder      : binding parameter [5] as [VARCHAR] - [$2a$10$EspdGhISJs686n1C3A2zyeuVYRpJE9iKYgmso0HFIlqtFQd9h/42e]
2023-11-21 12:42:34.058 TRACE 20380 --- [    Test worker] o.h.type.descriptor.sql.BasicBinder      : binding parameter [6] as [VARCHAR] - [010-1111-2222]
2023-11-21 12:42:34.059 TRACE 20380 --- [    Test worker] o.h.type.descriptor.sql.BasicBinder      : binding parameter [7] as [INTEGER] - [123456789]
soohsuhyeonits me-----------------------------------


2023-11-21 12:42:34.193 DEBUG 20380 --- [    Test worker] org.hibernate.SQL                        : 
    select
        sellerenti0_.seller_key as seller_k1_3_,
        sellerenti0_.shop_key as shop_key7_3_,
        sellerenti0_.isgrant as isgrant2_3_,
        sellerenti0_.seller_id_email as seller_i3_3_,
        sellerenti0_.seller_name as seller_n4_3_,
        sellerenti0_.seller_password as seller_p5_3_,
        sellerenti0_.seller_phonenum as seller_p6_3_ 
    from
        seller sellerenti0_ 
    where
        sellerenti0_.seller_key=?
Hibernate: 
    select
        sellerenti0_.seller_key as seller_k1_3_,
        sellerenti0_.shop_key as shop_key7_3_,
        sellerenti0_.isgrant as isgrant2_3_,
        sellerenti0_.seller_id_email as seller_i3_3_,
        sellerenti0_.seller_name as seller_n4_3_,
        sellerenti0_.seller_password as seller_p5_3_,
        sellerenti0_.seller_phonenum as seller_p6_3_ 
    from
        seller sellerenti0_ 
    where
        sellerenti0_.seller_key=?
2023-11-21 12:42:34.199 TRACE 20380 --- [    Test worker] o.h.type.descriptor.sql.BasicBinder      : binding parameter [1] as [INTEGER] - [123456789]
2023-11-21 12:42:34.246 DEBUG 20380 --- [    Test worker] org.hibernate.SQL                        : 
    select
        flowershop0_.shop_key as shop_key1_2_0_,
        flowershop0_.description as descript2_2_0_,
        flowershop0_.holiday as holiday3_2_0_,
        flowershop0_.is_opened as is_opene4_2_0_,
        flowershop0_.is_sub as is_sub5_2_0_,
        flowershop0_.opening_hours as opening_6_2_0_,
        flowershop0_.shop_location as shop_loc7_2_0_,
        flowershop0_.shop_name as shop_nam8_2_0_,
        flowershop0_.shop_phone_num as shop_pho9_2_0_,
        sellerenti1_.seller_key as seller_k1_3_1_,
        sellerenti1_.shop_key as shop_key7_3_1_,
        sellerenti1_.isgrant as isgrant2_3_1_,
        sellerenti1_.seller_id_email as seller_i3_3_1_,
        sellerenti1_.seller_name as seller_n4_3_1_,
        sellerenti1_.seller_password as seller_p5_3_1_,
        sellerenti1_.seller_phonenum as seller_p6_3_1_ 
    from
        flower_shop flowershop0_ 
    left outer join
        seller sellerenti1_ 
            on flowershop0_.shop_key=sellerenti1_.shop_key 
    where
        flowershop0_.shop_key=?
Hibernate: 
    select
        flowershop0_.shop_key as shop_key1_2_0_,
        flowershop0_.description as descript2_2_0_,
        flowershop0_.holiday as holiday3_2_0_,
        flowershop0_.is_opened as is_opene4_2_0_,
        flowershop0_.is_sub as is_sub5_2_0_,
        flowershop0_.opening_hours as opening_6_2_0_,
        flowershop0_.shop_location as shop_loc7_2_0_,
        flowershop0_.shop_name as shop_nam8_2_0_,
        flowershop0_.shop_phone_num as shop_pho9_2_0_,
        sellerenti1_.seller_key as seller_k1_3_1_,
        sellerenti1_.shop_key as shop_key7_3_1_,
        sellerenti1_.isgrant as isgrant2_3_1_,
        sellerenti1_.seller_id_email as seller_i3_3_1_,
        sellerenti1_.seller_name as seller_n4_3_1_,
        sellerenti1_.seller_password as seller_p5_3_1_,
        sellerenti1_.seller_phonenum as seller_p6_3_1_ 
    from
        flower_shop flowershop0_ 
    left outer join
        seller sellerenti1_ 
            on flowershop0_.shop_key=sellerenti1_.shop_key 
    where
        flowershop0_.shop_key=?
2023-11-21 12:42:34.256 TRACE 20380 --- [    Test worker] o.h.type.descriptor.sql.BasicBinder      : binding parameter [1] as [INTEGER] - [18]
2023-11-21 12:42:34.299 DEBUG 20380 --- [    Test worker] org.hibernate.SQL                        : 
    select
        sellerenti0_.seller_key as seller_k1_3_1_,
        sellerenti0_.shop_key as shop_key7_3_1_,
        sellerenti0_.isgrant as isgrant2_3_1_,
        sellerenti0_.seller_id_email as seller_i3_3_1_,
        sellerenti0_.seller_name as seller_n4_3_1_,
        sellerenti0_.seller_password as seller_p5_3_1_,
        sellerenti0_.seller_phonenum as seller_p6_3_1_,
        flowershop1_.shop_key as shop_key1_2_0_,
        flowershop1_.description as descript2_2_0_,
        flowershop1_.holiday as holiday3_2_0_,
        flowershop1_.is_opened as is_opene4_2_0_,
        flowershop1_.is_sub as is_sub5_2_0_,
        flowershop1_.opening_hours as opening_6_2_0_,
        flowershop1_.shop_location as shop_loc7_2_0_,
        flowershop1_.shop_name as shop_nam8_2_0_,
        flowershop1_.shop_phone_num as shop_pho9_2_0_ 
    from
        seller sellerenti0_ 
    left outer join
        flower_shop flowershop1_ 
            on sellerenti0_.shop_key=flowershop1_.shop_key 
    where
        sellerenti0_.shop_key=?
Hibernate: 
    select
        sellerenti0_.seller_key as seller_k1_3_1_,
        sellerenti0_.shop_key as shop_key7_3_1_,
        sellerenti0_.isgrant as isgrant2_3_1_,
        sellerenti0_.seller_id_email as seller_i3_3_1_,
        sellerenti0_.seller_name as seller_n4_3_1_,
        sellerenti0_.seller_password as seller_p5_3_1_,
        sellerenti0_.seller_phonenum as seller_p6_3_1_,
        flowershop1_.shop_key as shop_key1_2_0_,
        flowershop1_.description as descript2_2_0_,
        flowershop1_.holiday as holiday3_2_0_,
        flowershop1_.is_opened as is_opene4_2_0_,
        flowershop1_.is_sub as is_sub5_2_0_,
        flowershop1_.opening_hours as opening_6_2_0_,
        flowershop1_.shop_location as shop_loc7_2_0_,
        flowershop1_.shop_name as shop_nam8_2_0_,
        flowershop1_.shop_phone_num as shop_pho9_2_0_ 
    from
        seller sellerenti0_ 
    left outer join
        flower_shop flowershop1_ 
            on sellerenti0_.shop_key=flowershop1_.shop_key 
    where
        sellerenti0_.shop_key=?
2023-11-21 12:42:34.313 TRACE 20380 --- [    Test worker] o.h.type.descriptor.sql.BasicBinder      : binding parameter [1] as [INTEGER] - [18]
soohsuhyeon-----------------------------------


]]></system-out>
  <system-err><![CDATA[]]></system-err>
</testsuite>
