<?xml version="1.0" encoding="UTF-8"?>
<testsuite name="Unknown.PreScent.service.CustomerServiceTest" tests="5" skipped="0" failures="0" errors="0" timestamp="2023-11-15T07:16:53" hostname="SWSEO_LT" time="1.664">
  <properties/>
  <testcase name="고객/ 회원가입 테스트" classname="Unknown.PreScent.service.CustomerServiceTest" time="0.77"/>
  <testcase name="고객/ 로그인 실패 - 잘못된 PASSWORD 테스트" classname="Unknown.PreScent.service.CustomerServiceTest" time="0.288"/>
  <testcase name="고객/ 로그인 성공 테스트" classname="Unknown.PreScent.service.CustomerServiceTest" time="0.39"/>
  <testcase name="고객/ 중복 이메일 가입 테스트" classname="Unknown.PreScent.service.CustomerServiceTest" time="0.058"/>
  <testcase name="고객/ 로그인 실패 - 잘못된 Email 테스트" classname="Unknown.PreScent.service.CustomerServiceTest" time="0.149"/>
  <system-out><![CDATA[16:16:42.490 [Test worker] DEBUG org.springframework.test.context.BootstrapUtils - Instantiating CacheAwareContextLoaderDelegate from class [org.springframework.test.context.cache.DefaultCacheAwareContextLoaderDelegate]
16:16:42.508 [Test worker] DEBUG org.springframework.test.context.BootstrapUtils - Instantiating BootstrapContext using constructor [public org.springframework.test.context.support.DefaultBootstrapContext(java.lang.Class,org.springframework.test.context.CacheAwareContextLoaderDelegate)]
16:16:42.577 [Test worker] DEBUG org.springframework.test.context.BootstrapUtils - Instantiating TestContextBootstrapper for test class [Unknown.PreScent.service.CustomerServiceTest] from class [org.springframework.boot.test.context.SpringBootTestContextBootstrapper]
16:16:42.610 [Test worker] INFO org.springframework.boot.test.context.SpringBootTestContextBootstrapper - Neither @ContextConfiguration nor @ContextHierarchy found for test class [Unknown.PreScent.service.CustomerServiceTest], using SpringBootContextLoader
16:16:42.621 [Test worker] DEBUG org.springframework.test.context.support.AbstractContextLoader - Did not detect default resource location for test class [Unknown.PreScent.service.CustomerServiceTest]: class path resource [Unknown/PreScent/service/CustomerServiceTest-context.xml] does not exist
16:16:42.622 [Test worker] DEBUG org.springframework.test.context.support.AbstractContextLoader - Did not detect default resource location for test class [Unknown.PreScent.service.CustomerServiceTest]: class path resource [Unknown/PreScent/service/CustomerServiceTestContext.groovy] does not exist
16:16:42.622 [Test worker] INFO org.springframework.test.context.support.AbstractContextLoader - Could not detect default resource locations for test class [Unknown.PreScent.service.CustomerServiceTest]: no resource found for suffixes {-context.xml, Context.groovy}.
16:16:42.624 [Test worker] INFO org.springframework.test.context.support.AnnotationConfigContextLoaderUtils - Could not detect default configuration classes for test class [Unknown.PreScent.service.CustomerServiceTest]: CustomerServiceTest does not declare any static, non-private, non-final, nested classes annotated with @Configuration.
16:16:42.726 [Test worker] DEBUG org.springframework.test.context.support.ActiveProfilesUtils - Could not find an 'annotation declaring class' for annotation type [org.springframework.test.context.ActiveProfiles] and class [Unknown.PreScent.service.CustomerServiceTest]
16:16:42.863 [Test worker] DEBUG org.springframework.context.annotation.ClassPathScanningCandidateComponentProvider - Identified candidate component class: file [C:\Users\swseo\IdeaProjects\backend\build\classes\java\main\Unknown\PreScent\PreScentApplication.class]
16:16:42.864 [Test worker] INFO org.springframework.boot.test.context.SpringBootTestContextBootstrapper - Found @SpringBootConfiguration Unknown.PreScent.PreScentApplication for test class Unknown.PreScent.service.CustomerServiceTest
16:16:43.119 [Test worker] DEBUG org.springframework.boot.test.context.SpringBootTestContextBootstrapper - @TestExecutionListeners is not present for class [Unknown.PreScent.service.CustomerServiceTest]: using defaults.
16:16:43.119 [Test worker] INFO org.springframework.boot.test.context.SpringBootTestContextBootstrapper - Loaded default TestExecutionListener class names from location [META-INF/spring.factories]: [org.springframework.security.test.context.support.WithSecurityContextTestExecutionListener, org.springframework.security.test.context.support.ReactorContextTestExecutionListener, org.springframework.boot.test.autoconfigure.restdocs.RestDocsTestExecutionListener, org.springframework.boot.test.autoconfigure.web.client.MockRestServiceServerResetTestExecutionListener, org.springframework.boot.test.autoconfigure.web.servlet.MockMvcPrintOnlyOnFailureTestExecutionListener, org.springframework.boot.test.autoconfigure.web.servlet.WebDriverTestExecutionListener, org.springframework.boot.test.autoconfigure.webservices.client.MockWebServiceServerTestExecutionListener, org.springframework.boot.test.mock.mockito.MockitoTestExecutionListener, org.springframework.boot.test.mock.mockito.ResetMocksTestExecutionListener, org.springframework.test.context.web.ServletTestExecutionListener, org.springframework.test.context.support.DirtiesContextBeforeModesTestExecutionListener, org.springframework.test.context.event.ApplicationEventsTestExecutionListener, org.springframework.test.context.support.DependencyInjectionTestExecutionListener, org.springframework.test.context.support.DirtiesContextTestExecutionListener, org.springframework.test.context.transaction.TransactionalTestExecutionListener, org.springframework.test.context.jdbc.SqlScriptsTestExecutionListener, org.springframework.test.context.event.EventPublishingTestExecutionListener]
16:16:43.153 [Test worker] INFO org.springframework.boot.test.context.SpringBootTestContextBootstrapper - Using TestExecutionListeners: [org.springframework.test.context.web.ServletTestExecutionListener@e27ba81, org.springframework.test.context.support.DirtiesContextBeforeModesTestExecutionListener@54336c81, org.springframework.test.context.event.ApplicationEventsTestExecutionListener@1556f2dd, org.springframework.boot.test.mock.mockito.MockitoTestExecutionListener@35e52059, org.springframework.boot.test.autoconfigure.SpringBootDependencyInjectionTestExecutionListener@62577d6, org.springframework.test.context.support.DirtiesContextTestExecutionListener@49bd54f7, org.springframework.test.context.transaction.TransactionalTestExecutionListener@6b5f8707, org.springframework.test.context.jdbc.SqlScriptsTestExecutionListener@772485dd, org.springframework.security.test.context.support.WithSecurityContextTestExecutionListener@5a12c728, org.springframework.test.context.event.EventPublishingTestExecutionListener@79ab3a71, org.springframework.security.test.context.support.ReactorContextTestExecutionListener@6e5bfdfc, org.springframework.boot.test.autoconfigure.restdocs.RestDocsTestExecutionListener@3d829787, org.springframework.boot.test.autoconfigure.web.client.MockRestServiceServerResetTestExecutionListener@71652c98, org.springframework.boot.test.autoconfigure.web.servlet.MockMvcPrintOnlyOnFailureTestExecutionListener@51bde877, org.springframework.boot.test.autoconfigure.web.servlet.WebDriverTestExecutionListener@60b85ba1, org.springframework.boot.test.autoconfigure.webservices.client.MockWebServiceServerTestExecutionListener@492fc69e, org.springframework.boot.test.mock.mockito.ResetMocksTestExecutionListener@117632cf]
16:16:43.159 [Test worker] DEBUG org.springframework.test.context.support.AbstractDirtiesContextTestExecutionListener - Before test class: context [DefaultTestContext@7ee55e70 testClass = CustomerServiceTest, testInstance = [null], testMethod = [null], testException = [null], mergedContextConfiguration = [WebMergedContextConfiguration@3fcdcf testClass = CustomerServiceTest, locations = '{}', classes = '{class Unknown.PreScent.PreScentApplication}', contextInitializerClasses = '[]', activeProfiles = '{}', propertySourceLocations = '{}', propertySourceProperties = '{org.springframework.boot.test.context.SpringBootTestContextBootstrapper=true}', contextCustomizers = set[org.springframework.boot.test.autoconfigure.actuate.metrics.MetricsExportContextCustomizerFactory$DisableMetricExportContextCustomizer@285c08c8, org.springframework.boot.test.autoconfigure.properties.PropertyMappingContextCustomizer@0, org.springframework.boot.test.autoconfigure.web.servlet.WebDriverContextCustomizerFactory$Customizer@5b7ea70d, org.springframework.boot.test.context.filter.ExcludeFilterContextCustomizer@4f2c9ba6, org.springframework.boot.test.json.DuplicateJsonObjectContextCustomizerFactory$DuplicateJsonObjectContextCustomizer@4c37b5b, org.springframework.boot.test.mock.mockito.MockitoContextCustomizer@0, org.springframework.boot.test.web.client.TestRestTemplateContextCustomizer@4baf352a, org.springframework.boot.test.context.SpringBootTestArgs@1, org.springframework.boot.test.context.SpringBootTestWebEnvironment@1c39680d], resourceBasePath = 'src/main/webapp', contextLoader = 'org.springframework.boot.test.context.SpringBootContextLoader', parent = [null]], attributes = map['org.springframework.test.context.web.ServletTestExecutionListener.activateListener' -> true]], class annotated with @DirtiesContext [false] with mode [null].

  .   ____          _            __ _ _
 /\\ / ___'_ __ _ _(_)_ __  __ _ \ \ \ \
( ( )\___ | '_ | '_| | '_ \/ _` | \ \ \ \
 \\/  ___)| |_)| | | | | || (_| |  ) ) ) )
  '  |____| .__|_| |_|_| |_\__, | / / / /
 =========|_|==============|___/=/_/_/_/
 :: Spring Boot ::               (v2.7.17)

2023-11-15 16:16:43.860  INFO 4784 --- [    Test worker] U.PreScent.service.CustomerServiceTest   : Starting CustomerServiceTest using Java 11.0.21 on SWSEO_LT with PID 4784 (started by swseo in C:\Users\swseo\IdeaProjects\backend)
2023-11-15 16:16:43.865  INFO 4784 --- [    Test worker] U.PreScent.service.CustomerServiceTest   : No active profile set, falling back to 1 default profile: "default"
2023-11-15 16:16:45.765  INFO 4784 --- [    Test worker] .s.d.r.c.RepositoryConfigurationDelegate : Bootstrapping Spring Data JPA repositories in DEFAULT mode.
2023-11-15 16:16:45.926  INFO 4784 --- [    Test worker] .s.d.r.c.RepositoryConfigurationDelegate : Finished Spring Data repository scanning in 140 ms. Found 6 JPA repository interfaces.
2023-11-15 16:16:47.253  INFO 4784 --- [    Test worker] o.hibernate.jpa.internal.util.LogHelper  : HHH000204: Processing PersistenceUnitInfo [name: default]
2023-11-15 16:16:47.398  INFO 4784 --- [    Test worker] org.hibernate.Version                    : HHH000412: Hibernate ORM core version 5.6.15.Final
2023-11-15 16:16:47.827  INFO 4784 --- [    Test worker] o.hibernate.annotations.common.Version   : HCANN000001: Hibernate Commons Annotations {5.1.2.Final}
2023-11-15 16:16:48.171  INFO 4784 --- [    Test worker] com.zaxxer.hikari.HikariDataSource       : HikariPool-1 - Starting...
2023-11-15 16:16:48.603  INFO 4784 --- [    Test worker] com.zaxxer.hikari.HikariDataSource       : HikariPool-1 - Start completed.
2023-11-15 16:16:48.640  INFO 4784 --- [    Test worker] org.hibernate.dialect.Dialect            : HHH000400: Using dialect: org.hibernate.dialect.MySQL5InnoDBDialect
2023-11-15 16:16:50.424  INFO 4784 --- [    Test worker] o.h.e.t.j.p.i.JtaPlatformInitiator       : HHH000490: Using JtaPlatform implementation: [org.hibernate.engine.transaction.jta.platform.internal.NoJtaPlatform]
2023-11-15 16:16:50.451  INFO 4784 --- [    Test worker] j.LocalContainerEntityManagerFactoryBean : Initialized JPA EntityManagerFactory for persistence unit 'default'
2023-11-15 16:16:50.579  WARN 4784 --- [    Test worker] JpaBaseConfiguration$JpaWebConfiguration : spring.jpa.open-in-view is enabled by default. Therefore, database queries may be performed during view rendering. Explicitly configure spring.jpa.open-in-view to disable this warning
2023-11-15 16:16:51.796  WARN 4784 --- [    Test worker] .s.s.UserDetailsServiceAutoConfiguration : 

Using generated security password: 7470d5f7-d97d-45c3-ac1b-b5243ebda73c

This generated password is for development use only. Your security configuration must be updated before running your application in production.

2023-11-15 16:16:52.114  INFO 4784 --- [    Test worker] o.s.s.web.DefaultSecurityFilterChain     : Will secure any request with [org.springframework.security.web.session.DisableEncodeUrlFilter@2f11d889, org.springframework.security.web.context.request.async.WebAsyncManagerIntegrationFilter@d1973e8, org.springframework.security.web.context.SecurityContextPersistenceFilter@444ebefd, org.springframework.security.web.header.HeaderWriterFilter@7097ead6, org.springframework.security.web.authentication.logout.LogoutFilter@2fd05b15, org.springframework.security.web.savedrequest.RequestCacheAwareFilter@5364b481, org.springframework.security.web.servletapi.SecurityContextHolderAwareRequestFilter@7d2a4598, org.springframework.security.web.authentication.AnonymousAuthenticationFilter@5ca10d0e, org.springframework.security.web.session.SessionManagementFilter@2b85edc7, org.springframework.security.web.access.ExceptionTranslationFilter@2262bc86]
2023-11-15 16:16:53.816  INFO 4784 --- [    Test worker] U.PreScent.service.CustomerServiceTest   : Started CustomerServiceTest in 10.59 seconds (JVM running for 14.254)
2023-11-15 16:16:53.895  INFO 4784 --- [    Test worker] o.s.t.c.transaction.TransactionContext   : Began transaction (1) for test context [DefaultTestContext@7ee55e70 testClass = CustomerServiceTest, testInstance = Unknown.PreScent.service.CustomerServiceTest@98a0842, testMethod = signupCustomerTest@CustomerServiceTest, testException = [null], mergedContextConfiguration = [WebMergedContextConfiguration@3fcdcf testClass = CustomerServiceTest, locations = '{}', classes = '{class Unknown.PreScent.PreScentApplication}', contextInitializerClasses = '[]', activeProfiles = '{}', propertySourceLocations = '{}', propertySourceProperties = '{org.springframework.boot.test.context.SpringBootTestContextBootstrapper=true}', contextCustomizers = set[org.springframework.boot.test.autoconfigure.actuate.metrics.MetricsExportContextCustomizerFactory$DisableMetricExportContextCustomizer@285c08c8, org.springframework.boot.test.autoconfigure.properties.PropertyMappingContextCustomizer@0, org.springframework.boot.test.autoconfigure.web.servlet.WebDriverContextCustomizerFactory$Customizer@5b7ea70d, org.springframework.boot.test.context.filter.ExcludeFilterContextCustomizer@4f2c9ba6, org.springframework.boot.test.json.DuplicateJsonObjectContextCustomizerFactory$DuplicateJsonObjectContextCustomizer@4c37b5b, org.springframework.boot.test.mock.mockito.MockitoContextCustomizer@0, org.springframework.boot.test.web.client.TestRestTemplateContextCustomizer@4baf352a, org.springframework.boot.test.context.SpringBootTestArgs@1, org.springframework.boot.test.context.SpringBootTestWebEnvironment@1c39680d], resourceBasePath = 'src/main/webapp', contextLoader = 'org.springframework.boot.test.context.SpringBootContextLoader', parent = [null]], attributes = map['org.springframework.test.context.web.ServletTestExecutionListener.activateListener' -> true, 'org.springframework.test.context.web.ServletTestExecutionListener.populatedRequestContextHolder' -> true, 'org.springframework.test.context.web.ServletTestExecutionListener.resetRequestContextHolder' -> true, 'org.springframework.test.context.event.ApplicationEventsTestExecutionListener.recordApplicationEvents' -> false]]; transaction manager [org.springframework.orm.jpa.JpaTransactionManager@55e02661]; rollback [true]
2023-11-15 16:16:54.300 DEBUG 4784 --- [    Test worker] org.hibernate.SQL                        : 
    delete 
    from
        customer
Hibernate: 
    delete 
    from
        customer
2023-11-15 16:16:54.404 DEBUG 4784 --- [    Test worker] org.hibernate.SQL                        : 
    select
        customeren0_.customer_key as customer1_2_,
        customeren0_.cart_id as cart_id7_2_,
        customeren0_.customer_id_email as customer2_2_,
        customeren0_.customer_location as customer3_2_,
        customeren0_.customer_name as customer4_2_,
        customeren0_.customer_password as customer5_2_,
        customeren0_.customer_phonenum as customer6_2_ 
    from
        customer customeren0_ 
    where
        customeren0_.customer_id_email=?
Hibernate: 
    select
        customeren0_.customer_key as customer1_2_,
        customeren0_.cart_id as cart_id7_2_,
        customeren0_.customer_id_email as customer2_2_,
        customeren0_.customer_location as customer3_2_,
        customeren0_.customer_name as customer4_2_,
        customeren0_.customer_password as customer5_2_,
        customeren0_.customer_phonenum as customer6_2_ 
    from
        customer customeren0_ 
    where
        customeren0_.customer_id_email=?
2023-11-15 16:16:54.413 TRACE 4784 --- [    Test worker] o.h.type.descriptor.sql.BasicBinder      : binding parameter [1] as [VARCHAR] - [ajou.gmail.com]
2023-11-15 16:16:54.576 DEBUG 4784 --- [    Test worker] org.hibernate.SQL                        : 
    insert 
    into
        customer
        (cart_id, customer_id_email, customer_location, customer_name, customer_password, customer_phonenum) 
    values
        (?, ?, ?, ?, ?, ?)
Hibernate: 
    insert 
    into
        customer
        (cart_id, customer_id_email, customer_location, customer_name, customer_password, customer_phonenum) 
    values
        (?, ?, ?, ?, ?, ?)
2023-11-15 16:16:54.580 TRACE 4784 --- [    Test worker] o.h.type.descriptor.sql.BasicBinder      : binding parameter [1] as [INTEGER] - [null]
2023-11-15 16:16:54.580 TRACE 4784 --- [    Test worker] o.h.type.descriptor.sql.BasicBinder      : binding parameter [2] as [VARCHAR] - [ajou.gmail.com]
2023-11-15 16:16:54.580 TRACE 4784 --- [    Test worker] o.h.type.descriptor.sql.BasicBinder      : binding parameter [3] as [VARCHAR] - [null]
2023-11-15 16:16:54.581 TRACE 4784 --- [    Test worker] o.h.type.descriptor.sql.BasicBinder      : binding parameter [4] as [VARCHAR] - [suhyeon]
2023-11-15 16:16:54.581 TRACE 4784 --- [    Test worker] o.h.type.descriptor.sql.BasicBinder      : binding parameter [5] as [VARCHAR] - [$2a$10$nnoHdDITmmebTsOjHKgoAO3ki.4FV5DTWBaoWBPXQfd0esp2PNgAu]
2023-11-15 16:16:54.581 TRACE 4784 --- [    Test worker] o.h.type.descriptor.sql.BasicBinder      : binding parameter [6] as [VARCHAR] - [010-1111-2222]
2023-11-15 16:16:54.620  INFO 4784 --- [    Test worker] o.s.t.c.transaction.TransactionContext   : Rolled back transaction for test: [DefaultTestContext@7ee55e70 testClass = CustomerServiceTest, testInstance = Unknown.PreScent.service.CustomerServiceTest@98a0842, testMethod = signupCustomerTest@CustomerServiceTest, testException = [null], mergedContextConfiguration = [WebMergedContextConfiguration@3fcdcf testClass = CustomerServiceTest, locations = '{}', classes = '{class Unknown.PreScent.PreScentApplication}', contextInitializerClasses = '[]', activeProfiles = '{}', propertySourceLocations = '{}', propertySourceProperties = '{org.springframework.boot.test.context.SpringBootTestContextBootstrapper=true}', contextCustomizers = set[org.springframework.boot.test.autoconfigure.actuate.metrics.MetricsExportContextCustomizerFactory$DisableMetricExportContextCustomizer@285c08c8, org.springframework.boot.test.autoconfigure.properties.PropertyMappingContextCustomizer@0, org.springframework.boot.test.autoconfigure.web.servlet.WebDriverContextCustomizerFactory$Customizer@5b7ea70d, org.springframework.boot.test.context.filter.ExcludeFilterContextCustomizer@4f2c9ba6, org.springframework.boot.test.json.DuplicateJsonObjectContextCustomizerFactory$DuplicateJsonObjectContextCustomizer@4c37b5b, org.springframework.boot.test.mock.mockito.MockitoContextCustomizer@0, org.springframework.boot.test.web.client.TestRestTemplateContextCustomizer@4baf352a, org.springframework.boot.test.context.SpringBootTestArgs@1, org.springframework.boot.test.context.SpringBootTestWebEnvironment@1c39680d], resourceBasePath = 'src/main/webapp', contextLoader = 'org.springframework.boot.test.context.SpringBootContextLoader', parent = [null]], attributes = map['org.springframework.test.context.web.ServletTestExecutionListener.activateListener' -> true, 'org.springframework.test.context.web.ServletTestExecutionListener.populatedRequestContextHolder' -> true, 'org.springframework.test.context.web.ServletTestExecutionListener.resetRequestContextHolder' -> true, 'org.springframework.test.context.event.ApplicationEventsTestExecutionListener.recordApplicationEvents' -> false]]
2023-11-15 16:16:54.647  INFO 4784 --- [    Test worker] o.s.t.c.transaction.TransactionContext   : Began transaction (1) for test context [DefaultTestContext@7ee55e70 testClass = CustomerServiceTest, testInstance = Unknown.PreScent.service.CustomerServiceTest@445d4517, testMethod = loginFailureWrongPasswordTest@CustomerServiceTest, testException = [null], mergedContextConfiguration = [WebMergedContextConfiguration@3fcdcf testClass = CustomerServiceTest, locations = '{}', classes = '{class Unknown.PreScent.PreScentApplication}', contextInitializerClasses = '[]', activeProfiles = '{}', propertySourceLocations = '{}', propertySourceProperties = '{org.springframework.boot.test.context.SpringBootTestContextBootstrapper=true}', contextCustomizers = set[org.springframework.boot.test.autoconfigure.actuate.metrics.MetricsExportContextCustomizerFactory$DisableMetricExportContextCustomizer@285c08c8, org.springframework.boot.test.autoconfigure.properties.PropertyMappingContextCustomizer@0, org.springframework.boot.test.autoconfigure.web.servlet.WebDriverContextCustomizerFactory$Customizer@5b7ea70d, org.springframework.boot.test.context.filter.ExcludeFilterContextCustomizer@4f2c9ba6, org.springframework.boot.test.json.DuplicateJsonObjectContextCustomizerFactory$DuplicateJsonObjectContextCustomizer@4c37b5b, org.springframework.boot.test.mock.mockito.MockitoContextCustomizer@0, org.springframework.boot.test.web.client.TestRestTemplateContextCustomizer@4baf352a, org.springframework.boot.test.context.SpringBootTestArgs@1, org.springframework.boot.test.context.SpringBootTestWebEnvironment@1c39680d], resourceBasePath = 'src/main/webapp', contextLoader = 'org.springframework.boot.test.context.SpringBootContextLoader', parent = [null]], attributes = map['org.springframework.test.context.web.ServletTestExecutionListener.activateListener' -> true, 'org.springframework.test.context.web.ServletTestExecutionListener.populatedRequestContextHolder' -> true, 'org.springframework.test.context.web.ServletTestExecutionListener.resetRequestContextHolder' -> true, 'org.springframework.test.context.event.ApplicationEventsTestExecutionListener.recordApplicationEvents' -> false]]; transaction manager [org.springframework.orm.jpa.JpaTransactionManager@55e02661]; rollback [true]
2023-11-15 16:16:54.651 DEBUG 4784 --- [    Test worker] org.hibernate.SQL                        : 
    delete 
    from
        customer
Hibernate: 
    delete 
    from
        customer
2023-11-15 16:16:54.658 DEBUG 4784 --- [    Test worker] org.hibernate.SQL                        : 
    select
        customeren0_.customer_key as customer1_2_,
        customeren0_.cart_id as cart_id7_2_,
        customeren0_.customer_id_email as customer2_2_,
        customeren0_.customer_location as customer3_2_,
        customeren0_.customer_name as customer4_2_,
        customeren0_.customer_password as customer5_2_,
        customeren0_.customer_phonenum as customer6_2_ 
    from
        customer customeren0_ 
    where
        customeren0_.customer_id_email=?
Hibernate: 
    select
        customeren0_.customer_key as customer1_2_,
        customeren0_.cart_id as cart_id7_2_,
        customeren0_.customer_id_email as customer2_2_,
        customeren0_.customer_location as customer3_2_,
        customeren0_.customer_name as customer4_2_,
        customeren0_.customer_password as customer5_2_,
        customeren0_.customer_phonenum as customer6_2_ 
    from
        customer customeren0_ 
    where
        customeren0_.customer_id_email=?
2023-11-15 16:16:54.660 TRACE 4784 --- [    Test worker] o.h.type.descriptor.sql.BasicBinder      : binding parameter [1] as [VARCHAR] - [ajou.gmail.com]
2023-11-15 16:16:54.767 DEBUG 4784 --- [    Test worker] org.hibernate.SQL                        : 
    insert 
    into
        customer
        (cart_id, customer_id_email, customer_location, customer_name, customer_password, customer_phonenum) 
    values
        (?, ?, ?, ?, ?, ?)
Hibernate: 
    insert 
    into
        customer
        (cart_id, customer_id_email, customer_location, customer_name, customer_password, customer_phonenum) 
    values
        (?, ?, ?, ?, ?, ?)
2023-11-15 16:16:54.784 TRACE 4784 --- [    Test worker] o.h.type.descriptor.sql.BasicBinder      : binding parameter [1] as [INTEGER] - [null]
2023-11-15 16:16:54.785 TRACE 4784 --- [    Test worker] o.h.type.descriptor.sql.BasicBinder      : binding parameter [2] as [VARCHAR] - [ajou.gmail.com]
2023-11-15 16:16:54.786 TRACE 4784 --- [    Test worker] o.h.type.descriptor.sql.BasicBinder      : binding parameter [3] as [VARCHAR] - [null]
2023-11-15 16:16:54.786 TRACE 4784 --- [    Test worker] o.h.type.descriptor.sql.BasicBinder      : binding parameter [4] as [VARCHAR] - [suhyeon]
2023-11-15 16:16:54.786 TRACE 4784 --- [    Test worker] o.h.type.descriptor.sql.BasicBinder      : binding parameter [5] as [VARCHAR] - [$2a$10$m/YDmMfq7OWam1rdaP.n/.g5ikx4K3PcwjYmdy6.n3idAl5L1JWUq]
2023-11-15 16:16:54.786 TRACE 4784 --- [    Test worker] o.h.type.descriptor.sql.BasicBinder      : binding parameter [6] as [VARCHAR] - [010-1111-2222]
2023-11-15 16:16:54.804 DEBUG 4784 --- [    Test worker] org.hibernate.SQL                        : 
    select
        customeren0_.customer_key as customer1_2_,
        customeren0_.cart_id as cart_id7_2_,
        customeren0_.customer_id_email as customer2_2_,
        customeren0_.customer_location as customer3_2_,
        customeren0_.customer_name as customer4_2_,
        customeren0_.customer_password as customer5_2_,
        customeren0_.customer_phonenum as customer6_2_ 
    from
        customer customeren0_ 
    where
        customeren0_.customer_id_email=?
Hibernate: 
    select
        customeren0_.customer_key as customer1_2_,
        customeren0_.cart_id as cart_id7_2_,
        customeren0_.customer_id_email as customer2_2_,
        customeren0_.customer_location as customer3_2_,
        customeren0_.customer_name as customer4_2_,
        customeren0_.customer_password as customer5_2_,
        customeren0_.customer_phonenum as customer6_2_ 
    from
        customer customeren0_ 
    where
        customeren0_.customer_id_email=?
2023-11-15 16:16:54.806 TRACE 4784 --- [    Test worker] o.h.type.descriptor.sql.BasicBinder      : binding parameter [1] as [VARCHAR] - [ajou.gmail.com]
2023-11-15 16:16:54.928  INFO 4784 --- [    Test worker] o.s.t.c.transaction.TransactionContext   : Rolled back transaction for test: [DefaultTestContext@7ee55e70 testClass = CustomerServiceTest, testInstance = Unknown.PreScent.service.CustomerServiceTest@445d4517, testMethod = loginFailureWrongPasswordTest@CustomerServiceTest, testException = [null], mergedContextConfiguration = [WebMergedContextConfiguration@3fcdcf testClass = CustomerServiceTest, locations = '{}', classes = '{class Unknown.PreScent.PreScentApplication}', contextInitializerClasses = '[]', activeProfiles = '{}', propertySourceLocations = '{}', propertySourceProperties = '{org.springframework.boot.test.context.SpringBootTestContextBootstrapper=true}', contextCustomizers = set[org.springframework.boot.test.autoconfigure.actuate.metrics.MetricsExportContextCustomizerFactory$DisableMetricExportContextCustomizer@285c08c8, org.springframework.boot.test.autoconfigure.properties.PropertyMappingContextCustomizer@0, org.springframework.boot.test.autoconfigure.web.servlet.WebDriverContextCustomizerFactory$Customizer@5b7ea70d, org.springframework.boot.test.context.filter.ExcludeFilterContextCustomizer@4f2c9ba6, org.springframework.boot.test.json.DuplicateJsonObjectContextCustomizerFactory$DuplicateJsonObjectContextCustomizer@4c37b5b, org.springframework.boot.test.mock.mockito.MockitoContextCustomizer@0, org.springframework.boot.test.web.client.TestRestTemplateContextCustomizer@4baf352a, org.springframework.boot.test.context.SpringBootTestArgs@1, org.springframework.boot.test.context.SpringBootTestWebEnvironment@1c39680d], resourceBasePath = 'src/main/webapp', contextLoader = 'org.springframework.boot.test.context.SpringBootContextLoader', parent = [null]], attributes = map['org.springframework.test.context.web.ServletTestExecutionListener.activateListener' -> true, 'org.springframework.test.context.web.ServletTestExecutionListener.populatedRequestContextHolder' -> true, 'org.springframework.test.context.web.ServletTestExecutionListener.resetRequestContextHolder' -> true, 'org.springframework.test.context.event.ApplicationEventsTestExecutionListener.recordApplicationEvents' -> false]]
2023-11-15 16:16:54.937  INFO 4784 --- [    Test worker] o.s.t.c.transaction.TransactionContext   : Began transaction (1) for test context [DefaultTestContext@7ee55e70 testClass = CustomerServiceTest, testInstance = Unknown.PreScent.service.CustomerServiceTest@27f43664, testMethod = loginSuccessTest@CustomerServiceTest, testException = [null], mergedContextConfiguration = [WebMergedContextConfiguration@3fcdcf testClass = CustomerServiceTest, locations = '{}', classes = '{class Unknown.PreScent.PreScentApplication}', contextInitializerClasses = '[]', activeProfiles = '{}', propertySourceLocations = '{}', propertySourceProperties = '{org.springframework.boot.test.context.SpringBootTestContextBootstrapper=true}', contextCustomizers = set[org.springframework.boot.test.autoconfigure.actuate.metrics.MetricsExportContextCustomizerFactory$DisableMetricExportContextCustomizer@285c08c8, org.springframework.boot.test.autoconfigure.properties.PropertyMappingContextCustomizer@0, org.springframework.boot.test.autoconfigure.web.servlet.WebDriverContextCustomizerFactory$Customizer@5b7ea70d, org.springframework.boot.test.context.filter.ExcludeFilterContextCustomizer@4f2c9ba6, org.springframework.boot.test.json.DuplicateJsonObjectContextCustomizerFactory$DuplicateJsonObjectContextCustomizer@4c37b5b, org.springframework.boot.test.mock.mockito.MockitoContextCustomizer@0, org.springframework.boot.test.web.client.TestRestTemplateContextCustomizer@4baf352a, org.springframework.boot.test.context.SpringBootTestArgs@1, org.springframework.boot.test.context.SpringBootTestWebEnvironment@1c39680d], resourceBasePath = 'src/main/webapp', contextLoader = 'org.springframework.boot.test.context.SpringBootContextLoader', parent = [null]], attributes = map['org.springframework.test.context.web.ServletTestExecutionListener.activateListener' -> true, 'org.springframework.test.context.web.ServletTestExecutionListener.populatedRequestContextHolder' -> true, 'org.springframework.test.context.web.ServletTestExecutionListener.resetRequestContextHolder' -> true, 'org.springframework.test.context.event.ApplicationEventsTestExecutionListener.recordApplicationEvents' -> false]]; transaction manager [org.springframework.orm.jpa.JpaTransactionManager@55e02661]; rollback [true]
2023-11-15 16:16:54.939 DEBUG 4784 --- [    Test worker] org.hibernate.SQL                        : 
    delete 
    from
        customer
Hibernate: 
    delete 
    from
        customer
2023-11-15 16:16:55.075 DEBUG 4784 --- [    Test worker] org.hibernate.SQL                        : 
    select
        customeren0_.customer_key as customer1_2_,
        customeren0_.cart_id as cart_id7_2_,
        customeren0_.customer_id_email as customer2_2_,
        customeren0_.customer_location as customer3_2_,
        customeren0_.customer_name as customer4_2_,
        customeren0_.customer_password as customer5_2_,
        customeren0_.customer_phonenum as customer6_2_ 
    from
        customer customeren0_ 
    where
        customeren0_.customer_id_email=?
Hibernate: 
    select
        customeren0_.customer_key as customer1_2_,
        customeren0_.cart_id as cart_id7_2_,
        customeren0_.customer_id_email as customer2_2_,
        customeren0_.customer_location as customer3_2_,
        customeren0_.customer_name as customer4_2_,
        customeren0_.customer_password as customer5_2_,
        customeren0_.customer_phonenum as customer6_2_ 
    from
        customer customeren0_ 
    where
        customeren0_.customer_id_email=?
2023-11-15 16:16:55.083 TRACE 4784 --- [    Test worker] o.h.type.descriptor.sql.BasicBinder      : binding parameter [1] as [VARCHAR] - [ajou.gmail.com]
2023-11-15 16:16:55.187 DEBUG 4784 --- [    Test worker] org.hibernate.SQL                        : 
    insert 
    into
        customer
        (cart_id, customer_id_email, customer_location, customer_name, customer_password, customer_phonenum) 
    values
        (?, ?, ?, ?, ?, ?)
Hibernate: 
    insert 
    into
        customer
        (cart_id, customer_id_email, customer_location, customer_name, customer_password, customer_phonenum) 
    values
        (?, ?, ?, ?, ?, ?)
2023-11-15 16:16:55.191 TRACE 4784 --- [    Test worker] o.h.type.descriptor.sql.BasicBinder      : binding parameter [1] as [INTEGER] - [null]
2023-11-15 16:16:55.192 TRACE 4784 --- [    Test worker] o.h.type.descriptor.sql.BasicBinder      : binding parameter [2] as [VARCHAR] - [ajou.gmail.com]
2023-11-15 16:16:55.193 TRACE 4784 --- [    Test worker] o.h.type.descriptor.sql.BasicBinder      : binding parameter [3] as [VARCHAR] - [null]
2023-11-15 16:16:55.194 TRACE 4784 --- [    Test worker] o.h.type.descriptor.sql.BasicBinder      : binding parameter [4] as [VARCHAR] - [suhyeon]
2023-11-15 16:16:55.194 TRACE 4784 --- [    Test worker] o.h.type.descriptor.sql.BasicBinder      : binding parameter [5] as [VARCHAR] - [$2a$10$.//bW0Kunm3DtE5oge0rouZ7LZ7jKcybIFb395c.YpwDVWyQXLfYq]
2023-11-15 16:16:55.195 TRACE 4784 --- [    Test worker] o.h.type.descriptor.sql.BasicBinder      : binding parameter [6] as [VARCHAR] - [010-1111-2222]
2023-11-15 16:16:55.204 DEBUG 4784 --- [    Test worker] org.hibernate.SQL                        : 
    select
        customeren0_.customer_key as customer1_2_,
        customeren0_.cart_id as cart_id7_2_,
        customeren0_.customer_id_email as customer2_2_,
        customeren0_.customer_location as customer3_2_,
        customeren0_.customer_name as customer4_2_,
        customeren0_.customer_password as customer5_2_,
        customeren0_.customer_phonenum as customer6_2_ 
    from
        customer customeren0_ 
    where
        customeren0_.customer_id_email=?
Hibernate: 
    select
        customeren0_.customer_key as customer1_2_,
        customeren0_.cart_id as cart_id7_2_,
        customeren0_.customer_id_email as customer2_2_,
        customeren0_.customer_location as customer3_2_,
        customeren0_.customer_name as customer4_2_,
        customeren0_.customer_password as customer5_2_,
        customeren0_.customer_phonenum as customer6_2_ 
    from
        customer customeren0_ 
    where
        customeren0_.customer_id_email=?
2023-11-15 16:16:55.205 TRACE 4784 --- [    Test worker] o.h.type.descriptor.sql.BasicBinder      : binding parameter [1] as [VARCHAR] - [ajou.gmail.com]
2023-11-15 16:16:55.319  INFO 4784 --- [    Test worker] o.s.t.c.transaction.TransactionContext   : Rolled back transaction for test: [DefaultTestContext@7ee55e70 testClass = CustomerServiceTest, testInstance = Unknown.PreScent.service.CustomerServiceTest@27f43664, testMethod = loginSuccessTest@CustomerServiceTest, testException = [null], mergedContextConfiguration = [WebMergedContextConfiguration@3fcdcf testClass = CustomerServiceTest, locations = '{}', classes = '{class Unknown.PreScent.PreScentApplication}', contextInitializerClasses = '[]', activeProfiles = '{}', propertySourceLocations = '{}', propertySourceProperties = '{org.springframework.boot.test.context.SpringBootTestContextBootstrapper=true}', contextCustomizers = set[org.springframework.boot.test.autoconfigure.actuate.metrics.MetricsExportContextCustomizerFactory$DisableMetricExportContextCustomizer@285c08c8, org.springframework.boot.test.autoconfigure.properties.PropertyMappingContextCustomizer@0, org.springframework.boot.test.autoconfigure.web.servlet.WebDriverContextCustomizerFactory$Customizer@5b7ea70d, org.springframework.boot.test.context.filter.ExcludeFilterContextCustomizer@4f2c9ba6, org.springframework.boot.test.json.DuplicateJsonObjectContextCustomizerFactory$DuplicateJsonObjectContextCustomizer@4c37b5b, org.springframework.boot.test.mock.mockito.MockitoContextCustomizer@0, org.springframework.boot.test.web.client.TestRestTemplateContextCustomizer@4baf352a, org.springframework.boot.test.context.SpringBootTestArgs@1, org.springframework.boot.test.context.SpringBootTestWebEnvironment@1c39680d], resourceBasePath = 'src/main/webapp', contextLoader = 'org.springframework.boot.test.context.SpringBootContextLoader', parent = [null]], attributes = map['org.springframework.test.context.web.ServletTestExecutionListener.activateListener' -> true, 'org.springframework.test.context.web.ServletTestExecutionListener.populatedRequestContextHolder' -> true, 'org.springframework.test.context.web.ServletTestExecutionListener.resetRequestContextHolder' -> true, 'org.springframework.test.context.event.ApplicationEventsTestExecutionListener.recordApplicationEvents' -> false]]
2023-11-15 16:16:55.328  INFO 4784 --- [    Test worker] o.s.t.c.transaction.TransactionContext   : Began transaction (1) for test context [DefaultTestContext@7ee55e70 testClass = CustomerServiceTest, testInstance = Unknown.PreScent.service.CustomerServiceTest@5ace902e, testMethod = saveDuplicateCustomerTest@CustomerServiceTest, testException = [null], mergedContextConfiguration = [WebMergedContextConfiguration@3fcdcf testClass = CustomerServiceTest, locations = '{}', classes = '{class Unknown.PreScent.PreScentApplication}', contextInitializerClasses = '[]', activeProfiles = '{}', propertySourceLocations = '{}', propertySourceProperties = '{org.springframework.boot.test.context.SpringBootTestContextBootstrapper=true}', contextCustomizers = set[org.springframework.boot.test.autoconfigure.actuate.metrics.MetricsExportContextCustomizerFactory$DisableMetricExportContextCustomizer@285c08c8, org.springframework.boot.test.autoconfigure.properties.PropertyMappingContextCustomizer@0, org.springframework.boot.test.autoconfigure.web.servlet.WebDriverContextCustomizerFactory$Customizer@5b7ea70d, org.springframework.boot.test.context.filter.ExcludeFilterContextCustomizer@4f2c9ba6, org.springframework.boot.test.json.DuplicateJsonObjectContextCustomizerFactory$DuplicateJsonObjectContextCustomizer@4c37b5b, org.springframework.boot.test.mock.mockito.MockitoContextCustomizer@0, org.springframework.boot.test.web.client.TestRestTemplateContextCustomizer@4baf352a, org.springframework.boot.test.context.SpringBootTestArgs@1, org.springframework.boot.test.context.SpringBootTestWebEnvironment@1c39680d], resourceBasePath = 'src/main/webapp', contextLoader = 'org.springframework.boot.test.context.SpringBootContextLoader', parent = [null]], attributes = map['org.springframework.test.context.web.ServletTestExecutionListener.activateListener' -> true, 'org.springframework.test.context.web.ServletTestExecutionListener.populatedRequestContextHolder' -> true, 'org.springframework.test.context.web.ServletTestExecutionListener.resetRequestContextHolder' -> true, 'org.springframework.test.context.event.ApplicationEventsTestExecutionListener.recordApplicationEvents' -> false]]; transaction manager [org.springframework.orm.jpa.JpaTransactionManager@55e02661]; rollback [true]
2023-11-15 16:16:55.330 DEBUG 4784 --- [    Test worker] org.hibernate.SQL                        : 
    delete 
    from
        customer
Hibernate: 
    delete 
    from
        customer
2023-11-15 16:16:55.338 DEBUG 4784 --- [    Test worker] org.hibernate.SQL                        : 
    select
        customeren0_.customer_key as customer1_2_,
        customeren0_.cart_id as cart_id7_2_,
        customeren0_.customer_id_email as customer2_2_,
        customeren0_.customer_location as customer3_2_,
        customeren0_.customer_name as customer4_2_,
        customeren0_.customer_password as customer5_2_,
        customeren0_.customer_phonenum as customer6_2_ 
    from
        customer customeren0_ 
    where
        customeren0_.customer_id_email=?
Hibernate: 
    select
        customeren0_.customer_key as customer1_2_,
        customeren0_.cart_id as cart_id7_2_,
        customeren0_.customer_id_email as customer2_2_,
        customeren0_.customer_location as customer3_2_,
        customeren0_.customer_name as customer4_2_,
        customeren0_.customer_password as customer5_2_,
        customeren0_.customer_phonenum as customer6_2_ 
    from
        customer customeren0_ 
    where
        customeren0_.customer_id_email=?
2023-11-15 16:16:55.339 TRACE 4784 --- [    Test worker] o.h.type.descriptor.sql.BasicBinder      : binding parameter [1] as [VARCHAR] - [ajou.gmail.com]
2023-11-15 16:16:55.346 DEBUG 4784 --- [    Test worker] org.hibernate.SQL                        : 
    insert 
    into
        customer
        (cart_id, customer_id_email, customer_location, customer_name, customer_password, customer_phonenum) 
    values
        (?, ?, ?, ?, ?, ?)
Hibernate: 
    insert 
    into
        customer
        (cart_id, customer_id_email, customer_location, customer_name, customer_password, customer_phonenum) 
    values
        (?, ?, ?, ?, ?, ?)
2023-11-15 16:16:55.348 TRACE 4784 --- [    Test worker] o.h.type.descriptor.sql.BasicBinder      : binding parameter [1] as [INTEGER] - [null]
2023-11-15 16:16:55.349 TRACE 4784 --- [    Test worker] o.h.type.descriptor.sql.BasicBinder      : binding parameter [2] as [VARCHAR] - [ajou.gmail.com]
2023-11-15 16:16:55.349 TRACE 4784 --- [    Test worker] o.h.type.descriptor.sql.BasicBinder      : binding parameter [3] as [VARCHAR] - [null]
2023-11-15 16:16:55.349 TRACE 4784 --- [    Test worker] o.h.type.descriptor.sql.BasicBinder      : binding parameter [4] as [VARCHAR] - [suhyeon]
2023-11-15 16:16:55.349 TRACE 4784 --- [    Test worker] o.h.type.descriptor.sql.BasicBinder      : binding parameter [5] as [VARCHAR] - [04prescent]
2023-11-15 16:16:55.349 TRACE 4784 --- [    Test worker] o.h.type.descriptor.sql.BasicBinder      : binding parameter [6] as [VARCHAR] - [010-1111-2222]
2023-11-15 16:16:55.358 DEBUG 4784 --- [    Test worker] org.hibernate.SQL                        : 
    select
        customeren0_.customer_key as customer1_2_,
        customeren0_.cart_id as cart_id7_2_,
        customeren0_.customer_id_email as customer2_2_,
        customeren0_.customer_location as customer3_2_,
        customeren0_.customer_name as customer4_2_,
        customeren0_.customer_password as customer5_2_,
        customeren0_.customer_phonenum as customer6_2_ 
    from
        customer customeren0_ 
    where
        customeren0_.customer_id_email=?
Hibernate: 
    select
        customeren0_.customer_key as customer1_2_,
        customeren0_.cart_id as cart_id7_2_,
        customeren0_.customer_id_email as customer2_2_,
        customeren0_.customer_location as customer3_2_,
        customeren0_.customer_name as customer4_2_,
        customeren0_.customer_password as customer5_2_,
        customeren0_.customer_phonenum as customer6_2_ 
    from
        customer customeren0_ 
    where
        customeren0_.customer_id_email=?
2023-11-15 16:16:55.359 TRACE 4784 --- [    Test worker] o.h.type.descriptor.sql.BasicBinder      : binding parameter [1] as [VARCHAR] - [ajou.gmail.com]
2023-11-15 16:16:55.378  INFO 4784 --- [    Test worker] o.s.t.c.transaction.TransactionContext   : Rolled back transaction for test: [DefaultTestContext@7ee55e70 testClass = CustomerServiceTest, testInstance = Unknown.PreScent.service.CustomerServiceTest@5ace902e, testMethod = saveDuplicateCustomerTest@CustomerServiceTest, testException = [null], mergedContextConfiguration = [WebMergedContextConfiguration@3fcdcf testClass = CustomerServiceTest, locations = '{}', classes = '{class Unknown.PreScent.PreScentApplication}', contextInitializerClasses = '[]', activeProfiles = '{}', propertySourceLocations = '{}', propertySourceProperties = '{org.springframework.boot.test.context.SpringBootTestContextBootstrapper=true}', contextCustomizers = set[org.springframework.boot.test.autoconfigure.actuate.metrics.MetricsExportContextCustomizerFactory$DisableMetricExportContextCustomizer@285c08c8, org.springframework.boot.test.autoconfigure.properties.PropertyMappingContextCustomizer@0, org.springframework.boot.test.autoconfigure.web.servlet.WebDriverContextCustomizerFactory$Customizer@5b7ea70d, org.springframework.boot.test.context.filter.ExcludeFilterContextCustomizer@4f2c9ba6, org.springframework.boot.test.json.DuplicateJsonObjectContextCustomizerFactory$DuplicateJsonObjectContextCustomizer@4c37b5b, org.springframework.boot.test.mock.mockito.MockitoContextCustomizer@0, org.springframework.boot.test.web.client.TestRestTemplateContextCustomizer@4baf352a, org.springframework.boot.test.context.SpringBootTestArgs@1, org.springframework.boot.test.context.SpringBootTestWebEnvironment@1c39680d], resourceBasePath = 'src/main/webapp', contextLoader = 'org.springframework.boot.test.context.SpringBootContextLoader', parent = [null]], attributes = map['org.springframework.test.context.web.ServletTestExecutionListener.activateListener' -> true, 'org.springframework.test.context.web.ServletTestExecutionListener.populatedRequestContextHolder' -> true, 'org.springframework.test.context.web.ServletTestExecutionListener.resetRequestContextHolder' -> true, 'org.springframework.test.context.event.ApplicationEventsTestExecutionListener.recordApplicationEvents' -> false]]
2023-11-15 16:16:55.388  INFO 4784 --- [    Test worker] o.s.t.c.transaction.TransactionContext   : Began transaction (1) for test context [DefaultTestContext@7ee55e70 testClass = CustomerServiceTest, testInstance = Unknown.PreScent.service.CustomerServiceTest@4e7e7763, testMethod = loginFailureWrongIdTest@CustomerServiceTest, testException = [null], mergedContextConfiguration = [WebMergedContextConfiguration@3fcdcf testClass = CustomerServiceTest, locations = '{}', classes = '{class Unknown.PreScent.PreScentApplication}', contextInitializerClasses = '[]', activeProfiles = '{}', propertySourceLocations = '{}', propertySourceProperties = '{org.springframework.boot.test.context.SpringBootTestContextBootstrapper=true}', contextCustomizers = set[org.springframework.boot.test.autoconfigure.actuate.metrics.MetricsExportContextCustomizerFactory$DisableMetricExportContextCustomizer@285c08c8, org.springframework.boot.test.autoconfigure.properties.PropertyMappingContextCustomizer@0, org.springframework.boot.test.autoconfigure.web.servlet.WebDriverContextCustomizerFactory$Customizer@5b7ea70d, org.springframework.boot.test.context.filter.ExcludeFilterContextCustomizer@4f2c9ba6, org.springframework.boot.test.json.DuplicateJsonObjectContextCustomizerFactory$DuplicateJsonObjectContextCustomizer@4c37b5b, org.springframework.boot.test.mock.mockito.MockitoContextCustomizer@0, org.springframework.boot.test.web.client.TestRestTemplateContextCustomizer@4baf352a, org.springframework.boot.test.context.SpringBootTestArgs@1, org.springframework.boot.test.context.SpringBootTestWebEnvironment@1c39680d], resourceBasePath = 'src/main/webapp', contextLoader = 'org.springframework.boot.test.context.SpringBootContextLoader', parent = [null]], attributes = map['org.springframework.test.context.web.ServletTestExecutionListener.activateListener' -> true, 'org.springframework.test.context.web.ServletTestExecutionListener.populatedRequestContextHolder' -> true, 'org.springframework.test.context.web.ServletTestExecutionListener.resetRequestContextHolder' -> true, 'org.springframework.test.context.event.ApplicationEventsTestExecutionListener.recordApplicationEvents' -> false]]; transaction manager [org.springframework.orm.jpa.JpaTransactionManager@55e02661]; rollback [true]
2023-11-15 16:16:55.390 DEBUG 4784 --- [    Test worker] org.hibernate.SQL                        : 
    delete 
    from
        customer
Hibernate: 
    delete 
    from
        customer
2023-11-15 16:16:55.395 DEBUG 4784 --- [    Test worker] org.hibernate.SQL                        : 
    select
        customeren0_.customer_key as customer1_2_,
        customeren0_.cart_id as cart_id7_2_,
        customeren0_.customer_id_email as customer2_2_,
        customeren0_.customer_location as customer3_2_,
        customeren0_.customer_name as customer4_2_,
        customeren0_.customer_password as customer5_2_,
        customeren0_.customer_phonenum as customer6_2_ 
    from
        customer customeren0_ 
    where
        customeren0_.customer_id_email=?
Hibernate: 
    select
        customeren0_.customer_key as customer1_2_,
        customeren0_.cart_id as cart_id7_2_,
        customeren0_.customer_id_email as customer2_2_,
        customeren0_.customer_location as customer3_2_,
        customeren0_.customer_name as customer4_2_,
        customeren0_.customer_password as customer5_2_,
        customeren0_.customer_phonenum as customer6_2_ 
    from
        customer customeren0_ 
    where
        customeren0_.customer_id_email=?
2023-11-15 16:16:55.397 TRACE 4784 --- [    Test worker] o.h.type.descriptor.sql.BasicBinder      : binding parameter [1] as [VARCHAR] - [ajou.gmail.com]
2023-11-15 16:16:55.498 DEBUG 4784 --- [    Test worker] org.hibernate.SQL                        : 
    insert 
    into
        customer
        (cart_id, customer_id_email, customer_location, customer_name, customer_password, customer_phonenum) 
    values
        (?, ?, ?, ?, ?, ?)
Hibernate: 
    insert 
    into
        customer
        (cart_id, customer_id_email, customer_location, customer_name, customer_password, customer_phonenum) 
    values
        (?, ?, ?, ?, ?, ?)
2023-11-15 16:16:55.499 TRACE 4784 --- [    Test worker] o.h.type.descriptor.sql.BasicBinder      : binding parameter [1] as [INTEGER] - [null]
2023-11-15 16:16:55.500 TRACE 4784 --- [    Test worker] o.h.type.descriptor.sql.BasicBinder      : binding parameter [2] as [VARCHAR] - [ajou.gmail.com]
2023-11-15 16:16:55.500 TRACE 4784 --- [    Test worker] o.h.type.descriptor.sql.BasicBinder      : binding parameter [3] as [VARCHAR] - [null]
2023-11-15 16:16:55.500 TRACE 4784 --- [    Test worker] o.h.type.descriptor.sql.BasicBinder      : binding parameter [4] as [VARCHAR] - [suhyeon]
2023-11-15 16:16:55.500 TRACE 4784 --- [    Test worker] o.h.type.descriptor.sql.BasicBinder      : binding parameter [5] as [VARCHAR] - [$2a$10$QBKhAlHxSTMh1wLSsxWmxOGvu7JhlxCrHqIikEcoUQvUrmNPkdx92]
2023-11-15 16:16:55.501 TRACE 4784 --- [    Test worker] o.h.type.descriptor.sql.BasicBinder      : binding parameter [6] as [VARCHAR] - [010-1111-2222]
2023-11-15 16:16:55.510 DEBUG 4784 --- [    Test worker] org.hibernate.SQL                        : 
    select
        customeren0_.customer_key as customer1_2_,
        customeren0_.cart_id as cart_id7_2_,
        customeren0_.customer_id_email as customer2_2_,
        customeren0_.customer_location as customer3_2_,
        customeren0_.customer_name as customer4_2_,
        customeren0_.customer_password as customer5_2_,
        customeren0_.customer_phonenum as customer6_2_ 
    from
        customer customeren0_ 
    where
        customeren0_.customer_id_email=?
Hibernate: 
    select
        customeren0_.customer_key as customer1_2_,
        customeren0_.cart_id as cart_id7_2_,
        customeren0_.customer_id_email as customer2_2_,
        customeren0_.customer_location as customer3_2_,
        customeren0_.customer_name as customer4_2_,
        customeren0_.customer_password as customer5_2_,
        customeren0_.customer_phonenum as customer6_2_ 
    from
        customer customeren0_ 
    where
        customeren0_.customer_id_email=?
2023-11-15 16:16:55.511 TRACE 4784 --- [    Test worker] o.h.type.descriptor.sql.BasicBinder      : binding parameter [1] as [VARCHAR] - [wrongId]
2023-11-15 16:16:55.529  INFO 4784 --- [    Test worker] o.s.t.c.transaction.TransactionContext   : Rolled back transaction for test: [DefaultTestContext@7ee55e70 testClass = CustomerServiceTest, testInstance = Unknown.PreScent.service.CustomerServiceTest@4e7e7763, testMethod = loginFailureWrongIdTest@CustomerServiceTest, testException = [null], mergedContextConfiguration = [WebMergedContextConfiguration@3fcdcf testClass = CustomerServiceTest, locations = '{}', classes = '{class Unknown.PreScent.PreScentApplication}', contextInitializerClasses = '[]', activeProfiles = '{}', propertySourceLocations = '{}', propertySourceProperties = '{org.springframework.boot.test.context.SpringBootTestContextBootstrapper=true}', contextCustomizers = set[org.springframework.boot.test.autoconfigure.actuate.metrics.MetricsExportContextCustomizerFactory$DisableMetricExportContextCustomizer@285c08c8, org.springframework.boot.test.autoconfigure.properties.PropertyMappingContextCustomizer@0, org.springframework.boot.test.autoconfigure.web.servlet.WebDriverContextCustomizerFactory$Customizer@5b7ea70d, org.springframework.boot.test.context.filter.ExcludeFilterContextCustomizer@4f2c9ba6, org.springframework.boot.test.json.DuplicateJsonObjectContextCustomizerFactory$DuplicateJsonObjectContextCustomizer@4c37b5b, org.springframework.boot.test.mock.mockito.MockitoContextCustomizer@0, org.springframework.boot.test.web.client.TestRestTemplateContextCustomizer@4baf352a, org.springframework.boot.test.context.SpringBootTestArgs@1, org.springframework.boot.test.context.SpringBootTestWebEnvironment@1c39680d], resourceBasePath = 'src/main/webapp', contextLoader = 'org.springframework.boot.test.context.SpringBootContextLoader', parent = [null]], attributes = map['org.springframework.test.context.web.ServletTestExecutionListener.activateListener' -> true, 'org.springframework.test.context.web.ServletTestExecutionListener.populatedRequestContextHolder' -> true, 'org.springframework.test.context.web.ServletTestExecutionListener.resetRequestContextHolder' -> true, 'org.springframework.test.context.event.ApplicationEventsTestExecutionListener.recordApplicationEvents' -> false]]
]]></system-out>
  <system-err><![CDATA[]]></system-err>
</testsuite>
