<?xml version="1.0" encoding="UTF-8"?>
<testsuite name="Unknown.PreScent.service.FlowerShopEntityServiceTest" tests="2" skipped="0" failures="0" errors="0" timestamp="2023-11-18T11:31:51" hostname="SWSEO_LT" time="1.299">
  <properties/>
  <testcase name="매장 등록, 쿼리 테스트" classname="Unknown.PreScent.service.FlowerShopEntityServiceTest" time="0.735"/>
  <testcase name="Sellerkey같은 매장 생성 테스트" classname="Unknown.PreScent.service.FlowerShopEntityServiceTest" time="0.562"/>
  <system-out><![CDATA[2023-11-18 20:31:51.666  INFO 19784 --- [    Test worker] .b.t.c.SpringBootTestContextBootstrapper : Neither @ContextConfiguration nor @ContextHierarchy found for test class [Unknown.PreScent.service.FlowerShopEntityServiceTest], using SpringBootContextLoader
2023-11-18 20:31:51.671  INFO 19784 --- [    Test worker] o.s.t.c.support.AbstractContextLoader    : Could not detect default resource locations for test class [Unknown.PreScent.service.FlowerShopEntityServiceTest]: no resource found for suffixes {-context.xml, Context.groovy}.
2023-11-18 20:31:51.673  INFO 19784 --- [    Test worker] t.c.s.AnnotationConfigContextLoaderUtils : Could not detect default configuration classes for test class [Unknown.PreScent.service.FlowerShopEntityServiceTest]: FlowerShopEntityServiceTest does not declare any static, non-private, non-final, nested classes annotated with @Configuration.
2023-11-18 20:31:51.684  INFO 19784 --- [    Test worker] .b.t.c.SpringBootTestContextBootstrapper : Found @SpringBootConfiguration Unknown.PreScent.PreScentApplication for test class Unknown.PreScent.service.FlowerShopEntityServiceTest
2023-11-18 20:31:51.691  INFO 19784 --- [    Test worker] .b.t.c.SpringBootTestContextBootstrapper : Loaded default TestExecutionListener class names from location [META-INF/spring.factories]: [org.springframework.security.test.context.support.WithSecurityContextTestExecutionListener, org.springframework.security.test.context.support.ReactorContextTestExecutionListener, org.springframework.boot.test.autoconfigure.restdocs.RestDocsTestExecutionListener, org.springframework.boot.test.autoconfigure.web.client.MockRestServiceServerResetTestExecutionListener, org.springframework.boot.test.autoconfigure.web.servlet.MockMvcPrintOnlyOnFailureTestExecutionListener, org.springframework.boot.test.autoconfigure.web.servlet.WebDriverTestExecutionListener, org.springframework.boot.test.autoconfigure.webservices.client.MockWebServiceServerTestExecutionListener, org.springframework.boot.test.mock.mockito.MockitoTestExecutionListener, org.springframework.boot.test.mock.mockito.ResetMocksTestExecutionListener, org.springframework.test.context.web.ServletTestExecutionListener, org.springframework.test.context.support.DirtiesContextBeforeModesTestExecutionListener, org.springframework.test.context.event.ApplicationEventsTestExecutionListener, org.springframework.test.context.support.DependencyInjectionTestExecutionListener, org.springframework.test.context.support.DirtiesContextTestExecutionListener, org.springframework.test.context.transaction.TransactionalTestExecutionListener, org.springframework.test.context.jdbc.SqlScriptsTestExecutionListener, org.springframework.test.context.event.EventPublishingTestExecutionListener]
2023-11-18 20:31:51.696  INFO 19784 --- [    Test worker] .b.t.c.SpringBootTestContextBootstrapper : Using TestExecutionListeners: [org.springframework.test.context.web.ServletTestExecutionListener@eccaf1b, org.springframework.test.context.support.DirtiesContextBeforeModesTestExecutionListener@3dceec83, org.springframework.test.context.event.ApplicationEventsTestExecutionListener@74b13aa, org.springframework.boot.test.mock.mockito.MockitoTestExecutionListener@31d09031, org.springframework.boot.test.autoconfigure.SpringBootDependencyInjectionTestExecutionListener@5a0f5567, org.springframework.test.context.support.DirtiesContextTestExecutionListener@106f0051, org.springframework.test.context.transaction.TransactionalTestExecutionListener@4fe687b5, org.springframework.test.context.jdbc.SqlScriptsTestExecutionListener@7a02d760, org.springframework.security.test.context.support.WithSecurityContextTestExecutionListener@5a86112a, org.springframework.test.context.event.EventPublishingTestExecutionListener@3203ffa3, org.springframework.security.test.context.support.ReactorContextTestExecutionListener@49231d79, org.springframework.boot.test.autoconfigure.restdocs.RestDocsTestExecutionListener@25f67aea, org.springframework.boot.test.autoconfigure.web.client.MockRestServiceServerResetTestExecutionListener@4f93303f, org.springframework.boot.test.autoconfigure.web.servlet.MockMvcPrintOnlyOnFailureTestExecutionListener@62c02089, org.springframework.boot.test.autoconfigure.web.servlet.WebDriverTestExecutionListener@3359217d, org.springframework.boot.test.autoconfigure.webservices.client.MockWebServiceServerTestExecutionListener@25ee3cd6, org.springframework.boot.test.mock.mockito.ResetMocksTestExecutionListener@732ae29c]
2023-11-18 20:31:51.737 DEBUG 19784 --- [    Test worker] org.hibernate.SQL                        : 
    delete 
    from
        seller
Hibernate: 
    delete 
    from
        seller
2023-11-18 20:31:51.778 DEBUG 19784 --- [    Test worker] org.hibernate.SQL                        : 
    delete 
    from
        flower_shop
Hibernate: 
    delete 
    from
        flower_shop
2023-11-18 20:31:51.860 DEBUG 19784 --- [    Test worker] org.hibernate.SQL                        : 
    select
        sellerenti0_.seller_key as seller_k1_3_,
        sellerenti0_.shop_key as shop_key7_3_,
        sellerenti0_.isgrant as isgrant2_3_,
        sellerenti0_.seller_id_email as seller_i3_3_,
        sellerenti0_.seller_name as seller_n4_3_,
        sellerenti0_.seller_password as seller_p5_3_,
        sellerenti0_.seller_phonenum as seller_p6_3_ 
    from
        seller sellerenti0_ 
    where
        sellerenti0_.seller_key=?
Hibernate: 
    select
        sellerenti0_.seller_key as seller_k1_3_,
        sellerenti0_.shop_key as shop_key7_3_,
        sellerenti0_.isgrant as isgrant2_3_,
        sellerenti0_.seller_id_email as seller_i3_3_,
        sellerenti0_.seller_name as seller_n4_3_,
        sellerenti0_.seller_password as seller_p5_3_,
        sellerenti0_.seller_phonenum as seller_p6_3_ 
    from
        seller sellerenti0_ 
    where
        sellerenti0_.seller_key=?
2023-11-18 20:31:51.863 TRACE 19784 --- [    Test worker] o.h.type.descriptor.sql.BasicBinder      : binding parameter [1] as [INTEGER] - [123456789]
2023-11-18 20:31:52.045 DEBUG 19784 --- [    Test worker] org.hibernate.SQL                        : 
    select
        sellerenti0_.seller_key as seller_k1_3_0_,
        sellerenti0_.shop_key as shop_key7_3_0_,
        sellerenti0_.isgrant as isgrant2_3_0_,
        sellerenti0_.seller_id_email as seller_i3_3_0_,
        sellerenti0_.seller_name as seller_n4_3_0_,
        sellerenti0_.seller_password as seller_p5_3_0_,
        sellerenti0_.seller_phonenum as seller_p6_3_0_ 
    from
        seller sellerenti0_ 
    where
        sellerenti0_.seller_key=?
Hibernate: 
    select
        sellerenti0_.seller_key as seller_k1_3_0_,
        sellerenti0_.shop_key as shop_key7_3_0_,
        sellerenti0_.isgrant as isgrant2_3_0_,
        sellerenti0_.seller_id_email as seller_i3_3_0_,
        sellerenti0_.seller_name as seller_n4_3_0_,
        sellerenti0_.seller_password as seller_p5_3_0_,
        sellerenti0_.seller_phonenum as seller_p6_3_0_ 
    from
        seller sellerenti0_ 
    where
        sellerenti0_.seller_key=?
2023-11-18 20:31:52.047 TRACE 19784 --- [    Test worker] o.h.type.descriptor.sql.BasicBinder      : binding parameter [1] as [INTEGER] - [123456789]
2023-11-18 20:31:52.078 DEBUG 19784 --- [    Test worker] org.hibernate.SQL                        : 
    insert 
    into
        seller
        (shop_key, isgrant, seller_id_email, seller_name, seller_password, seller_phonenum, seller_key) 
    values
        (?, ?, ?, ?, ?, ?, ?)
Hibernate: 
    insert 
    into
        seller
        (shop_key, isgrant, seller_id_email, seller_name, seller_password, seller_phonenum, seller_key) 
    values
        (?, ?, ?, ?, ?, ?, ?)
2023-11-18 20:31:52.079 TRACE 19784 --- [    Test worker] o.h.type.descriptor.sql.BasicBinder      : binding parameter [1] as [INTEGER] - [null]
2023-11-18 20:31:52.079 TRACE 19784 --- [    Test worker] o.h.type.descriptor.sql.BasicBinder      : binding parameter [2] as [INTEGER] - [null]
2023-11-18 20:31:52.079 TRACE 19784 --- [    Test worker] o.h.type.descriptor.sql.BasicBinder      : binding parameter [3] as [VARCHAR] - [sooh]
2023-11-18 20:31:52.080 TRACE 19784 --- [    Test worker] o.h.type.descriptor.sql.BasicBinder      : binding parameter [4] as [VARCHAR] - [suhyeon]
2023-11-18 20:31:52.080 TRACE 19784 --- [    Test worker] o.h.type.descriptor.sql.BasicBinder      : binding parameter [5] as [VARCHAR] - [$2a$10$Lt2j6NGurIxS1KOb8zVC0ugfUJJFdWvq1mF0AxtS5DNSPJE.gGSlG]
2023-11-18 20:31:52.080 TRACE 19784 --- [    Test worker] o.h.type.descriptor.sql.BasicBinder      : binding parameter [6] as [VARCHAR] - [010-1111-2222]
2023-11-18 20:31:52.080 TRACE 19784 --- [    Test worker] o.h.type.descriptor.sql.BasicBinder      : binding parameter [7] as [INTEGER] - [123456789]
2023-11-18 20:31:52.109 DEBUG 19784 --- [    Test worker] org.hibernate.SQL                        : 
    select
        sellerenti0_.seller_key as seller_k1_3_,
        sellerenti0_.shop_key as shop_key7_3_,
        sellerenti0_.isgrant as isgrant2_3_,
        sellerenti0_.seller_id_email as seller_i3_3_,
        sellerenti0_.seller_name as seller_n4_3_,
        sellerenti0_.seller_password as seller_p5_3_,
        sellerenti0_.seller_phonenum as seller_p6_3_ 
    from
        seller sellerenti0_ 
    where
        sellerenti0_.seller_key=?
Hibernate: 
    select
        sellerenti0_.seller_key as seller_k1_3_,
        sellerenti0_.shop_key as shop_key7_3_,
        sellerenti0_.isgrant as isgrant2_3_,
        sellerenti0_.seller_id_email as seller_i3_3_,
        sellerenti0_.seller_name as seller_n4_3_,
        sellerenti0_.seller_password as seller_p5_3_,
        sellerenti0_.seller_phonenum as seller_p6_3_ 
    from
        seller sellerenti0_ 
    where
        sellerenti0_.seller_key=?
2023-11-18 20:31:52.110 TRACE 19784 --- [    Test worker] o.h.type.descriptor.sql.BasicBinder      : binding parameter [1] as [INTEGER] - [123456789]
soohsuhyeon-----------------------------------


2023-11-18 20:31:52.146 DEBUG 19784 --- [    Test worker] org.hibernate.SQL                        : 
    insert 
    into
        flower_shop
        (description, holiday, is_opened, is_sub, opening_hours, shop_location, shop_name, shop_phone_num) 
    values
        (?, ?, ?, ?, ?, ?, ?, ?)
Hibernate: 
    insert 
    into
        flower_shop
        (description, holiday, is_opened, is_sub, opening_hours, shop_location, shop_name, shop_phone_num) 
    values
        (?, ?, ?, ?, ?, ?, ?, ?)
2023-11-18 20:31:52.146 TRACE 19784 --- [    Test worker] o.h.type.descriptor.sql.BasicBinder      : binding parameter [1] as [VARCHAR] - [null]
2023-11-18 20:31:52.148 TRACE 19784 --- [    Test worker] o.h.type.descriptor.sql.BasicBinder      : binding parameter [2] as [VARBINARY] - [[Ljava.lang.String;@715ea64a]
2023-11-18 20:31:52.150 TRACE 19784 --- [    Test worker] o.h.type.descriptor.sql.BasicBinder      : binding parameter [3] as [BOOLEAN] - [false]
2023-11-18 20:31:52.150 TRACE 19784 --- [    Test worker] o.h.type.descriptor.sql.BasicBinder      : binding parameter [4] as [BOOLEAN] - [false]
2023-11-18 20:31:52.151 TRACE 19784 --- [    Test worker] o.h.type.descriptor.sql.BasicBinder      : binding parameter [5] as [VARBINARY] - [[[I@538fb761]
2023-11-18 20:31:52.151 TRACE 19784 --- [    Test worker] o.h.type.descriptor.sql.BasicBinder      : binding parameter [6] as [VARCHAR] - [suwon-si]
2023-11-18 20:31:52.151 TRACE 19784 --- [    Test worker] o.h.type.descriptor.sql.BasicBinder      : binding parameter [7] as [VARCHAR] - [its me]
2023-11-18 20:31:52.151 TRACE 19784 --- [    Test worker] o.h.type.descriptor.sql.BasicBinder      : binding parameter [8] as [VARCHAR] - [031-308-8223]
2023-11-18 20:31:52.163 DEBUG 19784 --- [    Test worker] org.hibernate.SQL                        : 
    select
        sellerenti_.seller_key,
        sellerenti_.shop_key as shop_key7_3_,
        sellerenti_.isgrant as isgrant2_3_,
        sellerenti_.seller_id_email as seller_i3_3_,
        sellerenti_.seller_name as seller_n4_3_,
        sellerenti_.seller_password as seller_p5_3_,
        sellerenti_.seller_phonenum as seller_p6_3_ 
    from
        seller sellerenti_ 
    where
        sellerenti_.seller_key=?
Hibernate: 
    select
        sellerenti_.seller_key,
        sellerenti_.shop_key as shop_key7_3_,
        sellerenti_.isgrant as isgrant2_3_,
        sellerenti_.seller_id_email as seller_i3_3_,
        sellerenti_.seller_name as seller_n4_3_,
        sellerenti_.seller_password as seller_p5_3_,
        sellerenti_.seller_phonenum as seller_p6_3_ 
    from
        seller sellerenti_ 
    where
        sellerenti_.seller_key=?
2023-11-18 20:31:52.163 TRACE 19784 --- [    Test worker] o.h.type.descriptor.sql.BasicBinder      : binding parameter [1] as [INTEGER] - [123456789]
2023-11-18 20:31:52.198 DEBUG 19784 --- [    Test worker] org.hibernate.SQL                        : 
    select
        sellerenti0_.seller_key as seller_k1_3_0_,
        sellerenti0_.shop_key as shop_key7_3_0_,
        sellerenti0_.isgrant as isgrant2_3_0_,
        sellerenti0_.seller_id_email as seller_i3_3_0_,
        sellerenti0_.seller_name as seller_n4_3_0_,
        sellerenti0_.seller_password as seller_p5_3_0_,
        sellerenti0_.seller_phonenum as seller_p6_3_0_ 
    from
        seller sellerenti0_ 
    where
        sellerenti0_.seller_key=?
Hibernate: 
    select
        sellerenti0_.seller_key as seller_k1_3_0_,
        sellerenti0_.shop_key as shop_key7_3_0_,
        sellerenti0_.isgrant as isgrant2_3_0_,
        sellerenti0_.seller_id_email as seller_i3_3_0_,
        sellerenti0_.seller_name as seller_n4_3_0_,
        sellerenti0_.seller_password as seller_p5_3_0_,
        sellerenti0_.seller_phonenum as seller_p6_3_0_ 
    from
        seller sellerenti0_ 
    where
        sellerenti0_.seller_key=?
2023-11-18 20:31:52.198 TRACE 19784 --- [    Test worker] o.h.type.descriptor.sql.BasicBinder      : binding parameter [1] as [INTEGER] - [123456789]
2023-11-18 20:31:52.207 DEBUG 19784 --- [    Test worker] org.hibernate.SQL                        : 
    select
        flowershop0_.shop_key as shop_key1_2_0_,
        flowershop0_.description as descript2_2_0_,
        flowershop0_.holiday as holiday3_2_0_,
        flowershop0_.is_opened as is_opene4_2_0_,
        flowershop0_.is_sub as is_sub5_2_0_,
        flowershop0_.opening_hours as opening_6_2_0_,
        flowershop0_.shop_location as shop_loc7_2_0_,
        flowershop0_.shop_name as shop_nam8_2_0_,
        flowershop0_.shop_phone_num as shop_pho9_2_0_,
        sellerenti1_.seller_key as seller_k1_3_1_,
        sellerenti1_.shop_key as shop_key7_3_1_,
        sellerenti1_.isgrant as isgrant2_3_1_,
        sellerenti1_.seller_id_email as seller_i3_3_1_,
        sellerenti1_.seller_name as seller_n4_3_1_,
        sellerenti1_.seller_password as seller_p5_3_1_,
        sellerenti1_.seller_phonenum as seller_p6_3_1_ 
    from
        flower_shop flowershop0_ 
    left outer join
        seller sellerenti1_ 
            on flowershop0_.shop_key=sellerenti1_.shop_key 
    where
        flowershop0_.shop_key=?
Hibernate: 
    select
        flowershop0_.shop_key as shop_key1_2_0_,
        flowershop0_.description as descript2_2_0_,
        flowershop0_.holiday as holiday3_2_0_,
        flowershop0_.is_opened as is_opene4_2_0_,
        flowershop0_.is_sub as is_sub5_2_0_,
        flowershop0_.opening_hours as opening_6_2_0_,
        flowershop0_.shop_location as shop_loc7_2_0_,
        flowershop0_.shop_name as shop_nam8_2_0_,
        flowershop0_.shop_phone_num as shop_pho9_2_0_,
        sellerenti1_.seller_key as seller_k1_3_1_,
        sellerenti1_.shop_key as shop_key7_3_1_,
        sellerenti1_.isgrant as isgrant2_3_1_,
        sellerenti1_.seller_id_email as seller_i3_3_1_,
        sellerenti1_.seller_name as seller_n4_3_1_,
        sellerenti1_.seller_password as seller_p5_3_1_,
        sellerenti1_.seller_phonenum as seller_p6_3_1_ 
    from
        flower_shop flowershop0_ 
    left outer join
        seller sellerenti1_ 
            on flowershop0_.shop_key=sellerenti1_.shop_key 
    where
        flowershop0_.shop_key=?
2023-11-18 20:31:52.208 TRACE 19784 --- [    Test worker] o.h.type.descriptor.sql.BasicBinder      : binding parameter [1] as [INTEGER] - [8]
2023-11-18 20:31:52.229 DEBUG 19784 --- [    Test worker] org.hibernate.SQL                        : 
    update
        seller 
    set
        shop_key=?,
        isgrant=?,
        seller_id_email=?,
        seller_name=?,
        seller_password=?,
        seller_phonenum=? 
    where
        seller_key=?
Hibernate: 
    update
        seller 
    set
        shop_key=?,
        isgrant=?,
        seller_id_email=?,
        seller_name=?,
        seller_password=?,
        seller_phonenum=? 
    where
        seller_key=?
2023-11-18 20:31:52.229 TRACE 19784 --- [    Test worker] o.h.type.descriptor.sql.BasicBinder      : binding parameter [1] as [INTEGER] - [8]
2023-11-18 20:31:52.229 TRACE 19784 --- [    Test worker] o.h.type.descriptor.sql.BasicBinder      : binding parameter [2] as [INTEGER] - [null]
2023-11-18 20:31:52.230 TRACE 19784 --- [    Test worker] o.h.type.descriptor.sql.BasicBinder      : binding parameter [3] as [VARCHAR] - [sooh]
2023-11-18 20:31:52.230 TRACE 19784 --- [    Test worker] o.h.type.descriptor.sql.BasicBinder      : binding parameter [4] as [VARCHAR] - [suhyeon]
2023-11-18 20:31:52.230 TRACE 19784 --- [    Test worker] o.h.type.descriptor.sql.BasicBinder      : binding parameter [5] as [VARCHAR] - [$2a$10$Lt2j6NGurIxS1KOb8zVC0ugfUJJFdWvq1mF0AxtS5DNSPJE.gGSlG]
2023-11-18 20:31:52.231 TRACE 19784 --- [    Test worker] o.h.type.descriptor.sql.BasicBinder      : binding parameter [6] as [VARCHAR] - [010-1111-2222]
2023-11-18 20:31:52.231 TRACE 19784 --- [    Test worker] o.h.type.descriptor.sql.BasicBinder      : binding parameter [7] as [INTEGER] - [123456789]
soohsuhyeonits me-----------------------------------


2023-11-18 20:31:52.419 DEBUG 19784 --- [    Test worker] org.hibernate.SQL                        : 
    select
        flowershop0_.shop_key as shop_key1_2_,
        flowershop0_.description as descript2_2_,
        flowershop0_.holiday as holiday3_2_,
        flowershop0_.is_opened as is_opene4_2_,
        flowershop0_.is_sub as is_sub5_2_,
        flowershop0_.opening_hours as opening_6_2_,
        flowershop0_.shop_location as shop_loc7_2_,
        flowershop0_.shop_name as shop_nam8_2_,
        flowershop0_.shop_phone_num as shop_pho9_2_ 
    from
        flower_shop flowershop0_ 
    where
        flowershop0_.shop_key=?
Hibernate: 
    select
        flowershop0_.shop_key as shop_key1_2_,
        flowershop0_.description as descript2_2_,
        flowershop0_.holiday as holiday3_2_,
        flowershop0_.is_opened as is_opene4_2_,
        flowershop0_.is_sub as is_sub5_2_,
        flowershop0_.opening_hours as opening_6_2_,
        flowershop0_.shop_location as shop_loc7_2_,
        flowershop0_.shop_name as shop_nam8_2_,
        flowershop0_.shop_phone_num as shop_pho9_2_ 
    from
        flower_shop flowershop0_ 
    where
        flowershop0_.shop_key=?
2023-11-18 20:31:52.420 TRACE 19784 --- [    Test worker] o.h.type.descriptor.sql.BasicBinder      : binding parameter [1] as [INTEGER] - [8]
2023-11-18 20:31:52.429 DEBUG 19784 --- [    Test worker] org.hibernate.SQL                        : 
    select
        sellerenti0_.seller_key as seller_k1_3_1_,
        sellerenti0_.shop_key as shop_key7_3_1_,
        sellerenti0_.isgrant as isgrant2_3_1_,
        sellerenti0_.seller_id_email as seller_i3_3_1_,
        sellerenti0_.seller_name as seller_n4_3_1_,
        sellerenti0_.seller_password as seller_p5_3_1_,
        sellerenti0_.seller_phonenum as seller_p6_3_1_,
        flowershop1_.shop_key as shop_key1_2_0_,
        flowershop1_.description as descript2_2_0_,
        flowershop1_.holiday as holiday3_2_0_,
        flowershop1_.is_opened as is_opene4_2_0_,
        flowershop1_.is_sub as is_sub5_2_0_,
        flowershop1_.opening_hours as opening_6_2_0_,
        flowershop1_.shop_location as shop_loc7_2_0_,
        flowershop1_.shop_name as shop_nam8_2_0_,
        flowershop1_.shop_phone_num as shop_pho9_2_0_ 
    from
        seller sellerenti0_ 
    left outer join
        flower_shop flowershop1_ 
            on sellerenti0_.shop_key=flowershop1_.shop_key 
    where
        sellerenti0_.shop_key=?
Hibernate: 
    select
        sellerenti0_.seller_key as seller_k1_3_1_,
        sellerenti0_.shop_key as shop_key7_3_1_,
        sellerenti0_.isgrant as isgrant2_3_1_,
        sellerenti0_.seller_id_email as seller_i3_3_1_,
        sellerenti0_.seller_name as seller_n4_3_1_,
        sellerenti0_.seller_password as seller_p5_3_1_,
        sellerenti0_.seller_phonenum as seller_p6_3_1_,
        flowershop1_.shop_key as shop_key1_2_0_,
        flowershop1_.description as descript2_2_0_,
        flowershop1_.holiday as holiday3_2_0_,
        flowershop1_.is_opened as is_opene4_2_0_,
        flowershop1_.is_sub as is_sub5_2_0_,
        flowershop1_.opening_hours as opening_6_2_0_,
        flowershop1_.shop_location as shop_loc7_2_0_,
        flowershop1_.shop_name as shop_nam8_2_0_,
        flowershop1_.shop_phone_num as shop_pho9_2_0_ 
    from
        seller sellerenti0_ 
    left outer join
        flower_shop flowershop1_ 
            on sellerenti0_.shop_key=flowershop1_.shop_key 
    where
        sellerenti0_.shop_key=?
2023-11-18 20:31:52.430 TRACE 19784 --- [    Test worker] o.h.type.descriptor.sql.BasicBinder      : binding parameter [1] as [INTEGER] - [8]
2023-11-18 20:31:52.464 DEBUG 19784 --- [    Test worker] org.hibernate.SQL                        : 
    delete 
    from
        seller
Hibernate: 
    delete 
    from
        seller
2023-11-18 20:31:52.497 DEBUG 19784 --- [    Test worker] org.hibernate.SQL                        : 
    delete 
    from
        flower_shop
Hibernate: 
    delete 
    from
        flower_shop
2023-11-18 20:31:52.534 DEBUG 19784 --- [    Test worker] org.hibernate.SQL                        : 
    select
        sellerenti0_.seller_key as seller_k1_3_,
        sellerenti0_.shop_key as shop_key7_3_,
        sellerenti0_.isgrant as isgrant2_3_,
        sellerenti0_.seller_id_email as seller_i3_3_,
        sellerenti0_.seller_name as seller_n4_3_,
        sellerenti0_.seller_password as seller_p5_3_,
        sellerenti0_.seller_phonenum as seller_p6_3_ 
    from
        seller sellerenti0_ 
    where
        sellerenti0_.seller_key=?
Hibernate: 
    select
        sellerenti0_.seller_key as seller_k1_3_,
        sellerenti0_.shop_key as shop_key7_3_,
        sellerenti0_.isgrant as isgrant2_3_,
        sellerenti0_.seller_id_email as seller_i3_3_,
        sellerenti0_.seller_name as seller_n4_3_,
        sellerenti0_.seller_password as seller_p5_3_,
        sellerenti0_.seller_phonenum as seller_p6_3_ 
    from
        seller sellerenti0_ 
    where
        sellerenti0_.seller_key=?
2023-11-18 20:31:52.536 TRACE 19784 --- [    Test worker] o.h.type.descriptor.sql.BasicBinder      : binding parameter [1] as [INTEGER] - [123456789]
2023-11-18 20:31:52.776 DEBUG 19784 --- [    Test worker] org.hibernate.SQL                        : 
    select
        sellerenti0_.seller_key as seller_k1_3_0_,
        sellerenti0_.shop_key as shop_key7_3_0_,
        sellerenti0_.isgrant as isgrant2_3_0_,
        sellerenti0_.seller_id_email as seller_i3_3_0_,
        sellerenti0_.seller_name as seller_n4_3_0_,
        sellerenti0_.seller_password as seller_p5_3_0_,
        sellerenti0_.seller_phonenum as seller_p6_3_0_ 
    from
        seller sellerenti0_ 
    where
        sellerenti0_.seller_key=?
Hibernate: 
    select
        sellerenti0_.seller_key as seller_k1_3_0_,
        sellerenti0_.shop_key as shop_key7_3_0_,
        sellerenti0_.isgrant as isgrant2_3_0_,
        sellerenti0_.seller_id_email as seller_i3_3_0_,
        sellerenti0_.seller_name as seller_n4_3_0_,
        sellerenti0_.seller_password as seller_p5_3_0_,
        sellerenti0_.seller_phonenum as seller_p6_3_0_ 
    from
        seller sellerenti0_ 
    where
        sellerenti0_.seller_key=?
2023-11-18 20:31:52.777 TRACE 19784 --- [    Test worker] o.h.type.descriptor.sql.BasicBinder      : binding parameter [1] as [INTEGER] - [123456789]
2023-11-18 20:31:52.787 DEBUG 19784 --- [    Test worker] org.hibernate.SQL                        : 
    insert 
    into
        seller
        (shop_key, isgrant, seller_id_email, seller_name, seller_password, seller_phonenum, seller_key) 
    values
        (?, ?, ?, ?, ?, ?, ?)
Hibernate: 
    insert 
    into
        seller
        (shop_key, isgrant, seller_id_email, seller_name, seller_password, seller_phonenum, seller_key) 
    values
        (?, ?, ?, ?, ?, ?, ?)
2023-11-18 20:31:52.788 TRACE 19784 --- [    Test worker] o.h.type.descriptor.sql.BasicBinder      : binding parameter [1] as [INTEGER] - [null]
2023-11-18 20:31:52.788 TRACE 19784 --- [    Test worker] o.h.type.descriptor.sql.BasicBinder      : binding parameter [2] as [INTEGER] - [null]
2023-11-18 20:31:52.788 TRACE 19784 --- [    Test worker] o.h.type.descriptor.sql.BasicBinder      : binding parameter [3] as [VARCHAR] - [sooh]
2023-11-18 20:31:52.789 TRACE 19784 --- [    Test worker] o.h.type.descriptor.sql.BasicBinder      : binding parameter [4] as [VARCHAR] - [suhyeon]
2023-11-18 20:31:52.789 TRACE 19784 --- [    Test worker] o.h.type.descriptor.sql.BasicBinder      : binding parameter [5] as [VARCHAR] - [$2a$10$v8jC9LHaosuDkQ5ie6Wh5uhDzdheTZCzbvGsl7CeGKD/u.IhspwGm]
2023-11-18 20:31:52.789 TRACE 19784 --- [    Test worker] o.h.type.descriptor.sql.BasicBinder      : binding parameter [6] as [VARCHAR] - [010-1111-2222]
2023-11-18 20:31:52.789 TRACE 19784 --- [    Test worker] o.h.type.descriptor.sql.BasicBinder      : binding parameter [7] as [INTEGER] - [123456789]
2023-11-18 20:31:52.816 DEBUG 19784 --- [    Test worker] org.hibernate.SQL                        : 
    select
        sellerenti0_.seller_key as seller_k1_3_,
        sellerenti0_.shop_key as shop_key7_3_,
        sellerenti0_.isgrant as isgrant2_3_,
        sellerenti0_.seller_id_email as seller_i3_3_,
        sellerenti0_.seller_name as seller_n4_3_,
        sellerenti0_.seller_password as seller_p5_3_,
        sellerenti0_.seller_phonenum as seller_p6_3_ 
    from
        seller sellerenti0_ 
    where
        sellerenti0_.seller_key=?
Hibernate: 
    select
        sellerenti0_.seller_key as seller_k1_3_,
        sellerenti0_.shop_key as shop_key7_3_,
        sellerenti0_.isgrant as isgrant2_3_,
        sellerenti0_.seller_id_email as seller_i3_3_,
        sellerenti0_.seller_name as seller_n4_3_,
        sellerenti0_.seller_password as seller_p5_3_,
        sellerenti0_.seller_phonenum as seller_p6_3_ 
    from
        seller sellerenti0_ 
    where
        sellerenti0_.seller_key=?
2023-11-18 20:31:52.817 TRACE 19784 --- [    Test worker] o.h.type.descriptor.sql.BasicBinder      : binding parameter [1] as [INTEGER] - [123456789]
soohsuhyeon-----------------------------------


2023-11-18 20:31:52.836 DEBUG 19784 --- [    Test worker] org.hibernate.SQL                        : 
    insert 
    into
        flower_shop
        (description, holiday, is_opened, is_sub, opening_hours, shop_location, shop_name, shop_phone_num) 
    values
        (?, ?, ?, ?, ?, ?, ?, ?)
Hibernate: 
    insert 
    into
        flower_shop
        (description, holiday, is_opened, is_sub, opening_hours, shop_location, shop_name, shop_phone_num) 
    values
        (?, ?, ?, ?, ?, ?, ?, ?)
2023-11-18 20:31:52.836 TRACE 19784 --- [    Test worker] o.h.type.descriptor.sql.BasicBinder      : binding parameter [1] as [VARCHAR] - [null]
2023-11-18 20:31:52.837 TRACE 19784 --- [    Test worker] o.h.type.descriptor.sql.BasicBinder      : binding parameter [2] as [VARBINARY] - [[Ljava.lang.String;@2bdf6c7c]
2023-11-18 20:31:52.837 TRACE 19784 --- [    Test worker] o.h.type.descriptor.sql.BasicBinder      : binding parameter [3] as [BOOLEAN] - [false]
2023-11-18 20:31:52.837 TRACE 19784 --- [    Test worker] o.h.type.descriptor.sql.BasicBinder      : binding parameter [4] as [BOOLEAN] - [false]
2023-11-18 20:31:52.837 TRACE 19784 --- [    Test worker] o.h.type.descriptor.sql.BasicBinder      : binding parameter [5] as [VARBINARY] - [[[I@52d68eb9]
2023-11-18 20:31:52.838 TRACE 19784 --- [    Test worker] o.h.type.descriptor.sql.BasicBinder      : binding parameter [6] as [VARCHAR] - [suwon-si]
2023-11-18 20:31:52.838 TRACE 19784 --- [    Test worker] o.h.type.descriptor.sql.BasicBinder      : binding parameter [7] as [VARCHAR] - [its me]
2023-11-18 20:31:52.838 TRACE 19784 --- [    Test worker] o.h.type.descriptor.sql.BasicBinder      : binding parameter [8] as [VARCHAR] - [031-308-8223]
2023-11-18 20:31:52.848 DEBUG 19784 --- [    Test worker] org.hibernate.SQL                        : 
    select
        sellerenti_.seller_key,
        sellerenti_.shop_key as shop_key7_3_,
        sellerenti_.isgrant as isgrant2_3_,
        sellerenti_.seller_id_email as seller_i3_3_,
        sellerenti_.seller_name as seller_n4_3_,
        sellerenti_.seller_password as seller_p5_3_,
        sellerenti_.seller_phonenum as seller_p6_3_ 
    from
        seller sellerenti_ 
    where
        sellerenti_.seller_key=?
Hibernate: 
    select
        sellerenti_.seller_key,
        sellerenti_.shop_key as shop_key7_3_,
        sellerenti_.isgrant as isgrant2_3_,
        sellerenti_.seller_id_email as seller_i3_3_,
        sellerenti_.seller_name as seller_n4_3_,
        sellerenti_.seller_password as seller_p5_3_,
        sellerenti_.seller_phonenum as seller_p6_3_ 
    from
        seller sellerenti_ 
    where
        sellerenti_.seller_key=?
2023-11-18 20:31:52.850 TRACE 19784 --- [    Test worker] o.h.type.descriptor.sql.BasicBinder      : binding parameter [1] as [INTEGER] - [123456789]
2023-11-18 20:31:52.886 DEBUG 19784 --- [    Test worker] org.hibernate.SQL                        : 
    select
        sellerenti0_.seller_key as seller_k1_3_0_,
        sellerenti0_.shop_key as shop_key7_3_0_,
        sellerenti0_.isgrant as isgrant2_3_0_,
        sellerenti0_.seller_id_email as seller_i3_3_0_,
        sellerenti0_.seller_name as seller_n4_3_0_,
        sellerenti0_.seller_password as seller_p5_3_0_,
        sellerenti0_.seller_phonenum as seller_p6_3_0_ 
    from
        seller sellerenti0_ 
    where
        sellerenti0_.seller_key=?
Hibernate: 
    select
        sellerenti0_.seller_key as seller_k1_3_0_,
        sellerenti0_.shop_key as shop_key7_3_0_,
        sellerenti0_.isgrant as isgrant2_3_0_,
        sellerenti0_.seller_id_email as seller_i3_3_0_,
        sellerenti0_.seller_name as seller_n4_3_0_,
        sellerenti0_.seller_password as seller_p5_3_0_,
        sellerenti0_.seller_phonenum as seller_p6_3_0_ 
    from
        seller sellerenti0_ 
    where
        sellerenti0_.seller_key=?
2023-11-18 20:31:52.888 TRACE 19784 --- [    Test worker] o.h.type.descriptor.sql.BasicBinder      : binding parameter [1] as [INTEGER] - [123456789]
2023-11-18 20:31:52.901 DEBUG 19784 --- [    Test worker] org.hibernate.SQL                        : 
    select
        flowershop0_.shop_key as shop_key1_2_0_,
        flowershop0_.description as descript2_2_0_,
        flowershop0_.holiday as holiday3_2_0_,
        flowershop0_.is_opened as is_opene4_2_0_,
        flowershop0_.is_sub as is_sub5_2_0_,
        flowershop0_.opening_hours as opening_6_2_0_,
        flowershop0_.shop_location as shop_loc7_2_0_,
        flowershop0_.shop_name as shop_nam8_2_0_,
        flowershop0_.shop_phone_num as shop_pho9_2_0_,
        sellerenti1_.seller_key as seller_k1_3_1_,
        sellerenti1_.shop_key as shop_key7_3_1_,
        sellerenti1_.isgrant as isgrant2_3_1_,
        sellerenti1_.seller_id_email as seller_i3_3_1_,
        sellerenti1_.seller_name as seller_n4_3_1_,
        sellerenti1_.seller_password as seller_p5_3_1_,
        sellerenti1_.seller_phonenum as seller_p6_3_1_ 
    from
        flower_shop flowershop0_ 
    left outer join
        seller sellerenti1_ 
            on flowershop0_.shop_key=sellerenti1_.shop_key 
    where
        flowershop0_.shop_key=?
Hibernate: 
    select
        flowershop0_.shop_key as shop_key1_2_0_,
        flowershop0_.description as descript2_2_0_,
        flowershop0_.holiday as holiday3_2_0_,
        flowershop0_.is_opened as is_opene4_2_0_,
        flowershop0_.is_sub as is_sub5_2_0_,
        flowershop0_.opening_hours as opening_6_2_0_,
        flowershop0_.shop_location as shop_loc7_2_0_,
        flowershop0_.shop_name as shop_nam8_2_0_,
        flowershop0_.shop_phone_num as shop_pho9_2_0_,
        sellerenti1_.seller_key as seller_k1_3_1_,
        sellerenti1_.shop_key as shop_key7_3_1_,
        sellerenti1_.isgrant as isgrant2_3_1_,
        sellerenti1_.seller_id_email as seller_i3_3_1_,
        sellerenti1_.seller_name as seller_n4_3_1_,
        sellerenti1_.seller_password as seller_p5_3_1_,
        sellerenti1_.seller_phonenum as seller_p6_3_1_ 
    from
        flower_shop flowershop0_ 
    left outer join
        seller sellerenti1_ 
            on flowershop0_.shop_key=sellerenti1_.shop_key 
    where
        flowershop0_.shop_key=?
2023-11-18 20:31:52.904 TRACE 19784 --- [    Test worker] o.h.type.descriptor.sql.BasicBinder      : binding parameter [1] as [INTEGER] - [9]
2023-11-18 20:31:52.920 DEBUG 19784 --- [    Test worker] org.hibernate.SQL                        : 
    update
        seller 
    set
        shop_key=?,
        isgrant=?,
        seller_id_email=?,
        seller_name=?,
        seller_password=?,
        seller_phonenum=? 
    where
        seller_key=?
Hibernate: 
    update
        seller 
    set
        shop_key=?,
        isgrant=?,
        seller_id_email=?,
        seller_name=?,
        seller_password=?,
        seller_phonenum=? 
    where
        seller_key=?
2023-11-18 20:31:52.923 TRACE 19784 --- [    Test worker] o.h.type.descriptor.sql.BasicBinder      : binding parameter [1] as [INTEGER] - [9]
2023-11-18 20:31:52.924 TRACE 19784 --- [    Test worker] o.h.type.descriptor.sql.BasicBinder      : binding parameter [2] as [INTEGER] - [null]
2023-11-18 20:31:52.924 TRACE 19784 --- [    Test worker] o.h.type.descriptor.sql.BasicBinder      : binding parameter [3] as [VARCHAR] - [sooh]
2023-11-18 20:31:52.925 TRACE 19784 --- [    Test worker] o.h.type.descriptor.sql.BasicBinder      : binding parameter [4] as [VARCHAR] - [suhyeon]
2023-11-18 20:31:52.926 TRACE 19784 --- [    Test worker] o.h.type.descriptor.sql.BasicBinder      : binding parameter [5] as [VARCHAR] - [$2a$10$v8jC9LHaosuDkQ5ie6Wh5uhDzdheTZCzbvGsl7CeGKD/u.IhspwGm]
2023-11-18 20:31:52.926 TRACE 19784 --- [    Test worker] o.h.type.descriptor.sql.BasicBinder      : binding parameter [6] as [VARCHAR] - [010-1111-2222]
2023-11-18 20:31:52.927 TRACE 19784 --- [    Test worker] o.h.type.descriptor.sql.BasicBinder      : binding parameter [7] as [INTEGER] - [123456789]
soohsuhyeonits me-----------------------------------


2023-11-18 20:31:52.962 DEBUG 19784 --- [    Test worker] org.hibernate.SQL                        : 
    select
        sellerenti0_.seller_key as seller_k1_3_,
        sellerenti0_.shop_key as shop_key7_3_,
        sellerenti0_.isgrant as isgrant2_3_,
        sellerenti0_.seller_id_email as seller_i3_3_,
        sellerenti0_.seller_name as seller_n4_3_,
        sellerenti0_.seller_password as seller_p5_3_,
        sellerenti0_.seller_phonenum as seller_p6_3_ 
    from
        seller sellerenti0_ 
    where
        sellerenti0_.seller_key=?
Hibernate: 
    select
        sellerenti0_.seller_key as seller_k1_3_,
        sellerenti0_.shop_key as shop_key7_3_,
        sellerenti0_.isgrant as isgrant2_3_,
        sellerenti0_.seller_id_email as seller_i3_3_,
        sellerenti0_.seller_name as seller_n4_3_,
        sellerenti0_.seller_password as seller_p5_3_,
        sellerenti0_.seller_phonenum as seller_p6_3_ 
    from
        seller sellerenti0_ 
    where
        sellerenti0_.seller_key=?
2023-11-18 20:31:52.964 TRACE 19784 --- [    Test worker] o.h.type.descriptor.sql.BasicBinder      : binding parameter [1] as [INTEGER] - [123456789]
2023-11-18 20:31:52.974 DEBUG 19784 --- [    Test worker] org.hibernate.SQL                        : 
    select
        flowershop0_.shop_key as shop_key1_2_0_,
        flowershop0_.description as descript2_2_0_,
        flowershop0_.holiday as holiday3_2_0_,
        flowershop0_.is_opened as is_opene4_2_0_,
        flowershop0_.is_sub as is_sub5_2_0_,
        flowershop0_.opening_hours as opening_6_2_0_,
        flowershop0_.shop_location as shop_loc7_2_0_,
        flowershop0_.shop_name as shop_nam8_2_0_,
        flowershop0_.shop_phone_num as shop_pho9_2_0_,
        sellerenti1_.seller_key as seller_k1_3_1_,
        sellerenti1_.shop_key as shop_key7_3_1_,
        sellerenti1_.isgrant as isgrant2_3_1_,
        sellerenti1_.seller_id_email as seller_i3_3_1_,
        sellerenti1_.seller_name as seller_n4_3_1_,
        sellerenti1_.seller_password as seller_p5_3_1_,
        sellerenti1_.seller_phonenum as seller_p6_3_1_ 
    from
        flower_shop flowershop0_ 
    left outer join
        seller sellerenti1_ 
            on flowershop0_.shop_key=sellerenti1_.shop_key 
    where
        flowershop0_.shop_key=?
Hibernate: 
    select
        flowershop0_.shop_key as shop_key1_2_0_,
        flowershop0_.description as descript2_2_0_,
        flowershop0_.holiday as holiday3_2_0_,
        flowershop0_.is_opened as is_opene4_2_0_,
        flowershop0_.is_sub as is_sub5_2_0_,
        flowershop0_.opening_hours as opening_6_2_0_,
        flowershop0_.shop_location as shop_loc7_2_0_,
        flowershop0_.shop_name as shop_nam8_2_0_,
        flowershop0_.shop_phone_num as shop_pho9_2_0_,
        sellerenti1_.seller_key as seller_k1_3_1_,
        sellerenti1_.shop_key as shop_key7_3_1_,
        sellerenti1_.isgrant as isgrant2_3_1_,
        sellerenti1_.seller_id_email as seller_i3_3_1_,
        sellerenti1_.seller_name as seller_n4_3_1_,
        sellerenti1_.seller_password as seller_p5_3_1_,
        sellerenti1_.seller_phonenum as seller_p6_3_1_ 
    from
        flower_shop flowershop0_ 
    left outer join
        seller sellerenti1_ 
            on flowershop0_.shop_key=sellerenti1_.shop_key 
    where
        flowershop0_.shop_key=?
2023-11-18 20:31:52.976 TRACE 19784 --- [    Test worker] o.h.type.descriptor.sql.BasicBinder      : binding parameter [1] as [INTEGER] - [9]
2023-11-18 20:31:52.988 DEBUG 19784 --- [    Test worker] org.hibernate.SQL                        : 
    select
        sellerenti0_.seller_key as seller_k1_3_1_,
        sellerenti0_.shop_key as shop_key7_3_1_,
        sellerenti0_.isgrant as isgrant2_3_1_,
        sellerenti0_.seller_id_email as seller_i3_3_1_,
        sellerenti0_.seller_name as seller_n4_3_1_,
        sellerenti0_.seller_password as seller_p5_3_1_,
        sellerenti0_.seller_phonenum as seller_p6_3_1_,
        flowershop1_.shop_key as shop_key1_2_0_,
        flowershop1_.description as descript2_2_0_,
        flowershop1_.holiday as holiday3_2_0_,
        flowershop1_.is_opened as is_opene4_2_0_,
        flowershop1_.is_sub as is_sub5_2_0_,
        flowershop1_.opening_hours as opening_6_2_0_,
        flowershop1_.shop_location as shop_loc7_2_0_,
        flowershop1_.shop_name as shop_nam8_2_0_,
        flowershop1_.shop_phone_num as shop_pho9_2_0_ 
    from
        seller sellerenti0_ 
    left outer join
        flower_shop flowershop1_ 
            on sellerenti0_.shop_key=flowershop1_.shop_key 
    where
        sellerenti0_.shop_key=?
Hibernate: 
    select
        sellerenti0_.seller_key as seller_k1_3_1_,
        sellerenti0_.shop_key as shop_key7_3_1_,
        sellerenti0_.isgrant as isgrant2_3_1_,
        sellerenti0_.seller_id_email as seller_i3_3_1_,
        sellerenti0_.seller_name as seller_n4_3_1_,
        sellerenti0_.seller_password as seller_p5_3_1_,
        sellerenti0_.seller_phonenum as seller_p6_3_1_,
        flowershop1_.shop_key as shop_key1_2_0_,
        flowershop1_.description as descript2_2_0_,
        flowershop1_.holiday as holiday3_2_0_,
        flowershop1_.is_opened as is_opene4_2_0_,
        flowershop1_.is_sub as is_sub5_2_0_,
        flowershop1_.opening_hours as opening_6_2_0_,
        flowershop1_.shop_location as shop_loc7_2_0_,
        flowershop1_.shop_name as shop_nam8_2_0_,
        flowershop1_.shop_phone_num as shop_pho9_2_0_ 
    from
        seller sellerenti0_ 
    left outer join
        flower_shop flowershop1_ 
            on sellerenti0_.shop_key=flowershop1_.shop_key 
    where
        sellerenti0_.shop_key=?
2023-11-18 20:31:52.991 TRACE 19784 --- [    Test worker] o.h.type.descriptor.sql.BasicBinder      : binding parameter [1] as [INTEGER] - [9]
soohsuhyeon-----------------------------------


]]></system-out>
  <system-err><![CDATA[]]></system-err>
</testsuite>
