<?xml version="1.0" encoding="UTF-8"?>
<testsuite name="Unknown.PreScent.service.CustomerServiceTest" tests="5" skipped="0" failures="0" errors="0" timestamp="2023-11-13T12:06:18" hostname="SWSEO_LT" time="1.997">
  <properties/>
  <testcase name="고객/ 회원가입 테스트" classname="Unknown.PreScent.service.CustomerServiceTest" time="1.02"/>
  <testcase name="고객/ 로그인 실패 - 잘못된 PASSWORD 테스트" classname="Unknown.PreScent.service.CustomerServiceTest" time="0.345"/>
  <testcase name="고객/ 로그인 성공 테스트" classname="Unknown.PreScent.service.CustomerServiceTest" time="0.359"/>
  <testcase name="고객/ 중복 이메일 가입 테스트" classname="Unknown.PreScent.service.CustomerServiceTest" time="0.069"/>
  <testcase name="고객/ 로그인 실패 - 잘못된 Email 테스트" classname="Unknown.PreScent.service.CustomerServiceTest" time="0.197"/>
  <system-out><![CDATA[21:06:05.119 [Test worker] DEBUG org.springframework.test.context.BootstrapUtils - Instantiating CacheAwareContextLoaderDelegate from class [org.springframework.test.context.cache.DefaultCacheAwareContextLoaderDelegate]
21:06:05.141 [Test worker] DEBUG org.springframework.test.context.BootstrapUtils - Instantiating BootstrapContext using constructor [public org.springframework.test.context.support.DefaultBootstrapContext(java.lang.Class,org.springframework.test.context.CacheAwareContextLoaderDelegate)]
21:06:05.238 [Test worker] DEBUG org.springframework.test.context.BootstrapUtils - Instantiating TestContextBootstrapper for test class [Unknown.PreScent.service.CustomerServiceTest] from class [org.springframework.boot.test.context.SpringBootTestContextBootstrapper]
21:06:05.278 [Test worker] INFO org.springframework.boot.test.context.SpringBootTestContextBootstrapper - Neither @ContextConfiguration nor @ContextHierarchy found for test class [Unknown.PreScent.service.CustomerServiceTest], using SpringBootContextLoader
21:06:05.290 [Test worker] DEBUG org.springframework.test.context.support.AbstractContextLoader - Did not detect default resource location for test class [Unknown.PreScent.service.CustomerServiceTest]: class path resource [Unknown/PreScent/service/CustomerServiceTest-context.xml] does not exist
21:06:05.291 [Test worker] DEBUG org.springframework.test.context.support.AbstractContextLoader - Did not detect default resource location for test class [Unknown.PreScent.service.CustomerServiceTest]: class path resource [Unknown/PreScent/service/CustomerServiceTestContext.groovy] does not exist
21:06:05.292 [Test worker] INFO org.springframework.test.context.support.AbstractContextLoader - Could not detect default resource locations for test class [Unknown.PreScent.service.CustomerServiceTest]: no resource found for suffixes {-context.xml, Context.groovy}.
21:06:05.294 [Test worker] INFO org.springframework.test.context.support.AnnotationConfigContextLoaderUtils - Could not detect default configuration classes for test class [Unknown.PreScent.service.CustomerServiceTest]: CustomerServiceTest does not declare any static, non-private, non-final, nested classes annotated with @Configuration.
21:06:05.410 [Test worker] DEBUG org.springframework.test.context.support.ActiveProfilesUtils - Could not find an 'annotation declaring class' for annotation type [org.springframework.test.context.ActiveProfiles] and class [Unknown.PreScent.service.CustomerServiceTest]
21:06:05.566 [Test worker] DEBUG org.springframework.context.annotation.ClassPathScanningCandidateComponentProvider - Identified candidate component class: file [C:\Users\swseo\IdeaProjects\backend\build\classes\java\main\Unknown\PreScent\PreScentApplication.class]
21:06:05.568 [Test worker] INFO org.springframework.boot.test.context.SpringBootTestContextBootstrapper - Found @SpringBootConfiguration Unknown.PreScent.PreScentApplication for test class Unknown.PreScent.service.CustomerServiceTest
21:06:05.846 [Test worker] DEBUG org.springframework.boot.test.context.SpringBootTestContextBootstrapper - @TestExecutionListeners is not present for class [Unknown.PreScent.service.CustomerServiceTest]: using defaults.
21:06:05.846 [Test worker] INFO org.springframework.boot.test.context.SpringBootTestContextBootstrapper - Loaded default TestExecutionListener class names from location [META-INF/spring.factories]: [org.springframework.security.test.context.support.WithSecurityContextTestExecutionListener, org.springframework.security.test.context.support.ReactorContextTestExecutionListener, org.springframework.boot.test.autoconfigure.restdocs.RestDocsTestExecutionListener, org.springframework.boot.test.autoconfigure.web.client.MockRestServiceServerResetTestExecutionListener, org.springframework.boot.test.autoconfigure.web.servlet.MockMvcPrintOnlyOnFailureTestExecutionListener, org.springframework.boot.test.autoconfigure.web.servlet.WebDriverTestExecutionListener, org.springframework.boot.test.autoconfigure.webservices.client.MockWebServiceServerTestExecutionListener, org.springframework.boot.test.mock.mockito.MockitoTestExecutionListener, org.springframework.boot.test.mock.mockito.ResetMocksTestExecutionListener, org.springframework.test.context.web.ServletTestExecutionListener, org.springframework.test.context.support.DirtiesContextBeforeModesTestExecutionListener, org.springframework.test.context.event.ApplicationEventsTestExecutionListener, org.springframework.test.context.support.DependencyInjectionTestExecutionListener, org.springframework.test.context.support.DirtiesContextTestExecutionListener, org.springframework.test.context.transaction.TransactionalTestExecutionListener, org.springframework.test.context.jdbc.SqlScriptsTestExecutionListener, org.springframework.test.context.event.EventPublishingTestExecutionListener]
21:06:05.886 [Test worker] INFO org.springframework.boot.test.context.SpringBootTestContextBootstrapper - Using TestExecutionListeners: [org.springframework.test.context.web.ServletTestExecutionListener@e27ba81, org.springframework.test.context.support.DirtiesContextBeforeModesTestExecutionListener@54336c81, org.springframework.test.context.event.ApplicationEventsTestExecutionListener@1556f2dd, org.springframework.boot.test.mock.mockito.MockitoTestExecutionListener@35e52059, org.springframework.boot.test.autoconfigure.SpringBootDependencyInjectionTestExecutionListener@62577d6, org.springframework.test.context.support.DirtiesContextTestExecutionListener@49bd54f7, org.springframework.test.context.transaction.TransactionalTestExecutionListener@6b5f8707, org.springframework.test.context.jdbc.SqlScriptsTestExecutionListener@772485dd, org.springframework.security.test.context.support.WithSecurityContextTestExecutionListener@5a12c728, org.springframework.test.context.event.EventPublishingTestExecutionListener@79ab3a71, org.springframework.security.test.context.support.ReactorContextTestExecutionListener@6e5bfdfc, org.springframework.boot.test.autoconfigure.restdocs.RestDocsTestExecutionListener@3d829787, org.springframework.boot.test.autoconfigure.web.client.MockRestServiceServerResetTestExecutionListener@71652c98, org.springframework.boot.test.autoconfigure.web.servlet.MockMvcPrintOnlyOnFailureTestExecutionListener@51bde877, org.springframework.boot.test.autoconfigure.web.servlet.WebDriverTestExecutionListener@60b85ba1, org.springframework.boot.test.autoconfigure.webservices.client.MockWebServiceServerTestExecutionListener@492fc69e, org.springframework.boot.test.mock.mockito.ResetMocksTestExecutionListener@117632cf]
21:06:05.893 [Test worker] DEBUG org.springframework.test.context.support.AbstractDirtiesContextTestExecutionListener - Before test class: context [DefaultTestContext@7ee55e70 testClass = CustomerServiceTest, testInstance = [null], testMethod = [null], testException = [null], mergedContextConfiguration = [WebMergedContextConfiguration@3fcdcf testClass = CustomerServiceTest, locations = '{}', classes = '{class Unknown.PreScent.PreScentApplication}', contextInitializerClasses = '[]', activeProfiles = '{}', propertySourceLocations = '{}', propertySourceProperties = '{org.springframework.boot.test.context.SpringBootTestContextBootstrapper=true}', contextCustomizers = set[org.springframework.boot.test.autoconfigure.actuate.metrics.MetricsExportContextCustomizerFactory$DisableMetricExportContextCustomizer@285c08c8, org.springframework.boot.test.autoconfigure.properties.PropertyMappingContextCustomizer@0, org.springframework.boot.test.autoconfigure.web.servlet.WebDriverContextCustomizerFactory$Customizer@5b7ea70d, org.springframework.boot.test.context.filter.ExcludeFilterContextCustomizer@4f2c9ba6, org.springframework.boot.test.json.DuplicateJsonObjectContextCustomizerFactory$DuplicateJsonObjectContextCustomizer@4c37b5b, org.springframework.boot.test.mock.mockito.MockitoContextCustomizer@0, org.springframework.boot.test.web.client.TestRestTemplateContextCustomizer@4baf352a, org.springframework.boot.test.context.SpringBootTestArgs@1, org.springframework.boot.test.context.SpringBootTestWebEnvironment@1c39680d], resourceBasePath = 'src/main/webapp', contextLoader = 'org.springframework.boot.test.context.SpringBootContextLoader', parent = [null]], attributes = map['org.springframework.test.context.web.ServletTestExecutionListener.activateListener' -> true]], class annotated with @DirtiesContext [false] with mode [null].

  .   ____          _            __ _ _
 /\\ / ___'_ __ _ _(_)_ __  __ _ \ \ \ \
( ( )\___ | '_ | '_| | '_ \/ _` | \ \ \ \
 \\/  ___)| |_)| | | | | || (_| |  ) ) ) )
  '  |____| .__|_| |_|_| |_\__, | / / / /
 =========|_|==============|___/=/_/_/_/
 :: Spring Boot ::               (v2.7.17)

2023-11-13 21:06:06.814  INFO 13640 --- [    Test worker] U.PreScent.service.CustomerServiceTest   : Starting CustomerServiceTest using Java 11.0.21 on SWSEO_LT with PID 13640 (started by swseo in C:\Users\swseo\IdeaProjects\backend)
2023-11-13 21:06:06.818  INFO 13640 --- [    Test worker] U.PreScent.service.CustomerServiceTest   : No active profile set, falling back to 1 default profile: "default"
2023-11-13 21:06:09.001  INFO 13640 --- [    Test worker] .s.d.r.c.RepositoryConfigurationDelegate : Bootstrapping Spring Data JPA repositories in DEFAULT mode.
2023-11-13 21:06:09.426  INFO 13640 --- [    Test worker] .s.d.r.c.RepositoryConfigurationDelegate : Finished Spring Data repository scanning in 404 ms. Found 6 JPA repository interfaces.
2023-11-13 21:06:10.705  INFO 13640 --- [    Test worker] o.hibernate.jpa.internal.util.LogHelper  : HHH000204: Processing PersistenceUnitInfo [name: default]
2023-11-13 21:06:10.867  INFO 13640 --- [    Test worker] org.hibernate.Version                    : HHH000412: Hibernate ORM core version 5.6.15.Final
2023-11-13 21:06:11.314  INFO 13640 --- [    Test worker] o.hibernate.annotations.common.Version   : HCANN000001: Hibernate Commons Annotations {5.1.2.Final}
2023-11-13 21:06:11.653  INFO 13640 --- [    Test worker] com.zaxxer.hikari.HikariDataSource       : HikariPool-1 - Starting...
2023-11-13 21:06:12.123  INFO 13640 --- [    Test worker] com.zaxxer.hikari.HikariDataSource       : HikariPool-1 - Start completed.
2023-11-13 21:06:12.198  INFO 13640 --- [    Test worker] org.hibernate.dialect.Dialect            : HHH000400: Using dialect: org.hibernate.dialect.MySQL5InnoDBDialect
2023-11-13 21:06:14.605  INFO 13640 --- [    Test worker] o.h.e.t.j.p.i.JtaPlatformInitiator       : HHH000490: Using JtaPlatform implementation: [org.hibernate.engine.transaction.jta.platform.internal.NoJtaPlatform]
2023-11-13 21:06:14.653  INFO 13640 --- [    Test worker] j.LocalContainerEntityManagerFactoryBean : Initialized JPA EntityManagerFactory for persistence unit 'default'
2023-11-13 21:06:14.885  WARN 13640 --- [    Test worker] JpaBaseConfiguration$JpaWebConfiguration : spring.jpa.open-in-view is enabled by default. Therefore, database queries may be performed during view rendering. Explicitly configure spring.jpa.open-in-view to disable this warning
2023-11-13 21:06:16.102  WARN 13640 --- [    Test worker] .s.s.UserDetailsServiceAutoConfiguration : 

Using generated security password: 784f6e38-5b50-4465-bd71-b8c9ca56af82

This generated password is for development use only. Your security configuration must be updated before running your application in production.

2023-11-13 21:06:16.436  INFO 13640 --- [    Test worker] o.s.s.web.DefaultSecurityFilterChain     : Will secure any request with [org.springframework.security.web.session.DisableEncodeUrlFilter@5ca10d0e, org.springframework.security.web.context.request.async.WebAsyncManagerIntegrationFilter@34604b32, org.springframework.security.web.context.SecurityContextPersistenceFilter@5f1c406e, org.springframework.security.web.header.HeaderWriterFilter@21dd91da, org.springframework.security.web.authentication.logout.LogoutFilter@65b7678a, org.springframework.security.web.savedrequest.RequestCacheAwareFilter@362e709e, org.springframework.security.web.servletapi.SecurityContextHolderAwareRequestFilter@415419a4, org.springframework.security.web.authentication.AnonymousAuthenticationFilter@159408a7, org.springframework.security.web.session.SessionManagementFilter@2559f65c, org.springframework.security.web.access.ExceptionTranslationFilter@4f72078d]
2023-11-13 21:06:18.222  INFO 13640 --- [    Test worker] U.PreScent.service.CustomerServiceTest   : Started CustomerServiceTest in 12.249 seconds (JVM running for 16.456)
2023-11-13 21:06:18.309  INFO 13640 --- [    Test worker] o.s.t.c.transaction.TransactionContext   : Began transaction (1) for test context [DefaultTestContext@7ee55e70 testClass = CustomerServiceTest, testInstance = Unknown.PreScent.service.CustomerServiceTest@77331437, testMethod = signupCustomerTest@CustomerServiceTest, testException = [null], mergedContextConfiguration = [WebMergedContextConfiguration@3fcdcf testClass = CustomerServiceTest, locations = '{}', classes = '{class Unknown.PreScent.PreScentApplication}', contextInitializerClasses = '[]', activeProfiles = '{}', propertySourceLocations = '{}', propertySourceProperties = '{org.springframework.boot.test.context.SpringBootTestContextBootstrapper=true}', contextCustomizers = set[org.springframework.boot.test.autoconfigure.actuate.metrics.MetricsExportContextCustomizerFactory$DisableMetricExportContextCustomizer@285c08c8, org.springframework.boot.test.autoconfigure.properties.PropertyMappingContextCustomizer@0, org.springframework.boot.test.autoconfigure.web.servlet.WebDriverContextCustomizerFactory$Customizer@5b7ea70d, org.springframework.boot.test.context.filter.ExcludeFilterContextCustomizer@4f2c9ba6, org.springframework.boot.test.json.DuplicateJsonObjectContextCustomizerFactory$DuplicateJsonObjectContextCustomizer@4c37b5b, org.springframework.boot.test.mock.mockito.MockitoContextCustomizer@0, org.springframework.boot.test.web.client.TestRestTemplateContextCustomizer@4baf352a, org.springframework.boot.test.context.SpringBootTestArgs@1, org.springframework.boot.test.context.SpringBootTestWebEnvironment@1c39680d], resourceBasePath = 'src/main/webapp', contextLoader = 'org.springframework.boot.test.context.SpringBootContextLoader', parent = [null]], attributes = map['org.springframework.test.context.web.ServletTestExecutionListener.activateListener' -> true, 'org.springframework.test.context.web.ServletTestExecutionListener.populatedRequestContextHolder' -> true, 'org.springframework.test.context.web.ServletTestExecutionListener.resetRequestContextHolder' -> true, 'org.springframework.test.context.event.ApplicationEventsTestExecutionListener.recordApplicationEvents' -> false]]; transaction manager [org.springframework.orm.jpa.JpaTransactionManager@549be307]; rollback [true]
2023-11-13 21:06:18.741 DEBUG 13640 --- [    Test worker] org.hibernate.SQL                        : 
    delete 
    from
        customer
Hibernate: 
    delete 
    from
        customer
2023-11-13 21:06:18.884 DEBUG 13640 --- [    Test worker] org.hibernate.SQL                        : 
    select
        customeren0_.customer_key as customer1_2_,
        customeren0_.cart_id as cart_id7_2_,
        customeren0_.customer_id_email as customer2_2_,
        customeren0_.customer_location as customer3_2_,
        customeren0_.customer_name as customer4_2_,
        customeren0_.customer_password as customer5_2_,
        customeren0_.customer_phonenum as customer6_2_ 
    from
        customer customeren0_ 
    where
        customeren0_.customer_id_email=?
Hibernate: 
    select
        customeren0_.customer_key as customer1_2_,
        customeren0_.cart_id as cart_id7_2_,
        customeren0_.customer_id_email as customer2_2_,
        customeren0_.customer_location as customer3_2_,
        customeren0_.customer_name as customer4_2_,
        customeren0_.customer_password as customer5_2_,
        customeren0_.customer_phonenum as customer6_2_ 
    from
        customer customeren0_ 
    where
        customeren0_.customer_id_email=?
2023-11-13 21:06:18.901 TRACE 13640 --- [    Test worker] o.h.type.descriptor.sql.BasicBinder      : binding parameter [1] as [VARCHAR] - [ajou.gmail.com]
2023-11-13 21:06:19.181 DEBUG 13640 --- [    Test worker] org.hibernate.SQL                        : 
    insert 
    into
        customer
        (cart_id, customer_id_email, customer_location, customer_name, customer_password, customer_phonenum) 
    values
        (?, ?, ?, ?, ?, ?)
Hibernate: 
    insert 
    into
        customer
        (cart_id, customer_id_email, customer_location, customer_name, customer_password, customer_phonenum) 
    values
        (?, ?, ?, ?, ?, ?)
2023-11-13 21:06:19.184 TRACE 13640 --- [    Test worker] o.h.type.descriptor.sql.BasicBinder      : binding parameter [1] as [INTEGER] - [null]
2023-11-13 21:06:19.184 TRACE 13640 --- [    Test worker] o.h.type.descriptor.sql.BasicBinder      : binding parameter [2] as [VARCHAR] - [ajou.gmail.com]
2023-11-13 21:06:19.184 TRACE 13640 --- [    Test worker] o.h.type.descriptor.sql.BasicBinder      : binding parameter [3] as [VARCHAR] - [null]
2023-11-13 21:06:19.185 TRACE 13640 --- [    Test worker] o.h.type.descriptor.sql.BasicBinder      : binding parameter [4] as [VARCHAR] - [suhyeon]
2023-11-13 21:06:19.186 TRACE 13640 --- [    Test worker] o.h.type.descriptor.sql.BasicBinder      : binding parameter [5] as [VARCHAR] - [$2a$10$4.kWlttc7JcYXH5JR8rmzu5nQ6.YY7MZndGbijmYHXUH/eHMfpwBC]
2023-11-13 21:06:19.186 TRACE 13640 --- [    Test worker] o.h.type.descriptor.sql.BasicBinder      : binding parameter [6] as [VARCHAR] - [010-1111-2222]
2023-11-13 21:06:19.275  INFO 13640 --- [    Test worker] o.s.t.c.transaction.TransactionContext   : Rolled back transaction for test: [DefaultTestContext@7ee55e70 testClass = CustomerServiceTest, testInstance = Unknown.PreScent.service.CustomerServiceTest@77331437, testMethod = signupCustomerTest@CustomerServiceTest, testException = [null], mergedContextConfiguration = [WebMergedContextConfiguration@3fcdcf testClass = CustomerServiceTest, locations = '{}', classes = '{class Unknown.PreScent.PreScentApplication}', contextInitializerClasses = '[]', activeProfiles = '{}', propertySourceLocations = '{}', propertySourceProperties = '{org.springframework.boot.test.context.SpringBootTestContextBootstrapper=true}', contextCustomizers = set[org.springframework.boot.test.autoconfigure.actuate.metrics.MetricsExportContextCustomizerFactory$DisableMetricExportContextCustomizer@285c08c8, org.springframework.boot.test.autoconfigure.properties.PropertyMappingContextCustomizer@0, org.springframework.boot.test.autoconfigure.web.servlet.WebDriverContextCustomizerFactory$Customizer@5b7ea70d, org.springframework.boot.test.context.filter.ExcludeFilterContextCustomizer@4f2c9ba6, org.springframework.boot.test.json.DuplicateJsonObjectContextCustomizerFactory$DuplicateJsonObjectContextCustomizer@4c37b5b, org.springframework.boot.test.mock.mockito.MockitoContextCustomizer@0, org.springframework.boot.test.web.client.TestRestTemplateContextCustomizer@4baf352a, org.springframework.boot.test.context.SpringBootTestArgs@1, org.springframework.boot.test.context.SpringBootTestWebEnvironment@1c39680d], resourceBasePath = 'src/main/webapp', contextLoader = 'org.springframework.boot.test.context.SpringBootContextLoader', parent = [null]], attributes = map['org.springframework.test.context.web.ServletTestExecutionListener.activateListener' -> true, 'org.springframework.test.context.web.ServletTestExecutionListener.populatedRequestContextHolder' -> true, 'org.springframework.test.context.web.ServletTestExecutionListener.resetRequestContextHolder' -> true, 'org.springframework.test.context.event.ApplicationEventsTestExecutionListener.recordApplicationEvents' -> false]]
2023-11-13 21:06:19.300  INFO 13640 --- [    Test worker] o.s.t.c.transaction.TransactionContext   : Began transaction (1) for test context [DefaultTestContext@7ee55e70 testClass = CustomerServiceTest, testInstance = Unknown.PreScent.service.CustomerServiceTest@6cf34b88, testMethod = loginFailureWrongPasswordTest@CustomerServiceTest, testException = [null], mergedContextConfiguration = [WebMergedContextConfiguration@3fcdcf testClass = CustomerServiceTest, locations = '{}', classes = '{class Unknown.PreScent.PreScentApplication}', contextInitializerClasses = '[]', activeProfiles = '{}', propertySourceLocations = '{}', propertySourceProperties = '{org.springframework.boot.test.context.SpringBootTestContextBootstrapper=true}', contextCustomizers = set[org.springframework.boot.test.autoconfigure.actuate.metrics.MetricsExportContextCustomizerFactory$DisableMetricExportContextCustomizer@285c08c8, org.springframework.boot.test.autoconfigure.properties.PropertyMappingContextCustomizer@0, org.springframework.boot.test.autoconfigure.web.servlet.WebDriverContextCustomizerFactory$Customizer@5b7ea70d, org.springframework.boot.test.context.filter.ExcludeFilterContextCustomizer@4f2c9ba6, org.springframework.boot.test.json.DuplicateJsonObjectContextCustomizerFactory$DuplicateJsonObjectContextCustomizer@4c37b5b, org.springframework.boot.test.mock.mockito.MockitoContextCustomizer@0, org.springframework.boot.test.web.client.TestRestTemplateContextCustomizer@4baf352a, org.springframework.boot.test.context.SpringBootTestArgs@1, org.springframework.boot.test.context.SpringBootTestWebEnvironment@1c39680d], resourceBasePath = 'src/main/webapp', contextLoader = 'org.springframework.boot.test.context.SpringBootContextLoader', parent = [null]], attributes = map['org.springframework.test.context.web.ServletTestExecutionListener.activateListener' -> true, 'org.springframework.test.context.web.ServletTestExecutionListener.populatedRequestContextHolder' -> true, 'org.springframework.test.context.web.ServletTestExecutionListener.resetRequestContextHolder' -> true, 'org.springframework.test.context.event.ApplicationEventsTestExecutionListener.recordApplicationEvents' -> false]]; transaction manager [org.springframework.orm.jpa.JpaTransactionManager@549be307]; rollback [true]
2023-11-13 21:06:19.303 DEBUG 13640 --- [    Test worker] org.hibernate.SQL                        : 
    delete 
    from
        customer
Hibernate: 
    delete 
    from
        customer
2023-11-13 21:06:19.313 DEBUG 13640 --- [    Test worker] org.hibernate.SQL                        : 
    select
        customeren0_.customer_key as customer1_2_,
        customeren0_.cart_id as cart_id7_2_,
        customeren0_.customer_id_email as customer2_2_,
        customeren0_.customer_location as customer3_2_,
        customeren0_.customer_name as customer4_2_,
        customeren0_.customer_password as customer5_2_,
        customeren0_.customer_phonenum as customer6_2_ 
    from
        customer customeren0_ 
    where
        customeren0_.customer_id_email=?
Hibernate: 
    select
        customeren0_.customer_key as customer1_2_,
        customeren0_.cart_id as cart_id7_2_,
        customeren0_.customer_id_email as customer2_2_,
        customeren0_.customer_location as customer3_2_,
        customeren0_.customer_name as customer4_2_,
        customeren0_.customer_password as customer5_2_,
        customeren0_.customer_phonenum as customer6_2_ 
    from
        customer customeren0_ 
    where
        customeren0_.customer_id_email=?
2023-11-13 21:06:19.315 TRACE 13640 --- [    Test worker] o.h.type.descriptor.sql.BasicBinder      : binding parameter [1] as [VARCHAR] - [ajou.gmail.com]
2023-11-13 21:06:19.475 DEBUG 13640 --- [    Test worker] org.hibernate.SQL                        : 
    insert 
    into
        customer
        (cart_id, customer_id_email, customer_location, customer_name, customer_password, customer_phonenum) 
    values
        (?, ?, ?, ?, ?, ?)
Hibernate: 
    insert 
    into
        customer
        (cart_id, customer_id_email, customer_location, customer_name, customer_password, customer_phonenum) 
    values
        (?, ?, ?, ?, ?, ?)
2023-11-13 21:06:19.478 TRACE 13640 --- [    Test worker] o.h.type.descriptor.sql.BasicBinder      : binding parameter [1] as [INTEGER] - [null]
2023-11-13 21:06:19.478 TRACE 13640 --- [    Test worker] o.h.type.descriptor.sql.BasicBinder      : binding parameter [2] as [VARCHAR] - [ajou.gmail.com]
2023-11-13 21:06:19.478 TRACE 13640 --- [    Test worker] o.h.type.descriptor.sql.BasicBinder      : binding parameter [3] as [VARCHAR] - [null]
2023-11-13 21:06:19.479 TRACE 13640 --- [    Test worker] o.h.type.descriptor.sql.BasicBinder      : binding parameter [4] as [VARCHAR] - [suhyeon]
2023-11-13 21:06:19.479 TRACE 13640 --- [    Test worker] o.h.type.descriptor.sql.BasicBinder      : binding parameter [5] as [VARCHAR] - [$2a$10$9sEHVfalmHcT0GP9csKiAugUo1.SxPDqjGj/nRd7R40uB7ULGTCLC]
2023-11-13 21:06:19.479 TRACE 13640 --- [    Test worker] o.h.type.descriptor.sql.BasicBinder      : binding parameter [6] as [VARCHAR] - [010-1111-2222]
2023-11-13 21:06:19.499 DEBUG 13640 --- [    Test worker] org.hibernate.SQL                        : 
    select
        customeren0_.customer_key as customer1_2_,
        customeren0_.cart_id as cart_id7_2_,
        customeren0_.customer_id_email as customer2_2_,
        customeren0_.customer_location as customer3_2_,
        customeren0_.customer_name as customer4_2_,
        customeren0_.customer_password as customer5_2_,
        customeren0_.customer_phonenum as customer6_2_ 
    from
        customer customeren0_ 
    where
        customeren0_.customer_id_email=?
Hibernate: 
    select
        customeren0_.customer_key as customer1_2_,
        customeren0_.cart_id as cart_id7_2_,
        customeren0_.customer_id_email as customer2_2_,
        customeren0_.customer_location as customer3_2_,
        customeren0_.customer_name as customer4_2_,
        customeren0_.customer_password as customer5_2_,
        customeren0_.customer_phonenum as customer6_2_ 
    from
        customer customeren0_ 
    where
        customeren0_.customer_id_email=?
2023-11-13 21:06:19.501 TRACE 13640 --- [    Test worker] o.h.type.descriptor.sql.BasicBinder      : binding parameter [1] as [VARCHAR] - [ajou.gmail.com]
2023-11-13 21:06:19.635  INFO 13640 --- [    Test worker] o.s.t.c.transaction.TransactionContext   : Rolled back transaction for test: [DefaultTestContext@7ee55e70 testClass = CustomerServiceTest, testInstance = Unknown.PreScent.service.CustomerServiceTest@6cf34b88, testMethod = loginFailureWrongPasswordTest@CustomerServiceTest, testException = [null], mergedContextConfiguration = [WebMergedContextConfiguration@3fcdcf testClass = CustomerServiceTest, locations = '{}', classes = '{class Unknown.PreScent.PreScentApplication}', contextInitializerClasses = '[]', activeProfiles = '{}', propertySourceLocations = '{}', propertySourceProperties = '{org.springframework.boot.test.context.SpringBootTestContextBootstrapper=true}', contextCustomizers = set[org.springframework.boot.test.autoconfigure.actuate.metrics.MetricsExportContextCustomizerFactory$DisableMetricExportContextCustomizer@285c08c8, org.springframework.boot.test.autoconfigure.properties.PropertyMappingContextCustomizer@0, org.springframework.boot.test.autoconfigure.web.servlet.WebDriverContextCustomizerFactory$Customizer@5b7ea70d, org.springframework.boot.test.context.filter.ExcludeFilterContextCustomizer@4f2c9ba6, org.springframework.boot.test.json.DuplicateJsonObjectContextCustomizerFactory$DuplicateJsonObjectContextCustomizer@4c37b5b, org.springframework.boot.test.mock.mockito.MockitoContextCustomizer@0, org.springframework.boot.test.web.client.TestRestTemplateContextCustomizer@4baf352a, org.springframework.boot.test.context.SpringBootTestArgs@1, org.springframework.boot.test.context.SpringBootTestWebEnvironment@1c39680d], resourceBasePath = 'src/main/webapp', contextLoader = 'org.springframework.boot.test.context.SpringBootContextLoader', parent = [null]], attributes = map['org.springframework.test.context.web.ServletTestExecutionListener.activateListener' -> true, 'org.springframework.test.context.web.ServletTestExecutionListener.populatedRequestContextHolder' -> true, 'org.springframework.test.context.web.ServletTestExecutionListener.resetRequestContextHolder' -> true, 'org.springframework.test.context.event.ApplicationEventsTestExecutionListener.recordApplicationEvents' -> false]]
2023-11-13 21:06:19.647  INFO 13640 --- [    Test worker] o.s.t.c.transaction.TransactionContext   : Began transaction (1) for test context [DefaultTestContext@7ee55e70 testClass = CustomerServiceTest, testInstance = Unknown.PreScent.service.CustomerServiceTest@3ce71bbb, testMethod = loginSuccessTest@CustomerServiceTest, testException = [null], mergedContextConfiguration = [WebMergedContextConfiguration@3fcdcf testClass = CustomerServiceTest, locations = '{}', classes = '{class Unknown.PreScent.PreScentApplication}', contextInitializerClasses = '[]', activeProfiles = '{}', propertySourceLocations = '{}', propertySourceProperties = '{org.springframework.boot.test.context.SpringBootTestContextBootstrapper=true}', contextCustomizers = set[org.springframework.boot.test.autoconfigure.actuate.metrics.MetricsExportContextCustomizerFactory$DisableMetricExportContextCustomizer@285c08c8, org.springframework.boot.test.autoconfigure.properties.PropertyMappingContextCustomizer@0, org.springframework.boot.test.autoconfigure.web.servlet.WebDriverContextCustomizerFactory$Customizer@5b7ea70d, org.springframework.boot.test.context.filter.ExcludeFilterContextCustomizer@4f2c9ba6, org.springframework.boot.test.json.DuplicateJsonObjectContextCustomizerFactory$DuplicateJsonObjectContextCustomizer@4c37b5b, org.springframework.boot.test.mock.mockito.MockitoContextCustomizer@0, org.springframework.boot.test.web.client.TestRestTemplateContextCustomizer@4baf352a, org.springframework.boot.test.context.SpringBootTestArgs@1, org.springframework.boot.test.context.SpringBootTestWebEnvironment@1c39680d], resourceBasePath = 'src/main/webapp', contextLoader = 'org.springframework.boot.test.context.SpringBootContextLoader', parent = [null]], attributes = map['org.springframework.test.context.web.ServletTestExecutionListener.activateListener' -> true, 'org.springframework.test.context.web.ServletTestExecutionListener.populatedRequestContextHolder' -> true, 'org.springframework.test.context.web.ServletTestExecutionListener.resetRequestContextHolder' -> true, 'org.springframework.test.context.event.ApplicationEventsTestExecutionListener.recordApplicationEvents' -> false]]; transaction manager [org.springframework.orm.jpa.JpaTransactionManager@549be307]; rollback [true]
2023-11-13 21:06:19.649 DEBUG 13640 --- [    Test worker] org.hibernate.SQL                        : 
    delete 
    from
        customer
Hibernate: 
    delete 
    from
        customer
2023-11-13 21:06:19.760 DEBUG 13640 --- [    Test worker] org.hibernate.SQL                        : 
    select
        customeren0_.customer_key as customer1_2_,
        customeren0_.cart_id as cart_id7_2_,
        customeren0_.customer_id_email as customer2_2_,
        customeren0_.customer_location as customer3_2_,
        customeren0_.customer_name as customer4_2_,
        customeren0_.customer_password as customer5_2_,
        customeren0_.customer_phonenum as customer6_2_ 
    from
        customer customeren0_ 
    where
        customeren0_.customer_id_email=?
Hibernate: 
    select
        customeren0_.customer_key as customer1_2_,
        customeren0_.cart_id as cart_id7_2_,
        customeren0_.customer_id_email as customer2_2_,
        customeren0_.customer_location as customer3_2_,
        customeren0_.customer_name as customer4_2_,
        customeren0_.customer_password as customer5_2_,
        customeren0_.customer_phonenum as customer6_2_ 
    from
        customer customeren0_ 
    where
        customeren0_.customer_id_email=?
2023-11-13 21:06:19.763 TRACE 13640 --- [    Test worker] o.h.type.descriptor.sql.BasicBinder      : binding parameter [1] as [VARCHAR] - [ajou.gmail.com]
2023-11-13 21:06:19.864 DEBUG 13640 --- [    Test worker] org.hibernate.SQL                        : 
    insert 
    into
        customer
        (cart_id, customer_id_email, customer_location, customer_name, customer_password, customer_phonenum) 
    values
        (?, ?, ?, ?, ?, ?)
Hibernate: 
    insert 
    into
        customer
        (cart_id, customer_id_email, customer_location, customer_name, customer_password, customer_phonenum) 
    values
        (?, ?, ?, ?, ?, ?)
2023-11-13 21:06:19.865 TRACE 13640 --- [    Test worker] o.h.type.descriptor.sql.BasicBinder      : binding parameter [1] as [INTEGER] - [null]
2023-11-13 21:06:19.866 TRACE 13640 --- [    Test worker] o.h.type.descriptor.sql.BasicBinder      : binding parameter [2] as [VARCHAR] - [ajou.gmail.com]
2023-11-13 21:06:19.866 TRACE 13640 --- [    Test worker] o.h.type.descriptor.sql.BasicBinder      : binding parameter [3] as [VARCHAR] - [null]
2023-11-13 21:06:19.867 TRACE 13640 --- [    Test worker] o.h.type.descriptor.sql.BasicBinder      : binding parameter [4] as [VARCHAR] - [suhyeon]
2023-11-13 21:06:19.867 TRACE 13640 --- [    Test worker] o.h.type.descriptor.sql.BasicBinder      : binding parameter [5] as [VARCHAR] - [$2a$10$zj.G3R/.DL942N75x/CUr.D1M9Ajz.lkfSzE8pxKLVFtBckY1sPAW]
2023-11-13 21:06:19.867 TRACE 13640 --- [    Test worker] o.h.type.descriptor.sql.BasicBinder      : binding parameter [6] as [VARCHAR] - [010-1111-2222]
2023-11-13 21:06:19.876 DEBUG 13640 --- [    Test worker] org.hibernate.SQL                        : 
    select
        customeren0_.customer_key as customer1_2_,
        customeren0_.cart_id as cart_id7_2_,
        customeren0_.customer_id_email as customer2_2_,
        customeren0_.customer_location as customer3_2_,
        customeren0_.customer_name as customer4_2_,
        customeren0_.customer_password as customer5_2_,
        customeren0_.customer_phonenum as customer6_2_ 
    from
        customer customeren0_ 
    where
        customeren0_.customer_id_email=?
Hibernate: 
    select
        customeren0_.customer_key as customer1_2_,
        customeren0_.cart_id as cart_id7_2_,
        customeren0_.customer_id_email as customer2_2_,
        customeren0_.customer_location as customer3_2_,
        customeren0_.customer_name as customer4_2_,
        customeren0_.customer_password as customer5_2_,
        customeren0_.customer_phonenum as customer6_2_ 
    from
        customer customeren0_ 
    where
        customeren0_.customer_id_email=?
2023-11-13 21:06:19.878 TRACE 13640 --- [    Test worker] o.h.type.descriptor.sql.BasicBinder      : binding parameter [1] as [VARCHAR] - [ajou.gmail.com]
2023-11-13 21:06:19.996  INFO 13640 --- [    Test worker] o.s.t.c.transaction.TransactionContext   : Rolled back transaction for test: [DefaultTestContext@7ee55e70 testClass = CustomerServiceTest, testInstance = Unknown.PreScent.service.CustomerServiceTest@3ce71bbb, testMethod = loginSuccessTest@CustomerServiceTest, testException = [null], mergedContextConfiguration = [WebMergedContextConfiguration@3fcdcf testClass = CustomerServiceTest, locations = '{}', classes = '{class Unknown.PreScent.PreScentApplication}', contextInitializerClasses = '[]', activeProfiles = '{}', propertySourceLocations = '{}', propertySourceProperties = '{org.springframework.boot.test.context.SpringBootTestContextBootstrapper=true}', contextCustomizers = set[org.springframework.boot.test.autoconfigure.actuate.metrics.MetricsExportContextCustomizerFactory$DisableMetricExportContextCustomizer@285c08c8, org.springframework.boot.test.autoconfigure.properties.PropertyMappingContextCustomizer@0, org.springframework.boot.test.autoconfigure.web.servlet.WebDriverContextCustomizerFactory$Customizer@5b7ea70d, org.springframework.boot.test.context.filter.ExcludeFilterContextCustomizer@4f2c9ba6, org.springframework.boot.test.json.DuplicateJsonObjectContextCustomizerFactory$DuplicateJsonObjectContextCustomizer@4c37b5b, org.springframework.boot.test.mock.mockito.MockitoContextCustomizer@0, org.springframework.boot.test.web.client.TestRestTemplateContextCustomizer@4baf352a, org.springframework.boot.test.context.SpringBootTestArgs@1, org.springframework.boot.test.context.SpringBootTestWebEnvironment@1c39680d], resourceBasePath = 'src/main/webapp', contextLoader = 'org.springframework.boot.test.context.SpringBootContextLoader', parent = [null]], attributes = map['org.springframework.test.context.web.ServletTestExecutionListener.activateListener' -> true, 'org.springframework.test.context.web.ServletTestExecutionListener.populatedRequestContextHolder' -> true, 'org.springframework.test.context.web.ServletTestExecutionListener.resetRequestContextHolder' -> true, 'org.springframework.test.context.event.ApplicationEventsTestExecutionListener.recordApplicationEvents' -> false]]
2023-11-13 21:06:20.006  INFO 13640 --- [    Test worker] o.s.t.c.transaction.TransactionContext   : Began transaction (1) for test context [DefaultTestContext@7ee55e70 testClass = CustomerServiceTest, testInstance = Unknown.PreScent.service.CustomerServiceTest@384b718c, testMethod = saveDuplicateCustomerTest@CustomerServiceTest, testException = [null], mergedContextConfiguration = [WebMergedContextConfiguration@3fcdcf testClass = CustomerServiceTest, locations = '{}', classes = '{class Unknown.PreScent.PreScentApplication}', contextInitializerClasses = '[]', activeProfiles = '{}', propertySourceLocations = '{}', propertySourceProperties = '{org.springframework.boot.test.context.SpringBootTestContextBootstrapper=true}', contextCustomizers = set[org.springframework.boot.test.autoconfigure.actuate.metrics.MetricsExportContextCustomizerFactory$DisableMetricExportContextCustomizer@285c08c8, org.springframework.boot.test.autoconfigure.properties.PropertyMappingContextCustomizer@0, org.springframework.boot.test.autoconfigure.web.servlet.WebDriverContextCustomizerFactory$Customizer@5b7ea70d, org.springframework.boot.test.context.filter.ExcludeFilterContextCustomizer@4f2c9ba6, org.springframework.boot.test.json.DuplicateJsonObjectContextCustomizerFactory$DuplicateJsonObjectContextCustomizer@4c37b5b, org.springframework.boot.test.mock.mockito.MockitoContextCustomizer@0, org.springframework.boot.test.web.client.TestRestTemplateContextCustomizer@4baf352a, org.springframework.boot.test.context.SpringBootTestArgs@1, org.springframework.boot.test.context.SpringBootTestWebEnvironment@1c39680d], resourceBasePath = 'src/main/webapp', contextLoader = 'org.springframework.boot.test.context.SpringBootContextLoader', parent = [null]], attributes = map['org.springframework.test.context.web.ServletTestExecutionListener.activateListener' -> true, 'org.springframework.test.context.web.ServletTestExecutionListener.populatedRequestContextHolder' -> true, 'org.springframework.test.context.web.ServletTestExecutionListener.resetRequestContextHolder' -> true, 'org.springframework.test.context.event.ApplicationEventsTestExecutionListener.recordApplicationEvents' -> false]]; transaction manager [org.springframework.orm.jpa.JpaTransactionManager@549be307]; rollback [true]
2023-11-13 21:06:20.007 DEBUG 13640 --- [    Test worker] org.hibernate.SQL                        : 
    delete 
    from
        customer
Hibernate: 
    delete 
    from
        customer
2023-11-13 21:06:20.016 DEBUG 13640 --- [    Test worker] org.hibernate.SQL                        : 
    select
        customeren0_.customer_key as customer1_2_,
        customeren0_.cart_id as cart_id7_2_,
        customeren0_.customer_id_email as customer2_2_,
        customeren0_.customer_location as customer3_2_,
        customeren0_.customer_name as customer4_2_,
        customeren0_.customer_password as customer5_2_,
        customeren0_.customer_phonenum as customer6_2_ 
    from
        customer customeren0_ 
    where
        customeren0_.customer_id_email=?
Hibernate: 
    select
        customeren0_.customer_key as customer1_2_,
        customeren0_.cart_id as cart_id7_2_,
        customeren0_.customer_id_email as customer2_2_,
        customeren0_.customer_location as customer3_2_,
        customeren0_.customer_name as customer4_2_,
        customeren0_.customer_password as customer5_2_,
        customeren0_.customer_phonenum as customer6_2_ 
    from
        customer customeren0_ 
    where
        customeren0_.customer_id_email=?
2023-11-13 21:06:20.017 TRACE 13640 --- [    Test worker] o.h.type.descriptor.sql.BasicBinder      : binding parameter [1] as [VARCHAR] - [ajou.gmail.com]
2023-11-13 21:06:20.026 DEBUG 13640 --- [    Test worker] org.hibernate.SQL                        : 
    insert 
    into
        customer
        (cart_id, customer_id_email, customer_location, customer_name, customer_password, customer_phonenum) 
    values
        (?, ?, ?, ?, ?, ?)
Hibernate: 
    insert 
    into
        customer
        (cart_id, customer_id_email, customer_location, customer_name, customer_password, customer_phonenum) 
    values
        (?, ?, ?, ?, ?, ?)
2023-11-13 21:06:20.028 TRACE 13640 --- [    Test worker] o.h.type.descriptor.sql.BasicBinder      : binding parameter [1] as [INTEGER] - [null]
2023-11-13 21:06:20.028 TRACE 13640 --- [    Test worker] o.h.type.descriptor.sql.BasicBinder      : binding parameter [2] as [VARCHAR] - [ajou.gmail.com]
2023-11-13 21:06:20.028 TRACE 13640 --- [    Test worker] o.h.type.descriptor.sql.BasicBinder      : binding parameter [3] as [VARCHAR] - [null]
2023-11-13 21:06:20.028 TRACE 13640 --- [    Test worker] o.h.type.descriptor.sql.BasicBinder      : binding parameter [4] as [VARCHAR] - [suhyeon]
2023-11-13 21:06:20.029 TRACE 13640 --- [    Test worker] o.h.type.descriptor.sql.BasicBinder      : binding parameter [5] as [VARCHAR] - [04prescent]
2023-11-13 21:06:20.029 TRACE 13640 --- [    Test worker] o.h.type.descriptor.sql.BasicBinder      : binding parameter [6] as [VARCHAR] - [010-1111-2222]
2023-11-13 21:06:20.039 DEBUG 13640 --- [    Test worker] org.hibernate.SQL                        : 
    select
        customeren0_.customer_key as customer1_2_,
        customeren0_.cart_id as cart_id7_2_,
        customeren0_.customer_id_email as customer2_2_,
        customeren0_.customer_location as customer3_2_,
        customeren0_.customer_name as customer4_2_,
        customeren0_.customer_password as customer5_2_,
        customeren0_.customer_phonenum as customer6_2_ 
    from
        customer customeren0_ 
    where
        customeren0_.customer_id_email=?
Hibernate: 
    select
        customeren0_.customer_key as customer1_2_,
        customeren0_.cart_id as cart_id7_2_,
        customeren0_.customer_id_email as customer2_2_,
        customeren0_.customer_location as customer3_2_,
        customeren0_.customer_name as customer4_2_,
        customeren0_.customer_password as customer5_2_,
        customeren0_.customer_phonenum as customer6_2_ 
    from
        customer customeren0_ 
    where
        customeren0_.customer_id_email=?
2023-11-13 21:06:20.040 TRACE 13640 --- [    Test worker] o.h.type.descriptor.sql.BasicBinder      : binding parameter [1] as [VARCHAR] - [ajou.gmail.com]
2023-11-13 21:06:20.066  INFO 13640 --- [    Test worker] o.s.t.c.transaction.TransactionContext   : Rolled back transaction for test: [DefaultTestContext@7ee55e70 testClass = CustomerServiceTest, testInstance = Unknown.PreScent.service.CustomerServiceTest@384b718c, testMethod = saveDuplicateCustomerTest@CustomerServiceTest, testException = [null], mergedContextConfiguration = [WebMergedContextConfiguration@3fcdcf testClass = CustomerServiceTest, locations = '{}', classes = '{class Unknown.PreScent.PreScentApplication}', contextInitializerClasses = '[]', activeProfiles = '{}', propertySourceLocations = '{}', propertySourceProperties = '{org.springframework.boot.test.context.SpringBootTestContextBootstrapper=true}', contextCustomizers = set[org.springframework.boot.test.autoconfigure.actuate.metrics.MetricsExportContextCustomizerFactory$DisableMetricExportContextCustomizer@285c08c8, org.springframework.boot.test.autoconfigure.properties.PropertyMappingContextCustomizer@0, org.springframework.boot.test.autoconfigure.web.servlet.WebDriverContextCustomizerFactory$Customizer@5b7ea70d, org.springframework.boot.test.context.filter.ExcludeFilterContextCustomizer@4f2c9ba6, org.springframework.boot.test.json.DuplicateJsonObjectContextCustomizerFactory$DuplicateJsonObjectContextCustomizer@4c37b5b, org.springframework.boot.test.mock.mockito.MockitoContextCustomizer@0, org.springframework.boot.test.web.client.TestRestTemplateContextCustomizer@4baf352a, org.springframework.boot.test.context.SpringBootTestArgs@1, org.springframework.boot.test.context.SpringBootTestWebEnvironment@1c39680d], resourceBasePath = 'src/main/webapp', contextLoader = 'org.springframework.boot.test.context.SpringBootContextLoader', parent = [null]], attributes = map['org.springframework.test.context.web.ServletTestExecutionListener.activateListener' -> true, 'org.springframework.test.context.web.ServletTestExecutionListener.populatedRequestContextHolder' -> true, 'org.springframework.test.context.web.ServletTestExecutionListener.resetRequestContextHolder' -> true, 'org.springframework.test.context.event.ApplicationEventsTestExecutionListener.recordApplicationEvents' -> false]]
2023-11-13 21:06:20.076  INFO 13640 --- [    Test worker] o.s.t.c.transaction.TransactionContext   : Began transaction (1) for test context [DefaultTestContext@7ee55e70 testClass = CustomerServiceTest, testInstance = Unknown.PreScent.service.CustomerServiceTest@6a0d47e8, testMethod = loginFailureWrongIdTest@CustomerServiceTest, testException = [null], mergedContextConfiguration = [WebMergedContextConfiguration@3fcdcf testClass = CustomerServiceTest, locations = '{}', classes = '{class Unknown.PreScent.PreScentApplication}', contextInitializerClasses = '[]', activeProfiles = '{}', propertySourceLocations = '{}', propertySourceProperties = '{org.springframework.boot.test.context.SpringBootTestContextBootstrapper=true}', contextCustomizers = set[org.springframework.boot.test.autoconfigure.actuate.metrics.MetricsExportContextCustomizerFactory$DisableMetricExportContextCustomizer@285c08c8, org.springframework.boot.test.autoconfigure.properties.PropertyMappingContextCustomizer@0, org.springframework.boot.test.autoconfigure.web.servlet.WebDriverContextCustomizerFactory$Customizer@5b7ea70d, org.springframework.boot.test.context.filter.ExcludeFilterContextCustomizer@4f2c9ba6, org.springframework.boot.test.json.DuplicateJsonObjectContextCustomizerFactory$DuplicateJsonObjectContextCustomizer@4c37b5b, org.springframework.boot.test.mock.mockito.MockitoContextCustomizer@0, org.springframework.boot.test.web.client.TestRestTemplateContextCustomizer@4baf352a, org.springframework.boot.test.context.SpringBootTestArgs@1, org.springframework.boot.test.context.SpringBootTestWebEnvironment@1c39680d], resourceBasePath = 'src/main/webapp', contextLoader = 'org.springframework.boot.test.context.SpringBootContextLoader', parent = [null]], attributes = map['org.springframework.test.context.web.ServletTestExecutionListener.activateListener' -> true, 'org.springframework.test.context.web.ServletTestExecutionListener.populatedRequestContextHolder' -> true, 'org.springframework.test.context.web.ServletTestExecutionListener.resetRequestContextHolder' -> true, 'org.springframework.test.context.event.ApplicationEventsTestExecutionListener.recordApplicationEvents' -> false]]; transaction manager [org.springframework.orm.jpa.JpaTransactionManager@549be307]; rollback [true]
2023-11-13 21:06:20.078 DEBUG 13640 --- [    Test worker] org.hibernate.SQL                        : 
    delete 
    from
        customer
Hibernate: 
    delete 
    from
        customer
2023-11-13 21:06:20.086 DEBUG 13640 --- [    Test worker] org.hibernate.SQL                        : 
    select
        customeren0_.customer_key as customer1_2_,
        customeren0_.cart_id as cart_id7_2_,
        customeren0_.customer_id_email as customer2_2_,
        customeren0_.customer_location as customer3_2_,
        customeren0_.customer_name as customer4_2_,
        customeren0_.customer_password as customer5_2_,
        customeren0_.customer_phonenum as customer6_2_ 
    from
        customer customeren0_ 
    where
        customeren0_.customer_id_email=?
Hibernate: 
    select
        customeren0_.customer_key as customer1_2_,
        customeren0_.cart_id as cart_id7_2_,
        customeren0_.customer_id_email as customer2_2_,
        customeren0_.customer_location as customer3_2_,
        customeren0_.customer_name as customer4_2_,
        customeren0_.customer_password as customer5_2_,
        customeren0_.customer_phonenum as customer6_2_ 
    from
        customer customeren0_ 
    where
        customeren0_.customer_id_email=?
2023-11-13 21:06:20.088 TRACE 13640 --- [    Test worker] o.h.type.descriptor.sql.BasicBinder      : binding parameter [1] as [VARCHAR] - [ajou.gmail.com]
2023-11-13 21:06:20.226 DEBUG 13640 --- [    Test worker] org.hibernate.SQL                        : 
    insert 
    into
        customer
        (cart_id, customer_id_email, customer_location, customer_name, customer_password, customer_phonenum) 
    values
        (?, ?, ?, ?, ?, ?)
Hibernate: 
    insert 
    into
        customer
        (cart_id, customer_id_email, customer_location, customer_name, customer_password, customer_phonenum) 
    values
        (?, ?, ?, ?, ?, ?)
2023-11-13 21:06:20.228 TRACE 13640 --- [    Test worker] o.h.type.descriptor.sql.BasicBinder      : binding parameter [1] as [INTEGER] - [null]
2023-11-13 21:06:20.228 TRACE 13640 --- [    Test worker] o.h.type.descriptor.sql.BasicBinder      : binding parameter [2] as [VARCHAR] - [ajou.gmail.com]
2023-11-13 21:06:20.228 TRACE 13640 --- [    Test worker] o.h.type.descriptor.sql.BasicBinder      : binding parameter [3] as [VARCHAR] - [null]
2023-11-13 21:06:20.229 TRACE 13640 --- [    Test worker] o.h.type.descriptor.sql.BasicBinder      : binding parameter [4] as [VARCHAR] - [suhyeon]
2023-11-13 21:06:20.229 TRACE 13640 --- [    Test worker] o.h.type.descriptor.sql.BasicBinder      : binding parameter [5] as [VARCHAR] - [$2a$10$oKd2Dy9dm5CBEC9OinyMPuUKG4uPhxuxFpnXjnwCHTP.SR8IPM3.O]
2023-11-13 21:06:20.229 TRACE 13640 --- [    Test worker] o.h.type.descriptor.sql.BasicBinder      : binding parameter [6] as [VARCHAR] - [010-1111-2222]
2023-11-13 21:06:20.240 DEBUG 13640 --- [    Test worker] org.hibernate.SQL                        : 
    select
        customeren0_.customer_key as customer1_2_,
        customeren0_.cart_id as cart_id7_2_,
        customeren0_.customer_id_email as customer2_2_,
        customeren0_.customer_location as customer3_2_,
        customeren0_.customer_name as customer4_2_,
        customeren0_.customer_password as customer5_2_,
        customeren0_.customer_phonenum as customer6_2_ 
    from
        customer customeren0_ 
    where
        customeren0_.customer_id_email=?
Hibernate: 
    select
        customeren0_.customer_key as customer1_2_,
        customeren0_.cart_id as cart_id7_2_,
        customeren0_.customer_id_email as customer2_2_,
        customeren0_.customer_location as customer3_2_,
        customeren0_.customer_name as customer4_2_,
        customeren0_.customer_password as customer5_2_,
        customeren0_.customer_phonenum as customer6_2_ 
    from
        customer customeren0_ 
    where
        customeren0_.customer_id_email=?
2023-11-13 21:06:20.241 TRACE 13640 --- [    Test worker] o.h.type.descriptor.sql.BasicBinder      : binding parameter [1] as [VARCHAR] - [wrongId]
2023-11-13 21:06:20.265  INFO 13640 --- [    Test worker] o.s.t.c.transaction.TransactionContext   : Rolled back transaction for test: [DefaultTestContext@7ee55e70 testClass = CustomerServiceTest, testInstance = Unknown.PreScent.service.CustomerServiceTest@6a0d47e8, testMethod = loginFailureWrongIdTest@CustomerServiceTest, testException = [null], mergedContextConfiguration = [WebMergedContextConfiguration@3fcdcf testClass = CustomerServiceTest, locations = '{}', classes = '{class Unknown.PreScent.PreScentApplication}', contextInitializerClasses = '[]', activeProfiles = '{}', propertySourceLocations = '{}', propertySourceProperties = '{org.springframework.boot.test.context.SpringBootTestContextBootstrapper=true}', contextCustomizers = set[org.springframework.boot.test.autoconfigure.actuate.metrics.MetricsExportContextCustomizerFactory$DisableMetricExportContextCustomizer@285c08c8, org.springframework.boot.test.autoconfigure.properties.PropertyMappingContextCustomizer@0, org.springframework.boot.test.autoconfigure.web.servlet.WebDriverContextCustomizerFactory$Customizer@5b7ea70d, org.springframework.boot.test.context.filter.ExcludeFilterContextCustomizer@4f2c9ba6, org.springframework.boot.test.json.DuplicateJsonObjectContextCustomizerFactory$DuplicateJsonObjectContextCustomizer@4c37b5b, org.springframework.boot.test.mock.mockito.MockitoContextCustomizer@0, org.springframework.boot.test.web.client.TestRestTemplateContextCustomizer@4baf352a, org.springframework.boot.test.context.SpringBootTestArgs@1, org.springframework.boot.test.context.SpringBootTestWebEnvironment@1c39680d], resourceBasePath = 'src/main/webapp', contextLoader = 'org.springframework.boot.test.context.SpringBootContextLoader', parent = [null]], attributes = map['org.springframework.test.context.web.ServletTestExecutionListener.activateListener' -> true, 'org.springframework.test.context.web.ServletTestExecutionListener.populatedRequestContextHolder' -> true, 'org.springframework.test.context.web.ServletTestExecutionListener.resetRequestContextHolder' -> true, 'org.springframework.test.context.event.ApplicationEventsTestExecutionListener.recordApplicationEvents' -> false]]
]]></system-out>
  <system-err><![CDATA[]]></system-err>
</testsuite>
