<?xml version="1.0" encoding="UTF-8"?>
<testsuite name="net.prescent.service.SellerServiceTest" tests="6" skipped="0" failures="0" errors="0" timestamp="2023-11-28T11:52:40" hostname="DESKTOP-KHMF9AU" time="3.405">
  <properties/>
  <testcase name="판매자 회원가입 테스트" classname="net.prescent.service.SellerServiceTest" time="0.519"/>
  <testcase name="중복 사업자번호 가입 테스트" classname="net.prescent.service.SellerServiceTest" time="0.392"/>
  <testcase name="판매자 로그아웃 테스트" classname="net.prescent.service.SellerServiceTest" time="0.823"/>
  <testcase name="판매자 로그인 실패 - 잘못된 비밀번호 테스트" classname="net.prescent.service.SellerServiceTest" time="0.568"/>
  <testcase name="판매자 로그인 성공 테스트" classname="net.prescent.service.SellerServiceTest" time="0.673"/>
  <testcase name="판매자 로그인 실패 - 잘못된 Email 테스트" classname="net.prescent.service.SellerServiceTest" time="0.417"/>
  <system-out><![CDATA[2023-11-28 20:52:40.362  INFO 24932 --- [    Test worker] .b.t.c.SpringBootTestContextBootstrapper : Neither @ContextConfiguration nor @ContextHierarchy found for test class [net.prescent.service.SellerServiceTest], using SpringBootContextLoader
2023-11-28 20:52:40.365  INFO 24932 --- [    Test worker] o.s.t.c.support.AbstractContextLoader    : Could not detect default resource locations for test class [net.prescent.service.SellerServiceTest]: no resource found for suffixes {-context.xml, Context.groovy}.
2023-11-28 20:52:40.365  INFO 24932 --- [    Test worker] t.c.s.AnnotationConfigContextLoaderUtils : Could not detect default configuration classes for test class [net.prescent.service.SellerServiceTest]: SellerServiceTest does not declare any static, non-private, non-final, nested classes annotated with @Configuration.
2023-11-28 20:52:40.369  INFO 24932 --- [    Test worker] .b.t.c.SpringBootTestContextBootstrapper : Found @SpringBootConfiguration net.prescent.PreScentApplication for test class net.prescent.service.SellerServiceTest
2023-11-28 20:52:40.370  INFO 24932 --- [    Test worker] .b.t.c.SpringBootTestContextBootstrapper : Loaded default TestExecutionListener class names from location [META-INF/spring.factories]: [org.springframework.security.test.context.support.WithSecurityContextTestExecutionListener, org.springframework.security.test.context.support.ReactorContextTestExecutionListener, org.springframework.boot.test.autoconfigure.restdocs.RestDocsTestExecutionListener, org.springframework.boot.test.autoconfigure.web.client.MockRestServiceServerResetTestExecutionListener, org.springframework.boot.test.autoconfigure.web.servlet.MockMvcPrintOnlyOnFailureTestExecutionListener, org.springframework.boot.test.autoconfigure.web.servlet.WebDriverTestExecutionListener, org.springframework.boot.test.autoconfigure.webservices.client.MockWebServiceServerTestExecutionListener, org.springframework.boot.test.mock.mockito.MockitoTestExecutionListener, org.springframework.boot.test.mock.mockito.ResetMocksTestExecutionListener, org.springframework.test.context.web.ServletTestExecutionListener, org.springframework.test.context.support.DirtiesContextBeforeModesTestExecutionListener, org.springframework.test.context.event.ApplicationEventsTestExecutionListener, org.springframework.test.context.support.DependencyInjectionTestExecutionListener, org.springframework.test.context.support.DirtiesContextTestExecutionListener, org.springframework.test.context.transaction.TransactionalTestExecutionListener, org.springframework.test.context.jdbc.SqlScriptsTestExecutionListener, org.springframework.test.context.event.EventPublishingTestExecutionListener]
2023-11-28 20:52:40.371  INFO 24932 --- [    Test worker] .b.t.c.SpringBootTestContextBootstrapper : Using TestExecutionListeners: [org.springframework.test.context.web.ServletTestExecutionListener@268f73, org.springframework.test.context.support.DirtiesContextBeforeModesTestExecutionListener@138e876, org.springframework.test.context.event.ApplicationEventsTestExecutionListener@b2819f, org.springframework.boot.test.mock.mockito.MockitoTestExecutionListener@1dac812, org.springframework.boot.test.autoconfigure.SpringBootDependencyInjectionTestExecutionListener@1619ecd, org.springframework.test.context.support.DirtiesContextTestExecutionListener@1e4bd8f, org.springframework.test.context.transaction.TransactionalTestExecutionListener@13e65d5, org.springframework.test.context.jdbc.SqlScriptsTestExecutionListener@97b4b8, org.springframework.security.test.context.support.WithSecurityContextTestExecutionListener@10fc0d1, org.springframework.test.context.event.EventPublishingTestExecutionListener@1df193a, org.springframework.security.test.context.support.ReactorContextTestExecutionListener@1a5cb99, org.springframework.boot.test.autoconfigure.restdocs.RestDocsTestExecutionListener@808fa1, org.springframework.boot.test.autoconfigure.web.client.MockRestServiceServerResetTestExecutionListener@152ce28, org.springframework.boot.test.autoconfigure.web.servlet.MockMvcPrintOnlyOnFailureTestExecutionListener@c10ab1, org.springframework.boot.test.autoconfigure.web.servlet.WebDriverTestExecutionListener@101fbf3, org.springframework.boot.test.autoconfigure.webservices.client.MockWebServiceServerTestExecutionListener@1f88d35, org.springframework.boot.test.mock.mockito.ResetMocksTestExecutionListener@962cec]
2023-11-28 20:52:40.405  INFO 24932 --- [    Test worker] o.s.t.c.transaction.TransactionContext   : Began transaction (1) for test context [DefaultTestContext@1cf6e8c testClass = SellerServiceTest, testInstance = net.prescent.service.SellerServiceTest@145cb17, testMethod = signupSellerTest@SellerServiceTest, testException = [null], mergedContextConfiguration = [WebMergedContextConfiguration@15b3ec7 testClass = SellerServiceTest, locations = '{}', classes = '{class net.prescent.PreScentApplication}', contextInitializerClasses = '[]', activeProfiles = '{}', propertySourceLocations = '{}', propertySourceProperties = '{org.springframework.boot.test.context.SpringBootTestContextBootstrapper=true}', contextCustomizers = set[org.springframework.boot.test.autoconfigure.actuate.metrics.MetricsExportContextCustomizerFactory$DisableMetricExportContextCustomizer@54db99, org.springframework.boot.test.autoconfigure.properties.PropertyMappingContextCustomizer@0, org.springframework.boot.test.autoconfigure.web.servlet.WebDriverContextCustomizerFactory$Customizer@1e5f0ef, org.springframework.boot.test.context.filter.ExcludeFilterContextCustomizer@f57b3d, org.springframework.boot.test.json.DuplicateJsonObjectContextCustomizerFactory$DuplicateJsonObjectContextCustomizer@260766, org.springframework.boot.test.mock.mockito.MockitoContextCustomizer@0, org.springframework.boot.test.web.client.TestRestTemplateContextCustomizer@625ccd, org.springframework.boot.test.web.reactive.server.WebTestClientContextCustomizer@fde30a, org.springframework.boot.test.context.SpringBootTestArgs@1, org.springframework.boot.test.context.SpringBootTestWebEnvironment@dec700], resourceBasePath = 'src/main/webapp', contextLoader = 'org.springframework.boot.test.context.SpringBootContextLoader', parent = [null]], attributes = map['org.springframework.test.context.web.ServletTestExecutionListener.activateListener' -> true, 'org.springframework.test.context.web.ServletTestExecutionListener.populatedRequestContextHolder' -> true, 'org.springframework.test.context.web.ServletTestExecutionListener.resetRequestContextHolder' -> true, 'org.springframework.test.context.event.ApplicationEventsTestExecutionListener.recordApplicationEvents' -> false]]; transaction manager [org.springframework.orm.jpa.JpaTransactionManager@12c9b65]; rollback [true]
2023-11-28 20:52:40.410 DEBUG 24932 --- [    Test worker] org.hibernate.SQL                        : 
    delete 
    from
        seller
Hibernate: 
    delete 
    from
        seller
2023-11-28 20:52:40.436 DEBUG 24932 --- [    Test worker] org.hibernate.SQL                        : 
    select
        sellerenti0_.seller_key as seller_k1_5_,
        sellerenti0_.shop_key as shop_key7_5_,
        sellerenti0_.isgrant as isgrant2_5_,
        sellerenti0_.seller_id_email as seller_i3_5_,
        sellerenti0_.seller_name as seller_n4_5_,
        sellerenti0_.seller_password as seller_p5_5_,
        sellerenti0_.seller_phonenum as seller_p6_5_ 
    from
        seller sellerenti0_ 
    where
        sellerenti0_.seller_key=?
Hibernate: 
    select
        sellerenti0_.seller_key as seller_k1_5_,
        sellerenti0_.shop_key as shop_key7_5_,
        sellerenti0_.isgrant as isgrant2_5_,
        sellerenti0_.seller_id_email as seller_i3_5_,
        sellerenti0_.seller_name as seller_n4_5_,
        sellerenti0_.seller_password as seller_p5_5_,
        sellerenti0_.seller_phonenum as seller_p6_5_ 
    from
        seller sellerenti0_ 
    where
        sellerenti0_.seller_key=?
2023-11-28 20:52:40.437 TRACE 24932 --- [    Test worker] o.h.type.descriptor.sql.BasicBinder      : binding parameter [1] as [INTEGER] - [123456789]
2023-11-28 20:52:40.585 DEBUG 24932 --- [    Test worker] org.hibernate.SQL                        : 
    select
        sellerenti0_.seller_key as seller_k1_5_0_,
        sellerenti0_.shop_key as shop_key7_5_0_,
        sellerenti0_.isgrant as isgrant2_5_0_,
        sellerenti0_.seller_id_email as seller_i3_5_0_,
        sellerenti0_.seller_name as seller_n4_5_0_,
        sellerenti0_.seller_password as seller_p5_5_0_,
        sellerenti0_.seller_phonenum as seller_p6_5_0_ 
    from
        seller sellerenti0_ 
    where
        sellerenti0_.seller_key=?
Hibernate: 
    select
        sellerenti0_.seller_key as seller_k1_5_0_,
        sellerenti0_.shop_key as shop_key7_5_0_,
        sellerenti0_.isgrant as isgrant2_5_0_,
        sellerenti0_.seller_id_email as seller_i3_5_0_,
        sellerenti0_.seller_name as seller_n4_5_0_,
        sellerenti0_.seller_password as seller_p5_5_0_,
        sellerenti0_.seller_phonenum as seller_p6_5_0_ 
    from
        seller sellerenti0_ 
    where
        sellerenti0_.seller_key=?
2023-11-28 20:52:40.585 TRACE 24932 --- [    Test worker] o.h.type.descriptor.sql.BasicBinder      : binding parameter [1] as [INTEGER] - [123456789]
2023-11-28 20:52:40.633 DEBUG 24932 --- [    Test worker] org.hibernate.SQL                        : 
    insert 
    into
        seller
        (shop_key, isgrant, seller_id_email, seller_name, seller_password, seller_phonenum, seller_key) 
    values
        (?, ?, ?, ?, ?, ?, ?)
Hibernate: 
    insert 
    into
        seller
        (shop_key, isgrant, seller_id_email, seller_name, seller_password, seller_phonenum, seller_key) 
    values
        (?, ?, ?, ?, ?, ?, ?)
2023-11-28 20:52:40.634 TRACE 24932 --- [    Test worker] o.h.type.descriptor.sql.BasicBinder      : binding parameter [1] as [INTEGER] - [null]
2023-11-28 20:52:40.634 TRACE 24932 --- [    Test worker] o.h.type.descriptor.sql.BasicBinder      : binding parameter [2] as [INTEGER] - [null]
2023-11-28 20:52:40.634 TRACE 24932 --- [    Test worker] o.h.type.descriptor.sql.BasicBinder      : binding parameter [3] as [VARCHAR] - [ajou@gmail.com]
2023-11-28 20:52:40.634 TRACE 24932 --- [    Test worker] o.h.type.descriptor.sql.BasicBinder      : binding parameter [4] as [VARCHAR] - [suhyeon]
2023-11-28 20:52:40.634 TRACE 24932 --- [    Test worker] o.h.type.descriptor.sql.BasicBinder      : binding parameter [5] as [VARCHAR] - [$2a$10$O5gr.0KWxN9fxVcCp.Zh2u3g4O0LldujxQ0OTp3Ww6m4KgC.Yv2m2]
2023-11-28 20:52:40.634 TRACE 24932 --- [    Test worker] o.h.type.descriptor.sql.BasicBinder      : binding parameter [6] as [VARCHAR] - [010-1111-2222]
2023-11-28 20:52:40.635 TRACE 24932 --- [    Test worker] o.h.type.descriptor.sql.BasicBinder      : binding parameter [7] as [INTEGER] - [123456789]
2023-11-28 20:52:40.665 DEBUG 24932 --- [    Test worker] org.hibernate.SQL                        : 
    select
        sellerenti0_.seller_key as seller_k1_5_,
        sellerenti0_.shop_key as shop_key7_5_,
        sellerenti0_.isgrant as isgrant2_5_,
        sellerenti0_.seller_id_email as seller_i3_5_,
        sellerenti0_.seller_name as seller_n4_5_,
        sellerenti0_.seller_password as seller_p5_5_,
        sellerenti0_.seller_phonenum as seller_p6_5_ 
    from
        seller sellerenti0_ 
    where
        sellerenti0_.seller_id_email=?
Hibernate: 
    select
        sellerenti0_.seller_key as seller_k1_5_,
        sellerenti0_.shop_key as shop_key7_5_,
        sellerenti0_.isgrant as isgrant2_5_,
        sellerenti0_.seller_id_email as seller_i3_5_,
        sellerenti0_.seller_name as seller_n4_5_,
        sellerenti0_.seller_password as seller_p5_5_,
        sellerenti0_.seller_phonenum as seller_p6_5_ 
    from
        seller sellerenti0_ 
    where
        sellerenti0_.seller_id_email=?
2023-11-28 20:52:40.666 TRACE 24932 --- [    Test worker] o.h.type.descriptor.sql.BasicBinder      : binding parameter [1] as [VARCHAR] - [ajou@gmail.com]
2023-11-28 20:52:40.896  INFO 24932 --- [    Test worker] o.s.t.c.transaction.TransactionContext   : Rolled back transaction for test: [DefaultTestContext@1cf6e8c testClass = SellerServiceTest, testInstance = net.prescent.service.SellerServiceTest@145cb17, testMethod = signupSellerTest@SellerServiceTest, testException = [null], mergedContextConfiguration = [WebMergedContextConfiguration@15b3ec7 testClass = SellerServiceTest, locations = '{}', classes = '{class net.prescent.PreScentApplication}', contextInitializerClasses = '[]', activeProfiles = '{}', propertySourceLocations = '{}', propertySourceProperties = '{org.springframework.boot.test.context.SpringBootTestContextBootstrapper=true}', contextCustomizers = set[org.springframework.boot.test.autoconfigure.actuate.metrics.MetricsExportContextCustomizerFactory$DisableMetricExportContextCustomizer@54db99, org.springframework.boot.test.autoconfigure.properties.PropertyMappingContextCustomizer@0, org.springframework.boot.test.autoconfigure.web.servlet.WebDriverContextCustomizerFactory$Customizer@1e5f0ef, org.springframework.boot.test.context.filter.ExcludeFilterContextCustomizer@f57b3d, org.springframework.boot.test.json.DuplicateJsonObjectContextCustomizerFactory$DuplicateJsonObjectContextCustomizer@260766, org.springframework.boot.test.mock.mockito.MockitoContextCustomizer@0, org.springframework.boot.test.web.client.TestRestTemplateContextCustomizer@625ccd, org.springframework.boot.test.web.reactive.server.WebTestClientContextCustomizer@fde30a, org.springframework.boot.test.context.SpringBootTestArgs@1, org.springframework.boot.test.context.SpringBootTestWebEnvironment@dec700], resourceBasePath = 'src/main/webapp', contextLoader = 'org.springframework.boot.test.context.SpringBootContextLoader', parent = [null]], attributes = map['org.springframework.test.context.web.ServletTestExecutionListener.activateListener' -> true, 'org.springframework.test.context.web.ServletTestExecutionListener.populatedRequestContextHolder' -> true, 'org.springframework.test.context.web.ServletTestExecutionListener.resetRequestContextHolder' -> true, 'org.springframework.test.context.event.ApplicationEventsTestExecutionListener.recordApplicationEvents' -> false]]
2023-11-28 20:52:40.920  INFO 24932 --- [    Test worker] o.s.t.c.transaction.TransactionContext   : Began transaction (1) for test context [DefaultTestContext@1cf6e8c testClass = SellerServiceTest, testInstance = net.prescent.service.SellerServiceTest@15dc4bb, testMethod = signupDuplicateSellerKeyTest@SellerServiceTest, testException = [null], mergedContextConfiguration = [WebMergedContextConfiguration@15b3ec7 testClass = SellerServiceTest, locations = '{}', classes = '{class net.prescent.PreScentApplication}', contextInitializerClasses = '[]', activeProfiles = '{}', propertySourceLocations = '{}', propertySourceProperties = '{org.springframework.boot.test.context.SpringBootTestContextBootstrapper=true}', contextCustomizers = set[org.springframework.boot.test.autoconfigure.actuate.metrics.MetricsExportContextCustomizerFactory$DisableMetricExportContextCustomizer@54db99, org.springframework.boot.test.autoconfigure.properties.PropertyMappingContextCustomizer@0, org.springframework.boot.test.autoconfigure.web.servlet.WebDriverContextCustomizerFactory$Customizer@1e5f0ef, org.springframework.boot.test.context.filter.ExcludeFilterContextCustomizer@f57b3d, org.springframework.boot.test.json.DuplicateJsonObjectContextCustomizerFactory$DuplicateJsonObjectContextCustomizer@260766, org.springframework.boot.test.mock.mockito.MockitoContextCustomizer@0, org.springframework.boot.test.web.client.TestRestTemplateContextCustomizer@625ccd, org.springframework.boot.test.web.reactive.server.WebTestClientContextCustomizer@fde30a, org.springframework.boot.test.context.SpringBootTestArgs@1, org.springframework.boot.test.context.SpringBootTestWebEnvironment@dec700], resourceBasePath = 'src/main/webapp', contextLoader = 'org.springframework.boot.test.context.SpringBootContextLoader', parent = [null]], attributes = map['org.springframework.test.context.web.ServletTestExecutionListener.activateListener' -> true, 'org.springframework.test.context.web.ServletTestExecutionListener.populatedRequestContextHolder' -> true, 'org.springframework.test.context.web.ServletTestExecutionListener.resetRequestContextHolder' -> true, 'org.springframework.test.context.event.ApplicationEventsTestExecutionListener.recordApplicationEvents' -> false]]; transaction manager [org.springframework.orm.jpa.JpaTransactionManager@12c9b65]; rollback [true]
2023-11-28 20:52:40.923 DEBUG 24932 --- [    Test worker] org.hibernate.SQL                        : 
    delete 
    from
        seller
Hibernate: 
    delete 
    from
        seller
2023-11-28 20:52:40.946 DEBUG 24932 --- [    Test worker] org.hibernate.SQL                        : 
    select
        sellerenti0_.seller_key as seller_k1_5_,
        sellerenti0_.shop_key as shop_key7_5_,
        sellerenti0_.isgrant as isgrant2_5_,
        sellerenti0_.seller_id_email as seller_i3_5_,
        sellerenti0_.seller_name as seller_n4_5_,
        sellerenti0_.seller_password as seller_p5_5_,
        sellerenti0_.seller_phonenum as seller_p6_5_ 
    from
        seller sellerenti0_ 
    where
        sellerenti0_.seller_key=?
Hibernate: 
    select
        sellerenti0_.seller_key as seller_k1_5_,
        sellerenti0_.shop_key as shop_key7_5_,
        sellerenti0_.isgrant as isgrant2_5_,
        sellerenti0_.seller_id_email as seller_i3_5_,
        sellerenti0_.seller_name as seller_n4_5_,
        sellerenti0_.seller_password as seller_p5_5_,
        sellerenti0_.seller_phonenum as seller_p6_5_ 
    from
        seller sellerenti0_ 
    where
        sellerenti0_.seller_key=?
2023-11-28 20:52:40.947 TRACE 24932 --- [    Test worker] o.h.type.descriptor.sql.BasicBinder      : binding parameter [1] as [INTEGER] - [123456789]
2023-11-28 20:52:41.117 DEBUG 24932 --- [    Test worker] org.hibernate.SQL                        : 
    select
        sellerenti0_.seller_key as seller_k1_5_0_,
        sellerenti0_.shop_key as shop_key7_5_0_,
        sellerenti0_.isgrant as isgrant2_5_0_,
        sellerenti0_.seller_id_email as seller_i3_5_0_,
        sellerenti0_.seller_name as seller_n4_5_0_,
        sellerenti0_.seller_password as seller_p5_5_0_,
        sellerenti0_.seller_phonenum as seller_p6_5_0_ 
    from
        seller sellerenti0_ 
    where
        sellerenti0_.seller_key=?
Hibernate: 
    select
        sellerenti0_.seller_key as seller_k1_5_0_,
        sellerenti0_.shop_key as shop_key7_5_0_,
        sellerenti0_.isgrant as isgrant2_5_0_,
        sellerenti0_.seller_id_email as seller_i3_5_0_,
        sellerenti0_.seller_name as seller_n4_5_0_,
        sellerenti0_.seller_password as seller_p5_5_0_,
        sellerenti0_.seller_phonenum as seller_p6_5_0_ 
    from
        seller sellerenti0_ 
    where
        sellerenti0_.seller_key=?
2023-11-28 20:52:41.118 TRACE 24932 --- [    Test worker] o.h.type.descriptor.sql.BasicBinder      : binding parameter [1] as [INTEGER] - [123456789]
2023-11-28 20:52:41.168 DEBUG 24932 --- [    Test worker] org.hibernate.SQL                        : 
    insert 
    into
        seller
        (shop_key, isgrant, seller_id_email, seller_name, seller_password, seller_phonenum, seller_key) 
    values
        (?, ?, ?, ?, ?, ?, ?)
Hibernate: 
    insert 
    into
        seller
        (shop_key, isgrant, seller_id_email, seller_name, seller_password, seller_phonenum, seller_key) 
    values
        (?, ?, ?, ?, ?, ?, ?)
2023-11-28 20:52:41.169 TRACE 24932 --- [    Test worker] o.h.type.descriptor.sql.BasicBinder      : binding parameter [1] as [INTEGER] - [null]
2023-11-28 20:52:41.169 TRACE 24932 --- [    Test worker] o.h.type.descriptor.sql.BasicBinder      : binding parameter [2] as [INTEGER] - [null]
2023-11-28 20:52:41.169 TRACE 24932 --- [    Test worker] o.h.type.descriptor.sql.BasicBinder      : binding parameter [3] as [VARCHAR] - [ajou@gmail.com]
2023-11-28 20:52:41.170 TRACE 24932 --- [    Test worker] o.h.type.descriptor.sql.BasicBinder      : binding parameter [4] as [VARCHAR] - [suhyeon]
2023-11-28 20:52:41.170 TRACE 24932 --- [    Test worker] o.h.type.descriptor.sql.BasicBinder      : binding parameter [5] as [VARCHAR] - [$2a$10$URSG1QOi8bbbfWkqL8bhxO6o0Pg7pJcwGH8c6EbRvNTcRJtDcSEdy]
2023-11-28 20:52:41.170 TRACE 24932 --- [    Test worker] o.h.type.descriptor.sql.BasicBinder      : binding parameter [6] as [VARCHAR] - [010-1111-2222]
2023-11-28 20:52:41.170 TRACE 24932 --- [    Test worker] o.h.type.descriptor.sql.BasicBinder      : binding parameter [7] as [INTEGER] - [123456789]
2023-11-28 20:52:41.200 DEBUG 24932 --- [    Test worker] org.hibernate.SQL                        : 
    select
        sellerenti0_.seller_key as seller_k1_5_,
        sellerenti0_.shop_key as shop_key7_5_,
        sellerenti0_.isgrant as isgrant2_5_,
        sellerenti0_.seller_id_email as seller_i3_5_,
        sellerenti0_.seller_name as seller_n4_5_,
        sellerenti0_.seller_password as seller_p5_5_,
        sellerenti0_.seller_phonenum as seller_p6_5_ 
    from
        seller sellerenti0_ 
    where
        sellerenti0_.seller_key=?
Hibernate: 
    select
        sellerenti0_.seller_key as seller_k1_5_,
        sellerenti0_.shop_key as shop_key7_5_,
        sellerenti0_.isgrant as isgrant2_5_,
        sellerenti0_.seller_id_email as seller_i3_5_,
        sellerenti0_.seller_name as seller_n4_5_,
        sellerenti0_.seller_password as seller_p5_5_,
        sellerenti0_.seller_phonenum as seller_p6_5_ 
    from
        seller sellerenti0_ 
    where
        sellerenti0_.seller_key=?
2023-11-28 20:52:41.201 TRACE 24932 --- [    Test worker] o.h.type.descriptor.sql.BasicBinder      : binding parameter [1] as [INTEGER] - [123456789]
2023-11-28 20:52:41.290  INFO 24932 --- [    Test worker] o.s.t.c.transaction.TransactionContext   : Rolled back transaction for test: [DefaultTestContext@1cf6e8c testClass = SellerServiceTest, testInstance = net.prescent.service.SellerServiceTest@15dc4bb, testMethod = signupDuplicateSellerKeyTest@SellerServiceTest, testException = [null], mergedContextConfiguration = [WebMergedContextConfiguration@15b3ec7 testClass = SellerServiceTest, locations = '{}', classes = '{class net.prescent.PreScentApplication}', contextInitializerClasses = '[]', activeProfiles = '{}', propertySourceLocations = '{}', propertySourceProperties = '{org.springframework.boot.test.context.SpringBootTestContextBootstrapper=true}', contextCustomizers = set[org.springframework.boot.test.autoconfigure.actuate.metrics.MetricsExportContextCustomizerFactory$DisableMetricExportContextCustomizer@54db99, org.springframework.boot.test.autoconfigure.properties.PropertyMappingContextCustomizer@0, org.springframework.boot.test.autoconfigure.web.servlet.WebDriverContextCustomizerFactory$Customizer@1e5f0ef, org.springframework.boot.test.context.filter.ExcludeFilterContextCustomizer@f57b3d, org.springframework.boot.test.json.DuplicateJsonObjectContextCustomizerFactory$DuplicateJsonObjectContextCustomizer@260766, org.springframework.boot.test.mock.mockito.MockitoContextCustomizer@0, org.springframework.boot.test.web.client.TestRestTemplateContextCustomizer@625ccd, org.springframework.boot.test.web.reactive.server.WebTestClientContextCustomizer@fde30a, org.springframework.boot.test.context.SpringBootTestArgs@1, org.springframework.boot.test.context.SpringBootTestWebEnvironment@dec700], resourceBasePath = 'src/main/webapp', contextLoader = 'org.springframework.boot.test.context.SpringBootContextLoader', parent = [null]], attributes = map['org.springframework.test.context.web.ServletTestExecutionListener.activateListener' -> true, 'org.springframework.test.context.web.ServletTestExecutionListener.populatedRequestContextHolder' -> true, 'org.springframework.test.context.web.ServletTestExecutionListener.resetRequestContextHolder' -> true, 'org.springframework.test.context.event.ApplicationEventsTestExecutionListener.recordApplicationEvents' -> false]]
2023-11-28 20:52:41.320  INFO 24932 --- [    Test worker] o.s.t.c.transaction.TransactionContext   : Began transaction (1) for test context [DefaultTestContext@1cf6e8c testClass = SellerServiceTest, testInstance = net.prescent.service.SellerServiceTest@5c253a, testMethod = logoutTest@SellerServiceTest, testException = [null], mergedContextConfiguration = [WebMergedContextConfiguration@15b3ec7 testClass = SellerServiceTest, locations = '{}', classes = '{class net.prescent.PreScentApplication}', contextInitializerClasses = '[]', activeProfiles = '{}', propertySourceLocations = '{}', propertySourceProperties = '{org.springframework.boot.test.context.SpringBootTestContextBootstrapper=true}', contextCustomizers = set[org.springframework.boot.test.autoconfigure.actuate.metrics.MetricsExportContextCustomizerFactory$DisableMetricExportContextCustomizer@54db99, org.springframework.boot.test.autoconfigure.properties.PropertyMappingContextCustomizer@0, org.springframework.boot.test.autoconfigure.web.servlet.WebDriverContextCustomizerFactory$Customizer@1e5f0ef, org.springframework.boot.test.context.filter.ExcludeFilterContextCustomizer@f57b3d, org.springframework.boot.test.json.DuplicateJsonObjectContextCustomizerFactory$DuplicateJsonObjectContextCustomizer@260766, org.springframework.boot.test.mock.mockito.MockitoContextCustomizer@0, org.springframework.boot.test.web.client.TestRestTemplateContextCustomizer@625ccd, org.springframework.boot.test.web.reactive.server.WebTestClientContextCustomizer@fde30a, org.springframework.boot.test.context.SpringBootTestArgs@1, org.springframework.boot.test.context.SpringBootTestWebEnvironment@dec700], resourceBasePath = 'src/main/webapp', contextLoader = 'org.springframework.boot.test.context.SpringBootContextLoader', parent = [null]], attributes = map['org.springframework.test.context.web.ServletTestExecutionListener.activateListener' -> true, 'org.springframework.test.context.web.ServletTestExecutionListener.populatedRequestContextHolder' -> true, 'org.springframework.test.context.web.ServletTestExecutionListener.resetRequestContextHolder' -> true, 'org.springframework.test.context.event.ApplicationEventsTestExecutionListener.recordApplicationEvents' -> false]]; transaction manager [org.springframework.orm.jpa.JpaTransactionManager@12c9b65]; rollback [true]
2023-11-28 20:52:41.323 DEBUG 24932 --- [    Test worker] org.hibernate.SQL                        : 
    delete 
    from
        seller
Hibernate: 
    delete 
    from
        seller
2023-11-28 20:52:41.351 DEBUG 24932 --- [    Test worker] org.hibernate.SQL                        : 
    select
        sellerenti0_.seller_key as seller_k1_5_,
        sellerenti0_.shop_key as shop_key7_5_,
        sellerenti0_.isgrant as isgrant2_5_,
        sellerenti0_.seller_id_email as seller_i3_5_,
        sellerenti0_.seller_name as seller_n4_5_,
        sellerenti0_.seller_password as seller_p5_5_,
        sellerenti0_.seller_phonenum as seller_p6_5_ 
    from
        seller sellerenti0_ 
    where
        sellerenti0_.seller_key=?
Hibernate: 
    select
        sellerenti0_.seller_key as seller_k1_5_,
        sellerenti0_.shop_key as shop_key7_5_,
        sellerenti0_.isgrant as isgrant2_5_,
        sellerenti0_.seller_id_email as seller_i3_5_,
        sellerenti0_.seller_name as seller_n4_5_,
        sellerenti0_.seller_password as seller_p5_5_,
        sellerenti0_.seller_phonenum as seller_p6_5_ 
    from
        seller sellerenti0_ 
    where
        sellerenti0_.seller_key=?
2023-11-28 20:52:41.352 TRACE 24932 --- [    Test worker] o.h.type.descriptor.sql.BasicBinder      : binding parameter [1] as [INTEGER] - [123456789]
2023-11-28 20:52:41.561 DEBUG 24932 --- [    Test worker] org.hibernate.SQL                        : 
    select
        sellerenti0_.seller_key as seller_k1_5_0_,
        sellerenti0_.shop_key as shop_key7_5_0_,
        sellerenti0_.isgrant as isgrant2_5_0_,
        sellerenti0_.seller_id_email as seller_i3_5_0_,
        sellerenti0_.seller_name as seller_n4_5_0_,
        sellerenti0_.seller_password as seller_p5_5_0_,
        sellerenti0_.seller_phonenum as seller_p6_5_0_ 
    from
        seller sellerenti0_ 
    where
        sellerenti0_.seller_key=?
Hibernate: 
    select
        sellerenti0_.seller_key as seller_k1_5_0_,
        sellerenti0_.shop_key as shop_key7_5_0_,
        sellerenti0_.isgrant as isgrant2_5_0_,
        sellerenti0_.seller_id_email as seller_i3_5_0_,
        sellerenti0_.seller_name as seller_n4_5_0_,
        sellerenti0_.seller_password as seller_p5_5_0_,
        sellerenti0_.seller_phonenum as seller_p6_5_0_ 
    from
        seller sellerenti0_ 
    where
        sellerenti0_.seller_key=?
2023-11-28 20:52:41.562 TRACE 24932 --- [    Test worker] o.h.type.descriptor.sql.BasicBinder      : binding parameter [1] as [INTEGER] - [123456789]
2023-11-28 20:52:41.617 DEBUG 24932 --- [    Test worker] org.hibernate.SQL                        : 
    insert 
    into
        seller
        (shop_key, isgrant, seller_id_email, seller_name, seller_password, seller_phonenum, seller_key) 
    values
        (?, ?, ?, ?, ?, ?, ?)
Hibernate: 
    insert 
    into
        seller
        (shop_key, isgrant, seller_id_email, seller_name, seller_password, seller_phonenum, seller_key) 
    values
        (?, ?, ?, ?, ?, ?, ?)
2023-11-28 20:52:41.618 TRACE 24932 --- [    Test worker] o.h.type.descriptor.sql.BasicBinder      : binding parameter [1] as [INTEGER] - [null]
2023-11-28 20:52:41.618 TRACE 24932 --- [    Test worker] o.h.type.descriptor.sql.BasicBinder      : binding parameter [2] as [INTEGER] - [null]
2023-11-28 20:52:41.618 TRACE 24932 --- [    Test worker] o.h.type.descriptor.sql.BasicBinder      : binding parameter [3] as [VARCHAR] - [ajou@gmail.com]
2023-11-28 20:52:41.618 TRACE 24932 --- [    Test worker] o.h.type.descriptor.sql.BasicBinder      : binding parameter [4] as [VARCHAR] - [suhyeon]
2023-11-28 20:52:41.618 TRACE 24932 --- [    Test worker] o.h.type.descriptor.sql.BasicBinder      : binding parameter [5] as [VARCHAR] - [$2a$10$tHLT3uTEWk4w.untOYWCoOvEpRTwEJ7X69ma5O3/E5BXaG4gzrKPi]
2023-11-28 20:52:41.619 TRACE 24932 --- [    Test worker] o.h.type.descriptor.sql.BasicBinder      : binding parameter [6] as [VARCHAR] - [010-1111-2222]
2023-11-28 20:52:41.619 TRACE 24932 --- [    Test worker] o.h.type.descriptor.sql.BasicBinder      : binding parameter [7] as [INTEGER] - [123456789]
2023-11-28 20:52:41.650 DEBUG 24932 --- [    Test worker] org.hibernate.SQL                        : 
    select
        sellerenti0_.seller_key as seller_k1_5_,
        sellerenti0_.shop_key as shop_key7_5_,
        sellerenti0_.isgrant as isgrant2_5_,
        sellerenti0_.seller_id_email as seller_i3_5_,
        sellerenti0_.seller_name as seller_n4_5_,
        sellerenti0_.seller_password as seller_p5_5_,
        sellerenti0_.seller_phonenum as seller_p6_5_ 
    from
        seller sellerenti0_ 
    where
        sellerenti0_.seller_id_email=?
Hibernate: 
    select
        sellerenti0_.seller_key as seller_k1_5_,
        sellerenti0_.shop_key as shop_key7_5_,
        sellerenti0_.isgrant as isgrant2_5_,
        sellerenti0_.seller_id_email as seller_i3_5_,
        sellerenti0_.seller_name as seller_n4_5_,
        sellerenti0_.seller_password as seller_p5_5_,
        sellerenti0_.seller_phonenum as seller_p6_5_ 
    from
        seller sellerenti0_ 
    where
        sellerenti0_.seller_id_email=?
2023-11-28 20:52:41.651 TRACE 24932 --- [    Test worker] o.h.type.descriptor.sql.BasicBinder      : binding parameter [1] as [VARCHAR] - [ajou@gmail.com]
2023-11-28 20:52:41.847 DEBUG 24932 --- [    Test worker] org.hibernate.SQL                        : 
    select
        accesstoke0_.token as token1_0_0_,
        accesstoke0_.seller_key as seller_k2_0_0_ 
    from
        access_token accesstoke0_ 
    where
        accesstoke0_.token=?
Hibernate: 
    select
        accesstoke0_.token as token1_0_0_,
        accesstoke0_.seller_key as seller_k2_0_0_ 
    from
        access_token accesstoke0_ 
    where
        accesstoke0_.token=?
2023-11-28 20:52:41.849 TRACE 24932 --- [    Test worker] o.h.type.descriptor.sql.BasicBinder      : binding parameter [1] as [VARCHAR] - [b5f28ad0-24ec-4511-a7d1-2bb209bd1074]
2023-11-28 20:52:41.895 DEBUG 24932 --- [    Test worker] org.hibernate.SQL                        : 
    insert 
    into
        access_token
        (seller_key, token) 
    values
        (?, ?)
Hibernate: 
    insert 
    into
        access_token
        (seller_key, token) 
    values
        (?, ?)
2023-11-28 20:52:41.895 TRACE 24932 --- [    Test worker] o.h.type.descriptor.sql.BasicBinder      : binding parameter [1] as [INTEGER] - [123456789]
2023-11-28 20:52:41.896 TRACE 24932 --- [    Test worker] o.h.type.descriptor.sql.BasicBinder      : binding parameter [2] as [VARCHAR] - [b5f28ad0-24ec-4511-a7d1-2bb209bd1074]
2023-11-28 20:52:41.924 DEBUG 24932 --- [    Test worker] org.hibernate.SQL                        : 
    select
        accesstoke0_.token as token1_0_,
        accesstoke0_.seller_key as seller_k2_0_ 
    from
        access_token accesstoke0_ 
    where
        accesstoke0_.token=?
Hibernate: 
    select
        accesstoke0_.token as token1_0_,
        accesstoke0_.seller_key as seller_k2_0_ 
    from
        access_token accesstoke0_ 
    where
        accesstoke0_.token=?
2023-11-28 20:52:41.925 TRACE 24932 --- [    Test worker] o.h.type.descriptor.sql.BasicBinder      : binding parameter [1] as [VARCHAR] - [b5f28ad0-24ec-4511-a7d1-2bb209bd1074]
2023-11-28 20:52:41.953 DEBUG 24932 --- [    Test worker] org.hibernate.SQL                        : 
    select
        accesstoke0_.token as token1_0_,
        accesstoke0_.seller_key as seller_k2_0_ 
    from
        access_token accesstoke0_ 
    where
        accesstoke0_.token=?
Hibernate: 
    select
        accesstoke0_.token as token1_0_,
        accesstoke0_.seller_key as seller_k2_0_ 
    from
        access_token accesstoke0_ 
    where
        accesstoke0_.token=?
2023-11-28 20:52:41.954 TRACE 24932 --- [    Test worker] o.h.type.descriptor.sql.BasicBinder      : binding parameter [1] as [VARCHAR] - [b5f28ad0-24ec-4511-a7d1-2bb209bd1074]
2023-11-28 20:52:41.998 DEBUG 24932 --- [    Test worker] org.hibernate.SQL                        : 
    delete 
    from
        access_token 
    where
        token=?
Hibernate: 
    delete 
    from
        access_token 
    where
        token=?
2023-11-28 20:52:41.999 TRACE 24932 --- [    Test worker] o.h.type.descriptor.sql.BasicBinder      : binding parameter [1] as [VARCHAR] - [b5f28ad0-24ec-4511-a7d1-2bb209bd1074]
2023-11-28 20:52:42.029 DEBUG 24932 --- [    Test worker] org.hibernate.SQL                        : 
    select
        accesstoke0_.token as token1_0_,
        accesstoke0_.seller_key as seller_k2_0_ 
    from
        access_token accesstoke0_ 
    where
        accesstoke0_.token=?
Hibernate: 
    select
        accesstoke0_.token as token1_0_,
        accesstoke0_.seller_key as seller_k2_0_ 
    from
        access_token accesstoke0_ 
    where
        accesstoke0_.token=?
2023-11-28 20:52:42.030 TRACE 24932 --- [    Test worker] o.h.type.descriptor.sql.BasicBinder      : binding parameter [1] as [VARCHAR] - [b5f28ad0-24ec-4511-a7d1-2bb209bd1074]
2023-11-28 20:52:42.115  INFO 24932 --- [    Test worker] o.s.t.c.transaction.TransactionContext   : Rolled back transaction for test: [DefaultTestContext@1cf6e8c testClass = SellerServiceTest, testInstance = net.prescent.service.SellerServiceTest@5c253a, testMethod = logoutTest@SellerServiceTest, testException = [null], mergedContextConfiguration = [WebMergedContextConfiguration@15b3ec7 testClass = SellerServiceTest, locations = '{}', classes = '{class net.prescent.PreScentApplication}', contextInitializerClasses = '[]', activeProfiles = '{}', propertySourceLocations = '{}', propertySourceProperties = '{org.springframework.boot.test.context.SpringBootTestContextBootstrapper=true}', contextCustomizers = set[org.springframework.boot.test.autoconfigure.actuate.metrics.MetricsExportContextCustomizerFactory$DisableMetricExportContextCustomizer@54db99, org.springframework.boot.test.autoconfigure.properties.PropertyMappingContextCustomizer@0, org.springframework.boot.test.autoconfigure.web.servlet.WebDriverContextCustomizerFactory$Customizer@1e5f0ef, org.springframework.boot.test.context.filter.ExcludeFilterContextCustomizer@f57b3d, org.springframework.boot.test.json.DuplicateJsonObjectContextCustomizerFactory$DuplicateJsonObjectContextCustomizer@260766, org.springframework.boot.test.mock.mockito.MockitoContextCustomizer@0, org.springframework.boot.test.web.client.TestRestTemplateContextCustomizer@625ccd, org.springframework.boot.test.web.reactive.server.WebTestClientContextCustomizer@fde30a, org.springframework.boot.test.context.SpringBootTestArgs@1, org.springframework.boot.test.context.SpringBootTestWebEnvironment@dec700], resourceBasePath = 'src/main/webapp', contextLoader = 'org.springframework.boot.test.context.SpringBootContextLoader', parent = [null]], attributes = map['org.springframework.test.context.web.ServletTestExecutionListener.activateListener' -> true, 'org.springframework.test.context.web.ServletTestExecutionListener.populatedRequestContextHolder' -> true, 'org.springframework.test.context.web.ServletTestExecutionListener.resetRequestContextHolder' -> true, 'org.springframework.test.context.event.ApplicationEventsTestExecutionListener.recordApplicationEvents' -> false]]
2023-11-28 20:52:42.139  INFO 24932 --- [    Test worker] o.s.t.c.transaction.TransactionContext   : Began transaction (1) for test context [DefaultTestContext@1cf6e8c testClass = SellerServiceTest, testInstance = net.prescent.service.SellerServiceTest@9c6d8a, testMethod = loginFailureWrongPasswordTest@SellerServiceTest, testException = [null], mergedContextConfiguration = [WebMergedContextConfiguration@15b3ec7 testClass = SellerServiceTest, locations = '{}', classes = '{class net.prescent.PreScentApplication}', contextInitializerClasses = '[]', activeProfiles = '{}', propertySourceLocations = '{}', propertySourceProperties = '{org.springframework.boot.test.context.SpringBootTestContextBootstrapper=true}', contextCustomizers = set[org.springframework.boot.test.autoconfigure.actuate.metrics.MetricsExportContextCustomizerFactory$DisableMetricExportContextCustomizer@54db99, org.springframework.boot.test.autoconfigure.properties.PropertyMappingContextCustomizer@0, org.springframework.boot.test.autoconfigure.web.servlet.WebDriverContextCustomizerFactory$Customizer@1e5f0ef, org.springframework.boot.test.context.filter.ExcludeFilterContextCustomizer@f57b3d, org.springframework.boot.test.json.DuplicateJsonObjectContextCustomizerFactory$DuplicateJsonObjectContextCustomizer@260766, org.springframework.boot.test.mock.mockito.MockitoContextCustomizer@0, org.springframework.boot.test.web.client.TestRestTemplateContextCustomizer@625ccd, org.springframework.boot.test.web.reactive.server.WebTestClientContextCustomizer@fde30a, org.springframework.boot.test.context.SpringBootTestArgs@1, org.springframework.boot.test.context.SpringBootTestWebEnvironment@dec700], resourceBasePath = 'src/main/webapp', contextLoader = 'org.springframework.boot.test.context.SpringBootContextLoader', parent = [null]], attributes = map['org.springframework.test.context.web.ServletTestExecutionListener.activateListener' -> true, 'org.springframework.test.context.web.ServletTestExecutionListener.populatedRequestContextHolder' -> true, 'org.springframework.test.context.web.ServletTestExecutionListener.resetRequestContextHolder' -> true, 'org.springframework.test.context.event.ApplicationEventsTestExecutionListener.recordApplicationEvents' -> false]]; transaction manager [org.springframework.orm.jpa.JpaTransactionManager@12c9b65]; rollback [true]
2023-11-28 20:52:42.143 DEBUG 24932 --- [    Test worker] org.hibernate.SQL                        : 
    delete 
    from
        seller
Hibernate: 
    delete 
    from
        seller
2023-11-28 20:52:42.166 DEBUG 24932 --- [    Test worker] org.hibernate.SQL                        : 
    select
        sellerenti0_.seller_key as seller_k1_5_,
        sellerenti0_.shop_key as shop_key7_5_,
        sellerenti0_.isgrant as isgrant2_5_,
        sellerenti0_.seller_id_email as seller_i3_5_,
        sellerenti0_.seller_name as seller_n4_5_,
        sellerenti0_.seller_password as seller_p5_5_,
        sellerenti0_.seller_phonenum as seller_p6_5_ 
    from
        seller sellerenti0_ 
    where
        sellerenti0_.seller_key=?
Hibernate: 
    select
        sellerenti0_.seller_key as seller_k1_5_,
        sellerenti0_.shop_key as shop_key7_5_,
        sellerenti0_.isgrant as isgrant2_5_,
        sellerenti0_.seller_id_email as seller_i3_5_,
        sellerenti0_.seller_name as seller_n4_5_,
        sellerenti0_.seller_password as seller_p5_5_,
        sellerenti0_.seller_phonenum as seller_p6_5_ 
    from
        seller sellerenti0_ 
    where
        sellerenti0_.seller_key=?
2023-11-28 20:52:42.167 TRACE 24932 --- [    Test worker] o.h.type.descriptor.sql.BasicBinder      : binding parameter [1] as [INTEGER] - [123456789]
2023-11-28 20:52:42.343 DEBUG 24932 --- [    Test worker] org.hibernate.SQL                        : 
    select
        sellerenti0_.seller_key as seller_k1_5_0_,
        sellerenti0_.shop_key as shop_key7_5_0_,
        sellerenti0_.isgrant as isgrant2_5_0_,
        sellerenti0_.seller_id_email as seller_i3_5_0_,
        sellerenti0_.seller_name as seller_n4_5_0_,
        sellerenti0_.seller_password as seller_p5_5_0_,
        sellerenti0_.seller_phonenum as seller_p6_5_0_ 
    from
        seller sellerenti0_ 
    where
        sellerenti0_.seller_key=?
Hibernate: 
    select
        sellerenti0_.seller_key as seller_k1_5_0_,
        sellerenti0_.shop_key as shop_key7_5_0_,
        sellerenti0_.isgrant as isgrant2_5_0_,
        sellerenti0_.seller_id_email as seller_i3_5_0_,
        sellerenti0_.seller_name as seller_n4_5_0_,
        sellerenti0_.seller_password as seller_p5_5_0_,
        sellerenti0_.seller_phonenum as seller_p6_5_0_ 
    from
        seller sellerenti0_ 
    where
        sellerenti0_.seller_key=?
2023-11-28 20:52:42.344 TRACE 24932 --- [    Test worker] o.h.type.descriptor.sql.BasicBinder      : binding parameter [1] as [INTEGER] - [123456789]
2023-11-28 20:52:42.383 DEBUG 24932 --- [    Test worker] org.hibernate.SQL                        : 
    insert 
    into
        seller
        (shop_key, isgrant, seller_id_email, seller_name, seller_password, seller_phonenum, seller_key) 
    values
        (?, ?, ?, ?, ?, ?, ?)
Hibernate: 
    insert 
    into
        seller
        (shop_key, isgrant, seller_id_email, seller_name, seller_password, seller_phonenum, seller_key) 
    values
        (?, ?, ?, ?, ?, ?, ?)
2023-11-28 20:52:42.384 TRACE 24932 --- [    Test worker] o.h.type.descriptor.sql.BasicBinder      : binding parameter [1] as [INTEGER] - [null]
2023-11-28 20:52:42.384 TRACE 24932 --- [    Test worker] o.h.type.descriptor.sql.BasicBinder      : binding parameter [2] as [INTEGER] - [null]
2023-11-28 20:52:42.384 TRACE 24932 --- [    Test worker] o.h.type.descriptor.sql.BasicBinder      : binding parameter [3] as [VARCHAR] - [ajou@gmail.com]
2023-11-28 20:52:42.384 TRACE 24932 --- [    Test worker] o.h.type.descriptor.sql.BasicBinder      : binding parameter [4] as [VARCHAR] - [suhyeon]
2023-11-28 20:52:42.384 TRACE 24932 --- [    Test worker] o.h.type.descriptor.sql.BasicBinder      : binding parameter [5] as [VARCHAR] - [$2a$10$EXZGrdZD1riuso2f9gH5feF.gpDckwNBibj0V48Asg1FD3PcmXszK]
2023-11-28 20:52:42.385 TRACE 24932 --- [    Test worker] o.h.type.descriptor.sql.BasicBinder      : binding parameter [6] as [VARCHAR] - [010-1111-2222]
2023-11-28 20:52:42.385 TRACE 24932 --- [    Test worker] o.h.type.descriptor.sql.BasicBinder      : binding parameter [7] as [INTEGER] - [123456789]
2023-11-28 20:52:42.421 DEBUG 24932 --- [    Test worker] org.hibernate.SQL                        : 
    select
        sellerenti0_.seller_key as seller_k1_5_,
        sellerenti0_.shop_key as shop_key7_5_,
        sellerenti0_.isgrant as isgrant2_5_,
        sellerenti0_.seller_id_email as seller_i3_5_,
        sellerenti0_.seller_name as seller_n4_5_,
        sellerenti0_.seller_password as seller_p5_5_,
        sellerenti0_.seller_phonenum as seller_p6_5_ 
    from
        seller sellerenti0_ 
    where
        sellerenti0_.seller_id_email=?
Hibernate: 
    select
        sellerenti0_.seller_key as seller_k1_5_,
        sellerenti0_.shop_key as shop_key7_5_,
        sellerenti0_.isgrant as isgrant2_5_,
        sellerenti0_.seller_id_email as seller_i3_5_,
        sellerenti0_.seller_name as seller_n4_5_,
        sellerenti0_.seller_password as seller_p5_5_,
        sellerenti0_.seller_phonenum as seller_p6_5_ 
    from
        seller sellerenti0_ 
    where
        sellerenti0_.seller_id_email=?
2023-11-28 20:52:42.422 TRACE 24932 --- [    Test worker] o.h.type.descriptor.sql.BasicBinder      : binding parameter [1] as [VARCHAR] - [ajou@gmail.com]
2023-11-28 20:52:42.685  INFO 24932 --- [    Test worker] o.s.t.c.transaction.TransactionContext   : Rolled back transaction for test: [DefaultTestContext@1cf6e8c testClass = SellerServiceTest, testInstance = net.prescent.service.SellerServiceTest@9c6d8a, testMethod = loginFailureWrongPasswordTest@SellerServiceTest, testException = [null], mergedContextConfiguration = [WebMergedContextConfiguration@15b3ec7 testClass = SellerServiceTest, locations = '{}', classes = '{class net.prescent.PreScentApplication}', contextInitializerClasses = '[]', activeProfiles = '{}', propertySourceLocations = '{}', propertySourceProperties = '{org.springframework.boot.test.context.SpringBootTestContextBootstrapper=true}', contextCustomizers = set[org.springframework.boot.test.autoconfigure.actuate.metrics.MetricsExportContextCustomizerFactory$DisableMetricExportContextCustomizer@54db99, org.springframework.boot.test.autoconfigure.properties.PropertyMappingContextCustomizer@0, org.springframework.boot.test.autoconfigure.web.servlet.WebDriverContextCustomizerFactory$Customizer@1e5f0ef, org.springframework.boot.test.context.filter.ExcludeFilterContextCustomizer@f57b3d, org.springframework.boot.test.json.DuplicateJsonObjectContextCustomizerFactory$DuplicateJsonObjectContextCustomizer@260766, org.springframework.boot.test.mock.mockito.MockitoContextCustomizer@0, org.springframework.boot.test.web.client.TestRestTemplateContextCustomizer@625ccd, org.springframework.boot.test.web.reactive.server.WebTestClientContextCustomizer@fde30a, org.springframework.boot.test.context.SpringBootTestArgs@1, org.springframework.boot.test.context.SpringBootTestWebEnvironment@dec700], resourceBasePath = 'src/main/webapp', contextLoader = 'org.springframework.boot.test.context.SpringBootContextLoader', parent = [null]], attributes = map['org.springframework.test.context.web.ServletTestExecutionListener.activateListener' -> true, 'org.springframework.test.context.web.ServletTestExecutionListener.populatedRequestContextHolder' -> true, 'org.springframework.test.context.web.ServletTestExecutionListener.resetRequestContextHolder' -> true, 'org.springframework.test.context.event.ApplicationEventsTestExecutionListener.recordApplicationEvents' -> false]]
2023-11-28 20:52:42.715  INFO 24932 --- [    Test worker] o.s.t.c.transaction.TransactionContext   : Began transaction (1) for test context [DefaultTestContext@1cf6e8c testClass = SellerServiceTest, testInstance = net.prescent.service.SellerServiceTest@f822a6, testMethod = loginSuccessTest@SellerServiceTest, testException = [null], mergedContextConfiguration = [WebMergedContextConfiguration@15b3ec7 testClass = SellerServiceTest, locations = '{}', classes = '{class net.prescent.PreScentApplication}', contextInitializerClasses = '[]', activeProfiles = '{}', propertySourceLocations = '{}', propertySourceProperties = '{org.springframework.boot.test.context.SpringBootTestContextBootstrapper=true}', contextCustomizers = set[org.springframework.boot.test.autoconfigure.actuate.metrics.MetricsExportContextCustomizerFactory$DisableMetricExportContextCustomizer@54db99, org.springframework.boot.test.autoconfigure.properties.PropertyMappingContextCustomizer@0, org.springframework.boot.test.autoconfigure.web.servlet.WebDriverContextCustomizerFactory$Customizer@1e5f0ef, org.springframework.boot.test.context.filter.ExcludeFilterContextCustomizer@f57b3d, org.springframework.boot.test.json.DuplicateJsonObjectContextCustomizerFactory$DuplicateJsonObjectContextCustomizer@260766, org.springframework.boot.test.mock.mockito.MockitoContextCustomizer@0, org.springframework.boot.test.web.client.TestRestTemplateContextCustomizer@625ccd, org.springframework.boot.test.web.reactive.server.WebTestClientContextCustomizer@fde30a, org.springframework.boot.test.context.SpringBootTestArgs@1, org.springframework.boot.test.context.SpringBootTestWebEnvironment@dec700], resourceBasePath = 'src/main/webapp', contextLoader = 'org.springframework.boot.test.context.SpringBootContextLoader', parent = [null]], attributes = map['org.springframework.test.context.web.ServletTestExecutionListener.activateListener' -> true, 'org.springframework.test.context.web.ServletTestExecutionListener.populatedRequestContextHolder' -> true, 'org.springframework.test.context.web.ServletTestExecutionListener.resetRequestContextHolder' -> true, 'org.springframework.test.context.event.ApplicationEventsTestExecutionListener.recordApplicationEvents' -> false]]; transaction manager [org.springframework.orm.jpa.JpaTransactionManager@12c9b65]; rollback [true]
2023-11-28 20:52:42.718 DEBUG 24932 --- [    Test worker] org.hibernate.SQL                        : 
    delete 
    from
        seller
Hibernate: 
    delete 
    from
        seller
2023-11-28 20:52:42.746 DEBUG 24932 --- [    Test worker] org.hibernate.SQL                        : 
    select
        sellerenti0_.seller_key as seller_k1_5_,
        sellerenti0_.shop_key as shop_key7_5_,
        sellerenti0_.isgrant as isgrant2_5_,
        sellerenti0_.seller_id_email as seller_i3_5_,
        sellerenti0_.seller_name as seller_n4_5_,
        sellerenti0_.seller_password as seller_p5_5_,
        sellerenti0_.seller_phonenum as seller_p6_5_ 
    from
        seller sellerenti0_ 
    where
        sellerenti0_.seller_key=?
Hibernate: 
    select
        sellerenti0_.seller_key as seller_k1_5_,
        sellerenti0_.shop_key as shop_key7_5_,
        sellerenti0_.isgrant as isgrant2_5_,
        sellerenti0_.seller_id_email as seller_i3_5_,
        sellerenti0_.seller_name as seller_n4_5_,
        sellerenti0_.seller_password as seller_p5_5_,
        sellerenti0_.seller_phonenum as seller_p6_5_ 
    from
        seller sellerenti0_ 
    where
        sellerenti0_.seller_key=?
2023-11-28 20:52:42.747 TRACE 24932 --- [    Test worker] o.h.type.descriptor.sql.BasicBinder      : binding parameter [1] as [INTEGER] - [123456789]
2023-11-28 20:52:42.975 DEBUG 24932 --- [    Test worker] org.hibernate.SQL                        : 
    select
        sellerenti0_.seller_key as seller_k1_5_0_,
        sellerenti0_.shop_key as shop_key7_5_0_,
        sellerenti0_.isgrant as isgrant2_5_0_,
        sellerenti0_.seller_id_email as seller_i3_5_0_,
        sellerenti0_.seller_name as seller_n4_5_0_,
        sellerenti0_.seller_password as seller_p5_5_0_,
        sellerenti0_.seller_phonenum as seller_p6_5_0_ 
    from
        seller sellerenti0_ 
    where
        sellerenti0_.seller_key=?
Hibernate: 
    select
        sellerenti0_.seller_key as seller_k1_5_0_,
        sellerenti0_.shop_key as shop_key7_5_0_,
        sellerenti0_.isgrant as isgrant2_5_0_,
        sellerenti0_.seller_id_email as seller_i3_5_0_,
        sellerenti0_.seller_name as seller_n4_5_0_,
        sellerenti0_.seller_password as seller_p5_5_0_,
        sellerenti0_.seller_phonenum as seller_p6_5_0_ 
    from
        seller sellerenti0_ 
    where
        sellerenti0_.seller_key=?
2023-11-28 20:52:42.976 TRACE 24932 --- [    Test worker] o.h.type.descriptor.sql.BasicBinder      : binding parameter [1] as [INTEGER] - [123456789]
2023-11-28 20:52:43.011 DEBUG 24932 --- [    Test worker] org.hibernate.SQL                        : 
    insert 
    into
        seller
        (shop_key, isgrant, seller_id_email, seller_name, seller_password, seller_phonenum, seller_key) 
    values
        (?, ?, ?, ?, ?, ?, ?)
Hibernate: 
    insert 
    into
        seller
        (shop_key, isgrant, seller_id_email, seller_name, seller_password, seller_phonenum, seller_key) 
    values
        (?, ?, ?, ?, ?, ?, ?)
2023-11-28 20:52:43.012 TRACE 24932 --- [    Test worker] o.h.type.descriptor.sql.BasicBinder      : binding parameter [1] as [INTEGER] - [null]
2023-11-28 20:52:43.012 TRACE 24932 --- [    Test worker] o.h.type.descriptor.sql.BasicBinder      : binding parameter [2] as [INTEGER] - [null]
2023-11-28 20:52:43.012 TRACE 24932 --- [    Test worker] o.h.type.descriptor.sql.BasicBinder      : binding parameter [3] as [VARCHAR] - [ajou@gmail.com]
2023-11-28 20:52:43.012 TRACE 24932 --- [    Test worker] o.h.type.descriptor.sql.BasicBinder      : binding parameter [4] as [VARCHAR] - [suhyeon]
2023-11-28 20:52:43.012 TRACE 24932 --- [    Test worker] o.h.type.descriptor.sql.BasicBinder      : binding parameter [5] as [VARCHAR] - [$2a$10$ghlA0//jlCG7CUuCozjS0OngKk5Z3/E0KpR3M0XgZpO6IS2Rb9XUa]
2023-11-28 20:52:43.013 TRACE 24932 --- [    Test worker] o.h.type.descriptor.sql.BasicBinder      : binding parameter [6] as [VARCHAR] - [010-1111-2222]
2023-11-28 20:52:43.013 TRACE 24932 --- [    Test worker] o.h.type.descriptor.sql.BasicBinder      : binding parameter [7] as [INTEGER] - [123456789]
2023-11-28 20:52:43.049 DEBUG 24932 --- [    Test worker] org.hibernate.SQL                        : 
    select
        sellerenti0_.seller_key as seller_k1_5_,
        sellerenti0_.shop_key as shop_key7_5_,
        sellerenti0_.isgrant as isgrant2_5_,
        sellerenti0_.seller_id_email as seller_i3_5_,
        sellerenti0_.seller_name as seller_n4_5_,
        sellerenti0_.seller_password as seller_p5_5_,
        sellerenti0_.seller_phonenum as seller_p6_5_ 
    from
        seller sellerenti0_ 
    where
        sellerenti0_.seller_id_email=?
Hibernate: 
    select
        sellerenti0_.seller_key as seller_k1_5_,
        sellerenti0_.shop_key as shop_key7_5_,
        sellerenti0_.isgrant as isgrant2_5_,
        sellerenti0_.seller_id_email as seller_i3_5_,
        sellerenti0_.seller_name as seller_n4_5_,
        sellerenti0_.seller_password as seller_p5_5_,
        sellerenti0_.seller_phonenum as seller_p6_5_ 
    from
        seller sellerenti0_ 
    where
        sellerenti0_.seller_id_email=?
2023-11-28 20:52:43.050 TRACE 24932 --- [    Test worker] o.h.type.descriptor.sql.BasicBinder      : binding parameter [1] as [VARCHAR] - [ajou@gmail.com]
2023-11-28 20:52:43.195 DEBUG 24932 --- [    Test worker] org.hibernate.SQL                        : 
    select
        accesstoke0_.token as token1_0_0_,
        accesstoke0_.seller_key as seller_k2_0_0_ 
    from
        access_token accesstoke0_ 
    where
        accesstoke0_.token=?
Hibernate: 
    select
        accesstoke0_.token as token1_0_0_,
        accesstoke0_.seller_key as seller_k2_0_0_ 
    from
        access_token accesstoke0_ 
    where
        accesstoke0_.token=?
2023-11-28 20:52:43.195 TRACE 24932 --- [    Test worker] o.h.type.descriptor.sql.BasicBinder      : binding parameter [1] as [VARCHAR] - [367f145a-c710-4e15-bd0a-2b5a2b08ae0e]
2023-11-28 20:52:43.237 DEBUG 24932 --- [    Test worker] org.hibernate.SQL                        : 
    insert 
    into
        access_token
        (seller_key, token) 
    values
        (?, ?)
Hibernate: 
    insert 
    into
        access_token
        (seller_key, token) 
    values
        (?, ?)
2023-11-28 20:52:43.237 TRACE 24932 --- [    Test worker] o.h.type.descriptor.sql.BasicBinder      : binding parameter [1] as [INTEGER] - [123456789]
2023-11-28 20:52:43.237 TRACE 24932 --- [    Test worker] o.h.type.descriptor.sql.BasicBinder      : binding parameter [2] as [VARCHAR] - [367f145a-c710-4e15-bd0a-2b5a2b08ae0e]
2023-11-28 20:52:43.275 DEBUG 24932 --- [    Test worker] org.hibernate.SQL                        : 
    select
        accesstoke0_.token as token1_0_,
        accesstoke0_.seller_key as seller_k2_0_ 
    from
        access_token accesstoke0_ 
    where
        accesstoke0_.token=?
Hibernate: 
    select
        accesstoke0_.token as token1_0_,
        accesstoke0_.seller_key as seller_k2_0_ 
    from
        access_token accesstoke0_ 
    where
        accesstoke0_.token=?
2023-11-28 20:52:43.276 TRACE 24932 --- [    Test worker] o.h.type.descriptor.sql.BasicBinder      : binding parameter [1] as [VARCHAR] - [367f145a-c710-4e15-bd0a-2b5a2b08ae0e]
2023-11-28 20:52:43.360  INFO 24932 --- [    Test worker] o.s.t.c.transaction.TransactionContext   : Rolled back transaction for test: [DefaultTestContext@1cf6e8c testClass = SellerServiceTest, testInstance = net.prescent.service.SellerServiceTest@f822a6, testMethod = loginSuccessTest@SellerServiceTest, testException = [null], mergedContextConfiguration = [WebMergedContextConfiguration@15b3ec7 testClass = SellerServiceTest, locations = '{}', classes = '{class net.prescent.PreScentApplication}', contextInitializerClasses = '[]', activeProfiles = '{}', propertySourceLocations = '{}', propertySourceProperties = '{org.springframework.boot.test.context.SpringBootTestContextBootstrapper=true}', contextCustomizers = set[org.springframework.boot.test.autoconfigure.actuate.metrics.MetricsExportContextCustomizerFactory$DisableMetricExportContextCustomizer@54db99, org.springframework.boot.test.autoconfigure.properties.PropertyMappingContextCustomizer@0, org.springframework.boot.test.autoconfigure.web.servlet.WebDriverContextCustomizerFactory$Customizer@1e5f0ef, org.springframework.boot.test.context.filter.ExcludeFilterContextCustomizer@f57b3d, org.springframework.boot.test.json.DuplicateJsonObjectContextCustomizerFactory$DuplicateJsonObjectContextCustomizer@260766, org.springframework.boot.test.mock.mockito.MockitoContextCustomizer@0, org.springframework.boot.test.web.client.TestRestTemplateContextCustomizer@625ccd, org.springframework.boot.test.web.reactive.server.WebTestClientContextCustomizer@fde30a, org.springframework.boot.test.context.SpringBootTestArgs@1, org.springframework.boot.test.context.SpringBootTestWebEnvironment@dec700], resourceBasePath = 'src/main/webapp', contextLoader = 'org.springframework.boot.test.context.SpringBootContextLoader', parent = [null]], attributes = map['org.springframework.test.context.web.ServletTestExecutionListener.activateListener' -> true, 'org.springframework.test.context.web.ServletTestExecutionListener.populatedRequestContextHolder' -> true, 'org.springframework.test.context.web.ServletTestExecutionListener.resetRequestContextHolder' -> true, 'org.springframework.test.context.event.ApplicationEventsTestExecutionListener.recordApplicationEvents' -> false]]
2023-11-28 20:52:43.395  INFO 24932 --- [    Test worker] o.s.t.c.transaction.TransactionContext   : Began transaction (1) for test context [DefaultTestContext@1cf6e8c testClass = SellerServiceTest, testInstance = net.prescent.service.SellerServiceTest@12eddc2, testMethod = loginFailureWrongIdTest@SellerServiceTest, testException = [null], mergedContextConfiguration = [WebMergedContextConfiguration@15b3ec7 testClass = SellerServiceTest, locations = '{}', classes = '{class net.prescent.PreScentApplication}', contextInitializerClasses = '[]', activeProfiles = '{}', propertySourceLocations = '{}', propertySourceProperties = '{org.springframework.boot.test.context.SpringBootTestContextBootstrapper=true}', contextCustomizers = set[org.springframework.boot.test.autoconfigure.actuate.metrics.MetricsExportContextCustomizerFactory$DisableMetricExportContextCustomizer@54db99, org.springframework.boot.test.autoconfigure.properties.PropertyMappingContextCustomizer@0, org.springframework.boot.test.autoconfigure.web.servlet.WebDriverContextCustomizerFactory$Customizer@1e5f0ef, org.springframework.boot.test.context.filter.ExcludeFilterContextCustomizer@f57b3d, org.springframework.boot.test.json.DuplicateJsonObjectContextCustomizerFactory$DuplicateJsonObjectContextCustomizer@260766, org.springframework.boot.test.mock.mockito.MockitoContextCustomizer@0, org.springframework.boot.test.web.client.TestRestTemplateContextCustomizer@625ccd, org.springframework.boot.test.web.reactive.server.WebTestClientContextCustomizer@fde30a, org.springframework.boot.test.context.SpringBootTestArgs@1, org.springframework.boot.test.context.SpringBootTestWebEnvironment@dec700], resourceBasePath = 'src/main/webapp', contextLoader = 'org.springframework.boot.test.context.SpringBootContextLoader', parent = [null]], attributes = map['org.springframework.test.context.web.ServletTestExecutionListener.activateListener' -> true, 'org.springframework.test.context.web.ServletTestExecutionListener.populatedRequestContextHolder' -> true, 'org.springframework.test.context.web.ServletTestExecutionListener.resetRequestContextHolder' -> true, 'org.springframework.test.context.event.ApplicationEventsTestExecutionListener.recordApplicationEvents' -> false]]; transaction manager [org.springframework.orm.jpa.JpaTransactionManager@12c9b65]; rollback [true]
2023-11-28 20:52:43.398 DEBUG 24932 --- [    Test worker] org.hibernate.SQL                        : 
    delete 
    from
        seller
Hibernate: 
    delete 
    from
        seller
2023-11-28 20:52:43.425 DEBUG 24932 --- [    Test worker] org.hibernate.SQL                        : 
    select
        sellerenti0_.seller_key as seller_k1_5_,
        sellerenti0_.shop_key as shop_key7_5_,
        sellerenti0_.isgrant as isgrant2_5_,
        sellerenti0_.seller_id_email as seller_i3_5_,
        sellerenti0_.seller_name as seller_n4_5_,
        sellerenti0_.seller_password as seller_p5_5_,
        sellerenti0_.seller_phonenum as seller_p6_5_ 
    from
        seller sellerenti0_ 
    where
        sellerenti0_.seller_key=?
Hibernate: 
    select
        sellerenti0_.seller_key as seller_k1_5_,
        sellerenti0_.shop_key as shop_key7_5_,
        sellerenti0_.isgrant as isgrant2_5_,
        sellerenti0_.seller_id_email as seller_i3_5_,
        sellerenti0_.seller_name as seller_n4_5_,
        sellerenti0_.seller_password as seller_p5_5_,
        sellerenti0_.seller_phonenum as seller_p6_5_ 
    from
        seller sellerenti0_ 
    where
        sellerenti0_.seller_key=?
2023-11-28 20:52:43.426 TRACE 24932 --- [    Test worker] o.h.type.descriptor.sql.BasicBinder      : binding parameter [1] as [INTEGER] - [123456789]
2023-11-28 20:52:43.585 DEBUG 24932 --- [    Test worker] org.hibernate.SQL                        : 
    select
        sellerenti0_.seller_key as seller_k1_5_0_,
        sellerenti0_.shop_key as shop_key7_5_0_,
        sellerenti0_.isgrant as isgrant2_5_0_,
        sellerenti0_.seller_id_email as seller_i3_5_0_,
        sellerenti0_.seller_name as seller_n4_5_0_,
        sellerenti0_.seller_password as seller_p5_5_0_,
        sellerenti0_.seller_phonenum as seller_p6_5_0_ 
    from
        seller sellerenti0_ 
    where
        sellerenti0_.seller_key=?
Hibernate: 
    select
        sellerenti0_.seller_key as seller_k1_5_0_,
        sellerenti0_.shop_key as shop_key7_5_0_,
        sellerenti0_.isgrant as isgrant2_5_0_,
        sellerenti0_.seller_id_email as seller_i3_5_0_,
        sellerenti0_.seller_name as seller_n4_5_0_,
        sellerenti0_.seller_password as seller_p5_5_0_,
        sellerenti0_.seller_phonenum as seller_p6_5_0_ 
    from
        seller sellerenti0_ 
    where
        sellerenti0_.seller_key=?
2023-11-28 20:52:43.586 TRACE 24932 --- [    Test worker] o.h.type.descriptor.sql.BasicBinder      : binding parameter [1] as [INTEGER] - [123456789]
2023-11-28 20:52:43.637 DEBUG 24932 --- [    Test worker] org.hibernate.SQL                        : 
    insert 
    into
        seller
        (shop_key, isgrant, seller_id_email, seller_name, seller_password, seller_phonenum, seller_key) 
    values
        (?, ?, ?, ?, ?, ?, ?)
Hibernate: 
    insert 
    into
        seller
        (shop_key, isgrant, seller_id_email, seller_name, seller_password, seller_phonenum, seller_key) 
    values
        (?, ?, ?, ?, ?, ?, ?)
2023-11-28 20:52:43.638 TRACE 24932 --- [    Test worker] o.h.type.descriptor.sql.BasicBinder      : binding parameter [1] as [INTEGER] - [null]
2023-11-28 20:52:43.639 TRACE 24932 --- [    Test worker] o.h.type.descriptor.sql.BasicBinder      : binding parameter [2] as [INTEGER] - [null]
2023-11-28 20:52:43.639 TRACE 24932 --- [    Test worker] o.h.type.descriptor.sql.BasicBinder      : binding parameter [3] as [VARCHAR] - [ajou@gmail.com]
2023-11-28 20:52:43.639 TRACE 24932 --- [    Test worker] o.h.type.descriptor.sql.BasicBinder      : binding parameter [4] as [VARCHAR] - [suhyeon]
2023-11-28 20:52:43.639 TRACE 24932 --- [    Test worker] o.h.type.descriptor.sql.BasicBinder      : binding parameter [5] as [VARCHAR] - [$2a$10$.tjWoG2A5horVWC1yVhX6.pi0g8pZfWWY1VYamLAXTqDvFT.DSFxu]
2023-11-28 20:52:43.639 TRACE 24932 --- [    Test worker] o.h.type.descriptor.sql.BasicBinder      : binding parameter [6] as [VARCHAR] - [010-1111-2222]
2023-11-28 20:52:43.639 TRACE 24932 --- [    Test worker] o.h.type.descriptor.sql.BasicBinder      : binding parameter [7] as [INTEGER] - [123456789]
2023-11-28 20:52:43.676 DEBUG 24932 --- [    Test worker] org.hibernate.SQL                        : 
    select
        sellerenti0_.seller_key as seller_k1_5_,
        sellerenti0_.shop_key as shop_key7_5_,
        sellerenti0_.isgrant as isgrant2_5_,
        sellerenti0_.seller_id_email as seller_i3_5_,
        sellerenti0_.seller_name as seller_n4_5_,
        sellerenti0_.seller_password as seller_p5_5_,
        sellerenti0_.seller_phonenum as seller_p6_5_ 
    from
        seller sellerenti0_ 
    where
        sellerenti0_.seller_id_email=?
Hibernate: 
    select
        sellerenti0_.seller_key as seller_k1_5_,
        sellerenti0_.shop_key as shop_key7_5_,
        sellerenti0_.isgrant as isgrant2_5_,
        sellerenti0_.seller_id_email as seller_i3_5_,
        sellerenti0_.seller_name as seller_n4_5_,
        sellerenti0_.seller_password as seller_p5_5_,
        sellerenti0_.seller_phonenum as seller_p6_5_ 
    from
        seller sellerenti0_ 
    where
        sellerenti0_.seller_id_email=?
2023-11-28 20:52:43.677 TRACE 24932 --- [    Test worker] o.h.type.descriptor.sql.BasicBinder      : binding parameter [1] as [VARCHAR] - [wrongemail@gmail.com]
2023-11-28 20:52:43.780  INFO 24932 --- [    Test worker] o.s.t.c.transaction.TransactionContext   : Rolled back transaction for test: [DefaultTestContext@1cf6e8c testClass = SellerServiceTest, testInstance = net.prescent.service.SellerServiceTest@12eddc2, testMethod = loginFailureWrongIdTest@SellerServiceTest, testException = [null], mergedContextConfiguration = [WebMergedContextConfiguration@15b3ec7 testClass = SellerServiceTest, locations = '{}', classes = '{class net.prescent.PreScentApplication}', contextInitializerClasses = '[]', activeProfiles = '{}', propertySourceLocations = '{}', propertySourceProperties = '{org.springframework.boot.test.context.SpringBootTestContextBootstrapper=true}', contextCustomizers = set[org.springframework.boot.test.autoconfigure.actuate.metrics.MetricsExportContextCustomizerFactory$DisableMetricExportContextCustomizer@54db99, org.springframework.boot.test.autoconfigure.properties.PropertyMappingContextCustomizer@0, org.springframework.boot.test.autoconfigure.web.servlet.WebDriverContextCustomizerFactory$Customizer@1e5f0ef, org.springframework.boot.test.context.filter.ExcludeFilterContextCustomizer@f57b3d, org.springframework.boot.test.json.DuplicateJsonObjectContextCustomizerFactory$DuplicateJsonObjectContextCustomizer@260766, org.springframework.boot.test.mock.mockito.MockitoContextCustomizer@0, org.springframework.boot.test.web.client.TestRestTemplateContextCustomizer@625ccd, org.springframework.boot.test.web.reactive.server.WebTestClientContextCustomizer@fde30a, org.springframework.boot.test.context.SpringBootTestArgs@1, org.springframework.boot.test.context.SpringBootTestWebEnvironment@dec700], resourceBasePath = 'src/main/webapp', contextLoader = 'org.springframework.boot.test.context.SpringBootContextLoader', parent = [null]], attributes = map['org.springframework.test.context.web.ServletTestExecutionListener.activateListener' -> true, 'org.springframework.test.context.web.ServletTestExecutionListener.populatedRequestContextHolder' -> true, 'org.springframework.test.context.web.ServletTestExecutionListener.resetRequestContextHolder' -> true, 'org.springframework.test.context.event.ApplicationEventsTestExecutionListener.recordApplicationEvents' -> false]]
]]></system-out>
  <system-err><![CDATA[]]></system-err>
</testsuite>
