<?xml version="1.0" encoding="UTF-8"?>
<testsuite name="net.prescent.service.SellerServiceTest" tests="2" skipped="0" failures="0" errors="0" timestamp="2023-11-25T15:50:40" hostname="DESKTOP-KHMF9AU" time="0.815">
  <properties/>
  <testcase name="판매자 회원가입 테스트" classname="net.prescent.service.SellerServiceTest" time="0.435"/>
  <testcase name="중복 사업자번호 가입 테스트" classname="net.prescent.service.SellerServiceTest" time="0.38"/>
  <system-out><![CDATA[2023-11-26 00:50:40.626  INFO 16640 --- [    Test worker] .b.t.c.SpringBootTestContextBootstrapper : Neither @ContextConfiguration nor @ContextHierarchy found for test class [net.prescent.service.SellerServiceTest], using SpringBootContextLoader
2023-11-26 00:50:40.627  INFO 16640 --- [    Test worker] o.s.t.c.support.AbstractContextLoader    : Could not detect default resource locations for test class [net.prescent.service.SellerServiceTest]: no resource found for suffixes {-context.xml, Context.groovy}.
2023-11-26 00:50:40.627  INFO 16640 --- [    Test worker] t.c.s.AnnotationConfigContextLoaderUtils : Could not detect default configuration classes for test class [net.prescent.service.SellerServiceTest]: SellerServiceTest does not declare any static, non-private, non-final, nested classes annotated with @Configuration.
2023-11-26 00:50:40.628  INFO 16640 --- [    Test worker] .b.t.c.SpringBootTestContextBootstrapper : Found @SpringBootConfiguration net.prescent.PreScentApplication for test class net.prescent.service.SellerServiceTest
2023-11-26 00:50:40.629  INFO 16640 --- [    Test worker] .b.t.c.SpringBootTestContextBootstrapper : Loaded default TestExecutionListener class names from location [META-INF/spring.factories]: [org.springframework.security.test.context.support.WithSecurityContextTestExecutionListener, org.springframework.security.test.context.support.ReactorContextTestExecutionListener, org.springframework.boot.test.autoconfigure.restdocs.RestDocsTestExecutionListener, org.springframework.boot.test.autoconfigure.web.client.MockRestServiceServerResetTestExecutionListener, org.springframework.boot.test.autoconfigure.web.servlet.MockMvcPrintOnlyOnFailureTestExecutionListener, org.springframework.boot.test.autoconfigure.web.servlet.WebDriverTestExecutionListener, org.springframework.boot.test.autoconfigure.webservices.client.MockWebServiceServerTestExecutionListener, org.springframework.boot.test.mock.mockito.MockitoTestExecutionListener, org.springframework.boot.test.mock.mockito.ResetMocksTestExecutionListener, org.springframework.test.context.web.ServletTestExecutionListener, org.springframework.test.context.support.DirtiesContextBeforeModesTestExecutionListener, org.springframework.test.context.event.ApplicationEventsTestExecutionListener, org.springframework.test.context.support.DependencyInjectionTestExecutionListener, org.springframework.test.context.support.DirtiesContextTestExecutionListener, org.springframework.test.context.transaction.TransactionalTestExecutionListener, org.springframework.test.context.jdbc.SqlScriptsTestExecutionListener, org.springframework.test.context.event.EventPublishingTestExecutionListener]
2023-11-26 00:50:40.630  INFO 16640 --- [    Test worker] .b.t.c.SpringBootTestContextBootstrapper : Using TestExecutionListeners: [org.springframework.test.context.web.ServletTestExecutionListener@19336f5, org.springframework.test.context.support.DirtiesContextBeforeModesTestExecutionListener@b86248, org.springframework.test.context.event.ApplicationEventsTestExecutionListener@bd9494, org.springframework.boot.test.mock.mockito.MockitoTestExecutionListener@1594dfe, org.springframework.boot.test.autoconfigure.SpringBootDependencyInjectionTestExecutionListener@167ff3e, org.springframework.test.context.support.DirtiesContextTestExecutionListener@b87cb8, org.springframework.test.context.transaction.TransactionalTestExecutionListener@c1544f, org.springframework.test.context.jdbc.SqlScriptsTestExecutionListener@178d654, org.springframework.security.test.context.support.WithSecurityContextTestExecutionListener@1865fca, org.springframework.test.context.event.EventPublishingTestExecutionListener@32aa7e, org.springframework.security.test.context.support.ReactorContextTestExecutionListener@11ec9b, org.springframework.boot.test.autoconfigure.restdocs.RestDocsTestExecutionListener@1d8513b, org.springframework.boot.test.autoconfigure.web.client.MockRestServiceServerResetTestExecutionListener@372705, org.springframework.boot.test.autoconfigure.web.servlet.MockMvcPrintOnlyOnFailureTestExecutionListener@18f0f27, org.springframework.boot.test.autoconfigure.web.servlet.WebDriverTestExecutionListener@7946b9, org.springframework.boot.test.autoconfigure.webservices.client.MockWebServiceServerTestExecutionListener@1e58644, org.springframework.boot.test.mock.mockito.ResetMocksTestExecutionListener@cb87b2]
2023-11-26 00:50:40.669  INFO 16640 --- [    Test worker] o.s.t.c.transaction.TransactionContext   : Began transaction (1) for test context [DefaultTestContext@301795 testClass = SellerServiceTest, testInstance = net.prescent.service.SellerServiceTest@11a9ab3, testMethod = signupSellerTest@SellerServiceTest, testException = [null], mergedContextConfiguration = [WebMergedContextConfiguration@5c2b9f testClass = SellerServiceTest, locations = '{}', classes = '{class net.prescent.PreScentApplication}', contextInitializerClasses = '[]', activeProfiles = '{}', propertySourceLocations = '{}', propertySourceProperties = '{org.springframework.boot.test.context.SpringBootTestContextBootstrapper=true}', contextCustomizers = set[org.springframework.boot.test.autoconfigure.actuate.metrics.MetricsExportContextCustomizerFactory$DisableMetricExportContextCustomizer@1e58f16, org.springframework.boot.test.autoconfigure.properties.PropertyMappingContextCustomizer@0, org.springframework.boot.test.autoconfigure.web.servlet.WebDriverContextCustomizerFactory$Customizer@1b3bc45, org.springframework.boot.test.context.filter.ExcludeFilterContextCustomizer@62c01e, org.springframework.boot.test.json.DuplicateJsonObjectContextCustomizerFactory$DuplicateJsonObjectContextCustomizer@157c287, org.springframework.boot.test.mock.mockito.MockitoContextCustomizer@0, org.springframework.boot.test.web.client.TestRestTemplateContextCustomizer@1071df8, org.springframework.boot.test.context.SpringBootTestArgs@1, org.springframework.boot.test.context.SpringBootTestWebEnvironment@3631f8], resourceBasePath = 'src/main/webapp', contextLoader = 'org.springframework.boot.test.context.SpringBootContextLoader', parent = [null]], attributes = map['org.springframework.test.context.web.ServletTestExecutionListener.activateListener' -> true, 'org.springframework.test.context.web.ServletTestExecutionListener.populatedRequestContextHolder' -> true, 'org.springframework.test.context.web.ServletTestExecutionListener.resetRequestContextHolder' -> true, 'org.springframework.test.context.event.ApplicationEventsTestExecutionListener.recordApplicationEvents' -> false]]; transaction manager [org.springframework.orm.jpa.JpaTransactionManager@1ade272]; rollback [true]
2023-11-26 00:50:40.671 DEBUG 16640 --- [    Test worker] org.hibernate.SQL                        : 
    delete 
    from
        seller
Hibernate: 
    delete 
    from
        seller
2023-11-26 00:50:40.705 DEBUG 16640 --- [    Test worker] org.hibernate.SQL                        : 
    select
        sellerenti0_.seller_key as seller_k1_4_,
        sellerenti0_.shop_key as shop_key7_4_,
        sellerenti0_.isgrant as isgrant2_4_,
        sellerenti0_.seller_id_email as seller_i3_4_,
        sellerenti0_.seller_name as seller_n4_4_,
        sellerenti0_.seller_password as seller_p5_4_,
        sellerenti0_.seller_phonenum as seller_p6_4_ 
    from
        seller sellerenti0_ 
    where
        sellerenti0_.seller_key=?
Hibernate: 
    select
        sellerenti0_.seller_key as seller_k1_4_,
        sellerenti0_.shop_key as shop_key7_4_,
        sellerenti0_.isgrant as isgrant2_4_,
        sellerenti0_.seller_id_email as seller_i3_4_,
        sellerenti0_.seller_name as seller_n4_4_,
        sellerenti0_.seller_password as seller_p5_4_,
        sellerenti0_.seller_phonenum as seller_p6_4_ 
    from
        seller sellerenti0_ 
    where
        sellerenti0_.seller_key=?
2023-11-26 00:50:40.706 TRACE 16640 --- [    Test worker] o.h.type.descriptor.sql.BasicBinder      : binding parameter [1] as [INTEGER] - [12345678]
2023-11-26 00:50:40.805 DEBUG 16640 --- [    Test worker] org.hibernate.SQL                        : 
    select
        sellerenti0_.seller_key as seller_k1_4_0_,
        sellerenti0_.shop_key as shop_key7_4_0_,
        sellerenti0_.isgrant as isgrant2_4_0_,
        sellerenti0_.seller_id_email as seller_i3_4_0_,
        sellerenti0_.seller_name as seller_n4_4_0_,
        sellerenti0_.seller_password as seller_p5_4_0_,
        sellerenti0_.seller_phonenum as seller_p6_4_0_ 
    from
        seller sellerenti0_ 
    where
        sellerenti0_.seller_key=?
Hibernate: 
    select
        sellerenti0_.seller_key as seller_k1_4_0_,
        sellerenti0_.shop_key as shop_key7_4_0_,
        sellerenti0_.isgrant as isgrant2_4_0_,
        sellerenti0_.seller_id_email as seller_i3_4_0_,
        sellerenti0_.seller_name as seller_n4_4_0_,
        sellerenti0_.seller_password as seller_p5_4_0_,
        sellerenti0_.seller_phonenum as seller_p6_4_0_ 
    from
        seller sellerenti0_ 
    where
        sellerenti0_.seller_key=?
2023-11-26 00:50:40.805 TRACE 16640 --- [    Test worker] o.h.type.descriptor.sql.BasicBinder      : binding parameter [1] as [INTEGER] - [12345678]
2023-11-26 00:50:40.845 DEBUG 16640 --- [    Test worker] org.hibernate.SQL                        : 
    insert 
    into
        seller
        (shop_key, isgrant, seller_id_email, seller_name, seller_password, seller_phonenum, seller_key) 
    values
        (?, ?, ?, ?, ?, ?, ?)
Hibernate: 
    insert 
    into
        seller
        (shop_key, isgrant, seller_id_email, seller_name, seller_password, seller_phonenum, seller_key) 
    values
        (?, ?, ?, ?, ?, ?, ?)
2023-11-26 00:50:40.846 TRACE 16640 --- [    Test worker] o.h.type.descriptor.sql.BasicBinder      : binding parameter [1] as [INTEGER] - [null]
2023-11-26 00:50:40.846 TRACE 16640 --- [    Test worker] o.h.type.descriptor.sql.BasicBinder      : binding parameter [2] as [INTEGER] - [null]
2023-11-26 00:50:40.846 TRACE 16640 --- [    Test worker] o.h.type.descriptor.sql.BasicBinder      : binding parameter [3] as [VARCHAR] - [ajou@gmail.com]
2023-11-26 00:50:40.846 TRACE 16640 --- [    Test worker] o.h.type.descriptor.sql.BasicBinder      : binding parameter [4] as [VARCHAR] - [suhyeon]
2023-11-26 00:50:40.846 TRACE 16640 --- [    Test worker] o.h.type.descriptor.sql.BasicBinder      : binding parameter [5] as [VARCHAR] - [$2a$10$Vy.MY741Cz.fM9io0aLGHOdSmsLGMhBj8YgpGp7e3Oz5/uIJLJ5Ai]
2023-11-26 00:50:40.846 TRACE 16640 --- [    Test worker] o.h.type.descriptor.sql.BasicBinder      : binding parameter [6] as [VARCHAR] - [010-1111-2222]
2023-11-26 00:50:40.846 TRACE 16640 --- [    Test worker] o.h.type.descriptor.sql.BasicBinder      : binding parameter [7] as [INTEGER] - [12345678]
2023-11-26 00:50:40.885 DEBUG 16640 --- [    Test worker] org.hibernate.SQL                        : 
    select
        sellerenti0_.seller_key as seller_k1_4_,
        sellerenti0_.shop_key as shop_key7_4_,
        sellerenti0_.isgrant as isgrant2_4_,
        sellerenti0_.seller_id_email as seller_i3_4_,
        sellerenti0_.seller_name as seller_n4_4_,
        sellerenti0_.seller_password as seller_p5_4_,
        sellerenti0_.seller_phonenum as seller_p6_4_ 
    from
        seller sellerenti0_ 
    where
        sellerenti0_.seller_key=?
Hibernate: 
    select
        sellerenti0_.seller_key as seller_k1_4_,
        sellerenti0_.shop_key as shop_key7_4_,
        sellerenti0_.isgrant as isgrant2_4_,
        sellerenti0_.seller_id_email as seller_i3_4_,
        sellerenti0_.seller_name as seller_n4_4_,
        sellerenti0_.seller_password as seller_p5_4_,
        sellerenti0_.seller_phonenum as seller_p6_4_ 
    from
        seller sellerenti0_ 
    where
        sellerenti0_.seller_key=?
2023-11-26 00:50:40.886 TRACE 16640 --- [    Test worker] o.h.type.descriptor.sql.BasicBinder      : binding parameter [1] as [INTEGER] - [12345678]
2023-11-26 00:50:41.064  INFO 16640 --- [    Test worker] o.s.t.c.transaction.TransactionContext   : Rolled back transaction for test: [DefaultTestContext@301795 testClass = SellerServiceTest, testInstance = net.prescent.service.SellerServiceTest@11a9ab3, testMethod = signupSellerTest@SellerServiceTest, testException = [null], mergedContextConfiguration = [WebMergedContextConfiguration@5c2b9f testClass = SellerServiceTest, locations = '{}', classes = '{class net.prescent.PreScentApplication}', contextInitializerClasses = '[]', activeProfiles = '{}', propertySourceLocations = '{}', propertySourceProperties = '{org.springframework.boot.test.context.SpringBootTestContextBootstrapper=true}', contextCustomizers = set[org.springframework.boot.test.autoconfigure.actuate.metrics.MetricsExportContextCustomizerFactory$DisableMetricExportContextCustomizer@1e58f16, org.springframework.boot.test.autoconfigure.properties.PropertyMappingContextCustomizer@0, org.springframework.boot.test.autoconfigure.web.servlet.WebDriverContextCustomizerFactory$Customizer@1b3bc45, org.springframework.boot.test.context.filter.ExcludeFilterContextCustomizer@62c01e, org.springframework.boot.test.json.DuplicateJsonObjectContextCustomizerFactory$DuplicateJsonObjectContextCustomizer@157c287, org.springframework.boot.test.mock.mockito.MockitoContextCustomizer@0, org.springframework.boot.test.web.client.TestRestTemplateContextCustomizer@1071df8, org.springframework.boot.test.context.SpringBootTestArgs@1, org.springframework.boot.test.context.SpringBootTestWebEnvironment@3631f8], resourceBasePath = 'src/main/webapp', contextLoader = 'org.springframework.boot.test.context.SpringBootContextLoader', parent = [null]], attributes = map['org.springframework.test.context.web.ServletTestExecutionListener.activateListener' -> true, 'org.springframework.test.context.web.ServletTestExecutionListener.populatedRequestContextHolder' -> true, 'org.springframework.test.context.web.ServletTestExecutionListener.resetRequestContextHolder' -> true, 'org.springframework.test.context.event.ApplicationEventsTestExecutionListener.recordApplicationEvents' -> false]]
2023-11-26 00:50:41.104  INFO 16640 --- [    Test worker] o.s.t.c.transaction.TransactionContext   : Began transaction (1) for test context [DefaultTestContext@301795 testClass = SellerServiceTest, testInstance = net.prescent.service.SellerServiceTest@143c881, testMethod = signupDuplicateSellerKeyTest@SellerServiceTest, testException = [null], mergedContextConfiguration = [WebMergedContextConfiguration@5c2b9f testClass = SellerServiceTest, locations = '{}', classes = '{class net.prescent.PreScentApplication}', contextInitializerClasses = '[]', activeProfiles = '{}', propertySourceLocations = '{}', propertySourceProperties = '{org.springframework.boot.test.context.SpringBootTestContextBootstrapper=true}', contextCustomizers = set[org.springframework.boot.test.autoconfigure.actuate.metrics.MetricsExportContextCustomizerFactory$DisableMetricExportContextCustomizer@1e58f16, org.springframework.boot.test.autoconfigure.properties.PropertyMappingContextCustomizer@0, org.springframework.boot.test.autoconfigure.web.servlet.WebDriverContextCustomizerFactory$Customizer@1b3bc45, org.springframework.boot.test.context.filter.ExcludeFilterContextCustomizer@62c01e, org.springframework.boot.test.json.DuplicateJsonObjectContextCustomizerFactory$DuplicateJsonObjectContextCustomizer@157c287, org.springframework.boot.test.mock.mockito.MockitoContextCustomizer@0, org.springframework.boot.test.web.client.TestRestTemplateContextCustomizer@1071df8, org.springframework.boot.test.context.SpringBootTestArgs@1, org.springframework.boot.test.context.SpringBootTestWebEnvironment@3631f8], resourceBasePath = 'src/main/webapp', contextLoader = 'org.springframework.boot.test.context.SpringBootContextLoader', parent = [null]], attributes = map['org.springframework.test.context.web.ServletTestExecutionListener.activateListener' -> true, 'org.springframework.test.context.web.ServletTestExecutionListener.populatedRequestContextHolder' -> true, 'org.springframework.test.context.web.ServletTestExecutionListener.resetRequestContextHolder' -> true, 'org.springframework.test.context.event.ApplicationEventsTestExecutionListener.recordApplicationEvents' -> false]]; transaction manager [org.springframework.orm.jpa.JpaTransactionManager@1ade272]; rollback [true]
2023-11-26 00:50:41.105 DEBUG 16640 --- [    Test worker] org.hibernate.SQL                        : 
    delete 
    from
        seller
Hibernate: 
    delete 
    from
        seller
2023-11-26 00:50:41.139 DEBUG 16640 --- [    Test worker] org.hibernate.SQL                        : 
    select
        sellerenti0_.seller_key as seller_k1_4_,
        sellerenti0_.shop_key as shop_key7_4_,
        sellerenti0_.isgrant as isgrant2_4_,
        sellerenti0_.seller_id_email as seller_i3_4_,
        sellerenti0_.seller_name as seller_n4_4_,
        sellerenti0_.seller_password as seller_p5_4_,
        sellerenti0_.seller_phonenum as seller_p6_4_ 
    from
        seller sellerenti0_ 
    where
        sellerenti0_.seller_key=?
Hibernate: 
    select
        sellerenti0_.seller_key as seller_k1_4_,
        sellerenti0_.shop_key as shop_key7_4_,
        sellerenti0_.isgrant as isgrant2_4_,
        sellerenti0_.seller_id_email as seller_i3_4_,
        sellerenti0_.seller_name as seller_n4_4_,
        sellerenti0_.seller_password as seller_p5_4_,
        sellerenti0_.seller_phonenum as seller_p6_4_ 
    from
        seller sellerenti0_ 
    where
        sellerenti0_.seller_key=?
2023-11-26 00:50:41.140 TRACE 16640 --- [    Test worker] o.h.type.descriptor.sql.BasicBinder      : binding parameter [1] as [INTEGER] - [12345678]
2023-11-26 00:50:41.238 DEBUG 16640 --- [    Test worker] org.hibernate.SQL                        : 
    select
        sellerenti0_.seller_key as seller_k1_4_0_,
        sellerenti0_.shop_key as shop_key7_4_0_,
        sellerenti0_.isgrant as isgrant2_4_0_,
        sellerenti0_.seller_id_email as seller_i3_4_0_,
        sellerenti0_.seller_name as seller_n4_4_0_,
        sellerenti0_.seller_password as seller_p5_4_0_,
        sellerenti0_.seller_phonenum as seller_p6_4_0_ 
    from
        seller sellerenti0_ 
    where
        sellerenti0_.seller_key=?
Hibernate: 
    select
        sellerenti0_.seller_key as seller_k1_4_0_,
        sellerenti0_.shop_key as shop_key7_4_0_,
        sellerenti0_.isgrant as isgrant2_4_0_,
        sellerenti0_.seller_id_email as seller_i3_4_0_,
        sellerenti0_.seller_name as seller_n4_4_0_,
        sellerenti0_.seller_password as seller_p5_4_0_,
        sellerenti0_.seller_phonenum as seller_p6_4_0_ 
    from
        seller sellerenti0_ 
    where
        sellerenti0_.seller_key=?
2023-11-26 00:50:41.239 TRACE 16640 --- [    Test worker] o.h.type.descriptor.sql.BasicBinder      : binding parameter [1] as [INTEGER] - [12345678]
2023-11-26 00:50:41.276 DEBUG 16640 --- [    Test worker] org.hibernate.SQL                        : 
    insert 
    into
        seller
        (shop_key, isgrant, seller_id_email, seller_name, seller_password, seller_phonenum, seller_key) 
    values
        (?, ?, ?, ?, ?, ?, ?)
Hibernate: 
    insert 
    into
        seller
        (shop_key, isgrant, seller_id_email, seller_name, seller_password, seller_phonenum, seller_key) 
    values
        (?, ?, ?, ?, ?, ?, ?)
2023-11-26 00:50:41.276 TRACE 16640 --- [    Test worker] o.h.type.descriptor.sql.BasicBinder      : binding parameter [1] as [INTEGER] - [null]
2023-11-26 00:50:41.276 TRACE 16640 --- [    Test worker] o.h.type.descriptor.sql.BasicBinder      : binding parameter [2] as [INTEGER] - [null]
2023-11-26 00:50:41.276 TRACE 16640 --- [    Test worker] o.h.type.descriptor.sql.BasicBinder      : binding parameter [3] as [VARCHAR] - [ajou@gmail.com]
2023-11-26 00:50:41.276 TRACE 16640 --- [    Test worker] o.h.type.descriptor.sql.BasicBinder      : binding parameter [4] as [VARCHAR] - [suhyeon]
2023-11-26 00:50:41.277 TRACE 16640 --- [    Test worker] o.h.type.descriptor.sql.BasicBinder      : binding parameter [5] as [VARCHAR] - [$2a$10$ig3JvMSuYREQHDeSQy0XCe26Jds.0XjxnaPz/vm71/z4y8wmHRGO6]
2023-11-26 00:50:41.277 TRACE 16640 --- [    Test worker] o.h.type.descriptor.sql.BasicBinder      : binding parameter [6] as [VARCHAR] - [010-1111-2222]
2023-11-26 00:50:41.277 TRACE 16640 --- [    Test worker] o.h.type.descriptor.sql.BasicBinder      : binding parameter [7] as [INTEGER] - [12345678]
2023-11-26 00:50:41.321 DEBUG 16640 --- [    Test worker] org.hibernate.SQL                        : 
    select
        sellerenti0_.seller_key as seller_k1_4_,
        sellerenti0_.shop_key as shop_key7_4_,
        sellerenti0_.isgrant as isgrant2_4_,
        sellerenti0_.seller_id_email as seller_i3_4_,
        sellerenti0_.seller_name as seller_n4_4_,
        sellerenti0_.seller_password as seller_p5_4_,
        sellerenti0_.seller_phonenum as seller_p6_4_ 
    from
        seller sellerenti0_ 
    where
        sellerenti0_.seller_key=?
Hibernate: 
    select
        sellerenti0_.seller_key as seller_k1_4_,
        sellerenti0_.shop_key as shop_key7_4_,
        sellerenti0_.isgrant as isgrant2_4_,
        sellerenti0_.seller_id_email as seller_i3_4_,
        sellerenti0_.seller_name as seller_n4_4_,
        sellerenti0_.seller_password as seller_p5_4_,
        sellerenti0_.seller_phonenum as seller_p6_4_ 
    from
        seller sellerenti0_ 
    where
        sellerenti0_.seller_key=?
2023-11-26 00:50:41.321 TRACE 16640 --- [    Test worker] o.h.type.descriptor.sql.BasicBinder      : binding parameter [1] as [INTEGER] - [12345678]
2023-11-26 00:50:41.445  INFO 16640 --- [    Test worker] o.s.t.c.transaction.TransactionContext   : Rolled back transaction for test: [DefaultTestContext@301795 testClass = SellerServiceTest, testInstance = net.prescent.service.SellerServiceTest@143c881, testMethod = signupDuplicateSellerKeyTest@SellerServiceTest, testException = [null], mergedContextConfiguration = [WebMergedContextConfiguration@5c2b9f testClass = SellerServiceTest, locations = '{}', classes = '{class net.prescent.PreScentApplication}', contextInitializerClasses = '[]', activeProfiles = '{}', propertySourceLocations = '{}', propertySourceProperties = '{org.springframework.boot.test.context.SpringBootTestContextBootstrapper=true}', contextCustomizers = set[org.springframework.boot.test.autoconfigure.actuate.metrics.MetricsExportContextCustomizerFactory$DisableMetricExportContextCustomizer@1e58f16, org.springframework.boot.test.autoconfigure.properties.PropertyMappingContextCustomizer@0, org.springframework.boot.test.autoconfigure.web.servlet.WebDriverContextCustomizerFactory$Customizer@1b3bc45, org.springframework.boot.test.context.filter.ExcludeFilterContextCustomizer@62c01e, org.springframework.boot.test.json.DuplicateJsonObjectContextCustomizerFactory$DuplicateJsonObjectContextCustomizer@157c287, org.springframework.boot.test.mock.mockito.MockitoContextCustomizer@0, org.springframework.boot.test.web.client.TestRestTemplateContextCustomizer@1071df8, org.springframework.boot.test.context.SpringBootTestArgs@1, org.springframework.boot.test.context.SpringBootTestWebEnvironment@3631f8], resourceBasePath = 'src/main/webapp', contextLoader = 'org.springframework.boot.test.context.SpringBootContextLoader', parent = [null]], attributes = map['org.springframework.test.context.web.ServletTestExecutionListener.activateListener' -> true, 'org.springframework.test.context.web.ServletTestExecutionListener.populatedRequestContextHolder' -> true, 'org.springframework.test.context.web.ServletTestExecutionListener.resetRequestContextHolder' -> true, 'org.springframework.test.context.event.ApplicationEventsTestExecutionListener.recordApplicationEvents' -> false]]
]]></system-out>
  <system-err><![CDATA[]]></system-err>
</testsuite>
