<?xml version="1.0" encoding="UTF-8"?>
<testsuite name="net.prescent.service.SellerServiceTest" tests="6" skipped="0" failures="0" errors="0" timestamp="2023-11-28T12:43:02" hostname="DESKTOP-KHMF9AU" time="3.617">
  <properties/>
  <testcase name="판매자 회원가입 테스트" classname="net.prescent.service.SellerServiceTest" time="0.634"/>
  <testcase name="중복 사업자번호 가입 테스트" classname="net.prescent.service.SellerServiceTest" time="0.448"/>
  <testcase name="판매자 로그아웃 테스트" classname="net.prescent.service.SellerServiceTest" time="0.822"/>
  <testcase name="판매자 로그인 실패 - 잘못된 비밀번호 테스트" classname="net.prescent.service.SellerServiceTest" time="0.677"/>
  <testcase name="판매자 로그인 성공 테스트" classname="net.prescent.service.SellerServiceTest" time="0.572"/>
  <testcase name="판매자 로그인 실패 - 잘못된 Email 테스트" classname="net.prescent.service.SellerServiceTest" time="0.454"/>
  <system-out><![CDATA[2023-11-28 21:43:02.930  INFO 8128 --- [    Test worker] .b.t.c.SpringBootTestContextBootstrapper : Neither @ContextConfiguration nor @ContextHierarchy found for test class [net.prescent.service.SellerServiceTest], using SpringBootContextLoader
2023-11-28 21:43:02.932  INFO 8128 --- [    Test worker] o.s.t.c.support.AbstractContextLoader    : Could not detect default resource locations for test class [net.prescent.service.SellerServiceTest]: no resource found for suffixes {-context.xml, Context.groovy}.
2023-11-28 21:43:02.932  INFO 8128 --- [    Test worker] t.c.s.AnnotationConfigContextLoaderUtils : Could not detect default configuration classes for test class [net.prescent.service.SellerServiceTest]: SellerServiceTest does not declare any static, non-private, non-final, nested classes annotated with @Configuration.
2023-11-28 21:43:02.936  INFO 8128 --- [    Test worker] .b.t.c.SpringBootTestContextBootstrapper : Found @SpringBootConfiguration net.prescent.PreScentApplication for test class net.prescent.service.SellerServiceTest
2023-11-28 21:43:02.937  INFO 8128 --- [    Test worker] .b.t.c.SpringBootTestContextBootstrapper : Loaded default TestExecutionListener class names from location [META-INF/spring.factories]: [org.springframework.security.test.context.support.WithSecurityContextTestExecutionListener, org.springframework.security.test.context.support.ReactorContextTestExecutionListener, org.springframework.boot.test.autoconfigure.restdocs.RestDocsTestExecutionListener, org.springframework.boot.test.autoconfigure.web.client.MockRestServiceServerResetTestExecutionListener, org.springframework.boot.test.autoconfigure.web.servlet.MockMvcPrintOnlyOnFailureTestExecutionListener, org.springframework.boot.test.autoconfigure.web.servlet.WebDriverTestExecutionListener, org.springframework.boot.test.autoconfigure.webservices.client.MockWebServiceServerTestExecutionListener, org.springframework.boot.test.mock.mockito.MockitoTestExecutionListener, org.springframework.boot.test.mock.mockito.ResetMocksTestExecutionListener, org.springframework.test.context.web.ServletTestExecutionListener, org.springframework.test.context.support.DirtiesContextBeforeModesTestExecutionListener, org.springframework.test.context.event.ApplicationEventsTestExecutionListener, org.springframework.test.context.support.DependencyInjectionTestExecutionListener, org.springframework.test.context.support.DirtiesContextTestExecutionListener, org.springframework.test.context.transaction.TransactionalTestExecutionListener, org.springframework.test.context.jdbc.SqlScriptsTestExecutionListener, org.springframework.test.context.event.EventPublishingTestExecutionListener]
2023-11-28 21:43:02.938  INFO 8128 --- [    Test worker] .b.t.c.SpringBootTestContextBootstrapper : Using TestExecutionListeners: [org.springframework.test.context.web.ServletTestExecutionListener@68a2b1, org.springframework.test.context.support.DirtiesContextBeforeModesTestExecutionListener@268f73, org.springframework.test.context.event.ApplicationEventsTestExecutionListener@138e876, org.springframework.boot.test.mock.mockito.MockitoTestExecutionListener@b2819f, org.springframework.boot.test.autoconfigure.SpringBootDependencyInjectionTestExecutionListener@1dac812, org.springframework.test.context.support.DirtiesContextTestExecutionListener@1619ecd, org.springframework.test.context.transaction.TransactionalTestExecutionListener@1e4bd8f, org.springframework.test.context.jdbc.SqlScriptsTestExecutionListener@13e65d5, org.springframework.security.test.context.support.WithSecurityContextTestExecutionListener@97b4b8, org.springframework.test.context.event.EventPublishingTestExecutionListener@10fc0d1, org.springframework.security.test.context.support.ReactorContextTestExecutionListener@1df193a, org.springframework.boot.test.autoconfigure.restdocs.RestDocsTestExecutionListener@1a5cb99, org.springframework.boot.test.autoconfigure.web.client.MockRestServiceServerResetTestExecutionListener@808fa1, org.springframework.boot.test.autoconfigure.web.servlet.MockMvcPrintOnlyOnFailureTestExecutionListener@152ce28, org.springframework.boot.test.autoconfigure.web.servlet.WebDriverTestExecutionListener@c10ab1, org.springframework.boot.test.autoconfigure.webservices.client.MockWebServiceServerTestExecutionListener@101fbf3, org.springframework.boot.test.mock.mockito.ResetMocksTestExecutionListener@1f88d35]
2023-11-28 21:43:02.970  INFO 8128 --- [    Test worker] o.s.t.c.transaction.TransactionContext   : Began transaction (1) for test context [DefaultTestContext@ba90c1 testClass = SellerServiceTest, testInstance = net.prescent.service.SellerServiceTest@1cf6e8c, testMethod = signupSellerTest@SellerServiceTest, testException = [null], mergedContextConfiguration = [WebMergedContextConfiguration@145cb17 testClass = SellerServiceTest, locations = '{}', classes = '{class net.prescent.PreScentApplication}', contextInitializerClasses = '[]', activeProfiles = '{}', propertySourceLocations = '{}', propertySourceProperties = '{org.springframework.boot.test.context.SpringBootTestContextBootstrapper=true}', contextCustomizers = set[org.springframework.boot.test.autoconfigure.actuate.metrics.MetricsExportContextCustomizerFactory$DisableMetricExportContextCustomizer@54db99, org.springframework.boot.test.autoconfigure.properties.PropertyMappingContextCustomizer@0, org.springframework.boot.test.autoconfigure.web.servlet.WebDriverContextCustomizerFactory$Customizer@1e5f0ef, org.springframework.boot.test.context.filter.ExcludeFilterContextCustomizer@f57b3d, org.springframework.boot.test.json.DuplicateJsonObjectContextCustomizerFactory$DuplicateJsonObjectContextCustomizer@260766, org.springframework.boot.test.mock.mockito.MockitoContextCustomizer@0, org.springframework.boot.test.web.client.TestRestTemplateContextCustomizer@625ccd, org.springframework.boot.test.web.reactive.server.WebTestClientContextCustomizer@fde30a, org.springframework.boot.test.context.SpringBootTestArgs@1, org.springframework.boot.test.context.SpringBootTestWebEnvironment@dec700], resourceBasePath = 'src/main/webapp', contextLoader = 'org.springframework.boot.test.context.SpringBootContextLoader', parent = [null]], attributes = map['org.springframework.test.context.web.ServletTestExecutionListener.activateListener' -> true, 'org.springframework.test.context.web.ServletTestExecutionListener.populatedRequestContextHolder' -> true, 'org.springframework.test.context.web.ServletTestExecutionListener.resetRequestContextHolder' -> true, 'org.springframework.test.context.event.ApplicationEventsTestExecutionListener.recordApplicationEvents' -> false]]; transaction manager [org.springframework.orm.jpa.JpaTransactionManager@65d12]; rollback [true]
2023-11-28 21:43:02.974 DEBUG 8128 --- [    Test worker] org.hibernate.SQL                        : 
    delete 
    from
        seller
Hibernate: 
    delete 
    from
        seller
2023-11-28 21:43:03.001 DEBUG 8128 --- [    Test worker] org.hibernate.SQL                        : 
    select
        sellerenti0_.seller_key as seller_k1_5_,
        sellerenti0_.shop_key as shop_key7_5_,
        sellerenti0_.isgrant as isgrant2_5_,
        sellerenti0_.seller_id_email as seller_i3_5_,
        sellerenti0_.seller_name as seller_n4_5_,
        sellerenti0_.seller_password as seller_p5_5_,
        sellerenti0_.seller_phonenum as seller_p6_5_ 
    from
        seller sellerenti0_ 
    where
        sellerenti0_.seller_key=?
Hibernate: 
    select
        sellerenti0_.seller_key as seller_k1_5_,
        sellerenti0_.shop_key as shop_key7_5_,
        sellerenti0_.isgrant as isgrant2_5_,
        sellerenti0_.seller_id_email as seller_i3_5_,
        sellerenti0_.seller_name as seller_n4_5_,
        sellerenti0_.seller_password as seller_p5_5_,
        sellerenti0_.seller_phonenum as seller_p6_5_ 
    from
        seller sellerenti0_ 
    where
        sellerenti0_.seller_key=?
2023-11-28 21:43:03.002 TRACE 8128 --- [    Test worker] o.h.type.descriptor.sql.BasicBinder      : binding parameter [1] as [INTEGER] - [123456789]
2023-11-28 21:43:03.162 DEBUG 8128 --- [    Test worker] org.hibernate.SQL                        : 
    select
        sellerenti0_.seller_key as seller_k1_5_0_,
        sellerenti0_.shop_key as shop_key7_5_0_,
        sellerenti0_.isgrant as isgrant2_5_0_,
        sellerenti0_.seller_id_email as seller_i3_5_0_,
        sellerenti0_.seller_name as seller_n4_5_0_,
        sellerenti0_.seller_password as seller_p5_5_0_,
        sellerenti0_.seller_phonenum as seller_p6_5_0_ 
    from
        seller sellerenti0_ 
    where
        sellerenti0_.seller_key=?
Hibernate: 
    select
        sellerenti0_.seller_key as seller_k1_5_0_,
        sellerenti0_.shop_key as shop_key7_5_0_,
        sellerenti0_.isgrant as isgrant2_5_0_,
        sellerenti0_.seller_id_email as seller_i3_5_0_,
        sellerenti0_.seller_name as seller_n4_5_0_,
        sellerenti0_.seller_password as seller_p5_5_0_,
        sellerenti0_.seller_phonenum as seller_p6_5_0_ 
    from
        seller sellerenti0_ 
    where
        sellerenti0_.seller_key=?
2023-11-28 21:43:03.163 TRACE 8128 --- [    Test worker] o.h.type.descriptor.sql.BasicBinder      : binding parameter [1] as [INTEGER] - [123456789]
2023-11-28 21:43:03.215 DEBUG 8128 --- [    Test worker] org.hibernate.SQL                        : 
    insert 
    into
        seller
        (shop_key, isgrant, seller_id_email, seller_name, seller_password, seller_phonenum, seller_key) 
    values
        (?, ?, ?, ?, ?, ?, ?)
Hibernate: 
    insert 
    into
        seller
        (shop_key, isgrant, seller_id_email, seller_name, seller_password, seller_phonenum, seller_key) 
    values
        (?, ?, ?, ?, ?, ?, ?)
2023-11-28 21:43:03.216 TRACE 8128 --- [    Test worker] o.h.type.descriptor.sql.BasicBinder      : binding parameter [1] as [INTEGER] - [null]
2023-11-28 21:43:03.217 TRACE 8128 --- [    Test worker] o.h.type.descriptor.sql.BasicBinder      : binding parameter [2] as [INTEGER] - [null]
2023-11-28 21:43:03.217 TRACE 8128 --- [    Test worker] o.h.type.descriptor.sql.BasicBinder      : binding parameter [3] as [VARCHAR] - [ajou@gmail.com]
2023-11-28 21:43:03.217 TRACE 8128 --- [    Test worker] o.h.type.descriptor.sql.BasicBinder      : binding parameter [4] as [VARCHAR] - [suhyeon]
2023-11-28 21:43:03.218 TRACE 8128 --- [    Test worker] o.h.type.descriptor.sql.BasicBinder      : binding parameter [5] as [VARCHAR] - [$2a$10$vPJaVWodwHoW627ETQRf3ufi7SN4yU4jl.50bbTu0Z3pqRCcNjdX.]
2023-11-28 21:43:03.218 TRACE 8128 --- [    Test worker] o.h.type.descriptor.sql.BasicBinder      : binding parameter [6] as [VARCHAR] - [010-1111-2222]
2023-11-28 21:43:03.218 TRACE 8128 --- [    Test worker] o.h.type.descriptor.sql.BasicBinder      : binding parameter [7] as [INTEGER] - [123456789]
2023-11-28 21:43:03.255 DEBUG 8128 --- [    Test worker] org.hibernate.SQL                        : 
    select
        sellerenti0_.seller_key as seller_k1_5_,
        sellerenti0_.shop_key as shop_key7_5_,
        sellerenti0_.isgrant as isgrant2_5_,
        sellerenti0_.seller_id_email as seller_i3_5_,
        sellerenti0_.seller_name as seller_n4_5_,
        sellerenti0_.seller_password as seller_p5_5_,
        sellerenti0_.seller_phonenum as seller_p6_5_ 
    from
        seller sellerenti0_ 
    where
        sellerenti0_.seller_id_email=?
Hibernate: 
    select
        sellerenti0_.seller_key as seller_k1_5_,
        sellerenti0_.shop_key as shop_key7_5_,
        sellerenti0_.isgrant as isgrant2_5_,
        sellerenti0_.seller_id_email as seller_i3_5_,
        sellerenti0_.seller_name as seller_n4_5_,
        sellerenti0_.seller_password as seller_p5_5_,
        sellerenti0_.seller_phonenum as seller_p6_5_ 
    from
        seller sellerenti0_ 
    where
        sellerenti0_.seller_id_email=?
2023-11-28 21:43:03.256 TRACE 8128 --- [    Test worker] o.h.type.descriptor.sql.BasicBinder      : binding parameter [1] as [VARCHAR] - [ajou@gmail.com]
2023-11-28 21:43:03.575  INFO 8128 --- [    Test worker] o.s.t.c.transaction.TransactionContext   : Rolled back transaction for test: [DefaultTestContext@ba90c1 testClass = SellerServiceTest, testInstance = net.prescent.service.SellerServiceTest@1cf6e8c, testMethod = signupSellerTest@SellerServiceTest, testException = [null], mergedContextConfiguration = [WebMergedContextConfiguration@145cb17 testClass = SellerServiceTest, locations = '{}', classes = '{class net.prescent.PreScentApplication}', contextInitializerClasses = '[]', activeProfiles = '{}', propertySourceLocations = '{}', propertySourceProperties = '{org.springframework.boot.test.context.SpringBootTestContextBootstrapper=true}', contextCustomizers = set[org.springframework.boot.test.autoconfigure.actuate.metrics.MetricsExportContextCustomizerFactory$DisableMetricExportContextCustomizer@54db99, org.springframework.boot.test.autoconfigure.properties.PropertyMappingContextCustomizer@0, org.springframework.boot.test.autoconfigure.web.servlet.WebDriverContextCustomizerFactory$Customizer@1e5f0ef, org.springframework.boot.test.context.filter.ExcludeFilterContextCustomizer@f57b3d, org.springframework.boot.test.json.DuplicateJsonObjectContextCustomizerFactory$DuplicateJsonObjectContextCustomizer@260766, org.springframework.boot.test.mock.mockito.MockitoContextCustomizer@0, org.springframework.boot.test.web.client.TestRestTemplateContextCustomizer@625ccd, org.springframework.boot.test.web.reactive.server.WebTestClientContextCustomizer@fde30a, org.springframework.boot.test.context.SpringBootTestArgs@1, org.springframework.boot.test.context.SpringBootTestWebEnvironment@dec700], resourceBasePath = 'src/main/webapp', contextLoader = 'org.springframework.boot.test.context.SpringBootContextLoader', parent = [null]], attributes = map['org.springframework.test.context.web.ServletTestExecutionListener.activateListener' -> true, 'org.springframework.test.context.web.ServletTestExecutionListener.populatedRequestContextHolder' -> true, 'org.springframework.test.context.web.ServletTestExecutionListener.resetRequestContextHolder' -> true, 'org.springframework.test.context.event.ApplicationEventsTestExecutionListener.recordApplicationEvents' -> false]]
2023-11-28 21:43:03.605  INFO 8128 --- [    Test worker] o.s.t.c.transaction.TransactionContext   : Began transaction (1) for test context [DefaultTestContext@ba90c1 testClass = SellerServiceTest, testInstance = net.prescent.service.SellerServiceTest@15dc4bb, testMethod = signupDuplicateSellerKeyTest@SellerServiceTest, testException = [null], mergedContextConfiguration = [WebMergedContextConfiguration@145cb17 testClass = SellerServiceTest, locations = '{}', classes = '{class net.prescent.PreScentApplication}', contextInitializerClasses = '[]', activeProfiles = '{}', propertySourceLocations = '{}', propertySourceProperties = '{org.springframework.boot.test.context.SpringBootTestContextBootstrapper=true}', contextCustomizers = set[org.springframework.boot.test.autoconfigure.actuate.metrics.MetricsExportContextCustomizerFactory$DisableMetricExportContextCustomizer@54db99, org.springframework.boot.test.autoconfigure.properties.PropertyMappingContextCustomizer@0, org.springframework.boot.test.autoconfigure.web.servlet.WebDriverContextCustomizerFactory$Customizer@1e5f0ef, org.springframework.boot.test.context.filter.ExcludeFilterContextCustomizer@f57b3d, org.springframework.boot.test.json.DuplicateJsonObjectContextCustomizerFactory$DuplicateJsonObjectContextCustomizer@260766, org.springframework.boot.test.mock.mockito.MockitoContextCustomizer@0, org.springframework.boot.test.web.client.TestRestTemplateContextCustomizer@625ccd, org.springframework.boot.test.web.reactive.server.WebTestClientContextCustomizer@fde30a, org.springframework.boot.test.context.SpringBootTestArgs@1, org.springframework.boot.test.context.SpringBootTestWebEnvironment@dec700], resourceBasePath = 'src/main/webapp', contextLoader = 'org.springframework.boot.test.context.SpringBootContextLoader', parent = [null]], attributes = map['org.springframework.test.context.web.ServletTestExecutionListener.activateListener' -> true, 'org.springframework.test.context.web.ServletTestExecutionListener.populatedRequestContextHolder' -> true, 'org.springframework.test.context.web.ServletTestExecutionListener.resetRequestContextHolder' -> true, 'org.springframework.test.context.event.ApplicationEventsTestExecutionListener.recordApplicationEvents' -> false]]; transaction manager [org.springframework.orm.jpa.JpaTransactionManager@65d12]; rollback [true]
2023-11-28 21:43:03.608 DEBUG 8128 --- [    Test worker] org.hibernate.SQL                        : 
    delete 
    from
        seller
Hibernate: 
    delete 
    from
        seller
2023-11-28 21:43:03.632 DEBUG 8128 --- [    Test worker] org.hibernate.SQL                        : 
    select
        sellerenti0_.seller_key as seller_k1_5_,
        sellerenti0_.shop_key as shop_key7_5_,
        sellerenti0_.isgrant as isgrant2_5_,
        sellerenti0_.seller_id_email as seller_i3_5_,
        sellerenti0_.seller_name as seller_n4_5_,
        sellerenti0_.seller_password as seller_p5_5_,
        sellerenti0_.seller_phonenum as seller_p6_5_ 
    from
        seller sellerenti0_ 
    where
        sellerenti0_.seller_key=?
Hibernate: 
    select
        sellerenti0_.seller_key as seller_k1_5_,
        sellerenti0_.shop_key as shop_key7_5_,
        sellerenti0_.isgrant as isgrant2_5_,
        sellerenti0_.seller_id_email as seller_i3_5_,
        sellerenti0_.seller_name as seller_n4_5_,
        sellerenti0_.seller_password as seller_p5_5_,
        sellerenti0_.seller_phonenum as seller_p6_5_ 
    from
        seller sellerenti0_ 
    where
        sellerenti0_.seller_key=?
2023-11-28 21:43:03.632 TRACE 8128 --- [    Test worker] o.h.type.descriptor.sql.BasicBinder      : binding parameter [1] as [INTEGER] - [123456789]
2023-11-28 21:43:03.851 DEBUG 8128 --- [    Test worker] org.hibernate.SQL                        : 
    select
        sellerenti0_.seller_key as seller_k1_5_0_,
        sellerenti0_.shop_key as shop_key7_5_0_,
        sellerenti0_.isgrant as isgrant2_5_0_,
        sellerenti0_.seller_id_email as seller_i3_5_0_,
        sellerenti0_.seller_name as seller_n4_5_0_,
        sellerenti0_.seller_password as seller_p5_5_0_,
        sellerenti0_.seller_phonenum as seller_p6_5_0_ 
    from
        seller sellerenti0_ 
    where
        sellerenti0_.seller_key=?
Hibernate: 
    select
        sellerenti0_.seller_key as seller_k1_5_0_,
        sellerenti0_.shop_key as shop_key7_5_0_,
        sellerenti0_.isgrant as isgrant2_5_0_,
        sellerenti0_.seller_id_email as seller_i3_5_0_,
        sellerenti0_.seller_name as seller_n4_5_0_,
        sellerenti0_.seller_password as seller_p5_5_0_,
        sellerenti0_.seller_phonenum as seller_p6_5_0_ 
    from
        seller sellerenti0_ 
    where
        sellerenti0_.seller_key=?
2023-11-28 21:43:03.852 TRACE 8128 --- [    Test worker] o.h.type.descriptor.sql.BasicBinder      : binding parameter [1] as [INTEGER] - [123456789]
2023-11-28 21:43:03.918 DEBUG 8128 --- [    Test worker] org.hibernate.SQL                        : 
    insert 
    into
        seller
        (shop_key, isgrant, seller_id_email, seller_name, seller_password, seller_phonenum, seller_key) 
    values
        (?, ?, ?, ?, ?, ?, ?)
Hibernate: 
    insert 
    into
        seller
        (shop_key, isgrant, seller_id_email, seller_name, seller_password, seller_phonenum, seller_key) 
    values
        (?, ?, ?, ?, ?, ?, ?)
2023-11-28 21:43:03.918 TRACE 8128 --- [    Test worker] o.h.type.descriptor.sql.BasicBinder      : binding parameter [1] as [INTEGER] - [null]
2023-11-28 21:43:03.919 TRACE 8128 --- [    Test worker] o.h.type.descriptor.sql.BasicBinder      : binding parameter [2] as [INTEGER] - [null]
2023-11-28 21:43:03.919 TRACE 8128 --- [    Test worker] o.h.type.descriptor.sql.BasicBinder      : binding parameter [3] as [VARCHAR] - [ajou@gmail.com]
2023-11-28 21:43:03.919 TRACE 8128 --- [    Test worker] o.h.type.descriptor.sql.BasicBinder      : binding parameter [4] as [VARCHAR] - [suhyeon]
2023-11-28 21:43:03.919 TRACE 8128 --- [    Test worker] o.h.type.descriptor.sql.BasicBinder      : binding parameter [5] as [VARCHAR] - [$2a$10$AbgZvZX5IZ74ASdOcjPC3OO87KvR1S2O5RO9cP9UUCu6Xro8So0fe]
2023-11-28 21:43:03.919 TRACE 8128 --- [    Test worker] o.h.type.descriptor.sql.BasicBinder      : binding parameter [6] as [VARCHAR] - [010-1111-2222]
2023-11-28 21:43:03.920 TRACE 8128 --- [    Test worker] o.h.type.descriptor.sql.BasicBinder      : binding parameter [7] as [INTEGER] - [123456789]
2023-11-28 21:43:03.950 DEBUG 8128 --- [    Test worker] org.hibernate.SQL                        : 
    select
        sellerenti0_.seller_key as seller_k1_5_,
        sellerenti0_.shop_key as shop_key7_5_,
        sellerenti0_.isgrant as isgrant2_5_,
        sellerenti0_.seller_id_email as seller_i3_5_,
        sellerenti0_.seller_name as seller_n4_5_,
        sellerenti0_.seller_password as seller_p5_5_,
        sellerenti0_.seller_phonenum as seller_p6_5_ 
    from
        seller sellerenti0_ 
    where
        sellerenti0_.seller_key=?
Hibernate: 
    select
        sellerenti0_.seller_key as seller_k1_5_,
        sellerenti0_.shop_key as shop_key7_5_,
        sellerenti0_.isgrant as isgrant2_5_,
        sellerenti0_.seller_id_email as seller_i3_5_,
        sellerenti0_.seller_name as seller_n4_5_,
        sellerenti0_.seller_password as seller_p5_5_,
        sellerenti0_.seller_phonenum as seller_p6_5_ 
    from
        seller sellerenti0_ 
    where
        sellerenti0_.seller_key=?
2023-11-28 21:43:03.951 TRACE 8128 --- [    Test worker] o.h.type.descriptor.sql.BasicBinder      : binding parameter [1] as [INTEGER] - [123456789]
2023-11-28 21:43:04.026  INFO 8128 --- [    Test worker] o.s.t.c.transaction.TransactionContext   : Rolled back transaction for test: [DefaultTestContext@ba90c1 testClass = SellerServiceTest, testInstance = net.prescent.service.SellerServiceTest@15dc4bb, testMethod = signupDuplicateSellerKeyTest@SellerServiceTest, testException = [null], mergedContextConfiguration = [WebMergedContextConfiguration@145cb17 testClass = SellerServiceTest, locations = '{}', classes = '{class net.prescent.PreScentApplication}', contextInitializerClasses = '[]', activeProfiles = '{}', propertySourceLocations = '{}', propertySourceProperties = '{org.springframework.boot.test.context.SpringBootTestContextBootstrapper=true}', contextCustomizers = set[org.springframework.boot.test.autoconfigure.actuate.metrics.MetricsExportContextCustomizerFactory$DisableMetricExportContextCustomizer@54db99, org.springframework.boot.test.autoconfigure.properties.PropertyMappingContextCustomizer@0, org.springframework.boot.test.autoconfigure.web.servlet.WebDriverContextCustomizerFactory$Customizer@1e5f0ef, org.springframework.boot.test.context.filter.ExcludeFilterContextCustomizer@f57b3d, org.springframework.boot.test.json.DuplicateJsonObjectContextCustomizerFactory$DuplicateJsonObjectContextCustomizer@260766, org.springframework.boot.test.mock.mockito.MockitoContextCustomizer@0, org.springframework.boot.test.web.client.TestRestTemplateContextCustomizer@625ccd, org.springframework.boot.test.web.reactive.server.WebTestClientContextCustomizer@fde30a, org.springframework.boot.test.context.SpringBootTestArgs@1, org.springframework.boot.test.context.SpringBootTestWebEnvironment@dec700], resourceBasePath = 'src/main/webapp', contextLoader = 'org.springframework.boot.test.context.SpringBootContextLoader', parent = [null]], attributes = map['org.springframework.test.context.web.ServletTestExecutionListener.activateListener' -> true, 'org.springframework.test.context.web.ServletTestExecutionListener.populatedRequestContextHolder' -> true, 'org.springframework.test.context.web.ServletTestExecutionListener.resetRequestContextHolder' -> true, 'org.springframework.test.context.event.ApplicationEventsTestExecutionListener.recordApplicationEvents' -> false]]
2023-11-28 21:43:04.050  INFO 8128 --- [    Test worker] o.s.t.c.transaction.TransactionContext   : Began transaction (1) for test context [DefaultTestContext@ba90c1 testClass = SellerServiceTest, testInstance = net.prescent.service.SellerServiceTest@5c253a, testMethod = logoutTest@SellerServiceTest, testException = [null], mergedContextConfiguration = [WebMergedContextConfiguration@145cb17 testClass = SellerServiceTest, locations = '{}', classes = '{class net.prescent.PreScentApplication}', contextInitializerClasses = '[]', activeProfiles = '{}', propertySourceLocations = '{}', propertySourceProperties = '{org.springframework.boot.test.context.SpringBootTestContextBootstrapper=true}', contextCustomizers = set[org.springframework.boot.test.autoconfigure.actuate.metrics.MetricsExportContextCustomizerFactory$DisableMetricExportContextCustomizer@54db99, org.springframework.boot.test.autoconfigure.properties.PropertyMappingContextCustomizer@0, org.springframework.boot.test.autoconfigure.web.servlet.WebDriverContextCustomizerFactory$Customizer@1e5f0ef, org.springframework.boot.test.context.filter.ExcludeFilterContextCustomizer@f57b3d, org.springframework.boot.test.json.DuplicateJsonObjectContextCustomizerFactory$DuplicateJsonObjectContextCustomizer@260766, org.springframework.boot.test.mock.mockito.MockitoContextCustomizer@0, org.springframework.boot.test.web.client.TestRestTemplateContextCustomizer@625ccd, org.springframework.boot.test.web.reactive.server.WebTestClientContextCustomizer@fde30a, org.springframework.boot.test.context.SpringBootTestArgs@1, org.springframework.boot.test.context.SpringBootTestWebEnvironment@dec700], resourceBasePath = 'src/main/webapp', contextLoader = 'org.springframework.boot.test.context.SpringBootContextLoader', parent = [null]], attributes = map['org.springframework.test.context.web.ServletTestExecutionListener.activateListener' -> true, 'org.springframework.test.context.web.ServletTestExecutionListener.populatedRequestContextHolder' -> true, 'org.springframework.test.context.web.ServletTestExecutionListener.resetRequestContextHolder' -> true, 'org.springframework.test.context.event.ApplicationEventsTestExecutionListener.recordApplicationEvents' -> false]]; transaction manager [org.springframework.orm.jpa.JpaTransactionManager@65d12]; rollback [true]
2023-11-28 21:43:04.053 DEBUG 8128 --- [    Test worker] org.hibernate.SQL                        : 
    delete 
    from
        seller
Hibernate: 
    delete 
    from
        seller
2023-11-28 21:43:04.081 DEBUG 8128 --- [    Test worker] org.hibernate.SQL                        : 
    select
        sellerenti0_.seller_key as seller_k1_5_,
        sellerenti0_.shop_key as shop_key7_5_,
        sellerenti0_.isgrant as isgrant2_5_,
        sellerenti0_.seller_id_email as seller_i3_5_,
        sellerenti0_.seller_name as seller_n4_5_,
        sellerenti0_.seller_password as seller_p5_5_,
        sellerenti0_.seller_phonenum as seller_p6_5_ 
    from
        seller sellerenti0_ 
    where
        sellerenti0_.seller_key=?
Hibernate: 
    select
        sellerenti0_.seller_key as seller_k1_5_,
        sellerenti0_.shop_key as shop_key7_5_,
        sellerenti0_.isgrant as isgrant2_5_,
        sellerenti0_.seller_id_email as seller_i3_5_,
        sellerenti0_.seller_name as seller_n4_5_,
        sellerenti0_.seller_password as seller_p5_5_,
        sellerenti0_.seller_phonenum as seller_p6_5_ 
    from
        seller sellerenti0_ 
    where
        sellerenti0_.seller_key=?
2023-11-28 21:43:04.082 TRACE 8128 --- [    Test worker] o.h.type.descriptor.sql.BasicBinder      : binding parameter [1] as [INTEGER] - [123456789]
2023-11-28 21:43:04.248 DEBUG 8128 --- [    Test worker] org.hibernate.SQL                        : 
    select
        sellerenti0_.seller_key as seller_k1_5_0_,
        sellerenti0_.shop_key as shop_key7_5_0_,
        sellerenti0_.isgrant as isgrant2_5_0_,
        sellerenti0_.seller_id_email as seller_i3_5_0_,
        sellerenti0_.seller_name as seller_n4_5_0_,
        sellerenti0_.seller_password as seller_p5_5_0_,
        sellerenti0_.seller_phonenum as seller_p6_5_0_ 
    from
        seller sellerenti0_ 
    where
        sellerenti0_.seller_key=?
Hibernate: 
    select
        sellerenti0_.seller_key as seller_k1_5_0_,
        sellerenti0_.shop_key as shop_key7_5_0_,
        sellerenti0_.isgrant as isgrant2_5_0_,
        sellerenti0_.seller_id_email as seller_i3_5_0_,
        sellerenti0_.seller_name as seller_n4_5_0_,
        sellerenti0_.seller_password as seller_p5_5_0_,
        sellerenti0_.seller_phonenum as seller_p6_5_0_ 
    from
        seller sellerenti0_ 
    where
        sellerenti0_.seller_key=?
2023-11-28 21:43:04.249 TRACE 8128 --- [    Test worker] o.h.type.descriptor.sql.BasicBinder      : binding parameter [1] as [INTEGER] - [123456789]
2023-11-28 21:43:04.298 DEBUG 8128 --- [    Test worker] org.hibernate.SQL                        : 
    insert 
    into
        seller
        (shop_key, isgrant, seller_id_email, seller_name, seller_password, seller_phonenum, seller_key) 
    values
        (?, ?, ?, ?, ?, ?, ?)
Hibernate: 
    insert 
    into
        seller
        (shop_key, isgrant, seller_id_email, seller_name, seller_password, seller_phonenum, seller_key) 
    values
        (?, ?, ?, ?, ?, ?, ?)
2023-11-28 21:43:04.299 TRACE 8128 --- [    Test worker] o.h.type.descriptor.sql.BasicBinder      : binding parameter [1] as [INTEGER] - [null]
2023-11-28 21:43:04.299 TRACE 8128 --- [    Test worker] o.h.type.descriptor.sql.BasicBinder      : binding parameter [2] as [INTEGER] - [null]
2023-11-28 21:43:04.299 TRACE 8128 --- [    Test worker] o.h.type.descriptor.sql.BasicBinder      : binding parameter [3] as [VARCHAR] - [ajou@gmail.com]
2023-11-28 21:43:04.299 TRACE 8128 --- [    Test worker] o.h.type.descriptor.sql.BasicBinder      : binding parameter [4] as [VARCHAR] - [suhyeon]
2023-11-28 21:43:04.299 TRACE 8128 --- [    Test worker] o.h.type.descriptor.sql.BasicBinder      : binding parameter [5] as [VARCHAR] - [$2a$10$4VTyDMzDJgE/EHj7DabJaO0VSVU3DgzA2MseXi9gUSevXZak4k75i]
2023-11-28 21:43:04.300 TRACE 8128 --- [    Test worker] o.h.type.descriptor.sql.BasicBinder      : binding parameter [6] as [VARCHAR] - [010-1111-2222]
2023-11-28 21:43:04.300 TRACE 8128 --- [    Test worker] o.h.type.descriptor.sql.BasicBinder      : binding parameter [7] as [INTEGER] - [123456789]
2023-11-28 21:43:04.331 DEBUG 8128 --- [    Test worker] org.hibernate.SQL                        : 
    select
        sellerenti0_.seller_key as seller_k1_5_,
        sellerenti0_.shop_key as shop_key7_5_,
        sellerenti0_.isgrant as isgrant2_5_,
        sellerenti0_.seller_id_email as seller_i3_5_,
        sellerenti0_.seller_name as seller_n4_5_,
        sellerenti0_.seller_password as seller_p5_5_,
        sellerenti0_.seller_phonenum as seller_p6_5_ 
    from
        seller sellerenti0_ 
    where
        sellerenti0_.seller_id_email=?
Hibernate: 
    select
        sellerenti0_.seller_key as seller_k1_5_,
        sellerenti0_.shop_key as shop_key7_5_,
        sellerenti0_.isgrant as isgrant2_5_,
        sellerenti0_.seller_id_email as seller_i3_5_,
        sellerenti0_.seller_name as seller_n4_5_,
        sellerenti0_.seller_password as seller_p5_5_,
        sellerenti0_.seller_phonenum as seller_p6_5_ 
    from
        seller sellerenti0_ 
    where
        sellerenti0_.seller_id_email=?
2023-11-28 21:43:04.332 TRACE 8128 --- [    Test worker] o.h.type.descriptor.sql.BasicBinder      : binding parameter [1] as [VARCHAR] - [ajou@gmail.com]
2023-11-28 21:43:04.548 DEBUG 8128 --- [    Test worker] org.hibernate.SQL                        : 
    select
        accesstoke0_.token as token1_0_0_,
        accesstoke0_.seller_key as seller_k2_0_0_ 
    from
        access_token accesstoke0_ 
    where
        accesstoke0_.token=?
Hibernate: 
    select
        accesstoke0_.token as token1_0_0_,
        accesstoke0_.seller_key as seller_k2_0_0_ 
    from
        access_token accesstoke0_ 
    where
        accesstoke0_.token=?
2023-11-28 21:43:04.549 TRACE 8128 --- [    Test worker] o.h.type.descriptor.sql.BasicBinder      : binding parameter [1] as [VARCHAR] - [b00999ce-d961-4035-97f9-5adaeaf144fc]
2023-11-28 21:43:04.618 DEBUG 8128 --- [    Test worker] org.hibernate.SQL                        : 
    insert 
    into
        access_token
        (seller_key, token) 
    values
        (?, ?)
Hibernate: 
    insert 
    into
        access_token
        (seller_key, token) 
    values
        (?, ?)
2023-11-28 21:43:04.619 TRACE 8128 --- [    Test worker] o.h.type.descriptor.sql.BasicBinder      : binding parameter [1] as [INTEGER] - [123456789]
2023-11-28 21:43:04.619 TRACE 8128 --- [    Test worker] o.h.type.descriptor.sql.BasicBinder      : binding parameter [2] as [VARCHAR] - [b00999ce-d961-4035-97f9-5adaeaf144fc]
2023-11-28 21:43:04.651 DEBUG 8128 --- [    Test worker] org.hibernate.SQL                        : 
    select
        accesstoke0_.token as token1_0_,
        accesstoke0_.seller_key as seller_k2_0_ 
    from
        access_token accesstoke0_ 
    where
        accesstoke0_.token=?
Hibernate: 
    select
        accesstoke0_.token as token1_0_,
        accesstoke0_.seller_key as seller_k2_0_ 
    from
        access_token accesstoke0_ 
    where
        accesstoke0_.token=?
2023-11-28 21:43:04.652 TRACE 8128 --- [    Test worker] o.h.type.descriptor.sql.BasicBinder      : binding parameter [1] as [VARCHAR] - [b00999ce-d961-4035-97f9-5adaeaf144fc]
2023-11-28 21:43:04.689 DEBUG 8128 --- [    Test worker] org.hibernate.SQL                        : 
    select
        accesstoke0_.token as token1_0_,
        accesstoke0_.seller_key as seller_k2_0_ 
    from
        access_token accesstoke0_ 
    where
        accesstoke0_.token=?
Hibernate: 
    select
        accesstoke0_.token as token1_0_,
        accesstoke0_.seller_key as seller_k2_0_ 
    from
        access_token accesstoke0_ 
    where
        accesstoke0_.token=?
2023-11-28 21:43:04.690 TRACE 8128 --- [    Test worker] o.h.type.descriptor.sql.BasicBinder      : binding parameter [1] as [VARCHAR] - [b00999ce-d961-4035-97f9-5adaeaf144fc]
2023-11-28 21:43:04.729 DEBUG 8128 --- [    Test worker] org.hibernate.SQL                        : 
    delete 
    from
        access_token 
    where
        token=?
Hibernate: 
    delete 
    from
        access_token 
    where
        token=?
2023-11-28 21:43:04.729 TRACE 8128 --- [    Test worker] o.h.type.descriptor.sql.BasicBinder      : binding parameter [1] as [VARCHAR] - [b00999ce-d961-4035-97f9-5adaeaf144fc]
2023-11-28 21:43:04.764 DEBUG 8128 --- [    Test worker] org.hibernate.SQL                        : 
    select
        accesstoke0_.token as token1_0_,
        accesstoke0_.seller_key as seller_k2_0_ 
    from
        access_token accesstoke0_ 
    where
        accesstoke0_.token=?
Hibernate: 
    select
        accesstoke0_.token as token1_0_,
        accesstoke0_.seller_key as seller_k2_0_ 
    from
        access_token accesstoke0_ 
    where
        accesstoke0_.token=?
2023-11-28 21:43:04.765 TRACE 8128 --- [    Test worker] o.h.type.descriptor.sql.BasicBinder      : binding parameter [1] as [VARCHAR] - [b00999ce-d961-4035-97f9-5adaeaf144fc]
2023-11-28 21:43:04.851  INFO 8128 --- [    Test worker] o.s.t.c.transaction.TransactionContext   : Rolled back transaction for test: [DefaultTestContext@ba90c1 testClass = SellerServiceTest, testInstance = net.prescent.service.SellerServiceTest@5c253a, testMethod = logoutTest@SellerServiceTest, testException = [null], mergedContextConfiguration = [WebMergedContextConfiguration@145cb17 testClass = SellerServiceTest, locations = '{}', classes = '{class net.prescent.PreScentApplication}', contextInitializerClasses = '[]', activeProfiles = '{}', propertySourceLocations = '{}', propertySourceProperties = '{org.springframework.boot.test.context.SpringBootTestContextBootstrapper=true}', contextCustomizers = set[org.springframework.boot.test.autoconfigure.actuate.metrics.MetricsExportContextCustomizerFactory$DisableMetricExportContextCustomizer@54db99, org.springframework.boot.test.autoconfigure.properties.PropertyMappingContextCustomizer@0, org.springframework.boot.test.autoconfigure.web.servlet.WebDriverContextCustomizerFactory$Customizer@1e5f0ef, org.springframework.boot.test.context.filter.ExcludeFilterContextCustomizer@f57b3d, org.springframework.boot.test.json.DuplicateJsonObjectContextCustomizerFactory$DuplicateJsonObjectContextCustomizer@260766, org.springframework.boot.test.mock.mockito.MockitoContextCustomizer@0, org.springframework.boot.test.web.client.TestRestTemplateContextCustomizer@625ccd, org.springframework.boot.test.web.reactive.server.WebTestClientContextCustomizer@fde30a, org.springframework.boot.test.context.SpringBootTestArgs@1, org.springframework.boot.test.context.SpringBootTestWebEnvironment@dec700], resourceBasePath = 'src/main/webapp', contextLoader = 'org.springframework.boot.test.context.SpringBootContextLoader', parent = [null]], attributes = map['org.springframework.test.context.web.ServletTestExecutionListener.activateListener' -> true, 'org.springframework.test.context.web.ServletTestExecutionListener.populatedRequestContextHolder' -> true, 'org.springframework.test.context.web.ServletTestExecutionListener.resetRequestContextHolder' -> true, 'org.springframework.test.context.event.ApplicationEventsTestExecutionListener.recordApplicationEvents' -> false]]
2023-11-28 21:43:04.886  INFO 8128 --- [    Test worker] o.s.t.c.transaction.TransactionContext   : Began transaction (1) for test context [DefaultTestContext@ba90c1 testClass = SellerServiceTest, testInstance = net.prescent.service.SellerServiceTest@1971bbf, testMethod = loginFailureWrongPasswordTest@SellerServiceTest, testException = [null], mergedContextConfiguration = [WebMergedContextConfiguration@145cb17 testClass = SellerServiceTest, locations = '{}', classes = '{class net.prescent.PreScentApplication}', contextInitializerClasses = '[]', activeProfiles = '{}', propertySourceLocations = '{}', propertySourceProperties = '{org.springframework.boot.test.context.SpringBootTestContextBootstrapper=true}', contextCustomizers = set[org.springframework.boot.test.autoconfigure.actuate.metrics.MetricsExportContextCustomizerFactory$DisableMetricExportContextCustomizer@54db99, org.springframework.boot.test.autoconfigure.properties.PropertyMappingContextCustomizer@0, org.springframework.boot.test.autoconfigure.web.servlet.WebDriverContextCustomizerFactory$Customizer@1e5f0ef, org.springframework.boot.test.context.filter.ExcludeFilterContextCustomizer@f57b3d, org.springframework.boot.test.json.DuplicateJsonObjectContextCustomizerFactory$DuplicateJsonObjectContextCustomizer@260766, org.springframework.boot.test.mock.mockito.MockitoContextCustomizer@0, org.springframework.boot.test.web.client.TestRestTemplateContextCustomizer@625ccd, org.springframework.boot.test.web.reactive.server.WebTestClientContextCustomizer@fde30a, org.springframework.boot.test.context.SpringBootTestArgs@1, org.springframework.boot.test.context.SpringBootTestWebEnvironment@dec700], resourceBasePath = 'src/main/webapp', contextLoader = 'org.springframework.boot.test.context.SpringBootContextLoader', parent = [null]], attributes = map['org.springframework.test.context.web.ServletTestExecutionListener.activateListener' -> true, 'org.springframework.test.context.web.ServletTestExecutionListener.populatedRequestContextHolder' -> true, 'org.springframework.test.context.web.ServletTestExecutionListener.resetRequestContextHolder' -> true, 'org.springframework.test.context.event.ApplicationEventsTestExecutionListener.recordApplicationEvents' -> false]]; transaction manager [org.springframework.orm.jpa.JpaTransactionManager@65d12]; rollback [true]
2023-11-28 21:43:04.890 DEBUG 8128 --- [    Test worker] org.hibernate.SQL                        : 
    delete 
    from
        seller
Hibernate: 
    delete 
    from
        seller
2023-11-28 21:43:04.913 DEBUG 8128 --- [    Test worker] org.hibernate.SQL                        : 
    select
        sellerenti0_.seller_key as seller_k1_5_,
        sellerenti0_.shop_key as shop_key7_5_,
        sellerenti0_.isgrant as isgrant2_5_,
        sellerenti0_.seller_id_email as seller_i3_5_,
        sellerenti0_.seller_name as seller_n4_5_,
        sellerenti0_.seller_password as seller_p5_5_,
        sellerenti0_.seller_phonenum as seller_p6_5_ 
    from
        seller sellerenti0_ 
    where
        sellerenti0_.seller_key=?
Hibernate: 
    select
        sellerenti0_.seller_key as seller_k1_5_,
        sellerenti0_.shop_key as shop_key7_5_,
        sellerenti0_.isgrant as isgrant2_5_,
        sellerenti0_.seller_id_email as seller_i3_5_,
        sellerenti0_.seller_name as seller_n4_5_,
        sellerenti0_.seller_password as seller_p5_5_,
        sellerenti0_.seller_phonenum as seller_p6_5_ 
    from
        seller sellerenti0_ 
    where
        sellerenti0_.seller_key=?
2023-11-28 21:43:04.914 TRACE 8128 --- [    Test worker] o.h.type.descriptor.sql.BasicBinder      : binding parameter [1] as [INTEGER] - [123456789]
2023-11-28 21:43:05.123 DEBUG 8128 --- [    Test worker] org.hibernate.SQL                        : 
    select
        sellerenti0_.seller_key as seller_k1_5_0_,
        sellerenti0_.shop_key as shop_key7_5_0_,
        sellerenti0_.isgrant as isgrant2_5_0_,
        sellerenti0_.seller_id_email as seller_i3_5_0_,
        sellerenti0_.seller_name as seller_n4_5_0_,
        sellerenti0_.seller_password as seller_p5_5_0_,
        sellerenti0_.seller_phonenum as seller_p6_5_0_ 
    from
        seller sellerenti0_ 
    where
        sellerenti0_.seller_key=?
Hibernate: 
    select
        sellerenti0_.seller_key as seller_k1_5_0_,
        sellerenti0_.shop_key as shop_key7_5_0_,
        sellerenti0_.isgrant as isgrant2_5_0_,
        sellerenti0_.seller_id_email as seller_i3_5_0_,
        sellerenti0_.seller_name as seller_n4_5_0_,
        sellerenti0_.seller_password as seller_p5_5_0_,
        sellerenti0_.seller_phonenum as seller_p6_5_0_ 
    from
        seller sellerenti0_ 
    where
        sellerenti0_.seller_key=?
2023-11-28 21:43:05.123 TRACE 8128 --- [    Test worker] o.h.type.descriptor.sql.BasicBinder      : binding parameter [1] as [INTEGER] - [123456789]
2023-11-28 21:43:05.197 DEBUG 8128 --- [    Test worker] org.hibernate.SQL                        : 
    insert 
    into
        seller
        (shop_key, isgrant, seller_id_email, seller_name, seller_password, seller_phonenum, seller_key) 
    values
        (?, ?, ?, ?, ?, ?, ?)
Hibernate: 
    insert 
    into
        seller
        (shop_key, isgrant, seller_id_email, seller_name, seller_password, seller_phonenum, seller_key) 
    values
        (?, ?, ?, ?, ?, ?, ?)
2023-11-28 21:43:05.198 TRACE 8128 --- [    Test worker] o.h.type.descriptor.sql.BasicBinder      : binding parameter [1] as [INTEGER] - [null]
2023-11-28 21:43:05.198 TRACE 8128 --- [    Test worker] o.h.type.descriptor.sql.BasicBinder      : binding parameter [2] as [INTEGER] - [null]
2023-11-28 21:43:05.198 TRACE 8128 --- [    Test worker] o.h.type.descriptor.sql.BasicBinder      : binding parameter [3] as [VARCHAR] - [ajou@gmail.com]
2023-11-28 21:43:05.199 TRACE 8128 --- [    Test worker] o.h.type.descriptor.sql.BasicBinder      : binding parameter [4] as [VARCHAR] - [suhyeon]
2023-11-28 21:43:05.199 TRACE 8128 --- [    Test worker] o.h.type.descriptor.sql.BasicBinder      : binding parameter [5] as [VARCHAR] - [$2a$10$sRL3HqhRYC.0T4r4iZ0GiebBIscq97WCE2L2fP0HoY1PdYJnoHTS.]
2023-11-28 21:43:05.199 TRACE 8128 --- [    Test worker] o.h.type.descriptor.sql.BasicBinder      : binding parameter [6] as [VARCHAR] - [010-1111-2222]
2023-11-28 21:43:05.199 TRACE 8128 --- [    Test worker] o.h.type.descriptor.sql.BasicBinder      : binding parameter [7] as [INTEGER] - [123456789]
2023-11-28 21:43:05.231 DEBUG 8128 --- [    Test worker] org.hibernate.SQL                        : 
    select
        sellerenti0_.seller_key as seller_k1_5_,
        sellerenti0_.shop_key as shop_key7_5_,
        sellerenti0_.isgrant as isgrant2_5_,
        sellerenti0_.seller_id_email as seller_i3_5_,
        sellerenti0_.seller_name as seller_n4_5_,
        sellerenti0_.seller_password as seller_p5_5_,
        sellerenti0_.seller_phonenum as seller_p6_5_ 
    from
        seller sellerenti0_ 
    where
        sellerenti0_.seller_id_email=?
Hibernate: 
    select
        sellerenti0_.seller_key as seller_k1_5_,
        sellerenti0_.shop_key as shop_key7_5_,
        sellerenti0_.isgrant as isgrant2_5_,
        sellerenti0_.seller_id_email as seller_i3_5_,
        sellerenti0_.seller_name as seller_n4_5_,
        sellerenti0_.seller_password as seller_p5_5_,
        sellerenti0_.seller_phonenum as seller_p6_5_ 
    from
        seller sellerenti0_ 
    where
        sellerenti0_.seller_id_email=?
2023-11-28 21:43:05.231 TRACE 8128 --- [    Test worker] o.h.type.descriptor.sql.BasicBinder      : binding parameter [1] as [VARCHAR] - [ajou@gmail.com]
2023-11-28 21:43:05.531  INFO 8128 --- [    Test worker] o.s.t.c.transaction.TransactionContext   : Rolled back transaction for test: [DefaultTestContext@ba90c1 testClass = SellerServiceTest, testInstance = net.prescent.service.SellerServiceTest@1971bbf, testMethod = loginFailureWrongPasswordTest@SellerServiceTest, testException = [null], mergedContextConfiguration = [WebMergedContextConfiguration@145cb17 testClass = SellerServiceTest, locations = '{}', classes = '{class net.prescent.PreScentApplication}', contextInitializerClasses = '[]', activeProfiles = '{}', propertySourceLocations = '{}', propertySourceProperties = '{org.springframework.boot.test.context.SpringBootTestContextBootstrapper=true}', contextCustomizers = set[org.springframework.boot.test.autoconfigure.actuate.metrics.MetricsExportContextCustomizerFactory$DisableMetricExportContextCustomizer@54db99, org.springframework.boot.test.autoconfigure.properties.PropertyMappingContextCustomizer@0, org.springframework.boot.test.autoconfigure.web.servlet.WebDriverContextCustomizerFactory$Customizer@1e5f0ef, org.springframework.boot.test.context.filter.ExcludeFilterContextCustomizer@f57b3d, org.springframework.boot.test.json.DuplicateJsonObjectContextCustomizerFactory$DuplicateJsonObjectContextCustomizer@260766, org.springframework.boot.test.mock.mockito.MockitoContextCustomizer@0, org.springframework.boot.test.web.client.TestRestTemplateContextCustomizer@625ccd, org.springframework.boot.test.web.reactive.server.WebTestClientContextCustomizer@fde30a, org.springframework.boot.test.context.SpringBootTestArgs@1, org.springframework.boot.test.context.SpringBootTestWebEnvironment@dec700], resourceBasePath = 'src/main/webapp', contextLoader = 'org.springframework.boot.test.context.SpringBootContextLoader', parent = [null]], attributes = map['org.springframework.test.context.web.ServletTestExecutionListener.activateListener' -> true, 'org.springframework.test.context.web.ServletTestExecutionListener.populatedRequestContextHolder' -> true, 'org.springframework.test.context.web.ServletTestExecutionListener.resetRequestContextHolder' -> true, 'org.springframework.test.context.event.ApplicationEventsTestExecutionListener.recordApplicationEvents' -> false]]
2023-11-28 21:43:05.560  INFO 8128 --- [    Test worker] o.s.t.c.transaction.TransactionContext   : Began transaction (1) for test context [DefaultTestContext@ba90c1 testClass = SellerServiceTest, testInstance = net.prescent.service.SellerServiceTest@1a22020, testMethod = loginSuccessTest@SellerServiceTest, testException = [null], mergedContextConfiguration = [WebMergedContextConfiguration@145cb17 testClass = SellerServiceTest, locations = '{}', classes = '{class net.prescent.PreScentApplication}', contextInitializerClasses = '[]', activeProfiles = '{}', propertySourceLocations = '{}', propertySourceProperties = '{org.springframework.boot.test.context.SpringBootTestContextBootstrapper=true}', contextCustomizers = set[org.springframework.boot.test.autoconfigure.actuate.metrics.MetricsExportContextCustomizerFactory$DisableMetricExportContextCustomizer@54db99, org.springframework.boot.test.autoconfigure.properties.PropertyMappingContextCustomizer@0, org.springframework.boot.test.autoconfigure.web.servlet.WebDriverContextCustomizerFactory$Customizer@1e5f0ef, org.springframework.boot.test.context.filter.ExcludeFilterContextCustomizer@f57b3d, org.springframework.boot.test.json.DuplicateJsonObjectContextCustomizerFactory$DuplicateJsonObjectContextCustomizer@260766, org.springframework.boot.test.mock.mockito.MockitoContextCustomizer@0, org.springframework.boot.test.web.client.TestRestTemplateContextCustomizer@625ccd, org.springframework.boot.test.web.reactive.server.WebTestClientContextCustomizer@fde30a, org.springframework.boot.test.context.SpringBootTestArgs@1, org.springframework.boot.test.context.SpringBootTestWebEnvironment@dec700], resourceBasePath = 'src/main/webapp', contextLoader = 'org.springframework.boot.test.context.SpringBootContextLoader', parent = [null]], attributes = map['org.springframework.test.context.web.ServletTestExecutionListener.activateListener' -> true, 'org.springframework.test.context.web.ServletTestExecutionListener.populatedRequestContextHolder' -> true, 'org.springframework.test.context.web.ServletTestExecutionListener.resetRequestContextHolder' -> true, 'org.springframework.test.context.event.ApplicationEventsTestExecutionListener.recordApplicationEvents' -> false]]; transaction manager [org.springframework.orm.jpa.JpaTransactionManager@65d12]; rollback [true]
2023-11-28 21:43:05.563 DEBUG 8128 --- [    Test worker] org.hibernate.SQL                        : 
    delete 
    from
        seller
Hibernate: 
    delete 
    from
        seller
2023-11-28 21:43:05.590 DEBUG 8128 --- [    Test worker] org.hibernate.SQL                        : 
    select
        sellerenti0_.seller_key as seller_k1_5_,
        sellerenti0_.shop_key as shop_key7_5_,
        sellerenti0_.isgrant as isgrant2_5_,
        sellerenti0_.seller_id_email as seller_i3_5_,
        sellerenti0_.seller_name as seller_n4_5_,
        sellerenti0_.seller_password as seller_p5_5_,
        sellerenti0_.seller_phonenum as seller_p6_5_ 
    from
        seller sellerenti0_ 
    where
        sellerenti0_.seller_key=?
Hibernate: 
    select
        sellerenti0_.seller_key as seller_k1_5_,
        sellerenti0_.shop_key as shop_key7_5_,
        sellerenti0_.isgrant as isgrant2_5_,
        sellerenti0_.seller_id_email as seller_i3_5_,
        sellerenti0_.seller_name as seller_n4_5_,
        sellerenti0_.seller_password as seller_p5_5_,
        sellerenti0_.seller_phonenum as seller_p6_5_ 
    from
        seller sellerenti0_ 
    where
        sellerenti0_.seller_key=?
2023-11-28 21:43:05.591 TRACE 8128 --- [    Test worker] o.h.type.descriptor.sql.BasicBinder      : binding parameter [1] as [INTEGER] - [123456789]
2023-11-28 21:43:05.748 DEBUG 8128 --- [    Test worker] org.hibernate.SQL                        : 
    select
        sellerenti0_.seller_key as seller_k1_5_0_,
        sellerenti0_.shop_key as shop_key7_5_0_,
        sellerenti0_.isgrant as isgrant2_5_0_,
        sellerenti0_.seller_id_email as seller_i3_5_0_,
        sellerenti0_.seller_name as seller_n4_5_0_,
        sellerenti0_.seller_password as seller_p5_5_0_,
        sellerenti0_.seller_phonenum as seller_p6_5_0_ 
    from
        seller sellerenti0_ 
    where
        sellerenti0_.seller_key=?
Hibernate: 
    select
        sellerenti0_.seller_key as seller_k1_5_0_,
        sellerenti0_.shop_key as shop_key7_5_0_,
        sellerenti0_.isgrant as isgrant2_5_0_,
        sellerenti0_.seller_id_email as seller_i3_5_0_,
        sellerenti0_.seller_name as seller_n4_5_0_,
        sellerenti0_.seller_password as seller_p5_5_0_,
        sellerenti0_.seller_phonenum as seller_p6_5_0_ 
    from
        seller sellerenti0_ 
    where
        sellerenti0_.seller_key=?
2023-11-28 21:43:05.749 TRACE 8128 --- [    Test worker] o.h.type.descriptor.sql.BasicBinder      : binding parameter [1] as [INTEGER] - [123456789]
2023-11-28 21:43:05.796 DEBUG 8128 --- [    Test worker] org.hibernate.SQL                        : 
    insert 
    into
        seller
        (shop_key, isgrant, seller_id_email, seller_name, seller_password, seller_phonenum, seller_key) 
    values
        (?, ?, ?, ?, ?, ?, ?)
Hibernate: 
    insert 
    into
        seller
        (shop_key, isgrant, seller_id_email, seller_name, seller_password, seller_phonenum, seller_key) 
    values
        (?, ?, ?, ?, ?, ?, ?)
2023-11-28 21:43:05.797 TRACE 8128 --- [    Test worker] o.h.type.descriptor.sql.BasicBinder      : binding parameter [1] as [INTEGER] - [null]
2023-11-28 21:43:05.797 TRACE 8128 --- [    Test worker] o.h.type.descriptor.sql.BasicBinder      : binding parameter [2] as [INTEGER] - [null]
2023-11-28 21:43:05.797 TRACE 8128 --- [    Test worker] o.h.type.descriptor.sql.BasicBinder      : binding parameter [3] as [VARCHAR] - [ajou@gmail.com]
2023-11-28 21:43:05.797 TRACE 8128 --- [    Test worker] o.h.type.descriptor.sql.BasicBinder      : binding parameter [4] as [VARCHAR] - [suhyeon]
2023-11-28 21:43:05.797 TRACE 8128 --- [    Test worker] o.h.type.descriptor.sql.BasicBinder      : binding parameter [5] as [VARCHAR] - [$2a$10$DHf/WlwmAW6RBxO6OL/RDehBcwNDTqhfG9IK0RkZPfV.ejZWGHqUm]
2023-11-28 21:43:05.797 TRACE 8128 --- [    Test worker] o.h.type.descriptor.sql.BasicBinder      : binding parameter [6] as [VARCHAR] - [010-1111-2222]
2023-11-28 21:43:05.797 TRACE 8128 --- [    Test worker] o.h.type.descriptor.sql.BasicBinder      : binding parameter [7] as [INTEGER] - [123456789]
2023-11-28 21:43:05.835 DEBUG 8128 --- [    Test worker] org.hibernate.SQL                        : 
    select
        sellerenti0_.seller_key as seller_k1_5_,
        sellerenti0_.shop_key as shop_key7_5_,
        sellerenti0_.isgrant as isgrant2_5_,
        sellerenti0_.seller_id_email as seller_i3_5_,
        sellerenti0_.seller_name as seller_n4_5_,
        sellerenti0_.seller_password as seller_p5_5_,
        sellerenti0_.seller_phonenum as seller_p6_5_ 
    from
        seller sellerenti0_ 
    where
        sellerenti0_.seller_id_email=?
Hibernate: 
    select
        sellerenti0_.seller_key as seller_k1_5_,
        sellerenti0_.shop_key as shop_key7_5_,
        sellerenti0_.isgrant as isgrant2_5_,
        sellerenti0_.seller_id_email as seller_i3_5_,
        sellerenti0_.seller_name as seller_n4_5_,
        sellerenti0_.seller_password as seller_p5_5_,
        sellerenti0_.seller_phonenum as seller_p6_5_ 
    from
        seller sellerenti0_ 
    where
        sellerenti0_.seller_id_email=?
2023-11-28 21:43:05.835 TRACE 8128 --- [    Test worker] o.h.type.descriptor.sql.BasicBinder      : binding parameter [1] as [VARCHAR] - [ajou@gmail.com]
2023-11-28 21:43:05.963 DEBUG 8128 --- [    Test worker] org.hibernate.SQL                        : 
    select
        accesstoke0_.token as token1_0_0_,
        accesstoke0_.seller_key as seller_k2_0_0_ 
    from
        access_token accesstoke0_ 
    where
        accesstoke0_.token=?
Hibernate: 
    select
        accesstoke0_.token as token1_0_0_,
        accesstoke0_.seller_key as seller_k2_0_0_ 
    from
        access_token accesstoke0_ 
    where
        accesstoke0_.token=?
2023-11-28 21:43:05.964 TRACE 8128 --- [    Test worker] o.h.type.descriptor.sql.BasicBinder      : binding parameter [1] as [VARCHAR] - [b5120a59-5b76-4d83-b447-6e1c01e697bf]
2023-11-28 21:43:06.005 DEBUG 8128 --- [    Test worker] org.hibernate.SQL                        : 
    insert 
    into
        access_token
        (seller_key, token) 
    values
        (?, ?)
Hibernate: 
    insert 
    into
        access_token
        (seller_key, token) 
    values
        (?, ?)
2023-11-28 21:43:06.005 TRACE 8128 --- [    Test worker] o.h.type.descriptor.sql.BasicBinder      : binding parameter [1] as [INTEGER] - [123456789]
2023-11-28 21:43:06.005 TRACE 8128 --- [    Test worker] o.h.type.descriptor.sql.BasicBinder      : binding parameter [2] as [VARCHAR] - [b5120a59-5b76-4d83-b447-6e1c01e697bf]
2023-11-28 21:43:06.035 DEBUG 8128 --- [    Test worker] org.hibernate.SQL                        : 
    select
        accesstoke0_.token as token1_0_,
        accesstoke0_.seller_key as seller_k2_0_ 
    from
        access_token accesstoke0_ 
    where
        accesstoke0_.token=?
Hibernate: 
    select
        accesstoke0_.token as token1_0_,
        accesstoke0_.seller_key as seller_k2_0_ 
    from
        access_token accesstoke0_ 
    where
        accesstoke0_.token=?
2023-11-28 21:43:06.036 TRACE 8128 --- [    Test worker] o.h.type.descriptor.sql.BasicBinder      : binding parameter [1] as [VARCHAR] - [b5120a59-5b76-4d83-b447-6e1c01e697bf]
2023-11-28 21:43:06.105  INFO 8128 --- [    Test worker] o.s.t.c.transaction.TransactionContext   : Rolled back transaction for test: [DefaultTestContext@ba90c1 testClass = SellerServiceTest, testInstance = net.prescent.service.SellerServiceTest@1a22020, testMethod = loginSuccessTest@SellerServiceTest, testException = [null], mergedContextConfiguration = [WebMergedContextConfiguration@145cb17 testClass = SellerServiceTest, locations = '{}', classes = '{class net.prescent.PreScentApplication}', contextInitializerClasses = '[]', activeProfiles = '{}', propertySourceLocations = '{}', propertySourceProperties = '{org.springframework.boot.test.context.SpringBootTestContextBootstrapper=true}', contextCustomizers = set[org.springframework.boot.test.autoconfigure.actuate.metrics.MetricsExportContextCustomizerFactory$DisableMetricExportContextCustomizer@54db99, org.springframework.boot.test.autoconfigure.properties.PropertyMappingContextCustomizer@0, org.springframework.boot.test.autoconfigure.web.servlet.WebDriverContextCustomizerFactory$Customizer@1e5f0ef, org.springframework.boot.test.context.filter.ExcludeFilterContextCustomizer@f57b3d, org.springframework.boot.test.json.DuplicateJsonObjectContextCustomizerFactory$DuplicateJsonObjectContextCustomizer@260766, org.springframework.boot.test.mock.mockito.MockitoContextCustomizer@0, org.springframework.boot.test.web.client.TestRestTemplateContextCustomizer@625ccd, org.springframework.boot.test.web.reactive.server.WebTestClientContextCustomizer@fde30a, org.springframework.boot.test.context.SpringBootTestArgs@1, org.springframework.boot.test.context.SpringBootTestWebEnvironment@dec700], resourceBasePath = 'src/main/webapp', contextLoader = 'org.springframework.boot.test.context.SpringBootContextLoader', parent = [null]], attributes = map['org.springframework.test.context.web.ServletTestExecutionListener.activateListener' -> true, 'org.springframework.test.context.web.ServletTestExecutionListener.populatedRequestContextHolder' -> true, 'org.springframework.test.context.web.ServletTestExecutionListener.resetRequestContextHolder' -> true, 'org.springframework.test.context.event.ApplicationEventsTestExecutionListener.recordApplicationEvents' -> false]]
2023-11-28 21:43:06.130  INFO 8128 --- [    Test worker] o.s.t.c.transaction.TransactionContext   : Began transaction (1) for test context [DefaultTestContext@ba90c1 testClass = SellerServiceTest, testInstance = net.prescent.service.SellerServiceTest@fce3e5, testMethod = loginFailureWrongIdTest@SellerServiceTest, testException = [null], mergedContextConfiguration = [WebMergedContextConfiguration@145cb17 testClass = SellerServiceTest, locations = '{}', classes = '{class net.prescent.PreScentApplication}', contextInitializerClasses = '[]', activeProfiles = '{}', propertySourceLocations = '{}', propertySourceProperties = '{org.springframework.boot.test.context.SpringBootTestContextBootstrapper=true}', contextCustomizers = set[org.springframework.boot.test.autoconfigure.actuate.metrics.MetricsExportContextCustomizerFactory$DisableMetricExportContextCustomizer@54db99, org.springframework.boot.test.autoconfigure.properties.PropertyMappingContextCustomizer@0, org.springframework.boot.test.autoconfigure.web.servlet.WebDriverContextCustomizerFactory$Customizer@1e5f0ef, org.springframework.boot.test.context.filter.ExcludeFilterContextCustomizer@f57b3d, org.springframework.boot.test.json.DuplicateJsonObjectContextCustomizerFactory$DuplicateJsonObjectContextCustomizer@260766, org.springframework.boot.test.mock.mockito.MockitoContextCustomizer@0, org.springframework.boot.test.web.client.TestRestTemplateContextCustomizer@625ccd, org.springframework.boot.test.web.reactive.server.WebTestClientContextCustomizer@fde30a, org.springframework.boot.test.context.SpringBootTestArgs@1, org.springframework.boot.test.context.SpringBootTestWebEnvironment@dec700], resourceBasePath = 'src/main/webapp', contextLoader = 'org.springframework.boot.test.context.SpringBootContextLoader', parent = [null]], attributes = map['org.springframework.test.context.web.ServletTestExecutionListener.activateListener' -> true, 'org.springframework.test.context.web.ServletTestExecutionListener.populatedRequestContextHolder' -> true, 'org.springframework.test.context.web.ServletTestExecutionListener.resetRequestContextHolder' -> true, 'org.springframework.test.context.event.ApplicationEventsTestExecutionListener.recordApplicationEvents' -> false]]; transaction manager [org.springframework.orm.jpa.JpaTransactionManager@65d12]; rollback [true]
2023-11-28 21:43:06.132 DEBUG 8128 --- [    Test worker] org.hibernate.SQL                        : 
    delete 
    from
        seller
Hibernate: 
    delete 
    from
        seller
2023-11-28 21:43:06.164 DEBUG 8128 --- [    Test worker] org.hibernate.SQL                        : 
    select
        sellerenti0_.seller_key as seller_k1_5_,
        sellerenti0_.shop_key as shop_key7_5_,
        sellerenti0_.isgrant as isgrant2_5_,
        sellerenti0_.seller_id_email as seller_i3_5_,
        sellerenti0_.seller_name as seller_n4_5_,
        sellerenti0_.seller_password as seller_p5_5_,
        sellerenti0_.seller_phonenum as seller_p6_5_ 
    from
        seller sellerenti0_ 
    where
        sellerenti0_.seller_key=?
Hibernate: 
    select
        sellerenti0_.seller_key as seller_k1_5_,
        sellerenti0_.shop_key as shop_key7_5_,
        sellerenti0_.isgrant as isgrant2_5_,
        sellerenti0_.seller_id_email as seller_i3_5_,
        sellerenti0_.seller_name as seller_n4_5_,
        sellerenti0_.seller_password as seller_p5_5_,
        sellerenti0_.seller_phonenum as seller_p6_5_ 
    from
        seller sellerenti0_ 
    where
        sellerenti0_.seller_key=?
2023-11-28 21:43:06.165 TRACE 8128 --- [    Test worker] o.h.type.descriptor.sql.BasicBinder      : binding parameter [1] as [INTEGER] - [123456789]
2023-11-28 21:43:06.369 DEBUG 8128 --- [    Test worker] org.hibernate.SQL                        : 
    select
        sellerenti0_.seller_key as seller_k1_5_0_,
        sellerenti0_.shop_key as shop_key7_5_0_,
        sellerenti0_.isgrant as isgrant2_5_0_,
        sellerenti0_.seller_id_email as seller_i3_5_0_,
        sellerenti0_.seller_name as seller_n4_5_0_,
        sellerenti0_.seller_password as seller_p5_5_0_,
        sellerenti0_.seller_phonenum as seller_p6_5_0_ 
    from
        seller sellerenti0_ 
    where
        sellerenti0_.seller_key=?
Hibernate: 
    select
        sellerenti0_.seller_key as seller_k1_5_0_,
        sellerenti0_.shop_key as shop_key7_5_0_,
        sellerenti0_.isgrant as isgrant2_5_0_,
        sellerenti0_.seller_id_email as seller_i3_5_0_,
        sellerenti0_.seller_name as seller_n4_5_0_,
        sellerenti0_.seller_password as seller_p5_5_0_,
        sellerenti0_.seller_phonenum as seller_p6_5_0_ 
    from
        seller sellerenti0_ 
    where
        sellerenti0_.seller_key=?
2023-11-28 21:43:06.370 TRACE 8128 --- [    Test worker] o.h.type.descriptor.sql.BasicBinder      : binding parameter [1] as [INTEGER] - [123456789]
2023-11-28 21:43:06.442 DEBUG 8128 --- [    Test worker] org.hibernate.SQL                        : 
    insert 
    into
        seller
        (shop_key, isgrant, seller_id_email, seller_name, seller_password, seller_phonenum, seller_key) 
    values
        (?, ?, ?, ?, ?, ?, ?)
Hibernate: 
    insert 
    into
        seller
        (shop_key, isgrant, seller_id_email, seller_name, seller_password, seller_phonenum, seller_key) 
    values
        (?, ?, ?, ?, ?, ?, ?)
2023-11-28 21:43:06.443 TRACE 8128 --- [    Test worker] o.h.type.descriptor.sql.BasicBinder      : binding parameter [1] as [INTEGER] - [null]
2023-11-28 21:43:06.443 TRACE 8128 --- [    Test worker] o.h.type.descriptor.sql.BasicBinder      : binding parameter [2] as [INTEGER] - [null]
2023-11-28 21:43:06.443 TRACE 8128 --- [    Test worker] o.h.type.descriptor.sql.BasicBinder      : binding parameter [3] as [VARCHAR] - [ajou@gmail.com]
2023-11-28 21:43:06.444 TRACE 8128 --- [    Test worker] o.h.type.descriptor.sql.BasicBinder      : binding parameter [4] as [VARCHAR] - [suhyeon]
2023-11-28 21:43:06.444 TRACE 8128 --- [    Test worker] o.h.type.descriptor.sql.BasicBinder      : binding parameter [5] as [VARCHAR] - [$2a$10$F5Sw/iKMYp/CJeBeQaOQ0OGUEcwZofdv8EocUuwQBXDz7U5.hunCO]
2023-11-28 21:43:06.444 TRACE 8128 --- [    Test worker] o.h.type.descriptor.sql.BasicBinder      : binding parameter [6] as [VARCHAR] - [010-1111-2222]
2023-11-28 21:43:06.444 TRACE 8128 --- [    Test worker] o.h.type.descriptor.sql.BasicBinder      : binding parameter [7] as [INTEGER] - [123456789]
2023-11-28 21:43:06.475 DEBUG 8128 --- [    Test worker] org.hibernate.SQL                        : 
    select
        sellerenti0_.seller_key as seller_k1_5_,
        sellerenti0_.shop_key as shop_key7_5_,
        sellerenti0_.isgrant as isgrant2_5_,
        sellerenti0_.seller_id_email as seller_i3_5_,
        sellerenti0_.seller_name as seller_n4_5_,
        sellerenti0_.seller_password as seller_p5_5_,
        sellerenti0_.seller_phonenum as seller_p6_5_ 
    from
        seller sellerenti0_ 
    where
        sellerenti0_.seller_id_email=?
Hibernate: 
    select
        sellerenti0_.seller_key as seller_k1_5_,
        sellerenti0_.shop_key as shop_key7_5_,
        sellerenti0_.isgrant as isgrant2_5_,
        sellerenti0_.seller_id_email as seller_i3_5_,
        sellerenti0_.seller_name as seller_n4_5_,
        sellerenti0_.seller_password as seller_p5_5_,
        sellerenti0_.seller_phonenum as seller_p6_5_ 
    from
        seller sellerenti0_ 
    where
        sellerenti0_.seller_id_email=?
2023-11-28 21:43:06.476 TRACE 8128 --- [    Test worker] o.h.type.descriptor.sql.BasicBinder      : binding parameter [1] as [VARCHAR] - [wrongemail@gmail.com]
2023-11-28 21:43:06.560  INFO 8128 --- [    Test worker] o.s.t.c.transaction.TransactionContext   : Rolled back transaction for test: [DefaultTestContext@ba90c1 testClass = SellerServiceTest, testInstance = net.prescent.service.SellerServiceTest@fce3e5, testMethod = loginFailureWrongIdTest@SellerServiceTest, testException = [null], mergedContextConfiguration = [WebMergedContextConfiguration@145cb17 testClass = SellerServiceTest, locations = '{}', classes = '{class net.prescent.PreScentApplication}', contextInitializerClasses = '[]', activeProfiles = '{}', propertySourceLocations = '{}', propertySourceProperties = '{org.springframework.boot.test.context.SpringBootTestContextBootstrapper=true}', contextCustomizers = set[org.springframework.boot.test.autoconfigure.actuate.metrics.MetricsExportContextCustomizerFactory$DisableMetricExportContextCustomizer@54db99, org.springframework.boot.test.autoconfigure.properties.PropertyMappingContextCustomizer@0, org.springframework.boot.test.autoconfigure.web.servlet.WebDriverContextCustomizerFactory$Customizer@1e5f0ef, org.springframework.boot.test.context.filter.ExcludeFilterContextCustomizer@f57b3d, org.springframework.boot.test.json.DuplicateJsonObjectContextCustomizerFactory$DuplicateJsonObjectContextCustomizer@260766, org.springframework.boot.test.mock.mockito.MockitoContextCustomizer@0, org.springframework.boot.test.web.client.TestRestTemplateContextCustomizer@625ccd, org.springframework.boot.test.web.reactive.server.WebTestClientContextCustomizer@fde30a, org.springframework.boot.test.context.SpringBootTestArgs@1, org.springframework.boot.test.context.SpringBootTestWebEnvironment@dec700], resourceBasePath = 'src/main/webapp', contextLoader = 'org.springframework.boot.test.context.SpringBootContextLoader', parent = [null]], attributes = map['org.springframework.test.context.web.ServletTestExecutionListener.activateListener' -> true, 'org.springframework.test.context.web.ServletTestExecutionListener.populatedRequestContextHolder' -> true, 'org.springframework.test.context.web.ServletTestExecutionListener.resetRequestContextHolder' -> true, 'org.springframework.test.context.event.ApplicationEventsTestExecutionListener.recordApplicationEvents' -> false]]
]]></system-out>
  <system-err><![CDATA[]]></system-err>
</testsuite>
