<?xml version="1.0" encoding="UTF-8"?>
<testsuite name="net.prescent.service.SellerServiceTest" tests="6" skipped="0" failures="0" errors="0" timestamp="2023-11-28T11:28:19" hostname="DESKTOP-KHMF9AU" time="3.407">
  <properties/>
  <testcase name="판매자 회원가입 테스트" classname="net.prescent.service.SellerServiceTest" time="0.532"/>
  <testcase name="중복 사업자번호 가입 테스트" classname="net.prescent.service.SellerServiceTest" time="0.402"/>
  <testcase name="판매자 로그아웃 테스트" classname="net.prescent.service.SellerServiceTest" time="0.767"/>
  <testcase name="판매자 로그인 실패 - 잘못된 비밀번호 테스트" classname="net.prescent.service.SellerServiceTest" time="0.673"/>
  <testcase name="판매자 로그인 성공 테스트" classname="net.prescent.service.SellerServiceTest" time="0.627"/>
  <testcase name="판매자 로그인 실패 - 잘못된 Email 테스트" classname="net.prescent.service.SellerServiceTest" time="0.393"/>
  <system-out><![CDATA[2023-11-28 20:28:19.957  INFO 23580 --- [    Test worker] .b.t.c.SpringBootTestContextBootstrapper : Neither @ContextConfiguration nor @ContextHierarchy found for test class [net.prescent.service.SellerServiceTest], using SpringBootContextLoader
2023-11-28 20:28:19.959  INFO 23580 --- [    Test worker] o.s.t.c.support.AbstractContextLoader    : Could not detect default resource locations for test class [net.prescent.service.SellerServiceTest]: no resource found for suffixes {-context.xml, Context.groovy}.
2023-11-28 20:28:19.959  INFO 23580 --- [    Test worker] t.c.s.AnnotationConfigContextLoaderUtils : Could not detect default configuration classes for test class [net.prescent.service.SellerServiceTest]: SellerServiceTest does not declare any static, non-private, non-final, nested classes annotated with @Configuration.
2023-11-28 20:28:19.963  INFO 23580 --- [    Test worker] .b.t.c.SpringBootTestContextBootstrapper : Found @SpringBootConfiguration net.prescent.PreScentApplication for test class net.prescent.service.SellerServiceTest
2023-11-28 20:28:19.964  INFO 23580 --- [    Test worker] .b.t.c.SpringBootTestContextBootstrapper : Loaded default TestExecutionListener class names from location [META-INF/spring.factories]: [org.springframework.security.test.context.support.WithSecurityContextTestExecutionListener, org.springframework.security.test.context.support.ReactorContextTestExecutionListener, org.springframework.boot.test.autoconfigure.restdocs.RestDocsTestExecutionListener, org.springframework.boot.test.autoconfigure.web.client.MockRestServiceServerResetTestExecutionListener, org.springframework.boot.test.autoconfigure.web.servlet.MockMvcPrintOnlyOnFailureTestExecutionListener, org.springframework.boot.test.autoconfigure.web.servlet.WebDriverTestExecutionListener, org.springframework.boot.test.autoconfigure.webservices.client.MockWebServiceServerTestExecutionListener, org.springframework.boot.test.mock.mockito.MockitoTestExecutionListener, org.springframework.boot.test.mock.mockito.ResetMocksTestExecutionListener, org.springframework.test.context.web.ServletTestExecutionListener, org.springframework.test.context.support.DirtiesContextBeforeModesTestExecutionListener, org.springframework.test.context.event.ApplicationEventsTestExecutionListener, org.springframework.test.context.support.DependencyInjectionTestExecutionListener, org.springframework.test.context.support.DirtiesContextTestExecutionListener, org.springframework.test.context.transaction.TransactionalTestExecutionListener, org.springframework.test.context.jdbc.SqlScriptsTestExecutionListener, org.springframework.test.context.event.EventPublishingTestExecutionListener]
2023-11-28 20:28:19.965  INFO 23580 --- [    Test worker] .b.t.c.SpringBootTestContextBootstrapper : Using TestExecutionListeners: [org.springframework.test.context.web.ServletTestExecutionListener@c10ab1, org.springframework.test.context.support.DirtiesContextBeforeModesTestExecutionListener@101fbf3, org.springframework.test.context.event.ApplicationEventsTestExecutionListener@1f88d35, org.springframework.boot.test.mock.mockito.MockitoTestExecutionListener@962cec, org.springframework.boot.test.autoconfigure.SpringBootDependencyInjectionTestExecutionListener@543f0d, org.springframework.test.context.support.DirtiesContextTestExecutionListener@e28d97, org.springframework.test.context.transaction.TransactionalTestExecutionListener@1d43b9b, org.springframework.test.context.jdbc.SqlScriptsTestExecutionListener@ba90c1, org.springframework.security.test.context.support.WithSecurityContextTestExecutionListener@1cf6e8c, org.springframework.test.context.event.EventPublishingTestExecutionListener@145cb17, org.springframework.security.test.context.support.ReactorContextTestExecutionListener@15b3ec7, org.springframework.boot.test.autoconfigure.restdocs.RestDocsTestExecutionListener@19b86f5, org.springframework.boot.test.autoconfigure.web.client.MockRestServiceServerResetTestExecutionListener@1aa3084, org.springframework.boot.test.autoconfigure.web.servlet.MockMvcPrintOnlyOnFailureTestExecutionListener@6c4c55, org.springframework.boot.test.autoconfigure.web.servlet.WebDriverTestExecutionListener@fbee59, org.springframework.boot.test.autoconfigure.webservices.client.MockWebServiceServerTestExecutionListener@194621d, org.springframework.boot.test.mock.mockito.ResetMocksTestExecutionListener@17e4a7b]
2023-11-28 20:28:20.002  INFO 23580 --- [    Test worker] o.s.t.c.transaction.TransactionContext   : Began transaction (1) for test context [DefaultTestContext@1d11ad6 testClass = SellerServiceTest, testInstance = net.prescent.service.SellerServiceTest@1faac1f, testMethod = signupSellerTest@SellerServiceTest, testException = [null], mergedContextConfiguration = [WebMergedContextConfiguration@155da9b testClass = SellerServiceTest, locations = '{}', classes = '{class net.prescent.PreScentApplication}', contextInitializerClasses = '[]', activeProfiles = '{}', propertySourceLocations = '{}', propertySourceProperties = '{org.springframework.boot.test.context.SpringBootTestContextBootstrapper=true}', contextCustomizers = set[org.springframework.boot.test.autoconfigure.actuate.metrics.MetricsExportContextCustomizerFactory$DisableMetricExportContextCustomizer@54db99, org.springframework.boot.test.autoconfigure.properties.PropertyMappingContextCustomizer@0, org.springframework.boot.test.autoconfigure.web.servlet.WebDriverContextCustomizerFactory$Customizer@1e5f0ef, org.springframework.boot.test.context.filter.ExcludeFilterContextCustomizer@f57b3d, org.springframework.boot.test.json.DuplicateJsonObjectContextCustomizerFactory$DuplicateJsonObjectContextCustomizer@260766, org.springframework.boot.test.mock.mockito.MockitoContextCustomizer@0, org.springframework.boot.test.web.client.TestRestTemplateContextCustomizer@625ccd, org.springframework.boot.test.web.reactive.server.WebTestClientContextCustomizer@fde30a, org.springframework.boot.test.context.SpringBootTestArgs@1, org.springframework.boot.test.context.SpringBootTestWebEnvironment@dec700], resourceBasePath = 'src/main/webapp', contextLoader = 'org.springframework.boot.test.context.SpringBootContextLoader', parent = [null]], attributes = map['org.springframework.test.context.web.ServletTestExecutionListener.activateListener' -> true, 'org.springframework.test.context.web.ServletTestExecutionListener.populatedRequestContextHolder' -> true, 'org.springframework.test.context.web.ServletTestExecutionListener.resetRequestContextHolder' -> true, 'org.springframework.test.context.event.ApplicationEventsTestExecutionListener.recordApplicationEvents' -> false]]; transaction manager [org.springframework.orm.jpa.JpaTransactionManager@298]; rollback [true]
2023-11-28 20:28:20.006 DEBUG 23580 --- [    Test worker] org.hibernate.SQL                        : 
    delete 
    from
        seller
Hibernate: 
    delete 
    from
        seller
2023-11-28 20:28:20.035 DEBUG 23580 --- [    Test worker] org.hibernate.SQL                        : 
    select
        sellerenti0_.seller_key as seller_k1_5_,
        sellerenti0_.shop_key as shop_key7_5_,
        sellerenti0_.isgrant as isgrant2_5_,
        sellerenti0_.seller_id_email as seller_i3_5_,
        sellerenti0_.seller_name as seller_n4_5_,
        sellerenti0_.seller_password as seller_p5_5_,
        sellerenti0_.seller_phonenum as seller_p6_5_ 
    from
        seller sellerenti0_ 
    where
        sellerenti0_.seller_key=?
Hibernate: 
    select
        sellerenti0_.seller_key as seller_k1_5_,
        sellerenti0_.shop_key as shop_key7_5_,
        sellerenti0_.isgrant as isgrant2_5_,
        sellerenti0_.seller_id_email as seller_i3_5_,
        sellerenti0_.seller_name as seller_n4_5_,
        sellerenti0_.seller_password as seller_p5_5_,
        sellerenti0_.seller_phonenum as seller_p6_5_ 
    from
        seller sellerenti0_ 
    where
        sellerenti0_.seller_key=?
2023-11-28 20:28:20.036 TRACE 23580 --- [    Test worker] o.h.type.descriptor.sql.BasicBinder      : binding parameter [1] as [INTEGER] - [123456789]
2023-11-28 20:28:20.199 DEBUG 23580 --- [    Test worker] org.hibernate.SQL                        : 
    select
        sellerenti0_.seller_key as seller_k1_5_0_,
        sellerenti0_.shop_key as shop_key7_5_0_,
        sellerenti0_.isgrant as isgrant2_5_0_,
        sellerenti0_.seller_id_email as seller_i3_5_0_,
        sellerenti0_.seller_name as seller_n4_5_0_,
        sellerenti0_.seller_password as seller_p5_5_0_,
        sellerenti0_.seller_phonenum as seller_p6_5_0_ 
    from
        seller sellerenti0_ 
    where
        sellerenti0_.seller_key=?
Hibernate: 
    select
        sellerenti0_.seller_key as seller_k1_5_0_,
        sellerenti0_.shop_key as shop_key7_5_0_,
        sellerenti0_.isgrant as isgrant2_5_0_,
        sellerenti0_.seller_id_email as seller_i3_5_0_,
        sellerenti0_.seller_name as seller_n4_5_0_,
        sellerenti0_.seller_password as seller_p5_5_0_,
        sellerenti0_.seller_phonenum as seller_p6_5_0_ 
    from
        seller sellerenti0_ 
    where
        sellerenti0_.seller_key=?
2023-11-28 20:28:20.199 TRACE 23580 --- [    Test worker] o.h.type.descriptor.sql.BasicBinder      : binding parameter [1] as [INTEGER] - [123456789]
2023-11-28 20:28:20.236 DEBUG 23580 --- [    Test worker] org.hibernate.SQL                        : 
    insert 
    into
        seller
        (shop_key, isgrant, seller_id_email, seller_name, seller_password, seller_phonenum, seller_key) 
    values
        (?, ?, ?, ?, ?, ?, ?)
Hibernate: 
    insert 
    into
        seller
        (shop_key, isgrant, seller_id_email, seller_name, seller_password, seller_phonenum, seller_key) 
    values
        (?, ?, ?, ?, ?, ?, ?)
2023-11-28 20:28:20.237 TRACE 23580 --- [    Test worker] o.h.type.descriptor.sql.BasicBinder      : binding parameter [1] as [INTEGER] - [null]
2023-11-28 20:28:20.237 TRACE 23580 --- [    Test worker] o.h.type.descriptor.sql.BasicBinder      : binding parameter [2] as [INTEGER] - [null]
2023-11-28 20:28:20.238 TRACE 23580 --- [    Test worker] o.h.type.descriptor.sql.BasicBinder      : binding parameter [3] as [VARCHAR] - [ajou@gmail.com]
2023-11-28 20:28:20.238 TRACE 23580 --- [    Test worker] o.h.type.descriptor.sql.BasicBinder      : binding parameter [4] as [VARCHAR] - [suhyeon]
2023-11-28 20:28:20.238 TRACE 23580 --- [    Test worker] o.h.type.descriptor.sql.BasicBinder      : binding parameter [5] as [VARCHAR] - [$2a$10$klTaB38CGC4nPG.ypC.Zh.zf1cXmFxwya1FN1131ucoQybsQ5xkSy]
2023-11-28 20:28:20.238 TRACE 23580 --- [    Test worker] o.h.type.descriptor.sql.BasicBinder      : binding parameter [6] as [VARCHAR] - [010-1111-2222]
2023-11-28 20:28:20.238 TRACE 23580 --- [    Test worker] o.h.type.descriptor.sql.BasicBinder      : binding parameter [7] as [INTEGER] - [123456789]
2023-11-28 20:28:20.271 DEBUG 23580 --- [    Test worker] org.hibernate.SQL                        : 
    select
        sellerenti0_.seller_key as seller_k1_5_,
        sellerenti0_.shop_key as shop_key7_5_,
        sellerenti0_.isgrant as isgrant2_5_,
        sellerenti0_.seller_id_email as seller_i3_5_,
        sellerenti0_.seller_name as seller_n4_5_,
        sellerenti0_.seller_password as seller_p5_5_,
        sellerenti0_.seller_phonenum as seller_p6_5_ 
    from
        seller sellerenti0_ 
    where
        sellerenti0_.seller_id_email=?
Hibernate: 
    select
        sellerenti0_.seller_key as seller_k1_5_,
        sellerenti0_.shop_key as shop_key7_5_,
        sellerenti0_.isgrant as isgrant2_5_,
        sellerenti0_.seller_id_email as seller_i3_5_,
        sellerenti0_.seller_name as seller_n4_5_,
        sellerenti0_.seller_password as seller_p5_5_,
        sellerenti0_.seller_phonenum as seller_p6_5_ 
    from
        seller sellerenti0_ 
    where
        sellerenti0_.seller_id_email=?
2023-11-28 20:28:20.272 TRACE 23580 --- [    Test worker] o.h.type.descriptor.sql.BasicBinder      : binding parameter [1] as [VARCHAR] - [ajou@gmail.com]
2023-11-28 20:28:20.503  INFO 23580 --- [    Test worker] o.s.t.c.transaction.TransactionContext   : Rolled back transaction for test: [DefaultTestContext@1d11ad6 testClass = SellerServiceTest, testInstance = net.prescent.service.SellerServiceTest@1faac1f, testMethod = signupSellerTest@SellerServiceTest, testException = [null], mergedContextConfiguration = [WebMergedContextConfiguration@155da9b testClass = SellerServiceTest, locations = '{}', classes = '{class net.prescent.PreScentApplication}', contextInitializerClasses = '[]', activeProfiles = '{}', propertySourceLocations = '{}', propertySourceProperties = '{org.springframework.boot.test.context.SpringBootTestContextBootstrapper=true}', contextCustomizers = set[org.springframework.boot.test.autoconfigure.actuate.metrics.MetricsExportContextCustomizerFactory$DisableMetricExportContextCustomizer@54db99, org.springframework.boot.test.autoconfigure.properties.PropertyMappingContextCustomizer@0, org.springframework.boot.test.autoconfigure.web.servlet.WebDriverContextCustomizerFactory$Customizer@1e5f0ef, org.springframework.boot.test.context.filter.ExcludeFilterContextCustomizer@f57b3d, org.springframework.boot.test.json.DuplicateJsonObjectContextCustomizerFactory$DuplicateJsonObjectContextCustomizer@260766, org.springframework.boot.test.mock.mockito.MockitoContextCustomizer@0, org.springframework.boot.test.web.client.TestRestTemplateContextCustomizer@625ccd, org.springframework.boot.test.web.reactive.server.WebTestClientContextCustomizer@fde30a, org.springframework.boot.test.context.SpringBootTestArgs@1, org.springframework.boot.test.context.SpringBootTestWebEnvironment@dec700], resourceBasePath = 'src/main/webapp', contextLoader = 'org.springframework.boot.test.context.SpringBootContextLoader', parent = [null]], attributes = map['org.springframework.test.context.web.ServletTestExecutionListener.activateListener' -> true, 'org.springframework.test.context.web.ServletTestExecutionListener.populatedRequestContextHolder' -> true, 'org.springframework.test.context.web.ServletTestExecutionListener.resetRequestContextHolder' -> true, 'org.springframework.test.context.event.ApplicationEventsTestExecutionListener.recordApplicationEvents' -> false]]
2023-11-28 20:28:20.532  INFO 23580 --- [    Test worker] o.s.t.c.transaction.TransactionContext   : Began transaction (1) for test context [DefaultTestContext@1d11ad6 testClass = SellerServiceTest, testInstance = net.prescent.service.SellerServiceTest@7b5e5b, testMethod = signupDuplicateSellerKeyTest@SellerServiceTest, testException = [null], mergedContextConfiguration = [WebMergedContextConfiguration@155da9b testClass = SellerServiceTest, locations = '{}', classes = '{class net.prescent.PreScentApplication}', contextInitializerClasses = '[]', activeProfiles = '{}', propertySourceLocations = '{}', propertySourceProperties = '{org.springframework.boot.test.context.SpringBootTestContextBootstrapper=true}', contextCustomizers = set[org.springframework.boot.test.autoconfigure.actuate.metrics.MetricsExportContextCustomizerFactory$DisableMetricExportContextCustomizer@54db99, org.springframework.boot.test.autoconfigure.properties.PropertyMappingContextCustomizer@0, org.springframework.boot.test.autoconfigure.web.servlet.WebDriverContextCustomizerFactory$Customizer@1e5f0ef, org.springframework.boot.test.context.filter.ExcludeFilterContextCustomizer@f57b3d, org.springframework.boot.test.json.DuplicateJsonObjectContextCustomizerFactory$DuplicateJsonObjectContextCustomizer@260766, org.springframework.boot.test.mock.mockito.MockitoContextCustomizer@0, org.springframework.boot.test.web.client.TestRestTemplateContextCustomizer@625ccd, org.springframework.boot.test.web.reactive.server.WebTestClientContextCustomizer@fde30a, org.springframework.boot.test.context.SpringBootTestArgs@1, org.springframework.boot.test.context.SpringBootTestWebEnvironment@dec700], resourceBasePath = 'src/main/webapp', contextLoader = 'org.springframework.boot.test.context.SpringBootContextLoader', parent = [null]], attributes = map['org.springframework.test.context.web.ServletTestExecutionListener.activateListener' -> true, 'org.springframework.test.context.web.ServletTestExecutionListener.populatedRequestContextHolder' -> true, 'org.springframework.test.context.web.ServletTestExecutionListener.resetRequestContextHolder' -> true, 'org.springframework.test.context.event.ApplicationEventsTestExecutionListener.recordApplicationEvents' -> false]]; transaction manager [org.springframework.orm.jpa.JpaTransactionManager@298]; rollback [true]
2023-11-28 20:28:20.535 DEBUG 23580 --- [    Test worker] org.hibernate.SQL                        : 
    delete 
    from
        seller
Hibernate: 
    delete 
    from
        seller
2023-11-28 20:28:20.558 DEBUG 23580 --- [    Test worker] org.hibernate.SQL                        : 
    select
        sellerenti0_.seller_key as seller_k1_5_,
        sellerenti0_.shop_key as shop_key7_5_,
        sellerenti0_.isgrant as isgrant2_5_,
        sellerenti0_.seller_id_email as seller_i3_5_,
        sellerenti0_.seller_name as seller_n4_5_,
        sellerenti0_.seller_password as seller_p5_5_,
        sellerenti0_.seller_phonenum as seller_p6_5_ 
    from
        seller sellerenti0_ 
    where
        sellerenti0_.seller_key=?
Hibernate: 
    select
        sellerenti0_.seller_key as seller_k1_5_,
        sellerenti0_.shop_key as shop_key7_5_,
        sellerenti0_.isgrant as isgrant2_5_,
        sellerenti0_.seller_id_email as seller_i3_5_,
        sellerenti0_.seller_name as seller_n4_5_,
        sellerenti0_.seller_password as seller_p5_5_,
        sellerenti0_.seller_phonenum as seller_p6_5_ 
    from
        seller sellerenti0_ 
    where
        sellerenti0_.seller_key=?
2023-11-28 20:28:20.559 TRACE 23580 --- [    Test worker] o.h.type.descriptor.sql.BasicBinder      : binding parameter [1] as [INTEGER] - [123456789]
2023-11-28 20:28:20.716 DEBUG 23580 --- [    Test worker] org.hibernate.SQL                        : 
    select
        sellerenti0_.seller_key as seller_k1_5_0_,
        sellerenti0_.shop_key as shop_key7_5_0_,
        sellerenti0_.isgrant as isgrant2_5_0_,
        sellerenti0_.seller_id_email as seller_i3_5_0_,
        sellerenti0_.seller_name as seller_n4_5_0_,
        sellerenti0_.seller_password as seller_p5_5_0_,
        sellerenti0_.seller_phonenum as seller_p6_5_0_ 
    from
        seller sellerenti0_ 
    where
        sellerenti0_.seller_key=?
Hibernate: 
    select
        sellerenti0_.seller_key as seller_k1_5_0_,
        sellerenti0_.shop_key as shop_key7_5_0_,
        sellerenti0_.isgrant as isgrant2_5_0_,
        sellerenti0_.seller_id_email as seller_i3_5_0_,
        sellerenti0_.seller_name as seller_n4_5_0_,
        sellerenti0_.seller_password as seller_p5_5_0_,
        sellerenti0_.seller_phonenum as seller_p6_5_0_ 
    from
        seller sellerenti0_ 
    where
        sellerenti0_.seller_key=?
2023-11-28 20:28:20.718 TRACE 23580 --- [    Test worker] o.h.type.descriptor.sql.BasicBinder      : binding parameter [1] as [INTEGER] - [123456789]
2023-11-28 20:28:20.774 DEBUG 23580 --- [    Test worker] org.hibernate.SQL                        : 
    insert 
    into
        seller
        (shop_key, isgrant, seller_id_email, seller_name, seller_password, seller_phonenum, seller_key) 
    values
        (?, ?, ?, ?, ?, ?, ?)
Hibernate: 
    insert 
    into
        seller
        (shop_key, isgrant, seller_id_email, seller_name, seller_password, seller_phonenum, seller_key) 
    values
        (?, ?, ?, ?, ?, ?, ?)
2023-11-28 20:28:20.774 TRACE 23580 --- [    Test worker] o.h.type.descriptor.sql.BasicBinder      : binding parameter [1] as [INTEGER] - [null]
2023-11-28 20:28:20.774 TRACE 23580 --- [    Test worker] o.h.type.descriptor.sql.BasicBinder      : binding parameter [2] as [INTEGER] - [null]
2023-11-28 20:28:20.774 TRACE 23580 --- [    Test worker] o.h.type.descriptor.sql.BasicBinder      : binding parameter [3] as [VARCHAR] - [ajou@gmail.com]
2023-11-28 20:28:20.775 TRACE 23580 --- [    Test worker] o.h.type.descriptor.sql.BasicBinder      : binding parameter [4] as [VARCHAR] - [suhyeon]
2023-11-28 20:28:20.775 TRACE 23580 --- [    Test worker] o.h.type.descriptor.sql.BasicBinder      : binding parameter [5] as [VARCHAR] - [$2a$10$Uy63rJW/5AU7JlEp/t5y1OwXAbEqMuNcg5oFBlOeDOEuBPKRW4d/6]
2023-11-28 20:28:20.775 TRACE 23580 --- [    Test worker] o.h.type.descriptor.sql.BasicBinder      : binding parameter [6] as [VARCHAR] - [010-1111-2222]
2023-11-28 20:28:20.775 TRACE 23580 --- [    Test worker] o.h.type.descriptor.sql.BasicBinder      : binding parameter [7] as [INTEGER] - [123456789]
2023-11-28 20:28:20.805 DEBUG 23580 --- [    Test worker] org.hibernate.SQL                        : 
    select
        sellerenti0_.seller_key as seller_k1_5_,
        sellerenti0_.shop_key as shop_key7_5_,
        sellerenti0_.isgrant as isgrant2_5_,
        sellerenti0_.seller_id_email as seller_i3_5_,
        sellerenti0_.seller_name as seller_n4_5_,
        sellerenti0_.seller_password as seller_p5_5_,
        sellerenti0_.seller_phonenum as seller_p6_5_ 
    from
        seller sellerenti0_ 
    where
        sellerenti0_.seller_key=?
Hibernate: 
    select
        sellerenti0_.seller_key as seller_k1_5_,
        sellerenti0_.shop_key as shop_key7_5_,
        sellerenti0_.isgrant as isgrant2_5_,
        sellerenti0_.seller_id_email as seller_i3_5_,
        sellerenti0_.seller_name as seller_n4_5_,
        sellerenti0_.seller_password as seller_p5_5_,
        sellerenti0_.seller_phonenum as seller_p6_5_ 
    from
        seller sellerenti0_ 
    where
        sellerenti0_.seller_key=?
2023-11-28 20:28:20.806 TRACE 23580 --- [    Test worker] o.h.type.descriptor.sql.BasicBinder      : binding parameter [1] as [INTEGER] - [123456789]
2023-11-28 20:28:20.907  INFO 23580 --- [    Test worker] o.s.t.c.transaction.TransactionContext   : Rolled back transaction for test: [DefaultTestContext@1d11ad6 testClass = SellerServiceTest, testInstance = net.prescent.service.SellerServiceTest@7b5e5b, testMethod = signupDuplicateSellerKeyTest@SellerServiceTest, testException = [null], mergedContextConfiguration = [WebMergedContextConfiguration@155da9b testClass = SellerServiceTest, locations = '{}', classes = '{class net.prescent.PreScentApplication}', contextInitializerClasses = '[]', activeProfiles = '{}', propertySourceLocations = '{}', propertySourceProperties = '{org.springframework.boot.test.context.SpringBootTestContextBootstrapper=true}', contextCustomizers = set[org.springframework.boot.test.autoconfigure.actuate.metrics.MetricsExportContextCustomizerFactory$DisableMetricExportContextCustomizer@54db99, org.springframework.boot.test.autoconfigure.properties.PropertyMappingContextCustomizer@0, org.springframework.boot.test.autoconfigure.web.servlet.WebDriverContextCustomizerFactory$Customizer@1e5f0ef, org.springframework.boot.test.context.filter.ExcludeFilterContextCustomizer@f57b3d, org.springframework.boot.test.json.DuplicateJsonObjectContextCustomizerFactory$DuplicateJsonObjectContextCustomizer@260766, org.springframework.boot.test.mock.mockito.MockitoContextCustomizer@0, org.springframework.boot.test.web.client.TestRestTemplateContextCustomizer@625ccd, org.springframework.boot.test.web.reactive.server.WebTestClientContextCustomizer@fde30a, org.springframework.boot.test.context.SpringBootTestArgs@1, org.springframework.boot.test.context.SpringBootTestWebEnvironment@dec700], resourceBasePath = 'src/main/webapp', contextLoader = 'org.springframework.boot.test.context.SpringBootContextLoader', parent = [null]], attributes = map['org.springframework.test.context.web.ServletTestExecutionListener.activateListener' -> true, 'org.springframework.test.context.web.ServletTestExecutionListener.populatedRequestContextHolder' -> true, 'org.springframework.test.context.web.ServletTestExecutionListener.resetRequestContextHolder' -> true, 'org.springframework.test.context.event.ApplicationEventsTestExecutionListener.recordApplicationEvents' -> false]]
2023-11-28 20:28:20.942  INFO 23580 --- [    Test worker] o.s.t.c.transaction.TransactionContext   : Began transaction (1) for test context [DefaultTestContext@1d11ad6 testClass = SellerServiceTest, testInstance = net.prescent.service.SellerServiceTest@1f72e12, testMethod = logoutTest@SellerServiceTest, testException = [null], mergedContextConfiguration = [WebMergedContextConfiguration@155da9b testClass = SellerServiceTest, locations = '{}', classes = '{class net.prescent.PreScentApplication}', contextInitializerClasses = '[]', activeProfiles = '{}', propertySourceLocations = '{}', propertySourceProperties = '{org.springframework.boot.test.context.SpringBootTestContextBootstrapper=true}', contextCustomizers = set[org.springframework.boot.test.autoconfigure.actuate.metrics.MetricsExportContextCustomizerFactory$DisableMetricExportContextCustomizer@54db99, org.springframework.boot.test.autoconfigure.properties.PropertyMappingContextCustomizer@0, org.springframework.boot.test.autoconfigure.web.servlet.WebDriverContextCustomizerFactory$Customizer@1e5f0ef, org.springframework.boot.test.context.filter.ExcludeFilterContextCustomizer@f57b3d, org.springframework.boot.test.json.DuplicateJsonObjectContextCustomizerFactory$DuplicateJsonObjectContextCustomizer@260766, org.springframework.boot.test.mock.mockito.MockitoContextCustomizer@0, org.springframework.boot.test.web.client.TestRestTemplateContextCustomizer@625ccd, org.springframework.boot.test.web.reactive.server.WebTestClientContextCustomizer@fde30a, org.springframework.boot.test.context.SpringBootTestArgs@1, org.springframework.boot.test.context.SpringBootTestWebEnvironment@dec700], resourceBasePath = 'src/main/webapp', contextLoader = 'org.springframework.boot.test.context.SpringBootContextLoader', parent = [null]], attributes = map['org.springframework.test.context.web.ServletTestExecutionListener.activateListener' -> true, 'org.springframework.test.context.web.ServletTestExecutionListener.populatedRequestContextHolder' -> true, 'org.springframework.test.context.web.ServletTestExecutionListener.resetRequestContextHolder' -> true, 'org.springframework.test.context.event.ApplicationEventsTestExecutionListener.recordApplicationEvents' -> false]]; transaction manager [org.springframework.orm.jpa.JpaTransactionManager@298]; rollback [true]
2023-11-28 20:28:20.945 DEBUG 23580 --- [    Test worker] org.hibernate.SQL                        : 
    delete 
    from
        seller
Hibernate: 
    delete 
    from
        seller
2023-11-28 20:28:20.972 DEBUG 23580 --- [    Test worker] org.hibernate.SQL                        : 
    select
        sellerenti0_.seller_key as seller_k1_5_,
        sellerenti0_.shop_key as shop_key7_5_,
        sellerenti0_.isgrant as isgrant2_5_,
        sellerenti0_.seller_id_email as seller_i3_5_,
        sellerenti0_.seller_name as seller_n4_5_,
        sellerenti0_.seller_password as seller_p5_5_,
        sellerenti0_.seller_phonenum as seller_p6_5_ 
    from
        seller sellerenti0_ 
    where
        sellerenti0_.seller_key=?
Hibernate: 
    select
        sellerenti0_.seller_key as seller_k1_5_,
        sellerenti0_.shop_key as shop_key7_5_,
        sellerenti0_.isgrant as isgrant2_5_,
        sellerenti0_.seller_id_email as seller_i3_5_,
        sellerenti0_.seller_name as seller_n4_5_,
        sellerenti0_.seller_password as seller_p5_5_,
        sellerenti0_.seller_phonenum as seller_p6_5_ 
    from
        seller sellerenti0_ 
    where
        sellerenti0_.seller_key=?
2023-11-28 20:28:20.973 TRACE 23580 --- [    Test worker] o.h.type.descriptor.sql.BasicBinder      : binding parameter [1] as [INTEGER] - [123456789]
2023-11-28 20:28:21.142 DEBUG 23580 --- [    Test worker] org.hibernate.SQL                        : 
    select
        sellerenti0_.seller_key as seller_k1_5_0_,
        sellerenti0_.shop_key as shop_key7_5_0_,
        sellerenti0_.isgrant as isgrant2_5_0_,
        sellerenti0_.seller_id_email as seller_i3_5_0_,
        sellerenti0_.seller_name as seller_n4_5_0_,
        sellerenti0_.seller_password as seller_p5_5_0_,
        sellerenti0_.seller_phonenum as seller_p6_5_0_ 
    from
        seller sellerenti0_ 
    where
        sellerenti0_.seller_key=?
Hibernate: 
    select
        sellerenti0_.seller_key as seller_k1_5_0_,
        sellerenti0_.shop_key as shop_key7_5_0_,
        sellerenti0_.isgrant as isgrant2_5_0_,
        sellerenti0_.seller_id_email as seller_i3_5_0_,
        sellerenti0_.seller_name as seller_n4_5_0_,
        sellerenti0_.seller_password as seller_p5_5_0_,
        sellerenti0_.seller_phonenum as seller_p6_5_0_ 
    from
        seller sellerenti0_ 
    where
        sellerenti0_.seller_key=?
2023-11-28 20:28:21.143 TRACE 23580 --- [    Test worker] o.h.type.descriptor.sql.BasicBinder      : binding parameter [1] as [INTEGER] - [123456789]
2023-11-28 20:28:21.193 DEBUG 23580 --- [    Test worker] org.hibernate.SQL                        : 
    insert 
    into
        seller
        (shop_key, isgrant, seller_id_email, seller_name, seller_password, seller_phonenum, seller_key) 
    values
        (?, ?, ?, ?, ?, ?, ?)
Hibernate: 
    insert 
    into
        seller
        (shop_key, isgrant, seller_id_email, seller_name, seller_password, seller_phonenum, seller_key) 
    values
        (?, ?, ?, ?, ?, ?, ?)
2023-11-28 20:28:21.194 TRACE 23580 --- [    Test worker] o.h.type.descriptor.sql.BasicBinder      : binding parameter [1] as [INTEGER] - [null]
2023-11-28 20:28:21.194 TRACE 23580 --- [    Test worker] o.h.type.descriptor.sql.BasicBinder      : binding parameter [2] as [INTEGER] - [null]
2023-11-28 20:28:21.195 TRACE 23580 --- [    Test worker] o.h.type.descriptor.sql.BasicBinder      : binding parameter [3] as [VARCHAR] - [ajou@gmail.com]
2023-11-28 20:28:21.195 TRACE 23580 --- [    Test worker] o.h.type.descriptor.sql.BasicBinder      : binding parameter [4] as [VARCHAR] - [suhyeon]
2023-11-28 20:28:21.195 TRACE 23580 --- [    Test worker] o.h.type.descriptor.sql.BasicBinder      : binding parameter [5] as [VARCHAR] - [$2a$10$Ne1vS3l1nEchjXzSDZHiwOY4CHj19nWlRHllrI65UP5JRk8s3.5US]
2023-11-28 20:28:21.195 TRACE 23580 --- [    Test worker] o.h.type.descriptor.sql.BasicBinder      : binding parameter [6] as [VARCHAR] - [010-1111-2222]
2023-11-28 20:28:21.195 TRACE 23580 --- [    Test worker] o.h.type.descriptor.sql.BasicBinder      : binding parameter [7] as [INTEGER] - [123456789]
2023-11-28 20:28:21.226 DEBUG 23580 --- [    Test worker] org.hibernate.SQL                        : 
    select
        sellerenti0_.seller_key as seller_k1_5_,
        sellerenti0_.shop_key as shop_key7_5_,
        sellerenti0_.isgrant as isgrant2_5_,
        sellerenti0_.seller_id_email as seller_i3_5_,
        sellerenti0_.seller_name as seller_n4_5_,
        sellerenti0_.seller_password as seller_p5_5_,
        sellerenti0_.seller_phonenum as seller_p6_5_ 
    from
        seller sellerenti0_ 
    where
        sellerenti0_.seller_id_email=?
Hibernate: 
    select
        sellerenti0_.seller_key as seller_k1_5_,
        sellerenti0_.shop_key as shop_key7_5_,
        sellerenti0_.isgrant as isgrant2_5_,
        sellerenti0_.seller_id_email as seller_i3_5_,
        sellerenti0_.seller_name as seller_n4_5_,
        sellerenti0_.seller_password as seller_p5_5_,
        sellerenti0_.seller_phonenum as seller_p6_5_ 
    from
        seller sellerenti0_ 
    where
        sellerenti0_.seller_id_email=?
2023-11-28 20:28:21.227 TRACE 23580 --- [    Test worker] o.h.type.descriptor.sql.BasicBinder      : binding parameter [1] as [VARCHAR] - [ajou@gmail.com]
2023-11-28 20:28:21.400 DEBUG 23580 --- [    Test worker] org.hibernate.SQL                        : 
    select
        accesstoke0_.token as token1_0_0_,
        accesstoke0_.seller_key as seller_k2_0_0_ 
    from
        access_token accesstoke0_ 
    where
        accesstoke0_.token=?
Hibernate: 
    select
        accesstoke0_.token as token1_0_0_,
        accesstoke0_.seller_key as seller_k2_0_0_ 
    from
        access_token accesstoke0_ 
    where
        accesstoke0_.token=?
2023-11-28 20:28:21.401 TRACE 23580 --- [    Test worker] o.h.type.descriptor.sql.BasicBinder      : binding parameter [1] as [VARCHAR] - [d7b3009d-a21c-443f-83c4-28c6a6fad6da]
2023-11-28 20:28:21.436 DEBUG 23580 --- [    Test worker] org.hibernate.SQL                        : 
    insert 
    into
        access_token
        (seller_key, token) 
    values
        (?, ?)
Hibernate: 
    insert 
    into
        access_token
        (seller_key, token) 
    values
        (?, ?)
2023-11-28 20:28:21.437 TRACE 23580 --- [    Test worker] o.h.type.descriptor.sql.BasicBinder      : binding parameter [1] as [INTEGER] - [123456789]
2023-11-28 20:28:21.437 TRACE 23580 --- [    Test worker] o.h.type.descriptor.sql.BasicBinder      : binding parameter [2] as [VARCHAR] - [d7b3009d-a21c-443f-83c4-28c6a6fad6da]
2023-11-28 20:28:21.468 DEBUG 23580 --- [    Test worker] org.hibernate.SQL                        : 
    select
        accesstoke0_.token as token1_0_,
        accesstoke0_.seller_key as seller_k2_0_ 
    from
        access_token accesstoke0_ 
    where
        accesstoke0_.token=?
Hibernate: 
    select
        accesstoke0_.token as token1_0_,
        accesstoke0_.seller_key as seller_k2_0_ 
    from
        access_token accesstoke0_ 
    where
        accesstoke0_.token=?
2023-11-28 20:28:21.469 TRACE 23580 --- [    Test worker] o.h.type.descriptor.sql.BasicBinder      : binding parameter [1] as [VARCHAR] - [d7b3009d-a21c-443f-83c4-28c6a6fad6da]
2023-11-28 20:28:21.499 DEBUG 23580 --- [    Test worker] org.hibernate.SQL                        : 
    select
        accesstoke0_.token as token1_0_,
        accesstoke0_.seller_key as seller_k2_0_ 
    from
        access_token accesstoke0_ 
    where
        accesstoke0_.token=?
Hibernate: 
    select
        accesstoke0_.token as token1_0_,
        accesstoke0_.seller_key as seller_k2_0_ 
    from
        access_token accesstoke0_ 
    where
        accesstoke0_.token=?
2023-11-28 20:28:21.500 TRACE 23580 --- [    Test worker] o.h.type.descriptor.sql.BasicBinder      : binding parameter [1] as [VARCHAR] - [d7b3009d-a21c-443f-83c4-28c6a6fad6da]
2023-11-28 20:28:21.541 DEBUG 23580 --- [    Test worker] org.hibernate.SQL                        : 
    delete 
    from
        access_token 
    where
        token=?
Hibernate: 
    delete 
    from
        access_token 
    where
        token=?
2023-11-28 20:28:21.542 TRACE 23580 --- [    Test worker] o.h.type.descriptor.sql.BasicBinder      : binding parameter [1] as [VARCHAR] - [d7b3009d-a21c-443f-83c4-28c6a6fad6da]
2023-11-28 20:28:21.575 DEBUG 23580 --- [    Test worker] org.hibernate.SQL                        : 
    select
        accesstoke0_.token as token1_0_,
        accesstoke0_.seller_key as seller_k2_0_ 
    from
        access_token accesstoke0_ 
    where
        accesstoke0_.token=?
Hibernate: 
    select
        accesstoke0_.token as token1_0_,
        accesstoke0_.seller_key as seller_k2_0_ 
    from
        access_token accesstoke0_ 
    where
        accesstoke0_.token=?
2023-11-28 20:28:21.575 TRACE 23580 --- [    Test worker] o.h.type.descriptor.sql.BasicBinder      : binding parameter [1] as [VARCHAR] - [d7b3009d-a21c-443f-83c4-28c6a6fad6da]
2023-11-28 20:28:21.677  INFO 23580 --- [    Test worker] o.s.t.c.transaction.TransactionContext   : Rolled back transaction for test: [DefaultTestContext@1d11ad6 testClass = SellerServiceTest, testInstance = net.prescent.service.SellerServiceTest@1f72e12, testMethod = logoutTest@SellerServiceTest, testException = [null], mergedContextConfiguration = [WebMergedContextConfiguration@155da9b testClass = SellerServiceTest, locations = '{}', classes = '{class net.prescent.PreScentApplication}', contextInitializerClasses = '[]', activeProfiles = '{}', propertySourceLocations = '{}', propertySourceProperties = '{org.springframework.boot.test.context.SpringBootTestContextBootstrapper=true}', contextCustomizers = set[org.springframework.boot.test.autoconfigure.actuate.metrics.MetricsExportContextCustomizerFactory$DisableMetricExportContextCustomizer@54db99, org.springframework.boot.test.autoconfigure.properties.PropertyMappingContextCustomizer@0, org.springframework.boot.test.autoconfigure.web.servlet.WebDriverContextCustomizerFactory$Customizer@1e5f0ef, org.springframework.boot.test.context.filter.ExcludeFilterContextCustomizer@f57b3d, org.springframework.boot.test.json.DuplicateJsonObjectContextCustomizerFactory$DuplicateJsonObjectContextCustomizer@260766, org.springframework.boot.test.mock.mockito.MockitoContextCustomizer@0, org.springframework.boot.test.web.client.TestRestTemplateContextCustomizer@625ccd, org.springframework.boot.test.web.reactive.server.WebTestClientContextCustomizer@fde30a, org.springframework.boot.test.context.SpringBootTestArgs@1, org.springframework.boot.test.context.SpringBootTestWebEnvironment@dec700], resourceBasePath = 'src/main/webapp', contextLoader = 'org.springframework.boot.test.context.SpringBootContextLoader', parent = [null]], attributes = map['org.springframework.test.context.web.ServletTestExecutionListener.activateListener' -> true, 'org.springframework.test.context.web.ServletTestExecutionListener.populatedRequestContextHolder' -> true, 'org.springframework.test.context.web.ServletTestExecutionListener.resetRequestContextHolder' -> true, 'org.springframework.test.context.event.ApplicationEventsTestExecutionListener.recordApplicationEvents' -> false]]
2023-11-28 20:28:21.717  INFO 23580 --- [    Test worker] o.s.t.c.transaction.TransactionContext   : Began transaction (1) for test context [DefaultTestContext@1d11ad6 testClass = SellerServiceTest, testInstance = net.prescent.service.SellerServiceTest@15982f, testMethod = loginFailureWrongPasswordTest@SellerServiceTest, testException = [null], mergedContextConfiguration = [WebMergedContextConfiguration@155da9b testClass = SellerServiceTest, locations = '{}', classes = '{class net.prescent.PreScentApplication}', contextInitializerClasses = '[]', activeProfiles = '{}', propertySourceLocations = '{}', propertySourceProperties = '{org.springframework.boot.test.context.SpringBootTestContextBootstrapper=true}', contextCustomizers = set[org.springframework.boot.test.autoconfigure.actuate.metrics.MetricsExportContextCustomizerFactory$DisableMetricExportContextCustomizer@54db99, org.springframework.boot.test.autoconfigure.properties.PropertyMappingContextCustomizer@0, org.springframework.boot.test.autoconfigure.web.servlet.WebDriverContextCustomizerFactory$Customizer@1e5f0ef, org.springframework.boot.test.context.filter.ExcludeFilterContextCustomizer@f57b3d, org.springframework.boot.test.json.DuplicateJsonObjectContextCustomizerFactory$DuplicateJsonObjectContextCustomizer@260766, org.springframework.boot.test.mock.mockito.MockitoContextCustomizer@0, org.springframework.boot.test.web.client.TestRestTemplateContextCustomizer@625ccd, org.springframework.boot.test.web.reactive.server.WebTestClientContextCustomizer@fde30a, org.springframework.boot.test.context.SpringBootTestArgs@1, org.springframework.boot.test.context.SpringBootTestWebEnvironment@dec700], resourceBasePath = 'src/main/webapp', contextLoader = 'org.springframework.boot.test.context.SpringBootContextLoader', parent = [null]], attributes = map['org.springframework.test.context.web.ServletTestExecutionListener.activateListener' -> true, 'org.springframework.test.context.web.ServletTestExecutionListener.populatedRequestContextHolder' -> true, 'org.springframework.test.context.web.ServletTestExecutionListener.resetRequestContextHolder' -> true, 'org.springframework.test.context.event.ApplicationEventsTestExecutionListener.recordApplicationEvents' -> false]]; transaction manager [org.springframework.orm.jpa.JpaTransactionManager@298]; rollback [true]
2023-11-28 20:28:21.720 DEBUG 23580 --- [    Test worker] org.hibernate.SQL                        : 
    delete 
    from
        seller
Hibernate: 
    delete 
    from
        seller
2023-11-28 20:28:21.749 DEBUG 23580 --- [    Test worker] org.hibernate.SQL                        : 
    select
        sellerenti0_.seller_key as seller_k1_5_,
        sellerenti0_.shop_key as shop_key7_5_,
        sellerenti0_.isgrant as isgrant2_5_,
        sellerenti0_.seller_id_email as seller_i3_5_,
        sellerenti0_.seller_name as seller_n4_5_,
        sellerenti0_.seller_password as seller_p5_5_,
        sellerenti0_.seller_phonenum as seller_p6_5_ 
    from
        seller sellerenti0_ 
    where
        sellerenti0_.seller_key=?
Hibernate: 
    select
        sellerenti0_.seller_key as seller_k1_5_,
        sellerenti0_.shop_key as shop_key7_5_,
        sellerenti0_.isgrant as isgrant2_5_,
        sellerenti0_.seller_id_email as seller_i3_5_,
        sellerenti0_.seller_name as seller_n4_5_,
        sellerenti0_.seller_password as seller_p5_5_,
        sellerenti0_.seller_phonenum as seller_p6_5_ 
    from
        seller sellerenti0_ 
    where
        sellerenti0_.seller_key=?
2023-11-28 20:28:21.749 TRACE 23580 --- [    Test worker] o.h.type.descriptor.sql.BasicBinder      : binding parameter [1] as [INTEGER] - [123456789]
2023-11-28 20:28:21.951 DEBUG 23580 --- [    Test worker] org.hibernate.SQL                        : 
    select
        sellerenti0_.seller_key as seller_k1_5_0_,
        sellerenti0_.shop_key as shop_key7_5_0_,
        sellerenti0_.isgrant as isgrant2_5_0_,
        sellerenti0_.seller_id_email as seller_i3_5_0_,
        sellerenti0_.seller_name as seller_n4_5_0_,
        sellerenti0_.seller_password as seller_p5_5_0_,
        sellerenti0_.seller_phonenum as seller_p6_5_0_ 
    from
        seller sellerenti0_ 
    where
        sellerenti0_.seller_key=?
Hibernate: 
    select
        sellerenti0_.seller_key as seller_k1_5_0_,
        sellerenti0_.shop_key as shop_key7_5_0_,
        sellerenti0_.isgrant as isgrant2_5_0_,
        sellerenti0_.seller_id_email as seller_i3_5_0_,
        sellerenti0_.seller_name as seller_n4_5_0_,
        sellerenti0_.seller_password as seller_p5_5_0_,
        sellerenti0_.seller_phonenum as seller_p6_5_0_ 
    from
        seller sellerenti0_ 
    where
        sellerenti0_.seller_key=?
2023-11-28 20:28:21.952 TRACE 23580 --- [    Test worker] o.h.type.descriptor.sql.BasicBinder      : binding parameter [1] as [INTEGER] - [123456789]
2023-11-28 20:28:22.005 DEBUG 23580 --- [    Test worker] org.hibernate.SQL                        : 
    insert 
    into
        seller
        (shop_key, isgrant, seller_id_email, seller_name, seller_password, seller_phonenum, seller_key) 
    values
        (?, ?, ?, ?, ?, ?, ?)
Hibernate: 
    insert 
    into
        seller
        (shop_key, isgrant, seller_id_email, seller_name, seller_password, seller_phonenum, seller_key) 
    values
        (?, ?, ?, ?, ?, ?, ?)
2023-11-28 20:28:22.006 TRACE 23580 --- [    Test worker] o.h.type.descriptor.sql.BasicBinder      : binding parameter [1] as [INTEGER] - [null]
2023-11-28 20:28:22.006 TRACE 23580 --- [    Test worker] o.h.type.descriptor.sql.BasicBinder      : binding parameter [2] as [INTEGER] - [null]
2023-11-28 20:28:22.006 TRACE 23580 --- [    Test worker] o.h.type.descriptor.sql.BasicBinder      : binding parameter [3] as [VARCHAR] - [ajou@gmail.com]
2023-11-28 20:28:22.006 TRACE 23580 --- [    Test worker] o.h.type.descriptor.sql.BasicBinder      : binding parameter [4] as [VARCHAR] - [suhyeon]
2023-11-28 20:28:22.007 TRACE 23580 --- [    Test worker] o.h.type.descriptor.sql.BasicBinder      : binding parameter [5] as [VARCHAR] - [$2a$10$CXRw/hxIOUMFn1Dn9jCVGuu5y8rzBPCIh18oDH5LnrBdV4wHYmCvO]
2023-11-28 20:28:22.007 TRACE 23580 --- [    Test worker] o.h.type.descriptor.sql.BasicBinder      : binding parameter [6] as [VARCHAR] - [010-1111-2222]
2023-11-28 20:28:22.007 TRACE 23580 --- [    Test worker] o.h.type.descriptor.sql.BasicBinder      : binding parameter [7] as [INTEGER] - [123456789]
2023-11-28 20:28:22.038 DEBUG 23580 --- [    Test worker] org.hibernate.SQL                        : 
    select
        sellerenti0_.seller_key as seller_k1_5_,
        sellerenti0_.shop_key as shop_key7_5_,
        sellerenti0_.isgrant as isgrant2_5_,
        sellerenti0_.seller_id_email as seller_i3_5_,
        sellerenti0_.seller_name as seller_n4_5_,
        sellerenti0_.seller_password as seller_p5_5_,
        sellerenti0_.seller_phonenum as seller_p6_5_ 
    from
        seller sellerenti0_ 
    where
        sellerenti0_.seller_id_email=?
Hibernate: 
    select
        sellerenti0_.seller_key as seller_k1_5_,
        sellerenti0_.shop_key as shop_key7_5_,
        sellerenti0_.isgrant as isgrant2_5_,
        sellerenti0_.seller_id_email as seller_i3_5_,
        sellerenti0_.seller_name as seller_n4_5_,
        sellerenti0_.seller_password as seller_p5_5_,
        sellerenti0_.seller_phonenum as seller_p6_5_ 
    from
        seller sellerenti0_ 
    where
        sellerenti0_.seller_id_email=?
2023-11-28 20:28:22.039 TRACE 23580 --- [    Test worker] o.h.type.descriptor.sql.BasicBinder      : binding parameter [1] as [VARCHAR] - [ajou@gmail.com]
2023-11-28 20:28:22.352  INFO 23580 --- [    Test worker] o.s.t.c.transaction.TransactionContext   : Rolled back transaction for test: [DefaultTestContext@1d11ad6 testClass = SellerServiceTest, testInstance = net.prescent.service.SellerServiceTest@15982f, testMethod = loginFailureWrongPasswordTest@SellerServiceTest, testException = [null], mergedContextConfiguration = [WebMergedContextConfiguration@155da9b testClass = SellerServiceTest, locations = '{}', classes = '{class net.prescent.PreScentApplication}', contextInitializerClasses = '[]', activeProfiles = '{}', propertySourceLocations = '{}', propertySourceProperties = '{org.springframework.boot.test.context.SpringBootTestContextBootstrapper=true}', contextCustomizers = set[org.springframework.boot.test.autoconfigure.actuate.metrics.MetricsExportContextCustomizerFactory$DisableMetricExportContextCustomizer@54db99, org.springframework.boot.test.autoconfigure.properties.PropertyMappingContextCustomizer@0, org.springframework.boot.test.autoconfigure.web.servlet.WebDriverContextCustomizerFactory$Customizer@1e5f0ef, org.springframework.boot.test.context.filter.ExcludeFilterContextCustomizer@f57b3d, org.springframework.boot.test.json.DuplicateJsonObjectContextCustomizerFactory$DuplicateJsonObjectContextCustomizer@260766, org.springframework.boot.test.mock.mockito.MockitoContextCustomizer@0, org.springframework.boot.test.web.client.TestRestTemplateContextCustomizer@625ccd, org.springframework.boot.test.web.reactive.server.WebTestClientContextCustomizer@fde30a, org.springframework.boot.test.context.SpringBootTestArgs@1, org.springframework.boot.test.context.SpringBootTestWebEnvironment@dec700], resourceBasePath = 'src/main/webapp', contextLoader = 'org.springframework.boot.test.context.SpringBootContextLoader', parent = [null]], attributes = map['org.springframework.test.context.web.ServletTestExecutionListener.activateListener' -> true, 'org.springframework.test.context.web.ServletTestExecutionListener.populatedRequestContextHolder' -> true, 'org.springframework.test.context.web.ServletTestExecutionListener.resetRequestContextHolder' -> true, 'org.springframework.test.context.event.ApplicationEventsTestExecutionListener.recordApplicationEvents' -> false]]
2023-11-28 20:28:22.377  INFO 23580 --- [    Test worker] o.s.t.c.transaction.TransactionContext   : Began transaction (1) for test context [DefaultTestContext@1d11ad6 testClass = SellerServiceTest, testInstance = net.prescent.service.SellerServiceTest@9305f, testMethod = loginSuccessTest@SellerServiceTest, testException = [null], mergedContextConfiguration = [WebMergedContextConfiguration@155da9b testClass = SellerServiceTest, locations = '{}', classes = '{class net.prescent.PreScentApplication}', contextInitializerClasses = '[]', activeProfiles = '{}', propertySourceLocations = '{}', propertySourceProperties = '{org.springframework.boot.test.context.SpringBootTestContextBootstrapper=true}', contextCustomizers = set[org.springframework.boot.test.autoconfigure.actuate.metrics.MetricsExportContextCustomizerFactory$DisableMetricExportContextCustomizer@54db99, org.springframework.boot.test.autoconfigure.properties.PropertyMappingContextCustomizer@0, org.springframework.boot.test.autoconfigure.web.servlet.WebDriverContextCustomizerFactory$Customizer@1e5f0ef, org.springframework.boot.test.context.filter.ExcludeFilterContextCustomizer@f57b3d, org.springframework.boot.test.json.DuplicateJsonObjectContextCustomizerFactory$DuplicateJsonObjectContextCustomizer@260766, org.springframework.boot.test.mock.mockito.MockitoContextCustomizer@0, org.springframework.boot.test.web.client.TestRestTemplateContextCustomizer@625ccd, org.springframework.boot.test.web.reactive.server.WebTestClientContextCustomizer@fde30a, org.springframework.boot.test.context.SpringBootTestArgs@1, org.springframework.boot.test.context.SpringBootTestWebEnvironment@dec700], resourceBasePath = 'src/main/webapp', contextLoader = 'org.springframework.boot.test.context.SpringBootContextLoader', parent = [null]], attributes = map['org.springframework.test.context.web.ServletTestExecutionListener.activateListener' -> true, 'org.springframework.test.context.web.ServletTestExecutionListener.populatedRequestContextHolder' -> true, 'org.springframework.test.context.web.ServletTestExecutionListener.resetRequestContextHolder' -> true, 'org.springframework.test.context.event.ApplicationEventsTestExecutionListener.recordApplicationEvents' -> false]]; transaction manager [org.springframework.orm.jpa.JpaTransactionManager@298]; rollback [true]
2023-11-28 20:28:22.379 DEBUG 23580 --- [    Test worker] org.hibernate.SQL                        : 
    delete 
    from
        seller
Hibernate: 
    delete 
    from
        seller
2023-11-28 20:28:22.403 DEBUG 23580 --- [    Test worker] org.hibernate.SQL                        : 
    select
        sellerenti0_.seller_key as seller_k1_5_,
        sellerenti0_.shop_key as shop_key7_5_,
        sellerenti0_.isgrant as isgrant2_5_,
        sellerenti0_.seller_id_email as seller_i3_5_,
        sellerenti0_.seller_name as seller_n4_5_,
        sellerenti0_.seller_password as seller_p5_5_,
        sellerenti0_.seller_phonenum as seller_p6_5_ 
    from
        seller sellerenti0_ 
    where
        sellerenti0_.seller_key=?
Hibernate: 
    select
        sellerenti0_.seller_key as seller_k1_5_,
        sellerenti0_.shop_key as shop_key7_5_,
        sellerenti0_.isgrant as isgrant2_5_,
        sellerenti0_.seller_id_email as seller_i3_5_,
        sellerenti0_.seller_name as seller_n4_5_,
        sellerenti0_.seller_password as seller_p5_5_,
        sellerenti0_.seller_phonenum as seller_p6_5_ 
    from
        seller sellerenti0_ 
    where
        sellerenti0_.seller_key=?
2023-11-28 20:28:22.404 TRACE 23580 --- [    Test worker] o.h.type.descriptor.sql.BasicBinder      : binding parameter [1] as [INTEGER] - [123456789]
2023-11-28 20:28:22.561 DEBUG 23580 --- [    Test worker] org.hibernate.SQL                        : 
    select
        sellerenti0_.seller_key as seller_k1_5_0_,
        sellerenti0_.shop_key as shop_key7_5_0_,
        sellerenti0_.isgrant as isgrant2_5_0_,
        sellerenti0_.seller_id_email as seller_i3_5_0_,
        sellerenti0_.seller_name as seller_n4_5_0_,
        sellerenti0_.seller_password as seller_p5_5_0_,
        sellerenti0_.seller_phonenum as seller_p6_5_0_ 
    from
        seller sellerenti0_ 
    where
        sellerenti0_.seller_key=?
Hibernate: 
    select
        sellerenti0_.seller_key as seller_k1_5_0_,
        sellerenti0_.shop_key as shop_key7_5_0_,
        sellerenti0_.isgrant as isgrant2_5_0_,
        sellerenti0_.seller_id_email as seller_i3_5_0_,
        sellerenti0_.seller_name as seller_n4_5_0_,
        sellerenti0_.seller_password as seller_p5_5_0_,
        sellerenti0_.seller_phonenum as seller_p6_5_0_ 
    from
        seller sellerenti0_ 
    where
        sellerenti0_.seller_key=?
2023-11-28 20:28:22.562 TRACE 23580 --- [    Test worker] o.h.type.descriptor.sql.BasicBinder      : binding parameter [1] as [INTEGER] - [123456789]
2023-11-28 20:28:22.599 DEBUG 23580 --- [    Test worker] org.hibernate.SQL                        : 
    insert 
    into
        seller
        (shop_key, isgrant, seller_id_email, seller_name, seller_password, seller_phonenum, seller_key) 
    values
        (?, ?, ?, ?, ?, ?, ?)
Hibernate: 
    insert 
    into
        seller
        (shop_key, isgrant, seller_id_email, seller_name, seller_password, seller_phonenum, seller_key) 
    values
        (?, ?, ?, ?, ?, ?, ?)
2023-11-28 20:28:22.599 TRACE 23580 --- [    Test worker] o.h.type.descriptor.sql.BasicBinder      : binding parameter [1] as [INTEGER] - [null]
2023-11-28 20:28:22.599 TRACE 23580 --- [    Test worker] o.h.type.descriptor.sql.BasicBinder      : binding parameter [2] as [INTEGER] - [null]
2023-11-28 20:28:22.599 TRACE 23580 --- [    Test worker] o.h.type.descriptor.sql.BasicBinder      : binding parameter [3] as [VARCHAR] - [ajou@gmail.com]
2023-11-28 20:28:22.600 TRACE 23580 --- [    Test worker] o.h.type.descriptor.sql.BasicBinder      : binding parameter [4] as [VARCHAR] - [suhyeon]
2023-11-28 20:28:22.600 TRACE 23580 --- [    Test worker] o.h.type.descriptor.sql.BasicBinder      : binding parameter [5] as [VARCHAR] - [$2a$10$rJdR8tgO9R3koThCSNNZ2eVIDya19r97sm9fy7NA2JJkYUX0JGzdq]
2023-11-28 20:28:22.600 TRACE 23580 --- [    Test worker] o.h.type.descriptor.sql.BasicBinder      : binding parameter [6] as [VARCHAR] - [010-1111-2222]
2023-11-28 20:28:22.600 TRACE 23580 --- [    Test worker] o.h.type.descriptor.sql.BasicBinder      : binding parameter [7] as [INTEGER] - [123456789]
2023-11-28 20:28:22.632 DEBUG 23580 --- [    Test worker] org.hibernate.SQL                        : 
    select
        sellerenti0_.seller_key as seller_k1_5_,
        sellerenti0_.shop_key as shop_key7_5_,
        sellerenti0_.isgrant as isgrant2_5_,
        sellerenti0_.seller_id_email as seller_i3_5_,
        sellerenti0_.seller_name as seller_n4_5_,
        sellerenti0_.seller_password as seller_p5_5_,
        sellerenti0_.seller_phonenum as seller_p6_5_ 
    from
        seller sellerenti0_ 
    where
        sellerenti0_.seller_id_email=?
Hibernate: 
    select
        sellerenti0_.seller_key as seller_k1_5_,
        sellerenti0_.shop_key as shop_key7_5_,
        sellerenti0_.isgrant as isgrant2_5_,
        sellerenti0_.seller_id_email as seller_i3_5_,
        sellerenti0_.seller_name as seller_n4_5_,
        sellerenti0_.seller_password as seller_p5_5_,
        sellerenti0_.seller_phonenum as seller_p6_5_ 
    from
        seller sellerenti0_ 
    where
        sellerenti0_.seller_id_email=?
2023-11-28 20:28:22.633 TRACE 23580 --- [    Test worker] o.h.type.descriptor.sql.BasicBinder      : binding parameter [1] as [VARCHAR] - [ajou@gmail.com]
2023-11-28 20:28:22.817 DEBUG 23580 --- [    Test worker] org.hibernate.SQL                        : 
    select
        accesstoke0_.token as token1_0_0_,
        accesstoke0_.seller_key as seller_k2_0_0_ 
    from
        access_token accesstoke0_ 
    where
        accesstoke0_.token=?
Hibernate: 
    select
        accesstoke0_.token as token1_0_0_,
        accesstoke0_.seller_key as seller_k2_0_0_ 
    from
        access_token accesstoke0_ 
    where
        accesstoke0_.token=?
2023-11-28 20:28:22.817 TRACE 23580 --- [    Test worker] o.h.type.descriptor.sql.BasicBinder      : binding parameter [1] as [VARCHAR] - [e37cd6be-0de1-41b1-b987-5ef58127fee5]
2023-11-28 20:28:22.868 DEBUG 23580 --- [    Test worker] org.hibernate.SQL                        : 
    insert 
    into
        access_token
        (seller_key, token) 
    values
        (?, ?)
Hibernate: 
    insert 
    into
        access_token
        (seller_key, token) 
    values
        (?, ?)
2023-11-28 20:28:22.869 TRACE 23580 --- [    Test worker] o.h.type.descriptor.sql.BasicBinder      : binding parameter [1] as [INTEGER] - [123456789]
2023-11-28 20:28:22.869 TRACE 23580 --- [    Test worker] o.h.type.descriptor.sql.BasicBinder      : binding parameter [2] as [VARCHAR] - [e37cd6be-0de1-41b1-b987-5ef58127fee5]
2023-11-28 20:28:22.902 DEBUG 23580 --- [    Test worker] org.hibernate.SQL                        : 
    select
        accesstoke0_.token as token1_0_,
        accesstoke0_.seller_key as seller_k2_0_ 
    from
        access_token accesstoke0_ 
    where
        accesstoke0_.token=?
Hibernate: 
    select
        accesstoke0_.token as token1_0_,
        accesstoke0_.seller_key as seller_k2_0_ 
    from
        access_token accesstoke0_ 
    where
        accesstoke0_.token=?
2023-11-28 20:28:22.903 TRACE 23580 --- [    Test worker] o.h.type.descriptor.sql.BasicBinder      : binding parameter [1] as [VARCHAR] - [e37cd6be-0de1-41b1-b987-5ef58127fee5]
2023-11-28 20:28:22.982  INFO 23580 --- [    Test worker] o.s.t.c.transaction.TransactionContext   : Rolled back transaction for test: [DefaultTestContext@1d11ad6 testClass = SellerServiceTest, testInstance = net.prescent.service.SellerServiceTest@9305f, testMethod = loginSuccessTest@SellerServiceTest, testException = [null], mergedContextConfiguration = [WebMergedContextConfiguration@155da9b testClass = SellerServiceTest, locations = '{}', classes = '{class net.prescent.PreScentApplication}', contextInitializerClasses = '[]', activeProfiles = '{}', propertySourceLocations = '{}', propertySourceProperties = '{org.springframework.boot.test.context.SpringBootTestContextBootstrapper=true}', contextCustomizers = set[org.springframework.boot.test.autoconfigure.actuate.metrics.MetricsExportContextCustomizerFactory$DisableMetricExportContextCustomizer@54db99, org.springframework.boot.test.autoconfigure.properties.PropertyMappingContextCustomizer@0, org.springframework.boot.test.autoconfigure.web.servlet.WebDriverContextCustomizerFactory$Customizer@1e5f0ef, org.springframework.boot.test.context.filter.ExcludeFilterContextCustomizer@f57b3d, org.springframework.boot.test.json.DuplicateJsonObjectContextCustomizerFactory$DuplicateJsonObjectContextCustomizer@260766, org.springframework.boot.test.mock.mockito.MockitoContextCustomizer@0, org.springframework.boot.test.web.client.TestRestTemplateContextCustomizer@625ccd, org.springframework.boot.test.web.reactive.server.WebTestClientContextCustomizer@fde30a, org.springframework.boot.test.context.SpringBootTestArgs@1, org.springframework.boot.test.context.SpringBootTestWebEnvironment@dec700], resourceBasePath = 'src/main/webapp', contextLoader = 'org.springframework.boot.test.context.SpringBootContextLoader', parent = [null]], attributes = map['org.springframework.test.context.web.ServletTestExecutionListener.activateListener' -> true, 'org.springframework.test.context.web.ServletTestExecutionListener.populatedRequestContextHolder' -> true, 'org.springframework.test.context.web.ServletTestExecutionListener.resetRequestContextHolder' -> true, 'org.springframework.test.context.event.ApplicationEventsTestExecutionListener.recordApplicationEvents' -> false]]
2023-11-28 20:28:23.012  INFO 23580 --- [    Test worker] o.s.t.c.transaction.TransactionContext   : Began transaction (1) for test context [DefaultTestContext@1d11ad6 testClass = SellerServiceTest, testInstance = net.prescent.service.SellerServiceTest@1653509, testMethod = loginFailureWrongIdTest@SellerServiceTest, testException = [null], mergedContextConfiguration = [WebMergedContextConfiguration@155da9b testClass = SellerServiceTest, locations = '{}', classes = '{class net.prescent.PreScentApplication}', contextInitializerClasses = '[]', activeProfiles = '{}', propertySourceLocations = '{}', propertySourceProperties = '{org.springframework.boot.test.context.SpringBootTestContextBootstrapper=true}', contextCustomizers = set[org.springframework.boot.test.autoconfigure.actuate.metrics.MetricsExportContextCustomizerFactory$DisableMetricExportContextCustomizer@54db99, org.springframework.boot.test.autoconfigure.properties.PropertyMappingContextCustomizer@0, org.springframework.boot.test.autoconfigure.web.servlet.WebDriverContextCustomizerFactory$Customizer@1e5f0ef, org.springframework.boot.test.context.filter.ExcludeFilterContextCustomizer@f57b3d, org.springframework.boot.test.json.DuplicateJsonObjectContextCustomizerFactory$DuplicateJsonObjectContextCustomizer@260766, org.springframework.boot.test.mock.mockito.MockitoContextCustomizer@0, org.springframework.boot.test.web.client.TestRestTemplateContextCustomizer@625ccd, org.springframework.boot.test.web.reactive.server.WebTestClientContextCustomizer@fde30a, org.springframework.boot.test.context.SpringBootTestArgs@1, org.springframework.boot.test.context.SpringBootTestWebEnvironment@dec700], resourceBasePath = 'src/main/webapp', contextLoader = 'org.springframework.boot.test.context.SpringBootContextLoader', parent = [null]], attributes = map['org.springframework.test.context.web.ServletTestExecutionListener.activateListener' -> true, 'org.springframework.test.context.web.ServletTestExecutionListener.populatedRequestContextHolder' -> true, 'org.springframework.test.context.web.ServletTestExecutionListener.resetRequestContextHolder' -> true, 'org.springframework.test.context.event.ApplicationEventsTestExecutionListener.recordApplicationEvents' -> false]]; transaction manager [org.springframework.orm.jpa.JpaTransactionManager@298]; rollback [true]
2023-11-28 20:28:23.015 DEBUG 23580 --- [    Test worker] org.hibernate.SQL                        : 
    delete 
    from
        seller
Hibernate: 
    delete 
    from
        seller
2023-11-28 20:28:23.043 DEBUG 23580 --- [    Test worker] org.hibernate.SQL                        : 
    select
        sellerenti0_.seller_key as seller_k1_5_,
        sellerenti0_.shop_key as shop_key7_5_,
        sellerenti0_.isgrant as isgrant2_5_,
        sellerenti0_.seller_id_email as seller_i3_5_,
        sellerenti0_.seller_name as seller_n4_5_,
        sellerenti0_.seller_password as seller_p5_5_,
        sellerenti0_.seller_phonenum as seller_p6_5_ 
    from
        seller sellerenti0_ 
    where
        sellerenti0_.seller_key=?
Hibernate: 
    select
        sellerenti0_.seller_key as seller_k1_5_,
        sellerenti0_.shop_key as shop_key7_5_,
        sellerenti0_.isgrant as isgrant2_5_,
        sellerenti0_.seller_id_email as seller_i3_5_,
        sellerenti0_.seller_name as seller_n4_5_,
        sellerenti0_.seller_password as seller_p5_5_,
        sellerenti0_.seller_phonenum as seller_p6_5_ 
    from
        seller sellerenti0_ 
    where
        sellerenti0_.seller_key=?
2023-11-28 20:28:23.044 TRACE 23580 --- [    Test worker] o.h.type.descriptor.sql.BasicBinder      : binding parameter [1] as [INTEGER] - [123456789]
2023-11-28 20:28:23.227 DEBUG 23580 --- [    Test worker] org.hibernate.SQL                        : 
    select
        sellerenti0_.seller_key as seller_k1_5_0_,
        sellerenti0_.shop_key as shop_key7_5_0_,
        sellerenti0_.isgrant as isgrant2_5_0_,
        sellerenti0_.seller_id_email as seller_i3_5_0_,
        sellerenti0_.seller_name as seller_n4_5_0_,
        sellerenti0_.seller_password as seller_p5_5_0_,
        sellerenti0_.seller_phonenum as seller_p6_5_0_ 
    from
        seller sellerenti0_ 
    where
        sellerenti0_.seller_key=?
Hibernate: 
    select
        sellerenti0_.seller_key as seller_k1_5_0_,
        sellerenti0_.shop_key as shop_key7_5_0_,
        sellerenti0_.isgrant as isgrant2_5_0_,
        sellerenti0_.seller_id_email as seller_i3_5_0_,
        sellerenti0_.seller_name as seller_n4_5_0_,
        sellerenti0_.seller_password as seller_p5_5_0_,
        sellerenti0_.seller_phonenum as seller_p6_5_0_ 
    from
        seller sellerenti0_ 
    where
        sellerenti0_.seller_key=?
2023-11-28 20:28:23.228 TRACE 23580 --- [    Test worker] o.h.type.descriptor.sql.BasicBinder      : binding parameter [1] as [INTEGER] - [123456789]
2023-11-28 20:28:23.260 DEBUG 23580 --- [    Test worker] org.hibernate.SQL                        : 
    insert 
    into
        seller
        (shop_key, isgrant, seller_id_email, seller_name, seller_password, seller_phonenum, seller_key) 
    values
        (?, ?, ?, ?, ?, ?, ?)
Hibernate: 
    insert 
    into
        seller
        (shop_key, isgrant, seller_id_email, seller_name, seller_password, seller_phonenum, seller_key) 
    values
        (?, ?, ?, ?, ?, ?, ?)
2023-11-28 20:28:23.260 TRACE 23580 --- [    Test worker] o.h.type.descriptor.sql.BasicBinder      : binding parameter [1] as [INTEGER] - [null]
2023-11-28 20:28:23.260 TRACE 23580 --- [    Test worker] o.h.type.descriptor.sql.BasicBinder      : binding parameter [2] as [INTEGER] - [null]
2023-11-28 20:28:23.260 TRACE 23580 --- [    Test worker] o.h.type.descriptor.sql.BasicBinder      : binding parameter [3] as [VARCHAR] - [ajou@gmail.com]
2023-11-28 20:28:23.260 TRACE 23580 --- [    Test worker] o.h.type.descriptor.sql.BasicBinder      : binding parameter [4] as [VARCHAR] - [suhyeon]
2023-11-28 20:28:23.261 TRACE 23580 --- [    Test worker] o.h.type.descriptor.sql.BasicBinder      : binding parameter [5] as [VARCHAR] - [$2a$10$fNiN9e2DL5ERfKt74xcY8.pvvrYowA317pgld0BF.yK.0wEDviyNO]
2023-11-28 20:28:23.261 TRACE 23580 --- [    Test worker] o.h.type.descriptor.sql.BasicBinder      : binding parameter [6] as [VARCHAR] - [010-1111-2222]
2023-11-28 20:28:23.261 TRACE 23580 --- [    Test worker] o.h.type.descriptor.sql.BasicBinder      : binding parameter [7] as [INTEGER] - [123456789]
2023-11-28 20:28:23.291 DEBUG 23580 --- [    Test worker] org.hibernate.SQL                        : 
    select
        sellerenti0_.seller_key as seller_k1_5_,
        sellerenti0_.shop_key as shop_key7_5_,
        sellerenti0_.isgrant as isgrant2_5_,
        sellerenti0_.seller_id_email as seller_i3_5_,
        sellerenti0_.seller_name as seller_n4_5_,
        sellerenti0_.seller_password as seller_p5_5_,
        sellerenti0_.seller_phonenum as seller_p6_5_ 
    from
        seller sellerenti0_ 
    where
        sellerenti0_.seller_id_email=?
Hibernate: 
    select
        sellerenti0_.seller_key as seller_k1_5_,
        sellerenti0_.shop_key as shop_key7_5_,
        sellerenti0_.isgrant as isgrant2_5_,
        sellerenti0_.seller_id_email as seller_i3_5_,
        sellerenti0_.seller_name as seller_n4_5_,
        sellerenti0_.seller_password as seller_p5_5_,
        sellerenti0_.seller_phonenum as seller_p6_5_ 
    from
        seller sellerenti0_ 
    where
        sellerenti0_.seller_id_email=?
2023-11-28 20:28:23.292 TRACE 23580 --- [    Test worker] o.h.type.descriptor.sql.BasicBinder      : binding parameter [1] as [VARCHAR] - [wrongemail@gmail.com]
2023-11-28 20:28:23.377  INFO 23580 --- [    Test worker] o.s.t.c.transaction.TransactionContext   : Rolled back transaction for test: [DefaultTestContext@1d11ad6 testClass = SellerServiceTest, testInstance = net.prescent.service.SellerServiceTest@1653509, testMethod = loginFailureWrongIdTest@SellerServiceTest, testException = [null], mergedContextConfiguration = [WebMergedContextConfiguration@155da9b testClass = SellerServiceTest, locations = '{}', classes = '{class net.prescent.PreScentApplication}', contextInitializerClasses = '[]', activeProfiles = '{}', propertySourceLocations = '{}', propertySourceProperties = '{org.springframework.boot.test.context.SpringBootTestContextBootstrapper=true}', contextCustomizers = set[org.springframework.boot.test.autoconfigure.actuate.metrics.MetricsExportContextCustomizerFactory$DisableMetricExportContextCustomizer@54db99, org.springframework.boot.test.autoconfigure.properties.PropertyMappingContextCustomizer@0, org.springframework.boot.test.autoconfigure.web.servlet.WebDriverContextCustomizerFactory$Customizer@1e5f0ef, org.springframework.boot.test.context.filter.ExcludeFilterContextCustomizer@f57b3d, org.springframework.boot.test.json.DuplicateJsonObjectContextCustomizerFactory$DuplicateJsonObjectContextCustomizer@260766, org.springframework.boot.test.mock.mockito.MockitoContextCustomizer@0, org.springframework.boot.test.web.client.TestRestTemplateContextCustomizer@625ccd, org.springframework.boot.test.web.reactive.server.WebTestClientContextCustomizer@fde30a, org.springframework.boot.test.context.SpringBootTestArgs@1, org.springframework.boot.test.context.SpringBootTestWebEnvironment@dec700], resourceBasePath = 'src/main/webapp', contextLoader = 'org.springframework.boot.test.context.SpringBootContextLoader', parent = [null]], attributes = map['org.springframework.test.context.web.ServletTestExecutionListener.activateListener' -> true, 'org.springframework.test.context.web.ServletTestExecutionListener.populatedRequestContextHolder' -> true, 'org.springframework.test.context.web.ServletTestExecutionListener.resetRequestContextHolder' -> true, 'org.springframework.test.context.event.ApplicationEventsTestExecutionListener.recordApplicationEvents' -> false]]
]]></system-out>
  <system-err><![CDATA[]]></system-err>
</testsuite>
