<?xml version="1.0" encoding="UTF-8"?>
<testsuite name="net.prescent.service.SellerServiceTest" tests="6" skipped="0" failures="0" errors="0" timestamp="2023-11-22T00:23:38" hostname="LAPTOP-Q5F6TAOM" time="2.546">
  <properties/>
  <testcase name="판매자 회원가입 테스트" classname="net.prescent.service.SellerServiceTest" time="0.483"/>
  <testcase name="중복 사업자번호 가입 테스트" classname="net.prescent.service.SellerServiceTest" time="0.296"/>
  <testcase name="판매자 로그아웃 테스트" classname="net.prescent.service.SellerServiceTest" time="0.461"/>
  <testcase name="판매자 로그인 실패 - 잘못된 비밀번호 테스트" classname="net.prescent.service.SellerServiceTest" time="0.479"/>
  <testcase name="판매자 로그인 성공 테스트" classname="net.prescent.service.SellerServiceTest" time="0.533"/>
  <testcase name="판매자 로그인 실패 - 잘못된 Email 테스트" classname="net.prescent.service.SellerServiceTest" time="0.282"/>
  <system-out><![CDATA[2023-11-22 09:23:38.762  INFO 28752 --- [    Test worker] .b.t.c.SpringBootTestContextBootstrapper : Neither @ContextConfiguration nor @ContextHierarchy found for test class [net.prescent.service.SellerServiceTest], using SpringBootContextLoader
2023-11-22 09:23:38.765  INFO 28752 --- [    Test worker] o.s.t.c.support.AbstractContextLoader    : Could not detect default resource locations for test class [net.prescent.service.SellerServiceTest]: no resource found for suffixes {-context.xml, Context.groovy}.
2023-11-22 09:23:38.765  INFO 28752 --- [    Test worker] t.c.s.AnnotationConfigContextLoaderUtils : Could not detect default configuration classes for test class [net.prescent.service.SellerServiceTest]: SellerServiceTest does not declare any static, non-private, non-final, nested classes annotated with @Configuration.
2023-11-22 09:23:38.770  INFO 28752 --- [    Test worker] .b.t.c.SpringBootTestContextBootstrapper : Found @SpringBootConfiguration net.prescent.PreScentApplication for test class net.prescent.service.SellerServiceTest
2023-11-22 09:23:38.773  INFO 28752 --- [    Test worker] .b.t.c.SpringBootTestContextBootstrapper : Loaded default TestExecutionListener class names from location [META-INF/spring.factories]: [org.springframework.security.test.context.support.WithSecurityContextTestExecutionListener, org.springframework.security.test.context.support.ReactorContextTestExecutionListener, org.springframework.boot.test.autoconfigure.restdocs.RestDocsTestExecutionListener, org.springframework.boot.test.autoconfigure.web.client.MockRestServiceServerResetTestExecutionListener, org.springframework.boot.test.autoconfigure.web.servlet.MockMvcPrintOnlyOnFailureTestExecutionListener, org.springframework.boot.test.autoconfigure.web.servlet.WebDriverTestExecutionListener, org.springframework.boot.test.autoconfigure.webservices.client.MockWebServiceServerTestExecutionListener, org.springframework.boot.test.mock.mockito.MockitoTestExecutionListener, org.springframework.boot.test.mock.mockito.ResetMocksTestExecutionListener, org.springframework.test.context.web.ServletTestExecutionListener, org.springframework.test.context.support.DirtiesContextBeforeModesTestExecutionListener, org.springframework.test.context.event.ApplicationEventsTestExecutionListener, org.springframework.test.context.support.DependencyInjectionTestExecutionListener, org.springframework.test.context.support.DirtiesContextTestExecutionListener, org.springframework.test.context.transaction.TransactionalTestExecutionListener, org.springframework.test.context.jdbc.SqlScriptsTestExecutionListener, org.springframework.test.context.event.EventPublishingTestExecutionListener]
2023-11-22 09:23:38.773  INFO 28752 --- [    Test worker] .b.t.c.SpringBootTestContextBootstrapper : Using TestExecutionListeners: [org.springframework.test.context.web.ServletTestExecutionListener@3cdafb82, org.springframework.test.context.support.DirtiesContextBeforeModesTestExecutionListener@28f663de, org.springframework.test.context.event.ApplicationEventsTestExecutionListener@7a3c541e, org.springframework.boot.test.mock.mockito.MockitoTestExecutionListener@2be89ba5, org.springframework.boot.test.autoconfigure.SpringBootDependencyInjectionTestExecutionListener@408573b1, org.springframework.test.context.support.DirtiesContextTestExecutionListener@5b7600ec, org.springframework.test.context.transaction.TransactionalTestExecutionListener@43f23338, org.springframework.test.context.jdbc.SqlScriptsTestExecutionListener@2ca8bd50, org.springframework.security.test.context.support.WithSecurityContextTestExecutionListener@47db5b8f, org.springframework.test.context.event.EventPublishingTestExecutionListener@2c4142f8, org.springframework.security.test.context.support.ReactorContextTestExecutionListener@7ef8cfbb, org.springframework.boot.test.autoconfigure.restdocs.RestDocsTestExecutionListener@17d3bf09, org.springframework.boot.test.autoconfigure.web.client.MockRestServiceServerResetTestExecutionListener@a49995f, org.springframework.boot.test.autoconfigure.web.servlet.MockMvcPrintOnlyOnFailureTestExecutionListener@2cb95c6c, org.springframework.boot.test.autoconfigure.web.servlet.WebDriverTestExecutionListener@1484cb57, org.springframework.boot.test.autoconfigure.webservices.client.MockWebServiceServerTestExecutionListener@1e250539, org.springframework.boot.test.mock.mockito.ResetMocksTestExecutionListener@5860e4c3]
2023-11-22 09:23:38.800  INFO 28752 --- [    Test worker] o.s.t.c.transaction.TransactionContext   : Began transaction (1) for test context [DefaultTestContext@3fd93330 testClass = SellerServiceTest, testInstance = net.prescent.service.SellerServiceTest@32ff3c98, testMethod = signupSellerTest@SellerServiceTest, testException = [null], mergedContextConfiguration = [WebMergedContextConfiguration@5f804b36 testClass = SellerServiceTest, locations = '{}', classes = '{class net.prescent.PreScentApplication}', contextInitializerClasses = '[]', activeProfiles = '{}', propertySourceLocations = '{}', propertySourceProperties = '{org.springframework.boot.test.context.SpringBootTestContextBootstrapper=true}', contextCustomizers = set[org.springframework.boot.test.autoconfigure.actuate.metrics.MetricsExportContextCustomizerFactory$DisableMetricExportContextCustomizer@26a4842b, org.springframework.boot.test.autoconfigure.properties.PropertyMappingContextCustomizer@0, org.springframework.boot.test.autoconfigure.web.servlet.WebDriverContextCustomizerFactory$Customizer@7e3060d8, org.springframework.boot.test.context.filter.ExcludeFilterContextCustomizer@47dbb1e2, org.springframework.boot.test.json.DuplicateJsonObjectContextCustomizerFactory$DuplicateJsonObjectContextCustomizer@6d24ffa1, org.springframework.boot.test.mock.mockito.MockitoContextCustomizer@0, org.springframework.boot.test.web.client.TestRestTemplateContextCustomizer@5ddabb18, org.springframework.boot.test.web.reactive.server.WebTestClientContextCustomizer@28d6290, org.springframework.boot.test.context.SpringBootTestArgs@1, org.springframework.boot.test.context.SpringBootTestWebEnvironment@3e2059ae], resourceBasePath = 'src/main/webapp', contextLoader = 'org.springframework.boot.test.context.SpringBootContextLoader', parent = [null]], attributes = map['org.springframework.test.context.web.ServletTestExecutionListener.activateListener' -> true, 'org.springframework.test.context.web.ServletTestExecutionListener.populatedRequestContextHolder' -> true, 'org.springframework.test.context.web.ServletTestExecutionListener.resetRequestContextHolder' -> true, 'org.springframework.test.context.event.ApplicationEventsTestExecutionListener.recordApplicationEvents' -> false]]; transaction manager [org.springframework.orm.jpa.JpaTransactionManager@5f92e5eb]; rollback [true]
2023-11-22 09:23:38.804 DEBUG 28752 --- [    Test worker] org.hibernate.SQL                        : 
    delete 
    from
        seller
Hibernate: 
    delete 
    from
        seller
2023-11-22 09:23:38.816 DEBUG 28752 --- [    Test worker] org.hibernate.SQL                        : 
    select
        sellerenti0_.seller_key as seller_k1_6_,
        sellerenti0_.shop_key as shop_key7_6_,
        sellerenti0_.isgrant as isgrant2_6_,
        sellerenti0_.seller_id_email as seller_i3_6_,
        sellerenti0_.seller_name as seller_n4_6_,
        sellerenti0_.seller_password as seller_p5_6_,
        sellerenti0_.seller_phonenum as seller_p6_6_ 
    from
        seller sellerenti0_ 
    where
        sellerenti0_.seller_key=?
Hibernate: 
    select
        sellerenti0_.seller_key as seller_k1_6_,
        sellerenti0_.shop_key as shop_key7_6_,
        sellerenti0_.isgrant as isgrant2_6_,
        sellerenti0_.seller_id_email as seller_i3_6_,
        sellerenti0_.seller_name as seller_n4_6_,
        sellerenti0_.seller_password as seller_p5_6_,
        sellerenti0_.seller_phonenum as seller_p6_6_ 
    from
        seller sellerenti0_ 
    where
        sellerenti0_.seller_key=?
2023-11-22 09:23:38.818 TRACE 28752 --- [    Test worker] o.h.type.descriptor.sql.BasicBinder      : binding parameter [1] as [INTEGER] - [123456789]
2023-11-22 09:23:39.005 DEBUG 28752 --- [    Test worker] org.hibernate.SQL                        : 
    select
        sellerenti0_.seller_key as seller_k1_6_0_,
        sellerenti0_.shop_key as shop_key7_6_0_,
        sellerenti0_.isgrant as isgrant2_6_0_,
        sellerenti0_.seller_id_email as seller_i3_6_0_,
        sellerenti0_.seller_name as seller_n4_6_0_,
        sellerenti0_.seller_password as seller_p5_6_0_,
        sellerenti0_.seller_phonenum as seller_p6_6_0_ 
    from
        seller sellerenti0_ 
    where
        sellerenti0_.seller_key=?
Hibernate: 
    select
        sellerenti0_.seller_key as seller_k1_6_0_,
        sellerenti0_.shop_key as shop_key7_6_0_,
        sellerenti0_.isgrant as isgrant2_6_0_,
        sellerenti0_.seller_id_email as seller_i3_6_0_,
        sellerenti0_.seller_name as seller_n4_6_0_,
        sellerenti0_.seller_password as seller_p5_6_0_,
        sellerenti0_.seller_phonenum as seller_p6_6_0_ 
    from
        seller sellerenti0_ 
    where
        sellerenti0_.seller_key=?
2023-11-22 09:23:39.008 TRACE 28752 --- [    Test worker] o.h.type.descriptor.sql.BasicBinder      : binding parameter [1] as [INTEGER] - [123456789]
2023-11-22 09:23:39.027 DEBUG 28752 --- [    Test worker] org.hibernate.SQL                        : 
    insert 
    into
        seller
        (shop_key, isgrant, seller_id_email, seller_name, seller_password, seller_phonenum, seller_key) 
    values
        (?, ?, ?, ?, ?, ?, ?)
Hibernate: 
    insert 
    into
        seller
        (shop_key, isgrant, seller_id_email, seller_name, seller_password, seller_phonenum, seller_key) 
    values
        (?, ?, ?, ?, ?, ?, ?)
2023-11-22 09:23:39.029 TRACE 28752 --- [    Test worker] o.h.type.descriptor.sql.BasicBinder      : binding parameter [1] as [INTEGER] - [null]
2023-11-22 09:23:39.029 TRACE 28752 --- [    Test worker] o.h.type.descriptor.sql.BasicBinder      : binding parameter [2] as [INTEGER] - [null]
2023-11-22 09:23:39.030 TRACE 28752 --- [    Test worker] o.h.type.descriptor.sql.BasicBinder      : binding parameter [3] as [VARCHAR] - [ajou@gmail.com]
2023-11-22 09:23:39.030 TRACE 28752 --- [    Test worker] o.h.type.descriptor.sql.BasicBinder      : binding parameter [4] as [VARCHAR] - [suhyeon]
2023-11-22 09:23:39.030 TRACE 28752 --- [    Test worker] o.h.type.descriptor.sql.BasicBinder      : binding parameter [5] as [VARCHAR] - [$2a$10$155echS1JDTdPm5Li/ynzeHCXxuiuOcQgF.rMS8grEDH/WxBuFrUq]
2023-11-22 09:23:39.030 TRACE 28752 --- [    Test worker] o.h.type.descriptor.sql.BasicBinder      : binding parameter [6] as [VARCHAR] - [010-1111-2222]
2023-11-22 09:23:39.030 TRACE 28752 --- [    Test worker] o.h.type.descriptor.sql.BasicBinder      : binding parameter [7] as [INTEGER] - [123456789]
2023-11-22 09:23:39.039 DEBUG 28752 --- [    Test worker] org.hibernate.SQL                        : 
    select
        sellerenti0_.seller_key as seller_k1_6_,
        sellerenti0_.shop_key as shop_key7_6_,
        sellerenti0_.isgrant as isgrant2_6_,
        sellerenti0_.seller_id_email as seller_i3_6_,
        sellerenti0_.seller_name as seller_n4_6_,
        sellerenti0_.seller_password as seller_p5_6_,
        sellerenti0_.seller_phonenum as seller_p6_6_ 
    from
        seller sellerenti0_ 
    where
        sellerenti0_.seller_id_email=?
Hibernate: 
    select
        sellerenti0_.seller_key as seller_k1_6_,
        sellerenti0_.shop_key as shop_key7_6_,
        sellerenti0_.isgrant as isgrant2_6_,
        sellerenti0_.seller_id_email as seller_i3_6_,
        sellerenti0_.seller_name as seller_n4_6_,
        sellerenti0_.seller_password as seller_p5_6_,
        sellerenti0_.seller_phonenum as seller_p6_6_ 
    from
        seller sellerenti0_ 
    where
        sellerenti0_.seller_id_email=?
2023-11-22 09:23:39.041 TRACE 28752 --- [    Test worker] o.h.type.descriptor.sql.BasicBinder      : binding parameter [1] as [VARCHAR] - [ajou@gmail.com]
2023-11-22 09:23:39.257  INFO 28752 --- [    Test worker] o.s.t.c.transaction.TransactionContext   : Rolled back transaction for test: [DefaultTestContext@3fd93330 testClass = SellerServiceTest, testInstance = net.prescent.service.SellerServiceTest@32ff3c98, testMethod = signupSellerTest@SellerServiceTest, testException = [null], mergedContextConfiguration = [WebMergedContextConfiguration@5f804b36 testClass = SellerServiceTest, locations = '{}', classes = '{class net.prescent.PreScentApplication}', contextInitializerClasses = '[]', activeProfiles = '{}', propertySourceLocations = '{}', propertySourceProperties = '{org.springframework.boot.test.context.SpringBootTestContextBootstrapper=true}', contextCustomizers = set[org.springframework.boot.test.autoconfigure.actuate.metrics.MetricsExportContextCustomizerFactory$DisableMetricExportContextCustomizer@26a4842b, org.springframework.boot.test.autoconfigure.properties.PropertyMappingContextCustomizer@0, org.springframework.boot.test.autoconfigure.web.servlet.WebDriverContextCustomizerFactory$Customizer@7e3060d8, org.springframework.boot.test.context.filter.ExcludeFilterContextCustomizer@47dbb1e2, org.springframework.boot.test.json.DuplicateJsonObjectContextCustomizerFactory$DuplicateJsonObjectContextCustomizer@6d24ffa1, org.springframework.boot.test.mock.mockito.MockitoContextCustomizer@0, org.springframework.boot.test.web.client.TestRestTemplateContextCustomizer@5ddabb18, org.springframework.boot.test.web.reactive.server.WebTestClientContextCustomizer@28d6290, org.springframework.boot.test.context.SpringBootTestArgs@1, org.springframework.boot.test.context.SpringBootTestWebEnvironment@3e2059ae], resourceBasePath = 'src/main/webapp', contextLoader = 'org.springframework.boot.test.context.SpringBootContextLoader', parent = [null]], attributes = map['org.springframework.test.context.web.ServletTestExecutionListener.activateListener' -> true, 'org.springframework.test.context.web.ServletTestExecutionListener.populatedRequestContextHolder' -> true, 'org.springframework.test.context.web.ServletTestExecutionListener.resetRequestContextHolder' -> true, 'org.springframework.test.context.event.ApplicationEventsTestExecutionListener.recordApplicationEvents' -> false]]
2023-11-22 09:23:39.289  INFO 28752 --- [    Test worker] o.s.t.c.transaction.TransactionContext   : Began transaction (1) for test context [DefaultTestContext@3fd93330 testClass = SellerServiceTest, testInstance = net.prescent.service.SellerServiceTest@e36a4c1, testMethod = signupDuplicateSellerKeyTest@SellerServiceTest, testException = [null], mergedContextConfiguration = [WebMergedContextConfiguration@5f804b36 testClass = SellerServiceTest, locations = '{}', classes = '{class net.prescent.PreScentApplication}', contextInitializerClasses = '[]', activeProfiles = '{}', propertySourceLocations = '{}', propertySourceProperties = '{org.springframework.boot.test.context.SpringBootTestContextBootstrapper=true}', contextCustomizers = set[org.springframework.boot.test.autoconfigure.actuate.metrics.MetricsExportContextCustomizerFactory$DisableMetricExportContextCustomizer@26a4842b, org.springframework.boot.test.autoconfigure.properties.PropertyMappingContextCustomizer@0, org.springframework.boot.test.autoconfigure.web.servlet.WebDriverContextCustomizerFactory$Customizer@7e3060d8, org.springframework.boot.test.context.filter.ExcludeFilterContextCustomizer@47dbb1e2, org.springframework.boot.test.json.DuplicateJsonObjectContextCustomizerFactory$DuplicateJsonObjectContextCustomizer@6d24ffa1, org.springframework.boot.test.mock.mockito.MockitoContextCustomizer@0, org.springframework.boot.test.web.client.TestRestTemplateContextCustomizer@5ddabb18, org.springframework.boot.test.web.reactive.server.WebTestClientContextCustomizer@28d6290, org.springframework.boot.test.context.SpringBootTestArgs@1, org.springframework.boot.test.context.SpringBootTestWebEnvironment@3e2059ae], resourceBasePath = 'src/main/webapp', contextLoader = 'org.springframework.boot.test.context.SpringBootContextLoader', parent = [null]], attributes = map['org.springframework.test.context.web.ServletTestExecutionListener.activateListener' -> true, 'org.springframework.test.context.web.ServletTestExecutionListener.populatedRequestContextHolder' -> true, 'org.springframework.test.context.web.ServletTestExecutionListener.resetRequestContextHolder' -> true, 'org.springframework.test.context.event.ApplicationEventsTestExecutionListener.recordApplicationEvents' -> false]]; transaction manager [org.springframework.orm.jpa.JpaTransactionManager@5f92e5eb]; rollback [true]
2023-11-22 09:23:39.302 DEBUG 28752 --- [    Test worker] org.hibernate.SQL                        : 
    delete 
    from
        seller
Hibernate: 
    delete 
    from
        seller
2023-11-22 09:23:39.320 DEBUG 28752 --- [    Test worker] org.hibernate.SQL                        : 
    select
        sellerenti0_.seller_key as seller_k1_6_,
        sellerenti0_.shop_key as shop_key7_6_,
        sellerenti0_.isgrant as isgrant2_6_,
        sellerenti0_.seller_id_email as seller_i3_6_,
        sellerenti0_.seller_name as seller_n4_6_,
        sellerenti0_.seller_password as seller_p5_6_,
        sellerenti0_.seller_phonenum as seller_p6_6_ 
    from
        seller sellerenti0_ 
    where
        sellerenti0_.seller_key=?
Hibernate: 
    select
        sellerenti0_.seller_key as seller_k1_6_,
        sellerenti0_.shop_key as shop_key7_6_,
        sellerenti0_.isgrant as isgrant2_6_,
        sellerenti0_.seller_id_email as seller_i3_6_,
        sellerenti0_.seller_name as seller_n4_6_,
        sellerenti0_.seller_password as seller_p5_6_,
        sellerenti0_.seller_phonenum as seller_p6_6_ 
    from
        seller sellerenti0_ 
    where
        sellerenti0_.seller_key=?
2023-11-22 09:23:39.324 TRACE 28752 --- [    Test worker] o.h.type.descriptor.sql.BasicBinder      : binding parameter [1] as [INTEGER] - [123456789]
2023-11-22 09:23:39.479 DEBUG 28752 --- [    Test worker] org.hibernate.SQL                        : 
    select
        sellerenti0_.seller_key as seller_k1_6_0_,
        sellerenti0_.shop_key as shop_key7_6_0_,
        sellerenti0_.isgrant as isgrant2_6_0_,
        sellerenti0_.seller_id_email as seller_i3_6_0_,
        sellerenti0_.seller_name as seller_n4_6_0_,
        sellerenti0_.seller_password as seller_p5_6_0_,
        sellerenti0_.seller_phonenum as seller_p6_6_0_ 
    from
        seller sellerenti0_ 
    where
        sellerenti0_.seller_key=?
Hibernate: 
    select
        sellerenti0_.seller_key as seller_k1_6_0_,
        sellerenti0_.shop_key as shop_key7_6_0_,
        sellerenti0_.isgrant as isgrant2_6_0_,
        sellerenti0_.seller_id_email as seller_i3_6_0_,
        sellerenti0_.seller_name as seller_n4_6_0_,
        sellerenti0_.seller_password as seller_p5_6_0_,
        sellerenti0_.seller_phonenum as seller_p6_6_0_ 
    from
        seller sellerenti0_ 
    where
        sellerenti0_.seller_key=?
2023-11-22 09:23:39.481 TRACE 28752 --- [    Test worker] o.h.type.descriptor.sql.BasicBinder      : binding parameter [1] as [INTEGER] - [123456789]
2023-11-22 09:23:39.497 DEBUG 28752 --- [    Test worker] org.hibernate.SQL                        : 
    insert 
    into
        seller
        (shop_key, isgrant, seller_id_email, seller_name, seller_password, seller_phonenum, seller_key) 
    values
        (?, ?, ?, ?, ?, ?, ?)
Hibernate: 
    insert 
    into
        seller
        (shop_key, isgrant, seller_id_email, seller_name, seller_password, seller_phonenum, seller_key) 
    values
        (?, ?, ?, ?, ?, ?, ?)
2023-11-22 09:23:39.498 TRACE 28752 --- [    Test worker] o.h.type.descriptor.sql.BasicBinder      : binding parameter [1] as [INTEGER] - [null]
2023-11-22 09:23:39.500 TRACE 28752 --- [    Test worker] o.h.type.descriptor.sql.BasicBinder      : binding parameter [2] as [INTEGER] - [null]
2023-11-22 09:23:39.500 TRACE 28752 --- [    Test worker] o.h.type.descriptor.sql.BasicBinder      : binding parameter [3] as [VARCHAR] - [ajou@gmail.com]
2023-11-22 09:23:39.500 TRACE 28752 --- [    Test worker] o.h.type.descriptor.sql.BasicBinder      : binding parameter [4] as [VARCHAR] - [suhyeon]
2023-11-22 09:23:39.500 TRACE 28752 --- [    Test worker] o.h.type.descriptor.sql.BasicBinder      : binding parameter [5] as [VARCHAR] - [$2a$10$PvbDyOBCxIMbGQanx1HGNeOCeizGDWMJwLXOfycX7wR6cZQeQu/cS]
2023-11-22 09:23:39.500 TRACE 28752 --- [    Test worker] o.h.type.descriptor.sql.BasicBinder      : binding parameter [6] as [VARCHAR] - [010-1111-2222]
2023-11-22 09:23:39.501 TRACE 28752 --- [    Test worker] o.h.type.descriptor.sql.BasicBinder      : binding parameter [7] as [INTEGER] - [123456789]
2023-11-22 09:23:39.512 DEBUG 28752 --- [    Test worker] org.hibernate.SQL                        : 
    select
        sellerenti0_.seller_key as seller_k1_6_,
        sellerenti0_.shop_key as shop_key7_6_,
        sellerenti0_.isgrant as isgrant2_6_,
        sellerenti0_.seller_id_email as seller_i3_6_,
        sellerenti0_.seller_name as seller_n4_6_,
        sellerenti0_.seller_password as seller_p5_6_,
        sellerenti0_.seller_phonenum as seller_p6_6_ 
    from
        seller sellerenti0_ 
    where
        sellerenti0_.seller_key=?
Hibernate: 
    select
        sellerenti0_.seller_key as seller_k1_6_,
        sellerenti0_.shop_key as shop_key7_6_,
        sellerenti0_.isgrant as isgrant2_6_,
        sellerenti0_.seller_id_email as seller_i3_6_,
        sellerenti0_.seller_name as seller_n4_6_,
        sellerenti0_.seller_password as seller_p5_6_,
        sellerenti0_.seller_phonenum as seller_p6_6_ 
    from
        seller sellerenti0_ 
    where
        sellerenti0_.seller_key=?
2023-11-22 09:23:39.513 TRACE 28752 --- [    Test worker] o.h.type.descriptor.sql.BasicBinder      : binding parameter [1] as [INTEGER] - [123456789]
2023-11-22 09:23:39.561  INFO 28752 --- [    Test worker] o.s.t.c.transaction.TransactionContext   : Rolled back transaction for test: [DefaultTestContext@3fd93330 testClass = SellerServiceTest, testInstance = net.prescent.service.SellerServiceTest@e36a4c1, testMethod = signupDuplicateSellerKeyTest@SellerServiceTest, testException = [null], mergedContextConfiguration = [WebMergedContextConfiguration@5f804b36 testClass = SellerServiceTest, locations = '{}', classes = '{class net.prescent.PreScentApplication}', contextInitializerClasses = '[]', activeProfiles = '{}', propertySourceLocations = '{}', propertySourceProperties = '{org.springframework.boot.test.context.SpringBootTestContextBootstrapper=true}', contextCustomizers = set[org.springframework.boot.test.autoconfigure.actuate.metrics.MetricsExportContextCustomizerFactory$DisableMetricExportContextCustomizer@26a4842b, org.springframework.boot.test.autoconfigure.properties.PropertyMappingContextCustomizer@0, org.springframework.boot.test.autoconfigure.web.servlet.WebDriverContextCustomizerFactory$Customizer@7e3060d8, org.springframework.boot.test.context.filter.ExcludeFilterContextCustomizer@47dbb1e2, org.springframework.boot.test.json.DuplicateJsonObjectContextCustomizerFactory$DuplicateJsonObjectContextCustomizer@6d24ffa1, org.springframework.boot.test.mock.mockito.MockitoContextCustomizer@0, org.springframework.boot.test.web.client.TestRestTemplateContextCustomizer@5ddabb18, org.springframework.boot.test.web.reactive.server.WebTestClientContextCustomizer@28d6290, org.springframework.boot.test.context.SpringBootTestArgs@1, org.springframework.boot.test.context.SpringBootTestWebEnvironment@3e2059ae], resourceBasePath = 'src/main/webapp', contextLoader = 'org.springframework.boot.test.context.SpringBootContextLoader', parent = [null]], attributes = map['org.springframework.test.context.web.ServletTestExecutionListener.activateListener' -> true, 'org.springframework.test.context.web.ServletTestExecutionListener.populatedRequestContextHolder' -> true, 'org.springframework.test.context.web.ServletTestExecutionListener.resetRequestContextHolder' -> true, 'org.springframework.test.context.event.ApplicationEventsTestExecutionListener.recordApplicationEvents' -> false]]
2023-11-22 09:23:39.576  INFO 28752 --- [    Test worker] o.s.t.c.transaction.TransactionContext   : Began transaction (1) for test context [DefaultTestContext@3fd93330 testClass = SellerServiceTest, testInstance = net.prescent.service.SellerServiceTest@74307afd, testMethod = logoutTest@SellerServiceTest, testException = [null], mergedContextConfiguration = [WebMergedContextConfiguration@5f804b36 testClass = SellerServiceTest, locations = '{}', classes = '{class net.prescent.PreScentApplication}', contextInitializerClasses = '[]', activeProfiles = '{}', propertySourceLocations = '{}', propertySourceProperties = '{org.springframework.boot.test.context.SpringBootTestContextBootstrapper=true}', contextCustomizers = set[org.springframework.boot.test.autoconfigure.actuate.metrics.MetricsExportContextCustomizerFactory$DisableMetricExportContextCustomizer@26a4842b, org.springframework.boot.test.autoconfigure.properties.PropertyMappingContextCustomizer@0, org.springframework.boot.test.autoconfigure.web.servlet.WebDriverContextCustomizerFactory$Customizer@7e3060d8, org.springframework.boot.test.context.filter.ExcludeFilterContextCustomizer@47dbb1e2, org.springframework.boot.test.json.DuplicateJsonObjectContextCustomizerFactory$DuplicateJsonObjectContextCustomizer@6d24ffa1, org.springframework.boot.test.mock.mockito.MockitoContextCustomizer@0, org.springframework.boot.test.web.client.TestRestTemplateContextCustomizer@5ddabb18, org.springframework.boot.test.web.reactive.server.WebTestClientContextCustomizer@28d6290, org.springframework.boot.test.context.SpringBootTestArgs@1, org.springframework.boot.test.context.SpringBootTestWebEnvironment@3e2059ae], resourceBasePath = 'src/main/webapp', contextLoader = 'org.springframework.boot.test.context.SpringBootContextLoader', parent = [null]], attributes = map['org.springframework.test.context.web.ServletTestExecutionListener.activateListener' -> true, 'org.springframework.test.context.web.ServletTestExecutionListener.populatedRequestContextHolder' -> true, 'org.springframework.test.context.web.ServletTestExecutionListener.resetRequestContextHolder' -> true, 'org.springframework.test.context.event.ApplicationEventsTestExecutionListener.recordApplicationEvents' -> false]]; transaction manager [org.springframework.orm.jpa.JpaTransactionManager@5f92e5eb]; rollback [true]
2023-11-22 09:23:39.580 DEBUG 28752 --- [    Test worker] org.hibernate.SQL                        : 
    delete 
    from
        seller
Hibernate: 
    delete 
    from
        seller
2023-11-22 09:23:39.601 DEBUG 28752 --- [    Test worker] org.hibernate.SQL                        : 
    select
        sellerenti0_.seller_key as seller_k1_6_,
        sellerenti0_.shop_key as shop_key7_6_,
        sellerenti0_.isgrant as isgrant2_6_,
        sellerenti0_.seller_id_email as seller_i3_6_,
        sellerenti0_.seller_name as seller_n4_6_,
        sellerenti0_.seller_password as seller_p5_6_,
        sellerenti0_.seller_phonenum as seller_p6_6_ 
    from
        seller sellerenti0_ 
    where
        sellerenti0_.seller_key=?
Hibernate: 
    select
        sellerenti0_.seller_key as seller_k1_6_,
        sellerenti0_.shop_key as shop_key7_6_,
        sellerenti0_.isgrant as isgrant2_6_,
        sellerenti0_.seller_id_email as seller_i3_6_,
        sellerenti0_.seller_name as seller_n4_6_,
        sellerenti0_.seller_password as seller_p5_6_,
        sellerenti0_.seller_phonenum as seller_p6_6_ 
    from
        seller sellerenti0_ 
    where
        sellerenti0_.seller_key=?
2023-11-22 09:23:39.602 TRACE 28752 --- [    Test worker] o.h.type.descriptor.sql.BasicBinder      : binding parameter [1] as [INTEGER] - [123456789]
2023-11-22 09:23:39.729 DEBUG 28752 --- [    Test worker] org.hibernate.SQL                        : 
    select
        sellerenti0_.seller_key as seller_k1_6_0_,
        sellerenti0_.shop_key as shop_key7_6_0_,
        sellerenti0_.isgrant as isgrant2_6_0_,
        sellerenti0_.seller_id_email as seller_i3_6_0_,
        sellerenti0_.seller_name as seller_n4_6_0_,
        sellerenti0_.seller_password as seller_p5_6_0_,
        sellerenti0_.seller_phonenum as seller_p6_6_0_ 
    from
        seller sellerenti0_ 
    where
        sellerenti0_.seller_key=?
Hibernate: 
    select
        sellerenti0_.seller_key as seller_k1_6_0_,
        sellerenti0_.shop_key as shop_key7_6_0_,
        sellerenti0_.isgrant as isgrant2_6_0_,
        sellerenti0_.seller_id_email as seller_i3_6_0_,
        sellerenti0_.seller_name as seller_n4_6_0_,
        sellerenti0_.seller_password as seller_p5_6_0_,
        sellerenti0_.seller_phonenum as seller_p6_6_0_ 
    from
        seller sellerenti0_ 
    where
        sellerenti0_.seller_key=?
2023-11-22 09:23:39.730 TRACE 28752 --- [    Test worker] o.h.type.descriptor.sql.BasicBinder      : binding parameter [1] as [INTEGER] - [123456789]
2023-11-22 09:23:39.743 DEBUG 28752 --- [    Test worker] org.hibernate.SQL                        : 
    insert 
    into
        seller
        (shop_key, isgrant, seller_id_email, seller_name, seller_password, seller_phonenum, seller_key) 
    values
        (?, ?, ?, ?, ?, ?, ?)
Hibernate: 
    insert 
    into
        seller
        (shop_key, isgrant, seller_id_email, seller_name, seller_password, seller_phonenum, seller_key) 
    values
        (?, ?, ?, ?, ?, ?, ?)
2023-11-22 09:23:39.744 TRACE 28752 --- [    Test worker] o.h.type.descriptor.sql.BasicBinder      : binding parameter [1] as [INTEGER] - [null]
2023-11-22 09:23:39.744 TRACE 28752 --- [    Test worker] o.h.type.descriptor.sql.BasicBinder      : binding parameter [2] as [INTEGER] - [null]
2023-11-22 09:23:39.744 TRACE 28752 --- [    Test worker] o.h.type.descriptor.sql.BasicBinder      : binding parameter [3] as [VARCHAR] - [ajou@gmail.com]
2023-11-22 09:23:39.744 TRACE 28752 --- [    Test worker] o.h.type.descriptor.sql.BasicBinder      : binding parameter [4] as [VARCHAR] - [suhyeon]
2023-11-22 09:23:39.744 TRACE 28752 --- [    Test worker] o.h.type.descriptor.sql.BasicBinder      : binding parameter [5] as [VARCHAR] - [$2a$10$zJ3ru4jn9lCRH2E5ItbLhuYm2kB.nXVH2fUc7jl0jQIWUbHAc0uxe]
2023-11-22 09:23:39.744 TRACE 28752 --- [    Test worker] o.h.type.descriptor.sql.BasicBinder      : binding parameter [6] as [VARCHAR] - [010-1111-2222]
2023-11-22 09:23:39.744 TRACE 28752 --- [    Test worker] o.h.type.descriptor.sql.BasicBinder      : binding parameter [7] as [INTEGER] - [123456789]
2023-11-22 09:23:39.759 DEBUG 28752 --- [    Test worker] org.hibernate.SQL                        : 
    select
        sellerenti0_.seller_key as seller_k1_6_,
        sellerenti0_.shop_key as shop_key7_6_,
        sellerenti0_.isgrant as isgrant2_6_,
        sellerenti0_.seller_id_email as seller_i3_6_,
        sellerenti0_.seller_name as seller_n4_6_,
        sellerenti0_.seller_password as seller_p5_6_,
        sellerenti0_.seller_phonenum as seller_p6_6_ 
    from
        seller sellerenti0_ 
    where
        sellerenti0_.seller_id_email=?
Hibernate: 
    select
        sellerenti0_.seller_key as seller_k1_6_,
        sellerenti0_.shop_key as shop_key7_6_,
        sellerenti0_.isgrant as isgrant2_6_,
        sellerenti0_.seller_id_email as seller_i3_6_,
        sellerenti0_.seller_name as seller_n4_6_,
        sellerenti0_.seller_password as seller_p5_6_,
        sellerenti0_.seller_phonenum as seller_p6_6_ 
    from
        seller sellerenti0_ 
    where
        sellerenti0_.seller_id_email=?
2023-11-22 09:23:39.760 TRACE 28752 --- [    Test worker] o.h.type.descriptor.sql.BasicBinder      : binding parameter [1] as [VARCHAR] - [ajou@gmail.com]
2023-11-22 09:23:39.902 DEBUG 28752 --- [    Test worker] org.hibernate.SQL                        : 
    select
        accesstoke0_.token as token1_0_0_,
        accesstoke0_.seller_key as seller_k2_0_0_ 
    from
        access_token accesstoke0_ 
    where
        accesstoke0_.token=?
Hibernate: 
    select
        accesstoke0_.token as token1_0_0_,
        accesstoke0_.seller_key as seller_k2_0_0_ 
    from
        access_token accesstoke0_ 
    where
        accesstoke0_.token=?
2023-11-22 09:23:39.902 TRACE 28752 --- [    Test worker] o.h.type.descriptor.sql.BasicBinder      : binding parameter [1] as [VARCHAR] - [1959e98a-e9c3-4be7-87f7-9df1f0b9ab0a]
2023-11-22 09:23:39.922 DEBUG 28752 --- [    Test worker] org.hibernate.SQL                        : 
    insert 
    into
        access_token
        (seller_key, token) 
    values
        (?, ?)
Hibernate: 
    insert 
    into
        access_token
        (seller_key, token) 
    values
        (?, ?)
2023-11-22 09:23:39.923 TRACE 28752 --- [    Test worker] o.h.type.descriptor.sql.BasicBinder      : binding parameter [1] as [INTEGER] - [123456789]
2023-11-22 09:23:39.923 TRACE 28752 --- [    Test worker] o.h.type.descriptor.sql.BasicBinder      : binding parameter [2] as [VARCHAR] - [1959e98a-e9c3-4be7-87f7-9df1f0b9ab0a]
2023-11-22 09:23:39.933 DEBUG 28752 --- [    Test worker] org.hibernate.SQL                        : 
    select
        accesstoke0_.token as token1_0_,
        accesstoke0_.seller_key as seller_k2_0_ 
    from
        access_token accesstoke0_ 
    where
        accesstoke0_.token=?
Hibernate: 
    select
        accesstoke0_.token as token1_0_,
        accesstoke0_.seller_key as seller_k2_0_ 
    from
        access_token accesstoke0_ 
    where
        accesstoke0_.token=?
2023-11-22 09:23:39.934 TRACE 28752 --- [    Test worker] o.h.type.descriptor.sql.BasicBinder      : binding parameter [1] as [VARCHAR] - [1959e98a-e9c3-4be7-87f7-9df1f0b9ab0a]
2023-11-22 09:23:39.953 DEBUG 28752 --- [    Test worker] org.hibernate.SQL                        : 
    select
        accesstoke0_.token as token1_0_,
        accesstoke0_.seller_key as seller_k2_0_ 
    from
        access_token accesstoke0_ 
    where
        accesstoke0_.token=?
Hibernate: 
    select
        accesstoke0_.token as token1_0_,
        accesstoke0_.seller_key as seller_k2_0_ 
    from
        access_token accesstoke0_ 
    where
        accesstoke0_.token=?
2023-11-22 09:23:39.953 TRACE 28752 --- [    Test worker] o.h.type.descriptor.sql.BasicBinder      : binding parameter [1] as [VARCHAR] - [1959e98a-e9c3-4be7-87f7-9df1f0b9ab0a]
2023-11-22 09:23:39.974 DEBUG 28752 --- [    Test worker] org.hibernate.SQL                        : 
    delete 
    from
        access_token 
    where
        token=?
Hibernate: 
    delete 
    from
        access_token 
    where
        token=?
2023-11-22 09:23:39.974 TRACE 28752 --- [    Test worker] o.h.type.descriptor.sql.BasicBinder      : binding parameter [1] as [VARCHAR] - [1959e98a-e9c3-4be7-87f7-9df1f0b9ab0a]
2023-11-22 09:23:39.989 DEBUG 28752 --- [    Test worker] org.hibernate.SQL                        : 
    select
        accesstoke0_.token as token1_0_,
        accesstoke0_.seller_key as seller_k2_0_ 
    from
        access_token accesstoke0_ 
    where
        accesstoke0_.token=?
Hibernate: 
    select
        accesstoke0_.token as token1_0_,
        accesstoke0_.seller_key as seller_k2_0_ 
    from
        access_token accesstoke0_ 
    where
        accesstoke0_.token=?
2023-11-22 09:23:39.990 TRACE 28752 --- [    Test worker] o.h.type.descriptor.sql.BasicBinder      : binding parameter [1] as [VARCHAR] - [1959e98a-e9c3-4be7-87f7-9df1f0b9ab0a]
2023-11-22 09:23:40.025  INFO 28752 --- [    Test worker] o.s.t.c.transaction.TransactionContext   : Rolled back transaction for test: [DefaultTestContext@3fd93330 testClass = SellerServiceTest, testInstance = net.prescent.service.SellerServiceTest@74307afd, testMethod = logoutTest@SellerServiceTest, testException = [null], mergedContextConfiguration = [WebMergedContextConfiguration@5f804b36 testClass = SellerServiceTest, locations = '{}', classes = '{class net.prescent.PreScentApplication}', contextInitializerClasses = '[]', activeProfiles = '{}', propertySourceLocations = '{}', propertySourceProperties = '{org.springframework.boot.test.context.SpringBootTestContextBootstrapper=true}', contextCustomizers = set[org.springframework.boot.test.autoconfigure.actuate.metrics.MetricsExportContextCustomizerFactory$DisableMetricExportContextCustomizer@26a4842b, org.springframework.boot.test.autoconfigure.properties.PropertyMappingContextCustomizer@0, org.springframework.boot.test.autoconfigure.web.servlet.WebDriverContextCustomizerFactory$Customizer@7e3060d8, org.springframework.boot.test.context.filter.ExcludeFilterContextCustomizer@47dbb1e2, org.springframework.boot.test.json.DuplicateJsonObjectContextCustomizerFactory$DuplicateJsonObjectContextCustomizer@6d24ffa1, org.springframework.boot.test.mock.mockito.MockitoContextCustomizer@0, org.springframework.boot.test.web.client.TestRestTemplateContextCustomizer@5ddabb18, org.springframework.boot.test.web.reactive.server.WebTestClientContextCustomizer@28d6290, org.springframework.boot.test.context.SpringBootTestArgs@1, org.springframework.boot.test.context.SpringBootTestWebEnvironment@3e2059ae], resourceBasePath = 'src/main/webapp', contextLoader = 'org.springframework.boot.test.context.SpringBootContextLoader', parent = [null]], attributes = map['org.springframework.test.context.web.ServletTestExecutionListener.activateListener' -> true, 'org.springframework.test.context.web.ServletTestExecutionListener.populatedRequestContextHolder' -> true, 'org.springframework.test.context.web.ServletTestExecutionListener.resetRequestContextHolder' -> true, 'org.springframework.test.context.event.ApplicationEventsTestExecutionListener.recordApplicationEvents' -> false]]
2023-11-22 09:23:40.049  INFO 28752 --- [    Test worker] o.s.t.c.transaction.TransactionContext   : Began transaction (1) for test context [DefaultTestContext@3fd93330 testClass = SellerServiceTest, testInstance = net.prescent.service.SellerServiceTest@5c91b751, testMethod = loginFailureWrongPasswordTest@SellerServiceTest, testException = [null], mergedContextConfiguration = [WebMergedContextConfiguration@5f804b36 testClass = SellerServiceTest, locations = '{}', classes = '{class net.prescent.PreScentApplication}', contextInitializerClasses = '[]', activeProfiles = '{}', propertySourceLocations = '{}', propertySourceProperties = '{org.springframework.boot.test.context.SpringBootTestContextBootstrapper=true}', contextCustomizers = set[org.springframework.boot.test.autoconfigure.actuate.metrics.MetricsExportContextCustomizerFactory$DisableMetricExportContextCustomizer@26a4842b, org.springframework.boot.test.autoconfigure.properties.PropertyMappingContextCustomizer@0, org.springframework.boot.test.autoconfigure.web.servlet.WebDriverContextCustomizerFactory$Customizer@7e3060d8, org.springframework.boot.test.context.filter.ExcludeFilterContextCustomizer@47dbb1e2, org.springframework.boot.test.json.DuplicateJsonObjectContextCustomizerFactory$DuplicateJsonObjectContextCustomizer@6d24ffa1, org.springframework.boot.test.mock.mockito.MockitoContextCustomizer@0, org.springframework.boot.test.web.client.TestRestTemplateContextCustomizer@5ddabb18, org.springframework.boot.test.web.reactive.server.WebTestClientContextCustomizer@28d6290, org.springframework.boot.test.context.SpringBootTestArgs@1, org.springframework.boot.test.context.SpringBootTestWebEnvironment@3e2059ae], resourceBasePath = 'src/main/webapp', contextLoader = 'org.springframework.boot.test.context.SpringBootContextLoader', parent = [null]], attributes = map['org.springframework.test.context.web.ServletTestExecutionListener.activateListener' -> true, 'org.springframework.test.context.web.ServletTestExecutionListener.populatedRequestContextHolder' -> true, 'org.springframework.test.context.web.ServletTestExecutionListener.resetRequestContextHolder' -> true, 'org.springframework.test.context.event.ApplicationEventsTestExecutionListener.recordApplicationEvents' -> false]]; transaction manager [org.springframework.orm.jpa.JpaTransactionManager@5f92e5eb]; rollback [true]
2023-11-22 09:23:40.053 DEBUG 28752 --- [    Test worker] org.hibernate.SQL                        : 
    delete 
    from
        seller
Hibernate: 
    delete 
    from
        seller
2023-11-22 09:23:40.121 DEBUG 28752 --- [    Test worker] org.hibernate.SQL                        : 
    select
        sellerenti0_.seller_key as seller_k1_6_,
        sellerenti0_.shop_key as shop_key7_6_,
        sellerenti0_.isgrant as isgrant2_6_,
        sellerenti0_.seller_id_email as seller_i3_6_,
        sellerenti0_.seller_name as seller_n4_6_,
        sellerenti0_.seller_password as seller_p5_6_,
        sellerenti0_.seller_phonenum as seller_p6_6_ 
    from
        seller sellerenti0_ 
    where
        sellerenti0_.seller_key=?
Hibernate: 
    select
        sellerenti0_.seller_key as seller_k1_6_,
        sellerenti0_.shop_key as shop_key7_6_,
        sellerenti0_.isgrant as isgrant2_6_,
        sellerenti0_.seller_id_email as seller_i3_6_,
        sellerenti0_.seller_name as seller_n4_6_,
        sellerenti0_.seller_password as seller_p5_6_,
        sellerenti0_.seller_phonenum as seller_p6_6_ 
    from
        seller sellerenti0_ 
    where
        sellerenti0_.seller_key=?
2023-11-22 09:23:40.122 TRACE 28752 --- [    Test worker] o.h.type.descriptor.sql.BasicBinder      : binding parameter [1] as [INTEGER] - [123456789]
2023-11-22 09:23:40.263 DEBUG 28752 --- [    Test worker] org.hibernate.SQL                        : 
    select
        sellerenti0_.seller_key as seller_k1_6_0_,
        sellerenti0_.shop_key as shop_key7_6_0_,
        sellerenti0_.isgrant as isgrant2_6_0_,
        sellerenti0_.seller_id_email as seller_i3_6_0_,
        sellerenti0_.seller_name as seller_n4_6_0_,
        sellerenti0_.seller_password as seller_p5_6_0_,
        sellerenti0_.seller_phonenum as seller_p6_6_0_ 
    from
        seller sellerenti0_ 
    where
        sellerenti0_.seller_key=?
Hibernate: 
    select
        sellerenti0_.seller_key as seller_k1_6_0_,
        sellerenti0_.shop_key as shop_key7_6_0_,
        sellerenti0_.isgrant as isgrant2_6_0_,
        sellerenti0_.seller_id_email as seller_i3_6_0_,
        sellerenti0_.seller_name as seller_n4_6_0_,
        sellerenti0_.seller_password as seller_p5_6_0_,
        sellerenti0_.seller_phonenum as seller_p6_6_0_ 
    from
        seller sellerenti0_ 
    where
        sellerenti0_.seller_key=?
2023-11-22 09:23:40.264 TRACE 28752 --- [    Test worker] o.h.type.descriptor.sql.BasicBinder      : binding parameter [1] as [INTEGER] - [123456789]
2023-11-22 09:23:40.276 DEBUG 28752 --- [    Test worker] org.hibernate.SQL                        : 
    insert 
    into
        seller
        (shop_key, isgrant, seller_id_email, seller_name, seller_password, seller_phonenum, seller_key) 
    values
        (?, ?, ?, ?, ?, ?, ?)
Hibernate: 
    insert 
    into
        seller
        (shop_key, isgrant, seller_id_email, seller_name, seller_password, seller_phonenum, seller_key) 
    values
        (?, ?, ?, ?, ?, ?, ?)
2023-11-22 09:23:40.277 TRACE 28752 --- [    Test worker] o.h.type.descriptor.sql.BasicBinder      : binding parameter [1] as [INTEGER] - [null]
2023-11-22 09:23:40.277 TRACE 28752 --- [    Test worker] o.h.type.descriptor.sql.BasicBinder      : binding parameter [2] as [INTEGER] - [null]
2023-11-22 09:23:40.277 TRACE 28752 --- [    Test worker] o.h.type.descriptor.sql.BasicBinder      : binding parameter [3] as [VARCHAR] - [ajou@gmail.com]
2023-11-22 09:23:40.278 TRACE 28752 --- [    Test worker] o.h.type.descriptor.sql.BasicBinder      : binding parameter [4] as [VARCHAR] - [suhyeon]
2023-11-22 09:23:40.278 TRACE 28752 --- [    Test worker] o.h.type.descriptor.sql.BasicBinder      : binding parameter [5] as [VARCHAR] - [$2a$10$wIVf.guIIKwThita4GlrguGzmPIa4JTjWH93ayu8xSk7czL3NEYSS]
2023-11-22 09:23:40.278 TRACE 28752 --- [    Test worker] o.h.type.descriptor.sql.BasicBinder      : binding parameter [6] as [VARCHAR] - [010-1111-2222]
2023-11-22 09:23:40.278 TRACE 28752 --- [    Test worker] o.h.type.descriptor.sql.BasicBinder      : binding parameter [7] as [INTEGER] - [123456789]
2023-11-22 09:23:40.288 DEBUG 28752 --- [    Test worker] org.hibernate.SQL                        : 
    select
        sellerenti0_.seller_key as seller_k1_6_,
        sellerenti0_.shop_key as shop_key7_6_,
        sellerenti0_.isgrant as isgrant2_6_,
        sellerenti0_.seller_id_email as seller_i3_6_,
        sellerenti0_.seller_name as seller_n4_6_,
        sellerenti0_.seller_password as seller_p5_6_,
        sellerenti0_.seller_phonenum as seller_p6_6_ 
    from
        seller sellerenti0_ 
    where
        sellerenti0_.seller_id_email=?
Hibernate: 
    select
        sellerenti0_.seller_key as seller_k1_6_,
        sellerenti0_.shop_key as shop_key7_6_,
        sellerenti0_.isgrant as isgrant2_6_,
        sellerenti0_.seller_id_email as seller_i3_6_,
        sellerenti0_.seller_name as seller_n4_6_,
        sellerenti0_.seller_password as seller_p5_6_,
        sellerenti0_.seller_phonenum as seller_p6_6_ 
    from
        seller sellerenti0_ 
    where
        sellerenti0_.seller_id_email=?
2023-11-22 09:23:40.290 TRACE 28752 --- [    Test worker] o.h.type.descriptor.sql.BasicBinder      : binding parameter [1] as [VARCHAR] - [ajou@gmail.com]
2023-11-22 09:23:40.505  INFO 28752 --- [    Test worker] o.s.t.c.transaction.TransactionContext   : Rolled back transaction for test: [DefaultTestContext@3fd93330 testClass = SellerServiceTest, testInstance = net.prescent.service.SellerServiceTest@5c91b751, testMethod = loginFailureWrongPasswordTest@SellerServiceTest, testException = [null], mergedContextConfiguration = [WebMergedContextConfiguration@5f804b36 testClass = SellerServiceTest, locations = '{}', classes = '{class net.prescent.PreScentApplication}', contextInitializerClasses = '[]', activeProfiles = '{}', propertySourceLocations = '{}', propertySourceProperties = '{org.springframework.boot.test.context.SpringBootTestContextBootstrapper=true}', contextCustomizers = set[org.springframework.boot.test.autoconfigure.actuate.metrics.MetricsExportContextCustomizerFactory$DisableMetricExportContextCustomizer@26a4842b, org.springframework.boot.test.autoconfigure.properties.PropertyMappingContextCustomizer@0, org.springframework.boot.test.autoconfigure.web.servlet.WebDriverContextCustomizerFactory$Customizer@7e3060d8, org.springframework.boot.test.context.filter.ExcludeFilterContextCustomizer@47dbb1e2, org.springframework.boot.test.json.DuplicateJsonObjectContextCustomizerFactory$DuplicateJsonObjectContextCustomizer@6d24ffa1, org.springframework.boot.test.mock.mockito.MockitoContextCustomizer@0, org.springframework.boot.test.web.client.TestRestTemplateContextCustomizer@5ddabb18, org.springframework.boot.test.web.reactive.server.WebTestClientContextCustomizer@28d6290, org.springframework.boot.test.context.SpringBootTestArgs@1, org.springframework.boot.test.context.SpringBootTestWebEnvironment@3e2059ae], resourceBasePath = 'src/main/webapp', contextLoader = 'org.springframework.boot.test.context.SpringBootContextLoader', parent = [null]], attributes = map['org.springframework.test.context.web.ServletTestExecutionListener.activateListener' -> true, 'org.springframework.test.context.web.ServletTestExecutionListener.populatedRequestContextHolder' -> true, 'org.springframework.test.context.web.ServletTestExecutionListener.resetRequestContextHolder' -> true, 'org.springframework.test.context.event.ApplicationEventsTestExecutionListener.recordApplicationEvents' -> false]]
2023-11-22 09:23:40.517  INFO 28752 --- [    Test worker] o.s.t.c.transaction.TransactionContext   : Began transaction (1) for test context [DefaultTestContext@3fd93330 testClass = SellerServiceTest, testInstance = net.prescent.service.SellerServiceTest@2e1c3b8f, testMethod = loginSuccessTest@SellerServiceTest, testException = [null], mergedContextConfiguration = [WebMergedContextConfiguration@5f804b36 testClass = SellerServiceTest, locations = '{}', classes = '{class net.prescent.PreScentApplication}', contextInitializerClasses = '[]', activeProfiles = '{}', propertySourceLocations = '{}', propertySourceProperties = '{org.springframework.boot.test.context.SpringBootTestContextBootstrapper=true}', contextCustomizers = set[org.springframework.boot.test.autoconfigure.actuate.metrics.MetricsExportContextCustomizerFactory$DisableMetricExportContextCustomizer@26a4842b, org.springframework.boot.test.autoconfigure.properties.PropertyMappingContextCustomizer@0, org.springframework.boot.test.autoconfigure.web.servlet.WebDriverContextCustomizerFactory$Customizer@7e3060d8, org.springframework.boot.test.context.filter.ExcludeFilterContextCustomizer@47dbb1e2, org.springframework.boot.test.json.DuplicateJsonObjectContextCustomizerFactory$DuplicateJsonObjectContextCustomizer@6d24ffa1, org.springframework.boot.test.mock.mockito.MockitoContextCustomizer@0, org.springframework.boot.test.web.client.TestRestTemplateContextCustomizer@5ddabb18, org.springframework.boot.test.web.reactive.server.WebTestClientContextCustomizer@28d6290, org.springframework.boot.test.context.SpringBootTestArgs@1, org.springframework.boot.test.context.SpringBootTestWebEnvironment@3e2059ae], resourceBasePath = 'src/main/webapp', contextLoader = 'org.springframework.boot.test.context.SpringBootContextLoader', parent = [null]], attributes = map['org.springframework.test.context.web.ServletTestExecutionListener.activateListener' -> true, 'org.springframework.test.context.web.ServletTestExecutionListener.populatedRequestContextHolder' -> true, 'org.springframework.test.context.web.ServletTestExecutionListener.resetRequestContextHolder' -> true, 'org.springframework.test.context.event.ApplicationEventsTestExecutionListener.recordApplicationEvents' -> false]]; transaction manager [org.springframework.orm.jpa.JpaTransactionManager@5f92e5eb]; rollback [true]
2023-11-22 09:23:40.521 DEBUG 28752 --- [    Test worker] org.hibernate.SQL                        : 
    delete 
    from
        seller
Hibernate: 
    delete 
    from
        seller
2023-11-22 09:23:40.531 DEBUG 28752 --- [    Test worker] org.hibernate.SQL                        : 
    select
        sellerenti0_.seller_key as seller_k1_6_,
        sellerenti0_.shop_key as shop_key7_6_,
        sellerenti0_.isgrant as isgrant2_6_,
        sellerenti0_.seller_id_email as seller_i3_6_,
        sellerenti0_.seller_name as seller_n4_6_,
        sellerenti0_.seller_password as seller_p5_6_,
        sellerenti0_.seller_phonenum as seller_p6_6_ 
    from
        seller sellerenti0_ 
    where
        sellerenti0_.seller_key=?
Hibernate: 
    select
        sellerenti0_.seller_key as seller_k1_6_,
        sellerenti0_.shop_key as shop_key7_6_,
        sellerenti0_.isgrant as isgrant2_6_,
        sellerenti0_.seller_id_email as seller_i3_6_,
        sellerenti0_.seller_name as seller_n4_6_,
        sellerenti0_.seller_password as seller_p5_6_,
        sellerenti0_.seller_phonenum as seller_p6_6_ 
    from
        seller sellerenti0_ 
    where
        sellerenti0_.seller_key=?
2023-11-22 09:23:40.532 TRACE 28752 --- [    Test worker] o.h.type.descriptor.sql.BasicBinder      : binding parameter [1] as [INTEGER] - [123456789]
2023-11-22 09:23:40.730 DEBUG 28752 --- [    Test worker] org.hibernate.SQL                        : 
    select
        sellerenti0_.seller_key as seller_k1_6_0_,
        sellerenti0_.shop_key as shop_key7_6_0_,
        sellerenti0_.isgrant as isgrant2_6_0_,
        sellerenti0_.seller_id_email as seller_i3_6_0_,
        sellerenti0_.seller_name as seller_n4_6_0_,
        sellerenti0_.seller_password as seller_p5_6_0_,
        sellerenti0_.seller_phonenum as seller_p6_6_0_ 
    from
        seller sellerenti0_ 
    where
        sellerenti0_.seller_key=?
Hibernate: 
    select
        sellerenti0_.seller_key as seller_k1_6_0_,
        sellerenti0_.shop_key as shop_key7_6_0_,
        sellerenti0_.isgrant as isgrant2_6_0_,
        sellerenti0_.seller_id_email as seller_i3_6_0_,
        sellerenti0_.seller_name as seller_n4_6_0_,
        sellerenti0_.seller_password as seller_p5_6_0_,
        sellerenti0_.seller_phonenum as seller_p6_6_0_ 
    from
        seller sellerenti0_ 
    where
        sellerenti0_.seller_key=?
2023-11-22 09:23:40.732 TRACE 28752 --- [    Test worker] o.h.type.descriptor.sql.BasicBinder      : binding parameter [1] as [INTEGER] - [123456789]
2023-11-22 09:23:40.745 DEBUG 28752 --- [    Test worker] org.hibernate.SQL                        : 
    insert 
    into
        seller
        (shop_key, isgrant, seller_id_email, seller_name, seller_password, seller_phonenum, seller_key) 
    values
        (?, ?, ?, ?, ?, ?, ?)
Hibernate: 
    insert 
    into
        seller
        (shop_key, isgrant, seller_id_email, seller_name, seller_password, seller_phonenum, seller_key) 
    values
        (?, ?, ?, ?, ?, ?, ?)
2023-11-22 09:23:40.746 TRACE 28752 --- [    Test worker] o.h.type.descriptor.sql.BasicBinder      : binding parameter [1] as [INTEGER] - [null]
2023-11-22 09:23:40.747 TRACE 28752 --- [    Test worker] o.h.type.descriptor.sql.BasicBinder      : binding parameter [2] as [INTEGER] - [null]
2023-11-22 09:23:40.747 TRACE 28752 --- [    Test worker] o.h.type.descriptor.sql.BasicBinder      : binding parameter [3] as [VARCHAR] - [ajou@gmail.com]
2023-11-22 09:23:40.748 TRACE 28752 --- [    Test worker] o.h.type.descriptor.sql.BasicBinder      : binding parameter [4] as [VARCHAR] - [suhyeon]
2023-11-22 09:23:40.748 TRACE 28752 --- [    Test worker] o.h.type.descriptor.sql.BasicBinder      : binding parameter [5] as [VARCHAR] - [$2a$10$yRQblwzSITwL4SmeYg0.tObca0jQpFXHRLcOEKTEB1d3IWsonLC5W]
2023-11-22 09:23:40.748 TRACE 28752 --- [    Test worker] o.h.type.descriptor.sql.BasicBinder      : binding parameter [6] as [VARCHAR] - [010-1111-2222]
2023-11-22 09:23:40.748 TRACE 28752 --- [    Test worker] o.h.type.descriptor.sql.BasicBinder      : binding parameter [7] as [INTEGER] - [123456789]
2023-11-22 09:23:40.757 DEBUG 28752 --- [    Test worker] org.hibernate.SQL                        : 
    select
        sellerenti0_.seller_key as seller_k1_6_,
        sellerenti0_.shop_key as shop_key7_6_,
        sellerenti0_.isgrant as isgrant2_6_,
        sellerenti0_.seller_id_email as seller_i3_6_,
        sellerenti0_.seller_name as seller_n4_6_,
        sellerenti0_.seller_password as seller_p5_6_,
        sellerenti0_.seller_phonenum as seller_p6_6_ 
    from
        seller sellerenti0_ 
    where
        sellerenti0_.seller_id_email=?
Hibernate: 
    select
        sellerenti0_.seller_key as seller_k1_6_,
        sellerenti0_.shop_key as shop_key7_6_,
        sellerenti0_.isgrant as isgrant2_6_,
        sellerenti0_.seller_id_email as seller_i3_6_,
        sellerenti0_.seller_name as seller_n4_6_,
        sellerenti0_.seller_password as seller_p5_6_,
        sellerenti0_.seller_phonenum as seller_p6_6_ 
    from
        seller sellerenti0_ 
    where
        sellerenti0_.seller_id_email=?
2023-11-22 09:23:40.758 TRACE 28752 --- [    Test worker] o.h.type.descriptor.sql.BasicBinder      : binding parameter [1] as [VARCHAR] - [ajou@gmail.com]
2023-11-22 09:23:40.948 DEBUG 28752 --- [    Test worker] org.hibernate.SQL                        : 
    select
        accesstoke0_.token as token1_0_0_,
        accesstoke0_.seller_key as seller_k2_0_0_ 
    from
        access_token accesstoke0_ 
    where
        accesstoke0_.token=?
Hibernate: 
    select
        accesstoke0_.token as token1_0_0_,
        accesstoke0_.seller_key as seller_k2_0_0_ 
    from
        access_token accesstoke0_ 
    where
        accesstoke0_.token=?
2023-11-22 09:23:40.949 TRACE 28752 --- [    Test worker] o.h.type.descriptor.sql.BasicBinder      : binding parameter [1] as [VARCHAR] - [cca0e59a-0e19-4580-a69e-a9803b6026df]
2023-11-22 09:23:40.963 DEBUG 28752 --- [    Test worker] org.hibernate.SQL                        : 
    insert 
    into
        access_token
        (seller_key, token) 
    values
        (?, ?)
Hibernate: 
    insert 
    into
        access_token
        (seller_key, token) 
    values
        (?, ?)
2023-11-22 09:23:40.964 TRACE 28752 --- [    Test worker] o.h.type.descriptor.sql.BasicBinder      : binding parameter [1] as [INTEGER] - [123456789]
2023-11-22 09:23:40.965 TRACE 28752 --- [    Test worker] o.h.type.descriptor.sql.BasicBinder      : binding parameter [2] as [VARCHAR] - [cca0e59a-0e19-4580-a69e-a9803b6026df]
2023-11-22 09:23:40.977 DEBUG 28752 --- [    Test worker] org.hibernate.SQL                        : 
    select
        accesstoke0_.token as token1_0_,
        accesstoke0_.seller_key as seller_k2_0_ 
    from
        access_token accesstoke0_ 
    where
        accesstoke0_.token=?
Hibernate: 
    select
        accesstoke0_.token as token1_0_,
        accesstoke0_.seller_key as seller_k2_0_ 
    from
        access_token accesstoke0_ 
    where
        accesstoke0_.token=?
2023-11-22 09:23:40.978 TRACE 28752 --- [    Test worker] o.h.type.descriptor.sql.BasicBinder      : binding parameter [1] as [VARCHAR] - [cca0e59a-0e19-4580-a69e-a9803b6026df]
2023-11-22 09:23:41.039  INFO 28752 --- [    Test worker] o.s.t.c.transaction.TransactionContext   : Rolled back transaction for test: [DefaultTestContext@3fd93330 testClass = SellerServiceTest, testInstance = net.prescent.service.SellerServiceTest@2e1c3b8f, testMethod = loginSuccessTest@SellerServiceTest, testException = [null], mergedContextConfiguration = [WebMergedContextConfiguration@5f804b36 testClass = SellerServiceTest, locations = '{}', classes = '{class net.prescent.PreScentApplication}', contextInitializerClasses = '[]', activeProfiles = '{}', propertySourceLocations = '{}', propertySourceProperties = '{org.springframework.boot.test.context.SpringBootTestContextBootstrapper=true}', contextCustomizers = set[org.springframework.boot.test.autoconfigure.actuate.metrics.MetricsExportContextCustomizerFactory$DisableMetricExportContextCustomizer@26a4842b, org.springframework.boot.test.autoconfigure.properties.PropertyMappingContextCustomizer@0, org.springframework.boot.test.autoconfigure.web.servlet.WebDriverContextCustomizerFactory$Customizer@7e3060d8, org.springframework.boot.test.context.filter.ExcludeFilterContextCustomizer@47dbb1e2, org.springframework.boot.test.json.DuplicateJsonObjectContextCustomizerFactory$DuplicateJsonObjectContextCustomizer@6d24ffa1, org.springframework.boot.test.mock.mockito.MockitoContextCustomizer@0, org.springframework.boot.test.web.client.TestRestTemplateContextCustomizer@5ddabb18, org.springframework.boot.test.web.reactive.server.WebTestClientContextCustomizer@28d6290, org.springframework.boot.test.context.SpringBootTestArgs@1, org.springframework.boot.test.context.SpringBootTestWebEnvironment@3e2059ae], resourceBasePath = 'src/main/webapp', contextLoader = 'org.springframework.boot.test.context.SpringBootContextLoader', parent = [null]], attributes = map['org.springframework.test.context.web.ServletTestExecutionListener.activateListener' -> true, 'org.springframework.test.context.web.ServletTestExecutionListener.populatedRequestContextHolder' -> true, 'org.springframework.test.context.web.ServletTestExecutionListener.resetRequestContextHolder' -> true, 'org.springframework.test.context.event.ApplicationEventsTestExecutionListener.recordApplicationEvents' -> false]]
2023-11-22 09:23:41.056  INFO 28752 --- [    Test worker] o.s.t.c.transaction.TransactionContext   : Began transaction (1) for test context [DefaultTestContext@3fd93330 testClass = SellerServiceTest, testInstance = net.prescent.service.SellerServiceTest@17d5138, testMethod = loginFailureWrongIdTest@SellerServiceTest, testException = [null], mergedContextConfiguration = [WebMergedContextConfiguration@5f804b36 testClass = SellerServiceTest, locations = '{}', classes = '{class net.prescent.PreScentApplication}', contextInitializerClasses = '[]', activeProfiles = '{}', propertySourceLocations = '{}', propertySourceProperties = '{org.springframework.boot.test.context.SpringBootTestContextBootstrapper=true}', contextCustomizers = set[org.springframework.boot.test.autoconfigure.actuate.metrics.MetricsExportContextCustomizerFactory$DisableMetricExportContextCustomizer@26a4842b, org.springframework.boot.test.autoconfigure.properties.PropertyMappingContextCustomizer@0, org.springframework.boot.test.autoconfigure.web.servlet.WebDriverContextCustomizerFactory$Customizer@7e3060d8, org.springframework.boot.test.context.filter.ExcludeFilterContextCustomizer@47dbb1e2, org.springframework.boot.test.json.DuplicateJsonObjectContextCustomizerFactory$DuplicateJsonObjectContextCustomizer@6d24ffa1, org.springframework.boot.test.mock.mockito.MockitoContextCustomizer@0, org.springframework.boot.test.web.client.TestRestTemplateContextCustomizer@5ddabb18, org.springframework.boot.test.web.reactive.server.WebTestClientContextCustomizer@28d6290, org.springframework.boot.test.context.SpringBootTestArgs@1, org.springframework.boot.test.context.SpringBootTestWebEnvironment@3e2059ae], resourceBasePath = 'src/main/webapp', contextLoader = 'org.springframework.boot.test.context.SpringBootContextLoader', parent = [null]], attributes = map['org.springframework.test.context.web.ServletTestExecutionListener.activateListener' -> true, 'org.springframework.test.context.web.ServletTestExecutionListener.populatedRequestContextHolder' -> true, 'org.springframework.test.context.web.ServletTestExecutionListener.resetRequestContextHolder' -> true, 'org.springframework.test.context.event.ApplicationEventsTestExecutionListener.recordApplicationEvents' -> false]]; transaction manager [org.springframework.orm.jpa.JpaTransactionManager@5f92e5eb]; rollback [true]
2023-11-22 09:23:41.060 DEBUG 28752 --- [    Test worker] org.hibernate.SQL                        : 
    delete 
    from
        seller
Hibernate: 
    delete 
    from
        seller
2023-11-22 09:23:41.072 DEBUG 28752 --- [    Test worker] org.hibernate.SQL                        : 
    select
        sellerenti0_.seller_key as seller_k1_6_,
        sellerenti0_.shop_key as shop_key7_6_,
        sellerenti0_.isgrant as isgrant2_6_,
        sellerenti0_.seller_id_email as seller_i3_6_,
        sellerenti0_.seller_name as seller_n4_6_,
        sellerenti0_.seller_password as seller_p5_6_,
        sellerenti0_.seller_phonenum as seller_p6_6_ 
    from
        seller sellerenti0_ 
    where
        sellerenti0_.seller_key=?
Hibernate: 
    select
        sellerenti0_.seller_key as seller_k1_6_,
        sellerenti0_.shop_key as shop_key7_6_,
        sellerenti0_.isgrant as isgrant2_6_,
        sellerenti0_.seller_id_email as seller_i3_6_,
        sellerenti0_.seller_name as seller_n4_6_,
        sellerenti0_.seller_password as seller_p5_6_,
        sellerenti0_.seller_phonenum as seller_p6_6_ 
    from
        seller sellerenti0_ 
    where
        sellerenti0_.seller_key=?
2023-11-22 09:23:41.073 TRACE 28752 --- [    Test worker] o.h.type.descriptor.sql.BasicBinder      : binding parameter [1] as [INTEGER] - [123456789]
2023-11-22 09:23:41.271 DEBUG 28752 --- [    Test worker] org.hibernate.SQL                        : 
    select
        sellerenti0_.seller_key as seller_k1_6_0_,
        sellerenti0_.shop_key as shop_key7_6_0_,
        sellerenti0_.isgrant as isgrant2_6_0_,
        sellerenti0_.seller_id_email as seller_i3_6_0_,
        sellerenti0_.seller_name as seller_n4_6_0_,
        sellerenti0_.seller_password as seller_p5_6_0_,
        sellerenti0_.seller_phonenum as seller_p6_6_0_ 
    from
        seller sellerenti0_ 
    where
        sellerenti0_.seller_key=?
Hibernate: 
    select
        sellerenti0_.seller_key as seller_k1_6_0_,
        sellerenti0_.shop_key as shop_key7_6_0_,
        sellerenti0_.isgrant as isgrant2_6_0_,
        sellerenti0_.seller_id_email as seller_i3_6_0_,
        sellerenti0_.seller_name as seller_n4_6_0_,
        sellerenti0_.seller_password as seller_p5_6_0_,
        sellerenti0_.seller_phonenum as seller_p6_6_0_ 
    from
        seller sellerenti0_ 
    where
        sellerenti0_.seller_key=?
2023-11-22 09:23:41.272 TRACE 28752 --- [    Test worker] o.h.type.descriptor.sql.BasicBinder      : binding parameter [1] as [INTEGER] - [123456789]
2023-11-22 09:23:41.284 DEBUG 28752 --- [    Test worker] org.hibernate.SQL                        : 
    insert 
    into
        seller
        (shop_key, isgrant, seller_id_email, seller_name, seller_password, seller_phonenum, seller_key) 
    values
        (?, ?, ?, ?, ?, ?, ?)
Hibernate: 
    insert 
    into
        seller
        (shop_key, isgrant, seller_id_email, seller_name, seller_password, seller_phonenum, seller_key) 
    values
        (?, ?, ?, ?, ?, ?, ?)
2023-11-22 09:23:41.285 TRACE 28752 --- [    Test worker] o.h.type.descriptor.sql.BasicBinder      : binding parameter [1] as [INTEGER] - [null]
2023-11-22 09:23:41.285 TRACE 28752 --- [    Test worker] o.h.type.descriptor.sql.BasicBinder      : binding parameter [2] as [INTEGER] - [null]
2023-11-22 09:23:41.285 TRACE 28752 --- [    Test worker] o.h.type.descriptor.sql.BasicBinder      : binding parameter [3] as [VARCHAR] - [ajou@gmail.com]
2023-11-22 09:23:41.285 TRACE 28752 --- [    Test worker] o.h.type.descriptor.sql.BasicBinder      : binding parameter [4] as [VARCHAR] - [suhyeon]
2023-11-22 09:23:41.285 TRACE 28752 --- [    Test worker] o.h.type.descriptor.sql.BasicBinder      : binding parameter [5] as [VARCHAR] - [$2a$10$UtPk7RbiHwHY2a/96AHnlO/xKrTFq9F1ldl3IcH2vufrefMBiKxgG]
2023-11-22 09:23:41.285 TRACE 28752 --- [    Test worker] o.h.type.descriptor.sql.BasicBinder      : binding parameter [6] as [VARCHAR] - [010-1111-2222]
2023-11-22 09:23:41.285 TRACE 28752 --- [    Test worker] o.h.type.descriptor.sql.BasicBinder      : binding parameter [7] as [INTEGER] - [123456789]
2023-11-22 09:23:41.294 DEBUG 28752 --- [    Test worker] org.hibernate.SQL                        : 
    select
        sellerenti0_.seller_key as seller_k1_6_,
        sellerenti0_.shop_key as shop_key7_6_,
        sellerenti0_.isgrant as isgrant2_6_,
        sellerenti0_.seller_id_email as seller_i3_6_,
        sellerenti0_.seller_name as seller_n4_6_,
        sellerenti0_.seller_password as seller_p5_6_,
        sellerenti0_.seller_phonenum as seller_p6_6_ 
    from
        seller sellerenti0_ 
    where
        sellerenti0_.seller_id_email=?
Hibernate: 
    select
        sellerenti0_.seller_key as seller_k1_6_,
        sellerenti0_.shop_key as shop_key7_6_,
        sellerenti0_.isgrant as isgrant2_6_,
        sellerenti0_.seller_id_email as seller_i3_6_,
        sellerenti0_.seller_name as seller_n4_6_,
        sellerenti0_.seller_password as seller_p5_6_,
        sellerenti0_.seller_phonenum as seller_p6_6_ 
    from
        seller sellerenti0_ 
    where
        sellerenti0_.seller_id_email=?
2023-11-22 09:23:41.295 TRACE 28752 --- [    Test worker] o.h.type.descriptor.sql.BasicBinder      : binding parameter [1] as [VARCHAR] - [wrongemail@gmail.com]
2023-11-22 09:23:41.325  INFO 28752 --- [    Test worker] o.s.t.c.transaction.TransactionContext   : Rolled back transaction for test: [DefaultTestContext@3fd93330 testClass = SellerServiceTest, testInstance = net.prescent.service.SellerServiceTest@17d5138, testMethod = loginFailureWrongIdTest@SellerServiceTest, testException = [null], mergedContextConfiguration = [WebMergedContextConfiguration@5f804b36 testClass = SellerServiceTest, locations = '{}', classes = '{class net.prescent.PreScentApplication}', contextInitializerClasses = '[]', activeProfiles = '{}', propertySourceLocations = '{}', propertySourceProperties = '{org.springframework.boot.test.context.SpringBootTestContextBootstrapper=true}', contextCustomizers = set[org.springframework.boot.test.autoconfigure.actuate.metrics.MetricsExportContextCustomizerFactory$DisableMetricExportContextCustomizer@26a4842b, org.springframework.boot.test.autoconfigure.properties.PropertyMappingContextCustomizer@0, org.springframework.boot.test.autoconfigure.web.servlet.WebDriverContextCustomizerFactory$Customizer@7e3060d8, org.springframework.boot.test.context.filter.ExcludeFilterContextCustomizer@47dbb1e2, org.springframework.boot.test.json.DuplicateJsonObjectContextCustomizerFactory$DuplicateJsonObjectContextCustomizer@6d24ffa1, org.springframework.boot.test.mock.mockito.MockitoContextCustomizer@0, org.springframework.boot.test.web.client.TestRestTemplateContextCustomizer@5ddabb18, org.springframework.boot.test.web.reactive.server.WebTestClientContextCustomizer@28d6290, org.springframework.boot.test.context.SpringBootTestArgs@1, org.springframework.boot.test.context.SpringBootTestWebEnvironment@3e2059ae], resourceBasePath = 'src/main/webapp', contextLoader = 'org.springframework.boot.test.context.SpringBootContextLoader', parent = [null]], attributes = map['org.springframework.test.context.web.ServletTestExecutionListener.activateListener' -> true, 'org.springframework.test.context.web.ServletTestExecutionListener.populatedRequestContextHolder' -> true, 'org.springframework.test.context.web.ServletTestExecutionListener.resetRequestContextHolder' -> true, 'org.springframework.test.context.event.ApplicationEventsTestExecutionListener.recordApplicationEvents' -> false]]
]]></system-out>
  <system-err><![CDATA[]]></system-err>
</testsuite>
