<?xml version="1.0" encoding="UTF-8"?>
<testsuite name="net.prescent.service.FinishedProductEntityServiceTest" tests="1" skipped="0" failures="0" errors="0" timestamp="2023-11-25T16:20:23" hostname="DESKTOP-KHMF9AU" time="0.68">
  <properties/>
  <testcase name="완제품 등록" classname="net.prescent.service.FinishedProductEntityServiceTest" time="0.68"/>
  <system-out><![CDATA[2023-11-26 01:20:23.361  INFO 10304 --- [    Test worker] .b.t.c.SpringBootTestContextBootstrapper : Neither @ContextConfiguration nor @ContextHierarchy found for test class [net.prescent.service.FinishedProductEntityServiceTest], using SpringBootContextLoader
2023-11-26 01:20:23.362  INFO 10304 --- [    Test worker] o.s.t.c.support.AbstractContextLoader    : Could not detect default resource locations for test class [net.prescent.service.FinishedProductEntityServiceTest]: no resource found for suffixes {-context.xml, Context.groovy}.
2023-11-26 01:20:23.362  INFO 10304 --- [    Test worker] t.c.s.AnnotationConfigContextLoaderUtils : Could not detect default configuration classes for test class [net.prescent.service.FinishedProductEntityServiceTest]: FinishedProductEntityServiceTest does not declare any static, non-private, non-final, nested classes annotated with @Configuration.
2023-11-26 01:20:23.364  INFO 10304 --- [    Test worker] .b.t.c.SpringBootTestContextBootstrapper : Found @SpringBootConfiguration net.prescent.PreScentApplication for test class net.prescent.service.FinishedProductEntityServiceTest
2023-11-26 01:20:23.365  INFO 10304 --- [    Test worker] .b.t.c.SpringBootTestContextBootstrapper : Loaded default TestExecutionListener class names from location [META-INF/spring.factories]: [org.springframework.security.test.context.support.WithSecurityContextTestExecutionListener, org.springframework.security.test.context.support.ReactorContextTestExecutionListener, org.springframework.boot.test.autoconfigure.restdocs.RestDocsTestExecutionListener, org.springframework.boot.test.autoconfigure.web.client.MockRestServiceServerResetTestExecutionListener, org.springframework.boot.test.autoconfigure.web.servlet.MockMvcPrintOnlyOnFailureTestExecutionListener, org.springframework.boot.test.autoconfigure.web.servlet.WebDriverTestExecutionListener, org.springframework.boot.test.autoconfigure.webservices.client.MockWebServiceServerTestExecutionListener, org.springframework.boot.test.mock.mockito.MockitoTestExecutionListener, org.springframework.boot.test.mock.mockito.ResetMocksTestExecutionListener, org.springframework.test.context.web.ServletTestExecutionListener, org.springframework.test.context.support.DirtiesContextBeforeModesTestExecutionListener, org.springframework.test.context.event.ApplicationEventsTestExecutionListener, org.springframework.test.context.support.DependencyInjectionTestExecutionListener, org.springframework.test.context.support.DirtiesContextTestExecutionListener, org.springframework.test.context.transaction.TransactionalTestExecutionListener, org.springframework.test.context.jdbc.SqlScriptsTestExecutionListener, org.springframework.test.context.event.EventPublishingTestExecutionListener]
2023-11-26 01:20:23.366  INFO 10304 --- [    Test worker] .b.t.c.SpringBootTestContextBootstrapper : Using TestExecutionListeners: [org.springframework.test.context.web.ServletTestExecutionListener@3a21ad, org.springframework.test.context.support.DirtiesContextBeforeModesTestExecutionListener@1179fad, org.springframework.test.context.event.ApplicationEventsTestExecutionListener@fa1b1a, org.springframework.boot.test.mock.mockito.MockitoTestExecutionListener@fffb53, org.springframework.boot.test.autoconfigure.SpringBootDependencyInjectionTestExecutionListener@18b93a8, org.springframework.test.context.support.DirtiesContextTestExecutionListener@8c9083, org.springframework.test.context.transaction.TransactionalTestExecutionListener@547a83, org.springframework.test.context.jdbc.SqlScriptsTestExecutionListener@13e2039, org.springframework.security.test.context.support.WithSecurityContextTestExecutionListener@87f025, org.springframework.test.context.event.EventPublishingTestExecutionListener@f570be, org.springframework.security.test.context.support.ReactorContextTestExecutionListener@1329d81, org.springframework.boot.test.autoconfigure.restdocs.RestDocsTestExecutionListener@1574d76, org.springframework.boot.test.autoconfigure.web.client.MockRestServiceServerResetTestExecutionListener@6a9fe1, org.springframework.boot.test.autoconfigure.web.servlet.MockMvcPrintOnlyOnFailureTestExecutionListener@1cf64d2, org.springframework.boot.test.autoconfigure.web.servlet.WebDriverTestExecutionListener@bc3e7f, org.springframework.boot.test.autoconfigure.webservices.client.MockWebServiceServerTestExecutionListener@159fbe3, org.springframework.boot.test.mock.mockito.ResetMocksTestExecutionListener@1c0e6be]
2023-11-26 01:20:23.403  INFO 10304 --- [    Test worker] o.s.t.c.transaction.TransactionContext   : Began transaction (1) for test context [DefaultTestContext@193aa46 testClass = FinishedProductEntityServiceTest, testInstance = net.prescent.service.FinishedProductEntityServiceTest@10381cd, testMethod = testAddFinishedProduct@FinishedProductEntityServiceTest, testException = [null], mergedContextConfiguration = [WebMergedContextConfiguration@b006bd testClass = FinishedProductEntityServiceTest, locations = '{}', classes = '{class net.prescent.PreScentApplication}', contextInitializerClasses = '[]', activeProfiles = '{}', propertySourceLocations = '{}', propertySourceProperties = '{org.springframework.boot.test.context.SpringBootTestContextBootstrapper=true}', contextCustomizers = set[org.springframework.boot.test.autoconfigure.actuate.metrics.MetricsExportContextCustomizerFactory$DisableMetricExportContextCustomizer@1e58f16, org.springframework.boot.test.autoconfigure.properties.PropertyMappingContextCustomizer@0, org.springframework.boot.test.autoconfigure.web.servlet.WebDriverContextCustomizerFactory$Customizer@1b3bc45, org.springframework.boot.test.context.filter.ExcludeFilterContextCustomizer@62c01e, org.springframework.boot.test.json.DuplicateJsonObjectContextCustomizerFactory$DuplicateJsonObjectContextCustomizer@157c287, org.springframework.boot.test.mock.mockito.MockitoContextCustomizer@0, org.springframework.boot.test.web.client.TestRestTemplateContextCustomizer@1071df8, org.springframework.boot.test.context.SpringBootTestArgs@1, org.springframework.boot.test.context.SpringBootTestWebEnvironment@3631f8], resourceBasePath = 'src/main/webapp', contextLoader = 'org.springframework.boot.test.context.SpringBootContextLoader', parent = [null]], attributes = map['org.springframework.test.context.web.ServletTestExecutionListener.activateListener' -> true, 'org.springframework.test.context.web.ServletTestExecutionListener.populatedRequestContextHolder' -> true, 'org.springframework.test.context.web.ServletTestExecutionListener.resetRequestContextHolder' -> true, 'org.springframework.test.context.event.ApplicationEventsTestExecutionListener.recordApplicationEvents' -> false]]; transaction manager [org.springframework.orm.jpa.JpaTransactionManager@1d776ac]; rollback [true]
2023-11-26 01:20:23.409 DEBUG 10304 --- [    Test worker] org.hibernate.SQL                        : 
    delete 
    from
        finished_product
Hibernate: 
    delete 
    from
        finished_product
2023-11-26 01:20:23.443 DEBUG 10304 --- [    Test worker] org.hibernate.SQL                        : 
    select
        sellerenti0_.seller_key as seller_k1_4_,
        sellerenti0_.shop_key as shop_key7_4_,
        sellerenti0_.isgrant as isgrant2_4_,
        sellerenti0_.seller_id_email as seller_i3_4_,
        sellerenti0_.seller_name as seller_n4_4_,
        sellerenti0_.seller_password as seller_p5_4_,
        sellerenti0_.seller_phonenum as seller_p6_4_ 
    from
        seller sellerenti0_ 
    where
        sellerenti0_.seller_key=?
Hibernate: 
    select
        sellerenti0_.seller_key as seller_k1_4_,
        sellerenti0_.shop_key as shop_key7_4_,
        sellerenti0_.isgrant as isgrant2_4_,
        sellerenti0_.seller_id_email as seller_i3_4_,
        sellerenti0_.seller_name as seller_n4_4_,
        sellerenti0_.seller_password as seller_p5_4_,
        sellerenti0_.seller_phonenum as seller_p6_4_ 
    from
        seller sellerenti0_ 
    where
        sellerenti0_.seller_key=?
2023-11-26 01:20:23.443 TRACE 10304 --- [    Test worker] o.h.type.descriptor.sql.BasicBinder      : binding parameter [1] as [INTEGER] - [12345678]
2023-11-26 01:20:23.546 DEBUG 10304 --- [    Test worker] org.hibernate.SQL                        : 
    select
        sellerenti0_.seller_key as seller_k1_4_0_,
        sellerenti0_.shop_key as shop_key7_4_0_,
        sellerenti0_.isgrant as isgrant2_4_0_,
        sellerenti0_.seller_id_email as seller_i3_4_0_,
        sellerenti0_.seller_name as seller_n4_4_0_,
        sellerenti0_.seller_password as seller_p5_4_0_,
        sellerenti0_.seller_phonenum as seller_p6_4_0_ 
    from
        seller sellerenti0_ 
    where
        sellerenti0_.seller_key=?
Hibernate: 
    select
        sellerenti0_.seller_key as seller_k1_4_0_,
        sellerenti0_.shop_key as shop_key7_4_0_,
        sellerenti0_.isgrant as isgrant2_4_0_,
        sellerenti0_.seller_id_email as seller_i3_4_0_,
        sellerenti0_.seller_name as seller_n4_4_0_,
        sellerenti0_.seller_password as seller_p5_4_0_,
        sellerenti0_.seller_phonenum as seller_p6_4_0_ 
    from
        seller sellerenti0_ 
    where
        sellerenti0_.seller_key=?
2023-11-26 01:20:23.546 TRACE 10304 --- [    Test worker] o.h.type.descriptor.sql.BasicBinder      : binding parameter [1] as [INTEGER] - [12345678]
2023-11-26 01:20:23.589 DEBUG 10304 --- [    Test worker] org.hibernate.SQL                        : 
    insert 
    into
        seller
        (shop_key, isgrant, seller_id_email, seller_name, seller_password, seller_phonenum, seller_key) 
    values
        (?, ?, ?, ?, ?, ?, ?)
Hibernate: 
    insert 
    into
        seller
        (shop_key, isgrant, seller_id_email, seller_name, seller_password, seller_phonenum, seller_key) 
    values
        (?, ?, ?, ?, ?, ?, ?)
2023-11-26 01:20:23.590 TRACE 10304 --- [    Test worker] o.h.type.descriptor.sql.BasicBinder      : binding parameter [1] as [INTEGER] - [null]
2023-11-26 01:20:23.590 TRACE 10304 --- [    Test worker] o.h.type.descriptor.sql.BasicBinder      : binding parameter [2] as [INTEGER] - [null]
2023-11-26 01:20:23.590 TRACE 10304 --- [    Test worker] o.h.type.descriptor.sql.BasicBinder      : binding parameter [3] as [VARCHAR] - [ajou@gmail.com]
2023-11-26 01:20:23.590 TRACE 10304 --- [    Test worker] o.h.type.descriptor.sql.BasicBinder      : binding parameter [4] as [VARCHAR] - [suhyeon]
2023-11-26 01:20:23.590 TRACE 10304 --- [    Test worker] o.h.type.descriptor.sql.BasicBinder      : binding parameter [5] as [VARCHAR] - [$2a$10$Egb5k6e/hVu1j53m0WbGhexuJTEOobPHXMu95aJQxqr1sn8lBtjJW]
2023-11-26 01:20:23.590 TRACE 10304 --- [    Test worker] o.h.type.descriptor.sql.BasicBinder      : binding parameter [6] as [VARCHAR] - [010-1111-2222]
2023-11-26 01:20:23.590 TRACE 10304 --- [    Test worker] o.h.type.descriptor.sql.BasicBinder      : binding parameter [7] as [INTEGER] - [12345678]
2023-11-26 01:20:23.626 DEBUG 10304 --- [    Test worker] org.hibernate.SQL                        : 
    select
        sellerenti0_.seller_key as seller_k1_4_,
        sellerenti0_.shop_key as shop_key7_4_,
        sellerenti0_.isgrant as isgrant2_4_,
        sellerenti0_.seller_id_email as seller_i3_4_,
        sellerenti0_.seller_name as seller_n4_4_,
        sellerenti0_.seller_password as seller_p5_4_,
        sellerenti0_.seller_phonenum as seller_p6_4_ 
    from
        seller sellerenti0_ 
    where
        sellerenti0_.seller_key=?
Hibernate: 
    select
        sellerenti0_.seller_key as seller_k1_4_,
        sellerenti0_.shop_key as shop_key7_4_,
        sellerenti0_.isgrant as isgrant2_4_,
        sellerenti0_.seller_id_email as seller_i3_4_,
        sellerenti0_.seller_name as seller_n4_4_,
        sellerenti0_.seller_password as seller_p5_4_,
        sellerenti0_.seller_phonenum as seller_p6_4_ 
    from
        seller sellerenti0_ 
    where
        sellerenti0_.seller_key=?
2023-11-26 01:20:23.627 TRACE 10304 --- [    Test worker] o.h.type.descriptor.sql.BasicBinder      : binding parameter [1] as [INTEGER] - [12345678]
ajou@gmail.comsuhyeon-----------------------------------


2023-11-26 01:20:23.668 DEBUG 10304 --- [    Test worker] org.hibernate.SQL                        : 
    insert 
    into
        flower_shop
        (close_hour, close_minute, description, is_opened, is_sub, open_hour, open_minute, shop_location, shop_name, shop_phone_num, workday) 
    values
        (?, ?, ?, ?, ?, ?, ?, ?, ?, ?, ?)
Hibernate: 
    insert 
    into
        flower_shop
        (close_hour, close_minute, description, is_opened, is_sub, open_hour, open_minute, shop_location, shop_name, shop_phone_num, workday) 
    values
        (?, ?, ?, ?, ?, ?, ?, ?, ?, ?, ?)
2023-11-26 01:20:23.668 TRACE 10304 --- [    Test worker] o.h.type.descriptor.sql.BasicBinder      : binding parameter [1] as [INTEGER] - [20]
2023-11-26 01:20:23.668 TRACE 10304 --- [    Test worker] o.h.type.descriptor.sql.BasicBinder      : binding parameter [2] as [INTEGER] - [0]
2023-11-26 01:20:23.668 TRACE 10304 --- [    Test worker] o.h.type.descriptor.sql.BasicBinder      : binding parameter [3] as [VARCHAR] - [안녕하세요 디스크립션 입니다.]
2023-11-26 01:20:23.668 TRACE 10304 --- [    Test worker] o.h.type.descriptor.sql.BasicBinder      : binding parameter [4] as [BOOLEAN] - [true]
2023-11-26 01:20:23.669 TRACE 10304 --- [    Test worker] o.h.type.descriptor.sql.BasicBinder      : binding parameter [5] as [BOOLEAN] - [false]
2023-11-26 01:20:23.669 TRACE 10304 --- [    Test worker] o.h.type.descriptor.sql.BasicBinder      : binding parameter [6] as [INTEGER] - [10]
2023-11-26 01:20:23.669 TRACE 10304 --- [    Test worker] o.h.type.descriptor.sql.BasicBinder      : binding parameter [7] as [INTEGER] - [0]
2023-11-26 01:20:23.669 TRACE 10304 --- [    Test worker] o.h.type.descriptor.sql.BasicBinder      : binding parameter [8] as [VARCHAR] - [suwon city]
2023-11-26 01:20:23.669 TRACE 10304 --- [    Test worker] o.h.type.descriptor.sql.BasicBinder      : binding parameter [9] as [VARCHAR] - [it's me]
2023-11-26 01:20:23.669 TRACE 10304 --- [    Test worker] o.h.type.descriptor.sql.BasicBinder      : binding parameter [10] as [VARCHAR] - [031-308-8223]
2023-11-26 01:20:23.669 TRACE 10304 --- [    Test worker] o.h.type.descriptor.sql.BasicBinder      : binding parameter [11] as [VARBINARY] - [[Ljava.lang.String;@c2b4c6]
ajou@gmail.comsuhyeonit's me-----------------------------------


2023-11-26 01:20:23.709 DEBUG 10304 --- [    Test worker] org.hibernate.SQL                        : 
    select
        flowershop0_.shop_key as shop_key1_2_,
        flowershop0_.close_hour as close_ho2_2_,
        flowershop0_.close_minute as close_mi3_2_,
        flowershop0_.description as descript4_2_,
        flowershop0_.is_opened as is_opene5_2_,
        flowershop0_.is_sub as is_sub6_2_,
        flowershop0_.open_hour as open_hou7_2_,
        flowershop0_.open_minute as open_min8_2_,
        flowershop0_.shop_location as shop_loc9_2_,
        flowershop0_.shop_name as shop_na10_2_,
        flowershop0_.shop_phone_num as shop_ph11_2_,
        flowershop0_.workday as workday12_2_ 
    from
        flower_shop flowershop0_ 
    where
        flowershop0_.shop_key=?
Hibernate: 
    select
        flowershop0_.shop_key as shop_key1_2_,
        flowershop0_.close_hour as close_ho2_2_,
        flowershop0_.close_minute as close_mi3_2_,
        flowershop0_.description as descript4_2_,
        flowershop0_.is_opened as is_opene5_2_,
        flowershop0_.is_sub as is_sub6_2_,
        flowershop0_.open_hour as open_hou7_2_,
        flowershop0_.open_minute as open_min8_2_,
        flowershop0_.shop_location as shop_loc9_2_,
        flowershop0_.shop_name as shop_na10_2_,
        flowershop0_.shop_phone_num as shop_ph11_2_,
        flowershop0_.workday as workday12_2_ 
    from
        flower_shop flowershop0_ 
    where
        flowershop0_.shop_key=?
2023-11-26 01:20:23.709 TRACE 10304 --- [    Test worker] o.h.type.descriptor.sql.BasicBinder      : binding parameter [1] as [INTEGER] - [7]
DtoToEntity내부 fpImage가 비어있습니다 ******************************
2023-11-26 01:20:23.748 DEBUG 10304 --- [    Test worker] org.hibernate.SQL                        : 
    select
        flowershop0_.shop_key as shop_key1_2_,
        flowershop0_.close_hour as close_ho2_2_,
        flowershop0_.close_minute as close_mi3_2_,
        flowershop0_.description as descript4_2_,
        flowershop0_.is_opened as is_opene5_2_,
        flowershop0_.is_sub as is_sub6_2_,
        flowershop0_.open_hour as open_hou7_2_,
        flowershop0_.open_minute as open_min8_2_,
        flowershop0_.shop_location as shop_loc9_2_,
        flowershop0_.shop_name as shop_na10_2_,
        flowershop0_.shop_phone_num as shop_ph11_2_,
        flowershop0_.workday as workday12_2_ 
    from
        flower_shop flowershop0_ 
    where
        flowershop0_.shop_key=?
Hibernate: 
    select
        flowershop0_.shop_key as shop_key1_2_,
        flowershop0_.close_hour as close_ho2_2_,
        flowershop0_.close_minute as close_mi3_2_,
        flowershop0_.description as descript4_2_,
        flowershop0_.is_opened as is_opene5_2_,
        flowershop0_.is_sub as is_sub6_2_,
        flowershop0_.open_hour as open_hou7_2_,
        flowershop0_.open_minute as open_min8_2_,
        flowershop0_.shop_location as shop_loc9_2_,
        flowershop0_.shop_name as shop_na10_2_,
        flowershop0_.shop_phone_num as shop_ph11_2_,
        flowershop0_.workday as workday12_2_ 
    from
        flower_shop flowershop0_ 
    where
        flowershop0_.shop_key=?
2023-11-26 01:20:23.749 TRACE 10304 --- [    Test worker] o.h.type.descriptor.sql.BasicBinder      : binding parameter [1] as [INTEGER] - [7]
---------------------------------in addFinishedProductToShop foundFlowerShopEntity.get()전
---------------------------------in addFinishedProductToShop foundFlowerShopEntity.get()후7
---------------------------------in addFinishedProductToShop setFlowershopEntity후net.prescent.entity.FinishedProductEntity@14b9b85
shopKey 값 : 7--------------------------------------------
fpName 값 : 장미꽃다발--------------------------------------------
fpTag 값 : 연인--------------------------------------------
fpPrice 값 : 20000--------------------------------------------
fpDetail 값 : null--------------------------------------------
fpFlowerList 값 : [Ljava.lang.String;@79a7c1--------------------------------------------
2023-11-26 01:20:23.789 DEBUG 10304 --- [    Test worker] org.hibernate.SQL                        : 
    insert 
    into
        finished_product
        (shop_key, fp_detail, fp_flower_list, fp_image, fp_name, fp_price, fp_state, fp_tag) 
    values
        (?, ?, ?, ?, ?, ?, ?, ?)
Hibernate: 
    insert 
    into
        finished_product
        (shop_key, fp_detail, fp_flower_list, fp_image, fp_name, fp_price, fp_state, fp_tag) 
    values
        (?, ?, ?, ?, ?, ?, ?, ?)
2023-11-26 01:20:23.789 TRACE 10304 --- [    Test worker] o.h.type.descriptor.sql.BasicBinder      : binding parameter [1] as [INTEGER] - [7]
2023-11-26 01:20:23.789 TRACE 10304 --- [    Test worker] o.h.type.descriptor.sql.BasicBinder      : binding parameter [2] as [VARCHAR] - [null]
2023-11-26 01:20:23.789 TRACE 10304 --- [    Test worker] o.h.type.descriptor.sql.BasicBinder      : binding parameter [3] as [VARBINARY] - [[Ljava.lang.String;@1e6531a]
2023-11-26 01:20:23.789 TRACE 10304 --- [    Test worker] o.h.type.descriptor.sql.BasicBinder      : binding parameter [4] as [BLOB] - [null]
2023-11-26 01:20:23.789 TRACE 10304 --- [    Test worker] o.h.type.descriptor.sql.BasicBinder      : binding parameter [5] as [VARCHAR] - [장미꽃다발]
2023-11-26 01:20:23.790 TRACE 10304 --- [    Test worker] o.h.type.descriptor.sql.BasicBinder      : binding parameter [6] as [INTEGER] - [20000]
2023-11-26 01:20:23.790 TRACE 10304 --- [    Test worker] o.h.type.descriptor.sql.BasicBinder      : binding parameter [7] as [BOOLEAN] - [true]
2023-11-26 01:20:23.790 TRACE 10304 --- [    Test worker] o.h.type.descriptor.sql.BasicBinder      : binding parameter [8] as [VARCHAR] - [연인]
---------------------------------in addFinishedProductToShop save끝
2023-11-26 01:20:23.885 DEBUG 10304 --- [    Test worker] org.hibernate.SQL                        : 
    update
        seller 
    set
        shop_key=?,
        isgrant=?,
        seller_id_email=?,
        seller_name=?,
        seller_password=?,
        seller_phonenum=? 
    where
        seller_key=?
Hibernate: 
    update
        seller 
    set
        shop_key=?,
        isgrant=?,
        seller_id_email=?,
        seller_name=?,
        seller_password=?,
        seller_phonenum=? 
    where
        seller_key=?
2023-11-26 01:20:23.886 TRACE 10304 --- [    Test worker] o.h.type.descriptor.sql.BasicBinder      : binding parameter [1] as [INTEGER] - [7]
2023-11-26 01:20:23.886 TRACE 10304 --- [    Test worker] o.h.type.descriptor.sql.BasicBinder      : binding parameter [2] as [INTEGER] - [null]
2023-11-26 01:20:23.886 TRACE 10304 --- [    Test worker] o.h.type.descriptor.sql.BasicBinder      : binding parameter [3] as [VARCHAR] - [ajou@gmail.com]
2023-11-26 01:20:23.886 TRACE 10304 --- [    Test worker] o.h.type.descriptor.sql.BasicBinder      : binding parameter [4] as [VARCHAR] - [suhyeon]
2023-11-26 01:20:23.886 TRACE 10304 --- [    Test worker] o.h.type.descriptor.sql.BasicBinder      : binding parameter [5] as [VARCHAR] - [$2a$10$Egb5k6e/hVu1j53m0WbGhexuJTEOobPHXMu95aJQxqr1sn8lBtjJW]
2023-11-26 01:20:23.886 TRACE 10304 --- [    Test worker] o.h.type.descriptor.sql.BasicBinder      : binding parameter [6] as [VARCHAR] - [010-1111-2222]
2023-11-26 01:20:23.886 TRACE 10304 --- [    Test worker] o.h.type.descriptor.sql.BasicBinder      : binding parameter [7] as [INTEGER] - [12345678]
2023-11-26 01:20:23.929 DEBUG 10304 --- [    Test worker] org.hibernate.SQL                        : 
    select
        finishedpr0_.fp_key as fp_key1_1_,
        finishedpr0_.shop_key as shop_key9_1_,
        finishedpr0_.fp_detail as fp_detai2_1_,
        finishedpr0_.fp_flower_list as fp_flowe3_1_,
        finishedpr0_.fp_image as fp_image4_1_,
        finishedpr0_.fp_name as fp_name5_1_,
        finishedpr0_.fp_price as fp_price6_1_,
        finishedpr0_.fp_state as fp_state7_1_,
        finishedpr0_.fp_tag as fp_tag8_1_ 
    from
        finished_product finishedpr0_ 
    where
        finishedpr0_.fp_key=?
Hibernate: 
    select
        finishedpr0_.fp_key as fp_key1_1_,
        finishedpr0_.shop_key as shop_key9_1_,
        finishedpr0_.fp_detail as fp_detai2_1_,
        finishedpr0_.fp_flower_list as fp_flowe3_1_,
        finishedpr0_.fp_image as fp_image4_1_,
        finishedpr0_.fp_name as fp_name5_1_,
        finishedpr0_.fp_price as fp_price6_1_,
        finishedpr0_.fp_state as fp_state7_1_,
        finishedpr0_.fp_tag as fp_tag8_1_ 
    from
        finished_product finishedpr0_ 
    where
        finishedpr0_.fp_key=?
2023-11-26 01:20:23.930 TRACE 10304 --- [    Test worker] o.h.type.descriptor.sql.BasicBinder      : binding parameter [1] as [INTEGER] - [5]
2023-11-26 01:20:24.047  INFO 10304 --- [    Test worker] o.s.t.c.transaction.TransactionContext   : Rolled back transaction for test: [DefaultTestContext@193aa46 testClass = FinishedProductEntityServiceTest, testInstance = net.prescent.service.FinishedProductEntityServiceTest@10381cd, testMethod = testAddFinishedProduct@FinishedProductEntityServiceTest, testException = [null], mergedContextConfiguration = [WebMergedContextConfiguration@b006bd testClass = FinishedProductEntityServiceTest, locations = '{}', classes = '{class net.prescent.PreScentApplication}', contextInitializerClasses = '[]', activeProfiles = '{}', propertySourceLocations = '{}', propertySourceProperties = '{org.springframework.boot.test.context.SpringBootTestContextBootstrapper=true}', contextCustomizers = set[org.springframework.boot.test.autoconfigure.actuate.metrics.MetricsExportContextCustomizerFactory$DisableMetricExportContextCustomizer@1e58f16, org.springframework.boot.test.autoconfigure.properties.PropertyMappingContextCustomizer@0, org.springframework.boot.test.autoconfigure.web.servlet.WebDriverContextCustomizerFactory$Customizer@1b3bc45, org.springframework.boot.test.context.filter.ExcludeFilterContextCustomizer@62c01e, org.springframework.boot.test.json.DuplicateJsonObjectContextCustomizerFactory$DuplicateJsonObjectContextCustomizer@157c287, org.springframework.boot.test.mock.mockito.MockitoContextCustomizer@0, org.springframework.boot.test.web.client.TestRestTemplateContextCustomizer@1071df8, org.springframework.boot.test.context.SpringBootTestArgs@1, org.springframework.boot.test.context.SpringBootTestWebEnvironment@3631f8], resourceBasePath = 'src/main/webapp', contextLoader = 'org.springframework.boot.test.context.SpringBootContextLoader', parent = [null]], attributes = map['org.springframework.test.context.web.ServletTestExecutionListener.activateListener' -> true, 'org.springframework.test.context.web.ServletTestExecutionListener.populatedRequestContextHolder' -> true, 'org.springframework.test.context.web.ServletTestExecutionListener.resetRequestContextHolder' -> true, 'org.springframework.test.context.event.ApplicationEventsTestExecutionListener.recordApplicationEvents' -> false]]
]]></system-out>
  <system-err><![CDATA[]]></system-err>
</testsuite>
