<?xml version="1.0" encoding="UTF-8"?>
<testsuite name="net.prescent.service.UserServiceTest" tests="7" skipped="0" failures="0" errors="0" timestamp="2023-11-26T06:32:20" hostname="LAPTOP-Q5F6TAOM" time="2.554">
  <properties/>
  <testcase name="판매자 등록 테스트" classname="net.prescent.service.UserServiceTest" time="0.802"/>
  <testcase name="등록된 판매자 테스트" classname="net.prescent.service.UserServiceTest" time="0.148"/>
  <testcase name="등록된 고객 테스트" classname="net.prescent.service.UserServiceTest" time="0.138"/>
  <testcase name="로그인 토큰 테스트" classname="net.prescent.service.UserServiceTest" time="0.248"/>
  <testcase name="고객 등록 테스트" classname="net.prescent.service.UserServiceTest" time="0.231"/>
  <testcase name="로그인 실패 테스트" classname="net.prescent.service.UserServiceTest" time="0.517"/>
  <testcase name="로그아웃 테스트" classname="net.prescent.service.UserServiceTest" time="0.462"/>
  <system-out><![CDATA[15:32:07.753 [Test worker] DEBUG org.springframework.test.context.BootstrapUtils - Instantiating CacheAwareContextLoaderDelegate from class [org.springframework.test.context.cache.DefaultCacheAwareContextLoaderDelegate]
15:32:07.772 [Test worker] DEBUG org.springframework.test.context.BootstrapUtils - Instantiating BootstrapContext using constructor [public org.springframework.test.context.support.DefaultBootstrapContext(java.lang.Class,org.springframework.test.context.CacheAwareContextLoaderDelegate)]
15:32:07.832 [Test worker] DEBUG org.springframework.test.context.BootstrapUtils - Instantiating TestContextBootstrapper for test class [net.prescent.service.UserServiceTest] from class [org.springframework.boot.test.context.SpringBootTestContextBootstrapper]
15:32:07.856 [Test worker] INFO org.springframework.boot.test.context.SpringBootTestContextBootstrapper - Neither @ContextConfiguration nor @ContextHierarchy found for test class [net.prescent.service.UserServiceTest], using SpringBootContextLoader
15:32:07.868 [Test worker] DEBUG org.springframework.test.context.support.AbstractContextLoader - Did not detect default resource location for test class [net.prescent.service.UserServiceTest]: class path resource [net/prescent/service/UserServiceTest-context.xml] does not exist
15:32:07.870 [Test worker] DEBUG org.springframework.test.context.support.AbstractContextLoader - Did not detect default resource location for test class [net.prescent.service.UserServiceTest]: class path resource [net/prescent/service/UserServiceTestContext.groovy] does not exist
15:32:07.870 [Test worker] INFO org.springframework.test.context.support.AbstractContextLoader - Could not detect default resource locations for test class [net.prescent.service.UserServiceTest]: no resource found for suffixes {-context.xml, Context.groovy}.
15:32:07.873 [Test worker] INFO org.springframework.test.context.support.AnnotationConfigContextLoaderUtils - Could not detect default configuration classes for test class [net.prescent.service.UserServiceTest]: UserServiceTest does not declare any static, non-private, non-final, nested classes annotated with @Configuration.
15:32:07.982 [Test worker] DEBUG org.springframework.test.context.support.ActiveProfilesUtils - Could not find an 'annotation declaring class' for annotation type [org.springframework.test.context.ActiveProfiles] and class [net.prescent.service.UserServiceTest]
15:32:08.113 [Test worker] DEBUG org.springframework.context.annotation.ClassPathScanningCandidateComponentProvider - Identified candidate component class: file [C:\Users\user\IdeaProjects\PreScent_sc23\build\classes\java\main\net\prescent\PreScentApplication.class]
15:32:08.116 [Test worker] INFO org.springframework.boot.test.context.SpringBootTestContextBootstrapper - Found @SpringBootConfiguration net.prescent.PreScentApplication for test class net.prescent.service.UserServiceTest
15:32:08.312 [Test worker] DEBUG org.springframework.boot.test.context.SpringBootTestContextBootstrapper - @TestExecutionListeners is not present for class [net.prescent.service.UserServiceTest]: using defaults.
15:32:08.312 [Test worker] INFO org.springframework.boot.test.context.SpringBootTestContextBootstrapper - Loaded default TestExecutionListener class names from location [META-INF/spring.factories]: [org.springframework.security.test.context.support.WithSecurityContextTestExecutionListener, org.springframework.security.test.context.support.ReactorContextTestExecutionListener, org.springframework.boot.test.autoconfigure.restdocs.RestDocsTestExecutionListener, org.springframework.boot.test.autoconfigure.web.client.MockRestServiceServerResetTestExecutionListener, org.springframework.boot.test.autoconfigure.web.servlet.MockMvcPrintOnlyOnFailureTestExecutionListener, org.springframework.boot.test.autoconfigure.web.servlet.WebDriverTestExecutionListener, org.springframework.boot.test.autoconfigure.webservices.client.MockWebServiceServerTestExecutionListener, org.springframework.boot.test.mock.mockito.MockitoTestExecutionListener, org.springframework.boot.test.mock.mockito.ResetMocksTestExecutionListener, org.springframework.test.context.web.ServletTestExecutionListener, org.springframework.test.context.support.DirtiesContextBeforeModesTestExecutionListener, org.springframework.test.context.event.ApplicationEventsTestExecutionListener, org.springframework.test.context.support.DependencyInjectionTestExecutionListener, org.springframework.test.context.support.DirtiesContextTestExecutionListener, org.springframework.test.context.transaction.TransactionalTestExecutionListener, org.springframework.test.context.jdbc.SqlScriptsTestExecutionListener, org.springframework.test.context.event.EventPublishingTestExecutionListener]
15:32:08.342 [Test worker] INFO org.springframework.boot.test.context.SpringBootTestContextBootstrapper - Using TestExecutionListeners: [org.springframework.test.context.web.ServletTestExecutionListener@79c3f01f, org.springframework.test.context.support.DirtiesContextBeforeModesTestExecutionListener@6c2f1700, org.springframework.test.context.event.ApplicationEventsTestExecutionListener@350b3a17, org.springframework.boot.test.mock.mockito.MockitoTestExecutionListener@38600b, org.springframework.boot.test.autoconfigure.SpringBootDependencyInjectionTestExecutionListener@669d2b1b, org.springframework.test.context.support.DirtiesContextTestExecutionListener@721eb7df, org.springframework.test.context.transaction.TransactionalTestExecutionListener@1ea9f009, org.springframework.test.context.jdbc.SqlScriptsTestExecutionListener@5d52e3ef, org.springframework.security.test.context.support.WithSecurityContextTestExecutionListener@5298dead, org.springframework.test.context.event.EventPublishingTestExecutionListener@553f3b6e, org.springframework.security.test.context.support.ReactorContextTestExecutionListener@4c7a078, org.springframework.boot.test.autoconfigure.restdocs.RestDocsTestExecutionListener@4e406694, org.springframework.boot.test.autoconfigure.web.client.MockRestServiceServerResetTestExecutionListener@5ab9b447, org.springframework.boot.test.autoconfigure.web.servlet.MockMvcPrintOnlyOnFailureTestExecutionListener@76f10035, org.springframework.boot.test.autoconfigure.web.servlet.WebDriverTestExecutionListener@4f8caaf3, org.springframework.boot.test.autoconfigure.webservices.client.MockWebServiceServerTestExecutionListener@2b50150, org.springframework.boot.test.mock.mockito.ResetMocksTestExecutionListener@15b986cd]
15:32:08.349 [Test worker] DEBUG org.springframework.test.context.support.AbstractDirtiesContextTestExecutionListener - Before test class: context [DefaultTestContext@48d7ad8b testClass = UserServiceTest, testInstance = [null], testMethod = [null], testException = [null], mergedContextConfiguration = [WebMergedContextConfiguration@7e053511 testClass = UserServiceTest, locations = '{}', classes = '{class net.prescent.PreScentApplication}', contextInitializerClasses = '[]', activeProfiles = '{}', propertySourceLocations = '{}', propertySourceProperties = '{org.springframework.boot.test.context.SpringBootTestContextBootstrapper=true}', contextCustomizers = set[org.springframework.boot.test.autoconfigure.actuate.metrics.MetricsExportContextCustomizerFactory$DisableMetricExportContextCustomizer@4763c727, org.springframework.boot.test.autoconfigure.properties.PropertyMappingContextCustomizer@0, org.springframework.boot.test.autoconfigure.web.servlet.WebDriverContextCustomizerFactory$Customizer@6b54655f, org.springframework.boot.test.context.filter.ExcludeFilterContextCustomizer@350ec41e, org.springframework.boot.test.json.DuplicateJsonObjectContextCustomizerFactory$DuplicateJsonObjectContextCustomizer@277f7dd3, org.springframework.boot.test.mock.mockito.MockitoContextCustomizer@0, org.springframework.boot.test.web.client.TestRestTemplateContextCustomizer@3fc9dfc5, org.springframework.boot.test.web.reactive.server.WebTestClientContextCustomizer@58bf8650, org.springframework.boot.test.context.SpringBootTestArgs@1, org.springframework.boot.test.context.SpringBootTestWebEnvironment@6e15fe2], resourceBasePath = 'src/main/webapp', contextLoader = 'org.springframework.boot.test.context.SpringBootContextLoader', parent = [null]], attributes = map['org.springframework.test.context.web.ServletTestExecutionListener.activateListener' -> true]], class annotated with @DirtiesContext [false] with mode [null].

  .   ____          _            __ _ _
 /\\ / ___'_ __ _ _(_)_ __  __ _ \ \ \ \
( ( )\___ | '_ | '_| | '_ \/ _` | \ \ \ \
 \\/  ___)| |_)| | | | | || (_| |  ) ) ) )
  '  |____| .__|_| |_|_| |_\__, | / / / /
 =========|_|==============|___/=/_/_/_/
 :: Spring Boot ::               (v2.7.17)

2023-11-26 15:32:08.913  INFO 20284 --- [    Test worker] net.prescent.service.UserServiceTest     : Starting UserServiceTest using Java 11.0.21 on LAPTOP-Q5F6TAOM with PID 20284 (started by soohyeon in C:\Users\user\IdeaProjects\PreScent_sc23)
2023-11-26 15:32:08.915  INFO 20284 --- [    Test worker] net.prescent.service.UserServiceTest     : No active profile set, falling back to 1 default profile: "default"
2023-11-26 15:32:10.482  INFO 20284 --- [    Test worker] .s.d.r.c.RepositoryConfigurationDelegate : Bootstrapping Spring Data JPA repositories in DEFAULT mode.
2023-11-26 15:32:10.814  INFO 20284 --- [    Test worker] .s.d.r.c.RepositoryConfigurationDelegate : Finished Spring Data repository scanning in 315 ms. Found 7 JPA repository interfaces.
2023-11-26 15:32:11.900  INFO 20284 --- [    Test worker] o.hibernate.jpa.internal.util.LogHelper  : HHH000204: Processing PersistenceUnitInfo [name: default]
2023-11-26 15:32:11.996  INFO 20284 --- [    Test worker] org.hibernate.Version                    : HHH000412: Hibernate ORM core version 5.6.15.Final
2023-11-26 15:32:12.310  INFO 20284 --- [    Test worker] o.hibernate.annotations.common.Version   : HCANN000001: Hibernate Commons Annotations {5.1.2.Final}
2023-11-26 15:32:12.556  INFO 20284 --- [    Test worker] com.zaxxer.hikari.HikariDataSource       : HikariPool-1 - Starting...
2023-11-26 15:32:12.881  INFO 20284 --- [    Test worker] com.zaxxer.hikari.HikariDataSource       : HikariPool-1 - Start completed.
2023-11-26 15:32:12.909  INFO 20284 --- [    Test worker] org.hibernate.dialect.Dialect            : HHH000400: Using dialect: org.hibernate.dialect.MySQL5InnoDBDialect
2023-11-26 15:32:14.113 DEBUG 20284 --- [    Test worker] org.hibernate.SQL                        : 
    
    create table access_token (
       token varchar(255) not null,
        user_key integer,
        primary key (token)
    ) engine=InnoDB
Hibernate: 
    
    create table access_token (
       token varchar(255) not null,
        user_key integer,
        primary key (token)
    ) engine=InnoDB
2023-11-26 15:32:14.153 DEBUG 20284 --- [    Test worker] org.hibernate.SQL                        : 
    
    create table cart (
       id integer not null auto_increment,
        count integer,
        create_date date,
        customer_id integer,
        primary key (id)
    ) engine=InnoDB
Hibernate: 
    
    create table cart (
       id integer not null auto_increment,
        count integer,
        create_date date,
        customer_id integer,
        primary key (id)
    ) engine=InnoDB
2023-11-26 15:32:14.188 DEBUG 20284 --- [    Test worker] org.hibernate.SQL                        : 
    
    create table cart_item_entity (
       id integer not null auto_increment,
        count integer not null,
        cart_id integer,
        finished_product_id integer,
        primary key (id)
    ) engine=InnoDB
Hibernate: 
    
    create table cart_item_entity (
       id integer not null auto_increment,
        count integer not null,
        cart_id integer,
        finished_product_id integer,
        primary key (id)
    ) engine=InnoDB
2023-11-26 15:32:14.216 DEBUG 20284 --- [    Test worker] org.hibernate.SQL                        : 
    
    create table customer (
       id_email varchar(255) not null,
        location varchar(255),
        name varchar(255) not null,
        phonenum varchar(255) not null,
        user_key integer not null,
        cart_id integer,
        primary key (user_key)
    ) engine=InnoDB
Hibernate: 
    
    create table customer (
       id_email varchar(255) not null,
        location varchar(255),
        name varchar(255) not null,
        phonenum varchar(255) not null,
        user_key integer not null,
        cart_id integer,
        primary key (user_key)
    ) engine=InnoDB
2023-11-26 15:32:14.243 DEBUG 20284 --- [    Test worker] org.hibernate.SQL                        : 
    
    create table finished_product (
       fp_key integer not null auto_increment,
        fp_flower_list tinyblob,
        fp_image varchar(255),
        fp_name varchar(255) not null,
        fp_price integer not null,
        fp_state bit not null,
        fp_tag varchar(255),
        shop_key integer not null,
        cart_id integer,
        flower_shop_shop_key integer,
        primary key (fp_key)
    ) engine=InnoDB
Hibernate: 
    
    create table finished_product (
       fp_key integer not null auto_increment,
        fp_flower_list tinyblob,
        fp_image varchar(255),
        fp_name varchar(255) not null,
        fp_price integer not null,
        fp_state bit not null,
        fp_tag varchar(255),
        shop_key integer not null,
        cart_id integer,
        flower_shop_shop_key integer,
        primary key (fp_key)
    ) engine=InnoDB
2023-11-26 15:32:14.274 DEBUG 20284 --- [    Test worker] org.hibernate.SQL                        : 
    
    create table flower_shop (
       shop_key integer not null auto_increment,
        holiday tinyblob,
        is_opened bit not null,
        is_sub bit not null,
        opening_hours tinyblob,
        shop_location varchar(255) not null,
        shop_name varchar(255) not null,
        shop_phone_num varchar(255) not null,
        primary key (shop_key)
    ) engine=InnoDB
Hibernate: 
    
    create table flower_shop (
       shop_key integer not null auto_increment,
        holiday tinyblob,
        is_opened bit not null,
        is_sub bit not null,
        opening_hours tinyblob,
        shop_location varchar(255) not null,
        shop_name varchar(255) not null,
        shop_phone_num varchar(255) not null,
        primary key (shop_key)
    ) engine=InnoDB
2023-11-26 15:32:14.303 DEBUG 20284 --- [    Test worker] org.hibernate.SQL                        : 
    
    create table seller (
       business_key integer not null,
        id_email varchar(255) not null,
        isgrant integer,
        name varchar(255) not null,
        phonenum varchar(255) not null,
        user_key integer not null,
        shop_key integer,
        primary key (user_key)
    ) engine=InnoDB
Hibernate: 
    
    create table seller (
       business_key integer not null,
        id_email varchar(255) not null,
        isgrant integer,
        name varchar(255) not null,
        phonenum varchar(255) not null,
        user_key integer not null,
        shop_key integer,
        primary key (user_key)
    ) engine=InnoDB
2023-11-26 15:32:14.330 DEBUG 20284 --- [    Test worker] org.hibernate.SQL                        : 
    
    create table user_entity (
       user_key integer not null auto_increment,
        password varchar(255) not null,
        primary key (user_key)
    ) engine=InnoDB
Hibernate: 
    
    create table user_entity (
       user_key integer not null auto_increment,
        password varchar(255) not null,
        primary key (user_key)
    ) engine=InnoDB
2023-11-26 15:32:14.374 DEBUG 20284 --- [    Test worker] org.hibernate.SQL                        : 
    
    alter table customer 
       drop index UK_3xcv0g401x16py00oedb32pgt
Hibernate: 
    
    alter table customer 
       drop index UK_3xcv0g401x16py00oedb32pgt
2023-11-26 15:32:14.396 DEBUG 20284 --- [    Test worker] org.hibernate.SQL                        : 
    
    alter table customer 
       add constraint UK_3xcv0g401x16py00oedb32pgt unique (id_email)
Hibernate: 
    
    alter table customer 
       add constraint UK_3xcv0g401x16py00oedb32pgt unique (id_email)
2023-11-26 15:32:14.422 DEBUG 20284 --- [    Test worker] org.hibernate.SQL                        : 
    
    alter table seller 
       drop index UK_be4ri2ia2jg33qnxhfw8bddv0
Hibernate: 
    
    alter table seller 
       drop index UK_be4ri2ia2jg33qnxhfw8bddv0
2023-11-26 15:32:14.434 DEBUG 20284 --- [    Test worker] org.hibernate.SQL                        : 
    
    alter table seller 
       add constraint UK_be4ri2ia2jg33qnxhfw8bddv0 unique (id_email)
Hibernate: 
    
    alter table seller 
       add constraint UK_be4ri2ia2jg33qnxhfw8bddv0 unique (id_email)
2023-11-26 15:32:14.457 DEBUG 20284 --- [    Test worker] org.hibernate.SQL                        : 
    
    alter table access_token 
       add constraint FKf9slm2vx5k3davoy4vdpakmxj 
       foreign key (user_key) 
       references user_entity (user_key)
Hibernate: 
    
    alter table access_token 
       add constraint FKf9slm2vx5k3davoy4vdpakmxj 
       foreign key (user_key) 
       references user_entity (user_key)
2023-11-26 15:32:14.512 DEBUG 20284 --- [    Test worker] org.hibernate.SQL                        : 
    
    alter table cart 
       add constraint FKdebwvad6pp1ekiqy5jtixqbaj 
       foreign key (customer_id) 
       references customer (user_key)
Hibernate: 
    
    alter table cart 
       add constraint FKdebwvad6pp1ekiqy5jtixqbaj 
       foreign key (customer_id) 
       references customer (user_key)
2023-11-26 15:32:14.562 DEBUG 20284 --- [    Test worker] org.hibernate.SQL                        : 
    
    alter table cart_item_entity 
       add constraint FKfa4xkyk605e8tvc6o2sicnqqm 
       foreign key (cart_id) 
       references cart (id)
Hibernate: 
    
    alter table cart_item_entity 
       add constraint FKfa4xkyk605e8tvc6o2sicnqqm 
       foreign key (cart_id) 
       references cart (id)
2023-11-26 15:32:14.616 DEBUG 20284 --- [    Test worker] org.hibernate.SQL                        : 
    
    alter table cart_item_entity 
       add constraint FK35h4a5sesffjnb8mutpcx8y4s 
       foreign key (finished_product_id) 
       references finished_product (fp_key)
Hibernate: 
    
    alter table cart_item_entity 
       add constraint FK35h4a5sesffjnb8mutpcx8y4s 
       foreign key (finished_product_id) 
       references finished_product (fp_key)
2023-11-26 15:32:14.670 DEBUG 20284 --- [    Test worker] org.hibernate.SQL                        : 
    
    alter table customer 
       add constraint FKam4cgy6fxmjm52m8otoph84m3 
       foreign key (cart_id) 
       references cart (id)
Hibernate: 
    
    alter table customer 
       add constraint FKam4cgy6fxmjm52m8otoph84m3 
       foreign key (cart_id) 
       references cart (id)
2023-11-26 15:32:14.728 DEBUG 20284 --- [    Test worker] org.hibernate.SQL                        : 
    
    alter table customer 
       add constraint FK13fx0e911h6xla2fe9jihe2xa 
       foreign key (user_key) 
       references user_entity (user_key)
Hibernate: 
    
    alter table customer 
       add constraint FK13fx0e911h6xla2fe9jihe2xa 
       foreign key (user_key) 
       references user_entity (user_key)
2023-11-26 15:32:14.846 DEBUG 20284 --- [    Test worker] org.hibernate.SQL                        : 
    
    alter table finished_product 
       add constraint FK6yg0pdyo0cagemg12vs2qs5vh 
       foreign key (cart_id) 
       references cart (id)
Hibernate: 
    
    alter table finished_product 
       add constraint FK6yg0pdyo0cagemg12vs2qs5vh 
       foreign key (cart_id) 
       references cart (id)
2023-11-26 15:32:14.903 DEBUG 20284 --- [    Test worker] org.hibernate.SQL                        : 
    
    alter table finished_product 
       add constraint FKgj44fog60wjf94g3u3n1uw8s4 
       foreign key (flower_shop_shop_key) 
       references flower_shop (shop_key)
Hibernate: 
    
    alter table finished_product 
       add constraint FKgj44fog60wjf94g3u3n1uw8s4 
       foreign key (flower_shop_shop_key) 
       references flower_shop (shop_key)
2023-11-26 15:32:14.964 DEBUG 20284 --- [    Test worker] org.hibernate.SQL                        : 
    
    alter table seller 
       add constraint FKrauya28j52vpj8225cytg4s3w 
       foreign key (shop_key) 
       references flower_shop (shop_key)
Hibernate: 
    
    alter table seller 
       add constraint FKrauya28j52vpj8225cytg4s3w 
       foreign key (shop_key) 
       references flower_shop (shop_key)
2023-11-26 15:32:15.053 DEBUG 20284 --- [    Test worker] org.hibernate.SQL                        : 
    
    alter table seller 
       add constraint FKrcwjp19daas10lcfrvcjd8nvq 
       foreign key (user_key) 
       references user_entity (user_key)
Hibernate: 
    
    alter table seller 
       add constraint FKrcwjp19daas10lcfrvcjd8nvq 
       foreign key (user_key) 
       references user_entity (user_key)
2023-11-26 15:32:15.133  INFO 20284 --- [    Test worker] o.h.e.t.j.p.i.JtaPlatformInitiator       : HHH000490: Using JtaPlatform implementation: [org.hibernate.engine.transaction.jta.platform.internal.NoJtaPlatform]
2023-11-26 15:32:15.148  INFO 20284 --- [    Test worker] j.LocalContainerEntityManagerFactoryBean : Initialized JPA EntityManagerFactory for persistence unit 'default'
2023-11-26 15:32:16.321  WARN 20284 --- [    Test worker] .s.s.UserDetailsServiceAutoConfiguration : 

Using generated security password: fbee8d82-097e-45f3-9ec8-0a6816812fac

This generated password is for development use only. Your security configuration must be updated before running your application in production.

2023-11-26 15:32:16.681  INFO 20284 --- [    Test worker] o.s.s.web.DefaultSecurityFilterChain     : Will secure any request with [org.springframework.security.web.session.DisableEncodeUrlFilter@32029cd, org.springframework.security.web.context.request.async.WebAsyncManagerIntegrationFilter@48f95f96, org.springframework.security.web.context.SecurityContextPersistenceFilter@1d1da00b, org.springframework.security.web.header.HeaderWriterFilter@3445ddf2, org.springframework.web.filter.CorsFilter@55bafbc1, org.springframework.security.web.authentication.logout.LogoutFilter@45430a27, net.prescent.security.CustomAuthenticationFilter@24bc06dd, org.springframework.security.web.savedrequest.RequestCacheAwareFilter@b867869, org.springframework.security.web.servletapi.SecurityContextHolderAwareRequestFilter@7b6b8cea, org.springframework.security.web.authentication.AnonymousAuthenticationFilter@26d02dc6, org.springframework.security.web.session.SessionManagementFilter@74159dc9, org.springframework.security.web.access.ExceptionTranslationFilter@47d0195b, org.springframework.security.web.access.intercept.FilterSecurityInterceptor@16eb01d4]
2023-11-26 15:32:17.598  WARN 20284 --- [    Test worker] JpaBaseConfiguration$JpaWebConfiguration : spring.jpa.open-in-view is enabled by default. Therefore, database queries may be performed during view rendering. Explicitly configure spring.jpa.open-in-view to disable this warning
2023-11-26 15:32:20.595  INFO 20284 --- [    Test worker] net.prescent.service.UserServiceTest     : Started UserServiceTest in 12.196 seconds (JVM running for 14.91)
2023-11-26 15:32:20.664  INFO 20284 --- [    Test worker] o.s.t.c.transaction.TransactionContext   : Began transaction (1) for test context [DefaultTestContext@48d7ad8b testClass = UserServiceTest, testInstance = net.prescent.service.UserServiceTest@1d0590bc, testMethod = testRegisterSeller@UserServiceTest, testException = [null], mergedContextConfiguration = [WebMergedContextConfiguration@7e053511 testClass = UserServiceTest, locations = '{}', classes = '{class net.prescent.PreScentApplication}', contextInitializerClasses = '[]', activeProfiles = '{}', propertySourceLocations = '{}', propertySourceProperties = '{org.springframework.boot.test.context.SpringBootTestContextBootstrapper=true}', contextCustomizers = set[org.springframework.boot.test.autoconfigure.actuate.metrics.MetricsExportContextCustomizerFactory$DisableMetricExportContextCustomizer@4763c727, org.springframework.boot.test.autoconfigure.properties.PropertyMappingContextCustomizer@0, org.springframework.boot.test.autoconfigure.web.servlet.WebDriverContextCustomizerFactory$Customizer@6b54655f, org.springframework.boot.test.context.filter.ExcludeFilterContextCustomizer@350ec41e, org.springframework.boot.test.json.DuplicateJsonObjectContextCustomizerFactory$DuplicateJsonObjectContextCustomizer@277f7dd3, org.springframework.boot.test.mock.mockito.MockitoContextCustomizer@0, org.springframework.boot.test.web.client.TestRestTemplateContextCustomizer@3fc9dfc5, org.springframework.boot.test.web.reactive.server.WebTestClientContextCustomizer@58bf8650, org.springframework.boot.test.context.SpringBootTestArgs@1, org.springframework.boot.test.context.SpringBootTestWebEnvironment@6e15fe2], resourceBasePath = 'src/main/webapp', contextLoader = 'org.springframework.boot.test.context.SpringBootContextLoader', parent = [null]], attributes = map['org.springframework.test.context.web.ServletTestExecutionListener.activateListener' -> true, 'org.springframework.test.context.web.ServletTestExecutionListener.populatedRequestContextHolder' -> true, 'org.springframework.test.context.web.ServletTestExecutionListener.resetRequestContextHolder' -> true, 'org.springframework.test.context.event.ApplicationEventsTestExecutionListener.recordApplicationEvents' -> false]]; transaction manager [org.springframework.orm.jpa.JpaTransactionManager@9d4d221]; rollback [true]
2023-11-26 15:32:21.056 DEBUG 20284 --- [    Test worker] org.hibernate.SQL                        : 
    select
        customeren0_.user_key as user_key1_7_,
        customeren0_1_.password as password2_7_,
        customeren0_.cart_id as cart_id6_3_,
        customeren0_.id_email as id_email1_3_,
        customeren0_.location as location2_3_,
        customeren0_.name as name3_3_,
        customeren0_.phonenum as phonenum4_3_ 
    from
        customer customeren0_ 
    inner join
        user_entity customeren0_1_ 
            on customeren0_.user_key=customeren0_1_.user_key
Hibernate: 
    select
        customeren0_.user_key as user_key1_7_,
        customeren0_1_.password as password2_7_,
        customeren0_.cart_id as cart_id6_3_,
        customeren0_.id_email as id_email1_3_,
        customeren0_.location as location2_3_,
        customeren0_.name as name3_3_,
        customeren0_.phonenum as phonenum4_3_ 
    from
        customer customeren0_ 
    inner join
        user_entity customeren0_1_ 
            on customeren0_.user_key=customeren0_1_.user_key
2023-11-26 15:32:21.078 DEBUG 20284 --- [    Test worker] org.hibernate.SQL                        : 
    select
        sellerenti0_.user_key as user_key1_7_,
        sellerenti0_1_.password as password2_7_,
        sellerenti0_.business_key as business1_6_,
        sellerenti0_.shop_key as shop_key7_6_,
        sellerenti0_.id_email as id_email2_6_,
        sellerenti0_.isgrant as isgrant3_6_,
        sellerenti0_.name as name4_6_,
        sellerenti0_.phonenum as phonenum5_6_ 
    from
        seller sellerenti0_ 
    inner join
        user_entity sellerenti0_1_ 
            on sellerenti0_.user_key=sellerenti0_1_.user_key
Hibernate: 
    select
        sellerenti0_.user_key as user_key1_7_,
        sellerenti0_1_.password as password2_7_,
        sellerenti0_.business_key as business1_6_,
        sellerenti0_.shop_key as shop_key7_6_,
        sellerenti0_.id_email as id_email2_6_,
        sellerenti0_.isgrant as isgrant3_6_,
        sellerenti0_.name as name4_6_,
        sellerenti0_.phonenum as phonenum5_6_ 
    from
        seller sellerenti0_ 
    inner join
        user_entity sellerenti0_1_ 
            on sellerenti0_.user_key=sellerenti0_1_.user_key
2023-11-26 15:32:21.121 DEBUG 20284 --- [    Test worker] org.hibernate.SQL                        : 
    select
        sellerenti0_.user_key as user_key1_7_,
        sellerenti0_1_.password as password2_7_,
        sellerenti0_.business_key as business1_6_,
        sellerenti0_.shop_key as shop_key7_6_,
        sellerenti0_.id_email as id_email2_6_,
        sellerenti0_.isgrant as isgrant3_6_,
        sellerenti0_.name as name4_6_,
        sellerenti0_.phonenum as phonenum5_6_ 
    from
        seller sellerenti0_ 
    inner join
        user_entity sellerenti0_1_ 
            on sellerenti0_.user_key=sellerenti0_1_.user_key 
    where
        sellerenti0_.business_key=?
Hibernate: 
    select
        sellerenti0_.user_key as user_key1_7_,
        sellerenti0_1_.password as password2_7_,
        sellerenti0_.business_key as business1_6_,
        sellerenti0_.shop_key as shop_key7_6_,
        sellerenti0_.id_email as id_email2_6_,
        sellerenti0_.isgrant as isgrant3_6_,
        sellerenti0_.name as name4_6_,
        sellerenti0_.phonenum as phonenum5_6_ 
    from
        seller sellerenti0_ 
    inner join
        user_entity sellerenti0_1_ 
            on sellerenti0_.user_key=sellerenti0_1_.user_key 
    where
        sellerenti0_.business_key=?
2023-11-26 15:32:21.126 TRACE 20284 --- [    Test worker] o.h.type.descriptor.sql.BasicBinder      : binding parameter [1] as [INTEGER] - [12345]
2023-11-26 15:32:21.142 DEBUG 20284 --- [    Test worker] org.hibernate.SQL                        : 
    select
        sellerenti0_.user_key as user_key1_7_,
        sellerenti0_1_.password as password2_7_,
        sellerenti0_.business_key as business1_6_,
        sellerenti0_.shop_key as shop_key7_6_,
        sellerenti0_.id_email as id_email2_6_,
        sellerenti0_.isgrant as isgrant3_6_,
        sellerenti0_.name as name4_6_,
        sellerenti0_.phonenum as phonenum5_6_ 
    from
        seller sellerenti0_ 
    inner join
        user_entity sellerenti0_1_ 
            on sellerenti0_.user_key=sellerenti0_1_.user_key 
    where
        sellerenti0_.id_email=?
Hibernate: 
    select
        sellerenti0_.user_key as user_key1_7_,
        sellerenti0_1_.password as password2_7_,
        sellerenti0_.business_key as business1_6_,
        sellerenti0_.shop_key as shop_key7_6_,
        sellerenti0_.id_email as id_email2_6_,
        sellerenti0_.isgrant as isgrant3_6_,
        sellerenti0_.name as name4_6_,
        sellerenti0_.phonenum as phonenum5_6_ 
    from
        seller sellerenti0_ 
    inner join
        user_entity sellerenti0_1_ 
            on sellerenti0_.user_key=sellerenti0_1_.user_key 
    where
        sellerenti0_.id_email=?
2023-11-26 15:32:21.144 TRACE 20284 --- [    Test worker] o.h.type.descriptor.sql.BasicBinder      : binding parameter [1] as [VARCHAR] - [seller@test.com]
2023-11-26 15:32:21.265 DEBUG 20284 --- [    Test worker] org.hibernate.SQL                        : 
    insert 
    into
        user_entity
        (password) 
    values
        (?)
Hibernate: 
    insert 
    into
        user_entity
        (password) 
    values
        (?)
2023-11-26 15:32:21.266 TRACE 20284 --- [    Test worker] o.h.type.descriptor.sql.BasicBinder      : binding parameter [1] as [VARCHAR] - [$2a$10$FhBdtnQ2C/kElcT8OT9Zd.InIYluHXwMqRIc.UTUrks8421WHhT9.]
2023-11-26 15:32:21.282 DEBUG 20284 --- [    Test worker] org.hibernate.SQL                        : 
    insert 
    into
        seller
        (business_key, shop_key, id_email, isgrant, name, phonenum, user_key) 
    values
        (?, ?, ?, ?, ?, ?, ?)
Hibernate: 
    insert 
    into
        seller
        (business_key, shop_key, id_email, isgrant, name, phonenum, user_key) 
    values
        (?, ?, ?, ?, ?, ?, ?)
2023-11-26 15:32:21.284 TRACE 20284 --- [    Test worker] o.h.type.descriptor.sql.BasicBinder      : binding parameter [1] as [INTEGER] - [12345]
2023-11-26 15:32:21.284 TRACE 20284 --- [    Test worker] o.h.type.descriptor.sql.BasicBinder      : binding parameter [2] as [INTEGER] - [null]
2023-11-26 15:32:21.284 TRACE 20284 --- [    Test worker] o.h.type.descriptor.sql.BasicBinder      : binding parameter [3] as [VARCHAR] - [seller@test.com]
2023-11-26 15:32:21.284 TRACE 20284 --- [    Test worker] o.h.type.descriptor.sql.BasicBinder      : binding parameter [4] as [INTEGER] - [null]
2023-11-26 15:32:21.284 TRACE 20284 --- [    Test worker] o.h.type.descriptor.sql.BasicBinder      : binding parameter [5] as [VARCHAR] - [Test Seller]
2023-11-26 15:32:21.285 TRACE 20284 --- [    Test worker] o.h.type.descriptor.sql.BasicBinder      : binding parameter [6] as [VARCHAR] - [010-9876-5432]
2023-11-26 15:32:21.285 TRACE 20284 --- [    Test worker] o.h.type.descriptor.sql.BasicBinder      : binding parameter [7] as [INTEGER] - [1]
2023-11-26 15:32:21.302 DEBUG 20284 --- [    Test worker] org.hibernate.SQL                        : 
    select
        sellerenti0_.user_key as user_key1_7_,
        sellerenti0_1_.password as password2_7_,
        sellerenti0_.business_key as business1_6_,
        sellerenti0_.shop_key as shop_key7_6_,
        sellerenti0_.id_email as id_email2_6_,
        sellerenti0_.isgrant as isgrant3_6_,
        sellerenti0_.name as name4_6_,
        sellerenti0_.phonenum as phonenum5_6_ 
    from
        seller sellerenti0_ 
    inner join
        user_entity sellerenti0_1_ 
            on sellerenti0_.user_key=sellerenti0_1_.user_key 
    where
        sellerenti0_.id_email=?
Hibernate: 
    select
        sellerenti0_.user_key as user_key1_7_,
        sellerenti0_1_.password as password2_7_,
        sellerenti0_.business_key as business1_6_,
        sellerenti0_.shop_key as shop_key7_6_,
        sellerenti0_.id_email as id_email2_6_,
        sellerenti0_.isgrant as isgrant3_6_,
        sellerenti0_.name as name4_6_,
        sellerenti0_.phonenum as phonenum5_6_ 
    from
        seller sellerenti0_ 
    inner join
        user_entity sellerenti0_1_ 
            on sellerenti0_.user_key=sellerenti0_1_.user_key 
    where
        sellerenti0_.id_email=?
2023-11-26 15:32:21.303 TRACE 20284 --- [    Test worker] o.h.type.descriptor.sql.BasicBinder      : binding parameter [1] as [VARCHAR] - [seller@test.com]
2023-11-26 15:32:21.425  INFO 20284 --- [    Test worker] o.s.t.c.transaction.TransactionContext   : Rolled back transaction for test: [DefaultTestContext@48d7ad8b testClass = UserServiceTest, testInstance = net.prescent.service.UserServiceTest@1d0590bc, testMethod = testRegisterSeller@UserServiceTest, testException = [null], mergedContextConfiguration = [WebMergedContextConfiguration@7e053511 testClass = UserServiceTest, locations = '{}', classes = '{class net.prescent.PreScentApplication}', contextInitializerClasses = '[]', activeProfiles = '{}', propertySourceLocations = '{}', propertySourceProperties = '{org.springframework.boot.test.context.SpringBootTestContextBootstrapper=true}', contextCustomizers = set[org.springframework.boot.test.autoconfigure.actuate.metrics.MetricsExportContextCustomizerFactory$DisableMetricExportContextCustomizer@4763c727, org.springframework.boot.test.autoconfigure.properties.PropertyMappingContextCustomizer@0, org.springframework.boot.test.autoconfigure.web.servlet.WebDriverContextCustomizerFactory$Customizer@6b54655f, org.springframework.boot.test.context.filter.ExcludeFilterContextCustomizer@350ec41e, org.springframework.boot.test.json.DuplicateJsonObjectContextCustomizerFactory$DuplicateJsonObjectContextCustomizer@277f7dd3, org.springframework.boot.test.mock.mockito.MockitoContextCustomizer@0, org.springframework.boot.test.web.client.TestRestTemplateContextCustomizer@3fc9dfc5, org.springframework.boot.test.web.reactive.server.WebTestClientContextCustomizer@58bf8650, org.springframework.boot.test.context.SpringBootTestArgs@1, org.springframework.boot.test.context.SpringBootTestWebEnvironment@6e15fe2], resourceBasePath = 'src/main/webapp', contextLoader = 'org.springframework.boot.test.context.SpringBootContextLoader', parent = [null]], attributes = map['org.springframework.test.context.web.ServletTestExecutionListener.activateListener' -> true, 'org.springframework.test.context.web.ServletTestExecutionListener.populatedRequestContextHolder' -> true, 'org.springframework.test.context.web.ServletTestExecutionListener.resetRequestContextHolder' -> true, 'org.springframework.test.context.event.ApplicationEventsTestExecutionListener.recordApplicationEvents' -> false]]
2023-11-26 15:32:21.443  INFO 20284 --- [    Test worker] o.s.t.c.transaction.TransactionContext   : Began transaction (1) for test context [DefaultTestContext@48d7ad8b testClass = UserServiceTest, testInstance = net.prescent.service.UserServiceTest@7e32442d, testMethod = testDuplicateSellerBusinessKeyRegistration@UserServiceTest, testException = [null], mergedContextConfiguration = [WebMergedContextConfiguration@7e053511 testClass = UserServiceTest, locations = '{}', classes = '{class net.prescent.PreScentApplication}', contextInitializerClasses = '[]', activeProfiles = '{}', propertySourceLocations = '{}', propertySourceProperties = '{org.springframework.boot.test.context.SpringBootTestContextBootstrapper=true}', contextCustomizers = set[org.springframework.boot.test.autoconfigure.actuate.metrics.MetricsExportContextCustomizerFactory$DisableMetricExportContextCustomizer@4763c727, org.springframework.boot.test.autoconfigure.properties.PropertyMappingContextCustomizer@0, org.springframework.boot.test.autoconfigure.web.servlet.WebDriverContextCustomizerFactory$Customizer@6b54655f, org.springframework.boot.test.context.filter.ExcludeFilterContextCustomizer@350ec41e, org.springframework.boot.test.json.DuplicateJsonObjectContextCustomizerFactory$DuplicateJsonObjectContextCustomizer@277f7dd3, org.springframework.boot.test.mock.mockito.MockitoContextCustomizer@0, org.springframework.boot.test.web.client.TestRestTemplateContextCustomizer@3fc9dfc5, org.springframework.boot.test.web.reactive.server.WebTestClientContextCustomizer@58bf8650, org.springframework.boot.test.context.SpringBootTestArgs@1, org.springframework.boot.test.context.SpringBootTestWebEnvironment@6e15fe2], resourceBasePath = 'src/main/webapp', contextLoader = 'org.springframework.boot.test.context.SpringBootContextLoader', parent = [null]], attributes = map['org.springframework.test.context.web.ServletTestExecutionListener.activateListener' -> true, 'org.springframework.test.context.web.ServletTestExecutionListener.populatedRequestContextHolder' -> true, 'org.springframework.test.context.web.ServletTestExecutionListener.resetRequestContextHolder' -> true, 'org.springframework.test.context.event.ApplicationEventsTestExecutionListener.recordApplicationEvents' -> false]]; transaction manager [org.springframework.orm.jpa.JpaTransactionManager@9d4d221]; rollback [true]
2023-11-26 15:32:21.445 DEBUG 20284 --- [    Test worker] org.hibernate.SQL                        : 
    select
        customeren0_.user_key as user_key1_7_,
        customeren0_1_.password as password2_7_,
        customeren0_.cart_id as cart_id6_3_,
        customeren0_.id_email as id_email1_3_,
        customeren0_.location as location2_3_,
        customeren0_.name as name3_3_,
        customeren0_.phonenum as phonenum4_3_ 
    from
        customer customeren0_ 
    inner join
        user_entity customeren0_1_ 
            on customeren0_.user_key=customeren0_1_.user_key
Hibernate: 
    select
        customeren0_.user_key as user_key1_7_,
        customeren0_1_.password as password2_7_,
        customeren0_.cart_id as cart_id6_3_,
        customeren0_.id_email as id_email1_3_,
        customeren0_.location as location2_3_,
        customeren0_.name as name3_3_,
        customeren0_.phonenum as phonenum4_3_ 
    from
        customer customeren0_ 
    inner join
        user_entity customeren0_1_ 
            on customeren0_.user_key=customeren0_1_.user_key
2023-11-26 15:32:21.451 DEBUG 20284 --- [    Test worker] org.hibernate.SQL                        : 
    select
        sellerenti0_.user_key as user_key1_7_,
        sellerenti0_1_.password as password2_7_,
        sellerenti0_.business_key as business1_6_,
        sellerenti0_.shop_key as shop_key7_6_,
        sellerenti0_.id_email as id_email2_6_,
        sellerenti0_.isgrant as isgrant3_6_,
        sellerenti0_.name as name4_6_,
        sellerenti0_.phonenum as phonenum5_6_ 
    from
        seller sellerenti0_ 
    inner join
        user_entity sellerenti0_1_ 
            on sellerenti0_.user_key=sellerenti0_1_.user_key
Hibernate: 
    select
        sellerenti0_.user_key as user_key1_7_,
        sellerenti0_1_.password as password2_7_,
        sellerenti0_.business_key as business1_6_,
        sellerenti0_.shop_key as shop_key7_6_,
        sellerenti0_.id_email as id_email2_6_,
        sellerenti0_.isgrant as isgrant3_6_,
        sellerenti0_.name as name4_6_,
        sellerenti0_.phonenum as phonenum5_6_ 
    from
        seller sellerenti0_ 
    inner join
        user_entity sellerenti0_1_ 
            on sellerenti0_.user_key=sellerenti0_1_.user_key
2023-11-26 15:32:21.460 DEBUG 20284 --- [    Test worker] org.hibernate.SQL                        : 
    select
        sellerenti0_.user_key as user_key1_7_,
        sellerenti0_1_.password as password2_7_,
        sellerenti0_.business_key as business1_6_,
        sellerenti0_.shop_key as shop_key7_6_,
        sellerenti0_.id_email as id_email2_6_,
        sellerenti0_.isgrant as isgrant3_6_,
        sellerenti0_.name as name4_6_,
        sellerenti0_.phonenum as phonenum5_6_ 
    from
        seller sellerenti0_ 
    inner join
        user_entity sellerenti0_1_ 
            on sellerenti0_.user_key=sellerenti0_1_.user_key 
    where
        sellerenti0_.business_key=?
Hibernate: 
    select
        sellerenti0_.user_key as user_key1_7_,
        sellerenti0_1_.password as password2_7_,
        sellerenti0_.business_key as business1_6_,
        sellerenti0_.shop_key as shop_key7_6_,
        sellerenti0_.id_email as id_email2_6_,
        sellerenti0_.isgrant as isgrant3_6_,
        sellerenti0_.name as name4_6_,
        sellerenti0_.phonenum as phonenum5_6_ 
    from
        seller sellerenti0_ 
    inner join
        user_entity sellerenti0_1_ 
            on sellerenti0_.user_key=sellerenti0_1_.user_key 
    where
        sellerenti0_.business_key=?
2023-11-26 15:32:21.461 TRACE 20284 --- [    Test worker] o.h.type.descriptor.sql.BasicBinder      : binding parameter [1] as [INTEGER] - [12345]
2023-11-26 15:32:21.467 DEBUG 20284 --- [    Test worker] org.hibernate.SQL                        : 
    select
        sellerenti0_.user_key as user_key1_7_,
        sellerenti0_1_.password as password2_7_,
        sellerenti0_.business_key as business1_6_,
        sellerenti0_.shop_key as shop_key7_6_,
        sellerenti0_.id_email as id_email2_6_,
        sellerenti0_.isgrant as isgrant3_6_,
        sellerenti0_.name as name4_6_,
        sellerenti0_.phonenum as phonenum5_6_ 
    from
        seller sellerenti0_ 
    inner join
        user_entity sellerenti0_1_ 
            on sellerenti0_.user_key=sellerenti0_1_.user_key 
    where
        sellerenti0_.id_email=?
Hibernate: 
    select
        sellerenti0_.user_key as user_key1_7_,
        sellerenti0_1_.password as password2_7_,
        sellerenti0_.business_key as business1_6_,
        sellerenti0_.shop_key as shop_key7_6_,
        sellerenti0_.id_email as id_email2_6_,
        sellerenti0_.isgrant as isgrant3_6_,
        sellerenti0_.name as name4_6_,
        sellerenti0_.phonenum as phonenum5_6_ 
    from
        seller sellerenti0_ 
    inner join
        user_entity sellerenti0_1_ 
            on sellerenti0_.user_key=sellerenti0_1_.user_key 
    where
        sellerenti0_.id_email=?
2023-11-26 15:32:21.468 TRACE 20284 --- [    Test worker] o.h.type.descriptor.sql.BasicBinder      : binding parameter [1] as [VARCHAR] - [seller@test.com]
2023-11-26 15:32:21.541 DEBUG 20284 --- [    Test worker] org.hibernate.SQL                        : 
    insert 
    into
        user_entity
        (password) 
    values
        (?)
Hibernate: 
    insert 
    into
        user_entity
        (password) 
    values
        (?)
2023-11-26 15:32:21.541 TRACE 20284 --- [    Test worker] o.h.type.descriptor.sql.BasicBinder      : binding parameter [1] as [VARCHAR] - [$2a$10$ZvMSE/G6IQYW/b95bfMo1OgSIYvRa6jeConH4N0vzXpmgkuIWsBu.]
2023-11-26 15:32:21.549 DEBUG 20284 --- [    Test worker] org.hibernate.SQL                        : 
    insert 
    into
        seller
        (business_key, shop_key, id_email, isgrant, name, phonenum, user_key) 
    values
        (?, ?, ?, ?, ?, ?, ?)
Hibernate: 
    insert 
    into
        seller
        (business_key, shop_key, id_email, isgrant, name, phonenum, user_key) 
    values
        (?, ?, ?, ?, ?, ?, ?)
2023-11-26 15:32:21.550 TRACE 20284 --- [    Test worker] o.h.type.descriptor.sql.BasicBinder      : binding parameter [1] as [INTEGER] - [12345]
2023-11-26 15:32:21.550 TRACE 20284 --- [    Test worker] o.h.type.descriptor.sql.BasicBinder      : binding parameter [2] as [INTEGER] - [null]
2023-11-26 15:32:21.550 TRACE 20284 --- [    Test worker] o.h.type.descriptor.sql.BasicBinder      : binding parameter [3] as [VARCHAR] - [seller@test.com]
2023-11-26 15:32:21.550 TRACE 20284 --- [    Test worker] o.h.type.descriptor.sql.BasicBinder      : binding parameter [4] as [INTEGER] - [null]
2023-11-26 15:32:21.550 TRACE 20284 --- [    Test worker] o.h.type.descriptor.sql.BasicBinder      : binding parameter [5] as [VARCHAR] - [Test Seller]
2023-11-26 15:32:21.550 TRACE 20284 --- [    Test worker] o.h.type.descriptor.sql.BasicBinder      : binding parameter [6] as [VARCHAR] - [010-9876-5432]
2023-11-26 15:32:21.550 TRACE 20284 --- [    Test worker] o.h.type.descriptor.sql.BasicBinder      : binding parameter [7] as [INTEGER] - [2]
2023-11-26 15:32:21.559 DEBUG 20284 --- [    Test worker] org.hibernate.SQL                        : 
    select
        sellerenti0_.user_key as user_key1_7_,
        sellerenti0_1_.password as password2_7_,
        sellerenti0_.business_key as business1_6_,
        sellerenti0_.shop_key as shop_key7_6_,
        sellerenti0_.id_email as id_email2_6_,
        sellerenti0_.isgrant as isgrant3_6_,
        sellerenti0_.name as name4_6_,
        sellerenti0_.phonenum as phonenum5_6_ 
    from
        seller sellerenti0_ 
    inner join
        user_entity sellerenti0_1_ 
            on sellerenti0_.user_key=sellerenti0_1_.user_key 
    where
        sellerenti0_.business_key=?
Hibernate: 
    select
        sellerenti0_.user_key as user_key1_7_,
        sellerenti0_1_.password as password2_7_,
        sellerenti0_.business_key as business1_6_,
        sellerenti0_.shop_key as shop_key7_6_,
        sellerenti0_.id_email as id_email2_6_,
        sellerenti0_.isgrant as isgrant3_6_,
        sellerenti0_.name as name4_6_,
        sellerenti0_.phonenum as phonenum5_6_ 
    from
        seller sellerenti0_ 
    inner join
        user_entity sellerenti0_1_ 
            on sellerenti0_.user_key=sellerenti0_1_.user_key 
    where
        sellerenti0_.business_key=?
2023-11-26 15:32:21.560 TRACE 20284 --- [    Test worker] o.h.type.descriptor.sql.BasicBinder      : binding parameter [1] as [INTEGER] - [12345]
2023-11-26 15:32:21.583  INFO 20284 --- [    Test worker] o.s.t.c.transaction.TransactionContext   : Rolled back transaction for test: [DefaultTestContext@48d7ad8b testClass = UserServiceTest, testInstance = net.prescent.service.UserServiceTest@7e32442d, testMethod = testDuplicateSellerBusinessKeyRegistration@UserServiceTest, testException = [null], mergedContextConfiguration = [WebMergedContextConfiguration@7e053511 testClass = UserServiceTest, locations = '{}', classes = '{class net.prescent.PreScentApplication}', contextInitializerClasses = '[]', activeProfiles = '{}', propertySourceLocations = '{}', propertySourceProperties = '{org.springframework.boot.test.context.SpringBootTestContextBootstrapper=true}', contextCustomizers = set[org.springframework.boot.test.autoconfigure.actuate.metrics.MetricsExportContextCustomizerFactory$DisableMetricExportContextCustomizer@4763c727, org.springframework.boot.test.autoconfigure.properties.PropertyMappingContextCustomizer@0, org.springframework.boot.test.autoconfigure.web.servlet.WebDriverContextCustomizerFactory$Customizer@6b54655f, org.springframework.boot.test.context.filter.ExcludeFilterContextCustomizer@350ec41e, org.springframework.boot.test.json.DuplicateJsonObjectContextCustomizerFactory$DuplicateJsonObjectContextCustomizer@277f7dd3, org.springframework.boot.test.mock.mockito.MockitoContextCustomizer@0, org.springframework.boot.test.web.client.TestRestTemplateContextCustomizer@3fc9dfc5, org.springframework.boot.test.web.reactive.server.WebTestClientContextCustomizer@58bf8650, org.springframework.boot.test.context.SpringBootTestArgs@1, org.springframework.boot.test.context.SpringBootTestWebEnvironment@6e15fe2], resourceBasePath = 'src/main/webapp', contextLoader = 'org.springframework.boot.test.context.SpringBootContextLoader', parent = [null]], attributes = map['org.springframework.test.context.web.ServletTestExecutionListener.activateListener' -> true, 'org.springframework.test.context.web.ServletTestExecutionListener.populatedRequestContextHolder' -> true, 'org.springframework.test.context.web.ServletTestExecutionListener.resetRequestContextHolder' -> true, 'org.springframework.test.context.event.ApplicationEventsTestExecutionListener.recordApplicationEvents' -> false]]
2023-11-26 15:32:21.591  INFO 20284 --- [    Test worker] o.s.t.c.transaction.TransactionContext   : Began transaction (1) for test context [DefaultTestContext@48d7ad8b testClass = UserServiceTest, testInstance = net.prescent.service.UserServiceTest@45da40ad, testMethod = testDuplicateCustomerEmailRegistration@UserServiceTest, testException = [null], mergedContextConfiguration = [WebMergedContextConfiguration@7e053511 testClass = UserServiceTest, locations = '{}', classes = '{class net.prescent.PreScentApplication}', contextInitializerClasses = '[]', activeProfiles = '{}', propertySourceLocations = '{}', propertySourceProperties = '{org.springframework.boot.test.context.SpringBootTestContextBootstrapper=true}', contextCustomizers = set[org.springframework.boot.test.autoconfigure.actuate.metrics.MetricsExportContextCustomizerFactory$DisableMetricExportContextCustomizer@4763c727, org.springframework.boot.test.autoconfigure.properties.PropertyMappingContextCustomizer@0, org.springframework.boot.test.autoconfigure.web.servlet.WebDriverContextCustomizerFactory$Customizer@6b54655f, org.springframework.boot.test.context.filter.ExcludeFilterContextCustomizer@350ec41e, org.springframework.boot.test.json.DuplicateJsonObjectContextCustomizerFactory$DuplicateJsonObjectContextCustomizer@277f7dd3, org.springframework.boot.test.mock.mockito.MockitoContextCustomizer@0, org.springframework.boot.test.web.client.TestRestTemplateContextCustomizer@3fc9dfc5, org.springframework.boot.test.web.reactive.server.WebTestClientContextCustomizer@58bf8650, org.springframework.boot.test.context.SpringBootTestArgs@1, org.springframework.boot.test.context.SpringBootTestWebEnvironment@6e15fe2], resourceBasePath = 'src/main/webapp', contextLoader = 'org.springframework.boot.test.context.SpringBootContextLoader', parent = [null]], attributes = map['org.springframework.test.context.web.ServletTestExecutionListener.activateListener' -> true, 'org.springframework.test.context.web.ServletTestExecutionListener.populatedRequestContextHolder' -> true, 'org.springframework.test.context.web.ServletTestExecutionListener.resetRequestContextHolder' -> true, 'org.springframework.test.context.event.ApplicationEventsTestExecutionListener.recordApplicationEvents' -> false]]; transaction manager [org.springframework.orm.jpa.JpaTransactionManager@9d4d221]; rollback [true]
2023-11-26 15:32:21.593 DEBUG 20284 --- [    Test worker] org.hibernate.SQL                        : 
    select
        customeren0_.user_key as user_key1_7_,
        customeren0_1_.password as password2_7_,
        customeren0_.cart_id as cart_id6_3_,
        customeren0_.id_email as id_email1_3_,
        customeren0_.location as location2_3_,
        customeren0_.name as name3_3_,
        customeren0_.phonenum as phonenum4_3_ 
    from
        customer customeren0_ 
    inner join
        user_entity customeren0_1_ 
            on customeren0_.user_key=customeren0_1_.user_key
Hibernate: 
    select
        customeren0_.user_key as user_key1_7_,
        customeren0_1_.password as password2_7_,
        customeren0_.cart_id as cart_id6_3_,
        customeren0_.id_email as id_email1_3_,
        customeren0_.location as location2_3_,
        customeren0_.name as name3_3_,
        customeren0_.phonenum as phonenum4_3_ 
    from
        customer customeren0_ 
    inner join
        user_entity customeren0_1_ 
            on customeren0_.user_key=customeren0_1_.user_key
2023-11-26 15:32:21.600 DEBUG 20284 --- [    Test worker] org.hibernate.SQL                        : 
    select
        sellerenti0_.user_key as user_key1_7_,
        sellerenti0_1_.password as password2_7_,
        sellerenti0_.business_key as business1_6_,
        sellerenti0_.shop_key as shop_key7_6_,
        sellerenti0_.id_email as id_email2_6_,
        sellerenti0_.isgrant as isgrant3_6_,
        sellerenti0_.name as name4_6_,
        sellerenti0_.phonenum as phonenum5_6_ 
    from
        seller sellerenti0_ 
    inner join
        user_entity sellerenti0_1_ 
            on sellerenti0_.user_key=sellerenti0_1_.user_key
Hibernate: 
    select
        sellerenti0_.user_key as user_key1_7_,
        sellerenti0_1_.password as password2_7_,
        sellerenti0_.business_key as business1_6_,
        sellerenti0_.shop_key as shop_key7_6_,
        sellerenti0_.id_email as id_email2_6_,
        sellerenti0_.isgrant as isgrant3_6_,
        sellerenti0_.name as name4_6_,
        sellerenti0_.phonenum as phonenum5_6_ 
    from
        seller sellerenti0_ 
    inner join
        user_entity sellerenti0_1_ 
            on sellerenti0_.user_key=sellerenti0_1_.user_key
2023-11-26 15:32:21.610 DEBUG 20284 --- [    Test worker] org.hibernate.SQL                        : 
    select
        customeren0_.user_key as user_key1_7_,
        customeren0_1_.password as password2_7_,
        customeren0_.cart_id as cart_id6_3_,
        customeren0_.id_email as id_email1_3_,
        customeren0_.location as location2_3_,
        customeren0_.name as name3_3_,
        customeren0_.phonenum as phonenum4_3_ 
    from
        customer customeren0_ 
    inner join
        user_entity customeren0_1_ 
            on customeren0_.user_key=customeren0_1_.user_key 
    where
        customeren0_.id_email=?
Hibernate: 
    select
        customeren0_.user_key as user_key1_7_,
        customeren0_1_.password as password2_7_,
        customeren0_.cart_id as cart_id6_3_,
        customeren0_.id_email as id_email1_3_,
        customeren0_.location as location2_3_,
        customeren0_.name as name3_3_,
        customeren0_.phonenum as phonenum4_3_ 
    from
        customer customeren0_ 
    inner join
        user_entity customeren0_1_ 
            on customeren0_.user_key=customeren0_1_.user_key 
    where
        customeren0_.id_email=?
2023-11-26 15:32:21.610 TRACE 20284 --- [    Test worker] o.h.type.descriptor.sql.BasicBinder      : binding parameter [1] as [VARCHAR] - [customer@test.com]
2023-11-26 15:32:21.685 DEBUG 20284 --- [    Test worker] org.hibernate.SQL                        : 
    insert 
    into
        user_entity
        (password) 
    values
        (?)
Hibernate: 
    insert 
    into
        user_entity
        (password) 
    values
        (?)
2023-11-26 15:32:21.685 TRACE 20284 --- [    Test worker] o.h.type.descriptor.sql.BasicBinder      : binding parameter [1] as [VARCHAR] - [$2a$10$e/MUZodE2OnoWvJdPZ1hYeSDqW1wbbC7nPmXx.Qy7bO4W79l1GL6C]
2023-11-26 15:32:21.694 DEBUG 20284 --- [    Test worker] org.hibernate.SQL                        : 
    insert 
    into
        customer
        (cart_id, id_email, location, name, phonenum, user_key) 
    values
        (?, ?, ?, ?, ?, ?)
Hibernate: 
    insert 
    into
        customer
        (cart_id, id_email, location, name, phonenum, user_key) 
    values
        (?, ?, ?, ?, ?, ?)
2023-11-26 15:32:21.694 TRACE 20284 --- [    Test worker] o.h.type.descriptor.sql.BasicBinder      : binding parameter [1] as [INTEGER] - [null]
2023-11-26 15:32:21.695 TRACE 20284 --- [    Test worker] o.h.type.descriptor.sql.BasicBinder      : binding parameter [2] as [VARCHAR] - [customer@test.com]
2023-11-26 15:32:21.695 TRACE 20284 --- [    Test worker] o.h.type.descriptor.sql.BasicBinder      : binding parameter [3] as [VARCHAR] - [Test Location]
2023-11-26 15:32:21.695 TRACE 20284 --- [    Test worker] o.h.type.descriptor.sql.BasicBinder      : binding parameter [4] as [VARCHAR] - [Test Customer]
2023-11-26 15:32:21.695 TRACE 20284 --- [    Test worker] o.h.type.descriptor.sql.BasicBinder      : binding parameter [5] as [VARCHAR] - [010-1234-5678]
2023-11-26 15:32:21.695 TRACE 20284 --- [    Test worker] o.h.type.descriptor.sql.BasicBinder      : binding parameter [6] as [INTEGER] - [3]
2023-11-26 15:32:21.701 DEBUG 20284 --- [    Test worker] org.hibernate.SQL                        : 
    select
        customeren0_.user_key as user_key1_7_,
        customeren0_1_.password as password2_7_,
        customeren0_.cart_id as cart_id6_3_,
        customeren0_.id_email as id_email1_3_,
        customeren0_.location as location2_3_,
        customeren0_.name as name3_3_,
        customeren0_.phonenum as phonenum4_3_ 
    from
        customer customeren0_ 
    inner join
        user_entity customeren0_1_ 
            on customeren0_.user_key=customeren0_1_.user_key 
    where
        customeren0_.id_email=?
Hibernate: 
    select
        customeren0_.user_key as user_key1_7_,
        customeren0_1_.password as password2_7_,
        customeren0_.cart_id as cart_id6_3_,
        customeren0_.id_email as id_email1_3_,
        customeren0_.location as location2_3_,
        customeren0_.name as name3_3_,
        customeren0_.phonenum as phonenum4_3_ 
    from
        customer customeren0_ 
    inner join
        user_entity customeren0_1_ 
            on customeren0_.user_key=customeren0_1_.user_key 
    where
        customeren0_.id_email=?
2023-11-26 15:32:21.702 TRACE 20284 --- [    Test worker] o.h.type.descriptor.sql.BasicBinder      : binding parameter [1] as [VARCHAR] - [customer@test.com]
2023-11-26 15:32:21.723  INFO 20284 --- [    Test worker] o.s.t.c.transaction.TransactionContext   : Rolled back transaction for test: [DefaultTestContext@48d7ad8b testClass = UserServiceTest, testInstance = net.prescent.service.UserServiceTest@45da40ad, testMethod = testDuplicateCustomerEmailRegistration@UserServiceTest, testException = [null], mergedContextConfiguration = [WebMergedContextConfiguration@7e053511 testClass = UserServiceTest, locations = '{}', classes = '{class net.prescent.PreScentApplication}', contextInitializerClasses = '[]', activeProfiles = '{}', propertySourceLocations = '{}', propertySourceProperties = '{org.springframework.boot.test.context.SpringBootTestContextBootstrapper=true}', contextCustomizers = set[org.springframework.boot.test.autoconfigure.actuate.metrics.MetricsExportContextCustomizerFactory$DisableMetricExportContextCustomizer@4763c727, org.springframework.boot.test.autoconfigure.properties.PropertyMappingContextCustomizer@0, org.springframework.boot.test.autoconfigure.web.servlet.WebDriverContextCustomizerFactory$Customizer@6b54655f, org.springframework.boot.test.context.filter.ExcludeFilterContextCustomizer@350ec41e, org.springframework.boot.test.json.DuplicateJsonObjectContextCustomizerFactory$DuplicateJsonObjectContextCustomizer@277f7dd3, org.springframework.boot.test.mock.mockito.MockitoContextCustomizer@0, org.springframework.boot.test.web.client.TestRestTemplateContextCustomizer@3fc9dfc5, org.springframework.boot.test.web.reactive.server.WebTestClientContextCustomizer@58bf8650, org.springframework.boot.test.context.SpringBootTestArgs@1, org.springframework.boot.test.context.SpringBootTestWebEnvironment@6e15fe2], resourceBasePath = 'src/main/webapp', contextLoader = 'org.springframework.boot.test.context.SpringBootContextLoader', parent = [null]], attributes = map['org.springframework.test.context.web.ServletTestExecutionListener.activateListener' -> true, 'org.springframework.test.context.web.ServletTestExecutionListener.populatedRequestContextHolder' -> true, 'org.springframework.test.context.web.ServletTestExecutionListener.resetRequestContextHolder' -> true, 'org.springframework.test.context.event.ApplicationEventsTestExecutionListener.recordApplicationEvents' -> false]]
2023-11-26 15:32:21.730  INFO 20284 --- [    Test worker] o.s.t.c.transaction.TransactionContext   : Began transaction (1) for test context [DefaultTestContext@48d7ad8b testClass = UserServiceTest, testInstance = net.prescent.service.UserServiceTest@26c75b91, testMethod = testLoginSuccess@UserServiceTest, testException = [null], mergedContextConfiguration = [WebMergedContextConfiguration@7e053511 testClass = UserServiceTest, locations = '{}', classes = '{class net.prescent.PreScentApplication}', contextInitializerClasses = '[]', activeProfiles = '{}', propertySourceLocations = '{}', propertySourceProperties = '{org.springframework.boot.test.context.SpringBootTestContextBootstrapper=true}', contextCustomizers = set[org.springframework.boot.test.autoconfigure.actuate.metrics.MetricsExportContextCustomizerFactory$DisableMetricExportContextCustomizer@4763c727, org.springframework.boot.test.autoconfigure.properties.PropertyMappingContextCustomizer@0, org.springframework.boot.test.autoconfigure.web.servlet.WebDriverContextCustomizerFactory$Customizer@6b54655f, org.springframework.boot.test.context.filter.ExcludeFilterContextCustomizer@350ec41e, org.springframework.boot.test.json.DuplicateJsonObjectContextCustomizerFactory$DuplicateJsonObjectContextCustomizer@277f7dd3, org.springframework.boot.test.mock.mockito.MockitoContextCustomizer@0, org.springframework.boot.test.web.client.TestRestTemplateContextCustomizer@3fc9dfc5, org.springframework.boot.test.web.reactive.server.WebTestClientContextCustomizer@58bf8650, org.springframework.boot.test.context.SpringBootTestArgs@1, org.springframework.boot.test.context.SpringBootTestWebEnvironment@6e15fe2], resourceBasePath = 'src/main/webapp', contextLoader = 'org.springframework.boot.test.context.SpringBootContextLoader', parent = [null]], attributes = map['org.springframework.test.context.web.ServletTestExecutionListener.activateListener' -> true, 'org.springframework.test.context.web.ServletTestExecutionListener.populatedRequestContextHolder' -> true, 'org.springframework.test.context.web.ServletTestExecutionListener.resetRequestContextHolder' -> true, 'org.springframework.test.context.event.ApplicationEventsTestExecutionListener.recordApplicationEvents' -> false]]; transaction manager [org.springframework.orm.jpa.JpaTransactionManager@9d4d221]; rollback [true]
2023-11-26 15:32:21.731 DEBUG 20284 --- [    Test worker] org.hibernate.SQL                        : 
    select
        customeren0_.user_key as user_key1_7_,
        customeren0_1_.password as password2_7_,
        customeren0_.cart_id as cart_id6_3_,
        customeren0_.id_email as id_email1_3_,
        customeren0_.location as location2_3_,
        customeren0_.name as name3_3_,
        customeren0_.phonenum as phonenum4_3_ 
    from
        customer customeren0_ 
    inner join
        user_entity customeren0_1_ 
            on customeren0_.user_key=customeren0_1_.user_key
Hibernate: 
    select
        customeren0_.user_key as user_key1_7_,
        customeren0_1_.password as password2_7_,
        customeren0_.cart_id as cart_id6_3_,
        customeren0_.id_email as id_email1_3_,
        customeren0_.location as location2_3_,
        customeren0_.name as name3_3_,
        customeren0_.phonenum as phonenum4_3_ 
    from
        customer customeren0_ 
    inner join
        user_entity customeren0_1_ 
            on customeren0_.user_key=customeren0_1_.user_key
2023-11-26 15:32:21.742 DEBUG 20284 --- [    Test worker] org.hibernate.SQL                        : 
    select
        sellerenti0_.user_key as user_key1_7_,
        sellerenti0_1_.password as password2_7_,
        sellerenti0_.business_key as business1_6_,
        sellerenti0_.shop_key as shop_key7_6_,
        sellerenti0_.id_email as id_email2_6_,
        sellerenti0_.isgrant as isgrant3_6_,
        sellerenti0_.name as name4_6_,
        sellerenti0_.phonenum as phonenum5_6_ 
    from
        seller sellerenti0_ 
    inner join
        user_entity sellerenti0_1_ 
            on sellerenti0_.user_key=sellerenti0_1_.user_key
Hibernate: 
    select
        sellerenti0_.user_key as user_key1_7_,
        sellerenti0_1_.password as password2_7_,
        sellerenti0_.business_key as business1_6_,
        sellerenti0_.shop_key as shop_key7_6_,
        sellerenti0_.id_email as id_email2_6_,
        sellerenti0_.isgrant as isgrant3_6_,
        sellerenti0_.name as name4_6_,
        sellerenti0_.phonenum as phonenum5_6_ 
    from
        seller sellerenti0_ 
    inner join
        user_entity sellerenti0_1_ 
            on sellerenti0_.user_key=sellerenti0_1_.user_key
2023-11-26 15:32:21.750 DEBUG 20284 --- [    Test worker] org.hibernate.SQL                        : 
    select
        customeren0_.user_key as user_key1_7_,
        customeren0_1_.password as password2_7_,
        customeren0_.cart_id as cart_id6_3_,
        customeren0_.id_email as id_email1_3_,
        customeren0_.location as location2_3_,
        customeren0_.name as name3_3_,
        customeren0_.phonenum as phonenum4_3_ 
    from
        customer customeren0_ 
    inner join
        user_entity customeren0_1_ 
            on customeren0_.user_key=customeren0_1_.user_key 
    where
        customeren0_.id_email=?
Hibernate: 
    select
        customeren0_.user_key as user_key1_7_,
        customeren0_1_.password as password2_7_,
        customeren0_.cart_id as cart_id6_3_,
        customeren0_.id_email as id_email1_3_,
        customeren0_.location as location2_3_,
        customeren0_.name as name3_3_,
        customeren0_.phonenum as phonenum4_3_ 
    from
        customer customeren0_ 
    inner join
        user_entity customeren0_1_ 
            on customeren0_.user_key=customeren0_1_.user_key 
    where
        customeren0_.id_email=?
2023-11-26 15:32:21.750 TRACE 20284 --- [    Test worker] o.h.type.descriptor.sql.BasicBinder      : binding parameter [1] as [VARCHAR] - [customer@test.com]
2023-11-26 15:32:21.820 DEBUG 20284 --- [    Test worker] org.hibernate.SQL                        : 
    insert 
    into
        user_entity
        (password) 
    values
        (?)
Hibernate: 
    insert 
    into
        user_entity
        (password) 
    values
        (?)
2023-11-26 15:32:21.820 TRACE 20284 --- [    Test worker] o.h.type.descriptor.sql.BasicBinder      : binding parameter [1] as [VARCHAR] - [$2a$10$u9BQJ2VMyibm6iE.XcDkA.afawHRLWGZQRzhhPt34qwSdr4wThFli]
2023-11-26 15:32:21.825 DEBUG 20284 --- [    Test worker] org.hibernate.SQL                        : 
    insert 
    into
        customer
        (cart_id, id_email, location, name, phonenum, user_key) 
    values
        (?, ?, ?, ?, ?, ?)
Hibernate: 
    insert 
    into
        customer
        (cart_id, id_email, location, name, phonenum, user_key) 
    values
        (?, ?, ?, ?, ?, ?)
2023-11-26 15:32:21.825 TRACE 20284 --- [    Test worker] o.h.type.descriptor.sql.BasicBinder      : binding parameter [1] as [INTEGER] - [null]
2023-11-26 15:32:21.826 TRACE 20284 --- [    Test worker] o.h.type.descriptor.sql.BasicBinder      : binding parameter [2] as [VARCHAR] - [customer@test.com]
2023-11-26 15:32:21.826 TRACE 20284 --- [    Test worker] o.h.type.descriptor.sql.BasicBinder      : binding parameter [3] as [VARCHAR] - [Test Location]
2023-11-26 15:32:21.826 TRACE 20284 --- [    Test worker] o.h.type.descriptor.sql.BasicBinder      : binding parameter [4] as [VARCHAR] - [Test Customer]
2023-11-26 15:32:21.826 TRACE 20284 --- [    Test worker] o.h.type.descriptor.sql.BasicBinder      : binding parameter [5] as [VARCHAR] - [010-1234-5678]
2023-11-26 15:32:21.826 TRACE 20284 --- [    Test worker] o.h.type.descriptor.sql.BasicBinder      : binding parameter [6] as [INTEGER] - [4]
2023-11-26 15:32:21.832 DEBUG 20284 --- [    Test worker] org.hibernate.SQL                        : 
    select
        customeren0_.user_key as user_key1_7_,
        customeren0_1_.password as password2_7_,
        customeren0_.cart_id as cart_id6_3_,
        customeren0_.id_email as id_email1_3_,
        customeren0_.location as location2_3_,
        customeren0_.name as name3_3_,
        customeren0_.phonenum as phonenum4_3_ 
    from
        customer customeren0_ 
    inner join
        user_entity customeren0_1_ 
            on customeren0_.user_key=customeren0_1_.user_key 
    where
        customeren0_.id_email=?
Hibernate: 
    select
        customeren0_.user_key as user_key1_7_,
        customeren0_1_.password as password2_7_,
        customeren0_.cart_id as cart_id6_3_,
        customeren0_.id_email as id_email1_3_,
        customeren0_.location as location2_3_,
        customeren0_.name as name3_3_,
        customeren0_.phonenum as phonenum4_3_ 
    from
        customer customeren0_ 
    inner join
        user_entity customeren0_1_ 
            on customeren0_.user_key=customeren0_1_.user_key 
    where
        customeren0_.id_email=?
2023-11-26 15:32:21.833 TRACE 20284 --- [    Test worker] o.h.type.descriptor.sql.BasicBinder      : binding parameter [1] as [VARCHAR] - [customer@test.com]
2023-11-26 15:32:21.840 DEBUG 20284 --- [    Test worker] org.hibernate.SQL                        : 
    select
        sellerenti0_.user_key as user_key1_7_,
        sellerenti0_1_.password as password2_7_,
        sellerenti0_.business_key as business1_6_,
        sellerenti0_.shop_key as shop_key7_6_,
        sellerenti0_.id_email as id_email2_6_,
        sellerenti0_.isgrant as isgrant3_6_,
        sellerenti0_.name as name4_6_,
        sellerenti0_.phonenum as phonenum5_6_ 
    from
        seller sellerenti0_ 
    inner join
        user_entity sellerenti0_1_ 
            on sellerenti0_.user_key=sellerenti0_1_.user_key 
    where
        sellerenti0_.id_email=?
Hibernate: 
    select
        sellerenti0_.user_key as user_key1_7_,
        sellerenti0_1_.password as password2_7_,
        sellerenti0_.business_key as business1_6_,
        sellerenti0_.shop_key as shop_key7_6_,
        sellerenti0_.id_email as id_email2_6_,
        sellerenti0_.isgrant as isgrant3_6_,
        sellerenti0_.name as name4_6_,
        sellerenti0_.phonenum as phonenum5_6_ 
    from
        seller sellerenti0_ 
    inner join
        user_entity sellerenti0_1_ 
            on sellerenti0_.user_key=sellerenti0_1_.user_key 
    where
        sellerenti0_.id_email=?
2023-11-26 15:32:21.841 TRACE 20284 --- [    Test worker] o.h.type.descriptor.sql.BasicBinder      : binding parameter [1] as [VARCHAR] - [customer@test.com]
2023-11-26 15:32:21.918 DEBUG 20284 --- [    Test worker] org.hibernate.SQL                        : 
    select
        accesstoke0_.token as token1_0_0_,
        accesstoke0_.user_key as user_key2_0_0_ 
    from
        access_token accesstoke0_ 
    where
        accesstoke0_.token=?
Hibernate: 
    select
        accesstoke0_.token as token1_0_0_,
        accesstoke0_.user_key as user_key2_0_0_ 
    from
        access_token accesstoke0_ 
    where
        accesstoke0_.token=?
2023-11-26 15:32:21.918 TRACE 20284 --- [    Test worker] o.h.type.descriptor.sql.BasicBinder      : binding parameter [1] as [VARCHAR] - [50f23089-c155-4ab1-857f-05942425af65]
2023-11-26 15:32:21.943 DEBUG 20284 --- [    Test worker] org.hibernate.SQL                        : 
    insert 
    into
        access_token
        (user_key, token) 
    values
        (?, ?)
Hibernate: 
    insert 
    into
        access_token
        (user_key, token) 
    values
        (?, ?)
2023-11-26 15:32:21.944 TRACE 20284 --- [    Test worker] o.h.type.descriptor.sql.BasicBinder      : binding parameter [1] as [INTEGER] - [4]
2023-11-26 15:32:21.944 TRACE 20284 --- [    Test worker] o.h.type.descriptor.sql.BasicBinder      : binding parameter [2] as [VARCHAR] - [50f23089-c155-4ab1-857f-05942425af65]
2023-11-26 15:32:21.952 DEBUG 20284 --- [    Test worker] org.hibernate.SQL                        : 
    select
        accesstoke0_.token as token1_0_,
        accesstoke0_.user_key as user_key2_0_ 
    from
        access_token accesstoke0_ 
    where
        accesstoke0_.token=?
Hibernate: 
    select
        accesstoke0_.token as token1_0_,
        accesstoke0_.user_key as user_key2_0_ 
    from
        access_token accesstoke0_ 
    where
        accesstoke0_.token=?
2023-11-26 15:32:21.952 TRACE 20284 --- [    Test worker] o.h.type.descriptor.sql.BasicBinder      : binding parameter [1] as [VARCHAR] - [50f23089-c155-4ab1-857f-05942425af65]
2023-11-26 15:32:21.971  INFO 20284 --- [    Test worker] o.s.t.c.transaction.TransactionContext   : Rolled back transaction for test: [DefaultTestContext@48d7ad8b testClass = UserServiceTest, testInstance = net.prescent.service.UserServiceTest@26c75b91, testMethod = testLoginSuccess@UserServiceTest, testException = [null], mergedContextConfiguration = [WebMergedContextConfiguration@7e053511 testClass = UserServiceTest, locations = '{}', classes = '{class net.prescent.PreScentApplication}', contextInitializerClasses = '[]', activeProfiles = '{}', propertySourceLocations = '{}', propertySourceProperties = '{org.springframework.boot.test.context.SpringBootTestContextBootstrapper=true}', contextCustomizers = set[org.springframework.boot.test.autoconfigure.actuate.metrics.MetricsExportContextCustomizerFactory$DisableMetricExportContextCustomizer@4763c727, org.springframework.boot.test.autoconfigure.properties.PropertyMappingContextCustomizer@0, org.springframework.boot.test.autoconfigure.web.servlet.WebDriverContextCustomizerFactory$Customizer@6b54655f, org.springframework.boot.test.context.filter.ExcludeFilterContextCustomizer@350ec41e, org.springframework.boot.test.json.DuplicateJsonObjectContextCustomizerFactory$DuplicateJsonObjectContextCustomizer@277f7dd3, org.springframework.boot.test.mock.mockito.MockitoContextCustomizer@0, org.springframework.boot.test.web.client.TestRestTemplateContextCustomizer@3fc9dfc5, org.springframework.boot.test.web.reactive.server.WebTestClientContextCustomizer@58bf8650, org.springframework.boot.test.context.SpringBootTestArgs@1, org.springframework.boot.test.context.SpringBootTestWebEnvironment@6e15fe2], resourceBasePath = 'src/main/webapp', contextLoader = 'org.springframework.boot.test.context.SpringBootContextLoader', parent = [null]], attributes = map['org.springframework.test.context.web.ServletTestExecutionListener.activateListener' -> true, 'org.springframework.test.context.web.ServletTestExecutionListener.populatedRequestContextHolder' -> true, 'org.springframework.test.context.web.ServletTestExecutionListener.resetRequestContextHolder' -> true, 'org.springframework.test.context.event.ApplicationEventsTestExecutionListener.recordApplicationEvents' -> false]]
2023-11-26 15:32:21.979  INFO 20284 --- [    Test worker] o.s.t.c.transaction.TransactionContext   : Began transaction (1) for test context [DefaultTestContext@48d7ad8b testClass = UserServiceTest, testInstance = net.prescent.service.UserServiceTest@1a91d15f, testMethod = testRegisterCustomer@UserServiceTest, testException = [null], mergedContextConfiguration = [WebMergedContextConfiguration@7e053511 testClass = UserServiceTest, locations = '{}', classes = '{class net.prescent.PreScentApplication}', contextInitializerClasses = '[]', activeProfiles = '{}', propertySourceLocations = '{}', propertySourceProperties = '{org.springframework.boot.test.context.SpringBootTestContextBootstrapper=true}', contextCustomizers = set[org.springframework.boot.test.autoconfigure.actuate.metrics.MetricsExportContextCustomizerFactory$DisableMetricExportContextCustomizer@4763c727, org.springframework.boot.test.autoconfigure.properties.PropertyMappingContextCustomizer@0, org.springframework.boot.test.autoconfigure.web.servlet.WebDriverContextCustomizerFactory$Customizer@6b54655f, org.springframework.boot.test.context.filter.ExcludeFilterContextCustomizer@350ec41e, org.springframework.boot.test.json.DuplicateJsonObjectContextCustomizerFactory$DuplicateJsonObjectContextCustomizer@277f7dd3, org.springframework.boot.test.mock.mockito.MockitoContextCustomizer@0, org.springframework.boot.test.web.client.TestRestTemplateContextCustomizer@3fc9dfc5, org.springframework.boot.test.web.reactive.server.WebTestClientContextCustomizer@58bf8650, org.springframework.boot.test.context.SpringBootTestArgs@1, org.springframework.boot.test.context.SpringBootTestWebEnvironment@6e15fe2], resourceBasePath = 'src/main/webapp', contextLoader = 'org.springframework.boot.test.context.SpringBootContextLoader', parent = [null]], attributes = map['org.springframework.test.context.web.ServletTestExecutionListener.activateListener' -> true, 'org.springframework.test.context.web.ServletTestExecutionListener.populatedRequestContextHolder' -> true, 'org.springframework.test.context.web.ServletTestExecutionListener.resetRequestContextHolder' -> true, 'org.springframework.test.context.event.ApplicationEventsTestExecutionListener.recordApplicationEvents' -> false]]; transaction manager [org.springframework.orm.jpa.JpaTransactionManager@9d4d221]; rollback [true]
2023-11-26 15:32:21.981 DEBUG 20284 --- [    Test worker] org.hibernate.SQL                        : 
    select
        customeren0_.user_key as user_key1_7_,
        customeren0_1_.password as password2_7_,
        customeren0_.cart_id as cart_id6_3_,
        customeren0_.id_email as id_email1_3_,
        customeren0_.location as location2_3_,
        customeren0_.name as name3_3_,
        customeren0_.phonenum as phonenum4_3_ 
    from
        customer customeren0_ 
    inner join
        user_entity customeren0_1_ 
            on customeren0_.user_key=customeren0_1_.user_key
Hibernate: 
    select
        customeren0_.user_key as user_key1_7_,
        customeren0_1_.password as password2_7_,
        customeren0_.cart_id as cart_id6_3_,
        customeren0_.id_email as id_email1_3_,
        customeren0_.location as location2_3_,
        customeren0_.name as name3_3_,
        customeren0_.phonenum as phonenum4_3_ 
    from
        customer customeren0_ 
    inner join
        user_entity customeren0_1_ 
            on customeren0_.user_key=customeren0_1_.user_key
2023-11-26 15:32:21.987 DEBUG 20284 --- [    Test worker] org.hibernate.SQL                        : 
    select
        sellerenti0_.user_key as user_key1_7_,
        sellerenti0_1_.password as password2_7_,
        sellerenti0_.business_key as business1_6_,
        sellerenti0_.shop_key as shop_key7_6_,
        sellerenti0_.id_email as id_email2_6_,
        sellerenti0_.isgrant as isgrant3_6_,
        sellerenti0_.name as name4_6_,
        sellerenti0_.phonenum as phonenum5_6_ 
    from
        seller sellerenti0_ 
    inner join
        user_entity sellerenti0_1_ 
            on sellerenti0_.user_key=sellerenti0_1_.user_key
Hibernate: 
    select
        sellerenti0_.user_key as user_key1_7_,
        sellerenti0_1_.password as password2_7_,
        sellerenti0_.business_key as business1_6_,
        sellerenti0_.shop_key as shop_key7_6_,
        sellerenti0_.id_email as id_email2_6_,
        sellerenti0_.isgrant as isgrant3_6_,
        sellerenti0_.name as name4_6_,
        sellerenti0_.phonenum as phonenum5_6_ 
    from
        seller sellerenti0_ 
    inner join
        user_entity sellerenti0_1_ 
            on sellerenti0_.user_key=sellerenti0_1_.user_key
2023-11-26 15:32:21.993 DEBUG 20284 --- [    Test worker] org.hibernate.SQL                        : 
    select
        customeren0_.user_key as user_key1_7_,
        customeren0_1_.password as password2_7_,
        customeren0_.cart_id as cart_id6_3_,
        customeren0_.id_email as id_email1_3_,
        customeren0_.location as location2_3_,
        customeren0_.name as name3_3_,
        customeren0_.phonenum as phonenum4_3_ 
    from
        customer customeren0_ 
    inner join
        user_entity customeren0_1_ 
            on customeren0_.user_key=customeren0_1_.user_key 
    where
        customeren0_.id_email=?
Hibernate: 
    select
        customeren0_.user_key as user_key1_7_,
        customeren0_1_.password as password2_7_,
        customeren0_.cart_id as cart_id6_3_,
        customeren0_.id_email as id_email1_3_,
        customeren0_.location as location2_3_,
        customeren0_.name as name3_3_,
        customeren0_.phonenum as phonenum4_3_ 
    from
        customer customeren0_ 
    inner join
        user_entity customeren0_1_ 
            on customeren0_.user_key=customeren0_1_.user_key 
    where
        customeren0_.id_email=?
2023-11-26 15:32:21.994 TRACE 20284 --- [    Test worker] o.h.type.descriptor.sql.BasicBinder      : binding parameter [1] as [VARCHAR] - [customer@test.com]
2023-11-26 15:32:22.065 DEBUG 20284 --- [    Test worker] org.hibernate.SQL                        : 
    insert 
    into
        user_entity
        (password) 
    values
        (?)
Hibernate: 
    insert 
    into
        user_entity
        (password) 
    values
        (?)
2023-11-26 15:32:22.065 TRACE 20284 --- [    Test worker] o.h.type.descriptor.sql.BasicBinder      : binding parameter [1] as [VARCHAR] - [$2a$10$XN5LidmucBHaUT/0SLPW1.Ay2tm5RqfyjM0fJ7.6aetr7f4lhu9Q6]
2023-11-26 15:32:22.073 DEBUG 20284 --- [    Test worker] org.hibernate.SQL                        : 
    insert 
    into
        customer
        (cart_id, id_email, location, name, phonenum, user_key) 
    values
        (?, ?, ?, ?, ?, ?)
Hibernate: 
    insert 
    into
        customer
        (cart_id, id_email, location, name, phonenum, user_key) 
    values
        (?, ?, ?, ?, ?, ?)
2023-11-26 15:32:22.074 TRACE 20284 --- [    Test worker] o.h.type.descriptor.sql.BasicBinder      : binding parameter [1] as [INTEGER] - [null]
2023-11-26 15:32:22.074 TRACE 20284 --- [    Test worker] o.h.type.descriptor.sql.BasicBinder      : binding parameter [2] as [VARCHAR] - [customer@test.com]
2023-11-26 15:32:22.074 TRACE 20284 --- [    Test worker] o.h.type.descriptor.sql.BasicBinder      : binding parameter [3] as [VARCHAR] - [Test Location]
2023-11-26 15:32:22.074 TRACE 20284 --- [    Test worker] o.h.type.descriptor.sql.BasicBinder      : binding parameter [4] as [VARCHAR] - [Test Customer]
2023-11-26 15:32:22.074 TRACE 20284 --- [    Test worker] o.h.type.descriptor.sql.BasicBinder      : binding parameter [5] as [VARCHAR] - [010-1234-5678]
2023-11-26 15:32:22.074 TRACE 20284 --- [    Test worker] o.h.type.descriptor.sql.BasicBinder      : binding parameter [6] as [INTEGER] - [5]
2023-11-26 15:32:22.081 DEBUG 20284 --- [    Test worker] org.hibernate.SQL                        : 
    select
        customeren0_.user_key as user_key1_7_,
        customeren0_1_.password as password2_7_,
        customeren0_.cart_id as cart_id6_3_,
        customeren0_.id_email as id_email1_3_,
        customeren0_.location as location2_3_,
        customeren0_.name as name3_3_,
        customeren0_.phonenum as phonenum4_3_ 
    from
        customer customeren0_ 
    inner join
        user_entity customeren0_1_ 
            on customeren0_.user_key=customeren0_1_.user_key 
    where
        customeren0_.id_email=?
Hibernate: 
    select
        customeren0_.user_key as user_key1_7_,
        customeren0_1_.password as password2_7_,
        customeren0_.cart_id as cart_id6_3_,
        customeren0_.id_email as id_email1_3_,
        customeren0_.location as location2_3_,
        customeren0_.name as name3_3_,
        customeren0_.phonenum as phonenum4_3_ 
    from
        customer customeren0_ 
    inner join
        user_entity customeren0_1_ 
            on customeren0_.user_key=customeren0_1_.user_key 
    where
        customeren0_.id_email=?
2023-11-26 15:32:22.081 TRACE 20284 --- [    Test worker] o.h.type.descriptor.sql.BasicBinder      : binding parameter [1] as [VARCHAR] - [customer@test.com]
2023-11-26 15:32:22.204  INFO 20284 --- [    Test worker] o.s.t.c.transaction.TransactionContext   : Rolled back transaction for test: [DefaultTestContext@48d7ad8b testClass = UserServiceTest, testInstance = net.prescent.service.UserServiceTest@1a91d15f, testMethod = testRegisterCustomer@UserServiceTest, testException = [null], mergedContextConfiguration = [WebMergedContextConfiguration@7e053511 testClass = UserServiceTest, locations = '{}', classes = '{class net.prescent.PreScentApplication}', contextInitializerClasses = '[]', activeProfiles = '{}', propertySourceLocations = '{}', propertySourceProperties = '{org.springframework.boot.test.context.SpringBootTestContextBootstrapper=true}', contextCustomizers = set[org.springframework.boot.test.autoconfigure.actuate.metrics.MetricsExportContextCustomizerFactory$DisableMetricExportContextCustomizer@4763c727, org.springframework.boot.test.autoconfigure.properties.PropertyMappingContextCustomizer@0, org.springframework.boot.test.autoconfigure.web.servlet.WebDriverContextCustomizerFactory$Customizer@6b54655f, org.springframework.boot.test.context.filter.ExcludeFilterContextCustomizer@350ec41e, org.springframework.boot.test.json.DuplicateJsonObjectContextCustomizerFactory$DuplicateJsonObjectContextCustomizer@277f7dd3, org.springframework.boot.test.mock.mockito.MockitoContextCustomizer@0, org.springframework.boot.test.web.client.TestRestTemplateContextCustomizer@3fc9dfc5, org.springframework.boot.test.web.reactive.server.WebTestClientContextCustomizer@58bf8650, org.springframework.boot.test.context.SpringBootTestArgs@1, org.springframework.boot.test.context.SpringBootTestWebEnvironment@6e15fe2], resourceBasePath = 'src/main/webapp', contextLoader = 'org.springframework.boot.test.context.SpringBootContextLoader', parent = [null]], attributes = map['org.springframework.test.context.web.ServletTestExecutionListener.activateListener' -> true, 'org.springframework.test.context.web.ServletTestExecutionListener.populatedRequestContextHolder' -> true, 'org.springframework.test.context.web.ServletTestExecutionListener.resetRequestContextHolder' -> true, 'org.springframework.test.context.event.ApplicationEventsTestExecutionListener.recordApplicationEvents' -> false]]
2023-11-26 15:32:22.220  INFO 20284 --- [    Test worker] o.s.t.c.transaction.TransactionContext   : Began transaction (1) for test context [DefaultTestContext@48d7ad8b testClass = UserServiceTest, testInstance = net.prescent.service.UserServiceTest@24a4e9c0, testMethod = testLoginFailure@UserServiceTest, testException = [null], mergedContextConfiguration = [WebMergedContextConfiguration@7e053511 testClass = UserServiceTest, locations = '{}', classes = '{class net.prescent.PreScentApplication}', contextInitializerClasses = '[]', activeProfiles = '{}', propertySourceLocations = '{}', propertySourceProperties = '{org.springframework.boot.test.context.SpringBootTestContextBootstrapper=true}', contextCustomizers = set[org.springframework.boot.test.autoconfigure.actuate.metrics.MetricsExportContextCustomizerFactory$DisableMetricExportContextCustomizer@4763c727, org.springframework.boot.test.autoconfigure.properties.PropertyMappingContextCustomizer@0, org.springframework.boot.test.autoconfigure.web.servlet.WebDriverContextCustomizerFactory$Customizer@6b54655f, org.springframework.boot.test.context.filter.ExcludeFilterContextCustomizer@350ec41e, org.springframework.boot.test.json.DuplicateJsonObjectContextCustomizerFactory$DuplicateJsonObjectContextCustomizer@277f7dd3, org.springframework.boot.test.mock.mockito.MockitoContextCustomizer@0, org.springframework.boot.test.web.client.TestRestTemplateContextCustomizer@3fc9dfc5, org.springframework.boot.test.web.reactive.server.WebTestClientContextCustomizer@58bf8650, org.springframework.boot.test.context.SpringBootTestArgs@1, org.springframework.boot.test.context.SpringBootTestWebEnvironment@6e15fe2], resourceBasePath = 'src/main/webapp', contextLoader = 'org.springframework.boot.test.context.SpringBootContextLoader', parent = [null]], attributes = map['org.springframework.test.context.web.ServletTestExecutionListener.activateListener' -> true, 'org.springframework.test.context.web.ServletTestExecutionListener.populatedRequestContextHolder' -> true, 'org.springframework.test.context.web.ServletTestExecutionListener.resetRequestContextHolder' -> true, 'org.springframework.test.context.event.ApplicationEventsTestExecutionListener.recordApplicationEvents' -> false]]; transaction manager [org.springframework.orm.jpa.JpaTransactionManager@9d4d221]; rollback [true]
2023-11-26 15:32:22.222 DEBUG 20284 --- [    Test worker] org.hibernate.SQL                        : 
    select
        customeren0_.user_key as user_key1_7_,
        customeren0_1_.password as password2_7_,
        customeren0_.cart_id as cart_id6_3_,
        customeren0_.id_email as id_email1_3_,
        customeren0_.location as location2_3_,
        customeren0_.name as name3_3_,
        customeren0_.phonenum as phonenum4_3_ 
    from
        customer customeren0_ 
    inner join
        user_entity customeren0_1_ 
            on customeren0_.user_key=customeren0_1_.user_key
Hibernate: 
    select
        customeren0_.user_key as user_key1_7_,
        customeren0_1_.password as password2_7_,
        customeren0_.cart_id as cart_id6_3_,
        customeren0_.id_email as id_email1_3_,
        customeren0_.location as location2_3_,
        customeren0_.name as name3_3_,
        customeren0_.phonenum as phonenum4_3_ 
    from
        customer customeren0_ 
    inner join
        user_entity customeren0_1_ 
            on customeren0_.user_key=customeren0_1_.user_key
2023-11-26 15:32:22.282 DEBUG 20284 --- [    Test worker] org.hibernate.SQL                        : 
    select
        sellerenti0_.user_key as user_key1_7_,
        sellerenti0_1_.password as password2_7_,
        sellerenti0_.business_key as business1_6_,
        sellerenti0_.shop_key as shop_key7_6_,
        sellerenti0_.id_email as id_email2_6_,
        sellerenti0_.isgrant as isgrant3_6_,
        sellerenti0_.name as name4_6_,
        sellerenti0_.phonenum as phonenum5_6_ 
    from
        seller sellerenti0_ 
    inner join
        user_entity sellerenti0_1_ 
            on sellerenti0_.user_key=sellerenti0_1_.user_key
Hibernate: 
    select
        sellerenti0_.user_key as user_key1_7_,
        sellerenti0_1_.password as password2_7_,
        sellerenti0_.business_key as business1_6_,
        sellerenti0_.shop_key as shop_key7_6_,
        sellerenti0_.id_email as id_email2_6_,
        sellerenti0_.isgrant as isgrant3_6_,
        sellerenti0_.name as name4_6_,
        sellerenti0_.phonenum as phonenum5_6_ 
    from
        seller sellerenti0_ 
    inner join
        user_entity sellerenti0_1_ 
            on sellerenti0_.user_key=sellerenti0_1_.user_key
2023-11-26 15:32:22.301 DEBUG 20284 --- [    Test worker] org.hibernate.SQL                        : 
    select
        customeren0_.user_key as user_key1_7_,
        customeren0_1_.password as password2_7_,
        customeren0_.cart_id as cart_id6_3_,
        customeren0_.id_email as id_email1_3_,
        customeren0_.location as location2_3_,
        customeren0_.name as name3_3_,
        customeren0_.phonenum as phonenum4_3_ 
    from
        customer customeren0_ 
    inner join
        user_entity customeren0_1_ 
            on customeren0_.user_key=customeren0_1_.user_key 
    where
        customeren0_.id_email=?
Hibernate: 
    select
        customeren0_.user_key as user_key1_7_,
        customeren0_1_.password as password2_7_,
        customeren0_.cart_id as cart_id6_3_,
        customeren0_.id_email as id_email1_3_,
        customeren0_.location as location2_3_,
        customeren0_.name as name3_3_,
        customeren0_.phonenum as phonenum4_3_ 
    from
        customer customeren0_ 
    inner join
        user_entity customeren0_1_ 
            on customeren0_.user_key=customeren0_1_.user_key 
    where
        customeren0_.id_email=?
2023-11-26 15:32:22.301 TRACE 20284 --- [    Test worker] o.h.type.descriptor.sql.BasicBinder      : binding parameter [1] as [VARCHAR] - [customer@test.com]
2023-11-26 15:32:22.382 DEBUG 20284 --- [    Test worker] org.hibernate.SQL                        : 
    insert 
    into
        user_entity
        (password) 
    values
        (?)
Hibernate: 
    insert 
    into
        user_entity
        (password) 
    values
        (?)
2023-11-26 15:32:22.383 TRACE 20284 --- [    Test worker] o.h.type.descriptor.sql.BasicBinder      : binding parameter [1] as [VARCHAR] - [$2a$10$CeAjhiP4tRIxtZ4QWwncFuE7kKpw6VU/km2f6YRp6MvIKXmY.0kHa]
2023-11-26 15:32:22.491 DEBUG 20284 --- [    Test worker] org.hibernate.SQL                        : 
    insert 
    into
        customer
        (cart_id, id_email, location, name, phonenum, user_key) 
    values
        (?, ?, ?, ?, ?, ?)
Hibernate: 
    insert 
    into
        customer
        (cart_id, id_email, location, name, phonenum, user_key) 
    values
        (?, ?, ?, ?, ?, ?)
2023-11-26 15:32:22.492 TRACE 20284 --- [    Test worker] o.h.type.descriptor.sql.BasicBinder      : binding parameter [1] as [INTEGER] - [null]
2023-11-26 15:32:22.493 TRACE 20284 --- [    Test worker] o.h.type.descriptor.sql.BasicBinder      : binding parameter [2] as [VARCHAR] - [customer@test.com]
2023-11-26 15:32:22.494 TRACE 20284 --- [    Test worker] o.h.type.descriptor.sql.BasicBinder      : binding parameter [3] as [VARCHAR] - [Test Location]
2023-11-26 15:32:22.494 TRACE 20284 --- [    Test worker] o.h.type.descriptor.sql.BasicBinder      : binding parameter [4] as [VARCHAR] - [Test Customer]
2023-11-26 15:32:22.494 TRACE 20284 --- [    Test worker] o.h.type.descriptor.sql.BasicBinder      : binding parameter [5] as [VARCHAR] - [010-1234-5678]
2023-11-26 15:32:22.495 TRACE 20284 --- [    Test worker] o.h.type.descriptor.sql.BasicBinder      : binding parameter [6] as [INTEGER] - [6]
2023-11-26 15:32:22.503 DEBUG 20284 --- [    Test worker] org.hibernate.SQL                        : 
    select
        customeren0_.user_key as user_key1_7_,
        customeren0_1_.password as password2_7_,
        customeren0_.cart_id as cart_id6_3_,
        customeren0_.id_email as id_email1_3_,
        customeren0_.location as location2_3_,
        customeren0_.name as name3_3_,
        customeren0_.phonenum as phonenum4_3_ 
    from
        customer customeren0_ 
    inner join
        user_entity customeren0_1_ 
            on customeren0_.user_key=customeren0_1_.user_key 
    where
        customeren0_.id_email=?
Hibernate: 
    select
        customeren0_.user_key as user_key1_7_,
        customeren0_1_.password as password2_7_,
        customeren0_.cart_id as cart_id6_3_,
        customeren0_.id_email as id_email1_3_,
        customeren0_.location as location2_3_,
        customeren0_.name as name3_3_,
        customeren0_.phonenum as phonenum4_3_ 
    from
        customer customeren0_ 
    inner join
        user_entity customeren0_1_ 
            on customeren0_.user_key=customeren0_1_.user_key 
    where
        customeren0_.id_email=?
2023-11-26 15:32:22.505 TRACE 20284 --- [    Test worker] o.h.type.descriptor.sql.BasicBinder      : binding parameter [1] as [VARCHAR] - [customer@test.com]
2023-11-26 15:32:22.546 DEBUG 20284 --- [    Test worker] org.hibernate.SQL                        : 
    select
        sellerenti0_.user_key as user_key1_7_,
        sellerenti0_1_.password as password2_7_,
        sellerenti0_.business_key as business1_6_,
        sellerenti0_.shop_key as shop_key7_6_,
        sellerenti0_.id_email as id_email2_6_,
        sellerenti0_.isgrant as isgrant3_6_,
        sellerenti0_.name as name4_6_,
        sellerenti0_.phonenum as phonenum5_6_ 
    from
        seller sellerenti0_ 
    inner join
        user_entity sellerenti0_1_ 
            on sellerenti0_.user_key=sellerenti0_1_.user_key 
    where
        sellerenti0_.id_email=?
Hibernate: 
    select
        sellerenti0_.user_key as user_key1_7_,
        sellerenti0_1_.password as password2_7_,
        sellerenti0_.business_key as business1_6_,
        sellerenti0_.shop_key as shop_key7_6_,
        sellerenti0_.id_email as id_email2_6_,
        sellerenti0_.isgrant as isgrant3_6_,
        sellerenti0_.name as name4_6_,
        sellerenti0_.phonenum as phonenum5_6_ 
    from
        seller sellerenti0_ 
    inner join
        user_entity sellerenti0_1_ 
            on sellerenti0_.user_key=sellerenti0_1_.user_key 
    where
        sellerenti0_.id_email=?
2023-11-26 15:32:22.548 TRACE 20284 --- [    Test worker] o.h.type.descriptor.sql.BasicBinder      : binding parameter [1] as [VARCHAR] - [customer@test.com]
2023-11-26 15:32:22.722  INFO 20284 --- [    Test worker] o.s.t.c.transaction.TransactionContext   : Rolled back transaction for test: [DefaultTestContext@48d7ad8b testClass = UserServiceTest, testInstance = net.prescent.service.UserServiceTest@24a4e9c0, testMethod = testLoginFailure@UserServiceTest, testException = [null], mergedContextConfiguration = [WebMergedContextConfiguration@7e053511 testClass = UserServiceTest, locations = '{}', classes = '{class net.prescent.PreScentApplication}', contextInitializerClasses = '[]', activeProfiles = '{}', propertySourceLocations = '{}', propertySourceProperties = '{org.springframework.boot.test.context.SpringBootTestContextBootstrapper=true}', contextCustomizers = set[org.springframework.boot.test.autoconfigure.actuate.metrics.MetricsExportContextCustomizerFactory$DisableMetricExportContextCustomizer@4763c727, org.springframework.boot.test.autoconfigure.properties.PropertyMappingContextCustomizer@0, org.springframework.boot.test.autoconfigure.web.servlet.WebDriverContextCustomizerFactory$Customizer@6b54655f, org.springframework.boot.test.context.filter.ExcludeFilterContextCustomizer@350ec41e, org.springframework.boot.test.json.DuplicateJsonObjectContextCustomizerFactory$DuplicateJsonObjectContextCustomizer@277f7dd3, org.springframework.boot.test.mock.mockito.MockitoContextCustomizer@0, org.springframework.boot.test.web.client.TestRestTemplateContextCustomizer@3fc9dfc5, org.springframework.boot.test.web.reactive.server.WebTestClientContextCustomizer@58bf8650, org.springframework.boot.test.context.SpringBootTestArgs@1, org.springframework.boot.test.context.SpringBootTestWebEnvironment@6e15fe2], resourceBasePath = 'src/main/webapp', contextLoader = 'org.springframework.boot.test.context.SpringBootContextLoader', parent = [null]], attributes = map['org.springframework.test.context.web.ServletTestExecutionListener.activateListener' -> true, 'org.springframework.test.context.web.ServletTestExecutionListener.populatedRequestContextHolder' -> true, 'org.springframework.test.context.web.ServletTestExecutionListener.resetRequestContextHolder' -> true, 'org.springframework.test.context.event.ApplicationEventsTestExecutionListener.recordApplicationEvents' -> false]]
2023-11-26 15:32:22.752  INFO 20284 --- [    Test worker] o.s.t.c.transaction.TransactionContext   : Began transaction (1) for test context [DefaultTestContext@48d7ad8b testClass = UserServiceTest, testInstance = net.prescent.service.UserServiceTest@77393f2e, testMethod = testLogout@UserServiceTest, testException = [null], mergedContextConfiguration = [WebMergedContextConfiguration@7e053511 testClass = UserServiceTest, locations = '{}', classes = '{class net.prescent.PreScentApplication}', contextInitializerClasses = '[]', activeProfiles = '{}', propertySourceLocations = '{}', propertySourceProperties = '{org.springframework.boot.test.context.SpringBootTestContextBootstrapper=true}', contextCustomizers = set[org.springframework.boot.test.autoconfigure.actuate.metrics.MetricsExportContextCustomizerFactory$DisableMetricExportContextCustomizer@4763c727, org.springframework.boot.test.autoconfigure.properties.PropertyMappingContextCustomizer@0, org.springframework.boot.test.autoconfigure.web.servlet.WebDriverContextCustomizerFactory$Customizer@6b54655f, org.springframework.boot.test.context.filter.ExcludeFilterContextCustomizer@350ec41e, org.springframework.boot.test.json.DuplicateJsonObjectContextCustomizerFactory$DuplicateJsonObjectContextCustomizer@277f7dd3, org.springframework.boot.test.mock.mockito.MockitoContextCustomizer@0, org.springframework.boot.test.web.client.TestRestTemplateContextCustomizer@3fc9dfc5, org.springframework.boot.test.web.reactive.server.WebTestClientContextCustomizer@58bf8650, org.springframework.boot.test.context.SpringBootTestArgs@1, org.springframework.boot.test.context.SpringBootTestWebEnvironment@6e15fe2], resourceBasePath = 'src/main/webapp', contextLoader = 'org.springframework.boot.test.context.SpringBootContextLoader', parent = [null]], attributes = map['org.springframework.test.context.web.ServletTestExecutionListener.activateListener' -> true, 'org.springframework.test.context.web.ServletTestExecutionListener.populatedRequestContextHolder' -> true, 'org.springframework.test.context.web.ServletTestExecutionListener.resetRequestContextHolder' -> true, 'org.springframework.test.context.event.ApplicationEventsTestExecutionListener.recordApplicationEvents' -> false]]; transaction manager [org.springframework.orm.jpa.JpaTransactionManager@9d4d221]; rollback [true]
2023-11-26 15:32:22.754 DEBUG 20284 --- [    Test worker] org.hibernate.SQL                        : 
    select
        customeren0_.user_key as user_key1_7_,
        customeren0_1_.password as password2_7_,
        customeren0_.cart_id as cart_id6_3_,
        customeren0_.id_email as id_email1_3_,
        customeren0_.location as location2_3_,
        customeren0_.name as name3_3_,
        customeren0_.phonenum as phonenum4_3_ 
    from
        customer customeren0_ 
    inner join
        user_entity customeren0_1_ 
            on customeren0_.user_key=customeren0_1_.user_key
Hibernate: 
    select
        customeren0_.user_key as user_key1_7_,
        customeren0_1_.password as password2_7_,
        customeren0_.cart_id as cart_id6_3_,
        customeren0_.id_email as id_email1_3_,
        customeren0_.location as location2_3_,
        customeren0_.name as name3_3_,
        customeren0_.phonenum as phonenum4_3_ 
    from
        customer customeren0_ 
    inner join
        user_entity customeren0_1_ 
            on customeren0_.user_key=customeren0_1_.user_key
2023-11-26 15:32:22.761 DEBUG 20284 --- [    Test worker] org.hibernate.SQL                        : 
    select
        sellerenti0_.user_key as user_key1_7_,
        sellerenti0_1_.password as password2_7_,
        sellerenti0_.business_key as business1_6_,
        sellerenti0_.shop_key as shop_key7_6_,
        sellerenti0_.id_email as id_email2_6_,
        sellerenti0_.isgrant as isgrant3_6_,
        sellerenti0_.name as name4_6_,
        sellerenti0_.phonenum as phonenum5_6_ 
    from
        seller sellerenti0_ 
    inner join
        user_entity sellerenti0_1_ 
            on sellerenti0_.user_key=sellerenti0_1_.user_key
Hibernate: 
    select
        sellerenti0_.user_key as user_key1_7_,
        sellerenti0_1_.password as password2_7_,
        sellerenti0_.business_key as business1_6_,
        sellerenti0_.shop_key as shop_key7_6_,
        sellerenti0_.id_email as id_email2_6_,
        sellerenti0_.isgrant as isgrant3_6_,
        sellerenti0_.name as name4_6_,
        sellerenti0_.phonenum as phonenum5_6_ 
    from
        seller sellerenti0_ 
    inner join
        user_entity sellerenti0_1_ 
            on sellerenti0_.user_key=sellerenti0_1_.user_key
2023-11-26 15:32:22.766 DEBUG 20284 --- [    Test worker] org.hibernate.SQL                        : 
    select
        customeren0_.user_key as user_key1_7_,
        customeren0_1_.password as password2_7_,
        customeren0_.cart_id as cart_id6_3_,
        customeren0_.id_email as id_email1_3_,
        customeren0_.location as location2_3_,
        customeren0_.name as name3_3_,
        customeren0_.phonenum as phonenum4_3_ 
    from
        customer customeren0_ 
    inner join
        user_entity customeren0_1_ 
            on customeren0_.user_key=customeren0_1_.user_key 
    where
        customeren0_.id_email=?
Hibernate: 
    select
        customeren0_.user_key as user_key1_7_,
        customeren0_1_.password as password2_7_,
        customeren0_.cart_id as cart_id6_3_,
        customeren0_.id_email as id_email1_3_,
        customeren0_.location as location2_3_,
        customeren0_.name as name3_3_,
        customeren0_.phonenum as phonenum4_3_ 
    from
        customer customeren0_ 
    inner join
        user_entity customeren0_1_ 
            on customeren0_.user_key=customeren0_1_.user_key 
    where
        customeren0_.id_email=?
2023-11-26 15:32:22.768 TRACE 20284 --- [    Test worker] o.h.type.descriptor.sql.BasicBinder      : binding parameter [1] as [VARCHAR] - [customer@test.com]
2023-11-26 15:32:22.874 DEBUG 20284 --- [    Test worker] org.hibernate.SQL                        : 
    insert 
    into
        user_entity
        (password) 
    values
        (?)
Hibernate: 
    insert 
    into
        user_entity
        (password) 
    values
        (?)
2023-11-26 15:32:22.874 TRACE 20284 --- [    Test worker] o.h.type.descriptor.sql.BasicBinder      : binding parameter [1] as [VARCHAR] - [$2a$10$4j5vrzd8IyfBjfSwdz5X6uz28uAr6Q2pNJCywQ4DTT7lYcV3r9Sxi]
2023-11-26 15:32:22.881 DEBUG 20284 --- [    Test worker] org.hibernate.SQL                        : 
    insert 
    into
        customer
        (cart_id, id_email, location, name, phonenum, user_key) 
    values
        (?, ?, ?, ?, ?, ?)
Hibernate: 
    insert 
    into
        customer
        (cart_id, id_email, location, name, phonenum, user_key) 
    values
        (?, ?, ?, ?, ?, ?)
2023-11-26 15:32:22.882 TRACE 20284 --- [    Test worker] o.h.type.descriptor.sql.BasicBinder      : binding parameter [1] as [INTEGER] - [null]
2023-11-26 15:32:22.882 TRACE 20284 --- [    Test worker] o.h.type.descriptor.sql.BasicBinder      : binding parameter [2] as [VARCHAR] - [customer@test.com]
2023-11-26 15:32:22.882 TRACE 20284 --- [    Test worker] o.h.type.descriptor.sql.BasicBinder      : binding parameter [3] as [VARCHAR] - [Test Location]
2023-11-26 15:32:22.882 TRACE 20284 --- [    Test worker] o.h.type.descriptor.sql.BasicBinder      : binding parameter [4] as [VARCHAR] - [Test Customer]
2023-11-26 15:32:22.882 TRACE 20284 --- [    Test worker] o.h.type.descriptor.sql.BasicBinder      : binding parameter [5] as [VARCHAR] - [010-1234-5678]
2023-11-26 15:32:22.882 TRACE 20284 --- [    Test worker] o.h.type.descriptor.sql.BasicBinder      : binding parameter [6] as [INTEGER] - [7]
2023-11-26 15:32:22.902 DEBUG 20284 --- [    Test worker] org.hibernate.SQL                        : 
    select
        customeren0_.user_key as user_key1_7_,
        customeren0_1_.password as password2_7_,
        customeren0_.cart_id as cart_id6_3_,
        customeren0_.id_email as id_email1_3_,
        customeren0_.location as location2_3_,
        customeren0_.name as name3_3_,
        customeren0_.phonenum as phonenum4_3_ 
    from
        customer customeren0_ 
    inner join
        user_entity customeren0_1_ 
            on customeren0_.user_key=customeren0_1_.user_key 
    where
        customeren0_.id_email=?
Hibernate: 
    select
        customeren0_.user_key as user_key1_7_,
        customeren0_1_.password as password2_7_,
        customeren0_.cart_id as cart_id6_3_,
        customeren0_.id_email as id_email1_3_,
        customeren0_.location as location2_3_,
        customeren0_.name as name3_3_,
        customeren0_.phonenum as phonenum4_3_ 
    from
        customer customeren0_ 
    inner join
        user_entity customeren0_1_ 
            on customeren0_.user_key=customeren0_1_.user_key 
    where
        customeren0_.id_email=?
2023-11-26 15:32:22.903 TRACE 20284 --- [    Test worker] o.h.type.descriptor.sql.BasicBinder      : binding parameter [1] as [VARCHAR] - [customer@test.com]
2023-11-26 15:32:22.936 DEBUG 20284 --- [    Test worker] org.hibernate.SQL                        : 
    select
        sellerenti0_.user_key as user_key1_7_,
        sellerenti0_1_.password as password2_7_,
        sellerenti0_.business_key as business1_6_,
        sellerenti0_.shop_key as shop_key7_6_,
        sellerenti0_.id_email as id_email2_6_,
        sellerenti0_.isgrant as isgrant3_6_,
        sellerenti0_.name as name4_6_,
        sellerenti0_.phonenum as phonenum5_6_ 
    from
        seller sellerenti0_ 
    inner join
        user_entity sellerenti0_1_ 
            on sellerenti0_.user_key=sellerenti0_1_.user_key 
    where
        sellerenti0_.id_email=?
Hibernate: 
    select
        sellerenti0_.user_key as user_key1_7_,
        sellerenti0_1_.password as password2_7_,
        sellerenti0_.business_key as business1_6_,
        sellerenti0_.shop_key as shop_key7_6_,
        sellerenti0_.id_email as id_email2_6_,
        sellerenti0_.isgrant as isgrant3_6_,
        sellerenti0_.name as name4_6_,
        sellerenti0_.phonenum as phonenum5_6_ 
    from
        seller sellerenti0_ 
    inner join
        user_entity sellerenti0_1_ 
            on sellerenti0_.user_key=sellerenti0_1_.user_key 
    where
        sellerenti0_.id_email=?
2023-11-26 15:32:22.936 TRACE 20284 --- [    Test worker] o.h.type.descriptor.sql.BasicBinder      : binding parameter [1] as [VARCHAR] - [customer@test.com]
2023-11-26 15:32:23.031 DEBUG 20284 --- [    Test worker] org.hibernate.SQL                        : 
    select
        accesstoke0_.token as token1_0_0_,
        accesstoke0_.user_key as user_key2_0_0_ 
    from
        access_token accesstoke0_ 
    where
        accesstoke0_.token=?
Hibernate: 
    select
        accesstoke0_.token as token1_0_0_,
        accesstoke0_.user_key as user_key2_0_0_ 
    from
        access_token accesstoke0_ 
    where
        accesstoke0_.token=?
2023-11-26 15:32:23.032 TRACE 20284 --- [    Test worker] o.h.type.descriptor.sql.BasicBinder      : binding parameter [1] as [VARCHAR] - [2bb8aa74-8c1d-4634-a5a3-cf9afbb96ccc]
2023-11-26 15:32:23.079 DEBUG 20284 --- [    Test worker] org.hibernate.SQL                        : 
    insert 
    into
        access_token
        (user_key, token) 
    values
        (?, ?)
Hibernate: 
    insert 
    into
        access_token
        (user_key, token) 
    values
        (?, ?)
2023-11-26 15:32:23.079 TRACE 20284 --- [    Test worker] o.h.type.descriptor.sql.BasicBinder      : binding parameter [1] as [INTEGER] - [7]
2023-11-26 15:32:23.080 TRACE 20284 --- [    Test worker] o.h.type.descriptor.sql.BasicBinder      : binding parameter [2] as [VARCHAR] - [2bb8aa74-8c1d-4634-a5a3-cf9afbb96ccc]
2023-11-26 15:32:23.099 DEBUG 20284 --- [    Test worker] org.hibernate.SQL                        : 
    select
        accesstoke0_.token as token1_0_,
        accesstoke0_.user_key as user_key2_0_ 
    from
        access_token accesstoke0_ 
    where
        accesstoke0_.token=?
Hibernate: 
    select
        accesstoke0_.token as token1_0_,
        accesstoke0_.user_key as user_key2_0_ 
    from
        access_token accesstoke0_ 
    where
        accesstoke0_.token=?
2023-11-26 15:32:23.100 TRACE 20284 --- [    Test worker] o.h.type.descriptor.sql.BasicBinder      : binding parameter [1] as [VARCHAR] - [2bb8aa74-8c1d-4634-a5a3-cf9afbb96ccc]
2023-11-26 15:32:23.109 DEBUG 20284 --- [    Test worker] org.hibernate.SQL                        : 
    delete 
    from
        access_token 
    where
        token=?
Hibernate: 
    delete 
    from
        access_token 
    where
        token=?
2023-11-26 15:32:23.109 TRACE 20284 --- [    Test worker] o.h.type.descriptor.sql.BasicBinder      : binding parameter [1] as [VARCHAR] - [2bb8aa74-8c1d-4634-a5a3-cf9afbb96ccc]
2023-11-26 15:32:23.116 DEBUG 20284 --- [    Test worker] org.hibernate.SQL                        : 
    select
        accesstoke0_.token as token1_0_,
        accesstoke0_.user_key as user_key2_0_ 
    from
        access_token accesstoke0_ 
    where
        accesstoke0_.token=?
Hibernate: 
    select
        accesstoke0_.token as token1_0_,
        accesstoke0_.user_key as user_key2_0_ 
    from
        access_token accesstoke0_ 
    where
        accesstoke0_.token=?
2023-11-26 15:32:23.117 TRACE 20284 --- [    Test worker] o.h.type.descriptor.sql.BasicBinder      : binding parameter [1] as [VARCHAR] - [2bb8aa74-8c1d-4634-a5a3-cf9afbb96ccc]
2023-11-26 15:32:23.185  INFO 20284 --- [    Test worker] o.s.t.c.transaction.TransactionContext   : Rolled back transaction for test: [DefaultTestContext@48d7ad8b testClass = UserServiceTest, testInstance = net.prescent.service.UserServiceTest@77393f2e, testMethod = testLogout@UserServiceTest, testException = [null], mergedContextConfiguration = [WebMergedContextConfiguration@7e053511 testClass = UserServiceTest, locations = '{}', classes = '{class net.prescent.PreScentApplication}', contextInitializerClasses = '[]', activeProfiles = '{}', propertySourceLocations = '{}', propertySourceProperties = '{org.springframework.boot.test.context.SpringBootTestContextBootstrapper=true}', contextCustomizers = set[org.springframework.boot.test.autoconfigure.actuate.metrics.MetricsExportContextCustomizerFactory$DisableMetricExportContextCustomizer@4763c727, org.springframework.boot.test.autoconfigure.properties.PropertyMappingContextCustomizer@0, org.springframework.boot.test.autoconfigure.web.servlet.WebDriverContextCustomizerFactory$Customizer@6b54655f, org.springframework.boot.test.context.filter.ExcludeFilterContextCustomizer@350ec41e, org.springframework.boot.test.json.DuplicateJsonObjectContextCustomizerFactory$DuplicateJsonObjectContextCustomizer@277f7dd3, org.springframework.boot.test.mock.mockito.MockitoContextCustomizer@0, org.springframework.boot.test.web.client.TestRestTemplateContextCustomizer@3fc9dfc5, org.springframework.boot.test.web.reactive.server.WebTestClientContextCustomizer@58bf8650, org.springframework.boot.test.context.SpringBootTestArgs@1, org.springframework.boot.test.context.SpringBootTestWebEnvironment@6e15fe2], resourceBasePath = 'src/main/webapp', contextLoader = 'org.springframework.boot.test.context.SpringBootContextLoader', parent = [null]], attributes = map['org.springframework.test.context.web.ServletTestExecutionListener.activateListener' -> true, 'org.springframework.test.context.web.ServletTestExecutionListener.populatedRequestContextHolder' -> true, 'org.springframework.test.context.web.ServletTestExecutionListener.resetRequestContextHolder' -> true, 'org.springframework.test.context.event.ApplicationEventsTestExecutionListener.recordApplicationEvents' -> false]]
]]></system-out>
  <system-err><![CDATA[]]></system-err>
</testsuite>
