<?xml version="1.0" encoding="UTF-8"?>
<testsuite name="net.prescent.service.SellerServiceTest" tests="6" skipped="0" failures="0" errors="0" timestamp="2023-11-25T02:39:49" hostname="LAPTOP-Q5F6TAOM" time="1.767">
  <properties/>
  <testcase name="중복 사업자번호 가입 테스트" classname="net.prescent.service.SellerServiceTest" time="0.187"/>
  <testcase name="판매자 회원가입 테스트" classname="net.prescent.service.SellerServiceTest" time="0.304"/>
  <testcase name="판매자 로그아웃 테스트" classname="net.prescent.service.SellerServiceTest" time="0.426"/>
  <testcase name="판매자 로그인 실패 - 잘못된 비밀번호 테스트" classname="net.prescent.service.SellerServiceTest" time="0.346"/>
  <testcase name="판매자 로그인 성공 테스트" classname="net.prescent.service.SellerServiceTest" time="0.316"/>
  <testcase name="판매자 로그인 실패 - 잘못된 Email 테스트" classname="net.prescent.service.SellerServiceTest" time="0.181"/>
  <system-out><![CDATA[2023-11-25 11:39:49.583  INFO 17932 --- [    Test worker] .b.t.c.SpringBootTestContextBootstrapper : Neither @ContextConfiguration nor @ContextHierarchy found for test class [net.prescent.service.SellerServiceTest], using SpringBootContextLoader
2023-11-25 11:39:49.585  INFO 17932 --- [    Test worker] o.s.t.c.support.AbstractContextLoader    : Could not detect default resource locations for test class [net.prescent.service.SellerServiceTest]: no resource found for suffixes {-context.xml, Context.groovy}.
2023-11-25 11:39:49.585  INFO 17932 --- [    Test worker] t.c.s.AnnotationConfigContextLoaderUtils : Could not detect default configuration classes for test class [net.prescent.service.SellerServiceTest]: SellerServiceTest does not declare any static, non-private, non-final, nested classes annotated with @Configuration.
2023-11-25 11:39:49.588  INFO 17932 --- [    Test worker] .b.t.c.SpringBootTestContextBootstrapper : Found @SpringBootConfiguration net.prescent.PreScentApplication for test class net.prescent.service.SellerServiceTest
2023-11-25 11:39:49.591  INFO 17932 --- [    Test worker] .b.t.c.SpringBootTestContextBootstrapper : Loaded default TestExecutionListener class names from location [META-INF/spring.factories]: [org.springframework.security.test.context.support.WithSecurityContextTestExecutionListener, org.springframework.security.test.context.support.ReactorContextTestExecutionListener, org.springframework.boot.test.autoconfigure.restdocs.RestDocsTestExecutionListener, org.springframework.boot.test.autoconfigure.web.client.MockRestServiceServerResetTestExecutionListener, org.springframework.boot.test.autoconfigure.web.servlet.MockMvcPrintOnlyOnFailureTestExecutionListener, org.springframework.boot.test.autoconfigure.web.servlet.WebDriverTestExecutionListener, org.springframework.boot.test.autoconfigure.webservices.client.MockWebServiceServerTestExecutionListener, org.springframework.boot.test.mock.mockito.MockitoTestExecutionListener, org.springframework.boot.test.mock.mockito.ResetMocksTestExecutionListener, org.springframework.test.context.web.ServletTestExecutionListener, org.springframework.test.context.support.DirtiesContextBeforeModesTestExecutionListener, org.springframework.test.context.event.ApplicationEventsTestExecutionListener, org.springframework.test.context.support.DependencyInjectionTestExecutionListener, org.springframework.test.context.support.DirtiesContextTestExecutionListener, org.springframework.test.context.transaction.TransactionalTestExecutionListener, org.springframework.test.context.jdbc.SqlScriptsTestExecutionListener, org.springframework.test.context.event.EventPublishingTestExecutionListener]
2023-11-25 11:39:49.591  INFO 17932 --- [    Test worker] .b.t.c.SpringBootTestContextBootstrapper : Using TestExecutionListeners: [org.springframework.test.context.web.ServletTestExecutionListener@173e4b75, org.springframework.test.context.support.DirtiesContextBeforeModesTestExecutionListener@78f2cab9, org.springframework.test.context.event.ApplicationEventsTestExecutionListener@32441ed4, org.springframework.boot.test.mock.mockito.MockitoTestExecutionListener@3fc2197d, org.springframework.boot.test.autoconfigure.SpringBootDependencyInjectionTestExecutionListener@5a429813, org.springframework.test.context.support.DirtiesContextTestExecutionListener@348b26e0, org.springframework.test.context.transaction.TransactionalTestExecutionListener@26ab3c1b, org.springframework.test.context.jdbc.SqlScriptsTestExecutionListener@98dc042, org.springframework.security.test.context.support.WithSecurityContextTestExecutionListener@47c14360, org.springframework.test.context.event.EventPublishingTestExecutionListener@2a90c15e, org.springframework.security.test.context.support.ReactorContextTestExecutionListener@55a46bf3, org.springframework.boot.test.autoconfigure.restdocs.RestDocsTestExecutionListener@324c3ed5, org.springframework.boot.test.autoconfigure.web.client.MockRestServiceServerResetTestExecutionListener@7f5ba1bf, org.springframework.boot.test.autoconfigure.web.servlet.MockMvcPrintOnlyOnFailureTestExecutionListener@536d153b, org.springframework.boot.test.autoconfigure.web.servlet.WebDriverTestExecutionListener@25e01756, org.springframework.boot.test.autoconfigure.webservices.client.MockWebServiceServerTestExecutionListener@76093fa9, org.springframework.boot.test.mock.mockito.ResetMocksTestExecutionListener@547d3e8e]
2023-11-25 11:39:49.607  INFO 17932 --- [    Test worker] o.s.t.c.transaction.TransactionContext   : Began transaction (1) for test context [DefaultTestContext@36117f63 testClass = SellerServiceTest, testInstance = net.prescent.service.SellerServiceTest@1227862a, testMethod = signupDuplicateBusinessKeyTest@SellerServiceTest, testException = [null], mergedContextConfiguration = [WebMergedContextConfiguration@55ed76e6 testClass = SellerServiceTest, locations = '{}', classes = '{class net.prescent.PreScentApplication}', contextInitializerClasses = '[]', activeProfiles = '{}', propertySourceLocations = '{}', propertySourceProperties = '{org.springframework.boot.test.context.SpringBootTestContextBootstrapper=true}', contextCustomizers = set[org.springframework.boot.test.autoconfigure.actuate.metrics.MetricsExportContextCustomizerFactory$DisableMetricExportContextCustomizer@36676c1a, org.springframework.boot.test.autoconfigure.properties.PropertyMappingContextCustomizer@0, org.springframework.boot.test.autoconfigure.web.servlet.WebDriverContextCustomizerFactory$Customizer@6c8bca63, org.springframework.boot.test.context.filter.ExcludeFilterContextCustomizer@2b491fee, org.springframework.boot.test.json.DuplicateJsonObjectContextCustomizerFactory$DuplicateJsonObjectContextCustomizer@63192798, org.springframework.boot.test.mock.mockito.MockitoContextCustomizer@0, org.springframework.boot.test.web.client.TestRestTemplateContextCustomizer@6f0ca692, org.springframework.boot.test.web.reactive.server.WebTestClientContextCustomizer@1d7f7be7, org.springframework.boot.test.context.SpringBootTestArgs@1, org.springframework.boot.test.context.SpringBootTestWebEnvironment@2a3888c1], resourceBasePath = 'src/main/webapp', contextLoader = 'org.springframework.boot.test.context.SpringBootContextLoader', parent = [null]], attributes = map['org.springframework.test.context.web.ServletTestExecutionListener.activateListener' -> true, 'org.springframework.test.context.web.ServletTestExecutionListener.populatedRequestContextHolder' -> true, 'org.springframework.test.context.web.ServletTestExecutionListener.resetRequestContextHolder' -> true, 'org.springframework.test.context.event.ApplicationEventsTestExecutionListener.recordApplicationEvents' -> false]]; transaction manager [org.springframework.orm.jpa.JpaTransactionManager@2a5917f6]; rollback [true]
2023-11-25 11:39:49.609 DEBUG 17932 --- [    Test worker] org.hibernate.SQL                        : 
    create temporary table if not exists HT_seller (user_key integer not null) 
Hibernate: 
    create temporary table if not exists HT_seller (user_key integer not null) 
2023-11-25 11:39:49.615 DEBUG 17932 --- [    Test worker] org.hibernate.SQL                        : 
    insert 
    into
        HT_seller
        select
            sellerenti0_.user_key as user_key 
        from
            seller sellerenti0_ 
        inner join
            user_entity sellerenti0_1_ 
                on sellerenti0_.user_key=sellerenti0_1_.user_key
Hibernate: 
    insert 
    into
        HT_seller
        select
            sellerenti0_.user_key as user_key 
        from
            seller sellerenti0_ 
        inner join
            user_entity sellerenti0_1_ 
                on sellerenti0_.user_key=sellerenti0_1_.user_key
2023-11-25 11:39:49.622 DEBUG 17932 --- [    Test worker] org.hibernate.SQL                        : 
    delete 
    from
        seller 
    where
        (
            user_key
        ) IN (
            select
                user_key 
            from
                HT_seller
        )
Hibernate: 
    delete 
    from
        seller 
    where
        (
            user_key
        ) IN (
            select
                user_key 
            from
                HT_seller
        )
2023-11-25 11:39:49.628 DEBUG 17932 --- [    Test worker] org.hibernate.SQL                        : 
    delete 
    from
        user_entity 
    where
        (
            user_key
        ) IN (
            select
                user_key 
            from
                HT_seller
        )
Hibernate: 
    delete 
    from
        user_entity 
    where
        (
            user_key
        ) IN (
            select
                user_key 
            from
                HT_seller
        )
2023-11-25 11:39:49.633 DEBUG 17932 --- [    Test worker] org.hibernate.SQL                        : 
    drop temporary table HT_seller
Hibernate: 
    drop temporary table HT_seller
2023-11-25 11:39:49.641 DEBUG 17932 --- [    Test worker] org.hibernate.SQL                        : 
    select
        sellerenti0_.user_key as user_key1_7_,
        sellerenti0_.business_key as business1_6_,
        sellerenti0_.shop_key as shop_key8_6_,
        sellerenti0_.isgrant as isgrant2_6_,
        sellerenti0_.seller_id_email as seller_i3_6_,
        sellerenti0_.seller_name as seller_n4_6_,
        sellerenti0_.seller_password as seller_p5_6_,
        sellerenti0_.seller_phonenum as seller_p6_6_ 
    from
        seller sellerenti0_ 
    inner join
        user_entity sellerenti0_1_ 
            on sellerenti0_.user_key=sellerenti0_1_.user_key 
    where
        sellerenti0_.business_key=?
Hibernate: 
    select
        sellerenti0_.user_key as user_key1_7_,
        sellerenti0_.business_key as business1_6_,
        sellerenti0_.shop_key as shop_key8_6_,
        sellerenti0_.isgrant as isgrant2_6_,
        sellerenti0_.seller_id_email as seller_i3_6_,
        sellerenti0_.seller_name as seller_n4_6_,
        sellerenti0_.seller_password as seller_p5_6_,
        sellerenti0_.seller_phonenum as seller_p6_6_ 
    from
        seller sellerenti0_ 
    inner join
        user_entity sellerenti0_1_ 
            on sellerenti0_.user_key=sellerenti0_1_.user_key 
    where
        sellerenti0_.business_key=?
2023-11-25 11:39:49.641 TRACE 17932 --- [    Test worker] o.h.type.descriptor.sql.BasicBinder      : binding parameter [1] as [INTEGER] - [1234512345]
2023-11-25 11:39:49.734 DEBUG 17932 --- [    Test worker] org.hibernate.SQL                        : 
    insert 
    into
        user_entity
        
    values
        ( )
Hibernate: 
    insert 
    into
        user_entity
        
    values
        ( )
2023-11-25 11:39:49.740 DEBUG 17932 --- [    Test worker] org.hibernate.SQL                        : 
    insert 
    into
        seller
        (business_key, shop_key, isgrant, seller_id_email, seller_name, seller_password, seller_phonenum, user_key) 
    values
        (?, ?, ?, ?, ?, ?, ?, ?)
Hibernate: 
    insert 
    into
        seller
        (business_key, shop_key, isgrant, seller_id_email, seller_name, seller_password, seller_phonenum, user_key) 
    values
        (?, ?, ?, ?, ?, ?, ?, ?)
2023-11-25 11:39:49.741 TRACE 17932 --- [    Test worker] o.h.type.descriptor.sql.BasicBinder      : binding parameter [1] as [INTEGER] - [1234512345]
2023-11-25 11:39:49.741 TRACE 17932 --- [    Test worker] o.h.type.descriptor.sql.BasicBinder      : binding parameter [2] as [INTEGER] - [null]
2023-11-25 11:39:49.741 TRACE 17932 --- [    Test worker] o.h.type.descriptor.sql.BasicBinder      : binding parameter [3] as [INTEGER] - [null]
2023-11-25 11:39:49.741 TRACE 17932 --- [    Test worker] o.h.type.descriptor.sql.BasicBinder      : binding parameter [4] as [VARCHAR] - [sellerTest@gmail.com]
2023-11-25 11:39:49.741 TRACE 17932 --- [    Test worker] o.h.type.descriptor.sql.BasicBinder      : binding parameter [5] as [VARCHAR] - [사업자]
2023-11-25 11:39:49.741 TRACE 17932 --- [    Test worker] o.h.type.descriptor.sql.BasicBinder      : binding parameter [6] as [VARCHAR] - [$2a$10$ZugfQbs/CLSWLON6FA5CF.OTOM8ZXRzJTYZSm2VVDVw5fjyqnisHS]
2023-11-25 11:39:49.741 TRACE 17932 --- [    Test worker] o.h.type.descriptor.sql.BasicBinder      : binding parameter [7] as [VARCHAR] - [010-5678-5678]
2023-11-25 11:39:49.741 TRACE 17932 --- [    Test worker] o.h.type.descriptor.sql.BasicBinder      : binding parameter [8] as [INTEGER] - [9]
2023-11-25 11:39:49.748 DEBUG 17932 --- [    Test worker] org.hibernate.SQL                        : 
    select
        sellerenti0_.user_key as user_key1_7_,
        sellerenti0_.business_key as business1_6_,
        sellerenti0_.shop_key as shop_key8_6_,
        sellerenti0_.isgrant as isgrant2_6_,
        sellerenti0_.seller_id_email as seller_i3_6_,
        sellerenti0_.seller_name as seller_n4_6_,
        sellerenti0_.seller_password as seller_p5_6_,
        sellerenti0_.seller_phonenum as seller_p6_6_ 
    from
        seller sellerenti0_ 
    inner join
        user_entity sellerenti0_1_ 
            on sellerenti0_.user_key=sellerenti0_1_.user_key 
    where
        sellerenti0_.business_key=?
Hibernate: 
    select
        sellerenti0_.user_key as user_key1_7_,
        sellerenti0_.business_key as business1_6_,
        sellerenti0_.shop_key as shop_key8_6_,
        sellerenti0_.isgrant as isgrant2_6_,
        sellerenti0_.seller_id_email as seller_i3_6_,
        sellerenti0_.seller_name as seller_n4_6_,
        sellerenti0_.seller_password as seller_p5_6_,
        sellerenti0_.seller_phonenum as seller_p6_6_ 
    from
        seller sellerenti0_ 
    inner join
        user_entity sellerenti0_1_ 
            on sellerenti0_.user_key=sellerenti0_1_.user_key 
    where
        sellerenti0_.business_key=?
2023-11-25 11:39:49.749 TRACE 17932 --- [    Test worker] o.h.type.descriptor.sql.BasicBinder      : binding parameter [1] as [INTEGER] - [1234512345]
2023-11-25 11:39:49.784  INFO 17932 --- [    Test worker] o.s.t.c.transaction.TransactionContext   : Rolled back transaction for test: [DefaultTestContext@36117f63 testClass = SellerServiceTest, testInstance = net.prescent.service.SellerServiceTest@1227862a, testMethod = signupDuplicateBusinessKeyTest@SellerServiceTest, testException = [null], mergedContextConfiguration = [WebMergedContextConfiguration@55ed76e6 testClass = SellerServiceTest, locations = '{}', classes = '{class net.prescent.PreScentApplication}', contextInitializerClasses = '[]', activeProfiles = '{}', propertySourceLocations = '{}', propertySourceProperties = '{org.springframework.boot.test.context.SpringBootTestContextBootstrapper=true}', contextCustomizers = set[org.springframework.boot.test.autoconfigure.actuate.metrics.MetricsExportContextCustomizerFactory$DisableMetricExportContextCustomizer@36676c1a, org.springframework.boot.test.autoconfigure.properties.PropertyMappingContextCustomizer@0, org.springframework.boot.test.autoconfigure.web.servlet.WebDriverContextCustomizerFactory$Customizer@6c8bca63, org.springframework.boot.test.context.filter.ExcludeFilterContextCustomizer@2b491fee, org.springframework.boot.test.json.DuplicateJsonObjectContextCustomizerFactory$DuplicateJsonObjectContextCustomizer@63192798, org.springframework.boot.test.mock.mockito.MockitoContextCustomizer@0, org.springframework.boot.test.web.client.TestRestTemplateContextCustomizer@6f0ca692, org.springframework.boot.test.web.reactive.server.WebTestClientContextCustomizer@1d7f7be7, org.springframework.boot.test.context.SpringBootTestArgs@1, org.springframework.boot.test.context.SpringBootTestWebEnvironment@2a3888c1], resourceBasePath = 'src/main/webapp', contextLoader = 'org.springframework.boot.test.context.SpringBootContextLoader', parent = [null]], attributes = map['org.springframework.test.context.web.ServletTestExecutionListener.activateListener' -> true, 'org.springframework.test.context.web.ServletTestExecutionListener.populatedRequestContextHolder' -> true, 'org.springframework.test.context.web.ServletTestExecutionListener.resetRequestContextHolder' -> true, 'org.springframework.test.context.event.ApplicationEventsTestExecutionListener.recordApplicationEvents' -> false]]
2023-11-25 11:39:49.793  INFO 17932 --- [    Test worker] o.s.t.c.transaction.TransactionContext   : Began transaction (1) for test context [DefaultTestContext@36117f63 testClass = SellerServiceTest, testInstance = net.prescent.service.SellerServiceTest@4d20d8e6, testMethod = signupSellerTest@SellerServiceTest, testException = [null], mergedContextConfiguration = [WebMergedContextConfiguration@55ed76e6 testClass = SellerServiceTest, locations = '{}', classes = '{class net.prescent.PreScentApplication}', contextInitializerClasses = '[]', activeProfiles = '{}', propertySourceLocations = '{}', propertySourceProperties = '{org.springframework.boot.test.context.SpringBootTestContextBootstrapper=true}', contextCustomizers = set[org.springframework.boot.test.autoconfigure.actuate.metrics.MetricsExportContextCustomizerFactory$DisableMetricExportContextCustomizer@36676c1a, org.springframework.boot.test.autoconfigure.properties.PropertyMappingContextCustomizer@0, org.springframework.boot.test.autoconfigure.web.servlet.WebDriverContextCustomizerFactory$Customizer@6c8bca63, org.springframework.boot.test.context.filter.ExcludeFilterContextCustomizer@2b491fee, org.springframework.boot.test.json.DuplicateJsonObjectContextCustomizerFactory$DuplicateJsonObjectContextCustomizer@63192798, org.springframework.boot.test.mock.mockito.MockitoContextCustomizer@0, org.springframework.boot.test.web.client.TestRestTemplateContextCustomizer@6f0ca692, org.springframework.boot.test.web.reactive.server.WebTestClientContextCustomizer@1d7f7be7, org.springframework.boot.test.context.SpringBootTestArgs@1, org.springframework.boot.test.context.SpringBootTestWebEnvironment@2a3888c1], resourceBasePath = 'src/main/webapp', contextLoader = 'org.springframework.boot.test.context.SpringBootContextLoader', parent = [null]], attributes = map['org.springframework.test.context.web.ServletTestExecutionListener.activateListener' -> true, 'org.springframework.test.context.web.ServletTestExecutionListener.populatedRequestContextHolder' -> true, 'org.springframework.test.context.web.ServletTestExecutionListener.resetRequestContextHolder' -> true, 'org.springframework.test.context.event.ApplicationEventsTestExecutionListener.recordApplicationEvents' -> false]]; transaction manager [org.springframework.orm.jpa.JpaTransactionManager@2a5917f6]; rollback [true]
2023-11-25 11:39:49.796 DEBUG 17932 --- [    Test worker] org.hibernate.SQL                        : 
    create temporary table if not exists HT_seller (user_key integer not null) 
Hibernate: 
    create temporary table if not exists HT_seller (user_key integer not null) 
2023-11-25 11:39:49.801 DEBUG 17932 --- [    Test worker] org.hibernate.SQL                        : 
    insert 
    into
        HT_seller
        select
            sellerenti0_.user_key as user_key 
        from
            seller sellerenti0_ 
        inner join
            user_entity sellerenti0_1_ 
                on sellerenti0_.user_key=sellerenti0_1_.user_key
Hibernate: 
    insert 
    into
        HT_seller
        select
            sellerenti0_.user_key as user_key 
        from
            seller sellerenti0_ 
        inner join
            user_entity sellerenti0_1_ 
                on sellerenti0_.user_key=sellerenti0_1_.user_key
2023-11-25 11:39:49.806 DEBUG 17932 --- [    Test worker] org.hibernate.SQL                        : 
    delete 
    from
        seller 
    where
        (
            user_key
        ) IN (
            select
                user_key 
            from
                HT_seller
        )
Hibernate: 
    delete 
    from
        seller 
    where
        (
            user_key
        ) IN (
            select
                user_key 
            from
                HT_seller
        )
2023-11-25 11:39:49.813 DEBUG 17932 --- [    Test worker] org.hibernate.SQL                        : 
    delete 
    from
        user_entity 
    where
        (
            user_key
        ) IN (
            select
                user_key 
            from
                HT_seller
        )
Hibernate: 
    delete 
    from
        user_entity 
    where
        (
            user_key
        ) IN (
            select
                user_key 
            from
                HT_seller
        )
2023-11-25 11:39:49.818 DEBUG 17932 --- [    Test worker] org.hibernate.SQL                        : 
    drop temporary table HT_seller
Hibernate: 
    drop temporary table HT_seller
2023-11-25 11:39:49.824 DEBUG 17932 --- [    Test worker] org.hibernate.SQL                        : 
    select
        sellerenti0_.user_key as user_key1_7_,
        sellerenti0_.business_key as business1_6_,
        sellerenti0_.shop_key as shop_key8_6_,
        sellerenti0_.isgrant as isgrant2_6_,
        sellerenti0_.seller_id_email as seller_i3_6_,
        sellerenti0_.seller_name as seller_n4_6_,
        sellerenti0_.seller_password as seller_p5_6_,
        sellerenti0_.seller_phonenum as seller_p6_6_ 
    from
        seller sellerenti0_ 
    inner join
        user_entity sellerenti0_1_ 
            on sellerenti0_.user_key=sellerenti0_1_.user_key 
    where
        sellerenti0_.business_key=?
Hibernate: 
    select
        sellerenti0_.user_key as user_key1_7_,
        sellerenti0_.business_key as business1_6_,
        sellerenti0_.shop_key as shop_key8_6_,
        sellerenti0_.isgrant as isgrant2_6_,
        sellerenti0_.seller_id_email as seller_i3_6_,
        sellerenti0_.seller_name as seller_n4_6_,
        sellerenti0_.seller_password as seller_p5_6_,
        sellerenti0_.seller_phonenum as seller_p6_6_ 
    from
        seller sellerenti0_ 
    inner join
        user_entity sellerenti0_1_ 
            on sellerenti0_.user_key=sellerenti0_1_.user_key 
    where
        sellerenti0_.business_key=?
2023-11-25 11:39:49.825 TRACE 17932 --- [    Test worker] o.h.type.descriptor.sql.BasicBinder      : binding parameter [1] as [INTEGER] - [1234512345]
2023-11-25 11:39:49.919 DEBUG 17932 --- [    Test worker] org.hibernate.SQL                        : 
    insert 
    into
        user_entity
        
    values
        ( )
Hibernate: 
    insert 
    into
        user_entity
        
    values
        ( )
2023-11-25 11:39:49.927 DEBUG 17932 --- [    Test worker] org.hibernate.SQL                        : 
    insert 
    into
        seller
        (business_key, shop_key, isgrant, seller_id_email, seller_name, seller_password, seller_phonenum, user_key) 
    values
        (?, ?, ?, ?, ?, ?, ?, ?)
Hibernate: 
    insert 
    into
        seller
        (business_key, shop_key, isgrant, seller_id_email, seller_name, seller_password, seller_phonenum, user_key) 
    values
        (?, ?, ?, ?, ?, ?, ?, ?)
2023-11-25 11:39:49.928 TRACE 17932 --- [    Test worker] o.h.type.descriptor.sql.BasicBinder      : binding parameter [1] as [INTEGER] - [1234512345]
2023-11-25 11:39:49.928 TRACE 17932 --- [    Test worker] o.h.type.descriptor.sql.BasicBinder      : binding parameter [2] as [INTEGER] - [null]
2023-11-25 11:39:49.928 TRACE 17932 --- [    Test worker] o.h.type.descriptor.sql.BasicBinder      : binding parameter [3] as [INTEGER] - [null]
2023-11-25 11:39:49.928 TRACE 17932 --- [    Test worker] o.h.type.descriptor.sql.BasicBinder      : binding parameter [4] as [VARCHAR] - [sellerTest@gmail.com]
2023-11-25 11:39:49.928 TRACE 17932 --- [    Test worker] o.h.type.descriptor.sql.BasicBinder      : binding parameter [5] as [VARCHAR] - [사업자]
2023-11-25 11:39:49.928 TRACE 17932 --- [    Test worker] o.h.type.descriptor.sql.BasicBinder      : binding parameter [6] as [VARCHAR] - [$2a$10$EnQzZHuhlRVT3CrIhjYrEefC.4BPYlMaiJDuPZYlC9bE/YZD9H5ue]
2023-11-25 11:39:49.928 TRACE 17932 --- [    Test worker] o.h.type.descriptor.sql.BasicBinder      : binding parameter [7] as [VARCHAR] - [010-5678-5678]
2023-11-25 11:39:49.928 TRACE 17932 --- [    Test worker] o.h.type.descriptor.sql.BasicBinder      : binding parameter [8] as [INTEGER] - [10]
2023-11-25 11:39:49.939 DEBUG 17932 --- [    Test worker] org.hibernate.SQL                        : 
    select
        sellerenti0_.user_key as user_key1_7_,
        sellerenti0_.business_key as business1_6_,
        sellerenti0_.shop_key as shop_key8_6_,
        sellerenti0_.isgrant as isgrant2_6_,
        sellerenti0_.seller_id_email as seller_i3_6_,
        sellerenti0_.seller_name as seller_n4_6_,
        sellerenti0_.seller_password as seller_p5_6_,
        sellerenti0_.seller_phonenum as seller_p6_6_ 
    from
        seller sellerenti0_ 
    inner join
        user_entity sellerenti0_1_ 
            on sellerenti0_.user_key=sellerenti0_1_.user_key 
    where
        sellerenti0_.seller_id_email=?
Hibernate: 
    select
        sellerenti0_.user_key as user_key1_7_,
        sellerenti0_.business_key as business1_6_,
        sellerenti0_.shop_key as shop_key8_6_,
        sellerenti0_.isgrant as isgrant2_6_,
        sellerenti0_.seller_id_email as seller_i3_6_,
        sellerenti0_.seller_name as seller_n4_6_,
        sellerenti0_.seller_password as seller_p5_6_,
        sellerenti0_.seller_phonenum as seller_p6_6_ 
    from
        seller sellerenti0_ 
    inner join
        user_entity sellerenti0_1_ 
            on sellerenti0_.user_key=sellerenti0_1_.user_key 
    where
        sellerenti0_.seller_id_email=?
2023-11-25 11:39:49.940 TRACE 17932 --- [    Test worker] o.h.type.descriptor.sql.BasicBinder      : binding parameter [1] as [VARCHAR] - [sellerTest@gmail.com]
2023-11-25 11:39:50.088  INFO 17932 --- [    Test worker] o.s.t.c.transaction.TransactionContext   : Rolled back transaction for test: [DefaultTestContext@36117f63 testClass = SellerServiceTest, testInstance = net.prescent.service.SellerServiceTest@4d20d8e6, testMethod = signupSellerTest@SellerServiceTest, testException = [null], mergedContextConfiguration = [WebMergedContextConfiguration@55ed76e6 testClass = SellerServiceTest, locations = '{}', classes = '{class net.prescent.PreScentApplication}', contextInitializerClasses = '[]', activeProfiles = '{}', propertySourceLocations = '{}', propertySourceProperties = '{org.springframework.boot.test.context.SpringBootTestContextBootstrapper=true}', contextCustomizers = set[org.springframework.boot.test.autoconfigure.actuate.metrics.MetricsExportContextCustomizerFactory$DisableMetricExportContextCustomizer@36676c1a, org.springframework.boot.test.autoconfigure.properties.PropertyMappingContextCustomizer@0, org.springframework.boot.test.autoconfigure.web.servlet.WebDriverContextCustomizerFactory$Customizer@6c8bca63, org.springframework.boot.test.context.filter.ExcludeFilterContextCustomizer@2b491fee, org.springframework.boot.test.json.DuplicateJsonObjectContextCustomizerFactory$DuplicateJsonObjectContextCustomizer@63192798, org.springframework.boot.test.mock.mockito.MockitoContextCustomizer@0, org.springframework.boot.test.web.client.TestRestTemplateContextCustomizer@6f0ca692, org.springframework.boot.test.web.reactive.server.WebTestClientContextCustomizer@1d7f7be7, org.springframework.boot.test.context.SpringBootTestArgs@1, org.springframework.boot.test.context.SpringBootTestWebEnvironment@2a3888c1], resourceBasePath = 'src/main/webapp', contextLoader = 'org.springframework.boot.test.context.SpringBootContextLoader', parent = [null]], attributes = map['org.springframework.test.context.web.ServletTestExecutionListener.activateListener' -> true, 'org.springframework.test.context.web.ServletTestExecutionListener.populatedRequestContextHolder' -> true, 'org.springframework.test.context.web.ServletTestExecutionListener.resetRequestContextHolder' -> true, 'org.springframework.test.context.event.ApplicationEventsTestExecutionListener.recordApplicationEvents' -> false]]
2023-11-25 11:39:50.096  INFO 17932 --- [    Test worker] o.s.t.c.transaction.TransactionContext   : Began transaction (1) for test context [DefaultTestContext@36117f63 testClass = SellerServiceTest, testInstance = net.prescent.service.SellerServiceTest@299022a9, testMethod = logoutTest@SellerServiceTest, testException = [null], mergedContextConfiguration = [WebMergedContextConfiguration@55ed76e6 testClass = SellerServiceTest, locations = '{}', classes = '{class net.prescent.PreScentApplication}', contextInitializerClasses = '[]', activeProfiles = '{}', propertySourceLocations = '{}', propertySourceProperties = '{org.springframework.boot.test.context.SpringBootTestContextBootstrapper=true}', contextCustomizers = set[org.springframework.boot.test.autoconfigure.actuate.metrics.MetricsExportContextCustomizerFactory$DisableMetricExportContextCustomizer@36676c1a, org.springframework.boot.test.autoconfigure.properties.PropertyMappingContextCustomizer@0, org.springframework.boot.test.autoconfigure.web.servlet.WebDriverContextCustomizerFactory$Customizer@6c8bca63, org.springframework.boot.test.context.filter.ExcludeFilterContextCustomizer@2b491fee, org.springframework.boot.test.json.DuplicateJsonObjectContextCustomizerFactory$DuplicateJsonObjectContextCustomizer@63192798, org.springframework.boot.test.mock.mockito.MockitoContextCustomizer@0, org.springframework.boot.test.web.client.TestRestTemplateContextCustomizer@6f0ca692, org.springframework.boot.test.web.reactive.server.WebTestClientContextCustomizer@1d7f7be7, org.springframework.boot.test.context.SpringBootTestArgs@1, org.springframework.boot.test.context.SpringBootTestWebEnvironment@2a3888c1], resourceBasePath = 'src/main/webapp', contextLoader = 'org.springframework.boot.test.context.SpringBootContextLoader', parent = [null]], attributes = map['org.springframework.test.context.web.ServletTestExecutionListener.activateListener' -> true, 'org.springframework.test.context.web.ServletTestExecutionListener.populatedRequestContextHolder' -> true, 'org.springframework.test.context.web.ServletTestExecutionListener.resetRequestContextHolder' -> true, 'org.springframework.test.context.event.ApplicationEventsTestExecutionListener.recordApplicationEvents' -> false]]; transaction manager [org.springframework.orm.jpa.JpaTransactionManager@2a5917f6]; rollback [true]
2023-11-25 11:39:50.097 DEBUG 17932 --- [    Test worker] org.hibernate.SQL                        : 
    create temporary table if not exists HT_seller (user_key integer not null) 
Hibernate: 
    create temporary table if not exists HT_seller (user_key integer not null) 
2023-11-25 11:39:50.104 DEBUG 17932 --- [    Test worker] org.hibernate.SQL                        : 
    insert 
    into
        HT_seller
        select
            sellerenti0_.user_key as user_key 
        from
            seller sellerenti0_ 
        inner join
            user_entity sellerenti0_1_ 
                on sellerenti0_.user_key=sellerenti0_1_.user_key
Hibernate: 
    insert 
    into
        HT_seller
        select
            sellerenti0_.user_key as user_key 
        from
            seller sellerenti0_ 
        inner join
            user_entity sellerenti0_1_ 
                on sellerenti0_.user_key=sellerenti0_1_.user_key
2023-11-25 11:39:50.111 DEBUG 17932 --- [    Test worker] org.hibernate.SQL                        : 
    delete 
    from
        seller 
    where
        (
            user_key
        ) IN (
            select
                user_key 
            from
                HT_seller
        )
Hibernate: 
    delete 
    from
        seller 
    where
        (
            user_key
        ) IN (
            select
                user_key 
            from
                HT_seller
        )
2023-11-25 11:39:50.117 DEBUG 17932 --- [    Test worker] org.hibernate.SQL                        : 
    delete 
    from
        user_entity 
    where
        (
            user_key
        ) IN (
            select
                user_key 
            from
                HT_seller
        )
Hibernate: 
    delete 
    from
        user_entity 
    where
        (
            user_key
        ) IN (
            select
                user_key 
            from
                HT_seller
        )
2023-11-25 11:39:50.123 DEBUG 17932 --- [    Test worker] org.hibernate.SQL                        : 
    drop temporary table HT_seller
Hibernate: 
    drop temporary table HT_seller
2023-11-25 11:39:50.131 DEBUG 17932 --- [    Test worker] org.hibernate.SQL                        : 
    select
        sellerenti0_.user_key as user_key1_7_,
        sellerenti0_.business_key as business1_6_,
        sellerenti0_.shop_key as shop_key8_6_,
        sellerenti0_.isgrant as isgrant2_6_,
        sellerenti0_.seller_id_email as seller_i3_6_,
        sellerenti0_.seller_name as seller_n4_6_,
        sellerenti0_.seller_password as seller_p5_6_,
        sellerenti0_.seller_phonenum as seller_p6_6_ 
    from
        seller sellerenti0_ 
    inner join
        user_entity sellerenti0_1_ 
            on sellerenti0_.user_key=sellerenti0_1_.user_key 
    where
        sellerenti0_.business_key=?
Hibernate: 
    select
        sellerenti0_.user_key as user_key1_7_,
        sellerenti0_.business_key as business1_6_,
        sellerenti0_.shop_key as shop_key8_6_,
        sellerenti0_.isgrant as isgrant2_6_,
        sellerenti0_.seller_id_email as seller_i3_6_,
        sellerenti0_.seller_name as seller_n4_6_,
        sellerenti0_.seller_password as seller_p5_6_,
        sellerenti0_.seller_phonenum as seller_p6_6_ 
    from
        seller sellerenti0_ 
    inner join
        user_entity sellerenti0_1_ 
            on sellerenti0_.user_key=sellerenti0_1_.user_key 
    where
        sellerenti0_.business_key=?
2023-11-25 11:39:50.131 TRACE 17932 --- [    Test worker] o.h.type.descriptor.sql.BasicBinder      : binding parameter [1] as [INTEGER] - [1234512345]
2023-11-25 11:39:50.262 DEBUG 17932 --- [    Test worker] org.hibernate.SQL                        : 
    insert 
    into
        user_entity
        
    values
        ( )
Hibernate: 
    insert 
    into
        user_entity
        
    values
        ( )
2023-11-25 11:39:50.269 DEBUG 17932 --- [    Test worker] org.hibernate.SQL                        : 
    insert 
    into
        seller
        (business_key, shop_key, isgrant, seller_id_email, seller_name, seller_password, seller_phonenum, user_key) 
    values
        (?, ?, ?, ?, ?, ?, ?, ?)
Hibernate: 
    insert 
    into
        seller
        (business_key, shop_key, isgrant, seller_id_email, seller_name, seller_password, seller_phonenum, user_key) 
    values
        (?, ?, ?, ?, ?, ?, ?, ?)
2023-11-25 11:39:50.269 TRACE 17932 --- [    Test worker] o.h.type.descriptor.sql.BasicBinder      : binding parameter [1] as [INTEGER] - [1234512345]
2023-11-25 11:39:50.269 TRACE 17932 --- [    Test worker] o.h.type.descriptor.sql.BasicBinder      : binding parameter [2] as [INTEGER] - [null]
2023-11-25 11:39:50.269 TRACE 17932 --- [    Test worker] o.h.type.descriptor.sql.BasicBinder      : binding parameter [3] as [INTEGER] - [null]
2023-11-25 11:39:50.269 TRACE 17932 --- [    Test worker] o.h.type.descriptor.sql.BasicBinder      : binding parameter [4] as [VARCHAR] - [sellerTest@gmail.com]
2023-11-25 11:39:50.269 TRACE 17932 --- [    Test worker] o.h.type.descriptor.sql.BasicBinder      : binding parameter [5] as [VARCHAR] - [사업자]
2023-11-25 11:39:50.269 TRACE 17932 --- [    Test worker] o.h.type.descriptor.sql.BasicBinder      : binding parameter [6] as [VARCHAR] - [$2a$10$HLAZdGOxfNmQ3YBDsVDmXeIGT5pbq9jC3zUhnPaUxOnytAGy0XWHi]
2023-11-25 11:39:50.269 TRACE 17932 --- [    Test worker] o.h.type.descriptor.sql.BasicBinder      : binding parameter [7] as [VARCHAR] - [010-5678-5678]
2023-11-25 11:39:50.269 TRACE 17932 --- [    Test worker] o.h.type.descriptor.sql.BasicBinder      : binding parameter [8] as [INTEGER] - [11]
2023-11-25 11:39:50.285 DEBUG 17932 --- [    Test worker] org.hibernate.SQL                        : 
    select
        sellerenti0_.user_key as user_key1_7_,
        sellerenti0_.business_key as business1_6_,
        sellerenti0_.shop_key as shop_key8_6_,
        sellerenti0_.isgrant as isgrant2_6_,
        sellerenti0_.seller_id_email as seller_i3_6_,
        sellerenti0_.seller_name as seller_n4_6_,
        sellerenti0_.seller_password as seller_p5_6_,
        sellerenti0_.seller_phonenum as seller_p6_6_ 
    from
        seller sellerenti0_ 
    inner join
        user_entity sellerenti0_1_ 
            on sellerenti0_.user_key=sellerenti0_1_.user_key 
    where
        sellerenti0_.seller_id_email=?
Hibernate: 
    select
        sellerenti0_.user_key as user_key1_7_,
        sellerenti0_.business_key as business1_6_,
        sellerenti0_.shop_key as shop_key8_6_,
        sellerenti0_.isgrant as isgrant2_6_,
        sellerenti0_.seller_id_email as seller_i3_6_,
        sellerenti0_.seller_name as seller_n4_6_,
        sellerenti0_.seller_password as seller_p5_6_,
        sellerenti0_.seller_phonenum as seller_p6_6_ 
    from
        seller sellerenti0_ 
    inner join
        user_entity sellerenti0_1_ 
            on sellerenti0_.user_key=sellerenti0_1_.user_key 
    where
        sellerenti0_.seller_id_email=?
2023-11-25 11:39:50.285 TRACE 17932 --- [    Test worker] o.h.type.descriptor.sql.BasicBinder      : binding parameter [1] as [VARCHAR] - [sellerTest@gmail.com]
2023-11-25 11:39:50.454 DEBUG 17932 --- [    Test worker] org.hibernate.SQL                        : 
    select
        accesstoke0_.token as token1_0_0_,
        accesstoke0_.user_key as user_key2_0_0_ 
    from
        access_token accesstoke0_ 
    where
        accesstoke0_.token=?
Hibernate: 
    select
        accesstoke0_.token as token1_0_0_,
        accesstoke0_.user_key as user_key2_0_0_ 
    from
        access_token accesstoke0_ 
    where
        accesstoke0_.token=?
2023-11-25 11:39:50.454 TRACE 17932 --- [    Test worker] o.h.type.descriptor.sql.BasicBinder      : binding parameter [1] as [VARCHAR] - [72fd7259-3b62-4430-a718-51c4a937ad0e]
2023-11-25 11:39:50.464 DEBUG 17932 --- [    Test worker] org.hibernate.SQL                        : 
    insert 
    into
        access_token
        (user_key, token) 
    values
        (?, ?)
Hibernate: 
    insert 
    into
        access_token
        (user_key, token) 
    values
        (?, ?)
2023-11-25 11:39:50.464 TRACE 17932 --- [    Test worker] o.h.type.descriptor.sql.BasicBinder      : binding parameter [1] as [INTEGER] - [11]
2023-11-25 11:39:50.465 TRACE 17932 --- [    Test worker] o.h.type.descriptor.sql.BasicBinder      : binding parameter [2] as [VARCHAR] - [72fd7259-3b62-4430-a718-51c4a937ad0e]
2023-11-25 11:39:50.471 DEBUG 17932 --- [    Test worker] org.hibernate.SQL                        : 
    select
        accesstoke0_.token as token1_0_,
        accesstoke0_.user_key as user_key2_0_ 
    from
        access_token accesstoke0_ 
    where
        accesstoke0_.token=?
Hibernate: 
    select
        accesstoke0_.token as token1_0_,
        accesstoke0_.user_key as user_key2_0_ 
    from
        access_token accesstoke0_ 
    where
        accesstoke0_.token=?
2023-11-25 11:39:50.472 TRACE 17932 --- [    Test worker] o.h.type.descriptor.sql.BasicBinder      : binding parameter [1] as [VARCHAR] - [72fd7259-3b62-4430-a718-51c4a937ad0e]
2023-11-25 11:39:50.480 DEBUG 17932 --- [    Test worker] org.hibernate.SQL                        : 
    select
        accesstoke0_.token as token1_0_,
        accesstoke0_.user_key as user_key2_0_ 
    from
        access_token accesstoke0_ 
    where
        accesstoke0_.token=?
Hibernate: 
    select
        accesstoke0_.token as token1_0_,
        accesstoke0_.user_key as user_key2_0_ 
    from
        access_token accesstoke0_ 
    where
        accesstoke0_.token=?
2023-11-25 11:39:50.480 TRACE 17932 --- [    Test worker] o.h.type.descriptor.sql.BasicBinder      : binding parameter [1] as [VARCHAR] - [72fd7259-3b62-4430-a718-51c4a937ad0e]
2023-11-25 11:39:50.487 DEBUG 17932 --- [    Test worker] org.hibernate.SQL                        : 
    delete 
    from
        access_token 
    where
        token=?
Hibernate: 
    delete 
    from
        access_token 
    where
        token=?
2023-11-25 11:39:50.488 TRACE 17932 --- [    Test worker] o.h.type.descriptor.sql.BasicBinder      : binding parameter [1] as [VARCHAR] - [72fd7259-3b62-4430-a718-51c4a937ad0e]
2023-11-25 11:39:50.493 DEBUG 17932 --- [    Test worker] org.hibernate.SQL                        : 
    select
        accesstoke0_.token as token1_0_,
        accesstoke0_.user_key as user_key2_0_ 
    from
        access_token accesstoke0_ 
    where
        accesstoke0_.token=?
Hibernate: 
    select
        accesstoke0_.token as token1_0_,
        accesstoke0_.user_key as user_key2_0_ 
    from
        access_token accesstoke0_ 
    where
        accesstoke0_.token=?
2023-11-25 11:39:50.494 TRACE 17932 --- [    Test worker] o.h.type.descriptor.sql.BasicBinder      : binding parameter [1] as [VARCHAR] - [72fd7259-3b62-4430-a718-51c4a937ad0e]
2023-11-25 11:39:50.515  INFO 17932 --- [    Test worker] o.s.t.c.transaction.TransactionContext   : Rolled back transaction for test: [DefaultTestContext@36117f63 testClass = SellerServiceTest, testInstance = net.prescent.service.SellerServiceTest@299022a9, testMethod = logoutTest@SellerServiceTest, testException = [null], mergedContextConfiguration = [WebMergedContextConfiguration@55ed76e6 testClass = SellerServiceTest, locations = '{}', classes = '{class net.prescent.PreScentApplication}', contextInitializerClasses = '[]', activeProfiles = '{}', propertySourceLocations = '{}', propertySourceProperties = '{org.springframework.boot.test.context.SpringBootTestContextBootstrapper=true}', contextCustomizers = set[org.springframework.boot.test.autoconfigure.actuate.metrics.MetricsExportContextCustomizerFactory$DisableMetricExportContextCustomizer@36676c1a, org.springframework.boot.test.autoconfigure.properties.PropertyMappingContextCustomizer@0, org.springframework.boot.test.autoconfigure.web.servlet.WebDriverContextCustomizerFactory$Customizer@6c8bca63, org.springframework.boot.test.context.filter.ExcludeFilterContextCustomizer@2b491fee, org.springframework.boot.test.json.DuplicateJsonObjectContextCustomizerFactory$DuplicateJsonObjectContextCustomizer@63192798, org.springframework.boot.test.mock.mockito.MockitoContextCustomizer@0, org.springframework.boot.test.web.client.TestRestTemplateContextCustomizer@6f0ca692, org.springframework.boot.test.web.reactive.server.WebTestClientContextCustomizer@1d7f7be7, org.springframework.boot.test.context.SpringBootTestArgs@1, org.springframework.boot.test.context.SpringBootTestWebEnvironment@2a3888c1], resourceBasePath = 'src/main/webapp', contextLoader = 'org.springframework.boot.test.context.SpringBootContextLoader', parent = [null]], attributes = map['org.springframework.test.context.web.ServletTestExecutionListener.activateListener' -> true, 'org.springframework.test.context.web.ServletTestExecutionListener.populatedRequestContextHolder' -> true, 'org.springframework.test.context.web.ServletTestExecutionListener.resetRequestContextHolder' -> true, 'org.springframework.test.context.event.ApplicationEventsTestExecutionListener.recordApplicationEvents' -> false]]
2023-11-25 11:39:50.525  INFO 17932 --- [    Test worker] o.s.t.c.transaction.TransactionContext   : Began transaction (1) for test context [DefaultTestContext@36117f63 testClass = SellerServiceTest, testInstance = net.prescent.service.SellerServiceTest@79c9f619, testMethod = loginFailureWrongPasswordTest@SellerServiceTest, testException = [null], mergedContextConfiguration = [WebMergedContextConfiguration@55ed76e6 testClass = SellerServiceTest, locations = '{}', classes = '{class net.prescent.PreScentApplication}', contextInitializerClasses = '[]', activeProfiles = '{}', propertySourceLocations = '{}', propertySourceProperties = '{org.springframework.boot.test.context.SpringBootTestContextBootstrapper=true}', contextCustomizers = set[org.springframework.boot.test.autoconfigure.actuate.metrics.MetricsExportContextCustomizerFactory$DisableMetricExportContextCustomizer@36676c1a, org.springframework.boot.test.autoconfigure.properties.PropertyMappingContextCustomizer@0, org.springframework.boot.test.autoconfigure.web.servlet.WebDriverContextCustomizerFactory$Customizer@6c8bca63, org.springframework.boot.test.context.filter.ExcludeFilterContextCustomizer@2b491fee, org.springframework.boot.test.json.DuplicateJsonObjectContextCustomizerFactory$DuplicateJsonObjectContextCustomizer@63192798, org.springframework.boot.test.mock.mockito.MockitoContextCustomizer@0, org.springframework.boot.test.web.client.TestRestTemplateContextCustomizer@6f0ca692, org.springframework.boot.test.web.reactive.server.WebTestClientContextCustomizer@1d7f7be7, org.springframework.boot.test.context.SpringBootTestArgs@1, org.springframework.boot.test.context.SpringBootTestWebEnvironment@2a3888c1], resourceBasePath = 'src/main/webapp', contextLoader = 'org.springframework.boot.test.context.SpringBootContextLoader', parent = [null]], attributes = map['org.springframework.test.context.web.ServletTestExecutionListener.activateListener' -> true, 'org.springframework.test.context.web.ServletTestExecutionListener.populatedRequestContextHolder' -> true, 'org.springframework.test.context.web.ServletTestExecutionListener.resetRequestContextHolder' -> true, 'org.springframework.test.context.event.ApplicationEventsTestExecutionListener.recordApplicationEvents' -> false]]; transaction manager [org.springframework.orm.jpa.JpaTransactionManager@2a5917f6]; rollback [true]
2023-11-25 11:39:50.529 DEBUG 17932 --- [    Test worker] org.hibernate.SQL                        : 
    create temporary table if not exists HT_seller (user_key integer not null) 
Hibernate: 
    create temporary table if not exists HT_seller (user_key integer not null) 
2023-11-25 11:39:50.536 DEBUG 17932 --- [    Test worker] org.hibernate.SQL                        : 
    insert 
    into
        HT_seller
        select
            sellerenti0_.user_key as user_key 
        from
            seller sellerenti0_ 
        inner join
            user_entity sellerenti0_1_ 
                on sellerenti0_.user_key=sellerenti0_1_.user_key
Hibernate: 
    insert 
    into
        HT_seller
        select
            sellerenti0_.user_key as user_key 
        from
            seller sellerenti0_ 
        inner join
            user_entity sellerenti0_1_ 
                on sellerenti0_.user_key=sellerenti0_1_.user_key
2023-11-25 11:39:50.542 DEBUG 17932 --- [    Test worker] org.hibernate.SQL                        : 
    delete 
    from
        seller 
    where
        (
            user_key
        ) IN (
            select
                user_key 
            from
                HT_seller
        )
Hibernate: 
    delete 
    from
        seller 
    where
        (
            user_key
        ) IN (
            select
                user_key 
            from
                HT_seller
        )
2023-11-25 11:39:50.548 DEBUG 17932 --- [    Test worker] org.hibernate.SQL                        : 
    delete 
    from
        user_entity 
    where
        (
            user_key
        ) IN (
            select
                user_key 
            from
                HT_seller
        )
Hibernate: 
    delete 
    from
        user_entity 
    where
        (
            user_key
        ) IN (
            select
                user_key 
            from
                HT_seller
        )
2023-11-25 11:39:50.555 DEBUG 17932 --- [    Test worker] org.hibernate.SQL                        : 
    drop temporary table HT_seller
Hibernate: 
    drop temporary table HT_seller
2023-11-25 11:39:50.563 DEBUG 17932 --- [    Test worker] org.hibernate.SQL                        : 
    select
        sellerenti0_.user_key as user_key1_7_,
        sellerenti0_.business_key as business1_6_,
        sellerenti0_.shop_key as shop_key8_6_,
        sellerenti0_.isgrant as isgrant2_6_,
        sellerenti0_.seller_id_email as seller_i3_6_,
        sellerenti0_.seller_name as seller_n4_6_,
        sellerenti0_.seller_password as seller_p5_6_,
        sellerenti0_.seller_phonenum as seller_p6_6_ 
    from
        seller sellerenti0_ 
    inner join
        user_entity sellerenti0_1_ 
            on sellerenti0_.user_key=sellerenti0_1_.user_key 
    where
        sellerenti0_.business_key=?
Hibernate: 
    select
        sellerenti0_.user_key as user_key1_7_,
        sellerenti0_.business_key as business1_6_,
        sellerenti0_.shop_key as shop_key8_6_,
        sellerenti0_.isgrant as isgrant2_6_,
        sellerenti0_.seller_id_email as seller_i3_6_,
        sellerenti0_.seller_name as seller_n4_6_,
        sellerenti0_.seller_password as seller_p5_6_,
        sellerenti0_.seller_phonenum as seller_p6_6_ 
    from
        seller sellerenti0_ 
    inner join
        user_entity sellerenti0_1_ 
            on sellerenti0_.user_key=sellerenti0_1_.user_key 
    where
        sellerenti0_.business_key=?
2023-11-25 11:39:50.563 TRACE 17932 --- [    Test worker] o.h.type.descriptor.sql.BasicBinder      : binding parameter [1] as [INTEGER] - [1234512345]
2023-11-25 11:39:50.708 DEBUG 17932 --- [    Test worker] org.hibernate.SQL                        : 
    insert 
    into
        user_entity
        
    values
        ( )
Hibernate: 
    insert 
    into
        user_entity
        
    values
        ( )
2023-11-25 11:39:50.717 DEBUG 17932 --- [    Test worker] org.hibernate.SQL                        : 
    insert 
    into
        seller
        (business_key, shop_key, isgrant, seller_id_email, seller_name, seller_password, seller_phonenum, user_key) 
    values
        (?, ?, ?, ?, ?, ?, ?, ?)
Hibernate: 
    insert 
    into
        seller
        (business_key, shop_key, isgrant, seller_id_email, seller_name, seller_password, seller_phonenum, user_key) 
    values
        (?, ?, ?, ?, ?, ?, ?, ?)
2023-11-25 11:39:50.717 TRACE 17932 --- [    Test worker] o.h.type.descriptor.sql.BasicBinder      : binding parameter [1] as [INTEGER] - [1234512345]
2023-11-25 11:39:50.718 TRACE 17932 --- [    Test worker] o.h.type.descriptor.sql.BasicBinder      : binding parameter [2] as [INTEGER] - [null]
2023-11-25 11:39:50.718 TRACE 17932 --- [    Test worker] o.h.type.descriptor.sql.BasicBinder      : binding parameter [3] as [INTEGER] - [null]
2023-11-25 11:39:50.718 TRACE 17932 --- [    Test worker] o.h.type.descriptor.sql.BasicBinder      : binding parameter [4] as [VARCHAR] - [sellerTest@gmail.com]
2023-11-25 11:39:50.718 TRACE 17932 --- [    Test worker] o.h.type.descriptor.sql.BasicBinder      : binding parameter [5] as [VARCHAR] - [사업자]
2023-11-25 11:39:50.718 TRACE 17932 --- [    Test worker] o.h.type.descriptor.sql.BasicBinder      : binding parameter [6] as [VARCHAR] - [$2a$10$aH0FArSNRkByeQZtuXaM7elo3ELCK1E0pvj6aibM5rPoLsVsa8sRK]
2023-11-25 11:39:50.718 TRACE 17932 --- [    Test worker] o.h.type.descriptor.sql.BasicBinder      : binding parameter [7] as [VARCHAR] - [010-5678-5678]
2023-11-25 11:39:50.718 TRACE 17932 --- [    Test worker] o.h.type.descriptor.sql.BasicBinder      : binding parameter [8] as [INTEGER] - [12]
2023-11-25 11:39:50.726 DEBUG 17932 --- [    Test worker] org.hibernate.SQL                        : 
    select
        sellerenti0_.user_key as user_key1_7_,
        sellerenti0_.business_key as business1_6_,
        sellerenti0_.shop_key as shop_key8_6_,
        sellerenti0_.isgrant as isgrant2_6_,
        sellerenti0_.seller_id_email as seller_i3_6_,
        sellerenti0_.seller_name as seller_n4_6_,
        sellerenti0_.seller_password as seller_p5_6_,
        sellerenti0_.seller_phonenum as seller_p6_6_ 
    from
        seller sellerenti0_ 
    inner join
        user_entity sellerenti0_1_ 
            on sellerenti0_.user_key=sellerenti0_1_.user_key 
    where
        sellerenti0_.seller_id_email=?
Hibernate: 
    select
        sellerenti0_.user_key as user_key1_7_,
        sellerenti0_.business_key as business1_6_,
        sellerenti0_.shop_key as shop_key8_6_,
        sellerenti0_.isgrant as isgrant2_6_,
        sellerenti0_.seller_id_email as seller_i3_6_,
        sellerenti0_.seller_name as seller_n4_6_,
        sellerenti0_.seller_password as seller_p5_6_,
        sellerenti0_.seller_phonenum as seller_p6_6_ 
    from
        seller sellerenti0_ 
    inner join
        user_entity sellerenti0_1_ 
            on sellerenti0_.user_key=sellerenti0_1_.user_key 
    where
        sellerenti0_.seller_id_email=?
2023-11-25 11:39:50.727 TRACE 17932 --- [    Test worker] o.h.type.descriptor.sql.BasicBinder      : binding parameter [1] as [VARCHAR] - [sellerTest@gmail.com]
2023-11-25 11:39:50.864  INFO 17932 --- [    Test worker] o.s.t.c.transaction.TransactionContext   : Rolled back transaction for test: [DefaultTestContext@36117f63 testClass = SellerServiceTest, testInstance = net.prescent.service.SellerServiceTest@79c9f619, testMethod = loginFailureWrongPasswordTest@SellerServiceTest, testException = [null], mergedContextConfiguration = [WebMergedContextConfiguration@55ed76e6 testClass = SellerServiceTest, locations = '{}', classes = '{class net.prescent.PreScentApplication}', contextInitializerClasses = '[]', activeProfiles = '{}', propertySourceLocations = '{}', propertySourceProperties = '{org.springframework.boot.test.context.SpringBootTestContextBootstrapper=true}', contextCustomizers = set[org.springframework.boot.test.autoconfigure.actuate.metrics.MetricsExportContextCustomizerFactory$DisableMetricExportContextCustomizer@36676c1a, org.springframework.boot.test.autoconfigure.properties.PropertyMappingContextCustomizer@0, org.springframework.boot.test.autoconfigure.web.servlet.WebDriverContextCustomizerFactory$Customizer@6c8bca63, org.springframework.boot.test.context.filter.ExcludeFilterContextCustomizer@2b491fee, org.springframework.boot.test.json.DuplicateJsonObjectContextCustomizerFactory$DuplicateJsonObjectContextCustomizer@63192798, org.springframework.boot.test.mock.mockito.MockitoContextCustomizer@0, org.springframework.boot.test.web.client.TestRestTemplateContextCustomizer@6f0ca692, org.springframework.boot.test.web.reactive.server.WebTestClientContextCustomizer@1d7f7be7, org.springframework.boot.test.context.SpringBootTestArgs@1, org.springframework.boot.test.context.SpringBootTestWebEnvironment@2a3888c1], resourceBasePath = 'src/main/webapp', contextLoader = 'org.springframework.boot.test.context.SpringBootContextLoader', parent = [null]], attributes = map['org.springframework.test.context.web.ServletTestExecutionListener.activateListener' -> true, 'org.springframework.test.context.web.ServletTestExecutionListener.populatedRequestContextHolder' -> true, 'org.springframework.test.context.web.ServletTestExecutionListener.resetRequestContextHolder' -> true, 'org.springframework.test.context.event.ApplicationEventsTestExecutionListener.recordApplicationEvents' -> false]]
2023-11-25 11:39:50.887  INFO 17932 --- [    Test worker] o.s.t.c.transaction.TransactionContext   : Began transaction (1) for test context [DefaultTestContext@36117f63 testClass = SellerServiceTest, testInstance = net.prescent.service.SellerServiceTest@35216a2e, testMethod = loginSuccessTest@SellerServiceTest, testException = [null], mergedContextConfiguration = [WebMergedContextConfiguration@55ed76e6 testClass = SellerServiceTest, locations = '{}', classes = '{class net.prescent.PreScentApplication}', contextInitializerClasses = '[]', activeProfiles = '{}', propertySourceLocations = '{}', propertySourceProperties = '{org.springframework.boot.test.context.SpringBootTestContextBootstrapper=true}', contextCustomizers = set[org.springframework.boot.test.autoconfigure.actuate.metrics.MetricsExportContextCustomizerFactory$DisableMetricExportContextCustomizer@36676c1a, org.springframework.boot.test.autoconfigure.properties.PropertyMappingContextCustomizer@0, org.springframework.boot.test.autoconfigure.web.servlet.WebDriverContextCustomizerFactory$Customizer@6c8bca63, org.springframework.boot.test.context.filter.ExcludeFilterContextCustomizer@2b491fee, org.springframework.boot.test.json.DuplicateJsonObjectContextCustomizerFactory$DuplicateJsonObjectContextCustomizer@63192798, org.springframework.boot.test.mock.mockito.MockitoContextCustomizer@0, org.springframework.boot.test.web.client.TestRestTemplateContextCustomizer@6f0ca692, org.springframework.boot.test.web.reactive.server.WebTestClientContextCustomizer@1d7f7be7, org.springframework.boot.test.context.SpringBootTestArgs@1, org.springframework.boot.test.context.SpringBootTestWebEnvironment@2a3888c1], resourceBasePath = 'src/main/webapp', contextLoader = 'org.springframework.boot.test.context.SpringBootContextLoader', parent = [null]], attributes = map['org.springframework.test.context.web.ServletTestExecutionListener.activateListener' -> true, 'org.springframework.test.context.web.ServletTestExecutionListener.populatedRequestContextHolder' -> true, 'org.springframework.test.context.web.ServletTestExecutionListener.resetRequestContextHolder' -> true, 'org.springframework.test.context.event.ApplicationEventsTestExecutionListener.recordApplicationEvents' -> false]]; transaction manager [org.springframework.orm.jpa.JpaTransactionManager@2a5917f6]; rollback [true]
2023-11-25 11:39:50.890 DEBUG 17932 --- [    Test worker] org.hibernate.SQL                        : 
    create temporary table if not exists HT_seller (user_key integer not null) 
Hibernate: 
    create temporary table if not exists HT_seller (user_key integer not null) 
2023-11-25 11:39:50.897 DEBUG 17932 --- [    Test worker] org.hibernate.SQL                        : 
    insert 
    into
        HT_seller
        select
            sellerenti0_.user_key as user_key 
        from
            seller sellerenti0_ 
        inner join
            user_entity sellerenti0_1_ 
                on sellerenti0_.user_key=sellerenti0_1_.user_key
Hibernate: 
    insert 
    into
        HT_seller
        select
            sellerenti0_.user_key as user_key 
        from
            seller sellerenti0_ 
        inner join
            user_entity sellerenti0_1_ 
                on sellerenti0_.user_key=sellerenti0_1_.user_key
2023-11-25 11:39:50.903 DEBUG 17932 --- [    Test worker] org.hibernate.SQL                        : 
    delete 
    from
        seller 
    where
        (
            user_key
        ) IN (
            select
                user_key 
            from
                HT_seller
        )
Hibernate: 
    delete 
    from
        seller 
    where
        (
            user_key
        ) IN (
            select
                user_key 
            from
                HT_seller
        )
2023-11-25 11:39:50.909 DEBUG 17932 --- [    Test worker] org.hibernate.SQL                        : 
    delete 
    from
        user_entity 
    where
        (
            user_key
        ) IN (
            select
                user_key 
            from
                HT_seller
        )
Hibernate: 
    delete 
    from
        user_entity 
    where
        (
            user_key
        ) IN (
            select
                user_key 
            from
                HT_seller
        )
2023-11-25 11:39:50.916 DEBUG 17932 --- [    Test worker] org.hibernate.SQL                        : 
    drop temporary table HT_seller
Hibernate: 
    drop temporary table HT_seller
2023-11-25 11:39:50.923 DEBUG 17932 --- [    Test worker] org.hibernate.SQL                        : 
    select
        sellerenti0_.user_key as user_key1_7_,
        sellerenti0_.business_key as business1_6_,
        sellerenti0_.shop_key as shop_key8_6_,
        sellerenti0_.isgrant as isgrant2_6_,
        sellerenti0_.seller_id_email as seller_i3_6_,
        sellerenti0_.seller_name as seller_n4_6_,
        sellerenti0_.seller_password as seller_p5_6_,
        sellerenti0_.seller_phonenum as seller_p6_6_ 
    from
        seller sellerenti0_ 
    inner join
        user_entity sellerenti0_1_ 
            on sellerenti0_.user_key=sellerenti0_1_.user_key 
    where
        sellerenti0_.business_key=?
Hibernate: 
    select
        sellerenti0_.user_key as user_key1_7_,
        sellerenti0_.business_key as business1_6_,
        sellerenti0_.shop_key as shop_key8_6_,
        sellerenti0_.isgrant as isgrant2_6_,
        sellerenti0_.seller_id_email as seller_i3_6_,
        sellerenti0_.seller_name as seller_n4_6_,
        sellerenti0_.seller_password as seller_p5_6_,
        sellerenti0_.seller_phonenum as seller_p6_6_ 
    from
        seller sellerenti0_ 
    inner join
        user_entity sellerenti0_1_ 
            on sellerenti0_.user_key=sellerenti0_1_.user_key 
    where
        sellerenti0_.business_key=?
2023-11-25 11:39:50.924 TRACE 17932 --- [    Test worker] o.h.type.descriptor.sql.BasicBinder      : binding parameter [1] as [INTEGER] - [1234512345]
2023-11-25 11:39:51.030 DEBUG 17932 --- [    Test worker] org.hibernate.SQL                        : 
    insert 
    into
        user_entity
        
    values
        ( )
Hibernate: 
    insert 
    into
        user_entity
        
    values
        ( )
2023-11-25 11:39:51.038 DEBUG 17932 --- [    Test worker] org.hibernate.SQL                        : 
    insert 
    into
        seller
        (business_key, shop_key, isgrant, seller_id_email, seller_name, seller_password, seller_phonenum, user_key) 
    values
        (?, ?, ?, ?, ?, ?, ?, ?)
Hibernate: 
    insert 
    into
        seller
        (business_key, shop_key, isgrant, seller_id_email, seller_name, seller_password, seller_phonenum, user_key) 
    values
        (?, ?, ?, ?, ?, ?, ?, ?)
2023-11-25 11:39:51.039 TRACE 17932 --- [    Test worker] o.h.type.descriptor.sql.BasicBinder      : binding parameter [1] as [INTEGER] - [1234512345]
2023-11-25 11:39:51.039 TRACE 17932 --- [    Test worker] o.h.type.descriptor.sql.BasicBinder      : binding parameter [2] as [INTEGER] - [null]
2023-11-25 11:39:51.039 TRACE 17932 --- [    Test worker] o.h.type.descriptor.sql.BasicBinder      : binding parameter [3] as [INTEGER] - [null]
2023-11-25 11:39:51.039 TRACE 17932 --- [    Test worker] o.h.type.descriptor.sql.BasicBinder      : binding parameter [4] as [VARCHAR] - [sellerTest@gmail.com]
2023-11-25 11:39:51.039 TRACE 17932 --- [    Test worker] o.h.type.descriptor.sql.BasicBinder      : binding parameter [5] as [VARCHAR] - [사업자]
2023-11-25 11:39:51.039 TRACE 17932 --- [    Test worker] o.h.type.descriptor.sql.BasicBinder      : binding parameter [6] as [VARCHAR] - [$2a$10$1IvwNfo5C41Dj0Wjbx1aquSJncPnT.pMCJQrupbDdttR5IcaF5GWS]
2023-11-25 11:39:51.039 TRACE 17932 --- [    Test worker] o.h.type.descriptor.sql.BasicBinder      : binding parameter [7] as [VARCHAR] - [010-5678-5678]
2023-11-25 11:39:51.039 TRACE 17932 --- [    Test worker] o.h.type.descriptor.sql.BasicBinder      : binding parameter [8] as [INTEGER] - [13]
2023-11-25 11:39:51.045 DEBUG 17932 --- [    Test worker] org.hibernate.SQL                        : 
    select
        sellerenti0_.user_key as user_key1_7_,
        sellerenti0_.business_key as business1_6_,
        sellerenti0_.shop_key as shop_key8_6_,
        sellerenti0_.isgrant as isgrant2_6_,
        sellerenti0_.seller_id_email as seller_i3_6_,
        sellerenti0_.seller_name as seller_n4_6_,
        sellerenti0_.seller_password as seller_p5_6_,
        sellerenti0_.seller_phonenum as seller_p6_6_ 
    from
        seller sellerenti0_ 
    inner join
        user_entity sellerenti0_1_ 
            on sellerenti0_.user_key=sellerenti0_1_.user_key 
    where
        sellerenti0_.seller_id_email=?
Hibernate: 
    select
        sellerenti0_.user_key as user_key1_7_,
        sellerenti0_.business_key as business1_6_,
        sellerenti0_.shop_key as shop_key8_6_,
        sellerenti0_.isgrant as isgrant2_6_,
        sellerenti0_.seller_id_email as seller_i3_6_,
        sellerenti0_.seller_name as seller_n4_6_,
        sellerenti0_.seller_password as seller_p5_6_,
        sellerenti0_.seller_phonenum as seller_p6_6_ 
    from
        seller sellerenti0_ 
    inner join
        user_entity sellerenti0_1_ 
            on sellerenti0_.user_key=sellerenti0_1_.user_key 
    where
        sellerenti0_.seller_id_email=?
2023-11-25 11:39:51.046 TRACE 17932 --- [    Test worker] o.h.type.descriptor.sql.BasicBinder      : binding parameter [1] as [VARCHAR] - [sellerTest@gmail.com]
2023-11-25 11:39:51.137 DEBUG 17932 --- [    Test worker] org.hibernate.SQL                        : 
    select
        accesstoke0_.token as token1_0_0_,
        accesstoke0_.user_key as user_key2_0_0_ 
    from
        access_token accesstoke0_ 
    where
        accesstoke0_.token=?
Hibernate: 
    select
        accesstoke0_.token as token1_0_0_,
        accesstoke0_.user_key as user_key2_0_0_ 
    from
        access_token accesstoke0_ 
    where
        accesstoke0_.token=?
2023-11-25 11:39:51.138 TRACE 17932 --- [    Test worker] o.h.type.descriptor.sql.BasicBinder      : binding parameter [1] as [VARCHAR] - [7ea75c8f-36ab-4bb1-b8b5-8a211cd0609e]
2023-11-25 11:39:51.154 DEBUG 17932 --- [    Test worker] org.hibernate.SQL                        : 
    insert 
    into
        access_token
        (user_key, token) 
    values
        (?, ?)
Hibernate: 
    insert 
    into
        access_token
        (user_key, token) 
    values
        (?, ?)
2023-11-25 11:39:51.154 TRACE 17932 --- [    Test worker] o.h.type.descriptor.sql.BasicBinder      : binding parameter [1] as [INTEGER] - [13]
2023-11-25 11:39:51.154 TRACE 17932 --- [    Test worker] o.h.type.descriptor.sql.BasicBinder      : binding parameter [2] as [VARCHAR] - [7ea75c8f-36ab-4bb1-b8b5-8a211cd0609e]
2023-11-25 11:39:51.160 DEBUG 17932 --- [    Test worker] org.hibernate.SQL                        : 
    select
        accesstoke0_.token as token1_0_,
        accesstoke0_.user_key as user_key2_0_ 
    from
        access_token accesstoke0_ 
    where
        accesstoke0_.token=?
Hibernate: 
    select
        accesstoke0_.token as token1_0_,
        accesstoke0_.user_key as user_key2_0_ 
    from
        access_token accesstoke0_ 
    where
        accesstoke0_.token=?
2023-11-25 11:39:51.160 TRACE 17932 --- [    Test worker] o.h.type.descriptor.sql.BasicBinder      : binding parameter [1] as [VARCHAR] - [7ea75c8f-36ab-4bb1-b8b5-8a211cd0609e]
2023-11-25 11:39:51.182  INFO 17932 --- [    Test worker] o.s.t.c.transaction.TransactionContext   : Rolled back transaction for test: [DefaultTestContext@36117f63 testClass = SellerServiceTest, testInstance = net.prescent.service.SellerServiceTest@35216a2e, testMethod = loginSuccessTest@SellerServiceTest, testException = [null], mergedContextConfiguration = [WebMergedContextConfiguration@55ed76e6 testClass = SellerServiceTest, locations = '{}', classes = '{class net.prescent.PreScentApplication}', contextInitializerClasses = '[]', activeProfiles = '{}', propertySourceLocations = '{}', propertySourceProperties = '{org.springframework.boot.test.context.SpringBootTestContextBootstrapper=true}', contextCustomizers = set[org.springframework.boot.test.autoconfigure.actuate.metrics.MetricsExportContextCustomizerFactory$DisableMetricExportContextCustomizer@36676c1a, org.springframework.boot.test.autoconfigure.properties.PropertyMappingContextCustomizer@0, org.springframework.boot.test.autoconfigure.web.servlet.WebDriverContextCustomizerFactory$Customizer@6c8bca63, org.springframework.boot.test.context.filter.ExcludeFilterContextCustomizer@2b491fee, org.springframework.boot.test.json.DuplicateJsonObjectContextCustomizerFactory$DuplicateJsonObjectContextCustomizer@63192798, org.springframework.boot.test.mock.mockito.MockitoContextCustomizer@0, org.springframework.boot.test.web.client.TestRestTemplateContextCustomizer@6f0ca692, org.springframework.boot.test.web.reactive.server.WebTestClientContextCustomizer@1d7f7be7, org.springframework.boot.test.context.SpringBootTestArgs@1, org.springframework.boot.test.context.SpringBootTestWebEnvironment@2a3888c1], resourceBasePath = 'src/main/webapp', contextLoader = 'org.springframework.boot.test.context.SpringBootContextLoader', parent = [null]], attributes = map['org.springframework.test.context.web.ServletTestExecutionListener.activateListener' -> true, 'org.springframework.test.context.web.ServletTestExecutionListener.populatedRequestContextHolder' -> true, 'org.springframework.test.context.web.ServletTestExecutionListener.resetRequestContextHolder' -> true, 'org.springframework.test.context.event.ApplicationEventsTestExecutionListener.recordApplicationEvents' -> false]]
2023-11-25 11:39:51.190  INFO 17932 --- [    Test worker] o.s.t.c.transaction.TransactionContext   : Began transaction (1) for test context [DefaultTestContext@36117f63 testClass = SellerServiceTest, testInstance = net.prescent.service.SellerServiceTest@2d1dbf4f, testMethod = loginFailureWrongIdTest@SellerServiceTest, testException = [null], mergedContextConfiguration = [WebMergedContextConfiguration@55ed76e6 testClass = SellerServiceTest, locations = '{}', classes = '{class net.prescent.PreScentApplication}', contextInitializerClasses = '[]', activeProfiles = '{}', propertySourceLocations = '{}', propertySourceProperties = '{org.springframework.boot.test.context.SpringBootTestContextBootstrapper=true}', contextCustomizers = set[org.springframework.boot.test.autoconfigure.actuate.metrics.MetricsExportContextCustomizerFactory$DisableMetricExportContextCustomizer@36676c1a, org.springframework.boot.test.autoconfigure.properties.PropertyMappingContextCustomizer@0, org.springframework.boot.test.autoconfigure.web.servlet.WebDriverContextCustomizerFactory$Customizer@6c8bca63, org.springframework.boot.test.context.filter.ExcludeFilterContextCustomizer@2b491fee, org.springframework.boot.test.json.DuplicateJsonObjectContextCustomizerFactory$DuplicateJsonObjectContextCustomizer@63192798, org.springframework.boot.test.mock.mockito.MockitoContextCustomizer@0, org.springframework.boot.test.web.client.TestRestTemplateContextCustomizer@6f0ca692, org.springframework.boot.test.web.reactive.server.WebTestClientContextCustomizer@1d7f7be7, org.springframework.boot.test.context.SpringBootTestArgs@1, org.springframework.boot.test.context.SpringBootTestWebEnvironment@2a3888c1], resourceBasePath = 'src/main/webapp', contextLoader = 'org.springframework.boot.test.context.SpringBootContextLoader', parent = [null]], attributes = map['org.springframework.test.context.web.ServletTestExecutionListener.activateListener' -> true, 'org.springframework.test.context.web.ServletTestExecutionListener.populatedRequestContextHolder' -> true, 'org.springframework.test.context.web.ServletTestExecutionListener.resetRequestContextHolder' -> true, 'org.springframework.test.context.event.ApplicationEventsTestExecutionListener.recordApplicationEvents' -> false]]; transaction manager [org.springframework.orm.jpa.JpaTransactionManager@2a5917f6]; rollback [true]
2023-11-25 11:39:51.193 DEBUG 17932 --- [    Test worker] org.hibernate.SQL                        : 
    create temporary table if not exists HT_seller (user_key integer not null) 
Hibernate: 
    create temporary table if not exists HT_seller (user_key integer not null) 
2023-11-25 11:39:51.198 DEBUG 17932 --- [    Test worker] org.hibernate.SQL                        : 
    insert 
    into
        HT_seller
        select
            sellerenti0_.user_key as user_key 
        from
            seller sellerenti0_ 
        inner join
            user_entity sellerenti0_1_ 
                on sellerenti0_.user_key=sellerenti0_1_.user_key
Hibernate: 
    insert 
    into
        HT_seller
        select
            sellerenti0_.user_key as user_key 
        from
            seller sellerenti0_ 
        inner join
            user_entity sellerenti0_1_ 
                on sellerenti0_.user_key=sellerenti0_1_.user_key
2023-11-25 11:39:51.205 DEBUG 17932 --- [    Test worker] org.hibernate.SQL                        : 
    delete 
    from
        seller 
    where
        (
            user_key
        ) IN (
            select
                user_key 
            from
                HT_seller
        )
Hibernate: 
    delete 
    from
        seller 
    where
        (
            user_key
        ) IN (
            select
                user_key 
            from
                HT_seller
        )
2023-11-25 11:39:51.211 DEBUG 17932 --- [    Test worker] org.hibernate.SQL                        : 
    delete 
    from
        user_entity 
    where
        (
            user_key
        ) IN (
            select
                user_key 
            from
                HT_seller
        )
Hibernate: 
    delete 
    from
        user_entity 
    where
        (
            user_key
        ) IN (
            select
                user_key 
            from
                HT_seller
        )
2023-11-25 11:39:51.217 DEBUG 17932 --- [    Test worker] org.hibernate.SQL                        : 
    drop temporary table HT_seller
Hibernate: 
    drop temporary table HT_seller
2023-11-25 11:39:51.225 DEBUG 17932 --- [    Test worker] org.hibernate.SQL                        : 
    select
        sellerenti0_.user_key as user_key1_7_,
        sellerenti0_.business_key as business1_6_,
        sellerenti0_.shop_key as shop_key8_6_,
        sellerenti0_.isgrant as isgrant2_6_,
        sellerenti0_.seller_id_email as seller_i3_6_,
        sellerenti0_.seller_name as seller_n4_6_,
        sellerenti0_.seller_password as seller_p5_6_,
        sellerenti0_.seller_phonenum as seller_p6_6_ 
    from
        seller sellerenti0_ 
    inner join
        user_entity sellerenti0_1_ 
            on sellerenti0_.user_key=sellerenti0_1_.user_key 
    where
        sellerenti0_.business_key=?
Hibernate: 
    select
        sellerenti0_.user_key as user_key1_7_,
        sellerenti0_.business_key as business1_6_,
        sellerenti0_.shop_key as shop_key8_6_,
        sellerenti0_.isgrant as isgrant2_6_,
        sellerenti0_.seller_id_email as seller_i3_6_,
        sellerenti0_.seller_name as seller_n4_6_,
        sellerenti0_.seller_password as seller_p5_6_,
        sellerenti0_.seller_phonenum as seller_p6_6_ 
    from
        seller sellerenti0_ 
    inner join
        user_entity sellerenti0_1_ 
            on sellerenti0_.user_key=sellerenti0_1_.user_key 
    where
        sellerenti0_.business_key=?
2023-11-25 11:39:51.225 TRACE 17932 --- [    Test worker] o.h.type.descriptor.sql.BasicBinder      : binding parameter [1] as [INTEGER] - [1234512345]
2023-11-25 11:39:51.320 DEBUG 17932 --- [    Test worker] org.hibernate.SQL                        : 
    insert 
    into
        user_entity
        
    values
        ( )
Hibernate: 
    insert 
    into
        user_entity
        
    values
        ( )
2023-11-25 11:39:51.330 DEBUG 17932 --- [    Test worker] org.hibernate.SQL                        : 
    insert 
    into
        seller
        (business_key, shop_key, isgrant, seller_id_email, seller_name, seller_password, seller_phonenum, user_key) 
    values
        (?, ?, ?, ?, ?, ?, ?, ?)
Hibernate: 
    insert 
    into
        seller
        (business_key, shop_key, isgrant, seller_id_email, seller_name, seller_password, seller_phonenum, user_key) 
    values
        (?, ?, ?, ?, ?, ?, ?, ?)
2023-11-25 11:39:51.331 TRACE 17932 --- [    Test worker] o.h.type.descriptor.sql.BasicBinder      : binding parameter [1] as [INTEGER] - [1234512345]
2023-11-25 11:39:51.331 TRACE 17932 --- [    Test worker] o.h.type.descriptor.sql.BasicBinder      : binding parameter [2] as [INTEGER] - [null]
2023-11-25 11:39:51.331 TRACE 17932 --- [    Test worker] o.h.type.descriptor.sql.BasicBinder      : binding parameter [3] as [INTEGER] - [null]
2023-11-25 11:39:51.331 TRACE 17932 --- [    Test worker] o.h.type.descriptor.sql.BasicBinder      : binding parameter [4] as [VARCHAR] - [sellerTest@gmail.com]
2023-11-25 11:39:51.331 TRACE 17932 --- [    Test worker] o.h.type.descriptor.sql.BasicBinder      : binding parameter [5] as [VARCHAR] - [사업자]
2023-11-25 11:39:51.331 TRACE 17932 --- [    Test worker] o.h.type.descriptor.sql.BasicBinder      : binding parameter [6] as [VARCHAR] - [$2a$10$eerwZUhSk/PuViM389pLZORZ2Qm/pAW3Q9.HUAORdj.zJBIu9xNpK]
2023-11-25 11:39:51.331 TRACE 17932 --- [    Test worker] o.h.type.descriptor.sql.BasicBinder      : binding parameter [7] as [VARCHAR] - [010-5678-5678]
2023-11-25 11:39:51.331 TRACE 17932 --- [    Test worker] o.h.type.descriptor.sql.BasicBinder      : binding parameter [8] as [INTEGER] - [14]
2023-11-25 11:39:51.339 DEBUG 17932 --- [    Test worker] org.hibernate.SQL                        : 
    select
        sellerenti0_.user_key as user_key1_7_,
        sellerenti0_.business_key as business1_6_,
        sellerenti0_.shop_key as shop_key8_6_,
        sellerenti0_.isgrant as isgrant2_6_,
        sellerenti0_.seller_id_email as seller_i3_6_,
        sellerenti0_.seller_name as seller_n4_6_,
        sellerenti0_.seller_password as seller_p5_6_,
        sellerenti0_.seller_phonenum as seller_p6_6_ 
    from
        seller sellerenti0_ 
    inner join
        user_entity sellerenti0_1_ 
            on sellerenti0_.user_key=sellerenti0_1_.user_key 
    where
        sellerenti0_.seller_id_email=?
Hibernate: 
    select
        sellerenti0_.user_key as user_key1_7_,
        sellerenti0_.business_key as business1_6_,
        sellerenti0_.shop_key as shop_key8_6_,
        sellerenti0_.isgrant as isgrant2_6_,
        sellerenti0_.seller_id_email as seller_i3_6_,
        sellerenti0_.seller_name as seller_n4_6_,
        sellerenti0_.seller_password as seller_p5_6_,
        sellerenti0_.seller_phonenum as seller_p6_6_ 
    from
        seller sellerenti0_ 
    inner join
        user_entity sellerenti0_1_ 
            on sellerenti0_.user_key=sellerenti0_1_.user_key 
    where
        sellerenti0_.seller_id_email=?
2023-11-25 11:39:51.340 TRACE 17932 --- [    Test worker] o.h.type.descriptor.sql.BasicBinder      : binding parameter [1] as [VARCHAR] - [wrongemail@gmail.com]
2023-11-25 11:39:51.364  INFO 17932 --- [    Test worker] o.s.t.c.transaction.TransactionContext   : Rolled back transaction for test: [DefaultTestContext@36117f63 testClass = SellerServiceTest, testInstance = net.prescent.service.SellerServiceTest@2d1dbf4f, testMethod = loginFailureWrongIdTest@SellerServiceTest, testException = [null], mergedContextConfiguration = [WebMergedContextConfiguration@55ed76e6 testClass = SellerServiceTest, locations = '{}', classes = '{class net.prescent.PreScentApplication}', contextInitializerClasses = '[]', activeProfiles = '{}', propertySourceLocations = '{}', propertySourceProperties = '{org.springframework.boot.test.context.SpringBootTestContextBootstrapper=true}', contextCustomizers = set[org.springframework.boot.test.autoconfigure.actuate.metrics.MetricsExportContextCustomizerFactory$DisableMetricExportContextCustomizer@36676c1a, org.springframework.boot.test.autoconfigure.properties.PropertyMappingContextCustomizer@0, org.springframework.boot.test.autoconfigure.web.servlet.WebDriverContextCustomizerFactory$Customizer@6c8bca63, org.springframework.boot.test.context.filter.ExcludeFilterContextCustomizer@2b491fee, org.springframework.boot.test.json.DuplicateJsonObjectContextCustomizerFactory$DuplicateJsonObjectContextCustomizer@63192798, org.springframework.boot.test.mock.mockito.MockitoContextCustomizer@0, org.springframework.boot.test.web.client.TestRestTemplateContextCustomizer@6f0ca692, org.springframework.boot.test.web.reactive.server.WebTestClientContextCustomizer@1d7f7be7, org.springframework.boot.test.context.SpringBootTestArgs@1, org.springframework.boot.test.context.SpringBootTestWebEnvironment@2a3888c1], resourceBasePath = 'src/main/webapp', contextLoader = 'org.springframework.boot.test.context.SpringBootContextLoader', parent = [null]], attributes = map['org.springframework.test.context.web.ServletTestExecutionListener.activateListener' -> true, 'org.springframework.test.context.web.ServletTestExecutionListener.populatedRequestContextHolder' -> true, 'org.springframework.test.context.web.ServletTestExecutionListener.resetRequestContextHolder' -> true, 'org.springframework.test.context.event.ApplicationEventsTestExecutionListener.recordApplicationEvents' -> false]]
]]></system-out>
  <system-err><![CDATA[]]></system-err>
</testsuite>
