<?xml version="1.0" encoding="UTF-8"?>
<testsuite name="Unknown.PreScent.service.FlowerShopEntityServiceTest" tests="2" skipped="0" failures="0" errors="0" timestamp="2023-11-18T08:41:50" hostname="SWSEO_LT" time="1.496">
  <properties/>
  <testcase name="매장 등록, 쿼리 테스트" classname="Unknown.PreScent.service.FlowerShopEntityServiceTest" time="0.952"/>
  <testcase name="Sellerkey같은 매장 생성 테스트" classname="Unknown.PreScent.service.FlowerShopEntityServiceTest" time="0.541"/>
  <system-out><![CDATA[2023-11-18 17:41:50.726  INFO 11488 --- [    Test worker] .b.t.c.SpringBootTestContextBootstrapper : Neither @ContextConfiguration nor @ContextHierarchy found for test class [Unknown.PreScent.service.FlowerShopEntityServiceTest], using SpringBootContextLoader
2023-11-18 17:41:50.732  INFO 11488 --- [    Test worker] o.s.t.c.support.AbstractContextLoader    : Could not detect default resource locations for test class [Unknown.PreScent.service.FlowerShopEntityServiceTest]: no resource found for suffixes {-context.xml, Context.groovy}.
2023-11-18 17:41:50.733  INFO 11488 --- [    Test worker] t.c.s.AnnotationConfigContextLoaderUtils : Could not detect default configuration classes for test class [Unknown.PreScent.service.FlowerShopEntityServiceTest]: FlowerShopEntityServiceTest does not declare any static, non-private, non-final, nested classes annotated with @Configuration.
2023-11-18 17:41:50.740  INFO 11488 --- [    Test worker] .b.t.c.SpringBootTestContextBootstrapper : Found @SpringBootConfiguration Unknown.PreScent.PreScentApplication for test class Unknown.PreScent.service.FlowerShopEntityServiceTest
2023-11-18 17:41:50.750  INFO 11488 --- [    Test worker] .b.t.c.SpringBootTestContextBootstrapper : Loaded default TestExecutionListener class names from location [META-INF/spring.factories]: [org.springframework.security.test.context.support.WithSecurityContextTestExecutionListener, org.springframework.security.test.context.support.ReactorContextTestExecutionListener, org.springframework.boot.test.autoconfigure.restdocs.RestDocsTestExecutionListener, org.springframework.boot.test.autoconfigure.web.client.MockRestServiceServerResetTestExecutionListener, org.springframework.boot.test.autoconfigure.web.servlet.MockMvcPrintOnlyOnFailureTestExecutionListener, org.springframework.boot.test.autoconfigure.web.servlet.WebDriverTestExecutionListener, org.springframework.boot.test.autoconfigure.webservices.client.MockWebServiceServerTestExecutionListener, org.springframework.boot.test.mock.mockito.MockitoTestExecutionListener, org.springframework.boot.test.mock.mockito.ResetMocksTestExecutionListener, org.springframework.test.context.web.ServletTestExecutionListener, org.springframework.test.context.support.DirtiesContextBeforeModesTestExecutionListener, org.springframework.test.context.event.ApplicationEventsTestExecutionListener, org.springframework.test.context.support.DependencyInjectionTestExecutionListener, org.springframework.test.context.support.DirtiesContextTestExecutionListener, org.springframework.test.context.transaction.TransactionalTestExecutionListener, org.springframework.test.context.jdbc.SqlScriptsTestExecutionListener, org.springframework.test.context.event.EventPublishingTestExecutionListener]
2023-11-18 17:41:50.754  INFO 11488 --- [    Test worker] .b.t.c.SpringBootTestContextBootstrapper : Using TestExecutionListeners: [org.springframework.test.context.web.ServletTestExecutionListener@31f90517, org.springframework.test.context.support.DirtiesContextBeforeModesTestExecutionListener@2f6f2d91, org.springframework.test.context.event.ApplicationEventsTestExecutionListener@1de83be1, org.springframework.boot.test.mock.mockito.MockitoTestExecutionListener@139da216, org.springframework.boot.test.autoconfigure.SpringBootDependencyInjectionTestExecutionListener@6a35cccf, org.springframework.test.context.support.DirtiesContextTestExecutionListener@3ce067bd, org.springframework.test.context.transaction.TransactionalTestExecutionListener@608b74f3, org.springframework.test.context.jdbc.SqlScriptsTestExecutionListener@1ef8f7e6, org.springframework.security.test.context.support.WithSecurityContextTestExecutionListener@5a6f1342, org.springframework.test.context.event.EventPublishingTestExecutionListener@650d5a3d, org.springframework.security.test.context.support.ReactorContextTestExecutionListener@5e9a9683, org.springframework.boot.test.autoconfigure.restdocs.RestDocsTestExecutionListener@7040d71, org.springframework.boot.test.autoconfigure.web.client.MockRestServiceServerResetTestExecutionListener@2553fbd0, org.springframework.boot.test.autoconfigure.web.servlet.MockMvcPrintOnlyOnFailureTestExecutionListener@2a8081f5, org.springframework.boot.test.autoconfigure.web.servlet.WebDriverTestExecutionListener@20a434a8, org.springframework.boot.test.autoconfigure.webservices.client.MockWebServiceServerTestExecutionListener@7ecca48, org.springframework.boot.test.mock.mockito.ResetMocksTestExecutionListener@3d5b2c1e]
2023-11-18 17:41:50.781 DEBUG 11488 --- [    Test worker] org.hibernate.SQL                        : 
    delete 
    from
        seller
Hibernate: 
    delete 
    from
        seller
2023-11-18 17:41:50.813 DEBUG 11488 --- [    Test worker] org.hibernate.SQL                        : 
    delete 
    from
        flower_shop
Hibernate: 
    delete 
    from
        flower_shop
2023-11-18 17:41:50.879 DEBUG 11488 --- [    Test worker] org.hibernate.SQL                        : 
    select
        sellerenti0_.seller_key as seller_k1_3_,
        sellerenti0_.shop_key as shop_key7_3_,
        sellerenti0_.isgrant as isgrant2_3_,
        sellerenti0_.seller_id_email as seller_i3_3_,
        sellerenti0_.seller_name as seller_n4_3_,
        sellerenti0_.seller_password as seller_p5_3_,
        sellerenti0_.seller_phonenum as seller_p6_3_ 
    from
        seller sellerenti0_ 
    where
        sellerenti0_.seller_key=?
Hibernate: 
    select
        sellerenti0_.seller_key as seller_k1_3_,
        sellerenti0_.shop_key as shop_key7_3_,
        sellerenti0_.isgrant as isgrant2_3_,
        sellerenti0_.seller_id_email as seller_i3_3_,
        sellerenti0_.seller_name as seller_n4_3_,
        sellerenti0_.seller_password as seller_p5_3_,
        sellerenti0_.seller_phonenum as seller_p6_3_ 
    from
        seller sellerenti0_ 
    where
        sellerenti0_.seller_key=?
2023-11-18 17:41:50.885 TRACE 11488 --- [    Test worker] o.h.type.descriptor.sql.BasicBinder      : binding parameter [1] as [INTEGER] - [123456789]
2023-11-18 17:41:51.152 DEBUG 11488 --- [    Test worker] org.hibernate.SQL                        : 
    select
        sellerenti0_.seller_key as seller_k1_3_0_,
        sellerenti0_.shop_key as shop_key7_3_0_,
        sellerenti0_.isgrant as isgrant2_3_0_,
        sellerenti0_.seller_id_email as seller_i3_3_0_,
        sellerenti0_.seller_name as seller_n4_3_0_,
        sellerenti0_.seller_password as seller_p5_3_0_,
        sellerenti0_.seller_phonenum as seller_p6_3_0_ 
    from
        seller sellerenti0_ 
    where
        sellerenti0_.seller_key=?
Hibernate: 
    select
        sellerenti0_.seller_key as seller_k1_3_0_,
        sellerenti0_.shop_key as shop_key7_3_0_,
        sellerenti0_.isgrant as isgrant2_3_0_,
        sellerenti0_.seller_id_email as seller_i3_3_0_,
        sellerenti0_.seller_name as seller_n4_3_0_,
        sellerenti0_.seller_password as seller_p5_3_0_,
        sellerenti0_.seller_phonenum as seller_p6_3_0_ 
    from
        seller sellerenti0_ 
    where
        sellerenti0_.seller_key=?
2023-11-18 17:41:51.154 TRACE 11488 --- [    Test worker] o.h.type.descriptor.sql.BasicBinder      : binding parameter [1] as [INTEGER] - [123456789]
2023-11-18 17:41:51.191 DEBUG 11488 --- [    Test worker] org.hibernate.SQL                        : 
    insert 
    into
        seller
        (shop_key, isgrant, seller_id_email, seller_name, seller_password, seller_phonenum, seller_key) 
    values
        (?, ?, ?, ?, ?, ?, ?)
Hibernate: 
    insert 
    into
        seller
        (shop_key, isgrant, seller_id_email, seller_name, seller_password, seller_phonenum, seller_key) 
    values
        (?, ?, ?, ?, ?, ?, ?)
2023-11-18 17:41:51.192 TRACE 11488 --- [    Test worker] o.h.type.descriptor.sql.BasicBinder      : binding parameter [1] as [INTEGER] - [null]
2023-11-18 17:41:51.193 TRACE 11488 --- [    Test worker] o.h.type.descriptor.sql.BasicBinder      : binding parameter [2] as [INTEGER] - [null]
2023-11-18 17:41:51.193 TRACE 11488 --- [    Test worker] o.h.type.descriptor.sql.BasicBinder      : binding parameter [3] as [VARCHAR] - [sooh]
2023-11-18 17:41:51.193 TRACE 11488 --- [    Test worker] o.h.type.descriptor.sql.BasicBinder      : binding parameter [4] as [VARCHAR] - [suhyeon]
2023-11-18 17:41:51.194 TRACE 11488 --- [    Test worker] o.h.type.descriptor.sql.BasicBinder      : binding parameter [5] as [VARCHAR] - [$2a$10$TocOUokKTkyBFlfk7SVZOevRGY4TVT4b6lXMa68Js67kBVCq9a6qm]
2023-11-18 17:41:51.194 TRACE 11488 --- [    Test worker] o.h.type.descriptor.sql.BasicBinder      : binding parameter [6] as [VARCHAR] - [010-1111-2222]
2023-11-18 17:41:51.194 TRACE 11488 --- [    Test worker] o.h.type.descriptor.sql.BasicBinder      : binding parameter [7] as [INTEGER] - [123456789]
2023-11-18 17:41:51.221 DEBUG 11488 --- [    Test worker] org.hibernate.SQL                        : 
    select
        sellerenti0_.seller_key as seller_k1_3_,
        sellerenti0_.shop_key as shop_key7_3_,
        sellerenti0_.isgrant as isgrant2_3_,
        sellerenti0_.seller_id_email as seller_i3_3_,
        sellerenti0_.seller_name as seller_n4_3_,
        sellerenti0_.seller_password as seller_p5_3_,
        sellerenti0_.seller_phonenum as seller_p6_3_ 
    from
        seller sellerenti0_ 
    where
        sellerenti0_.seller_key=?
Hibernate: 
    select
        sellerenti0_.seller_key as seller_k1_3_,
        sellerenti0_.shop_key as shop_key7_3_,
        sellerenti0_.isgrant as isgrant2_3_,
        sellerenti0_.seller_id_email as seller_i3_3_,
        sellerenti0_.seller_name as seller_n4_3_,
        sellerenti0_.seller_password as seller_p5_3_,
        sellerenti0_.seller_phonenum as seller_p6_3_ 
    from
        seller sellerenti0_ 
    where
        sellerenti0_.seller_key=?
2023-11-18 17:41:51.224 TRACE 11488 --- [    Test worker] o.h.type.descriptor.sql.BasicBinder      : binding parameter [1] as [INTEGER] - [123456789]
soohsuhyeon-----------------------------------


2023-11-18 17:41:51.271 DEBUG 11488 --- [    Test worker] org.hibernate.SQL                        : 
    insert 
    into
        flower_shop
        (description, holiday, is_opened, is_sub, opening_hours, shop_location, shop_name, shop_phone_num) 
    values
        (?, ?, ?, ?, ?, ?, ?, ?)
Hibernate: 
    insert 
    into
        flower_shop
        (description, holiday, is_opened, is_sub, opening_hours, shop_location, shop_name, shop_phone_num) 
    values
        (?, ?, ?, ?, ?, ?, ?, ?)
2023-11-18 17:41:51.273 TRACE 11488 --- [    Test worker] o.h.type.descriptor.sql.BasicBinder      : binding parameter [1] as [VARCHAR] - [null]
2023-11-18 17:41:51.275 TRACE 11488 --- [    Test worker] o.h.type.descriptor.sql.BasicBinder      : binding parameter [2] as [VARBINARY] - [[Ljava.lang.String;@2e214d39]
2023-11-18 17:41:51.278 TRACE 11488 --- [    Test worker] o.h.type.descriptor.sql.BasicBinder      : binding parameter [3] as [BOOLEAN] - [false]
2023-11-18 17:41:51.279 TRACE 11488 --- [    Test worker] o.h.type.descriptor.sql.BasicBinder      : binding parameter [4] as [BOOLEAN] - [false]
2023-11-18 17:41:51.279 TRACE 11488 --- [    Test worker] o.h.type.descriptor.sql.BasicBinder      : binding parameter [5] as [VARBINARY] - [[[I@54dc163a]
2023-11-18 17:41:51.280 TRACE 11488 --- [    Test worker] o.h.type.descriptor.sql.BasicBinder      : binding parameter [6] as [VARCHAR] - [suwon-si]
2023-11-18 17:41:51.280 TRACE 11488 --- [    Test worker] o.h.type.descriptor.sql.BasicBinder      : binding parameter [7] as [VARCHAR] - [its me]
2023-11-18 17:41:51.281 TRACE 11488 --- [    Test worker] o.h.type.descriptor.sql.BasicBinder      : binding parameter [8] as [VARCHAR] - [031-308-8223]
2023-11-18 17:41:51.294 DEBUG 11488 --- [    Test worker] org.hibernate.SQL                        : 
    select
        sellerenti_.seller_key,
        sellerenti_.shop_key as shop_key7_3_,
        sellerenti_.isgrant as isgrant2_3_,
        sellerenti_.seller_id_email as seller_i3_3_,
        sellerenti_.seller_name as seller_n4_3_,
        sellerenti_.seller_password as seller_p5_3_,
        sellerenti_.seller_phonenum as seller_p6_3_ 
    from
        seller sellerenti_ 
    where
        sellerenti_.seller_key=?
Hibernate: 
    select
        sellerenti_.seller_key,
        sellerenti_.shop_key as shop_key7_3_,
        sellerenti_.isgrant as isgrant2_3_,
        sellerenti_.seller_id_email as seller_i3_3_,
        sellerenti_.seller_name as seller_n4_3_,
        sellerenti_.seller_password as seller_p5_3_,
        sellerenti_.seller_phonenum as seller_p6_3_ 
    from
        seller sellerenti_ 
    where
        sellerenti_.seller_key=?
2023-11-18 17:41:51.295 TRACE 11488 --- [    Test worker] o.h.type.descriptor.sql.BasicBinder      : binding parameter [1] as [INTEGER] - [123456789]
2023-11-18 17:41:51.329 DEBUG 11488 --- [    Test worker] org.hibernate.SQL                        : 
    select
        sellerenti0_.seller_key as seller_k1_3_0_,
        sellerenti0_.shop_key as shop_key7_3_0_,
        sellerenti0_.isgrant as isgrant2_3_0_,
        sellerenti0_.seller_id_email as seller_i3_3_0_,
        sellerenti0_.seller_name as seller_n4_3_0_,
        sellerenti0_.seller_password as seller_p5_3_0_,
        sellerenti0_.seller_phonenum as seller_p6_3_0_ 
    from
        seller sellerenti0_ 
    where
        sellerenti0_.seller_key=?
Hibernate: 
    select
        sellerenti0_.seller_key as seller_k1_3_0_,
        sellerenti0_.shop_key as shop_key7_3_0_,
        sellerenti0_.isgrant as isgrant2_3_0_,
        sellerenti0_.seller_id_email as seller_i3_3_0_,
        sellerenti0_.seller_name as seller_n4_3_0_,
        sellerenti0_.seller_password as seller_p5_3_0_,
        sellerenti0_.seller_phonenum as seller_p6_3_0_ 
    from
        seller sellerenti0_ 
    where
        sellerenti0_.seller_key=?
2023-11-18 17:41:51.330 TRACE 11488 --- [    Test worker] o.h.type.descriptor.sql.BasicBinder      : binding parameter [1] as [INTEGER] - [123456789]
2023-11-18 17:41:51.340 DEBUG 11488 --- [    Test worker] org.hibernate.SQL                        : 
    select
        flowershop0_.shop_key as shop_key1_2_0_,
        flowershop0_.description as descript2_2_0_,
        flowershop0_.holiday as holiday3_2_0_,
        flowershop0_.is_opened as is_opene4_2_0_,
        flowershop0_.is_sub as is_sub5_2_0_,
        flowershop0_.opening_hours as opening_6_2_0_,
        flowershop0_.shop_location as shop_loc7_2_0_,
        flowershop0_.shop_name as shop_nam8_2_0_,
        flowershop0_.shop_phone_num as shop_pho9_2_0_,
        sellerenti1_.seller_key as seller_k1_3_1_,
        sellerenti1_.shop_key as shop_key7_3_1_,
        sellerenti1_.isgrant as isgrant2_3_1_,
        sellerenti1_.seller_id_email as seller_i3_3_1_,
        sellerenti1_.seller_name as seller_n4_3_1_,
        sellerenti1_.seller_password as seller_p5_3_1_,
        sellerenti1_.seller_phonenum as seller_p6_3_1_ 
    from
        flower_shop flowershop0_ 
    left outer join
        seller sellerenti1_ 
            on flowershop0_.shop_key=sellerenti1_.shop_key 
    where
        flowershop0_.shop_key=?
Hibernate: 
    select
        flowershop0_.shop_key as shop_key1_2_0_,
        flowershop0_.description as descript2_2_0_,
        flowershop0_.holiday as holiday3_2_0_,
        flowershop0_.is_opened as is_opene4_2_0_,
        flowershop0_.is_sub as is_sub5_2_0_,
        flowershop0_.opening_hours as opening_6_2_0_,
        flowershop0_.shop_location as shop_loc7_2_0_,
        flowershop0_.shop_name as shop_nam8_2_0_,
        flowershop0_.shop_phone_num as shop_pho9_2_0_,
        sellerenti1_.seller_key as seller_k1_3_1_,
        sellerenti1_.shop_key as shop_key7_3_1_,
        sellerenti1_.isgrant as isgrant2_3_1_,
        sellerenti1_.seller_id_email as seller_i3_3_1_,
        sellerenti1_.seller_name as seller_n4_3_1_,
        sellerenti1_.seller_password as seller_p5_3_1_,
        sellerenti1_.seller_phonenum as seller_p6_3_1_ 
    from
        flower_shop flowershop0_ 
    left outer join
        seller sellerenti1_ 
            on flowershop0_.shop_key=sellerenti1_.shop_key 
    where
        flowershop0_.shop_key=?
2023-11-18 17:41:51.342 TRACE 11488 --- [    Test worker] o.h.type.descriptor.sql.BasicBinder      : binding parameter [1] as [INTEGER] - [9]
2023-11-18 17:41:51.375 DEBUG 11488 --- [    Test worker] org.hibernate.SQL                        : 
    update
        seller 
    set
        shop_key=?,
        isgrant=?,
        seller_id_email=?,
        seller_name=?,
        seller_password=?,
        seller_phonenum=? 
    where
        seller_key=?
Hibernate: 
    update
        seller 
    set
        shop_key=?,
        isgrant=?,
        seller_id_email=?,
        seller_name=?,
        seller_password=?,
        seller_phonenum=? 
    where
        seller_key=?
2023-11-18 17:41:51.376 TRACE 11488 --- [    Test worker] o.h.type.descriptor.sql.BasicBinder      : binding parameter [1] as [INTEGER] - [9]
2023-11-18 17:41:51.376 TRACE 11488 --- [    Test worker] o.h.type.descriptor.sql.BasicBinder      : binding parameter [2] as [INTEGER] - [null]
2023-11-18 17:41:51.377 TRACE 11488 --- [    Test worker] o.h.type.descriptor.sql.BasicBinder      : binding parameter [3] as [VARCHAR] - [sooh]
2023-11-18 17:41:51.377 TRACE 11488 --- [    Test worker] o.h.type.descriptor.sql.BasicBinder      : binding parameter [4] as [VARCHAR] - [suhyeon]
2023-11-18 17:41:51.377 TRACE 11488 --- [    Test worker] o.h.type.descriptor.sql.BasicBinder      : binding parameter [5] as [VARCHAR] - [$2a$10$TocOUokKTkyBFlfk7SVZOevRGY4TVT4b6lXMa68Js67kBVCq9a6qm]
2023-11-18 17:41:51.378 TRACE 11488 --- [    Test worker] o.h.type.descriptor.sql.BasicBinder      : binding parameter [6] as [VARCHAR] - [010-1111-2222]
2023-11-18 17:41:51.378 TRACE 11488 --- [    Test worker] o.h.type.descriptor.sql.BasicBinder      : binding parameter [7] as [INTEGER] - [123456789]
soohsuhyeonits me-----------------------------------


2023-11-18 17:41:51.681 DEBUG 11488 --- [    Test worker] org.hibernate.SQL                        : 
    select
        flowershop0_.shop_key as shop_key1_2_,
        flowershop0_.description as descript2_2_,
        flowershop0_.holiday as holiday3_2_,
        flowershop0_.is_opened as is_opene4_2_,
        flowershop0_.is_sub as is_sub5_2_,
        flowershop0_.opening_hours as opening_6_2_,
        flowershop0_.shop_location as shop_loc7_2_,
        flowershop0_.shop_name as shop_nam8_2_,
        flowershop0_.shop_phone_num as shop_pho9_2_ 
    from
        flower_shop flowershop0_ 
    where
        flowershop0_.shop_key=?
Hibernate: 
    select
        flowershop0_.shop_key as shop_key1_2_,
        flowershop0_.description as descript2_2_,
        flowershop0_.holiday as holiday3_2_,
        flowershop0_.is_opened as is_opene4_2_,
        flowershop0_.is_sub as is_sub5_2_,
        flowershop0_.opening_hours as opening_6_2_,
        flowershop0_.shop_location as shop_loc7_2_,
        flowershop0_.shop_name as shop_nam8_2_,
        flowershop0_.shop_phone_num as shop_pho9_2_ 
    from
        flower_shop flowershop0_ 
    where
        flowershop0_.shop_key=?
2023-11-18 17:41:51.682 TRACE 11488 --- [    Test worker] o.h.type.descriptor.sql.BasicBinder      : binding parameter [1] as [INTEGER] - [9]
2023-11-18 17:41:51.691 DEBUG 11488 --- [    Test worker] org.hibernate.SQL                        : 
    select
        sellerenti0_.seller_key as seller_k1_3_1_,
        sellerenti0_.shop_key as shop_key7_3_1_,
        sellerenti0_.isgrant as isgrant2_3_1_,
        sellerenti0_.seller_id_email as seller_i3_3_1_,
        sellerenti0_.seller_name as seller_n4_3_1_,
        sellerenti0_.seller_password as seller_p5_3_1_,
        sellerenti0_.seller_phonenum as seller_p6_3_1_,
        flowershop1_.shop_key as shop_key1_2_0_,
        flowershop1_.description as descript2_2_0_,
        flowershop1_.holiday as holiday3_2_0_,
        flowershop1_.is_opened as is_opene4_2_0_,
        flowershop1_.is_sub as is_sub5_2_0_,
        flowershop1_.opening_hours as opening_6_2_0_,
        flowershop1_.shop_location as shop_loc7_2_0_,
        flowershop1_.shop_name as shop_nam8_2_0_,
        flowershop1_.shop_phone_num as shop_pho9_2_0_ 
    from
        seller sellerenti0_ 
    left outer join
        flower_shop flowershop1_ 
            on sellerenti0_.shop_key=flowershop1_.shop_key 
    where
        sellerenti0_.shop_key=?
Hibernate: 
    select
        sellerenti0_.seller_key as seller_k1_3_1_,
        sellerenti0_.shop_key as shop_key7_3_1_,
        sellerenti0_.isgrant as isgrant2_3_1_,
        sellerenti0_.seller_id_email as seller_i3_3_1_,
        sellerenti0_.seller_name as seller_n4_3_1_,
        sellerenti0_.seller_password as seller_p5_3_1_,
        sellerenti0_.seller_phonenum as seller_p6_3_1_,
        flowershop1_.shop_key as shop_key1_2_0_,
        flowershop1_.description as descript2_2_0_,
        flowershop1_.holiday as holiday3_2_0_,
        flowershop1_.is_opened as is_opene4_2_0_,
        flowershop1_.is_sub as is_sub5_2_0_,
        flowershop1_.opening_hours as opening_6_2_0_,
        flowershop1_.shop_location as shop_loc7_2_0_,
        flowershop1_.shop_name as shop_nam8_2_0_,
        flowershop1_.shop_phone_num as shop_pho9_2_0_ 
    from
        seller sellerenti0_ 
    left outer join
        flower_shop flowershop1_ 
            on sellerenti0_.shop_key=flowershop1_.shop_key 
    where
        sellerenti0_.shop_key=?
2023-11-18 17:41:51.694 TRACE 11488 --- [    Test worker] o.h.type.descriptor.sql.BasicBinder      : binding parameter [1] as [INTEGER] - [9]
2023-11-18 17:41:51.733 DEBUG 11488 --- [    Test worker] org.hibernate.SQL                        : 
    delete 
    from
        seller
Hibernate: 
    delete 
    from
        seller
2023-11-18 17:41:51.766 DEBUG 11488 --- [    Test worker] org.hibernate.SQL                        : 
    delete 
    from
        flower_shop
Hibernate: 
    delete 
    from
        flower_shop
2023-11-18 17:41:51.802 DEBUG 11488 --- [    Test worker] org.hibernate.SQL                        : 
    select
        sellerenti0_.seller_key as seller_k1_3_,
        sellerenti0_.shop_key as shop_key7_3_,
        sellerenti0_.isgrant as isgrant2_3_,
        sellerenti0_.seller_id_email as seller_i3_3_,
        sellerenti0_.seller_name as seller_n4_3_,
        sellerenti0_.seller_password as seller_p5_3_,
        sellerenti0_.seller_phonenum as seller_p6_3_ 
    from
        seller sellerenti0_ 
    where
        sellerenti0_.seller_key=?
Hibernate: 
    select
        sellerenti0_.seller_key as seller_k1_3_,
        sellerenti0_.shop_key as shop_key7_3_,
        sellerenti0_.isgrant as isgrant2_3_,
        sellerenti0_.seller_id_email as seller_i3_3_,
        sellerenti0_.seller_name as seller_n4_3_,
        sellerenti0_.seller_password as seller_p5_3_,
        sellerenti0_.seller_phonenum as seller_p6_3_ 
    from
        seller sellerenti0_ 
    where
        sellerenti0_.seller_key=?
2023-11-18 17:41:51.803 TRACE 11488 --- [    Test worker] o.h.type.descriptor.sql.BasicBinder      : binding parameter [1] as [INTEGER] - [123456789]
2023-11-18 17:41:52.032 DEBUG 11488 --- [    Test worker] org.hibernate.SQL                        : 
    select
        sellerenti0_.seller_key as seller_k1_3_0_,
        sellerenti0_.shop_key as shop_key7_3_0_,
        sellerenti0_.isgrant as isgrant2_3_0_,
        sellerenti0_.seller_id_email as seller_i3_3_0_,
        sellerenti0_.seller_name as seller_n4_3_0_,
        sellerenti0_.seller_password as seller_p5_3_0_,
        sellerenti0_.seller_phonenum as seller_p6_3_0_ 
    from
        seller sellerenti0_ 
    where
        sellerenti0_.seller_key=?
Hibernate: 
    select
        sellerenti0_.seller_key as seller_k1_3_0_,
        sellerenti0_.shop_key as shop_key7_3_0_,
        sellerenti0_.isgrant as isgrant2_3_0_,
        sellerenti0_.seller_id_email as seller_i3_3_0_,
        sellerenti0_.seller_name as seller_n4_3_0_,
        sellerenti0_.seller_password as seller_p5_3_0_,
        sellerenti0_.seller_phonenum as seller_p6_3_0_ 
    from
        seller sellerenti0_ 
    where
        sellerenti0_.seller_key=?
2023-11-18 17:41:52.035 TRACE 11488 --- [    Test worker] o.h.type.descriptor.sql.BasicBinder      : binding parameter [1] as [INTEGER] - [123456789]
2023-11-18 17:41:52.046 DEBUG 11488 --- [    Test worker] org.hibernate.SQL                        : 
    insert 
    into
        seller
        (shop_key, isgrant, seller_id_email, seller_name, seller_password, seller_phonenum, seller_key) 
    values
        (?, ?, ?, ?, ?, ?, ?)
Hibernate: 
    insert 
    into
        seller
        (shop_key, isgrant, seller_id_email, seller_name, seller_password, seller_phonenum, seller_key) 
    values
        (?, ?, ?, ?, ?, ?, ?)
2023-11-18 17:41:52.048 TRACE 11488 --- [    Test worker] o.h.type.descriptor.sql.BasicBinder      : binding parameter [1] as [INTEGER] - [null]
2023-11-18 17:41:52.048 TRACE 11488 --- [    Test worker] o.h.type.descriptor.sql.BasicBinder      : binding parameter [2] as [INTEGER] - [null]
2023-11-18 17:41:52.048 TRACE 11488 --- [    Test worker] o.h.type.descriptor.sql.BasicBinder      : binding parameter [3] as [VARCHAR] - [sooh]
2023-11-18 17:41:52.048 TRACE 11488 --- [    Test worker] o.h.type.descriptor.sql.BasicBinder      : binding parameter [4] as [VARCHAR] - [suhyeon]
2023-11-18 17:41:52.049 TRACE 11488 --- [    Test worker] o.h.type.descriptor.sql.BasicBinder      : binding parameter [5] as [VARCHAR] - [$2a$10$supuQU5bb.g9qUPHwVb3OuzzTuD/yR8ozx/MBoQyHZ6ASN/TkZQBa]
2023-11-18 17:41:52.049 TRACE 11488 --- [    Test worker] o.h.type.descriptor.sql.BasicBinder      : binding parameter [6] as [VARCHAR] - [010-1111-2222]
2023-11-18 17:41:52.049 TRACE 11488 --- [    Test worker] o.h.type.descriptor.sql.BasicBinder      : binding parameter [7] as [INTEGER] - [123456789]
2023-11-18 17:41:52.075 DEBUG 11488 --- [    Test worker] org.hibernate.SQL                        : 
    select
        sellerenti0_.seller_key as seller_k1_3_,
        sellerenti0_.shop_key as shop_key7_3_,
        sellerenti0_.isgrant as isgrant2_3_,
        sellerenti0_.seller_id_email as seller_i3_3_,
        sellerenti0_.seller_name as seller_n4_3_,
        sellerenti0_.seller_password as seller_p5_3_,
        sellerenti0_.seller_phonenum as seller_p6_3_ 
    from
        seller sellerenti0_ 
    where
        sellerenti0_.seller_key=?
Hibernate: 
    select
        sellerenti0_.seller_key as seller_k1_3_,
        sellerenti0_.shop_key as shop_key7_3_,
        sellerenti0_.isgrant as isgrant2_3_,
        sellerenti0_.seller_id_email as seller_i3_3_,
        sellerenti0_.seller_name as seller_n4_3_,
        sellerenti0_.seller_password as seller_p5_3_,
        sellerenti0_.seller_phonenum as seller_p6_3_ 
    from
        seller sellerenti0_ 
    where
        sellerenti0_.seller_key=?
2023-11-18 17:41:52.077 TRACE 11488 --- [    Test worker] o.h.type.descriptor.sql.BasicBinder      : binding parameter [1] as [INTEGER] - [123456789]
soohsuhyeon-----------------------------------


2023-11-18 17:41:52.095 DEBUG 11488 --- [    Test worker] org.hibernate.SQL                        : 
    insert 
    into
        flower_shop
        (description, holiday, is_opened, is_sub, opening_hours, shop_location, shop_name, shop_phone_num) 
    values
        (?, ?, ?, ?, ?, ?, ?, ?)
Hibernate: 
    insert 
    into
        flower_shop
        (description, holiday, is_opened, is_sub, opening_hours, shop_location, shop_name, shop_phone_num) 
    values
        (?, ?, ?, ?, ?, ?, ?, ?)
2023-11-18 17:41:52.098 TRACE 11488 --- [    Test worker] o.h.type.descriptor.sql.BasicBinder      : binding parameter [1] as [VARCHAR] - [null]
2023-11-18 17:41:52.098 TRACE 11488 --- [    Test worker] o.h.type.descriptor.sql.BasicBinder      : binding parameter [2] as [VARBINARY] - [[Ljava.lang.String;@441c2d2a]
2023-11-18 17:41:52.099 TRACE 11488 --- [    Test worker] o.h.type.descriptor.sql.BasicBinder      : binding parameter [3] as [BOOLEAN] - [false]
2023-11-18 17:41:52.099 TRACE 11488 --- [    Test worker] o.h.type.descriptor.sql.BasicBinder      : binding parameter [4] as [BOOLEAN] - [false]
2023-11-18 17:41:52.099 TRACE 11488 --- [    Test worker] o.h.type.descriptor.sql.BasicBinder      : binding parameter [5] as [VARBINARY] - [[[I@18ada4e1]
2023-11-18 17:41:52.100 TRACE 11488 --- [    Test worker] o.h.type.descriptor.sql.BasicBinder      : binding parameter [6] as [VARCHAR] - [suwon-si]
2023-11-18 17:41:52.100 TRACE 11488 --- [    Test worker] o.h.type.descriptor.sql.BasicBinder      : binding parameter [7] as [VARCHAR] - [its me]
2023-11-18 17:41:52.101 TRACE 11488 --- [    Test worker] o.h.type.descriptor.sql.BasicBinder      : binding parameter [8] as [VARCHAR] - [031-308-8223]
2023-11-18 17:41:52.110 DEBUG 11488 --- [    Test worker] org.hibernate.SQL                        : 
    select
        sellerenti_.seller_key,
        sellerenti_.shop_key as shop_key7_3_,
        sellerenti_.isgrant as isgrant2_3_,
        sellerenti_.seller_id_email as seller_i3_3_,
        sellerenti_.seller_name as seller_n4_3_,
        sellerenti_.seller_password as seller_p5_3_,
        sellerenti_.seller_phonenum as seller_p6_3_ 
    from
        seller sellerenti_ 
    where
        sellerenti_.seller_key=?
Hibernate: 
    select
        sellerenti_.seller_key,
        sellerenti_.shop_key as shop_key7_3_,
        sellerenti_.isgrant as isgrant2_3_,
        sellerenti_.seller_id_email as seller_i3_3_,
        sellerenti_.seller_name as seller_n4_3_,
        sellerenti_.seller_password as seller_p5_3_,
        sellerenti_.seller_phonenum as seller_p6_3_ 
    from
        seller sellerenti_ 
    where
        sellerenti_.seller_key=?
2023-11-18 17:41:52.112 TRACE 11488 --- [    Test worker] o.h.type.descriptor.sql.BasicBinder      : binding parameter [1] as [INTEGER] - [123456789]
2023-11-18 17:41:52.145 DEBUG 11488 --- [    Test worker] org.hibernate.SQL                        : 
    select
        sellerenti0_.seller_key as seller_k1_3_0_,
        sellerenti0_.shop_key as shop_key7_3_0_,
        sellerenti0_.isgrant as isgrant2_3_0_,
        sellerenti0_.seller_id_email as seller_i3_3_0_,
        sellerenti0_.seller_name as seller_n4_3_0_,
        sellerenti0_.seller_password as seller_p5_3_0_,
        sellerenti0_.seller_phonenum as seller_p6_3_0_ 
    from
        seller sellerenti0_ 
    where
        sellerenti0_.seller_key=?
Hibernate: 
    select
        sellerenti0_.seller_key as seller_k1_3_0_,
        sellerenti0_.shop_key as shop_key7_3_0_,
        sellerenti0_.isgrant as isgrant2_3_0_,
        sellerenti0_.seller_id_email as seller_i3_3_0_,
        sellerenti0_.seller_name as seller_n4_3_0_,
        sellerenti0_.seller_password as seller_p5_3_0_,
        sellerenti0_.seller_phonenum as seller_p6_3_0_ 
    from
        seller sellerenti0_ 
    where
        sellerenti0_.seller_key=?
2023-11-18 17:41:52.146 TRACE 11488 --- [    Test worker] o.h.type.descriptor.sql.BasicBinder      : binding parameter [1] as [INTEGER] - [123456789]
2023-11-18 17:41:52.157 DEBUG 11488 --- [    Test worker] org.hibernate.SQL                        : 
    select
        flowershop0_.shop_key as shop_key1_2_0_,
        flowershop0_.description as descript2_2_0_,
        flowershop0_.holiday as holiday3_2_0_,
        flowershop0_.is_opened as is_opene4_2_0_,
        flowershop0_.is_sub as is_sub5_2_0_,
        flowershop0_.opening_hours as opening_6_2_0_,
        flowershop0_.shop_location as shop_loc7_2_0_,
        flowershop0_.shop_name as shop_nam8_2_0_,
        flowershop0_.shop_phone_num as shop_pho9_2_0_,
        sellerenti1_.seller_key as seller_k1_3_1_,
        sellerenti1_.shop_key as shop_key7_3_1_,
        sellerenti1_.isgrant as isgrant2_3_1_,
        sellerenti1_.seller_id_email as seller_i3_3_1_,
        sellerenti1_.seller_name as seller_n4_3_1_,
        sellerenti1_.seller_password as seller_p5_3_1_,
        sellerenti1_.seller_phonenum as seller_p6_3_1_ 
    from
        flower_shop flowershop0_ 
    left outer join
        seller sellerenti1_ 
            on flowershop0_.shop_key=sellerenti1_.shop_key 
    where
        flowershop0_.shop_key=?
Hibernate: 
    select
        flowershop0_.shop_key as shop_key1_2_0_,
        flowershop0_.description as descript2_2_0_,
        flowershop0_.holiday as holiday3_2_0_,
        flowershop0_.is_opened as is_opene4_2_0_,
        flowershop0_.is_sub as is_sub5_2_0_,
        flowershop0_.opening_hours as opening_6_2_0_,
        flowershop0_.shop_location as shop_loc7_2_0_,
        flowershop0_.shop_name as shop_nam8_2_0_,
        flowershop0_.shop_phone_num as shop_pho9_2_0_,
        sellerenti1_.seller_key as seller_k1_3_1_,
        sellerenti1_.shop_key as shop_key7_3_1_,
        sellerenti1_.isgrant as isgrant2_3_1_,
        sellerenti1_.seller_id_email as seller_i3_3_1_,
        sellerenti1_.seller_name as seller_n4_3_1_,
        sellerenti1_.seller_password as seller_p5_3_1_,
        sellerenti1_.seller_phonenum as seller_p6_3_1_ 
    from
        flower_shop flowershop0_ 
    left outer join
        seller sellerenti1_ 
            on flowershop0_.shop_key=sellerenti1_.shop_key 
    where
        flowershop0_.shop_key=?
2023-11-18 17:41:52.159 TRACE 11488 --- [    Test worker] o.h.type.descriptor.sql.BasicBinder      : binding parameter [1] as [INTEGER] - [10]
2023-11-18 17:41:52.174 DEBUG 11488 --- [    Test worker] org.hibernate.SQL                        : 
    update
        seller 
    set
        shop_key=?,
        isgrant=?,
        seller_id_email=?,
        seller_name=?,
        seller_password=?,
        seller_phonenum=? 
    where
        seller_key=?
Hibernate: 
    update
        seller 
    set
        shop_key=?,
        isgrant=?,
        seller_id_email=?,
        seller_name=?,
        seller_password=?,
        seller_phonenum=? 
    where
        seller_key=?
2023-11-18 17:41:52.175 TRACE 11488 --- [    Test worker] o.h.type.descriptor.sql.BasicBinder      : binding parameter [1] as [INTEGER] - [10]
2023-11-18 17:41:52.176 TRACE 11488 --- [    Test worker] o.h.type.descriptor.sql.BasicBinder      : binding parameter [2] as [INTEGER] - [null]
2023-11-18 17:41:52.176 TRACE 11488 --- [    Test worker] o.h.type.descriptor.sql.BasicBinder      : binding parameter [3] as [VARCHAR] - [sooh]
2023-11-18 17:41:52.176 TRACE 11488 --- [    Test worker] o.h.type.descriptor.sql.BasicBinder      : binding parameter [4] as [VARCHAR] - [suhyeon]
2023-11-18 17:41:52.177 TRACE 11488 --- [    Test worker] o.h.type.descriptor.sql.BasicBinder      : binding parameter [5] as [VARCHAR] - [$2a$10$supuQU5bb.g9qUPHwVb3OuzzTuD/yR8ozx/MBoQyHZ6ASN/TkZQBa]
2023-11-18 17:41:52.177 TRACE 11488 --- [    Test worker] o.h.type.descriptor.sql.BasicBinder      : binding parameter [6] as [VARCHAR] - [010-1111-2222]
2023-11-18 17:41:52.178 TRACE 11488 --- [    Test worker] o.h.type.descriptor.sql.BasicBinder      : binding parameter [7] as [INTEGER] - [123456789]
soohsuhyeonits me-----------------------------------


2023-11-18 17:41:52.206 DEBUG 11488 --- [    Test worker] org.hibernate.SQL                        : 
    select
        sellerenti0_.seller_key as seller_k1_3_,
        sellerenti0_.shop_key as shop_key7_3_,
        sellerenti0_.isgrant as isgrant2_3_,
        sellerenti0_.seller_id_email as seller_i3_3_,
        sellerenti0_.seller_name as seller_n4_3_,
        sellerenti0_.seller_password as seller_p5_3_,
        sellerenti0_.seller_phonenum as seller_p6_3_ 
    from
        seller sellerenti0_ 
    where
        sellerenti0_.seller_key=?
Hibernate: 
    select
        sellerenti0_.seller_key as seller_k1_3_,
        sellerenti0_.shop_key as shop_key7_3_,
        sellerenti0_.isgrant as isgrant2_3_,
        sellerenti0_.seller_id_email as seller_i3_3_,
        sellerenti0_.seller_name as seller_n4_3_,
        sellerenti0_.seller_password as seller_p5_3_,
        sellerenti0_.seller_phonenum as seller_p6_3_ 
    from
        seller sellerenti0_ 
    where
        sellerenti0_.seller_key=?
2023-11-18 17:41:52.207 TRACE 11488 --- [    Test worker] o.h.type.descriptor.sql.BasicBinder      : binding parameter [1] as [INTEGER] - [123456789]
2023-11-18 17:41:52.217 DEBUG 11488 --- [    Test worker] org.hibernate.SQL                        : 
    select
        flowershop0_.shop_key as shop_key1_2_0_,
        flowershop0_.description as descript2_2_0_,
        flowershop0_.holiday as holiday3_2_0_,
        flowershop0_.is_opened as is_opene4_2_0_,
        flowershop0_.is_sub as is_sub5_2_0_,
        flowershop0_.opening_hours as opening_6_2_0_,
        flowershop0_.shop_location as shop_loc7_2_0_,
        flowershop0_.shop_name as shop_nam8_2_0_,
        flowershop0_.shop_phone_num as shop_pho9_2_0_,
        sellerenti1_.seller_key as seller_k1_3_1_,
        sellerenti1_.shop_key as shop_key7_3_1_,
        sellerenti1_.isgrant as isgrant2_3_1_,
        sellerenti1_.seller_id_email as seller_i3_3_1_,
        sellerenti1_.seller_name as seller_n4_3_1_,
        sellerenti1_.seller_password as seller_p5_3_1_,
        sellerenti1_.seller_phonenum as seller_p6_3_1_ 
    from
        flower_shop flowershop0_ 
    left outer join
        seller sellerenti1_ 
            on flowershop0_.shop_key=sellerenti1_.shop_key 
    where
        flowershop0_.shop_key=?
Hibernate: 
    select
        flowershop0_.shop_key as shop_key1_2_0_,
        flowershop0_.description as descript2_2_0_,
        flowershop0_.holiday as holiday3_2_0_,
        flowershop0_.is_opened as is_opene4_2_0_,
        flowershop0_.is_sub as is_sub5_2_0_,
        flowershop0_.opening_hours as opening_6_2_0_,
        flowershop0_.shop_location as shop_loc7_2_0_,
        flowershop0_.shop_name as shop_nam8_2_0_,
        flowershop0_.shop_phone_num as shop_pho9_2_0_,
        sellerenti1_.seller_key as seller_k1_3_1_,
        sellerenti1_.shop_key as shop_key7_3_1_,
        sellerenti1_.isgrant as isgrant2_3_1_,
        sellerenti1_.seller_id_email as seller_i3_3_1_,
        sellerenti1_.seller_name as seller_n4_3_1_,
        sellerenti1_.seller_password as seller_p5_3_1_,
        sellerenti1_.seller_phonenum as seller_p6_3_1_ 
    from
        flower_shop flowershop0_ 
    left outer join
        seller sellerenti1_ 
            on flowershop0_.shop_key=sellerenti1_.shop_key 
    where
        flowershop0_.shop_key=?
2023-11-18 17:41:52.219 TRACE 11488 --- [    Test worker] o.h.type.descriptor.sql.BasicBinder      : binding parameter [1] as [INTEGER] - [10]
2023-11-18 17:41:52.230 DEBUG 11488 --- [    Test worker] org.hibernate.SQL                        : 
    select
        sellerenti0_.seller_key as seller_k1_3_1_,
        sellerenti0_.shop_key as shop_key7_3_1_,
        sellerenti0_.isgrant as isgrant2_3_1_,
        sellerenti0_.seller_id_email as seller_i3_3_1_,
        sellerenti0_.seller_name as seller_n4_3_1_,
        sellerenti0_.seller_password as seller_p5_3_1_,
        sellerenti0_.seller_phonenum as seller_p6_3_1_,
        flowershop1_.shop_key as shop_key1_2_0_,
        flowershop1_.description as descript2_2_0_,
        flowershop1_.holiday as holiday3_2_0_,
        flowershop1_.is_opened as is_opene4_2_0_,
        flowershop1_.is_sub as is_sub5_2_0_,
        flowershop1_.opening_hours as opening_6_2_0_,
        flowershop1_.shop_location as shop_loc7_2_0_,
        flowershop1_.shop_name as shop_nam8_2_0_,
        flowershop1_.shop_phone_num as shop_pho9_2_0_ 
    from
        seller sellerenti0_ 
    left outer join
        flower_shop flowershop1_ 
            on sellerenti0_.shop_key=flowershop1_.shop_key 
    where
        sellerenti0_.shop_key=?
Hibernate: 
    select
        sellerenti0_.seller_key as seller_k1_3_1_,
        sellerenti0_.shop_key as shop_key7_3_1_,
        sellerenti0_.isgrant as isgrant2_3_1_,
        sellerenti0_.seller_id_email as seller_i3_3_1_,
        sellerenti0_.seller_name as seller_n4_3_1_,
        sellerenti0_.seller_password as seller_p5_3_1_,
        sellerenti0_.seller_phonenum as seller_p6_3_1_,
        flowershop1_.shop_key as shop_key1_2_0_,
        flowershop1_.description as descript2_2_0_,
        flowershop1_.holiday as holiday3_2_0_,
        flowershop1_.is_opened as is_opene4_2_0_,
        flowershop1_.is_sub as is_sub5_2_0_,
        flowershop1_.opening_hours as opening_6_2_0_,
        flowershop1_.shop_location as shop_loc7_2_0_,
        flowershop1_.shop_name as shop_nam8_2_0_,
        flowershop1_.shop_phone_num as shop_pho9_2_0_ 
    from
        seller sellerenti0_ 
    left outer join
        flower_shop flowershop1_ 
            on sellerenti0_.shop_key=flowershop1_.shop_key 
    where
        sellerenti0_.shop_key=?
2023-11-18 17:41:52.232 TRACE 11488 --- [    Test worker] o.h.type.descriptor.sql.BasicBinder      : binding parameter [1] as [INTEGER] - [10]
soohsuhyeon-----------------------------------


]]></system-out>
  <system-err><![CDATA[]]></system-err>
</testsuite>
