<?xml version="1.0" encoding="UTF-8"?>
<testsuite name="net.prescent.service.CustomerServiceTest" tests="6" skipped="0" failures="0" errors="0" timestamp="2023-11-25T02:39:45" hostname="LAPTOP-Q5F6TAOM" time="2.941">
  <properties/>
  <testcase name="고객 회원가입 테스트" classname="net.prescent.service.CustomerServiceTest" time="1.212"/>
  <testcase name="중복 이메일 가입 테스트" classname="net.prescent.service.CustomerServiceTest" time="0.304"/>
  <testcase name="고객 로그아웃 테스트" classname="net.prescent.service.CustomerServiceTest" time="0.451"/>
  <testcase name="고객 로그인 실패 - 잘못된 비밀번호 테스트" classname="net.prescent.service.CustomerServiceTest" time="0.321"/>
  <testcase name="고객 로그인 성공 테스트" classname="net.prescent.service.CustomerServiceTest" time="0.409"/>
  <testcase name="고객 로그인 실패 - 잘못된 Email 테스트" classname="net.prescent.service.CustomerServiceTest" time="0.234"/>
  <system-out><![CDATA[11:39:28.561 [Test worker] DEBUG org.springframework.test.context.BootstrapUtils - Instantiating CacheAwareContextLoaderDelegate from class [org.springframework.test.context.cache.DefaultCacheAwareContextLoaderDelegate]
11:39:28.583 [Test worker] DEBUG org.springframework.test.context.BootstrapUtils - Instantiating BootstrapContext using constructor [public org.springframework.test.context.support.DefaultBootstrapContext(java.lang.Class,org.springframework.test.context.CacheAwareContextLoaderDelegate)]
11:39:28.644 [Test worker] DEBUG org.springframework.test.context.BootstrapUtils - Instantiating TestContextBootstrapper for test class [net.prescent.service.CustomerServiceTest] from class [org.springframework.boot.test.context.SpringBootTestContextBootstrapper]
11:39:28.679 [Test worker] INFO org.springframework.boot.test.context.SpringBootTestContextBootstrapper - Neither @ContextConfiguration nor @ContextHierarchy found for test class [net.prescent.service.CustomerServiceTest], using SpringBootContextLoader
11:39:28.695 [Test worker] DEBUG org.springframework.test.context.support.AbstractContextLoader - Did not detect default resource location for test class [net.prescent.service.CustomerServiceTest]: class path resource [net/prescent/service/CustomerServiceTest-context.xml] does not exist
11:39:28.696 [Test worker] DEBUG org.springframework.test.context.support.AbstractContextLoader - Did not detect default resource location for test class [net.prescent.service.CustomerServiceTest]: class path resource [net/prescent/service/CustomerServiceTestContext.groovy] does not exist
11:39:28.697 [Test worker] INFO org.springframework.test.context.support.AbstractContextLoader - Could not detect default resource locations for test class [net.prescent.service.CustomerServiceTest]: no resource found for suffixes {-context.xml, Context.groovy}.
11:39:28.698 [Test worker] INFO org.springframework.test.context.support.AnnotationConfigContextLoaderUtils - Could not detect default configuration classes for test class [net.prescent.service.CustomerServiceTest]: CustomerServiceTest does not declare any static, non-private, non-final, nested classes annotated with @Configuration.
11:39:28.841 [Test worker] DEBUG org.springframework.test.context.support.ActiveProfilesUtils - Could not find an 'annotation declaring class' for annotation type [org.springframework.test.context.ActiveProfiles] and class [net.prescent.service.CustomerServiceTest]
11:39:29.046 [Test worker] DEBUG org.springframework.context.annotation.ClassPathScanningCandidateComponentProvider - Identified candidate component class: file [C:\Users\user\IdeaProjects\PreScent_sc23\build\classes\java\main\net\prescent\PreScentApplication.class]
11:39:29.049 [Test worker] INFO org.springframework.boot.test.context.SpringBootTestContextBootstrapper - Found @SpringBootConfiguration net.prescent.PreScentApplication for test class net.prescent.service.CustomerServiceTest
11:39:29.293 [Test worker] DEBUG org.springframework.boot.test.context.SpringBootTestContextBootstrapper - @TestExecutionListeners is not present for class [net.prescent.service.CustomerServiceTest]: using defaults.
11:39:29.295 [Test worker] INFO org.springframework.boot.test.context.SpringBootTestContextBootstrapper - Loaded default TestExecutionListener class names from location [META-INF/spring.factories]: [org.springframework.security.test.context.support.WithSecurityContextTestExecutionListener, org.springframework.security.test.context.support.ReactorContextTestExecutionListener, org.springframework.boot.test.autoconfigure.restdocs.RestDocsTestExecutionListener, org.springframework.boot.test.autoconfigure.web.client.MockRestServiceServerResetTestExecutionListener, org.springframework.boot.test.autoconfigure.web.servlet.MockMvcPrintOnlyOnFailureTestExecutionListener, org.springframework.boot.test.autoconfigure.web.servlet.WebDriverTestExecutionListener, org.springframework.boot.test.autoconfigure.webservices.client.MockWebServiceServerTestExecutionListener, org.springframework.boot.test.mock.mockito.MockitoTestExecutionListener, org.springframework.boot.test.mock.mockito.ResetMocksTestExecutionListener, org.springframework.test.context.web.ServletTestExecutionListener, org.springframework.test.context.support.DirtiesContextBeforeModesTestExecutionListener, org.springframework.test.context.event.ApplicationEventsTestExecutionListener, org.springframework.test.context.support.DependencyInjectionTestExecutionListener, org.springframework.test.context.support.DirtiesContextTestExecutionListener, org.springframework.test.context.transaction.TransactionalTestExecutionListener, org.springframework.test.context.jdbc.SqlScriptsTestExecutionListener, org.springframework.test.context.event.EventPublishingTestExecutionListener]
11:39:29.360 [Test worker] INFO org.springframework.boot.test.context.SpringBootTestContextBootstrapper - Using TestExecutionListeners: [org.springframework.test.context.web.ServletTestExecutionListener@4e406694, org.springframework.test.context.support.DirtiesContextBeforeModesTestExecutionListener@5ab9b447, org.springframework.test.context.event.ApplicationEventsTestExecutionListener@76f10035, org.springframework.boot.test.mock.mockito.MockitoTestExecutionListener@4f8caaf3, org.springframework.boot.test.autoconfigure.SpringBootDependencyInjectionTestExecutionListener@2b50150, org.springframework.test.context.support.DirtiesContextTestExecutionListener@15b986cd, org.springframework.test.context.transaction.TransactionalTestExecutionListener@6bb7cce7, org.springframework.test.context.jdbc.SqlScriptsTestExecutionListener@41c62850, org.springframework.security.test.context.support.WithSecurityContextTestExecutionListener@6b530eb9, org.springframework.test.context.event.EventPublishingTestExecutionListener@328572f0, org.springframework.security.test.context.support.ReactorContextTestExecutionListener@678040b3, org.springframework.boot.test.autoconfigure.restdocs.RestDocsTestExecutionListener@17f460bb, org.springframework.boot.test.autoconfigure.web.client.MockRestServiceServerResetTestExecutionListener@64a1923a, org.springframework.boot.test.autoconfigure.web.servlet.MockMvcPrintOnlyOnFailureTestExecutionListener@7d2a6eac, org.springframework.boot.test.autoconfigure.web.servlet.WebDriverTestExecutionListener@18ca3c62, org.springframework.boot.test.autoconfigure.webservices.client.MockWebServiceServerTestExecutionListener@2c0f7678, org.springframework.boot.test.mock.mockito.ResetMocksTestExecutionListener@44d70181]
11:39:29.371 [Test worker] DEBUG org.springframework.test.context.support.AbstractDirtiesContextTestExecutionListener - Before test class: context [DefaultTestContext@18151a14 testClass = CustomerServiceTest, testInstance = [null], testMethod = [null], testException = [null], mergedContextConfiguration = [WebMergedContextConfiguration@64711bf2 testClass = CustomerServiceTest, locations = '{}', classes = '{class net.prescent.PreScentApplication}', contextInitializerClasses = '[]', activeProfiles = '{}', propertySourceLocations = '{}', propertySourceProperties = '{org.springframework.boot.test.context.SpringBootTestContextBootstrapper=true}', contextCustomizers = set[org.springframework.boot.test.autoconfigure.actuate.metrics.MetricsExportContextCustomizerFactory$DisableMetricExportContextCustomizer@36676c1a, org.springframework.boot.test.autoconfigure.properties.PropertyMappingContextCustomizer@0, org.springframework.boot.test.autoconfigure.web.servlet.WebDriverContextCustomizerFactory$Customizer@6c8bca63, org.springframework.boot.test.context.filter.ExcludeFilterContextCustomizer@2b491fee, org.springframework.boot.test.json.DuplicateJsonObjectContextCustomizerFactory$DuplicateJsonObjectContextCustomizer@63192798, org.springframework.boot.test.mock.mockito.MockitoContextCustomizer@0, org.springframework.boot.test.web.client.TestRestTemplateContextCustomizer@6f0ca692, org.springframework.boot.test.web.reactive.server.WebTestClientContextCustomizer@1d7f7be7, org.springframework.boot.test.context.SpringBootTestArgs@1, org.springframework.boot.test.context.SpringBootTestWebEnvironment@2a3888c1], resourceBasePath = 'src/main/webapp', contextLoader = 'org.springframework.boot.test.context.SpringBootContextLoader', parent = [null]], attributes = map['org.springframework.test.context.web.ServletTestExecutionListener.activateListener' -> true]], class annotated with @DirtiesContext [false] with mode [null].

  .   ____          _            __ _ _
 /\\ / ___'_ __ _ _(_)_ __  __ _ \ \ \ \
( ( )\___ | '_ | '_| | '_ \/ _` | \ \ \ \
 \\/  ___)| |_)| | | | | || (_| |  ) ) ) )
  '  |____| .__|_| |_|_| |_\__, | / / / /
 =========|_|==============|___/=/_/_/_/
 :: Spring Boot ::               (v2.7.17)

2023-11-25 11:39:30.243  INFO 17932 --- [    Test worker] n.prescent.service.CustomerServiceTest   : Starting CustomerServiceTest using Java 11.0.21 on LAPTOP-Q5F6TAOM with PID 17932 (started by soohyeon in C:\Users\user\IdeaProjects\PreScent_sc23)
2023-11-25 11:39:30.246  INFO 17932 --- [    Test worker] n.prescent.service.CustomerServiceTest   : No active profile set, falling back to 1 default profile: "default"
2023-11-25 11:39:32.551  INFO 17932 --- [    Test worker] .s.d.r.c.RepositoryConfigurationDelegate : Bootstrapping Spring Data JPA repositories in DEFAULT mode.
2023-11-25 11:39:33.142  INFO 17932 --- [    Test worker] .s.d.r.c.RepositoryConfigurationDelegate : Finished Spring Data repository scanning in 570 ms. Found 7 JPA repository interfaces.
2023-11-25 11:39:34.614  INFO 17932 --- [    Test worker] o.hibernate.jpa.internal.util.LogHelper  : HHH000204: Processing PersistenceUnitInfo [name: default]
2023-11-25 11:39:34.741  INFO 17932 --- [    Test worker] org.hibernate.Version                    : HHH000412: Hibernate ORM core version 5.6.15.Final
2023-11-25 11:39:35.226  INFO 17932 --- [    Test worker] o.hibernate.annotations.common.Version   : HCANN000001: Hibernate Commons Annotations {5.1.2.Final}
2023-11-25 11:39:35.525  INFO 17932 --- [    Test worker] com.zaxxer.hikari.HikariDataSource       : HikariPool-1 - Starting...
2023-11-25 11:39:36.003  INFO 17932 --- [    Test worker] com.zaxxer.hikari.HikariDataSource       : HikariPool-1 - Start completed.
2023-11-25 11:39:36.041  INFO 17932 --- [    Test worker] org.hibernate.dialect.Dialect            : HHH000400: Using dialect: org.hibernate.dialect.MySQL5InnoDBDialect
2023-11-25 11:39:38.026 DEBUG 17932 --- [    Test worker] org.hibernate.SQL                        : 
    
    create table access_token (
       token varchar(255) not null,
        user_key integer,
        primary key (token)
    ) engine=InnoDB
Hibernate: 
    
    create table access_token (
       token varchar(255) not null,
        user_key integer,
        primary key (token)
    ) engine=InnoDB
2023-11-25 11:39:38.059 DEBUG 17932 --- [    Test worker] org.hibernate.SQL                        : 
    
    create table cart (
       id integer not null auto_increment,
        count integer,
        create_date date,
        customer_id integer,
        primary key (id)
    ) engine=InnoDB
Hibernate: 
    
    create table cart (
       id integer not null auto_increment,
        count integer,
        create_date date,
        customer_id integer,
        primary key (id)
    ) engine=InnoDB
2023-11-25 11:39:38.089 DEBUG 17932 --- [    Test worker] org.hibernate.SQL                        : 
    
    create table cart_item_entity (
       id integer not null auto_increment,
        count integer not null,
        cart_id integer,
        finished_product_id integer,
        primary key (id)
    ) engine=InnoDB
Hibernate: 
    
    create table cart_item_entity (
       id integer not null auto_increment,
        count integer not null,
        cart_id integer,
        finished_product_id integer,
        primary key (id)
    ) engine=InnoDB
2023-11-25 11:39:38.122 DEBUG 17932 --- [    Test worker] org.hibernate.SQL                        : 
    
    create table customer (
       customer_id_email varchar(255) not null,
        customer_location varchar(255),
        customer_name varchar(255) not null,
        customer_password varchar(255) not null,
        customer_phonenum varchar(255) not null,
        user_key integer not null,
        cart_id integer,
        primary key (user_key)
    ) engine=InnoDB
Hibernate: 
    
    create table customer (
       customer_id_email varchar(255) not null,
        customer_location varchar(255),
        customer_name varchar(255) not null,
        customer_password varchar(255) not null,
        customer_phonenum varchar(255) not null,
        user_key integer not null,
        cart_id integer,
        primary key (user_key)
    ) engine=InnoDB
2023-11-25 11:39:38.152 DEBUG 17932 --- [    Test worker] org.hibernate.SQL                        : 
    
    create table finished_product (
       fp_key integer not null auto_increment,
        fp_flower_list tinyblob,
        fp_image varchar(255),
        fp_name varchar(255) not null,
        fp_price integer not null,
        fp_state bit not null,
        fp_tag varchar(255),
        shop_key integer not null,
        cart_id integer,
        flower_shop_shop_key integer,
        primary key (fp_key)
    ) engine=InnoDB
Hibernate: 
    
    create table finished_product (
       fp_key integer not null auto_increment,
        fp_flower_list tinyblob,
        fp_image varchar(255),
        fp_name varchar(255) not null,
        fp_price integer not null,
        fp_state bit not null,
        fp_tag varchar(255),
        shop_key integer not null,
        cart_id integer,
        flower_shop_shop_key integer,
        primary key (fp_key)
    ) engine=InnoDB
2023-11-25 11:39:38.180 DEBUG 17932 --- [    Test worker] org.hibernate.SQL                        : 
    
    create table flower_shop (
       shop_key integer not null auto_increment,
        holiday tinyblob,
        is_opened bit not null,
        is_sub bit not null,
        opening_hours tinyblob,
        shop_location varchar(255) not null,
        shop_name varchar(255) not null,
        shop_phone_num varchar(255) not null,
        primary key (shop_key)
    ) engine=InnoDB
Hibernate: 
    
    create table flower_shop (
       shop_key integer not null auto_increment,
        holiday tinyblob,
        is_opened bit not null,
        is_sub bit not null,
        opening_hours tinyblob,
        shop_location varchar(255) not null,
        shop_name varchar(255) not null,
        shop_phone_num varchar(255) not null,
        primary key (shop_key)
    ) engine=InnoDB
2023-11-25 11:39:38.214 DEBUG 17932 --- [    Test worker] org.hibernate.SQL                        : 
    
    create table seller (
       business_key integer not null,
        isgrant integer,
        seller_id_email varchar(255) not null,
        seller_name varchar(255) not null,
        seller_password varchar(255) not null,
        seller_phonenum varchar(255) not null,
        user_key integer not null,
        shop_key integer,
        primary key (user_key)
    ) engine=InnoDB
Hibernate: 
    
    create table seller (
       business_key integer not null,
        isgrant integer,
        seller_id_email varchar(255) not null,
        seller_name varchar(255) not null,
        seller_password varchar(255) not null,
        seller_phonenum varchar(255) not null,
        user_key integer not null,
        shop_key integer,
        primary key (user_key)
    ) engine=InnoDB
2023-11-25 11:39:38.245 DEBUG 17932 --- [    Test worker] org.hibernate.SQL                        : 
    
    create table user_entity (
       user_key integer not null auto_increment,
        primary key (user_key)
    ) engine=InnoDB
Hibernate: 
    
    create table user_entity (
       user_key integer not null auto_increment,
        primary key (user_key)
    ) engine=InnoDB
2023-11-25 11:39:38.282 DEBUG 17932 --- [    Test worker] org.hibernate.SQL                        : 
    
    alter table customer 
       drop index UK_8j9yge5nv5ok9496oauqepl32
Hibernate: 
    
    alter table customer 
       drop index UK_8j9yge5nv5ok9496oauqepl32
2023-11-25 11:39:38.341 DEBUG 17932 --- [    Test worker] org.hibernate.SQL                        : 
    
    alter table customer 
       add constraint UK_8j9yge5nv5ok9496oauqepl32 unique (customer_id_email)
Hibernate: 
    
    alter table customer 
       add constraint UK_8j9yge5nv5ok9496oauqepl32 unique (customer_id_email)
2023-11-25 11:39:38.372 DEBUG 17932 --- [    Test worker] org.hibernate.SQL                        : 
    
    alter table seller 
       drop index UK_7amlseluaojir0npcobroc0ry
Hibernate: 
    
    alter table seller 
       drop index UK_7amlseluaojir0npcobroc0ry
2023-11-25 11:39:38.386 DEBUG 17932 --- [    Test worker] org.hibernate.SQL                        : 
    
    alter table seller 
       add constraint UK_7amlseluaojir0npcobroc0ry unique (seller_id_email)
Hibernate: 
    
    alter table seller 
       add constraint UK_7amlseluaojir0npcobroc0ry unique (seller_id_email)
2023-11-25 11:39:38.415 DEBUG 17932 --- [    Test worker] org.hibernate.SQL                        : 
    
    alter table access_token 
       add constraint FKf9slm2vx5k3davoy4vdpakmxj 
       foreign key (user_key) 
       references user_entity (user_key)
Hibernate: 
    
    alter table access_token 
       add constraint FKf9slm2vx5k3davoy4vdpakmxj 
       foreign key (user_key) 
       references user_entity (user_key)
2023-11-25 11:39:38.469 DEBUG 17932 --- [    Test worker] org.hibernate.SQL                        : 
    
    alter table cart 
       add constraint FKdebwvad6pp1ekiqy5jtixqbaj 
       foreign key (customer_id) 
       references customer (user_key)
Hibernate: 
    
    alter table cart 
       add constraint FKdebwvad6pp1ekiqy5jtixqbaj 
       foreign key (customer_id) 
       references customer (user_key)
2023-11-25 11:39:38.520 DEBUG 17932 --- [    Test worker] org.hibernate.SQL                        : 
    
    alter table cart_item_entity 
       add constraint FKfa4xkyk605e8tvc6o2sicnqqm 
       foreign key (cart_id) 
       references cart (id)
Hibernate: 
    
    alter table cart_item_entity 
       add constraint FKfa4xkyk605e8tvc6o2sicnqqm 
       foreign key (cart_id) 
       references cart (id)
2023-11-25 11:39:38.575 DEBUG 17932 --- [    Test worker] org.hibernate.SQL                        : 
    
    alter table cart_item_entity 
       add constraint FK35h4a5sesffjnb8mutpcx8y4s 
       foreign key (finished_product_id) 
       references finished_product (fp_key)
Hibernate: 
    
    alter table cart_item_entity 
       add constraint FK35h4a5sesffjnb8mutpcx8y4s 
       foreign key (finished_product_id) 
       references finished_product (fp_key)
2023-11-25 11:39:38.648 DEBUG 17932 --- [    Test worker] org.hibernate.SQL                        : 
    
    alter table customer 
       add constraint FKam4cgy6fxmjm52m8otoph84m3 
       foreign key (cart_id) 
       references cart (id)
Hibernate: 
    
    alter table customer 
       add constraint FKam4cgy6fxmjm52m8otoph84m3 
       foreign key (cart_id) 
       references cart (id)
2023-11-25 11:39:38.711 DEBUG 17932 --- [    Test worker] org.hibernate.SQL                        : 
    
    alter table customer 
       add constraint FK13fx0e911h6xla2fe9jihe2xa 
       foreign key (user_key) 
       references user_entity (user_key)
Hibernate: 
    
    alter table customer 
       add constraint FK13fx0e911h6xla2fe9jihe2xa 
       foreign key (user_key) 
       references user_entity (user_key)
2023-11-25 11:39:38.772 DEBUG 17932 --- [    Test worker] org.hibernate.SQL                        : 
    
    alter table finished_product 
       add constraint FK6yg0pdyo0cagemg12vs2qs5vh 
       foreign key (cart_id) 
       references cart (id)
Hibernate: 
    
    alter table finished_product 
       add constraint FK6yg0pdyo0cagemg12vs2qs5vh 
       foreign key (cart_id) 
       references cart (id)
2023-11-25 11:39:38.829 DEBUG 17932 --- [    Test worker] org.hibernate.SQL                        : 
    
    alter table finished_product 
       add constraint FKgj44fog60wjf94g3u3n1uw8s4 
       foreign key (flower_shop_shop_key) 
       references flower_shop (shop_key)
Hibernate: 
    
    alter table finished_product 
       add constraint FKgj44fog60wjf94g3u3n1uw8s4 
       foreign key (flower_shop_shop_key) 
       references flower_shop (shop_key)
2023-11-25 11:39:38.894 DEBUG 17932 --- [    Test worker] org.hibernate.SQL                        : 
    
    alter table seller 
       add constraint FKrauya28j52vpj8225cytg4s3w 
       foreign key (shop_key) 
       references flower_shop (shop_key)
Hibernate: 
    
    alter table seller 
       add constraint FKrauya28j52vpj8225cytg4s3w 
       foreign key (shop_key) 
       references flower_shop (shop_key)
2023-11-25 11:39:38.973 DEBUG 17932 --- [    Test worker] org.hibernate.SQL                        : 
    
    alter table seller 
       add constraint FKrcwjp19daas10lcfrvcjd8nvq 
       foreign key (user_key) 
       references user_entity (user_key)
Hibernate: 
    
    alter table seller 
       add constraint FKrcwjp19daas10lcfrvcjd8nvq 
       foreign key (user_key) 
       references user_entity (user_key)
2023-11-25 11:39:39.041  INFO 17932 --- [    Test worker] o.h.e.t.j.p.i.JtaPlatformInitiator       : HHH000490: Using JtaPlatform implementation: [org.hibernate.engine.transaction.jta.platform.internal.NoJtaPlatform]
2023-11-25 11:39:39.099  INFO 17932 --- [    Test worker] j.LocalContainerEntityManagerFactoryBean : Initialized JPA EntityManagerFactory for persistence unit 'default'
2023-11-25 11:39:40.542  WARN 17932 --- [    Test worker] .s.s.UserDetailsServiceAutoConfiguration : 

Using generated security password: 50fbd5c8-f465-4c30-b05b-4b9e58327159

This generated password is for development use only. Your security configuration must be updated before running your application in production.

2023-11-25 11:39:41.101  INFO 17932 --- [    Test worker] o.s.s.web.DefaultSecurityFilterChain     : Will secure any request with [org.springframework.security.web.session.DisableEncodeUrlFilter@7dbe858f, org.springframework.security.web.context.request.async.WebAsyncManagerIntegrationFilter@387ef6a7, org.springframework.security.web.context.SecurityContextPersistenceFilter@44bd7f24, org.springframework.security.web.header.HeaderWriterFilter@341141ab, org.springframework.web.filter.CorsFilter@2330c995, org.springframework.security.web.authentication.logout.LogoutFilter@427c2c96, net.prescent.security.CustomAuthenticationFilter@7d086485, org.springframework.security.web.savedrequest.RequestCacheAwareFilter@47f4dc8d, org.springframework.security.web.servletapi.SecurityContextHolderAwareRequestFilter@689fcf08, org.springframework.security.web.authentication.AnonymousAuthenticationFilter@74130456, org.springframework.security.web.session.SessionManagementFilter@1b0fc8b, org.springframework.security.web.access.ExceptionTranslationFilter@1c96bf1e, org.springframework.security.web.access.intercept.FilterSecurityInterceptor@4767be27]
2023-11-25 11:39:42.197  WARN 17932 --- [    Test worker] JpaBaseConfiguration$JpaWebConfiguration : spring.jpa.open-in-view is enabled by default. Therefore, database queries may be performed during view rendering. Explicitly configure spring.jpa.open-in-view to disable this warning
2023-11-25 11:39:45.873  INFO 17932 --- [    Test worker] n.prescent.service.CustomerServiceTest   : Started CustomerServiceTest in 16.378 seconds (JVM running for 20.83)
2023-11-25 11:39:45.964  INFO 17932 --- [    Test worker] o.s.t.c.transaction.TransactionContext   : Began transaction (1) for test context [DefaultTestContext@18151a14 testClass = CustomerServiceTest, testInstance = net.prescent.service.CustomerServiceTest@3ef7064b, testMethod = signupCustomerTest@CustomerServiceTest, testException = [null], mergedContextConfiguration = [WebMergedContextConfiguration@64711bf2 testClass = CustomerServiceTest, locations = '{}', classes = '{class net.prescent.PreScentApplication}', contextInitializerClasses = '[]', activeProfiles = '{}', propertySourceLocations = '{}', propertySourceProperties = '{org.springframework.boot.test.context.SpringBootTestContextBootstrapper=true}', contextCustomizers = set[org.springframework.boot.test.autoconfigure.actuate.metrics.MetricsExportContextCustomizerFactory$DisableMetricExportContextCustomizer@36676c1a, org.springframework.boot.test.autoconfigure.properties.PropertyMappingContextCustomizer@0, org.springframework.boot.test.autoconfigure.web.servlet.WebDriverContextCustomizerFactory$Customizer@6c8bca63, org.springframework.boot.test.context.filter.ExcludeFilterContextCustomizer@2b491fee, org.springframework.boot.test.json.DuplicateJsonObjectContextCustomizerFactory$DuplicateJsonObjectContextCustomizer@63192798, org.springframework.boot.test.mock.mockito.MockitoContextCustomizer@0, org.springframework.boot.test.web.client.TestRestTemplateContextCustomizer@6f0ca692, org.springframework.boot.test.web.reactive.server.WebTestClientContextCustomizer@1d7f7be7, org.springframework.boot.test.context.SpringBootTestArgs@1, org.springframework.boot.test.context.SpringBootTestWebEnvironment@2a3888c1], resourceBasePath = 'src/main/webapp', contextLoader = 'org.springframework.boot.test.context.SpringBootContextLoader', parent = [null]], attributes = map['org.springframework.test.context.web.ServletTestExecutionListener.activateListener' -> true, 'org.springframework.test.context.web.ServletTestExecutionListener.populatedRequestContextHolder' -> true, 'org.springframework.test.context.web.ServletTestExecutionListener.resetRequestContextHolder' -> true, 'org.springframework.test.context.event.ApplicationEventsTestExecutionListener.recordApplicationEvents' -> false]]; transaction manager [org.springframework.orm.jpa.JpaTransactionManager@2a5917f6]; rollback [true]
2023-11-25 11:39:46.400 DEBUG 17932 --- [    Test worker] org.hibernate.SQL                        : 
    create temporary table if not exists HT_customer (user_key integer not null) 
Hibernate: 
    create temporary table if not exists HT_customer (user_key integer not null) 
2023-11-25 11:39:46.416 DEBUG 17932 --- [    Test worker] org.hibernate.SQL                        : 
    insert 
    into
        HT_customer
        select
            customeren0_.user_key as user_key 
        from
            customer customeren0_ 
        inner join
            user_entity customeren0_1_ 
                on customeren0_.user_key=customeren0_1_.user_key
Hibernate: 
    insert 
    into
        HT_customer
        select
            customeren0_.user_key as user_key 
        from
            customer customeren0_ 
        inner join
            user_entity customeren0_1_ 
                on customeren0_.user_key=customeren0_1_.user_key
2023-11-25 11:39:46.432 DEBUG 17932 --- [    Test worker] org.hibernate.SQL                        : 
    delete 
    from
        customer 
    where
        (
            user_key
        ) IN (
            select
                user_key 
            from
                HT_customer
        )
Hibernate: 
    delete 
    from
        customer 
    where
        (
            user_key
        ) IN (
            select
                user_key 
            from
                HT_customer
        )
2023-11-25 11:39:46.440 DEBUG 17932 --- [    Test worker] org.hibernate.SQL                        : 
    delete 
    from
        user_entity 
    where
        (
            user_key
        ) IN (
            select
                user_key 
            from
                HT_customer
        )
Hibernate: 
    delete 
    from
        user_entity 
    where
        (
            user_key
        ) IN (
            select
                user_key 
            from
                HT_customer
        )
2023-11-25 11:39:46.450 DEBUG 17932 --- [    Test worker] org.hibernate.SQL                        : 
    drop temporary table HT_customer
Hibernate: 
    drop temporary table HT_customer
2023-11-25 11:39:46.653 DEBUG 17932 --- [    Test worker] org.hibernate.SQL                        : 
    select
        customeren0_.user_key as user_key1_7_,
        customeren0_.cart_id as cart_id7_3_,
        customeren0_.customer_id_email as customer1_3_,
        customeren0_.customer_location as customer2_3_,
        customeren0_.customer_name as customer3_3_,
        customeren0_.customer_password as customer4_3_,
        customeren0_.customer_phonenum as customer5_3_ 
    from
        customer customeren0_ 
    inner join
        user_entity customeren0_1_ 
            on customeren0_.user_key=customeren0_1_.user_key 
    where
        customeren0_.customer_id_email=?
Hibernate: 
    select
        customeren0_.user_key as user_key1_7_,
        customeren0_.cart_id as cart_id7_3_,
        customeren0_.customer_id_email as customer1_3_,
        customeren0_.customer_location as customer2_3_,
        customeren0_.customer_name as customer3_3_,
        customeren0_.customer_password as customer4_3_,
        customeren0_.customer_phonenum as customer5_3_ 
    from
        customer customeren0_ 
    inner join
        user_entity customeren0_1_ 
            on customeren0_.user_key=customeren0_1_.user_key 
    where
        customeren0_.customer_id_email=?
2023-11-25 11:39:46.661 TRACE 17932 --- [    Test worker] o.h.type.descriptor.sql.BasicBinder      : binding parameter [1] as [VARCHAR] - [customerTest@gmail.com]
2023-11-25 11:39:46.866 DEBUG 17932 --- [    Test worker] org.hibernate.SQL                        : 
    insert 
    into
        user_entity
        
    values
        ( )
Hibernate: 
    insert 
    into
        user_entity
        
    values
        ( )
2023-11-25 11:39:46.888 DEBUG 17932 --- [    Test worker] org.hibernate.SQL                        : 
    insert 
    into
        customer
        (cart_id, customer_id_email, customer_location, customer_name, customer_password, customer_phonenum, user_key) 
    values
        (?, ?, ?, ?, ?, ?, ?)
Hibernate: 
    insert 
    into
        customer
        (cart_id, customer_id_email, customer_location, customer_name, customer_password, customer_phonenum, user_key) 
    values
        (?, ?, ?, ?, ?, ?, ?)
2023-11-25 11:39:46.891 TRACE 17932 --- [    Test worker] o.h.type.descriptor.sql.BasicBinder      : binding parameter [1] as [INTEGER] - [null]
2023-11-25 11:39:46.891 TRACE 17932 --- [    Test worker] o.h.type.descriptor.sql.BasicBinder      : binding parameter [2] as [VARCHAR] - [customerTest@gmail.com]
2023-11-25 11:39:46.891 TRACE 17932 --- [    Test worker] o.h.type.descriptor.sql.BasicBinder      : binding parameter [3] as [VARCHAR] - [null]
2023-11-25 11:39:46.892 TRACE 17932 --- [    Test worker] o.h.type.descriptor.sql.BasicBinder      : binding parameter [4] as [VARCHAR] - [고객]
2023-11-25 11:39:46.893 TRACE 17932 --- [    Test worker] o.h.type.descriptor.sql.BasicBinder      : binding parameter [5] as [VARCHAR] - [$2a$10$GoFF56E4NMOwZH8iV1mHqO5ct4DKhIq6CyHsrX3QZMIN0ifMaCHeu]
2023-11-25 11:39:46.893 TRACE 17932 --- [    Test worker] o.h.type.descriptor.sql.BasicBinder      : binding parameter [6] as [VARCHAR] - [010-1234-1234]
2023-11-25 11:39:46.893 TRACE 17932 --- [    Test worker] o.h.type.descriptor.sql.BasicBinder      : binding parameter [7] as [INTEGER] - [1]
2023-11-25 11:39:46.942 DEBUG 17932 --- [    Test worker] org.hibernate.SQL                        : 
    select
        customeren0_.user_key as user_key1_7_,
        customeren0_.cart_id as cart_id7_3_,
        customeren0_.customer_id_email as customer1_3_,
        customeren0_.customer_location as customer2_3_,
        customeren0_.customer_name as customer3_3_,
        customeren0_.customer_password as customer4_3_,
        customeren0_.customer_phonenum as customer5_3_ 
    from
        customer customeren0_ 
    inner join
        user_entity customeren0_1_ 
            on customeren0_.user_key=customeren0_1_.user_key 
    where
        customeren0_.user_key is null
Hibernate: 
    select
        customeren0_.user_key as user_key1_7_,
        customeren0_.cart_id as cart_id7_3_,
        customeren0_.customer_id_email as customer1_3_,
        customeren0_.customer_location as customer2_3_,
        customeren0_.customer_name as customer3_3_,
        customeren0_.customer_password as customer4_3_,
        customeren0_.customer_phonenum as customer5_3_ 
    from
        customer customeren0_ 
    inner join
        user_entity customeren0_1_ 
            on customeren0_.user_key=customeren0_1_.user_key 
    where
        customeren0_.user_key is null
2023-11-25 11:39:46.959 DEBUG 17932 --- [    Test worker] org.hibernate.SQL                        : 
    select
        customeren0_.user_key as user_key1_7_,
        customeren0_.cart_id as cart_id7_3_,
        customeren0_.customer_id_email as customer1_3_,
        customeren0_.customer_location as customer2_3_,
        customeren0_.customer_name as customer3_3_,
        customeren0_.customer_password as customer4_3_,
        customeren0_.customer_phonenum as customer5_3_ 
    from
        customer customeren0_ 
    inner join
        user_entity customeren0_1_ 
            on customeren0_.user_key=customeren0_1_.user_key 
    where
        customeren0_.customer_id_email=?
Hibernate: 
    select
        customeren0_.user_key as user_key1_7_,
        customeren0_.cart_id as cart_id7_3_,
        customeren0_.customer_id_email as customer1_3_,
        customeren0_.customer_location as customer2_3_,
        customeren0_.customer_name as customer3_3_,
        customeren0_.customer_password as customer4_3_,
        customeren0_.customer_phonenum as customer5_3_ 
    from
        customer customeren0_ 
    inner join
        user_entity customeren0_1_ 
            on customeren0_.user_key=customeren0_1_.user_key 
    where
        customeren0_.customer_id_email=?
2023-11-25 11:39:46.961 TRACE 17932 --- [    Test worker] o.h.type.descriptor.sql.BasicBinder      : binding parameter [1] as [VARCHAR] - [customerTest@gmail.com]
2023-11-25 11:39:47.123  INFO 17932 --- [    Test worker] o.s.t.c.transaction.TransactionContext   : Rolled back transaction for test: [DefaultTestContext@18151a14 testClass = CustomerServiceTest, testInstance = net.prescent.service.CustomerServiceTest@3ef7064b, testMethod = signupCustomerTest@CustomerServiceTest, testException = [null], mergedContextConfiguration = [WebMergedContextConfiguration@64711bf2 testClass = CustomerServiceTest, locations = '{}', classes = '{class net.prescent.PreScentApplication}', contextInitializerClasses = '[]', activeProfiles = '{}', propertySourceLocations = '{}', propertySourceProperties = '{org.springframework.boot.test.context.SpringBootTestContextBootstrapper=true}', contextCustomizers = set[org.springframework.boot.test.autoconfigure.actuate.metrics.MetricsExportContextCustomizerFactory$DisableMetricExportContextCustomizer@36676c1a, org.springframework.boot.test.autoconfigure.properties.PropertyMappingContextCustomizer@0, org.springframework.boot.test.autoconfigure.web.servlet.WebDriverContextCustomizerFactory$Customizer@6c8bca63, org.springframework.boot.test.context.filter.ExcludeFilterContextCustomizer@2b491fee, org.springframework.boot.test.json.DuplicateJsonObjectContextCustomizerFactory$DuplicateJsonObjectContextCustomizer@63192798, org.springframework.boot.test.mock.mockito.MockitoContextCustomizer@0, org.springframework.boot.test.web.client.TestRestTemplateContextCustomizer@6f0ca692, org.springframework.boot.test.web.reactive.server.WebTestClientContextCustomizer@1d7f7be7, org.springframework.boot.test.context.SpringBootTestArgs@1, org.springframework.boot.test.context.SpringBootTestWebEnvironment@2a3888c1], resourceBasePath = 'src/main/webapp', contextLoader = 'org.springframework.boot.test.context.SpringBootContextLoader', parent = [null]], attributes = map['org.springframework.test.context.web.ServletTestExecutionListener.activateListener' -> true, 'org.springframework.test.context.web.ServletTestExecutionListener.populatedRequestContextHolder' -> true, 'org.springframework.test.context.web.ServletTestExecutionListener.resetRequestContextHolder' -> true, 'org.springframework.test.context.event.ApplicationEventsTestExecutionListener.recordApplicationEvents' -> false]]
2023-11-25 11:39:47.145  INFO 17932 --- [    Test worker] o.s.t.c.transaction.TransactionContext   : Began transaction (1) for test context [DefaultTestContext@18151a14 testClass = CustomerServiceTest, testInstance = net.prescent.service.CustomerServiceTest@61c1be2f, testMethod = signupDuplicateCustomerIdEmailTest@CustomerServiceTest, testException = [null], mergedContextConfiguration = [WebMergedContextConfiguration@64711bf2 testClass = CustomerServiceTest, locations = '{}', classes = '{class net.prescent.PreScentApplication}', contextInitializerClasses = '[]', activeProfiles = '{}', propertySourceLocations = '{}', propertySourceProperties = '{org.springframework.boot.test.context.SpringBootTestContextBootstrapper=true}', contextCustomizers = set[org.springframework.boot.test.autoconfigure.actuate.metrics.MetricsExportContextCustomizerFactory$DisableMetricExportContextCustomizer@36676c1a, org.springframework.boot.test.autoconfigure.properties.PropertyMappingContextCustomizer@0, org.springframework.boot.test.autoconfigure.web.servlet.WebDriverContextCustomizerFactory$Customizer@6c8bca63, org.springframework.boot.test.context.filter.ExcludeFilterContextCustomizer@2b491fee, org.springframework.boot.test.json.DuplicateJsonObjectContextCustomizerFactory$DuplicateJsonObjectContextCustomizer@63192798, org.springframework.boot.test.mock.mockito.MockitoContextCustomizer@0, org.springframework.boot.test.web.client.TestRestTemplateContextCustomizer@6f0ca692, org.springframework.boot.test.web.reactive.server.WebTestClientContextCustomizer@1d7f7be7, org.springframework.boot.test.context.SpringBootTestArgs@1, org.springframework.boot.test.context.SpringBootTestWebEnvironment@2a3888c1], resourceBasePath = 'src/main/webapp', contextLoader = 'org.springframework.boot.test.context.SpringBootContextLoader', parent = [null]], attributes = map['org.springframework.test.context.web.ServletTestExecutionListener.activateListener' -> true, 'org.springframework.test.context.web.ServletTestExecutionListener.populatedRequestContextHolder' -> true, 'org.springframework.test.context.web.ServletTestExecutionListener.resetRequestContextHolder' -> true, 'org.springframework.test.context.event.ApplicationEventsTestExecutionListener.recordApplicationEvents' -> false]]; transaction manager [org.springframework.orm.jpa.JpaTransactionManager@2a5917f6]; rollback [true]
2023-11-25 11:39:47.148 DEBUG 17932 --- [    Test worker] org.hibernate.SQL                        : 
    create temporary table if not exists HT_customer (user_key integer not null) 
Hibernate: 
    create temporary table if not exists HT_customer (user_key integer not null) 
2023-11-25 11:39:47.154 DEBUG 17932 --- [    Test worker] org.hibernate.SQL                        : 
    insert 
    into
        HT_customer
        select
            customeren0_.user_key as user_key 
        from
            customer customeren0_ 
        inner join
            user_entity customeren0_1_ 
                on customeren0_.user_key=customeren0_1_.user_key
Hibernate: 
    insert 
    into
        HT_customer
        select
            customeren0_.user_key as user_key 
        from
            customer customeren0_ 
        inner join
            user_entity customeren0_1_ 
                on customeren0_.user_key=customeren0_1_.user_key
2023-11-25 11:39:47.162 DEBUG 17932 --- [    Test worker] org.hibernate.SQL                        : 
    delete 
    from
        customer 
    where
        (
            user_key
        ) IN (
            select
                user_key 
            from
                HT_customer
        )
Hibernate: 
    delete 
    from
        customer 
    where
        (
            user_key
        ) IN (
            select
                user_key 
            from
                HT_customer
        )
2023-11-25 11:39:47.169 DEBUG 17932 --- [    Test worker] org.hibernate.SQL                        : 
    delete 
    from
        user_entity 
    where
        (
            user_key
        ) IN (
            select
                user_key 
            from
                HT_customer
        )
Hibernate: 
    delete 
    from
        user_entity 
    where
        (
            user_key
        ) IN (
            select
                user_key 
            from
                HT_customer
        )
2023-11-25 11:39:47.175 DEBUG 17932 --- [    Test worker] org.hibernate.SQL                        : 
    drop temporary table HT_customer
Hibernate: 
    drop temporary table HT_customer
2023-11-25 11:39:47.184 DEBUG 17932 --- [    Test worker] org.hibernate.SQL                        : 
    select
        customeren0_.user_key as user_key1_7_,
        customeren0_.cart_id as cart_id7_3_,
        customeren0_.customer_id_email as customer1_3_,
        customeren0_.customer_location as customer2_3_,
        customeren0_.customer_name as customer3_3_,
        customeren0_.customer_password as customer4_3_,
        customeren0_.customer_phonenum as customer5_3_ 
    from
        customer customeren0_ 
    inner join
        user_entity customeren0_1_ 
            on customeren0_.user_key=customeren0_1_.user_key 
    where
        customeren0_.customer_id_email=?
Hibernate: 
    select
        customeren0_.user_key as user_key1_7_,
        customeren0_.cart_id as cart_id7_3_,
        customeren0_.customer_id_email as customer1_3_,
        customeren0_.customer_location as customer2_3_,
        customeren0_.customer_name as customer3_3_,
        customeren0_.customer_password as customer4_3_,
        customeren0_.customer_phonenum as customer5_3_ 
    from
        customer customeren0_ 
    inner join
        user_entity customeren0_1_ 
            on customeren0_.user_key=customeren0_1_.user_key 
    where
        customeren0_.customer_id_email=?
2023-11-25 11:39:47.186 TRACE 17932 --- [    Test worker] o.h.type.descriptor.sql.BasicBinder      : binding parameter [1] as [VARCHAR] - [customerTest@gmail.com]
2023-11-25 11:39:47.374 DEBUG 17932 --- [    Test worker] org.hibernate.SQL                        : 
    insert 
    into
        user_entity
        
    values
        ( )
Hibernate: 
    insert 
    into
        user_entity
        
    values
        ( )
2023-11-25 11:39:47.384 DEBUG 17932 --- [    Test worker] org.hibernate.SQL                        : 
    insert 
    into
        customer
        (cart_id, customer_id_email, customer_location, customer_name, customer_password, customer_phonenum, user_key) 
    values
        (?, ?, ?, ?, ?, ?, ?)
Hibernate: 
    insert 
    into
        customer
        (cart_id, customer_id_email, customer_location, customer_name, customer_password, customer_phonenum, user_key) 
    values
        (?, ?, ?, ?, ?, ?, ?)
2023-11-25 11:39:47.385 TRACE 17932 --- [    Test worker] o.h.type.descriptor.sql.BasicBinder      : binding parameter [1] as [INTEGER] - [null]
2023-11-25 11:39:47.386 TRACE 17932 --- [    Test worker] o.h.type.descriptor.sql.BasicBinder      : binding parameter [2] as [VARCHAR] - [customerTest@gmail.com]
2023-11-25 11:39:47.386 TRACE 17932 --- [    Test worker] o.h.type.descriptor.sql.BasicBinder      : binding parameter [3] as [VARCHAR] - [null]
2023-11-25 11:39:47.386 TRACE 17932 --- [    Test worker] o.h.type.descriptor.sql.BasicBinder      : binding parameter [4] as [VARCHAR] - [고객]
2023-11-25 11:39:47.387 TRACE 17932 --- [    Test worker] o.h.type.descriptor.sql.BasicBinder      : binding parameter [5] as [VARCHAR] - [$2a$10$c.3lelVK6fU/YNhLQ2RCbuC0j23bZDDXAvnZ5jOS5PKttvDoXRcMG]
2023-11-25 11:39:47.387 TRACE 17932 --- [    Test worker] o.h.type.descriptor.sql.BasicBinder      : binding parameter [6] as [VARCHAR] - [010-1234-1234]
2023-11-25 11:39:47.387 TRACE 17932 --- [    Test worker] o.h.type.descriptor.sql.BasicBinder      : binding parameter [7] as [INTEGER] - [2]
2023-11-25 11:39:47.411 DEBUG 17932 --- [    Test worker] org.hibernate.SQL                        : 
    select
        customeren0_.user_key as user_key1_7_,
        customeren0_.cart_id as cart_id7_3_,
        customeren0_.customer_id_email as customer1_3_,
        customeren0_.customer_location as customer2_3_,
        customeren0_.customer_name as customer3_3_,
        customeren0_.customer_password as customer4_3_,
        customeren0_.customer_phonenum as customer5_3_ 
    from
        customer customeren0_ 
    inner join
        user_entity customeren0_1_ 
            on customeren0_.user_key=customeren0_1_.user_key 
    where
        customeren0_.customer_id_email=?
Hibernate: 
    select
        customeren0_.user_key as user_key1_7_,
        customeren0_.cart_id as cart_id7_3_,
        customeren0_.customer_id_email as customer1_3_,
        customeren0_.customer_location as customer2_3_,
        customeren0_.customer_name as customer3_3_,
        customeren0_.customer_password as customer4_3_,
        customeren0_.customer_phonenum as customer5_3_ 
    from
        customer customeren0_ 
    inner join
        user_entity customeren0_1_ 
            on customeren0_.user_key=customeren0_1_.user_key 
    where
        customeren0_.customer_id_email=?
2023-11-25 11:39:47.412 TRACE 17932 --- [    Test worker] o.h.type.descriptor.sql.BasicBinder      : binding parameter [1] as [VARCHAR] - [customerTest@gmail.com]
2023-11-25 11:39:47.440  INFO 17932 --- [    Test worker] o.s.t.c.transaction.TransactionContext   : Rolled back transaction for test: [DefaultTestContext@18151a14 testClass = CustomerServiceTest, testInstance = net.prescent.service.CustomerServiceTest@61c1be2f, testMethod = signupDuplicateCustomerIdEmailTest@CustomerServiceTest, testException = [null], mergedContextConfiguration = [WebMergedContextConfiguration@64711bf2 testClass = CustomerServiceTest, locations = '{}', classes = '{class net.prescent.PreScentApplication}', contextInitializerClasses = '[]', activeProfiles = '{}', propertySourceLocations = '{}', propertySourceProperties = '{org.springframework.boot.test.context.SpringBootTestContextBootstrapper=true}', contextCustomizers = set[org.springframework.boot.test.autoconfigure.actuate.metrics.MetricsExportContextCustomizerFactory$DisableMetricExportContextCustomizer@36676c1a, org.springframework.boot.test.autoconfigure.properties.PropertyMappingContextCustomizer@0, org.springframework.boot.test.autoconfigure.web.servlet.WebDriverContextCustomizerFactory$Customizer@6c8bca63, org.springframework.boot.test.context.filter.ExcludeFilterContextCustomizer@2b491fee, org.springframework.boot.test.json.DuplicateJsonObjectContextCustomizerFactory$DuplicateJsonObjectContextCustomizer@63192798, org.springframework.boot.test.mock.mockito.MockitoContextCustomizer@0, org.springframework.boot.test.web.client.TestRestTemplateContextCustomizer@6f0ca692, org.springframework.boot.test.web.reactive.server.WebTestClientContextCustomizer@1d7f7be7, org.springframework.boot.test.context.SpringBootTestArgs@1, org.springframework.boot.test.context.SpringBootTestWebEnvironment@2a3888c1], resourceBasePath = 'src/main/webapp', contextLoader = 'org.springframework.boot.test.context.SpringBootContextLoader', parent = [null]], attributes = map['org.springframework.test.context.web.ServletTestExecutionListener.activateListener' -> true, 'org.springframework.test.context.web.ServletTestExecutionListener.populatedRequestContextHolder' -> true, 'org.springframework.test.context.web.ServletTestExecutionListener.resetRequestContextHolder' -> true, 'org.springframework.test.context.event.ApplicationEventsTestExecutionListener.recordApplicationEvents' -> false]]
2023-11-25 11:39:47.452  INFO 17932 --- [    Test worker] o.s.t.c.transaction.TransactionContext   : Began transaction (1) for test context [DefaultTestContext@18151a14 testClass = CustomerServiceTest, testInstance = net.prescent.service.CustomerServiceTest@42c7781a, testMethod = logoutTest@CustomerServiceTest, testException = [null], mergedContextConfiguration = [WebMergedContextConfiguration@64711bf2 testClass = CustomerServiceTest, locations = '{}', classes = '{class net.prescent.PreScentApplication}', contextInitializerClasses = '[]', activeProfiles = '{}', propertySourceLocations = '{}', propertySourceProperties = '{org.springframework.boot.test.context.SpringBootTestContextBootstrapper=true}', contextCustomizers = set[org.springframework.boot.test.autoconfigure.actuate.metrics.MetricsExportContextCustomizerFactory$DisableMetricExportContextCustomizer@36676c1a, org.springframework.boot.test.autoconfigure.properties.PropertyMappingContextCustomizer@0, org.springframework.boot.test.autoconfigure.web.servlet.WebDriverContextCustomizerFactory$Customizer@6c8bca63, org.springframework.boot.test.context.filter.ExcludeFilterContextCustomizer@2b491fee, org.springframework.boot.test.json.DuplicateJsonObjectContextCustomizerFactory$DuplicateJsonObjectContextCustomizer@63192798, org.springframework.boot.test.mock.mockito.MockitoContextCustomizer@0, org.springframework.boot.test.web.client.TestRestTemplateContextCustomizer@6f0ca692, org.springframework.boot.test.web.reactive.server.WebTestClientContextCustomizer@1d7f7be7, org.springframework.boot.test.context.SpringBootTestArgs@1, org.springframework.boot.test.context.SpringBootTestWebEnvironment@2a3888c1], resourceBasePath = 'src/main/webapp', contextLoader = 'org.springframework.boot.test.context.SpringBootContextLoader', parent = [null]], attributes = map['org.springframework.test.context.web.ServletTestExecutionListener.activateListener' -> true, 'org.springframework.test.context.web.ServletTestExecutionListener.populatedRequestContextHolder' -> true, 'org.springframework.test.context.web.ServletTestExecutionListener.resetRequestContextHolder' -> true, 'org.springframework.test.context.event.ApplicationEventsTestExecutionListener.recordApplicationEvents' -> false]]; transaction manager [org.springframework.orm.jpa.JpaTransactionManager@2a5917f6]; rollback [true]
2023-11-25 11:39:47.456 DEBUG 17932 --- [    Test worker] org.hibernate.SQL                        : 
    create temporary table if not exists HT_customer (user_key integer not null) 
Hibernate: 
    create temporary table if not exists HT_customer (user_key integer not null) 
2023-11-25 11:39:47.462 DEBUG 17932 --- [    Test worker] org.hibernate.SQL                        : 
    insert 
    into
        HT_customer
        select
            customeren0_.user_key as user_key 
        from
            customer customeren0_ 
        inner join
            user_entity customeren0_1_ 
                on customeren0_.user_key=customeren0_1_.user_key
Hibernate: 
    insert 
    into
        HT_customer
        select
            customeren0_.user_key as user_key 
        from
            customer customeren0_ 
        inner join
            user_entity customeren0_1_ 
                on customeren0_.user_key=customeren0_1_.user_key
2023-11-25 11:39:47.468 DEBUG 17932 --- [    Test worker] org.hibernate.SQL                        : 
    delete 
    from
        customer 
    where
        (
            user_key
        ) IN (
            select
                user_key 
            from
                HT_customer
        )
Hibernate: 
    delete 
    from
        customer 
    where
        (
            user_key
        ) IN (
            select
                user_key 
            from
                HT_customer
        )
2023-11-25 11:39:47.475 DEBUG 17932 --- [    Test worker] org.hibernate.SQL                        : 
    delete 
    from
        user_entity 
    where
        (
            user_key
        ) IN (
            select
                user_key 
            from
                HT_customer
        )
Hibernate: 
    delete 
    from
        user_entity 
    where
        (
            user_key
        ) IN (
            select
                user_key 
            from
                HT_customer
        )
2023-11-25 11:39:47.481 DEBUG 17932 --- [    Test worker] org.hibernate.SQL                        : 
    drop temporary table HT_customer
Hibernate: 
    drop temporary table HT_customer
2023-11-25 11:39:47.490 DEBUG 17932 --- [    Test worker] org.hibernate.SQL                        : 
    select
        customeren0_.user_key as user_key1_7_,
        customeren0_.cart_id as cart_id7_3_,
        customeren0_.customer_id_email as customer1_3_,
        customeren0_.customer_location as customer2_3_,
        customeren0_.customer_name as customer3_3_,
        customeren0_.customer_password as customer4_3_,
        customeren0_.customer_phonenum as customer5_3_ 
    from
        customer customeren0_ 
    inner join
        user_entity customeren0_1_ 
            on customeren0_.user_key=customeren0_1_.user_key 
    where
        customeren0_.customer_id_email=?
Hibernate: 
    select
        customeren0_.user_key as user_key1_7_,
        customeren0_.cart_id as cart_id7_3_,
        customeren0_.customer_id_email as customer1_3_,
        customeren0_.customer_location as customer2_3_,
        customeren0_.customer_name as customer3_3_,
        customeren0_.customer_password as customer4_3_,
        customeren0_.customer_phonenum as customer5_3_ 
    from
        customer customeren0_ 
    inner join
        user_entity customeren0_1_ 
            on customeren0_.user_key=customeren0_1_.user_key 
    where
        customeren0_.customer_id_email=?
2023-11-25 11:39:47.491 TRACE 17932 --- [    Test worker] o.h.type.descriptor.sql.BasicBinder      : binding parameter [1] as [VARCHAR] - [customerTest@gmail.com]
2023-11-25 11:39:47.635 DEBUG 17932 --- [    Test worker] org.hibernate.SQL                        : 
    insert 
    into
        user_entity
        
    values
        ( )
Hibernate: 
    insert 
    into
        user_entity
        
    values
        ( )
2023-11-25 11:39:47.643 DEBUG 17932 --- [    Test worker] org.hibernate.SQL                        : 
    insert 
    into
        customer
        (cart_id, customer_id_email, customer_location, customer_name, customer_password, customer_phonenum, user_key) 
    values
        (?, ?, ?, ?, ?, ?, ?)
Hibernate: 
    insert 
    into
        customer
        (cart_id, customer_id_email, customer_location, customer_name, customer_password, customer_phonenum, user_key) 
    values
        (?, ?, ?, ?, ?, ?, ?)
2023-11-25 11:39:47.644 TRACE 17932 --- [    Test worker] o.h.type.descriptor.sql.BasicBinder      : binding parameter [1] as [INTEGER] - [null]
2023-11-25 11:39:47.644 TRACE 17932 --- [    Test worker] o.h.type.descriptor.sql.BasicBinder      : binding parameter [2] as [VARCHAR] - [customerTest@gmail.com]
2023-11-25 11:39:47.644 TRACE 17932 --- [    Test worker] o.h.type.descriptor.sql.BasicBinder      : binding parameter [3] as [VARCHAR] - [null]
2023-11-25 11:39:47.644 TRACE 17932 --- [    Test worker] o.h.type.descriptor.sql.BasicBinder      : binding parameter [4] as [VARCHAR] - [고객]
2023-11-25 11:39:47.644 TRACE 17932 --- [    Test worker] o.h.type.descriptor.sql.BasicBinder      : binding parameter [5] as [VARCHAR] - [$2a$10$mrzJgHX1FRQT9xZ4uab8s.VR04seXDZY2PRXJKaWGBGC52qmjas1a]
2023-11-25 11:39:47.644 TRACE 17932 --- [    Test worker] o.h.type.descriptor.sql.BasicBinder      : binding parameter [6] as [VARCHAR] - [010-1234-1234]
2023-11-25 11:39:47.644 TRACE 17932 --- [    Test worker] o.h.type.descriptor.sql.BasicBinder      : binding parameter [7] as [INTEGER] - [3]
2023-11-25 11:39:47.652 DEBUG 17932 --- [    Test worker] org.hibernate.SQL                        : 
    select
        customeren0_.user_key as user_key1_7_,
        customeren0_.cart_id as cart_id7_3_,
        customeren0_.customer_id_email as customer1_3_,
        customeren0_.customer_location as customer2_3_,
        customeren0_.customer_name as customer3_3_,
        customeren0_.customer_password as customer4_3_,
        customeren0_.customer_phonenum as customer5_3_ 
    from
        customer customeren0_ 
    inner join
        user_entity customeren0_1_ 
            on customeren0_.user_key=customeren0_1_.user_key 
    where
        customeren0_.customer_id_email=?
Hibernate: 
    select
        customeren0_.user_key as user_key1_7_,
        customeren0_.cart_id as cart_id7_3_,
        customeren0_.customer_id_email as customer1_3_,
        customeren0_.customer_location as customer2_3_,
        customeren0_.customer_name as customer3_3_,
        customeren0_.customer_password as customer4_3_,
        customeren0_.customer_phonenum as customer5_3_ 
    from
        customer customeren0_ 
    inner join
        user_entity customeren0_1_ 
            on customeren0_.user_key=customeren0_1_.user_key 
    where
        customeren0_.customer_id_email=?
2023-11-25 11:39:47.653 TRACE 17932 --- [    Test worker] o.h.type.descriptor.sql.BasicBinder      : binding parameter [1] as [VARCHAR] - [customerTest@gmail.com]
2023-11-25 11:39:47.797 DEBUG 17932 --- [    Test worker] org.hibernate.SQL                        : 
    select
        accesstoke0_.token as token1_0_0_,
        accesstoke0_.user_key as user_key2_0_0_ 
    from
        access_token accesstoke0_ 
    where
        accesstoke0_.token=?
Hibernate: 
    select
        accesstoke0_.token as token1_0_0_,
        accesstoke0_.user_key as user_key2_0_0_ 
    from
        access_token accesstoke0_ 
    where
        accesstoke0_.token=?
2023-11-25 11:39:47.798 TRACE 17932 --- [    Test worker] o.h.type.descriptor.sql.BasicBinder      : binding parameter [1] as [VARCHAR] - [bb50ae13-6aec-42db-98cc-ce18c44a1178]
2023-11-25 11:39:47.827 DEBUG 17932 --- [    Test worker] org.hibernate.SQL                        : 
    insert 
    into
        access_token
        (user_key, token) 
    values
        (?, ?)
Hibernate: 
    insert 
    into
        access_token
        (user_key, token) 
    values
        (?, ?)
2023-11-25 11:39:47.828 TRACE 17932 --- [    Test worker] o.h.type.descriptor.sql.BasicBinder      : binding parameter [1] as [INTEGER] - [3]
2023-11-25 11:39:47.828 TRACE 17932 --- [    Test worker] o.h.type.descriptor.sql.BasicBinder      : binding parameter [2] as [VARCHAR] - [bb50ae13-6aec-42db-98cc-ce18c44a1178]
2023-11-25 11:39:47.838 DEBUG 17932 --- [    Test worker] org.hibernate.SQL                        : 
    select
        accesstoke0_.token as token1_0_,
        accesstoke0_.user_key as user_key2_0_ 
    from
        access_token accesstoke0_ 
    where
        accesstoke0_.token=?
Hibernate: 
    select
        accesstoke0_.token as token1_0_,
        accesstoke0_.user_key as user_key2_0_ 
    from
        access_token accesstoke0_ 
    where
        accesstoke0_.token=?
2023-11-25 11:39:47.839 TRACE 17932 --- [    Test worker] o.h.type.descriptor.sql.BasicBinder      : binding parameter [1] as [VARCHAR] - [bb50ae13-6aec-42db-98cc-ce18c44a1178]
2023-11-25 11:39:47.850 DEBUG 17932 --- [    Test worker] org.hibernate.SQL                        : 
    select
        accesstoke0_.token as token1_0_,
        accesstoke0_.user_key as user_key2_0_ 
    from
        access_token accesstoke0_ 
    where
        accesstoke0_.token=?
Hibernate: 
    select
        accesstoke0_.token as token1_0_,
        accesstoke0_.user_key as user_key2_0_ 
    from
        access_token accesstoke0_ 
    where
        accesstoke0_.token=?
2023-11-25 11:39:47.850 TRACE 17932 --- [    Test worker] o.h.type.descriptor.sql.BasicBinder      : binding parameter [1] as [VARCHAR] - [bb50ae13-6aec-42db-98cc-ce18c44a1178]
2023-11-25 11:39:47.863 DEBUG 17932 --- [    Test worker] org.hibernate.SQL                        : 
    delete 
    from
        access_token 
    where
        token=?
Hibernate: 
    delete 
    from
        access_token 
    where
        token=?
2023-11-25 11:39:47.864 TRACE 17932 --- [    Test worker] o.h.type.descriptor.sql.BasicBinder      : binding parameter [1] as [VARCHAR] - [bb50ae13-6aec-42db-98cc-ce18c44a1178]
2023-11-25 11:39:47.872 DEBUG 17932 --- [    Test worker] org.hibernate.SQL                        : 
    select
        accesstoke0_.token as token1_0_,
        accesstoke0_.user_key as user_key2_0_ 
    from
        access_token accesstoke0_ 
    where
        accesstoke0_.token=?
Hibernate: 
    select
        accesstoke0_.token as token1_0_,
        accesstoke0_.user_key as user_key2_0_ 
    from
        access_token accesstoke0_ 
    where
        accesstoke0_.token=?
2023-11-25 11:39:47.873 TRACE 17932 --- [    Test worker] o.h.type.descriptor.sql.BasicBinder      : binding parameter [1] as [VARCHAR] - [bb50ae13-6aec-42db-98cc-ce18c44a1178]
2023-11-25 11:39:47.894  INFO 17932 --- [    Test worker] o.s.t.c.transaction.TransactionContext   : Rolled back transaction for test: [DefaultTestContext@18151a14 testClass = CustomerServiceTest, testInstance = net.prescent.service.CustomerServiceTest@42c7781a, testMethod = logoutTest@CustomerServiceTest, testException = [null], mergedContextConfiguration = [WebMergedContextConfiguration@64711bf2 testClass = CustomerServiceTest, locations = '{}', classes = '{class net.prescent.PreScentApplication}', contextInitializerClasses = '[]', activeProfiles = '{}', propertySourceLocations = '{}', propertySourceProperties = '{org.springframework.boot.test.context.SpringBootTestContextBootstrapper=true}', contextCustomizers = set[org.springframework.boot.test.autoconfigure.actuate.metrics.MetricsExportContextCustomizerFactory$DisableMetricExportContextCustomizer@36676c1a, org.springframework.boot.test.autoconfigure.properties.PropertyMappingContextCustomizer@0, org.springframework.boot.test.autoconfigure.web.servlet.WebDriverContextCustomizerFactory$Customizer@6c8bca63, org.springframework.boot.test.context.filter.ExcludeFilterContextCustomizer@2b491fee, org.springframework.boot.test.json.DuplicateJsonObjectContextCustomizerFactory$DuplicateJsonObjectContextCustomizer@63192798, org.springframework.boot.test.mock.mockito.MockitoContextCustomizer@0, org.springframework.boot.test.web.client.TestRestTemplateContextCustomizer@6f0ca692, org.springframework.boot.test.web.reactive.server.WebTestClientContextCustomizer@1d7f7be7, org.springframework.boot.test.context.SpringBootTestArgs@1, org.springframework.boot.test.context.SpringBootTestWebEnvironment@2a3888c1], resourceBasePath = 'src/main/webapp', contextLoader = 'org.springframework.boot.test.context.SpringBootContextLoader', parent = [null]], attributes = map['org.springframework.test.context.web.ServletTestExecutionListener.activateListener' -> true, 'org.springframework.test.context.web.ServletTestExecutionListener.populatedRequestContextHolder' -> true, 'org.springframework.test.context.web.ServletTestExecutionListener.resetRequestContextHolder' -> true, 'org.springframework.test.context.event.ApplicationEventsTestExecutionListener.recordApplicationEvents' -> false]]
2023-11-25 11:39:47.902  INFO 17932 --- [    Test worker] o.s.t.c.transaction.TransactionContext   : Began transaction (1) for test context [DefaultTestContext@18151a14 testClass = CustomerServiceTest, testInstance = net.prescent.service.CustomerServiceTest@1fa35f7e, testMethod = loginFailureWrongPasswordTest@CustomerServiceTest, testException = [null], mergedContextConfiguration = [WebMergedContextConfiguration@64711bf2 testClass = CustomerServiceTest, locations = '{}', classes = '{class net.prescent.PreScentApplication}', contextInitializerClasses = '[]', activeProfiles = '{}', propertySourceLocations = '{}', propertySourceProperties = '{org.springframework.boot.test.context.SpringBootTestContextBootstrapper=true}', contextCustomizers = set[org.springframework.boot.test.autoconfigure.actuate.metrics.MetricsExportContextCustomizerFactory$DisableMetricExportContextCustomizer@36676c1a, org.springframework.boot.test.autoconfigure.properties.PropertyMappingContextCustomizer@0, org.springframework.boot.test.autoconfigure.web.servlet.WebDriverContextCustomizerFactory$Customizer@6c8bca63, org.springframework.boot.test.context.filter.ExcludeFilterContextCustomizer@2b491fee, org.springframework.boot.test.json.DuplicateJsonObjectContextCustomizerFactory$DuplicateJsonObjectContextCustomizer@63192798, org.springframework.boot.test.mock.mockito.MockitoContextCustomizer@0, org.springframework.boot.test.web.client.TestRestTemplateContextCustomizer@6f0ca692, org.springframework.boot.test.web.reactive.server.WebTestClientContextCustomizer@1d7f7be7, org.springframework.boot.test.context.SpringBootTestArgs@1, org.springframework.boot.test.context.SpringBootTestWebEnvironment@2a3888c1], resourceBasePath = 'src/main/webapp', contextLoader = 'org.springframework.boot.test.context.SpringBootContextLoader', parent = [null]], attributes = map['org.springframework.test.context.web.ServletTestExecutionListener.activateListener' -> true, 'org.springframework.test.context.web.ServletTestExecutionListener.populatedRequestContextHolder' -> true, 'org.springframework.test.context.web.ServletTestExecutionListener.resetRequestContextHolder' -> true, 'org.springframework.test.context.event.ApplicationEventsTestExecutionListener.recordApplicationEvents' -> false]]; transaction manager [org.springframework.orm.jpa.JpaTransactionManager@2a5917f6]; rollback [true]
2023-11-25 11:39:47.905 DEBUG 17932 --- [    Test worker] org.hibernate.SQL                        : 
    create temporary table if not exists HT_customer (user_key integer not null) 
Hibernate: 
    create temporary table if not exists HT_customer (user_key integer not null) 
2023-11-25 11:39:47.910 DEBUG 17932 --- [    Test worker] org.hibernate.SQL                        : 
    insert 
    into
        HT_customer
        select
            customeren0_.user_key as user_key 
        from
            customer customeren0_ 
        inner join
            user_entity customeren0_1_ 
                on customeren0_.user_key=customeren0_1_.user_key
Hibernate: 
    insert 
    into
        HT_customer
        select
            customeren0_.user_key as user_key 
        from
            customer customeren0_ 
        inner join
            user_entity customeren0_1_ 
                on customeren0_.user_key=customeren0_1_.user_key
2023-11-25 11:39:47.917 DEBUG 17932 --- [    Test worker] org.hibernate.SQL                        : 
    delete 
    from
        customer 
    where
        (
            user_key
        ) IN (
            select
                user_key 
            from
                HT_customer
        )
Hibernate: 
    delete 
    from
        customer 
    where
        (
            user_key
        ) IN (
            select
                user_key 
            from
                HT_customer
        )
2023-11-25 11:39:47.922 DEBUG 17932 --- [    Test worker] org.hibernate.SQL                        : 
    delete 
    from
        user_entity 
    where
        (
            user_key
        ) IN (
            select
                user_key 
            from
                HT_customer
        )
Hibernate: 
    delete 
    from
        user_entity 
    where
        (
            user_key
        ) IN (
            select
                user_key 
            from
                HT_customer
        )
2023-11-25 11:39:47.927 DEBUG 17932 --- [    Test worker] org.hibernate.SQL                        : 
    drop temporary table HT_customer
Hibernate: 
    drop temporary table HT_customer
2023-11-25 11:39:47.934 DEBUG 17932 --- [    Test worker] org.hibernate.SQL                        : 
    select
        customeren0_.user_key as user_key1_7_,
        customeren0_.cart_id as cart_id7_3_,
        customeren0_.customer_id_email as customer1_3_,
        customeren0_.customer_location as customer2_3_,
        customeren0_.customer_name as customer3_3_,
        customeren0_.customer_password as customer4_3_,
        customeren0_.customer_phonenum as customer5_3_ 
    from
        customer customeren0_ 
    inner join
        user_entity customeren0_1_ 
            on customeren0_.user_key=customeren0_1_.user_key 
    where
        customeren0_.customer_id_email=?
Hibernate: 
    select
        customeren0_.user_key as user_key1_7_,
        customeren0_.cart_id as cart_id7_3_,
        customeren0_.customer_id_email as customer1_3_,
        customeren0_.customer_location as customer2_3_,
        customeren0_.customer_name as customer3_3_,
        customeren0_.customer_password as customer4_3_,
        customeren0_.customer_phonenum as customer5_3_ 
    from
        customer customeren0_ 
    inner join
        user_entity customeren0_1_ 
            on customeren0_.user_key=customeren0_1_.user_key 
    where
        customeren0_.customer_id_email=?
2023-11-25 11:39:47.934 TRACE 17932 --- [    Test worker] o.h.type.descriptor.sql.BasicBinder      : binding parameter [1] as [VARCHAR] - [customerTest@gmail.com]
2023-11-25 11:39:48.040 DEBUG 17932 --- [    Test worker] org.hibernate.SQL                        : 
    insert 
    into
        user_entity
        
    values
        ( )
Hibernate: 
    insert 
    into
        user_entity
        
    values
        ( )
2023-11-25 11:39:48.047 DEBUG 17932 --- [    Test worker] org.hibernate.SQL                        : 
    insert 
    into
        customer
        (cart_id, customer_id_email, customer_location, customer_name, customer_password, customer_phonenum, user_key) 
    values
        (?, ?, ?, ?, ?, ?, ?)
Hibernate: 
    insert 
    into
        customer
        (cart_id, customer_id_email, customer_location, customer_name, customer_password, customer_phonenum, user_key) 
    values
        (?, ?, ?, ?, ?, ?, ?)
2023-11-25 11:39:48.048 TRACE 17932 --- [    Test worker] o.h.type.descriptor.sql.BasicBinder      : binding parameter [1] as [INTEGER] - [null]
2023-11-25 11:39:48.048 TRACE 17932 --- [    Test worker] o.h.type.descriptor.sql.BasicBinder      : binding parameter [2] as [VARCHAR] - [customerTest@gmail.com]
2023-11-25 11:39:48.048 TRACE 17932 --- [    Test worker] o.h.type.descriptor.sql.BasicBinder      : binding parameter [3] as [VARCHAR] - [null]
2023-11-25 11:39:48.050 TRACE 17932 --- [    Test worker] o.h.type.descriptor.sql.BasicBinder      : binding parameter [4] as [VARCHAR] - [고객]
2023-11-25 11:39:48.050 TRACE 17932 --- [    Test worker] o.h.type.descriptor.sql.BasicBinder      : binding parameter [5] as [VARCHAR] - [$2a$10$w58RLWM3GT3HgcgbfPA48enS8.xJ9XDdvDwM2mh3RgHZbQUfIsDaq]
2023-11-25 11:39:48.050 TRACE 17932 --- [    Test worker] o.h.type.descriptor.sql.BasicBinder      : binding parameter [6] as [VARCHAR] - [010-1234-1234]
2023-11-25 11:39:48.050 TRACE 17932 --- [    Test worker] o.h.type.descriptor.sql.BasicBinder      : binding parameter [7] as [INTEGER] - [4]
2023-11-25 11:39:48.058 DEBUG 17932 --- [    Test worker] org.hibernate.SQL                        : 
    select
        customeren0_.user_key as user_key1_7_,
        customeren0_.cart_id as cart_id7_3_,
        customeren0_.customer_id_email as customer1_3_,
        customeren0_.customer_location as customer2_3_,
        customeren0_.customer_name as customer3_3_,
        customeren0_.customer_password as customer4_3_,
        customeren0_.customer_phonenum as customer5_3_ 
    from
        customer customeren0_ 
    inner join
        user_entity customeren0_1_ 
            on customeren0_.user_key=customeren0_1_.user_key 
    where
        customeren0_.customer_id_email=?
Hibernate: 
    select
        customeren0_.user_key as user_key1_7_,
        customeren0_.cart_id as cart_id7_3_,
        customeren0_.customer_id_email as customer1_3_,
        customeren0_.customer_location as customer2_3_,
        customeren0_.customer_name as customer3_3_,
        customeren0_.customer_password as customer4_3_,
        customeren0_.customer_phonenum as customer5_3_ 
    from
        customer customeren0_ 
    inner join
        user_entity customeren0_1_ 
            on customeren0_.user_key=customeren0_1_.user_key 
    where
        customeren0_.customer_id_email=?
2023-11-25 11:39:48.058 TRACE 17932 --- [    Test worker] o.h.type.descriptor.sql.BasicBinder      : binding parameter [1] as [VARCHAR] - [customerTest@gmail.com]
2023-11-25 11:39:48.217  INFO 17932 --- [    Test worker] o.s.t.c.transaction.TransactionContext   : Rolled back transaction for test: [DefaultTestContext@18151a14 testClass = CustomerServiceTest, testInstance = net.prescent.service.CustomerServiceTest@1fa35f7e, testMethod = loginFailureWrongPasswordTest@CustomerServiceTest, testException = [null], mergedContextConfiguration = [WebMergedContextConfiguration@64711bf2 testClass = CustomerServiceTest, locations = '{}', classes = '{class net.prescent.PreScentApplication}', contextInitializerClasses = '[]', activeProfiles = '{}', propertySourceLocations = '{}', propertySourceProperties = '{org.springframework.boot.test.context.SpringBootTestContextBootstrapper=true}', contextCustomizers = set[org.springframework.boot.test.autoconfigure.actuate.metrics.MetricsExportContextCustomizerFactory$DisableMetricExportContextCustomizer@36676c1a, org.springframework.boot.test.autoconfigure.properties.PropertyMappingContextCustomizer@0, org.springframework.boot.test.autoconfigure.web.servlet.WebDriverContextCustomizerFactory$Customizer@6c8bca63, org.springframework.boot.test.context.filter.ExcludeFilterContextCustomizer@2b491fee, org.springframework.boot.test.json.DuplicateJsonObjectContextCustomizerFactory$DuplicateJsonObjectContextCustomizer@63192798, org.springframework.boot.test.mock.mockito.MockitoContextCustomizer@0, org.springframework.boot.test.web.client.TestRestTemplateContextCustomizer@6f0ca692, org.springframework.boot.test.web.reactive.server.WebTestClientContextCustomizer@1d7f7be7, org.springframework.boot.test.context.SpringBootTestArgs@1, org.springframework.boot.test.context.SpringBootTestWebEnvironment@2a3888c1], resourceBasePath = 'src/main/webapp', contextLoader = 'org.springframework.boot.test.context.SpringBootContextLoader', parent = [null]], attributes = map['org.springframework.test.context.web.ServletTestExecutionListener.activateListener' -> true, 'org.springframework.test.context.web.ServletTestExecutionListener.populatedRequestContextHolder' -> true, 'org.springframework.test.context.web.ServletTestExecutionListener.resetRequestContextHolder' -> true, 'org.springframework.test.context.event.ApplicationEventsTestExecutionListener.recordApplicationEvents' -> false]]
2023-11-25 11:39:48.228  INFO 17932 --- [    Test worker] o.s.t.c.transaction.TransactionContext   : Began transaction (1) for test context [DefaultTestContext@18151a14 testClass = CustomerServiceTest, testInstance = net.prescent.service.CustomerServiceTest@2045108, testMethod = loginSuccessTest@CustomerServiceTest, testException = [null], mergedContextConfiguration = [WebMergedContextConfiguration@64711bf2 testClass = CustomerServiceTest, locations = '{}', classes = '{class net.prescent.PreScentApplication}', contextInitializerClasses = '[]', activeProfiles = '{}', propertySourceLocations = '{}', propertySourceProperties = '{org.springframework.boot.test.context.SpringBootTestContextBootstrapper=true}', contextCustomizers = set[org.springframework.boot.test.autoconfigure.actuate.metrics.MetricsExportContextCustomizerFactory$DisableMetricExportContextCustomizer@36676c1a, org.springframework.boot.test.autoconfigure.properties.PropertyMappingContextCustomizer@0, org.springframework.boot.test.autoconfigure.web.servlet.WebDriverContextCustomizerFactory$Customizer@6c8bca63, org.springframework.boot.test.context.filter.ExcludeFilterContextCustomizer@2b491fee, org.springframework.boot.test.json.DuplicateJsonObjectContextCustomizerFactory$DuplicateJsonObjectContextCustomizer@63192798, org.springframework.boot.test.mock.mockito.MockitoContextCustomizer@0, org.springframework.boot.test.web.client.TestRestTemplateContextCustomizer@6f0ca692, org.springframework.boot.test.web.reactive.server.WebTestClientContextCustomizer@1d7f7be7, org.springframework.boot.test.context.SpringBootTestArgs@1, org.springframework.boot.test.context.SpringBootTestWebEnvironment@2a3888c1], resourceBasePath = 'src/main/webapp', contextLoader = 'org.springframework.boot.test.context.SpringBootContextLoader', parent = [null]], attributes = map['org.springframework.test.context.web.ServletTestExecutionListener.activateListener' -> true, 'org.springframework.test.context.web.ServletTestExecutionListener.populatedRequestContextHolder' -> true, 'org.springframework.test.context.web.ServletTestExecutionListener.resetRequestContextHolder' -> true, 'org.springframework.test.context.event.ApplicationEventsTestExecutionListener.recordApplicationEvents' -> false]]; transaction manager [org.springframework.orm.jpa.JpaTransactionManager@2a5917f6]; rollback [true]
2023-11-25 11:39:48.231 DEBUG 17932 --- [    Test worker] org.hibernate.SQL                        : 
    create temporary table if not exists HT_customer (user_key integer not null) 
Hibernate: 
    create temporary table if not exists HT_customer (user_key integer not null) 
2023-11-25 11:39:48.238 DEBUG 17932 --- [    Test worker] org.hibernate.SQL                        : 
    insert 
    into
        HT_customer
        select
            customeren0_.user_key as user_key 
        from
            customer customeren0_ 
        inner join
            user_entity customeren0_1_ 
                on customeren0_.user_key=customeren0_1_.user_key
Hibernate: 
    insert 
    into
        HT_customer
        select
            customeren0_.user_key as user_key 
        from
            customer customeren0_ 
        inner join
            user_entity customeren0_1_ 
                on customeren0_.user_key=customeren0_1_.user_key
2023-11-25 11:39:48.248 DEBUG 17932 --- [    Test worker] org.hibernate.SQL                        : 
    delete 
    from
        customer 
    where
        (
            user_key
        ) IN (
            select
                user_key 
            from
                HT_customer
        )
Hibernate: 
    delete 
    from
        customer 
    where
        (
            user_key
        ) IN (
            select
                user_key 
            from
                HT_customer
        )
2023-11-25 11:39:48.255 DEBUG 17932 --- [    Test worker] org.hibernate.SQL                        : 
    delete 
    from
        user_entity 
    where
        (
            user_key
        ) IN (
            select
                user_key 
            from
                HT_customer
        )
Hibernate: 
    delete 
    from
        user_entity 
    where
        (
            user_key
        ) IN (
            select
                user_key 
            from
                HT_customer
        )
2023-11-25 11:39:48.262 DEBUG 17932 --- [    Test worker] org.hibernate.SQL                        : 
    drop temporary table HT_customer
Hibernate: 
    drop temporary table HT_customer
2023-11-25 11:39:48.269 DEBUG 17932 --- [    Test worker] org.hibernate.SQL                        : 
    select
        customeren0_.user_key as user_key1_7_,
        customeren0_.cart_id as cart_id7_3_,
        customeren0_.customer_id_email as customer1_3_,
        customeren0_.customer_location as customer2_3_,
        customeren0_.customer_name as customer3_3_,
        customeren0_.customer_password as customer4_3_,
        customeren0_.customer_phonenum as customer5_3_ 
    from
        customer customeren0_ 
    inner join
        user_entity customeren0_1_ 
            on customeren0_.user_key=customeren0_1_.user_key 
    where
        customeren0_.customer_id_email=?
Hibernate: 
    select
        customeren0_.user_key as user_key1_7_,
        customeren0_.cart_id as cart_id7_3_,
        customeren0_.customer_id_email as customer1_3_,
        customeren0_.customer_location as customer2_3_,
        customeren0_.customer_name as customer3_3_,
        customeren0_.customer_password as customer4_3_,
        customeren0_.customer_phonenum as customer5_3_ 
    from
        customer customeren0_ 
    inner join
        user_entity customeren0_1_ 
            on customeren0_.user_key=customeren0_1_.user_key 
    where
        customeren0_.customer_id_email=?
2023-11-25 11:39:48.270 TRACE 17932 --- [    Test worker] o.h.type.descriptor.sql.BasicBinder      : binding parameter [1] as [VARCHAR] - [customerTest@gmail.com]
2023-11-25 11:39:48.398 DEBUG 17932 --- [    Test worker] org.hibernate.SQL                        : 
    insert 
    into
        user_entity
        
    values
        ( )
Hibernate: 
    insert 
    into
        user_entity
        
    values
        ( )
2023-11-25 11:39:48.406 DEBUG 17932 --- [    Test worker] org.hibernate.SQL                        : 
    insert 
    into
        customer
        (cart_id, customer_id_email, customer_location, customer_name, customer_password, customer_phonenum, user_key) 
    values
        (?, ?, ?, ?, ?, ?, ?)
Hibernate: 
    insert 
    into
        customer
        (cart_id, customer_id_email, customer_location, customer_name, customer_password, customer_phonenum, user_key) 
    values
        (?, ?, ?, ?, ?, ?, ?)
2023-11-25 11:39:48.407 TRACE 17932 --- [    Test worker] o.h.type.descriptor.sql.BasicBinder      : binding parameter [1] as [INTEGER] - [null]
2023-11-25 11:39:48.407 TRACE 17932 --- [    Test worker] o.h.type.descriptor.sql.BasicBinder      : binding parameter [2] as [VARCHAR] - [customerTest@gmail.com]
2023-11-25 11:39:48.407 TRACE 17932 --- [    Test worker] o.h.type.descriptor.sql.BasicBinder      : binding parameter [3] as [VARCHAR] - [null]
2023-11-25 11:39:48.407 TRACE 17932 --- [    Test worker] o.h.type.descriptor.sql.BasicBinder      : binding parameter [4] as [VARCHAR] - [고객]
2023-11-25 11:39:48.409 TRACE 17932 --- [    Test worker] o.h.type.descriptor.sql.BasicBinder      : binding parameter [5] as [VARCHAR] - [$2a$10$h2x.Ri85QPRLYHRY7f.kreDIgS.8FsDjSksHhwMlYFMAX/PqYDlSW]
2023-11-25 11:39:48.409 TRACE 17932 --- [    Test worker] o.h.type.descriptor.sql.BasicBinder      : binding parameter [6] as [VARCHAR] - [010-1234-1234]
2023-11-25 11:39:48.409 TRACE 17932 --- [    Test worker] o.h.type.descriptor.sql.BasicBinder      : binding parameter [7] as [INTEGER] - [5]
2023-11-25 11:39:48.416 DEBUG 17932 --- [    Test worker] org.hibernate.SQL                        : 
    select
        customeren0_.user_key as user_key1_7_,
        customeren0_.cart_id as cart_id7_3_,
        customeren0_.customer_id_email as customer1_3_,
        customeren0_.customer_location as customer2_3_,
        customeren0_.customer_name as customer3_3_,
        customeren0_.customer_password as customer4_3_,
        customeren0_.customer_phonenum as customer5_3_ 
    from
        customer customeren0_ 
    inner join
        user_entity customeren0_1_ 
            on customeren0_.user_key=customeren0_1_.user_key 
    where
        customeren0_.customer_id_email=?
Hibernate: 
    select
        customeren0_.user_key as user_key1_7_,
        customeren0_.cart_id as cart_id7_3_,
        customeren0_.customer_id_email as customer1_3_,
        customeren0_.customer_location as customer2_3_,
        customeren0_.customer_name as customer3_3_,
        customeren0_.customer_password as customer4_3_,
        customeren0_.customer_phonenum as customer5_3_ 
    from
        customer customeren0_ 
    inner join
        user_entity customeren0_1_ 
            on customeren0_.user_key=customeren0_1_.user_key 
    where
        customeren0_.customer_id_email=?
2023-11-25 11:39:48.417 TRACE 17932 --- [    Test worker] o.h.type.descriptor.sql.BasicBinder      : binding parameter [1] as [VARCHAR] - [customerTest@gmail.com]
2023-11-25 11:39:48.587 DEBUG 17932 --- [    Test worker] org.hibernate.SQL                        : 
    select
        accesstoke0_.token as token1_0_0_,
        accesstoke0_.user_key as user_key2_0_0_ 
    from
        access_token accesstoke0_ 
    where
        accesstoke0_.token=?
Hibernate: 
    select
        accesstoke0_.token as token1_0_0_,
        accesstoke0_.user_key as user_key2_0_0_ 
    from
        access_token accesstoke0_ 
    where
        accesstoke0_.token=?
2023-11-25 11:39:48.587 TRACE 17932 --- [    Test worker] o.h.type.descriptor.sql.BasicBinder      : binding parameter [1] as [VARCHAR] - [47b0797c-04a8-4b95-8748-d284b6960f44]
2023-11-25 11:39:48.598 DEBUG 17932 --- [    Test worker] org.hibernate.SQL                        : 
    insert 
    into
        access_token
        (user_key, token) 
    values
        (?, ?)
Hibernate: 
    insert 
    into
        access_token
        (user_key, token) 
    values
        (?, ?)
2023-11-25 11:39:48.598 TRACE 17932 --- [    Test worker] o.h.type.descriptor.sql.BasicBinder      : binding parameter [1] as [INTEGER] - [5]
2023-11-25 11:39:48.598 TRACE 17932 --- [    Test worker] o.h.type.descriptor.sql.BasicBinder      : binding parameter [2] as [VARCHAR] - [47b0797c-04a8-4b95-8748-d284b6960f44]
2023-11-25 11:39:48.605 DEBUG 17932 --- [    Test worker] org.hibernate.SQL                        : 
    select
        accesstoke0_.token as token1_0_,
        accesstoke0_.user_key as user_key2_0_ 
    from
        access_token accesstoke0_ 
    where
        accesstoke0_.token=?
Hibernate: 
    select
        accesstoke0_.token as token1_0_,
        accesstoke0_.user_key as user_key2_0_ 
    from
        access_token accesstoke0_ 
    where
        accesstoke0_.token=?
2023-11-25 11:39:48.605 TRACE 17932 --- [    Test worker] o.h.type.descriptor.sql.BasicBinder      : binding parameter [1] as [VARCHAR] - [47b0797c-04a8-4b95-8748-d284b6960f44]
2023-11-25 11:39:48.627  INFO 17932 --- [    Test worker] o.s.t.c.transaction.TransactionContext   : Rolled back transaction for test: [DefaultTestContext@18151a14 testClass = CustomerServiceTest, testInstance = net.prescent.service.CustomerServiceTest@2045108, testMethod = loginSuccessTest@CustomerServiceTest, testException = [null], mergedContextConfiguration = [WebMergedContextConfiguration@64711bf2 testClass = CustomerServiceTest, locations = '{}', classes = '{class net.prescent.PreScentApplication}', contextInitializerClasses = '[]', activeProfiles = '{}', propertySourceLocations = '{}', propertySourceProperties = '{org.springframework.boot.test.context.SpringBootTestContextBootstrapper=true}', contextCustomizers = set[org.springframework.boot.test.autoconfigure.actuate.metrics.MetricsExportContextCustomizerFactory$DisableMetricExportContextCustomizer@36676c1a, org.springframework.boot.test.autoconfigure.properties.PropertyMappingContextCustomizer@0, org.springframework.boot.test.autoconfigure.web.servlet.WebDriverContextCustomizerFactory$Customizer@6c8bca63, org.springframework.boot.test.context.filter.ExcludeFilterContextCustomizer@2b491fee, org.springframework.boot.test.json.DuplicateJsonObjectContextCustomizerFactory$DuplicateJsonObjectContextCustomizer@63192798, org.springframework.boot.test.mock.mockito.MockitoContextCustomizer@0, org.springframework.boot.test.web.client.TestRestTemplateContextCustomizer@6f0ca692, org.springframework.boot.test.web.reactive.server.WebTestClientContextCustomizer@1d7f7be7, org.springframework.boot.test.context.SpringBootTestArgs@1, org.springframework.boot.test.context.SpringBootTestWebEnvironment@2a3888c1], resourceBasePath = 'src/main/webapp', contextLoader = 'org.springframework.boot.test.context.SpringBootContextLoader', parent = [null]], attributes = map['org.springframework.test.context.web.ServletTestExecutionListener.activateListener' -> true, 'org.springframework.test.context.web.ServletTestExecutionListener.populatedRequestContextHolder' -> true, 'org.springframework.test.context.web.ServletTestExecutionListener.resetRequestContextHolder' -> true, 'org.springframework.test.context.event.ApplicationEventsTestExecutionListener.recordApplicationEvents' -> false]]
2023-11-25 11:39:48.640  INFO 17932 --- [    Test worker] o.s.t.c.transaction.TransactionContext   : Began transaction (1) for test context [DefaultTestContext@18151a14 testClass = CustomerServiceTest, testInstance = net.prescent.service.CustomerServiceTest@7821d009, testMethod = loginFailureWrongIdTest@CustomerServiceTest, testException = [null], mergedContextConfiguration = [WebMergedContextConfiguration@64711bf2 testClass = CustomerServiceTest, locations = '{}', classes = '{class net.prescent.PreScentApplication}', contextInitializerClasses = '[]', activeProfiles = '{}', propertySourceLocations = '{}', propertySourceProperties = '{org.springframework.boot.test.context.SpringBootTestContextBootstrapper=true}', contextCustomizers = set[org.springframework.boot.test.autoconfigure.actuate.metrics.MetricsExportContextCustomizerFactory$DisableMetricExportContextCustomizer@36676c1a, org.springframework.boot.test.autoconfigure.properties.PropertyMappingContextCustomizer@0, org.springframework.boot.test.autoconfigure.web.servlet.WebDriverContextCustomizerFactory$Customizer@6c8bca63, org.springframework.boot.test.context.filter.ExcludeFilterContextCustomizer@2b491fee, org.springframework.boot.test.json.DuplicateJsonObjectContextCustomizerFactory$DuplicateJsonObjectContextCustomizer@63192798, org.springframework.boot.test.mock.mockito.MockitoContextCustomizer@0, org.springframework.boot.test.web.client.TestRestTemplateContextCustomizer@6f0ca692, org.springframework.boot.test.web.reactive.server.WebTestClientContextCustomizer@1d7f7be7, org.springframework.boot.test.context.SpringBootTestArgs@1, org.springframework.boot.test.context.SpringBootTestWebEnvironment@2a3888c1], resourceBasePath = 'src/main/webapp', contextLoader = 'org.springframework.boot.test.context.SpringBootContextLoader', parent = [null]], attributes = map['org.springframework.test.context.web.ServletTestExecutionListener.activateListener' -> true, 'org.springframework.test.context.web.ServletTestExecutionListener.populatedRequestContextHolder' -> true, 'org.springframework.test.context.web.ServletTestExecutionListener.resetRequestContextHolder' -> true, 'org.springframework.test.context.event.ApplicationEventsTestExecutionListener.recordApplicationEvents' -> false]]; transaction manager [org.springframework.orm.jpa.JpaTransactionManager@2a5917f6]; rollback [true]
2023-11-25 11:39:48.643 DEBUG 17932 --- [    Test worker] org.hibernate.SQL                        : 
    create temporary table if not exists HT_customer (user_key integer not null) 
Hibernate: 
    create temporary table if not exists HT_customer (user_key integer not null) 
2023-11-25 11:39:48.649 DEBUG 17932 --- [    Test worker] org.hibernate.SQL                        : 
    insert 
    into
        HT_customer
        select
            customeren0_.user_key as user_key 
        from
            customer customeren0_ 
        inner join
            user_entity customeren0_1_ 
                on customeren0_.user_key=customeren0_1_.user_key
Hibernate: 
    insert 
    into
        HT_customer
        select
            customeren0_.user_key as user_key 
        from
            customer customeren0_ 
        inner join
            user_entity customeren0_1_ 
                on customeren0_.user_key=customeren0_1_.user_key
2023-11-25 11:39:48.655 DEBUG 17932 --- [    Test worker] org.hibernate.SQL                        : 
    delete 
    from
        customer 
    where
        (
            user_key
        ) IN (
            select
                user_key 
            from
                HT_customer
        )
Hibernate: 
    delete 
    from
        customer 
    where
        (
            user_key
        ) IN (
            select
                user_key 
            from
                HT_customer
        )
2023-11-25 11:39:48.666 DEBUG 17932 --- [    Test worker] org.hibernate.SQL                        : 
    delete 
    from
        user_entity 
    where
        (
            user_key
        ) IN (
            select
                user_key 
            from
                HT_customer
        )
Hibernate: 
    delete 
    from
        user_entity 
    where
        (
            user_key
        ) IN (
            select
                user_key 
            from
                HT_customer
        )
2023-11-25 11:39:48.678 DEBUG 17932 --- [    Test worker] org.hibernate.SQL                        : 
    drop temporary table HT_customer
Hibernate: 
    drop temporary table HT_customer
2023-11-25 11:39:48.686 DEBUG 17932 --- [    Test worker] org.hibernate.SQL                        : 
    select
        customeren0_.user_key as user_key1_7_,
        customeren0_.cart_id as cart_id7_3_,
        customeren0_.customer_id_email as customer1_3_,
        customeren0_.customer_location as customer2_3_,
        customeren0_.customer_name as customer3_3_,
        customeren0_.customer_password as customer4_3_,
        customeren0_.customer_phonenum as customer5_3_ 
    from
        customer customeren0_ 
    inner join
        user_entity customeren0_1_ 
            on customeren0_.user_key=customeren0_1_.user_key 
    where
        customeren0_.customer_id_email=?
Hibernate: 
    select
        customeren0_.user_key as user_key1_7_,
        customeren0_.cart_id as cart_id7_3_,
        customeren0_.customer_id_email as customer1_3_,
        customeren0_.customer_location as customer2_3_,
        customeren0_.customer_name as customer3_3_,
        customeren0_.customer_password as customer4_3_,
        customeren0_.customer_phonenum as customer5_3_ 
    from
        customer customeren0_ 
    inner join
        user_entity customeren0_1_ 
            on customeren0_.user_key=customeren0_1_.user_key 
    where
        customeren0_.customer_id_email=?
2023-11-25 11:39:48.687 TRACE 17932 --- [    Test worker] o.h.type.descriptor.sql.BasicBinder      : binding parameter [1] as [VARCHAR] - [customerTest@gmail.com]
2023-11-25 11:39:48.818 DEBUG 17932 --- [    Test worker] org.hibernate.SQL                        : 
    insert 
    into
        user_entity
        
    values
        ( )
Hibernate: 
    insert 
    into
        user_entity
        
    values
        ( )
2023-11-25 11:39:48.826 DEBUG 17932 --- [    Test worker] org.hibernate.SQL                        : 
    insert 
    into
        customer
        (cart_id, customer_id_email, customer_location, customer_name, customer_password, customer_phonenum, user_key) 
    values
        (?, ?, ?, ?, ?, ?, ?)
Hibernate: 
    insert 
    into
        customer
        (cart_id, customer_id_email, customer_location, customer_name, customer_password, customer_phonenum, user_key) 
    values
        (?, ?, ?, ?, ?, ?, ?)
2023-11-25 11:39:48.826 TRACE 17932 --- [    Test worker] o.h.type.descriptor.sql.BasicBinder      : binding parameter [1] as [INTEGER] - [null]
2023-11-25 11:39:48.827 TRACE 17932 --- [    Test worker] o.h.type.descriptor.sql.BasicBinder      : binding parameter [2] as [VARCHAR] - [customerTest@gmail.com]
2023-11-25 11:39:48.827 TRACE 17932 --- [    Test worker] o.h.type.descriptor.sql.BasicBinder      : binding parameter [3] as [VARCHAR] - [null]
2023-11-25 11:39:48.827 TRACE 17932 --- [    Test worker] o.h.type.descriptor.sql.BasicBinder      : binding parameter [4] as [VARCHAR] - [고객]
2023-11-25 11:39:48.827 TRACE 17932 --- [    Test worker] o.h.type.descriptor.sql.BasicBinder      : binding parameter [5] as [VARCHAR] - [$2a$10$.X7zMDycxAuE2RcwYPTHfeanyh8npGxrT7N/uSoHC66Jt2J6dWL/q]
2023-11-25 11:39:48.827 TRACE 17932 --- [    Test worker] o.h.type.descriptor.sql.BasicBinder      : binding parameter [6] as [VARCHAR] - [010-1234-1234]
2023-11-25 11:39:48.827 TRACE 17932 --- [    Test worker] o.h.type.descriptor.sql.BasicBinder      : binding parameter [7] as [INTEGER] - [6]
2023-11-25 11:39:48.835 DEBUG 17932 --- [    Test worker] org.hibernate.SQL                        : 
    select
        customeren0_.user_key as user_key1_7_,
        customeren0_.cart_id as cart_id7_3_,
        customeren0_.customer_id_email as customer1_3_,
        customeren0_.customer_location as customer2_3_,
        customeren0_.customer_name as customer3_3_,
        customeren0_.customer_password as customer4_3_,
        customeren0_.customer_phonenum as customer5_3_ 
    from
        customer customeren0_ 
    inner join
        user_entity customeren0_1_ 
            on customeren0_.user_key=customeren0_1_.user_key 
    where
        customeren0_.customer_id_email=?
Hibernate: 
    select
        customeren0_.user_key as user_key1_7_,
        customeren0_.cart_id as cart_id7_3_,
        customeren0_.customer_id_email as customer1_3_,
        customeren0_.customer_location as customer2_3_,
        customeren0_.customer_name as customer3_3_,
        customeren0_.customer_password as customer4_3_,
        customeren0_.customer_phonenum as customer5_3_ 
    from
        customer customeren0_ 
    inner join
        user_entity customeren0_1_ 
            on customeren0_.user_key=customeren0_1_.user_key 
    where
        customeren0_.customer_id_email=?
2023-11-25 11:39:48.836 TRACE 17932 --- [    Test worker] o.h.type.descriptor.sql.BasicBinder      : binding parameter [1] as [VARCHAR] - [wrongemail@gmail.com]
2023-11-25 11:39:48.864  INFO 17932 --- [    Test worker] o.s.t.c.transaction.TransactionContext   : Rolled back transaction for test: [DefaultTestContext@18151a14 testClass = CustomerServiceTest, testInstance = net.prescent.service.CustomerServiceTest@7821d009, testMethod = loginFailureWrongIdTest@CustomerServiceTest, testException = [null], mergedContextConfiguration = [WebMergedContextConfiguration@64711bf2 testClass = CustomerServiceTest, locations = '{}', classes = '{class net.prescent.PreScentApplication}', contextInitializerClasses = '[]', activeProfiles = '{}', propertySourceLocations = '{}', propertySourceProperties = '{org.springframework.boot.test.context.SpringBootTestContextBootstrapper=true}', contextCustomizers = set[org.springframework.boot.test.autoconfigure.actuate.metrics.MetricsExportContextCustomizerFactory$DisableMetricExportContextCustomizer@36676c1a, org.springframework.boot.test.autoconfigure.properties.PropertyMappingContextCustomizer@0, org.springframework.boot.test.autoconfigure.web.servlet.WebDriverContextCustomizerFactory$Customizer@6c8bca63, org.springframework.boot.test.context.filter.ExcludeFilterContextCustomizer@2b491fee, org.springframework.boot.test.json.DuplicateJsonObjectContextCustomizerFactory$DuplicateJsonObjectContextCustomizer@63192798, org.springframework.boot.test.mock.mockito.MockitoContextCustomizer@0, org.springframework.boot.test.web.client.TestRestTemplateContextCustomizer@6f0ca692, org.springframework.boot.test.web.reactive.server.WebTestClientContextCustomizer@1d7f7be7, org.springframework.boot.test.context.SpringBootTestArgs@1, org.springframework.boot.test.context.SpringBootTestWebEnvironment@2a3888c1], resourceBasePath = 'src/main/webapp', contextLoader = 'org.springframework.boot.test.context.SpringBootContextLoader', parent = [null]], attributes = map['org.springframework.test.context.web.ServletTestExecutionListener.activateListener' -> true, 'org.springframework.test.context.web.ServletTestExecutionListener.populatedRequestContextHolder' -> true, 'org.springframework.test.context.web.ServletTestExecutionListener.resetRequestContextHolder' -> true, 'org.springframework.test.context.event.ApplicationEventsTestExecutionListener.recordApplicationEvents' -> false]]
]]></system-out>
  <system-err><![CDATA[]]></system-err>
</testsuite>
