<?xml version="1.0" encoding="UTF-8"?>
<testsuite name="Unknown.PreScent.service.FPOrderServiceTest" tests="1" skipped="0" failures="0" errors="0" timestamp="2023-11-21T14:14:54" hostname="DESKTOP-KHMF9AU" time="0.8">
  <properties/>
  <testcase name="고객 완제품 주문 테스트" classname="Unknown.PreScent.service.FPOrderServiceTest" time="0.8"/>
  <system-out><![CDATA[2023-11-21 23:14:54.938  INFO 9928 --- [    Test worker] .b.t.c.SpringBootTestContextBootstrapper : Neither @ContextConfiguration nor @ContextHierarchy found for test class [Unknown.PreScent.service.FPOrderServiceTest], using SpringBootContextLoader
2023-11-21 23:14:54.939  INFO 9928 --- [    Test worker] o.s.t.c.support.AbstractContextLoader    : Could not detect default resource locations for test class [Unknown.PreScent.service.FPOrderServiceTest]: no resource found for suffixes {-context.xml, Context.groovy}.
2023-11-21 23:14:54.939  INFO 9928 --- [    Test worker] t.c.s.AnnotationConfigContextLoaderUtils : Could not detect default configuration classes for test class [Unknown.PreScent.service.FPOrderServiceTest]: FPOrderServiceTest does not declare any static, non-private, non-final, nested classes annotated with @Configuration.
2023-11-21 23:14:54.941  INFO 9928 --- [    Test worker] .b.t.c.SpringBootTestContextBootstrapper : Found @SpringBootConfiguration Unknown.PreScent.PreScentApplication for test class Unknown.PreScent.service.FPOrderServiceTest
2023-11-21 23:14:54.943  INFO 9928 --- [    Test worker] .b.t.c.SpringBootTestContextBootstrapper : Loaded default TestExecutionListener class names from location [META-INF/spring.factories]: [org.springframework.security.test.context.support.WithSecurityContextTestExecutionListener, org.springframework.security.test.context.support.ReactorContextTestExecutionListener, org.springframework.boot.test.autoconfigure.restdocs.RestDocsTestExecutionListener, org.springframework.boot.test.autoconfigure.web.client.MockRestServiceServerResetTestExecutionListener, org.springframework.boot.test.autoconfigure.web.servlet.MockMvcPrintOnlyOnFailureTestExecutionListener, org.springframework.boot.test.autoconfigure.web.servlet.WebDriverTestExecutionListener, org.springframework.boot.test.autoconfigure.webservices.client.MockWebServiceServerTestExecutionListener, org.springframework.boot.test.mock.mockito.MockitoTestExecutionListener, org.springframework.boot.test.mock.mockito.ResetMocksTestExecutionListener, org.springframework.test.context.web.ServletTestExecutionListener, org.springframework.test.context.support.DirtiesContextBeforeModesTestExecutionListener, org.springframework.test.context.event.ApplicationEventsTestExecutionListener, org.springframework.test.context.support.DependencyInjectionTestExecutionListener, org.springframework.test.context.support.DirtiesContextTestExecutionListener, org.springframework.test.context.transaction.TransactionalTestExecutionListener, org.springframework.test.context.jdbc.SqlScriptsTestExecutionListener, org.springframework.test.context.event.EventPublishingTestExecutionListener]
2023-11-21 23:14:54.944  INFO 9928 --- [    Test worker] .b.t.c.SpringBootTestContextBootstrapper : Using TestExecutionListeners: [org.springframework.test.context.web.ServletTestExecutionListener@1b882a0, org.springframework.test.context.support.DirtiesContextBeforeModesTestExecutionListener@de4ac6, org.springframework.test.context.event.ApplicationEventsTestExecutionListener@1cae085, org.springframework.boot.test.mock.mockito.MockitoTestExecutionListener@3c6323, org.springframework.boot.test.autoconfigure.SpringBootDependencyInjectionTestExecutionListener@1404bc6, org.springframework.test.context.support.DirtiesContextTestExecutionListener@1d0a492, org.springframework.test.context.transaction.TransactionalTestExecutionListener@146bc25, org.springframework.test.context.jdbc.SqlScriptsTestExecutionListener@bef795, org.springframework.security.test.context.support.WithSecurityContextTestExecutionListener@14d9c7f, org.springframework.test.context.event.EventPublishingTestExecutionListener@1cb4f30, org.springframework.security.test.context.support.ReactorContextTestExecutionListener@1f66138, org.springframework.boot.test.autoconfigure.restdocs.RestDocsTestExecutionListener@71320c, org.springframework.boot.test.autoconfigure.web.client.MockRestServiceServerResetTestExecutionListener@12ce659, org.springframework.boot.test.autoconfigure.web.servlet.MockMvcPrintOnlyOnFailureTestExecutionListener@299b83, org.springframework.boot.test.autoconfigure.web.servlet.WebDriverTestExecutionListener@12d3df, org.springframework.boot.test.autoconfigure.webservices.client.MockWebServiceServerTestExecutionListener@1886ec3, org.springframework.boot.test.mock.mockito.ResetMocksTestExecutionListener@1f05f85]
2023-11-21 23:14:54.975  INFO 9928 --- [    Test worker] o.s.t.c.transaction.TransactionContext   : Began transaction (1) for test context [DefaultTestContext@142843c testClass = FPOrderServiceTest, testInstance = Unknown.PreScent.service.FPOrderServiceTest@193cecb, testMethod = customerFPOrderTest@FPOrderServiceTest, testException = [null], mergedContextConfiguration = [WebMergedContextConfiguration@7f129 testClass = FPOrderServiceTest, locations = '{}', classes = '{class Unknown.PreScent.PreScentApplication}', contextInitializerClasses = '[]', activeProfiles = '{}', propertySourceLocations = '{}', propertySourceProperties = '{org.springframework.boot.test.context.SpringBootTestContextBootstrapper=true}', contextCustomizers = set[org.springframework.boot.test.autoconfigure.actuate.metrics.MetricsExportContextCustomizerFactory$DisableMetricExportContextCustomizer@63ec0b, org.springframework.boot.test.autoconfigure.properties.PropertyMappingContextCustomizer@0, org.springframework.boot.test.autoconfigure.web.servlet.WebDriverContextCustomizerFactory$Customizer@1057c8c, org.springframework.boot.test.context.filter.ExcludeFilterContextCustomizer@50eab8, org.springframework.boot.test.json.DuplicateJsonObjectContextCustomizerFactory$DuplicateJsonObjectContextCustomizer@1f48368, org.springframework.boot.test.mock.mockito.MockitoContextCustomizer@0, org.springframework.boot.test.web.client.TestRestTemplateContextCustomizer@335fa8, org.springframework.boot.test.context.SpringBootTestArgs@1, org.springframework.boot.test.context.SpringBootTestWebEnvironment@852c0f], resourceBasePath = 'src/main/webapp', contextLoader = 'org.springframework.boot.test.context.SpringBootContextLoader', parent = [null]], attributes = map['org.springframework.test.context.web.ServletTestExecutionListener.activateListener' -> true, 'org.springframework.test.context.web.ServletTestExecutionListener.populatedRequestContextHolder' -> true, 'org.springframework.test.context.web.ServletTestExecutionListener.resetRequestContextHolder' -> true, 'org.springframework.test.context.event.ApplicationEventsTestExecutionListener.recordApplicationEvents' -> false]]; transaction manager [org.springframework.orm.jpa.JpaTransactionManager@36213e]; rollback [true]
2023-11-21 23:14:54.976 DEBUG 9928 --- [    Test worker] org.hibernate.SQL                        : 
    select
        customeren0_.customer_key as customer1_0_,
        customeren0_.customer_id_email as customer2_0_,
        customeren0_.customer_location as customer3_0_,
        customeren0_.customer_name as customer4_0_,
        customeren0_.customer_password as customer5_0_,
        customeren0_.customer_phonenum as customer6_0_ 
    from
        customer customeren0_ 
    where
        customeren0_.customer_id_email=?
Hibernate: 
    select
        customeren0_.customer_key as customer1_0_,
        customeren0_.customer_id_email as customer2_0_,
        customeren0_.customer_location as customer3_0_,
        customeren0_.customer_name as customer4_0_,
        customeren0_.customer_password as customer5_0_,
        customeren0_.customer_phonenum as customer6_0_ 
    from
        customer customeren0_ 
    where
        customeren0_.customer_id_email=?
2023-11-21 23:14:54.977 TRACE 9928 --- [    Test worker] o.h.type.descriptor.sql.BasicBinder      : binding parameter [1] as [VARCHAR] - [ajou.gmail.com]
2023-11-21 23:14:55.073 DEBUG 9928 --- [    Test worker] org.hibernate.SQL                        : 
    insert 
    into
        customer
        (customer_id_email, customer_location, customer_name, customer_password, customer_phonenum) 
    values
        (?, ?, ?, ?, ?)
Hibernate: 
    insert 
    into
        customer
        (customer_id_email, customer_location, customer_name, customer_password, customer_phonenum) 
    values
        (?, ?, ?, ?, ?)
2023-11-21 23:14:55.074 TRACE 9928 --- [    Test worker] o.h.type.descriptor.sql.BasicBinder      : binding parameter [1] as [VARCHAR] - [ajou.gmail.com]
2023-11-21 23:14:55.074 TRACE 9928 --- [    Test worker] o.h.type.descriptor.sql.BasicBinder      : binding parameter [2] as [VARCHAR] - [null]
2023-11-21 23:14:55.074 TRACE 9928 --- [    Test worker] o.h.type.descriptor.sql.BasicBinder      : binding parameter [3] as [VARCHAR] - [suhyeon]
2023-11-21 23:14:55.074 TRACE 9928 --- [    Test worker] o.h.type.descriptor.sql.BasicBinder      : binding parameter [4] as [VARCHAR] - [$2a$10$7xA0g/3Cw/7RTvLi1zp1Z.9jE5/tel8JKRZOJb5YuZyxvkWVA6dxe]
2023-11-21 23:14:55.074 TRACE 9928 --- [    Test worker] o.h.type.descriptor.sql.BasicBinder      : binding parameter [5] as [VARCHAR] - [010-1111-2222]
2023-11-21 23:14:55.108 DEBUG 9928 --- [    Test worker] org.hibernate.SQL                        : 
    select
        sellerenti0_.seller_key as seller_k1_4_,
        sellerenti0_.shop_key as shop_key7_4_,
        sellerenti0_.isgrant as isgrant2_4_,
        sellerenti0_.seller_id_email as seller_i3_4_,
        sellerenti0_.seller_name as seller_n4_4_,
        sellerenti0_.seller_password as seller_p5_4_,
        sellerenti0_.seller_phonenum as seller_p6_4_ 
    from
        seller sellerenti0_ 
    where
        sellerenti0_.seller_key=?
Hibernate: 
    select
        sellerenti0_.seller_key as seller_k1_4_,
        sellerenti0_.shop_key as shop_key7_4_,
        sellerenti0_.isgrant as isgrant2_4_,
        sellerenti0_.seller_id_email as seller_i3_4_,
        sellerenti0_.seller_name as seller_n4_4_,
        sellerenti0_.seller_password as seller_p5_4_,
        sellerenti0_.seller_phonenum as seller_p6_4_ 
    from
        seller sellerenti0_ 
    where
        sellerenti0_.seller_key=?
2023-11-21 23:14:55.109 TRACE 9928 --- [    Test worker] o.h.type.descriptor.sql.BasicBinder      : binding parameter [1] as [INTEGER] - [123456789]
2023-11-21 23:14:55.214 DEBUG 9928 --- [    Test worker] org.hibernate.SQL                        : 
    select
        sellerenti0_.seller_key as seller_k1_4_0_,
        sellerenti0_.shop_key as shop_key7_4_0_,
        sellerenti0_.isgrant as isgrant2_4_0_,
        sellerenti0_.seller_id_email as seller_i3_4_0_,
        sellerenti0_.seller_name as seller_n4_4_0_,
        sellerenti0_.seller_password as seller_p5_4_0_,
        sellerenti0_.seller_phonenum as seller_p6_4_0_ 
    from
        seller sellerenti0_ 
    where
        sellerenti0_.seller_key=?
Hibernate: 
    select
        sellerenti0_.seller_key as seller_k1_4_0_,
        sellerenti0_.shop_key as shop_key7_4_0_,
        sellerenti0_.isgrant as isgrant2_4_0_,
        sellerenti0_.seller_id_email as seller_i3_4_0_,
        sellerenti0_.seller_name as seller_n4_4_0_,
        sellerenti0_.seller_password as seller_p5_4_0_,
        sellerenti0_.seller_phonenum as seller_p6_4_0_ 
    from
        seller sellerenti0_ 
    where
        sellerenti0_.seller_key=?
2023-11-21 23:14:55.215 TRACE 9928 --- [    Test worker] o.h.type.descriptor.sql.BasicBinder      : binding parameter [1] as [INTEGER] - [123456789]
2023-11-21 23:14:55.253 DEBUG 9928 --- [    Test worker] org.hibernate.SQL                        : 
    insert 
    into
        seller
        (shop_key, isgrant, seller_id_email, seller_name, seller_password, seller_phonenum, seller_key) 
    values
        (?, ?, ?, ?, ?, ?, ?)
Hibernate: 
    insert 
    into
        seller
        (shop_key, isgrant, seller_id_email, seller_name, seller_password, seller_phonenum, seller_key) 
    values
        (?, ?, ?, ?, ?, ?, ?)
2023-11-21 23:14:55.254 TRACE 9928 --- [    Test worker] o.h.type.descriptor.sql.BasicBinder      : binding parameter [1] as [INTEGER] - [null]
2023-11-21 23:14:55.254 TRACE 9928 --- [    Test worker] o.h.type.descriptor.sql.BasicBinder      : binding parameter [2] as [INTEGER] - [null]
2023-11-21 23:14:55.254 TRACE 9928 --- [    Test worker] o.h.type.descriptor.sql.BasicBinder      : binding parameter [3] as [VARCHAR] - [ajou@gmail.com]
2023-11-21 23:14:55.254 TRACE 9928 --- [    Test worker] o.h.type.descriptor.sql.BasicBinder      : binding parameter [4] as [VARCHAR] - [suhyeon]
2023-11-21 23:14:55.254 TRACE 9928 --- [    Test worker] o.h.type.descriptor.sql.BasicBinder      : binding parameter [5] as [VARCHAR] - [$2a$10$a7PnFHN0nlqLCKQovWqgxenZfjhsV4i7BUk0WZ1i2Uzj.FXJYZoNe]
2023-11-21 23:14:55.254 TRACE 9928 --- [    Test worker] o.h.type.descriptor.sql.BasicBinder      : binding parameter [6] as [VARCHAR] - [010-1111-2222]
2023-11-21 23:14:55.254 TRACE 9928 --- [    Test worker] o.h.type.descriptor.sql.BasicBinder      : binding parameter [7] as [INTEGER] - [123456789]
2023-11-21 23:14:55.292 DEBUG 9928 --- [    Test worker] org.hibernate.SQL                        : 
    select
        sellerenti0_.seller_key as seller_k1_4_,
        sellerenti0_.shop_key as shop_key7_4_,
        sellerenti0_.isgrant as isgrant2_4_,
        sellerenti0_.seller_id_email as seller_i3_4_,
        sellerenti0_.seller_name as seller_n4_4_,
        sellerenti0_.seller_password as seller_p5_4_,
        sellerenti0_.seller_phonenum as seller_p6_4_ 
    from
        seller sellerenti0_ 
    where
        sellerenti0_.seller_key=?
Hibernate: 
    select
        sellerenti0_.seller_key as seller_k1_4_,
        sellerenti0_.shop_key as shop_key7_4_,
        sellerenti0_.isgrant as isgrant2_4_,
        sellerenti0_.seller_id_email as seller_i3_4_,
        sellerenti0_.seller_name as seller_n4_4_,
        sellerenti0_.seller_password as seller_p5_4_,
        sellerenti0_.seller_phonenum as seller_p6_4_ 
    from
        seller sellerenti0_ 
    where
        sellerenti0_.seller_key=?
2023-11-21 23:14:55.293 TRACE 9928 --- [    Test worker] o.h.type.descriptor.sql.BasicBinder      : binding parameter [1] as [INTEGER] - [123456789]
ajou@gmail.comsuhyeon-----------------------------------


2023-11-21 23:14:55.343 DEBUG 9928 --- [    Test worker] org.hibernate.SQL                        : 
    insert 
    into
        flower_shop
        (description, holiday, is_opened, is_sub, opening_hours, shop_location, shop_name, shop_phone_num) 
    values
        (?, ?, ?, ?, ?, ?, ?, ?)
Hibernate: 
    insert 
    into
        flower_shop
        (description, holiday, is_opened, is_sub, opening_hours, shop_location, shop_name, shop_phone_num) 
    values
        (?, ?, ?, ?, ?, ?, ?, ?)
2023-11-21 23:14:55.344 TRACE 9928 --- [    Test worker] o.h.type.descriptor.sql.BasicBinder      : binding parameter [1] as [VARCHAR] - [null]
2023-11-21 23:14:55.344 TRACE 9928 --- [    Test worker] o.h.type.descriptor.sql.BasicBinder      : binding parameter [2] as [VARBINARY] - [[Ljava.lang.String;@1b0dd19]
2023-11-21 23:14:55.345 TRACE 9928 --- [    Test worker] o.h.type.descriptor.sql.BasicBinder      : binding parameter [3] as [BOOLEAN] - [false]
2023-11-21 23:14:55.346 TRACE 9928 --- [    Test worker] o.h.type.descriptor.sql.BasicBinder      : binding parameter [4] as [BOOLEAN] - [false]
2023-11-21 23:14:55.346 TRACE 9928 --- [    Test worker] o.h.type.descriptor.sql.BasicBinder      : binding parameter [5] as [VARBINARY] - [[[I@b2b6e6]
2023-11-21 23:14:55.346 TRACE 9928 --- [    Test worker] o.h.type.descriptor.sql.BasicBinder      : binding parameter [6] as [VARCHAR] - [suwon city]
2023-11-21 23:14:55.346 TRACE 9928 --- [    Test worker] o.h.type.descriptor.sql.BasicBinder      : binding parameter [7] as [VARCHAR] - [it's me]
2023-11-21 23:14:55.346 TRACE 9928 --- [    Test worker] o.h.type.descriptor.sql.BasicBinder      : binding parameter [8] as [VARCHAR] - [031-308-8223]
ajou@gmail.comsuhyeonit's me-----------------------------------


2023-11-21 23:14:55.397 DEBUG 9928 --- [    Test worker] org.hibernate.SQL                        : 
    select
        flowershop0_.shop_key as shop_key1_2_,
        flowershop0_.description as descript2_2_,
        flowershop0_.holiday as holiday3_2_,
        flowershop0_.is_opened as is_opene4_2_,
        flowershop0_.is_sub as is_sub5_2_,
        flowershop0_.opening_hours as opening_6_2_,
        flowershop0_.shop_location as shop_loc7_2_,
        flowershop0_.shop_name as shop_nam8_2_,
        flowershop0_.shop_phone_num as shop_pho9_2_ 
    from
        flower_shop flowershop0_ 
    where
        flowershop0_.shop_key=?
Hibernate: 
    select
        flowershop0_.shop_key as shop_key1_2_,
        flowershop0_.description as descript2_2_,
        flowershop0_.holiday as holiday3_2_,
        flowershop0_.is_opened as is_opene4_2_,
        flowershop0_.is_sub as is_sub5_2_,
        flowershop0_.opening_hours as opening_6_2_,
        flowershop0_.shop_location as shop_loc7_2_,
        flowershop0_.shop_name as shop_nam8_2_,
        flowershop0_.shop_phone_num as shop_pho9_2_ 
    from
        flower_shop flowershop0_ 
    where
        flowershop0_.shop_key=?
2023-11-21 23:14:55.398 TRACE 9928 --- [    Test worker] o.h.type.descriptor.sql.BasicBinder      : binding parameter [1] as [INTEGER] - [7]
2023-11-21 23:14:55.437 DEBUG 9928 --- [    Test worker] org.hibernate.SQL                        : 
    select
        flowershop0_.shop_key as shop_key1_2_,
        flowershop0_.description as descript2_2_,
        flowershop0_.holiday as holiday3_2_,
        flowershop0_.is_opened as is_opene4_2_,
        flowershop0_.is_sub as is_sub5_2_,
        flowershop0_.opening_hours as opening_6_2_,
        flowershop0_.shop_location as shop_loc7_2_,
        flowershop0_.shop_name as shop_nam8_2_,
        flowershop0_.shop_phone_num as shop_pho9_2_ 
    from
        flower_shop flowershop0_ 
    where
        flowershop0_.shop_key=?
Hibernate: 
    select
        flowershop0_.shop_key as shop_key1_2_,
        flowershop0_.description as descript2_2_,
        flowershop0_.holiday as holiday3_2_,
        flowershop0_.is_opened as is_opene4_2_,
        flowershop0_.is_sub as is_sub5_2_,
        flowershop0_.opening_hours as opening_6_2_,
        flowershop0_.shop_location as shop_loc7_2_,
        flowershop0_.shop_name as shop_nam8_2_,
        flowershop0_.shop_phone_num as shop_pho9_2_ 
    from
        flower_shop flowershop0_ 
    where
        flowershop0_.shop_key=?
2023-11-21 23:14:55.438 TRACE 9928 --- [    Test worker] o.h.type.descriptor.sql.BasicBinder      : binding parameter [1] as [INTEGER] - [7]
---------------------------------in addFinishedProductToShop foundFlowerShopEntity.get()전
---------------------------------in addFinishedProductToShop foundFlowerShopEntity.get()후7
---------------------------------in addFinishedProductToShop setFlowershopEntity후Unknown.PreScent.entity.FinishedProductEntity@109f32d
2023-11-21 23:14:55.476 DEBUG 9928 --- [    Test worker] org.hibernate.SQL                        : 
    insert 
    into
        finished_product
        (shop_key, fp_detail, fp_flower_list, fp_image, fp_name, fp_price, fp_state, fp_tag) 
    values
        (?, ?, ?, ?, ?, ?, ?, ?)
Hibernate: 
    insert 
    into
        finished_product
        (shop_key, fp_detail, fp_flower_list, fp_image, fp_name, fp_price, fp_state, fp_tag) 
    values
        (?, ?, ?, ?, ?, ?, ?, ?)
2023-11-21 23:14:55.477 TRACE 9928 --- [    Test worker] o.h.type.descriptor.sql.BasicBinder      : binding parameter [1] as [INTEGER] - [7]
2023-11-21 23:14:55.477 TRACE 9928 --- [    Test worker] o.h.type.descriptor.sql.BasicBinder      : binding parameter [2] as [VARCHAR] - [null]
2023-11-21 23:14:55.477 TRACE 9928 --- [    Test worker] o.h.type.descriptor.sql.BasicBinder      : binding parameter [3] as [VARBINARY] - [[Ljava.lang.String;@8cc099]
2023-11-21 23:14:55.477 TRACE 9928 --- [    Test worker] o.h.type.descriptor.sql.BasicBinder      : binding parameter [4] as [BLOB] - [null]
2023-11-21 23:14:55.477 TRACE 9928 --- [    Test worker] o.h.type.descriptor.sql.BasicBinder      : binding parameter [5] as [VARCHAR] - [장미꽃다발]
2023-11-21 23:14:55.477 TRACE 9928 --- [    Test worker] o.h.type.descriptor.sql.BasicBinder      : binding parameter [6] as [INTEGER] - [20000]
2023-11-21 23:14:55.478 TRACE 9928 --- [    Test worker] o.h.type.descriptor.sql.BasicBinder      : binding parameter [7] as [BOOLEAN] - [true]
2023-11-21 23:14:55.478 TRACE 9928 --- [    Test worker] o.h.type.descriptor.sql.BasicBinder      : binding parameter [8] as [VARCHAR] - [연인]
---------------------------------in addFinishedProductToShop save끝
=----------------------------------------------------------------preFPOrderToEntity내부 체크 시작)3
2023-11-21 23:14:55.513 DEBUG 9928 --- [    Test worker] org.hibernate.SQL                        : 
    update
        seller 
    set
        shop_key=?,
        isgrant=?,
        seller_id_email=?,
        seller_name=?,
        seller_password=?,
        seller_phonenum=? 
    where
        seller_key=?
Hibernate: 
    update
        seller 
    set
        shop_key=?,
        isgrant=?,
        seller_id_email=?,
        seller_name=?,
        seller_password=?,
        seller_phonenum=? 
    where
        seller_key=?
2023-11-21 23:14:55.514 TRACE 9928 --- [    Test worker] o.h.type.descriptor.sql.BasicBinder      : binding parameter [1] as [INTEGER] - [7]
2023-11-21 23:14:55.514 TRACE 9928 --- [    Test worker] o.h.type.descriptor.sql.BasicBinder      : binding parameter [2] as [INTEGER] - [null]
2023-11-21 23:14:55.514 TRACE 9928 --- [    Test worker] o.h.type.descriptor.sql.BasicBinder      : binding parameter [3] as [VARCHAR] - [ajou@gmail.com]
2023-11-21 23:14:55.514 TRACE 9928 --- [    Test worker] o.h.type.descriptor.sql.BasicBinder      : binding parameter [4] as [VARCHAR] - [suhyeon]
2023-11-21 23:14:55.514 TRACE 9928 --- [    Test worker] o.h.type.descriptor.sql.BasicBinder      : binding parameter [5] as [VARCHAR] - [$2a$10$a7PnFHN0nlqLCKQovWqgxenZfjhsV4i7BUk0WZ1i2Uzj.FXJYZoNe]
2023-11-21 23:14:55.514 TRACE 9928 --- [    Test worker] o.h.type.descriptor.sql.BasicBinder      : binding parameter [6] as [VARCHAR] - [010-1111-2222]
2023-11-21 23:14:55.515 TRACE 9928 --- [    Test worker] o.h.type.descriptor.sql.BasicBinder      : binding parameter [7] as [INTEGER] - [123456789]
2023-11-21 23:14:55.548 DEBUG 9928 --- [    Test worker] org.hibernate.SQL                        : 
    select
        finishedpr0_.fp_key as fp_key1_1_,
        finishedpr0_.shop_key as shop_key9_1_,
        finishedpr0_.fp_detail as fp_detai2_1_,
        finishedpr0_.fp_flower_list as fp_flowe3_1_,
        finishedpr0_.fp_image as fp_image4_1_,
        finishedpr0_.fp_name as fp_name5_1_,
        finishedpr0_.fp_price as fp_price6_1_,
        finishedpr0_.fp_state as fp_state7_1_,
        finishedpr0_.fp_tag as fp_tag8_1_ 
    from
        finished_product finishedpr0_ 
    where
        finishedpr0_.fp_key=?
Hibernate: 
    select
        finishedpr0_.fp_key as fp_key1_1_,
        finishedpr0_.shop_key as shop_key9_1_,
        finishedpr0_.fp_detail as fp_detai2_1_,
        finishedpr0_.fp_flower_list as fp_flowe3_1_,
        finishedpr0_.fp_image as fp_image4_1_,
        finishedpr0_.fp_name as fp_name5_1_,
        finishedpr0_.fp_price as fp_price6_1_,
        finishedpr0_.fp_state as fp_state7_1_,
        finishedpr0_.fp_tag as fp_tag8_1_ 
    from
        finished_product finishedpr0_ 
    where
        finishedpr0_.fp_key=?
2023-11-21 23:14:55.549 TRACE 9928 --- [    Test worker] o.h.type.descriptor.sql.BasicBinder      : binding parameter [1] as [INTEGER] - [3]
=----------------------------------------------------------------preFPOrderToEntity내부 findByKey실행완료)
2023-11-21 23:14:55.587 DEBUG 9928 --- [    Test worker] org.hibernate.SQL                        : 
    select
        customeren0_.customer_key as customer1_0_,
        customeren0_.customer_id_email as customer2_0_,
        customeren0_.customer_location as customer3_0_,
        customeren0_.customer_name as customer4_0_,
        customeren0_.customer_password as customer5_0_,
        customeren0_.customer_phonenum as customer6_0_ 
    from
        customer customeren0_ 
    where
        customeren0_.customer_key=?
Hibernate: 
    select
        customeren0_.customer_key as customer1_0_,
        customeren0_.customer_id_email as customer2_0_,
        customeren0_.customer_location as customer3_0_,
        customeren0_.customer_name as customer4_0_,
        customeren0_.customer_password as customer5_0_,
        customeren0_.customer_phonenum as customer6_0_ 
    from
        customer customeren0_ 
    where
        customeren0_.customer_key=?
2023-11-21 23:14:55.588 TRACE 9928 --- [    Test worker] o.h.type.descriptor.sql.BasicBinder      : binding parameter [1] as [INTEGER] - [14]
=----------------------------------------------------------------preFPOrderToEntity내부 findByCustomerKey실행완료)
=----------------------------------------------------------------preFPOrderToEntity내부 체크까진 끝)
=----------------------------------------------------------------FPOrderToEntity 내부 set까지 끝)
2023-11-21 23:14:55.622 DEBUG 9928 --- [    Test worker] org.hibernate.SQL                        : 
    insert 
    into
        fporder_entity
        (customer_key, fp_key, fp_order_state, pickup_date, purchase_info) 
    values
        (?, ?, ?, ?, ?)
Hibernate: 
    insert 
    into
        fporder_entity
        (customer_key, fp_key, fp_order_state, pickup_date, purchase_info) 
    values
        (?, ?, ?, ?, ?)
2023-11-21 23:14:55.622 TRACE 9928 --- [    Test worker] o.h.type.descriptor.sql.BasicBinder      : binding parameter [1] as [INTEGER] - [14]
2023-11-21 23:14:55.622 TRACE 9928 --- [    Test worker] o.h.type.descriptor.sql.BasicBinder      : binding parameter [2] as [INTEGER] - [3]
2023-11-21 23:14:55.623 TRACE 9928 --- [    Test worker] o.h.type.descriptor.sql.BasicBinder      : binding parameter [3] as [TINYINT] - [0]
2023-11-21 23:14:55.631 TRACE 9928 --- [    Test worker] o.h.type.descriptor.sql.BasicBinder      : binding parameter [4] as [TIMESTAMP] - [Tue Nov 21 23:14:55 KST 2023]
2023-11-21 23:14:55.632 TRACE 9928 --- [    Test worker] o.h.type.descriptor.sql.BasicBinder      : binding parameter [5] as [VARCHAR] - [국민카드 결제정보]
==================================== fporderEntity저장도 끝+++++++++Unknown.PreScent.entity.FPOrderEntity@455184
2023-11-21 23:14:55.745  INFO 9928 --- [    Test worker] o.s.t.c.transaction.TransactionContext   : Rolled back transaction for test: [DefaultTestContext@142843c testClass = FPOrderServiceTest, testInstance = Unknown.PreScent.service.FPOrderServiceTest@193cecb, testMethod = customerFPOrderTest@FPOrderServiceTest, testException = [null], mergedContextConfiguration = [WebMergedContextConfiguration@7f129 testClass = FPOrderServiceTest, locations = '{}', classes = '{class Unknown.PreScent.PreScentApplication}', contextInitializerClasses = '[]', activeProfiles = '{}', propertySourceLocations = '{}', propertySourceProperties = '{org.springframework.boot.test.context.SpringBootTestContextBootstrapper=true}', contextCustomizers = set[org.springframework.boot.test.autoconfigure.actuate.metrics.MetricsExportContextCustomizerFactory$DisableMetricExportContextCustomizer@63ec0b, org.springframework.boot.test.autoconfigure.properties.PropertyMappingContextCustomizer@0, org.springframework.boot.test.autoconfigure.web.servlet.WebDriverContextCustomizerFactory$Customizer@1057c8c, org.springframework.boot.test.context.filter.ExcludeFilterContextCustomizer@50eab8, org.springframework.boot.test.json.DuplicateJsonObjectContextCustomizerFactory$DuplicateJsonObjectContextCustomizer@1f48368, org.springframework.boot.test.mock.mockito.MockitoContextCustomizer@0, org.springframework.boot.test.web.client.TestRestTemplateContextCustomizer@335fa8, org.springframework.boot.test.context.SpringBootTestArgs@1, org.springframework.boot.test.context.SpringBootTestWebEnvironment@852c0f], resourceBasePath = 'src/main/webapp', contextLoader = 'org.springframework.boot.test.context.SpringBootContextLoader', parent = [null]], attributes = map['org.springframework.test.context.web.ServletTestExecutionListener.activateListener' -> true, 'org.springframework.test.context.web.ServletTestExecutionListener.populatedRequestContextHolder' -> true, 'org.springframework.test.context.web.ServletTestExecutionListener.resetRequestContextHolder' -> true, 'org.springframework.test.context.event.ApplicationEventsTestExecutionListener.recordApplicationEvents' -> false]]
]]></system-out>
  <system-err><![CDATA[]]></system-err>
</testsuite>
